[2023-12-21T15:44:39.514+0000] {processor.py:157} INFO - Started process (PID=128) to work on /opt/airflow/dags/webscrapinglinkedin/dag-webscrapinglinkedin.py
[2023-12-21T15:44:39.516+0000] {processor.py:829} INFO - Processing file /opt/airflow/dags/webscrapinglinkedin/dag-webscrapinglinkedin.py for tasks to queue
[2023-12-21T15:44:39.519+0000] {logging_mixin.py:154} INFO - [2023-12-21T15:44:39.519+0000] {dagbag.py:536} INFO - Filling up the DagBag from /opt/airflow/dags/webscrapinglinkedin/dag-webscrapinglinkedin.py
[2023-12-21T15:44:39.653+0000] {processor.py:839} INFO - DAG(s) dict_keys(['scraping-jobs']) retrieved from /opt/airflow/dags/webscrapinglinkedin/dag-webscrapinglinkedin.py
[2023-12-21T15:44:40.112+0000] {logging_mixin.py:154} INFO - [2023-12-21T15:44:40.112+0000] {dag.py:2941} INFO - Sync 1 DAGs
[2023-12-21T15:44:40.148+0000] {logging_mixin.py:154} INFO - [2023-12-21T15:44:40.148+0000] {dag.py:3722} INFO - Setting next_dagrun for scraping-jobs to 2023-12-21T00:00:00+00:00, run_after=2023-12-22T00:00:00+00:00
[2023-12-21T15:44:40.201+0000] {processor.py:179} INFO - Processing /opt/airflow/dags/webscrapinglinkedin/dag-webscrapinglinkedin.py took 0.692 seconds
[2023-12-21T15:45:10.875+0000] {processor.py:157} INFO - Started process (PID=137) to work on /opt/airflow/dags/webscrapinglinkedin/dag-webscrapinglinkedin.py
[2023-12-21T15:45:10.877+0000] {processor.py:829} INFO - Processing file /opt/airflow/dags/webscrapinglinkedin/dag-webscrapinglinkedin.py for tasks to queue
[2023-12-21T15:45:10.879+0000] {logging_mixin.py:154} INFO - [2023-12-21T15:45:10.879+0000] {dagbag.py:536} INFO - Filling up the DagBag from /opt/airflow/dags/webscrapinglinkedin/dag-webscrapinglinkedin.py
[2023-12-21T15:45:10.941+0000] {processor.py:839} INFO - DAG(s) dict_keys(['scraping-jobs']) retrieved from /opt/airflow/dags/webscrapinglinkedin/dag-webscrapinglinkedin.py
[2023-12-21T15:45:10.980+0000] {logging_mixin.py:154} INFO - [2023-12-21T15:45:10.979+0000] {dag.py:2941} INFO - Sync 1 DAGs
[2023-12-21T15:45:11.018+0000] {logging_mixin.py:154} INFO - [2023-12-21T15:45:11.018+0000] {dag.py:3722} INFO - Setting next_dagrun for scraping-jobs to 2023-12-21T00:00:00+00:00, run_after=2023-12-22T00:00:00+00:00
[2023-12-21T15:45:11.053+0000] {processor.py:179} INFO - Processing /opt/airflow/dags/webscrapinglinkedin/dag-webscrapinglinkedin.py took 0.185 seconds
[2023-12-21T15:45:41.568+0000] {processor.py:157} INFO - Started process (PID=145) to work on /opt/airflow/dags/webscrapinglinkedin/dag-webscrapinglinkedin.py
[2023-12-21T15:45:41.570+0000] {processor.py:829} INFO - Processing file /opt/airflow/dags/webscrapinglinkedin/dag-webscrapinglinkedin.py for tasks to queue
[2023-12-21T15:45:41.572+0000] {logging_mixin.py:154} INFO - [2023-12-21T15:45:41.572+0000] {dagbag.py:536} INFO - Filling up the DagBag from /opt/airflow/dags/webscrapinglinkedin/dag-webscrapinglinkedin.py
[2023-12-21T15:45:41.636+0000] {processor.py:839} INFO - DAG(s) dict_keys(['scraping-jobs']) retrieved from /opt/airflow/dags/webscrapinglinkedin/dag-webscrapinglinkedin.py
[2023-12-21T15:45:41.676+0000] {logging_mixin.py:154} INFO - [2023-12-21T15:45:41.675+0000] {dag.py:2941} INFO - Sync 1 DAGs
[2023-12-21T15:45:41.714+0000] {logging_mixin.py:154} INFO - [2023-12-21T15:45:41.714+0000] {dag.py:3722} INFO - Setting next_dagrun for scraping-jobs to 2023-12-21T00:00:00+00:00, run_after=2023-12-22T00:00:00+00:00
[2023-12-21T15:45:41.749+0000] {processor.py:179} INFO - Processing /opt/airflow/dags/webscrapinglinkedin/dag-webscrapinglinkedin.py took 0.186 seconds
[2023-12-21T15:46:12.101+0000] {processor.py:157} INFO - Started process (PID=154) to work on /opt/airflow/dags/webscrapinglinkedin/dag-webscrapinglinkedin.py
[2023-12-21T15:46:12.103+0000] {processor.py:829} INFO - Processing file /opt/airflow/dags/webscrapinglinkedin/dag-webscrapinglinkedin.py for tasks to queue
[2023-12-21T15:46:12.113+0000] {logging_mixin.py:154} INFO - [2023-12-21T15:46:12.112+0000] {dagbag.py:536} INFO - Filling up the DagBag from /opt/airflow/dags/webscrapinglinkedin/dag-webscrapinglinkedin.py
[2023-12-21T15:46:12.252+0000] {processor.py:839} INFO - DAG(s) dict_keys(['scraping-jobs']) retrieved from /opt/airflow/dags/webscrapinglinkedin/dag-webscrapinglinkedin.py
[2023-12-21T15:46:12.331+0000] {logging_mixin.py:154} INFO - [2023-12-21T15:46:12.331+0000] {dag.py:2941} INFO - Sync 1 DAGs
[2023-12-21T15:46:12.435+0000] {logging_mixin.py:154} INFO - [2023-12-21T15:46:12.434+0000] {dag.py:3722} INFO - Setting next_dagrun for scraping-jobs to 2023-12-21T00:00:00+00:00, run_after=2023-12-22T00:00:00+00:00
[2023-12-21T15:46:12.572+0000] {processor.py:179} INFO - Processing /opt/airflow/dags/webscrapinglinkedin/dag-webscrapinglinkedin.py took 0.484 seconds
[2023-12-21T15:46:42.875+0000] {processor.py:157} INFO - Started process (PID=162) to work on /opt/airflow/dags/webscrapinglinkedin/dag-webscrapinglinkedin.py
[2023-12-21T15:46:42.879+0000] {processor.py:829} INFO - Processing file /opt/airflow/dags/webscrapinglinkedin/dag-webscrapinglinkedin.py for tasks to queue
[2023-12-21T15:46:42.882+0000] {logging_mixin.py:154} INFO - [2023-12-21T15:46:42.881+0000] {dagbag.py:536} INFO - Filling up the DagBag from /opt/airflow/dags/webscrapinglinkedin/dag-webscrapinglinkedin.py
[2023-12-21T15:46:42.979+0000] {processor.py:839} INFO - DAG(s) dict_keys(['scraping-jobs']) retrieved from /opt/airflow/dags/webscrapinglinkedin/dag-webscrapinglinkedin.py
[2023-12-21T15:46:43.083+0000] {logging_mixin.py:154} INFO - [2023-12-21T15:46:43.083+0000] {dag.py:2941} INFO - Sync 1 DAGs
[2023-12-21T15:46:43.127+0000] {logging_mixin.py:154} INFO - [2023-12-21T15:46:43.127+0000] {dag.py:3722} INFO - Setting next_dagrun for scraping-jobs to 2023-12-21T00:00:00+00:00, run_after=2023-12-22T00:00:00+00:00
[2023-12-21T15:46:43.160+0000] {processor.py:179} INFO - Processing /opt/airflow/dags/webscrapinglinkedin/dag-webscrapinglinkedin.py took 0.292 seconds
[2023-12-21T15:47:13.589+0000] {processor.py:157} INFO - Started process (PID=170) to work on /opt/airflow/dags/webscrapinglinkedin/dag-webscrapinglinkedin.py
[2023-12-21T15:47:13.591+0000] {processor.py:829} INFO - Processing file /opt/airflow/dags/webscrapinglinkedin/dag-webscrapinglinkedin.py for tasks to queue
[2023-12-21T15:47:13.593+0000] {logging_mixin.py:154} INFO - [2023-12-21T15:47:13.593+0000] {dagbag.py:536} INFO - Filling up the DagBag from /opt/airflow/dags/webscrapinglinkedin/dag-webscrapinglinkedin.py
[2023-12-21T15:47:13.667+0000] {processor.py:839} INFO - DAG(s) dict_keys(['scraping-jobs']) retrieved from /opt/airflow/dags/webscrapinglinkedin/dag-webscrapinglinkedin.py
[2023-12-21T15:47:13.708+0000] {logging_mixin.py:154} INFO - [2023-12-21T15:47:13.708+0000] {dag.py:2941} INFO - Sync 1 DAGs
[2023-12-21T15:47:13.749+0000] {logging_mixin.py:154} INFO - [2023-12-21T15:47:13.749+0000] {dag.py:3722} INFO - Setting next_dagrun for scraping-jobs to 2023-12-21T00:00:00+00:00, run_after=2023-12-22T00:00:00+00:00
[2023-12-21T15:47:13.779+0000] {processor.py:179} INFO - Processing /opt/airflow/dags/webscrapinglinkedin/dag-webscrapinglinkedin.py took 0.197 seconds
[2023-12-21T15:47:44.667+0000] {processor.py:157} INFO - Started process (PID=178) to work on /opt/airflow/dags/webscrapinglinkedin/dag-webscrapinglinkedin.py
[2023-12-21T15:47:44.673+0000] {processor.py:829} INFO - Processing file /opt/airflow/dags/webscrapinglinkedin/dag-webscrapinglinkedin.py for tasks to queue
[2023-12-21T15:47:44.676+0000] {logging_mixin.py:154} INFO - [2023-12-21T15:47:44.675+0000] {dagbag.py:536} INFO - Filling up the DagBag from /opt/airflow/dags/webscrapinglinkedin/dag-webscrapinglinkedin.py
[2023-12-21T15:47:45.073+0000] {processor.py:839} INFO - DAG(s) dict_keys(['scraping-jobs']) retrieved from /opt/airflow/dags/webscrapinglinkedin/dag-webscrapinglinkedin.py
[2023-12-21T15:47:45.213+0000] {logging_mixin.py:154} INFO - [2023-12-21T15:47:45.212+0000] {dag.py:2941} INFO - Sync 1 DAGs
[2023-12-21T15:47:45.338+0000] {logging_mixin.py:154} INFO - [2023-12-21T15:47:45.337+0000] {dag.py:3722} INFO - Setting next_dagrun for scraping-jobs to 2023-12-21T00:00:00+00:00, run_after=2023-12-22T00:00:00+00:00
[2023-12-21T15:47:45.751+0000] {processor.py:179} INFO - Processing /opt/airflow/dags/webscrapinglinkedin/dag-webscrapinglinkedin.py took 1.100 seconds
[2023-12-21T15:48:16.292+0000] {processor.py:157} INFO - Started process (PID=194) to work on /opt/airflow/dags/webscrapinglinkedin/dag-webscrapinglinkedin.py
[2023-12-21T15:48:16.295+0000] {processor.py:829} INFO - Processing file /opt/airflow/dags/webscrapinglinkedin/dag-webscrapinglinkedin.py for tasks to queue
[2023-12-21T15:48:16.298+0000] {logging_mixin.py:154} INFO - [2023-12-21T15:48:16.297+0000] {dagbag.py:536} INFO - Filling up the DagBag from /opt/airflow/dags/webscrapinglinkedin/dag-webscrapinglinkedin.py
[2023-12-21T15:48:16.377+0000] {processor.py:839} INFO - DAG(s) dict_keys(['scraping-jobs']) retrieved from /opt/airflow/dags/webscrapinglinkedin/dag-webscrapinglinkedin.py
[2023-12-21T15:48:16.446+0000] {logging_mixin.py:154} INFO - [2023-12-21T15:48:16.446+0000] {dag.py:2941} INFO - Sync 1 DAGs
[2023-12-21T15:48:16.488+0000] {logging_mixin.py:154} INFO - [2023-12-21T15:48:16.488+0000] {dag.py:3722} INFO - Setting next_dagrun for scraping-jobs to 2023-12-21T00:00:00+00:00, run_after=2023-12-22T00:00:00+00:00
[2023-12-21T15:48:16.525+0000] {processor.py:179} INFO - Processing /opt/airflow/dags/webscrapinglinkedin/dag-webscrapinglinkedin.py took 0.241 seconds
[2023-12-21T15:48:47.381+0000] {processor.py:157} INFO - Started process (PID=202) to work on /opt/airflow/dags/webscrapinglinkedin/dag-webscrapinglinkedin.py
[2023-12-21T15:48:47.382+0000] {processor.py:829} INFO - Processing file /opt/airflow/dags/webscrapinglinkedin/dag-webscrapinglinkedin.py for tasks to queue
[2023-12-21T15:48:47.384+0000] {logging_mixin.py:154} INFO - [2023-12-21T15:48:47.384+0000] {dagbag.py:536} INFO - Filling up the DagBag from /opt/airflow/dags/webscrapinglinkedin/dag-webscrapinglinkedin.py
[2023-12-21T15:48:47.451+0000] {processor.py:839} INFO - DAG(s) dict_keys(['scraping-jobs']) retrieved from /opt/airflow/dags/webscrapinglinkedin/dag-webscrapinglinkedin.py
[2023-12-21T15:48:47.491+0000] {logging_mixin.py:154} INFO - [2023-12-21T15:48:47.490+0000] {dag.py:2941} INFO - Sync 1 DAGs
[2023-12-21T15:48:47.528+0000] {logging_mixin.py:154} INFO - [2023-12-21T15:48:47.528+0000] {dag.py:3722} INFO - Setting next_dagrun for scraping-jobs to 2023-12-21T00:00:00+00:00, run_after=2023-12-22T00:00:00+00:00
[2023-12-21T15:48:47.563+0000] {processor.py:179} INFO - Processing /opt/airflow/dags/webscrapinglinkedin/dag-webscrapinglinkedin.py took 0.187 seconds
[2023-12-21T15:49:17.913+0000] {processor.py:157} INFO - Started process (PID=210) to work on /opt/airflow/dags/webscrapinglinkedin/dag-webscrapinglinkedin.py
[2023-12-21T15:49:17.915+0000] {processor.py:829} INFO - Processing file /opt/airflow/dags/webscrapinglinkedin/dag-webscrapinglinkedin.py for tasks to queue
[2023-12-21T15:49:17.916+0000] {logging_mixin.py:154} INFO - [2023-12-21T15:49:17.916+0000] {dagbag.py:536} INFO - Filling up the DagBag from /opt/airflow/dags/webscrapinglinkedin/dag-webscrapinglinkedin.py
[2023-12-21T15:49:18.020+0000] {processor.py:839} INFO - DAG(s) dict_keys(['scraping-jobs']) retrieved from /opt/airflow/dags/webscrapinglinkedin/dag-webscrapinglinkedin.py
[2023-12-21T15:49:18.079+0000] {logging_mixin.py:154} INFO - [2023-12-21T15:49:18.079+0000] {dag.py:2941} INFO - Sync 1 DAGs
[2023-12-21T15:49:18.136+0000] {logging_mixin.py:154} INFO - [2023-12-21T15:49:18.135+0000] {dag.py:3722} INFO - Setting next_dagrun for scraping-jobs to 2023-12-21T00:00:00+00:00, run_after=2023-12-22T00:00:00+00:00
[2023-12-21T15:49:18.211+0000] {processor.py:179} INFO - Processing /opt/airflow/dags/webscrapinglinkedin/dag-webscrapinglinkedin.py took 0.309 seconds
[2023-12-21T15:49:48.753+0000] {processor.py:157} INFO - Started process (PID=218) to work on /opt/airflow/dags/webscrapinglinkedin/dag-webscrapinglinkedin.py
[2023-12-21T15:49:48.755+0000] {processor.py:829} INFO - Processing file /opt/airflow/dags/webscrapinglinkedin/dag-webscrapinglinkedin.py for tasks to queue
[2023-12-21T15:49:48.757+0000] {logging_mixin.py:154} INFO - [2023-12-21T15:49:48.756+0000] {dagbag.py:536} INFO - Filling up the DagBag from /opt/airflow/dags/webscrapinglinkedin/dag-webscrapinglinkedin.py
[2023-12-21T15:49:48.826+0000] {processor.py:839} INFO - DAG(s) dict_keys(['scraping-jobs']) retrieved from /opt/airflow/dags/webscrapinglinkedin/dag-webscrapinglinkedin.py
[2023-12-21T15:49:48.869+0000] {logging_mixin.py:154} INFO - [2023-12-21T15:49:48.869+0000] {dag.py:2941} INFO - Sync 1 DAGs
[2023-12-21T15:49:48.912+0000] {logging_mixin.py:154} INFO - [2023-12-21T15:49:48.911+0000] {dag.py:3722} INFO - Setting next_dagrun for scraping-jobs to 2023-12-21T00:00:00+00:00, run_after=2023-12-22T00:00:00+00:00
[2023-12-21T15:49:48.947+0000] {processor.py:179} INFO - Processing /opt/airflow/dags/webscrapinglinkedin/dag-webscrapinglinkedin.py took 0.199 seconds
[2023-12-21T15:50:19.348+0000] {processor.py:157} INFO - Started process (PID=226) to work on /opt/airflow/dags/webscrapinglinkedin/dag-webscrapinglinkedin.py
[2023-12-21T15:50:19.350+0000] {processor.py:829} INFO - Processing file /opt/airflow/dags/webscrapinglinkedin/dag-webscrapinglinkedin.py for tasks to queue
[2023-12-21T15:50:19.353+0000] {logging_mixin.py:154} INFO - [2023-12-21T15:50:19.352+0000] {dagbag.py:536} INFO - Filling up the DagBag from /opt/airflow/dags/webscrapinglinkedin/dag-webscrapinglinkedin.py
[2023-12-21T15:50:19.433+0000] {processor.py:839} INFO - DAG(s) dict_keys(['scraping-jobs']) retrieved from /opt/airflow/dags/webscrapinglinkedin/dag-webscrapinglinkedin.py
[2023-12-21T15:50:19.503+0000] {logging_mixin.py:154} INFO - [2023-12-21T15:50:19.502+0000] {dag.py:2941} INFO - Sync 1 DAGs
[2023-12-21T15:50:19.569+0000] {logging_mixin.py:154} INFO - [2023-12-21T15:50:19.568+0000] {dag.py:3722} INFO - Setting next_dagrun for scraping-jobs to 2023-12-21T00:00:00+00:00, run_after=2023-12-22T00:00:00+00:00
[2023-12-21T15:50:19.616+0000] {processor.py:179} INFO - Processing /opt/airflow/dags/webscrapinglinkedin/dag-webscrapinglinkedin.py took 0.279 seconds
[2023-12-21T15:50:50.225+0000] {processor.py:157} INFO - Started process (PID=235) to work on /opt/airflow/dags/webscrapinglinkedin/dag-webscrapinglinkedin.py
[2023-12-21T15:50:50.227+0000] {processor.py:829} INFO - Processing file /opt/airflow/dags/webscrapinglinkedin/dag-webscrapinglinkedin.py for tasks to queue
[2023-12-21T15:50:50.230+0000] {logging_mixin.py:154} INFO - [2023-12-21T15:50:50.229+0000] {dagbag.py:536} INFO - Filling up the DagBag from /opt/airflow/dags/webscrapinglinkedin/dag-webscrapinglinkedin.py
[2023-12-21T15:50:50.306+0000] {processor.py:839} INFO - DAG(s) dict_keys(['scraping-jobs']) retrieved from /opt/airflow/dags/webscrapinglinkedin/dag-webscrapinglinkedin.py
[2023-12-21T15:50:50.352+0000] {logging_mixin.py:154} INFO - [2023-12-21T15:50:50.352+0000] {dag.py:2941} INFO - Sync 1 DAGs
[2023-12-21T15:50:50.407+0000] {logging_mixin.py:154} INFO - [2023-12-21T15:50:50.407+0000] {dag.py:3722} INFO - Setting next_dagrun for scraping-jobs to 2023-12-21T00:00:00+00:00, run_after=2023-12-22T00:00:00+00:00
[2023-12-21T15:50:50.446+0000] {processor.py:179} INFO - Processing /opt/airflow/dags/webscrapinglinkedin/dag-webscrapinglinkedin.py took 0.226 seconds
[2023-12-21T15:51:17.894+0000] {processor.py:157} INFO - Started process (PID=244) to work on /opt/airflow/dags/webscrapinglinkedin/dag-webscrapinglinkedin.py
[2023-12-21T15:51:17.896+0000] {processor.py:829} INFO - Processing file /opt/airflow/dags/webscrapinglinkedin/dag-webscrapinglinkedin.py for tasks to queue
[2023-12-21T15:51:17.898+0000] {logging_mixin.py:154} INFO - [2023-12-21T15:51:17.898+0000] {dagbag.py:536} INFO - Filling up the DagBag from /opt/airflow/dags/webscrapinglinkedin/dag-webscrapinglinkedin.py
[2023-12-21T15:51:18.049+0000] {logging_mixin.py:154} INFO - [2023-12-21T15:51:18.024+0000] {dagbag.py:346} ERROR - Failed to import: /opt/airflow/dags/webscrapinglinkedin/dag-webscrapinglinkedin.py
Traceback (most recent call last):
  File "/home/airflow/.local/lib/python3.8/site-packages/airflow/models/dagbag.py", line 342, in parse
    loader.exec_module(new_module)
  File "<frozen importlib._bootstrap_external>", line 843, in exec_module
  File "<frozen importlib._bootstrap>", line 219, in _call_with_frames_removed
  File "/opt/airflow/dags/webscrapinglinkedin/dag-webscrapinglinkedin.py", line 7, in <module>
    from plugins.browser import browser
ModuleNotFoundError: No module named 'plugins'
[2023-12-21T15:51:18.054+0000] {processor.py:841} WARNING - No viable dags retrieved from /opt/airflow/dags/webscrapinglinkedin/dag-webscrapinglinkedin.py
[2023-12-21T15:51:18.098+0000] {processor.py:179} INFO - Processing /opt/airflow/dags/webscrapinglinkedin/dag-webscrapinglinkedin.py took 0.209 seconds
[2023-12-21T15:51:48.688+0000] {processor.py:157} INFO - Started process (PID=252) to work on /opt/airflow/dags/webscrapinglinkedin/dag-webscrapinglinkedin.py
[2023-12-21T15:51:48.690+0000] {processor.py:829} INFO - Processing file /opt/airflow/dags/webscrapinglinkedin/dag-webscrapinglinkedin.py for tasks to queue
[2023-12-21T15:51:48.692+0000] {logging_mixin.py:154} INFO - [2023-12-21T15:51:48.692+0000] {dagbag.py:536} INFO - Filling up the DagBag from /opt/airflow/dags/webscrapinglinkedin/dag-webscrapinglinkedin.py
[2023-12-21T15:51:48.769+0000] {logging_mixin.py:154} INFO - [2023-12-21T15:51:48.755+0000] {dagbag.py:346} ERROR - Failed to import: /opt/airflow/dags/webscrapinglinkedin/dag-webscrapinglinkedin.py
Traceback (most recent call last):
  File "/home/airflow/.local/lib/python3.8/site-packages/airflow/models/dagbag.py", line 342, in parse
    loader.exec_module(new_module)
  File "<frozen importlib._bootstrap_external>", line 843, in exec_module
  File "<frozen importlib._bootstrap>", line 219, in _call_with_frames_removed
  File "/opt/airflow/dags/webscrapinglinkedin/dag-webscrapinglinkedin.py", line 7, in <module>
    from plugins.browser import browser
ModuleNotFoundError: No module named 'plugins'
[2023-12-21T15:51:48.774+0000] {processor.py:841} WARNING - No viable dags retrieved from /opt/airflow/dags/webscrapinglinkedin/dag-webscrapinglinkedin.py
[2023-12-21T15:51:48.803+0000] {processor.py:179} INFO - Processing /opt/airflow/dags/webscrapinglinkedin/dag-webscrapinglinkedin.py took 0.120 seconds
[2023-12-21T15:52:13.337+0000] {processor.py:157} INFO - Started process (PID=253) to work on /opt/airflow/dags/webscrapinglinkedin/dag-webscrapinglinkedin.py
[2023-12-21T15:52:13.339+0000] {processor.py:829} INFO - Processing file /opt/airflow/dags/webscrapinglinkedin/dag-webscrapinglinkedin.py for tasks to queue
[2023-12-21T15:52:13.342+0000] {logging_mixin.py:154} INFO - [2023-12-21T15:52:13.342+0000] {dagbag.py:536} INFO - Filling up the DagBag from /opt/airflow/dags/webscrapinglinkedin/dag-webscrapinglinkedin.py
[2023-12-21T15:52:13.635+0000] {logging_mixin.py:154} INFO - [2023-12-21T15:52:13.611+0000] {dagbag.py:346} ERROR - Failed to import: /opt/airflow/dags/webscrapinglinkedin/dag-webscrapinglinkedin.py
Traceback (most recent call last):
  File "/home/airflow/.local/lib/python3.8/site-packages/airflow/models/dagbag.py", line 342, in parse
    loader.exec_module(new_module)
  File "<frozen importlib._bootstrap_external>", line 843, in exec_module
  File "<frozen importlib._bootstrap>", line 219, in _call_with_frames_removed
  File "/opt/airflow/dags/webscrapinglinkedin/dag-webscrapinglinkedin.py", line 7, in <module>
    from airflow.dags.webscrapinglinkedin.browser import browser
ModuleNotFoundError: No module named 'airflow.dags'
[2023-12-21T15:52:13.642+0000] {processor.py:841} WARNING - No viable dags retrieved from /opt/airflow/dags/webscrapinglinkedin/dag-webscrapinglinkedin.py
[2023-12-21T15:52:13.706+0000] {processor.py:179} INFO - Processing /opt/airflow/dags/webscrapinglinkedin/dag-webscrapinglinkedin.py took 0.387 seconds
[2023-12-21T15:52:44.447+0000] {processor.py:157} INFO - Started process (PID=262) to work on /opt/airflow/dags/webscrapinglinkedin/dag-webscrapinglinkedin.py
[2023-12-21T15:52:44.449+0000] {processor.py:829} INFO - Processing file /opt/airflow/dags/webscrapinglinkedin/dag-webscrapinglinkedin.py for tasks to queue
[2023-12-21T15:52:44.452+0000] {logging_mixin.py:154} INFO - [2023-12-21T15:52:44.451+0000] {dagbag.py:536} INFO - Filling up the DagBag from /opt/airflow/dags/webscrapinglinkedin/dag-webscrapinglinkedin.py
[2023-12-21T15:52:44.516+0000] {logging_mixin.py:154} INFO - [2023-12-21T15:52:44.503+0000] {dagbag.py:346} ERROR - Failed to import: /opt/airflow/dags/webscrapinglinkedin/dag-webscrapinglinkedin.py
Traceback (most recent call last):
  File "/home/airflow/.local/lib/python3.8/site-packages/airflow/models/dagbag.py", line 342, in parse
    loader.exec_module(new_module)
  File "<frozen importlib._bootstrap_external>", line 843, in exec_module
  File "<frozen importlib._bootstrap>", line 219, in _call_with_frames_removed
  File "/opt/airflow/dags/webscrapinglinkedin/dag-webscrapinglinkedin.py", line 7, in <module>
    from airflow.dags.webscrapinglinkedin.browser import browser
ModuleNotFoundError: No module named 'airflow.dags'
[2023-12-21T15:52:44.522+0000] {processor.py:841} WARNING - No viable dags retrieved from /opt/airflow/dags/webscrapinglinkedin/dag-webscrapinglinkedin.py
[2023-12-21T15:52:44.559+0000] {processor.py:179} INFO - Processing /opt/airflow/dags/webscrapinglinkedin/dag-webscrapinglinkedin.py took 0.117 seconds
[2023-12-21T15:53:14.724+0000] {processor.py:157} INFO - Started process (PID=271) to work on /opt/airflow/dags/webscrapinglinkedin/dag-webscrapinglinkedin.py
[2023-12-21T15:53:14.726+0000] {processor.py:829} INFO - Processing file /opt/airflow/dags/webscrapinglinkedin/dag-webscrapinglinkedin.py for tasks to queue
[2023-12-21T15:53:14.728+0000] {logging_mixin.py:154} INFO - [2023-12-21T15:53:14.728+0000] {dagbag.py:536} INFO - Filling up the DagBag from /opt/airflow/dags/webscrapinglinkedin/dag-webscrapinglinkedin.py
[2023-12-21T15:53:14.788+0000] {logging_mixin.py:154} INFO - [2023-12-21T15:53:14.774+0000] {dagbag.py:346} ERROR - Failed to import: /opt/airflow/dags/webscrapinglinkedin/dag-webscrapinglinkedin.py
Traceback (most recent call last):
  File "/home/airflow/.local/lib/python3.8/site-packages/airflow/models/dagbag.py", line 342, in parse
    loader.exec_module(new_module)
  File "<frozen importlib._bootstrap_external>", line 843, in exec_module
  File "<frozen importlib._bootstrap>", line 219, in _call_with_frames_removed
  File "/opt/airflow/dags/webscrapinglinkedin/dag-webscrapinglinkedin.py", line 7, in <module>
    from airflow.dags.webscrapinglinkedin.browser import browser
ModuleNotFoundError: No module named 'airflow.dags'
[2023-12-21T15:53:14.794+0000] {processor.py:841} WARNING - No viable dags retrieved from /opt/airflow/dags/webscrapinglinkedin/dag-webscrapinglinkedin.py
[2023-12-21T15:53:14.823+0000] {processor.py:179} INFO - Processing /opt/airflow/dags/webscrapinglinkedin/dag-webscrapinglinkedin.py took 0.106 seconds
[2023-12-21T15:53:15.760+0000] {processor.py:157} INFO - Started process (PID=272) to work on /opt/airflow/dags/webscrapinglinkedin/dag-webscrapinglinkedin.py
[2023-12-21T15:53:15.762+0000] {processor.py:829} INFO - Processing file /opt/airflow/dags/webscrapinglinkedin/dag-webscrapinglinkedin.py for tasks to queue
[2023-12-21T15:53:15.764+0000] {logging_mixin.py:154} INFO - [2023-12-21T15:53:15.764+0000] {dagbag.py:536} INFO - Filling up the DagBag from /opt/airflow/dags/webscrapinglinkedin/dag-webscrapinglinkedin.py
[2023-12-21T15:53:15.926+0000] {processor.py:839} INFO - DAG(s) dict_keys(['scraping-jobs']) retrieved from /opt/airflow/dags/webscrapinglinkedin/dag-webscrapinglinkedin.py
[2023-12-21T15:53:16.281+0000] {logging_mixin.py:154} INFO - [2023-12-21T15:53:16.280+0000] {dag.py:2941} INFO - Sync 1 DAGs
[2023-12-21T15:53:16.348+0000] {logging_mixin.py:154} INFO - [2023-12-21T15:53:16.347+0000] {dag.py:3722} INFO - Setting next_dagrun for scraping-jobs to 2023-12-21T00:00:00+00:00, run_after=2023-12-22T00:00:00+00:00
[2023-12-21T15:53:16.412+0000] {processor.py:179} INFO - Processing /opt/airflow/dags/webscrapinglinkedin/dag-webscrapinglinkedin.py took 0.658 seconds
[2023-12-21T15:53:46.798+0000] {processor.py:157} INFO - Started process (PID=280) to work on /opt/airflow/dags/webscrapinglinkedin/dag-webscrapinglinkedin.py
[2023-12-21T15:53:46.800+0000] {processor.py:829} INFO - Processing file /opt/airflow/dags/webscrapinglinkedin/dag-webscrapinglinkedin.py for tasks to queue
[2023-12-21T15:53:46.802+0000] {logging_mixin.py:154} INFO - [2023-12-21T15:53:46.802+0000] {dagbag.py:536} INFO - Filling up the DagBag from /opt/airflow/dags/webscrapinglinkedin/dag-webscrapinglinkedin.py
[2023-12-21T15:53:46.900+0000] {processor.py:839} INFO - DAG(s) dict_keys(['scraping-jobs']) retrieved from /opt/airflow/dags/webscrapinglinkedin/dag-webscrapinglinkedin.py
[2023-12-21T15:53:46.963+0000] {logging_mixin.py:154} INFO - [2023-12-21T15:53:46.963+0000] {dag.py:2941} INFO - Sync 1 DAGs
[2023-12-21T15:53:47.018+0000] {logging_mixin.py:154} INFO - [2023-12-21T15:53:47.018+0000] {dag.py:3722} INFO - Setting next_dagrun for scraping-jobs to 2023-12-21T00:00:00+00:00, run_after=2023-12-22T00:00:00+00:00
[2023-12-21T15:53:47.051+0000] {processor.py:179} INFO - Processing /opt/airflow/dags/webscrapinglinkedin/dag-webscrapinglinkedin.py took 0.273 seconds
[2023-12-21T15:54:18.691+0000] {processor.py:157} INFO - Started process (PID=294) to work on /opt/airflow/dags/webscrapinglinkedin/dag-webscrapinglinkedin.py
[2023-12-21T15:54:18.735+0000] {processor.py:829} INFO - Processing file /opt/airflow/dags/webscrapinglinkedin/dag-webscrapinglinkedin.py for tasks to queue
[2023-12-21T15:54:18.767+0000] {logging_mixin.py:154} INFO - [2023-12-21T15:54:18.758+0000] {dagbag.py:536} INFO - Filling up the DagBag from /opt/airflow/dags/webscrapinglinkedin/dag-webscrapinglinkedin.py
[2023-12-21T15:54:20.069+0000] {processor.py:839} INFO - DAG(s) dict_keys(['scraping-jobs']) retrieved from /opt/airflow/dags/webscrapinglinkedin/dag-webscrapinglinkedin.py
[2023-12-21T15:54:21.380+0000] {logging_mixin.py:154} INFO - [2023-12-21T15:54:21.379+0000] {dag.py:2941} INFO - Sync 1 DAGs
[2023-12-21T15:54:23.363+0000] {logging_mixin.py:154} INFO - [2023-12-21T15:54:23.360+0000] {dag.py:3722} INFO - Setting next_dagrun for scraping-jobs to 2023-12-21T00:00:00+00:00, run_after=2023-12-22T00:00:00+00:00
[2023-12-21T15:54:23.621+0000] {processor.py:179} INFO - Processing /opt/airflow/dags/webscrapinglinkedin/dag-webscrapinglinkedin.py took 4.975 seconds
[2023-12-21T15:54:54.486+0000] {processor.py:157} INFO - Started process (PID=303) to work on /opt/airflow/dags/webscrapinglinkedin/dag-webscrapinglinkedin.py
[2023-12-21T15:54:54.489+0000] {processor.py:829} INFO - Processing file /opt/airflow/dags/webscrapinglinkedin/dag-webscrapinglinkedin.py for tasks to queue
[2023-12-21T15:54:54.491+0000] {logging_mixin.py:154} INFO - [2023-12-21T15:54:54.491+0000] {dagbag.py:536} INFO - Filling up the DagBag from /opt/airflow/dags/webscrapinglinkedin/dag-webscrapinglinkedin.py
[2023-12-21T15:54:54.567+0000] {processor.py:839} INFO - DAG(s) dict_keys(['scraping-jobs']) retrieved from /opt/airflow/dags/webscrapinglinkedin/dag-webscrapinglinkedin.py
[2023-12-21T15:54:54.631+0000] {logging_mixin.py:154} INFO - [2023-12-21T15:54:54.631+0000] {dag.py:2941} INFO - Sync 1 DAGs
[2023-12-21T15:54:54.683+0000] {logging_mixin.py:154} INFO - [2023-12-21T15:54:54.682+0000] {dag.py:3722} INFO - Setting next_dagrun for scraping-jobs to 2023-12-21T00:00:00+00:00, run_after=2023-12-22T00:00:00+00:00
[2023-12-21T15:54:54.720+0000] {processor.py:179} INFO - Processing /opt/airflow/dags/webscrapinglinkedin/dag-webscrapinglinkedin.py took 0.240 seconds
[2023-12-21T15:55:25.357+0000] {processor.py:157} INFO - Started process (PID=312) to work on /opt/airflow/dags/webscrapinglinkedin/dag-webscrapinglinkedin.py
[2023-12-21T15:55:25.360+0000] {processor.py:829} INFO - Processing file /opt/airflow/dags/webscrapinglinkedin/dag-webscrapinglinkedin.py for tasks to queue
[2023-12-21T15:55:25.362+0000] {logging_mixin.py:154} INFO - [2023-12-21T15:55:25.361+0000] {dagbag.py:536} INFO - Filling up the DagBag from /opt/airflow/dags/webscrapinglinkedin/dag-webscrapinglinkedin.py
[2023-12-21T15:55:25.494+0000] {processor.py:839} INFO - DAG(s) dict_keys(['scraping-jobs']) retrieved from /opt/airflow/dags/webscrapinglinkedin/dag-webscrapinglinkedin.py
[2023-12-21T15:55:25.717+0000] {logging_mixin.py:154} INFO - [2023-12-21T15:55:25.716+0000] {dag.py:2941} INFO - Sync 1 DAGs
[2023-12-21T15:55:25.875+0000] {logging_mixin.py:154} INFO - [2023-12-21T15:55:25.874+0000] {dag.py:3722} INFO - Setting next_dagrun for scraping-jobs to 2023-12-21T00:00:00+00:00, run_after=2023-12-22T00:00:00+00:00
[2023-12-21T15:55:25.956+0000] {processor.py:179} INFO - Processing /opt/airflow/dags/webscrapinglinkedin/dag-webscrapinglinkedin.py took 0.609 seconds
[2023-12-21T15:55:56.418+0000] {processor.py:157} INFO - Started process (PID=320) to work on /opt/airflow/dags/webscrapinglinkedin/dag-webscrapinglinkedin.py
[2023-12-21T15:55:56.422+0000] {processor.py:829} INFO - Processing file /opt/airflow/dags/webscrapinglinkedin/dag-webscrapinglinkedin.py for tasks to queue
[2023-12-21T15:55:56.427+0000] {logging_mixin.py:154} INFO - [2023-12-21T15:55:56.426+0000] {dagbag.py:536} INFO - Filling up the DagBag from /opt/airflow/dags/webscrapinglinkedin/dag-webscrapinglinkedin.py
[2023-12-21T15:55:56.560+0000] {processor.py:839} INFO - DAG(s) dict_keys(['scraping-jobs']) retrieved from /opt/airflow/dags/webscrapinglinkedin/dag-webscrapinglinkedin.py
[2023-12-21T15:55:56.606+0000] {logging_mixin.py:154} INFO - [2023-12-21T15:55:56.606+0000] {dag.py:2941} INFO - Sync 1 DAGs
[2023-12-21T15:55:56.650+0000] {logging_mixin.py:154} INFO - [2023-12-21T15:55:56.650+0000] {dag.py:3722} INFO - Setting next_dagrun for scraping-jobs to 2023-12-21T00:00:00+00:00, run_after=2023-12-22T00:00:00+00:00
[2023-12-21T15:55:56.693+0000] {processor.py:179} INFO - Processing /opt/airflow/dags/webscrapinglinkedin/dag-webscrapinglinkedin.py took 0.287 seconds
[2023-12-21T15:56:26.835+0000] {processor.py:157} INFO - Started process (PID=328) to work on /opt/airflow/dags/webscrapinglinkedin/dag-webscrapinglinkedin.py
[2023-12-21T15:56:26.874+0000] {processor.py:829} INFO - Processing file /opt/airflow/dags/webscrapinglinkedin/dag-webscrapinglinkedin.py for tasks to queue
[2023-12-21T15:56:26.911+0000] {logging_mixin.py:154} INFO - [2023-12-21T15:56:26.910+0000] {dagbag.py:536} INFO - Filling up the DagBag from /opt/airflow/dags/webscrapinglinkedin/dag-webscrapinglinkedin.py
[2023-12-21T15:56:27.175+0000] {processor.py:839} INFO - DAG(s) dict_keys(['scraping-jobs']) retrieved from /opt/airflow/dags/webscrapinglinkedin/dag-webscrapinglinkedin.py
[2023-12-21T15:56:28.579+0000] {logging_mixin.py:154} INFO - [2023-12-21T15:56:28.579+0000] {dag.py:2941} INFO - Sync 1 DAGs
[2023-12-21T15:56:28.640+0000] {logging_mixin.py:154} INFO - [2023-12-21T15:56:28.639+0000] {dag.py:3722} INFO - Setting next_dagrun for scraping-jobs to 2023-12-21T00:00:00+00:00, run_after=2023-12-22T00:00:00+00:00
[2023-12-21T15:56:28.717+0000] {processor.py:179} INFO - Processing /opt/airflow/dags/webscrapinglinkedin/dag-webscrapinglinkedin.py took 1.892 seconds
[2023-12-21T15:56:58.864+0000] {processor.py:157} INFO - Started process (PID=336) to work on /opt/airflow/dags/webscrapinglinkedin/dag-webscrapinglinkedin.py
[2023-12-21T15:56:58.866+0000] {processor.py:829} INFO - Processing file /opt/airflow/dags/webscrapinglinkedin/dag-webscrapinglinkedin.py for tasks to queue
[2023-12-21T15:56:58.868+0000] {logging_mixin.py:154} INFO - [2023-12-21T15:56:58.867+0000] {dagbag.py:536} INFO - Filling up the DagBag from /opt/airflow/dags/webscrapinglinkedin/dag-webscrapinglinkedin.py
[2023-12-21T15:56:58.936+0000] {processor.py:839} INFO - DAG(s) dict_keys(['scraping-jobs']) retrieved from /opt/airflow/dags/webscrapinglinkedin/dag-webscrapinglinkedin.py
[2023-12-21T15:56:58.979+0000] {logging_mixin.py:154} INFO - [2023-12-21T15:56:58.979+0000] {dag.py:2941} INFO - Sync 1 DAGs
[2023-12-21T15:56:59.036+0000] {logging_mixin.py:154} INFO - [2023-12-21T15:56:59.036+0000] {dag.py:3722} INFO - Setting next_dagrun for scraping-jobs to 2023-12-21T00:00:00+00:00, run_after=2023-12-22T00:00:00+00:00
[2023-12-21T15:56:59.097+0000] {processor.py:179} INFO - Processing /opt/airflow/dags/webscrapinglinkedin/dag-webscrapinglinkedin.py took 0.247 seconds
[2023-12-21T15:57:09.010+0000] {processor.py:157} INFO - Started process (PID=337) to work on /opt/airflow/dags/webscrapinglinkedin/dag-webscrapinglinkedin.py
[2023-12-21T15:57:09.012+0000] {processor.py:829} INFO - Processing file /opt/airflow/dags/webscrapinglinkedin/dag-webscrapinglinkedin.py for tasks to queue
[2023-12-21T15:57:09.014+0000] {logging_mixin.py:154} INFO - [2023-12-21T15:57:09.013+0000] {dagbag.py:536} INFO - Filling up the DagBag from /opt/airflow/dags/webscrapinglinkedin/dag-webscrapinglinkedin.py
[2023-12-21T15:57:09.116+0000] {processor.py:839} INFO - DAG(s) dict_keys(['scraping-jobs']) retrieved from /opt/airflow/dags/webscrapinglinkedin/dag-webscrapinglinkedin.py
[2023-12-21T15:57:09.310+0000] {logging_mixin.py:154} INFO - [2023-12-21T15:57:09.309+0000] {dag.py:2941} INFO - Sync 1 DAGs
[2023-12-21T15:57:09.366+0000] {logging_mixin.py:154} INFO - [2023-12-21T15:57:09.365+0000] {dag.py:3722} INFO - Setting next_dagrun for scraping-jobs to 2023-12-21T00:00:00+00:00, run_after=2023-12-22T00:00:00+00:00
[2023-12-21T15:57:09.442+0000] {processor.py:179} INFO - Processing /opt/airflow/dags/webscrapinglinkedin/dag-webscrapinglinkedin.py took 0.438 seconds
[2023-12-21T15:57:39.891+0000] {processor.py:157} INFO - Started process (PID=346) to work on /opt/airflow/dags/webscrapinglinkedin/dag-webscrapinglinkedin.py
[2023-12-21T15:57:39.895+0000] {processor.py:829} INFO - Processing file /opt/airflow/dags/webscrapinglinkedin/dag-webscrapinglinkedin.py for tasks to queue
[2023-12-21T15:57:39.897+0000] {logging_mixin.py:154} INFO - [2023-12-21T15:57:39.897+0000] {dagbag.py:536} INFO - Filling up the DagBag from /opt/airflow/dags/webscrapinglinkedin/dag-webscrapinglinkedin.py
[2023-12-21T15:57:39.975+0000] {processor.py:839} INFO - DAG(s) dict_keys(['scraping-jobs']) retrieved from /opt/airflow/dags/webscrapinglinkedin/dag-webscrapinglinkedin.py
[2023-12-21T15:57:40.025+0000] {logging_mixin.py:154} INFO - [2023-12-21T15:57:40.025+0000] {dag.py:2941} INFO - Sync 1 DAGs
[2023-12-21T15:57:40.078+0000] {logging_mixin.py:154} INFO - [2023-12-21T15:57:40.078+0000] {dag.py:3722} INFO - Setting next_dagrun for scraping-jobs to 2023-12-21T00:00:00+00:00, run_after=2023-12-22T00:00:00+00:00
[2023-12-21T15:57:40.133+0000] {processor.py:179} INFO - Processing /opt/airflow/dags/webscrapinglinkedin/dag-webscrapinglinkedin.py took 0.249 seconds
[2023-12-21T15:58:10.491+0000] {processor.py:157} INFO - Started process (PID=353) to work on /opt/airflow/dags/webscrapinglinkedin/dag-webscrapinglinkedin.py
[2023-12-21T15:58:10.493+0000] {processor.py:829} INFO - Processing file /opt/airflow/dags/webscrapinglinkedin/dag-webscrapinglinkedin.py for tasks to queue
[2023-12-21T15:58:10.495+0000] {logging_mixin.py:154} INFO - [2023-12-21T15:58:10.495+0000] {dagbag.py:536} INFO - Filling up the DagBag from /opt/airflow/dags/webscrapinglinkedin/dag-webscrapinglinkedin.py
[2023-12-21T15:58:10.577+0000] {processor.py:839} INFO - DAG(s) dict_keys(['scraping-jobs']) retrieved from /opt/airflow/dags/webscrapinglinkedin/dag-webscrapinglinkedin.py
[2023-12-21T15:58:10.621+0000] {logging_mixin.py:154} INFO - [2023-12-21T15:58:10.621+0000] {dag.py:2941} INFO - Sync 1 DAGs
[2023-12-21T15:58:10.668+0000] {logging_mixin.py:154} INFO - [2023-12-21T15:58:10.667+0000] {dag.py:3722} INFO - Setting next_dagrun for scraping-jobs to 2023-12-21T00:00:00+00:00, run_after=2023-12-22T00:00:00+00:00
[2023-12-21T15:58:10.703+0000] {processor.py:179} INFO - Processing /opt/airflow/dags/webscrapinglinkedin/dag-webscrapinglinkedin.py took 0.217 seconds
[2023-12-21T15:58:41.209+0000] {processor.py:157} INFO - Started process (PID=360) to work on /opt/airflow/dags/webscrapinglinkedin/dag-webscrapinglinkedin.py
[2023-12-21T15:58:41.211+0000] {processor.py:829} INFO - Processing file /opt/airflow/dags/webscrapinglinkedin/dag-webscrapinglinkedin.py for tasks to queue
[2023-12-21T15:58:41.213+0000] {logging_mixin.py:154} INFO - [2023-12-21T15:58:41.212+0000] {dagbag.py:536} INFO - Filling up the DagBag from /opt/airflow/dags/webscrapinglinkedin/dag-webscrapinglinkedin.py
[2023-12-21T15:58:41.274+0000] {processor.py:839} INFO - DAG(s) dict_keys(['scraping-jobs']) retrieved from /opt/airflow/dags/webscrapinglinkedin/dag-webscrapinglinkedin.py
[2023-12-21T15:58:41.322+0000] {logging_mixin.py:154} INFO - [2023-12-21T15:58:41.322+0000] {dag.py:2941} INFO - Sync 1 DAGs
[2023-12-21T15:58:41.363+0000] {logging_mixin.py:154} INFO - [2023-12-21T15:58:41.363+0000] {dag.py:3722} INFO - Setting next_dagrun for scraping-jobs to 2023-12-21T00:00:00+00:00, run_after=2023-12-22T00:00:00+00:00
[2023-12-21T15:58:41.395+0000] {processor.py:179} INFO - Processing /opt/airflow/dags/webscrapinglinkedin/dag-webscrapinglinkedin.py took 0.191 seconds
[2023-12-21T15:59:11.632+0000] {processor.py:157} INFO - Started process (PID=368) to work on /opt/airflow/dags/webscrapinglinkedin/dag-webscrapinglinkedin.py
[2023-12-21T15:59:11.635+0000] {processor.py:829} INFO - Processing file /opt/airflow/dags/webscrapinglinkedin/dag-webscrapinglinkedin.py for tasks to queue
[2023-12-21T15:59:11.638+0000] {logging_mixin.py:154} INFO - [2023-12-21T15:59:11.637+0000] {dagbag.py:536} INFO - Filling up the DagBag from /opt/airflow/dags/webscrapinglinkedin/dag-webscrapinglinkedin.py
[2023-12-21T15:59:11.767+0000] {processor.py:839} INFO - DAG(s) dict_keys(['scraping-jobs']) retrieved from /opt/airflow/dags/webscrapinglinkedin/dag-webscrapinglinkedin.py
[2023-12-21T15:59:11.936+0000] {logging_mixin.py:154} INFO - [2023-12-21T15:59:11.936+0000] {dag.py:2941} INFO - Sync 1 DAGs
[2023-12-21T15:59:12.045+0000] {logging_mixin.py:154} INFO - [2023-12-21T15:59:12.045+0000] {dag.py:3722} INFO - Setting next_dagrun for scraping-jobs to 2023-12-21T00:00:00+00:00, run_after=2023-12-22T00:00:00+00:00
[2023-12-21T15:59:12.089+0000] {processor.py:179} INFO - Processing /opt/airflow/dags/webscrapinglinkedin/dag-webscrapinglinkedin.py took 0.465 seconds
[2023-12-21T15:59:43.140+0000] {processor.py:157} INFO - Started process (PID=376) to work on /opt/airflow/dags/webscrapinglinkedin/dag-webscrapinglinkedin.py
[2023-12-21T15:59:43.143+0000] {processor.py:829} INFO - Processing file /opt/airflow/dags/webscrapinglinkedin/dag-webscrapinglinkedin.py for tasks to queue
[2023-12-21T15:59:43.145+0000] {logging_mixin.py:154} INFO - [2023-12-21T15:59:43.144+0000] {dagbag.py:536} INFO - Filling up the DagBag from /opt/airflow/dags/webscrapinglinkedin/dag-webscrapinglinkedin.py
[2023-12-21T15:59:43.206+0000] {processor.py:839} INFO - DAG(s) dict_keys(['scraping-jobs']) retrieved from /opt/airflow/dags/webscrapinglinkedin/dag-webscrapinglinkedin.py
[2023-12-21T15:59:43.251+0000] {logging_mixin.py:154} INFO - [2023-12-21T15:59:43.251+0000] {dag.py:2941} INFO - Sync 1 DAGs
[2023-12-21T15:59:43.296+0000] {logging_mixin.py:154} INFO - [2023-12-21T15:59:43.296+0000] {dag.py:3722} INFO - Setting next_dagrun for scraping-jobs to 2023-12-21T00:00:00+00:00, run_after=2023-12-22T00:00:00+00:00
[2023-12-21T15:59:43.326+0000] {processor.py:179} INFO - Processing /opt/airflow/dags/webscrapinglinkedin/dag-webscrapinglinkedin.py took 0.190 seconds
[2023-12-21T16:00:13.829+0000] {processor.py:157} INFO - Started process (PID=384) to work on /opt/airflow/dags/webscrapinglinkedin/dag-webscrapinglinkedin.py
[2023-12-21T16:00:13.831+0000] {processor.py:829} INFO - Processing file /opt/airflow/dags/webscrapinglinkedin/dag-webscrapinglinkedin.py for tasks to queue
[2023-12-21T16:00:13.833+0000] {logging_mixin.py:154} INFO - [2023-12-21T16:00:13.833+0000] {dagbag.py:536} INFO - Filling up the DagBag from /opt/airflow/dags/webscrapinglinkedin/dag-webscrapinglinkedin.py
[2023-12-21T16:00:13.946+0000] {processor.py:839} INFO - DAG(s) dict_keys(['scraping-jobs']) retrieved from /opt/airflow/dags/webscrapinglinkedin/dag-webscrapinglinkedin.py
[2023-12-21T16:00:13.995+0000] {logging_mixin.py:154} INFO - [2023-12-21T16:00:13.995+0000] {dag.py:2941} INFO - Sync 1 DAGs
[2023-12-21T16:00:14.042+0000] {logging_mixin.py:154} INFO - [2023-12-21T16:00:14.042+0000] {dag.py:3722} INFO - Setting next_dagrun for scraping-jobs to 2023-12-21T00:00:00+00:00, run_after=2023-12-22T00:00:00+00:00
[2023-12-21T16:00:14.079+0000] {processor.py:179} INFO - Processing /opt/airflow/dags/webscrapinglinkedin/dag-webscrapinglinkedin.py took 0.258 seconds
[2023-12-21T16:00:44.398+0000] {processor.py:157} INFO - Started process (PID=392) to work on /opt/airflow/dags/webscrapinglinkedin/dag-webscrapinglinkedin.py
[2023-12-21T16:00:44.400+0000] {processor.py:829} INFO - Processing file /opt/airflow/dags/webscrapinglinkedin/dag-webscrapinglinkedin.py for tasks to queue
[2023-12-21T16:00:44.403+0000] {logging_mixin.py:154} INFO - [2023-12-21T16:00:44.402+0000] {dagbag.py:536} INFO - Filling up the DagBag from /opt/airflow/dags/webscrapinglinkedin/dag-webscrapinglinkedin.py
[2023-12-21T16:00:44.469+0000] {processor.py:839} INFO - DAG(s) dict_keys(['scraping-jobs']) retrieved from /opt/airflow/dags/webscrapinglinkedin/dag-webscrapinglinkedin.py
[2023-12-21T16:00:44.511+0000] {logging_mixin.py:154} INFO - [2023-12-21T16:00:44.510+0000] {dag.py:2941} INFO - Sync 1 DAGs
[2023-12-21T16:00:44.549+0000] {logging_mixin.py:154} INFO - [2023-12-21T16:00:44.548+0000] {dag.py:3722} INFO - Setting next_dagrun for scraping-jobs to 2023-12-21T00:00:00+00:00, run_after=2023-12-22T00:00:00+00:00
[2023-12-21T16:00:44.595+0000] {processor.py:179} INFO - Processing /opt/airflow/dags/webscrapinglinkedin/dag-webscrapinglinkedin.py took 0.202 seconds
[2023-12-21T16:01:15.128+0000] {processor.py:157} INFO - Started process (PID=401) to work on /opt/airflow/dags/webscrapinglinkedin/dag-webscrapinglinkedin.py
[2023-12-21T16:01:15.131+0000] {processor.py:829} INFO - Processing file /opt/airflow/dags/webscrapinglinkedin/dag-webscrapinglinkedin.py for tasks to queue
[2023-12-21T16:01:15.133+0000] {logging_mixin.py:154} INFO - [2023-12-21T16:01:15.133+0000] {dagbag.py:536} INFO - Filling up the DagBag from /opt/airflow/dags/webscrapinglinkedin/dag-webscrapinglinkedin.py
[2023-12-21T16:01:15.199+0000] {processor.py:839} INFO - DAG(s) dict_keys(['scraping-jobs']) retrieved from /opt/airflow/dags/webscrapinglinkedin/dag-webscrapinglinkedin.py
[2023-12-21T16:01:15.254+0000] {logging_mixin.py:154} INFO - [2023-12-21T16:01:15.254+0000] {dag.py:2941} INFO - Sync 1 DAGs
[2023-12-21T16:01:15.313+0000] {logging_mixin.py:154} INFO - [2023-12-21T16:01:15.313+0000] {dag.py:3722} INFO - Setting next_dagrun for scraping-jobs to 2023-12-21T00:00:00+00:00, run_after=2023-12-22T00:00:00+00:00
[2023-12-21T16:01:15.351+0000] {processor.py:179} INFO - Processing /opt/airflow/dags/webscrapinglinkedin/dag-webscrapinglinkedin.py took 0.230 seconds
[2023-12-21T16:01:46.027+0000] {processor.py:157} INFO - Started process (PID=409) to work on /opt/airflow/dags/webscrapinglinkedin/dag-webscrapinglinkedin.py
[2023-12-21T16:01:46.028+0000] {processor.py:829} INFO - Processing file /opt/airflow/dags/webscrapinglinkedin/dag-webscrapinglinkedin.py for tasks to queue
[2023-12-21T16:01:46.030+0000] {logging_mixin.py:154} INFO - [2023-12-21T16:01:46.030+0000] {dagbag.py:536} INFO - Filling up the DagBag from /opt/airflow/dags/webscrapinglinkedin/dag-webscrapinglinkedin.py
[2023-12-21T16:01:46.218+0000] {processor.py:839} INFO - DAG(s) dict_keys(['scraping-jobs']) retrieved from /opt/airflow/dags/webscrapinglinkedin/dag-webscrapinglinkedin.py
[2023-12-21T16:01:46.272+0000] {logging_mixin.py:154} INFO - [2023-12-21T16:01:46.272+0000] {dag.py:2941} INFO - Sync 1 DAGs
[2023-12-21T16:01:46.397+0000] {logging_mixin.py:154} INFO - [2023-12-21T16:01:46.396+0000] {dag.py:3722} INFO - Setting next_dagrun for scraping-jobs to 2023-12-21T00:00:00+00:00, run_after=2023-12-22T00:00:00+00:00
[2023-12-21T16:01:46.433+0000] {processor.py:179} INFO - Processing /opt/airflow/dags/webscrapinglinkedin/dag-webscrapinglinkedin.py took 0.412 seconds
[2023-12-21T16:02:16.679+0000] {processor.py:157} INFO - Started process (PID=417) to work on /opt/airflow/dags/webscrapinglinkedin/dag-webscrapinglinkedin.py
[2023-12-21T16:02:16.690+0000] {processor.py:829} INFO - Processing file /opt/airflow/dags/webscrapinglinkedin/dag-webscrapinglinkedin.py for tasks to queue
[2023-12-21T16:02:16.699+0000] {logging_mixin.py:154} INFO - [2023-12-21T16:02:16.698+0000] {dagbag.py:536} INFO - Filling up the DagBag from /opt/airflow/dags/webscrapinglinkedin/dag-webscrapinglinkedin.py
[2023-12-21T16:02:16.829+0000] {processor.py:839} INFO - DAG(s) dict_keys(['scraping-jobs']) retrieved from /opt/airflow/dags/webscrapinglinkedin/dag-webscrapinglinkedin.py
[2023-12-21T16:02:16.902+0000] {logging_mixin.py:154} INFO - [2023-12-21T16:02:16.902+0000] {dag.py:2941} INFO - Sync 1 DAGs
[2023-12-21T16:02:16.975+0000] {logging_mixin.py:154} INFO - [2023-12-21T16:02:16.974+0000] {dag.py:3722} INFO - Setting next_dagrun for scraping-jobs to 2023-12-21T00:00:00+00:00, run_after=2023-12-22T00:00:00+00:00
[2023-12-21T16:02:17.034+0000] {processor.py:179} INFO - Processing /opt/airflow/dags/webscrapinglinkedin/dag-webscrapinglinkedin.py took 0.375 seconds
[2023-12-21T16:02:47.805+0000] {processor.py:157} INFO - Started process (PID=425) to work on /opt/airflow/dags/webscrapinglinkedin/dag-webscrapinglinkedin.py
[2023-12-21T16:02:47.807+0000] {processor.py:829} INFO - Processing file /opt/airflow/dags/webscrapinglinkedin/dag-webscrapinglinkedin.py for tasks to queue
[2023-12-21T16:02:47.808+0000] {logging_mixin.py:154} INFO - [2023-12-21T16:02:47.808+0000] {dagbag.py:536} INFO - Filling up the DagBag from /opt/airflow/dags/webscrapinglinkedin/dag-webscrapinglinkedin.py
[2023-12-21T16:02:48.038+0000] {processor.py:839} INFO - DAG(s) dict_keys(['scraping-jobs']) retrieved from /opt/airflow/dags/webscrapinglinkedin/dag-webscrapinglinkedin.py
[2023-12-21T16:02:48.089+0000] {logging_mixin.py:154} INFO - [2023-12-21T16:02:48.089+0000] {dag.py:2941} INFO - Sync 1 DAGs
[2023-12-21T16:02:48.185+0000] {logging_mixin.py:154} INFO - [2023-12-21T16:02:48.185+0000] {dag.py:3722} INFO - Setting next_dagrun for scraping-jobs to 2023-12-21T00:00:00+00:00, run_after=2023-12-22T00:00:00+00:00
[2023-12-21T16:02:48.289+0000] {processor.py:179} INFO - Processing /opt/airflow/dags/webscrapinglinkedin/dag-webscrapinglinkedin.py took 0.490 seconds
[2023-12-21T16:03:18.925+0000] {processor.py:157} INFO - Started process (PID=433) to work on /opt/airflow/dags/webscrapinglinkedin/dag-webscrapinglinkedin.py
[2023-12-21T16:03:18.937+0000] {processor.py:829} INFO - Processing file /opt/airflow/dags/webscrapinglinkedin/dag-webscrapinglinkedin.py for tasks to queue
[2023-12-21T16:03:18.939+0000] {logging_mixin.py:154} INFO - [2023-12-21T16:03:18.939+0000] {dagbag.py:536} INFO - Filling up the DagBag from /opt/airflow/dags/webscrapinglinkedin/dag-webscrapinglinkedin.py
[2023-12-21T16:03:19.051+0000] {processor.py:839} INFO - DAG(s) dict_keys(['scraping-jobs']) retrieved from /opt/airflow/dags/webscrapinglinkedin/dag-webscrapinglinkedin.py
[2023-12-21T16:03:19.114+0000] {logging_mixin.py:154} INFO - [2023-12-21T16:03:19.113+0000] {dag.py:2941} INFO - Sync 1 DAGs
[2023-12-21T16:03:19.233+0000] {logging_mixin.py:154} INFO - [2023-12-21T16:03:19.233+0000] {dag.py:3722} INFO - Setting next_dagrun for scraping-jobs to 2023-12-21T00:00:00+00:00, run_after=2023-12-22T00:00:00+00:00
[2023-12-21T16:03:19.279+0000] {processor.py:179} INFO - Processing /opt/airflow/dags/webscrapinglinkedin/dag-webscrapinglinkedin.py took 0.364 seconds
[2023-12-21T16:03:49.789+0000] {processor.py:157} INFO - Started process (PID=441) to work on /opt/airflow/dags/webscrapinglinkedin/dag-webscrapinglinkedin.py
[2023-12-21T16:03:49.791+0000] {processor.py:829} INFO - Processing file /opt/airflow/dags/webscrapinglinkedin/dag-webscrapinglinkedin.py for tasks to queue
[2023-12-21T16:03:49.793+0000] {logging_mixin.py:154} INFO - [2023-12-21T16:03:49.792+0000] {dagbag.py:536} INFO - Filling up the DagBag from /opt/airflow/dags/webscrapinglinkedin/dag-webscrapinglinkedin.py
[2023-12-21T16:03:49.903+0000] {processor.py:839} INFO - DAG(s) dict_keys(['scraping-jobs']) retrieved from /opt/airflow/dags/webscrapinglinkedin/dag-webscrapinglinkedin.py
[2023-12-21T16:03:49.947+0000] {logging_mixin.py:154} INFO - [2023-12-21T16:03:49.946+0000] {dag.py:2941} INFO - Sync 1 DAGs
[2023-12-21T16:03:49.993+0000] {logging_mixin.py:154} INFO - [2023-12-21T16:03:49.992+0000] {dag.py:3722} INFO - Setting next_dagrun for scraping-jobs to 2023-12-21T00:00:00+00:00, run_after=2023-12-22T00:00:00+00:00
[2023-12-21T16:03:50.043+0000] {processor.py:179} INFO - Processing /opt/airflow/dags/webscrapinglinkedin/dag-webscrapinglinkedin.py took 0.262 seconds
[2023-12-21T16:04:20.275+0000] {processor.py:157} INFO - Started process (PID=450) to work on /opt/airflow/dags/webscrapinglinkedin/dag-webscrapinglinkedin.py
[2023-12-21T16:04:20.277+0000] {processor.py:829} INFO - Processing file /opt/airflow/dags/webscrapinglinkedin/dag-webscrapinglinkedin.py for tasks to queue
[2023-12-21T16:04:20.279+0000] {logging_mixin.py:154} INFO - [2023-12-21T16:04:20.278+0000] {dagbag.py:536} INFO - Filling up the DagBag from /opt/airflow/dags/webscrapinglinkedin/dag-webscrapinglinkedin.py
[2023-12-21T16:04:20.343+0000] {processor.py:839} INFO - DAG(s) dict_keys(['scraping-jobs']) retrieved from /opt/airflow/dags/webscrapinglinkedin/dag-webscrapinglinkedin.py
[2023-12-21T16:04:20.383+0000] {logging_mixin.py:154} INFO - [2023-12-21T16:04:20.382+0000] {dag.py:2941} INFO - Sync 1 DAGs
[2023-12-21T16:04:20.422+0000] {logging_mixin.py:154} INFO - [2023-12-21T16:04:20.422+0000] {dag.py:3722} INFO - Setting next_dagrun for scraping-jobs to 2023-12-21T00:00:00+00:00, run_after=2023-12-22T00:00:00+00:00
[2023-12-21T16:04:20.465+0000] {processor.py:179} INFO - Processing /opt/airflow/dags/webscrapinglinkedin/dag-webscrapinglinkedin.py took 0.196 seconds
[2023-12-21T16:04:50.825+0000] {processor.py:157} INFO - Started process (PID=458) to work on /opt/airflow/dags/webscrapinglinkedin/dag-webscrapinglinkedin.py
[2023-12-21T16:04:50.836+0000] {processor.py:829} INFO - Processing file /opt/airflow/dags/webscrapinglinkedin/dag-webscrapinglinkedin.py for tasks to queue
[2023-12-21T16:04:50.842+0000] {logging_mixin.py:154} INFO - [2023-12-21T16:04:50.840+0000] {dagbag.py:536} INFO - Filling up the DagBag from /opt/airflow/dags/webscrapinglinkedin/dag-webscrapinglinkedin.py
[2023-12-21T16:04:51.003+0000] {processor.py:839} INFO - DAG(s) dict_keys(['scraping-jobs']) retrieved from /opt/airflow/dags/webscrapinglinkedin/dag-webscrapinglinkedin.py
[2023-12-21T16:04:51.118+0000] {logging_mixin.py:154} INFO - [2023-12-21T16:04:51.117+0000] {dag.py:2941} INFO - Sync 1 DAGs
[2023-12-21T16:04:51.250+0000] {logging_mixin.py:154} INFO - [2023-12-21T16:04:51.249+0000] {dag.py:3722} INFO - Setting next_dagrun for scraping-jobs to 2023-12-21T00:00:00+00:00, run_after=2023-12-22T00:00:00+00:00
[2023-12-21T16:04:51.702+0000] {processor.py:179} INFO - Processing /opt/airflow/dags/webscrapinglinkedin/dag-webscrapinglinkedin.py took 0.894 seconds
[2023-12-21T16:05:22.390+0000] {processor.py:157} INFO - Started process (PID=466) to work on /opt/airflow/dags/webscrapinglinkedin/dag-webscrapinglinkedin.py
[2023-12-21T16:05:22.392+0000] {processor.py:829} INFO - Processing file /opt/airflow/dags/webscrapinglinkedin/dag-webscrapinglinkedin.py for tasks to queue
[2023-12-21T16:05:22.394+0000] {logging_mixin.py:154} INFO - [2023-12-21T16:05:22.394+0000] {dagbag.py:536} INFO - Filling up the DagBag from /opt/airflow/dags/webscrapinglinkedin/dag-webscrapinglinkedin.py
[2023-12-21T16:05:22.470+0000] {processor.py:839} INFO - DAG(s) dict_keys(['scraping-jobs']) retrieved from /opt/airflow/dags/webscrapinglinkedin/dag-webscrapinglinkedin.py
[2023-12-21T16:05:22.538+0000] {logging_mixin.py:154} INFO - [2023-12-21T16:05:22.537+0000] {dag.py:2941} INFO - Sync 1 DAGs
[2023-12-21T16:05:22.605+0000] {logging_mixin.py:154} INFO - [2023-12-21T16:05:22.604+0000] {dag.py:3722} INFO - Setting next_dagrun for scraping-jobs to 2023-12-21T00:00:00+00:00, run_after=2023-12-22T00:00:00+00:00
[2023-12-21T16:05:22.644+0000] {processor.py:179} INFO - Processing /opt/airflow/dags/webscrapinglinkedin/dag-webscrapinglinkedin.py took 0.263 seconds
[2023-12-21T16:05:52.833+0000] {processor.py:157} INFO - Started process (PID=474) to work on /opt/airflow/dags/webscrapinglinkedin/dag-webscrapinglinkedin.py
[2023-12-21T16:05:52.835+0000] {processor.py:829} INFO - Processing file /opt/airflow/dags/webscrapinglinkedin/dag-webscrapinglinkedin.py for tasks to queue
[2023-12-21T16:05:52.837+0000] {logging_mixin.py:154} INFO - [2023-12-21T16:05:52.836+0000] {dagbag.py:536} INFO - Filling up the DagBag from /opt/airflow/dags/webscrapinglinkedin/dag-webscrapinglinkedin.py
[2023-12-21T16:05:52.900+0000] {processor.py:839} INFO - DAG(s) dict_keys(['scraping-jobs']) retrieved from /opt/airflow/dags/webscrapinglinkedin/dag-webscrapinglinkedin.py
[2023-12-21T16:05:52.946+0000] {logging_mixin.py:154} INFO - [2023-12-21T16:05:52.946+0000] {dag.py:2941} INFO - Sync 1 DAGs
[2023-12-21T16:05:52.987+0000] {logging_mixin.py:154} INFO - [2023-12-21T16:05:52.986+0000] {dag.py:3722} INFO - Setting next_dagrun for scraping-jobs to 2023-12-21T00:00:00+00:00, run_after=2023-12-22T00:00:00+00:00
[2023-12-21T16:05:53.020+0000] {processor.py:179} INFO - Processing /opt/airflow/dags/webscrapinglinkedin/dag-webscrapinglinkedin.py took 0.196 seconds
[2023-12-21T16:06:23.272+0000] {processor.py:157} INFO - Started process (PID=482) to work on /opt/airflow/dags/webscrapinglinkedin/dag-webscrapinglinkedin.py
[2023-12-21T16:06:23.274+0000] {processor.py:829} INFO - Processing file /opt/airflow/dags/webscrapinglinkedin/dag-webscrapinglinkedin.py for tasks to queue
[2023-12-21T16:06:23.277+0000] {logging_mixin.py:154} INFO - [2023-12-21T16:06:23.276+0000] {dagbag.py:536} INFO - Filling up the DagBag from /opt/airflow/dags/webscrapinglinkedin/dag-webscrapinglinkedin.py
[2023-12-21T16:06:23.350+0000] {processor.py:839} INFO - DAG(s) dict_keys(['scraping-jobs']) retrieved from /opt/airflow/dags/webscrapinglinkedin/dag-webscrapinglinkedin.py
[2023-12-21T16:06:23.394+0000] {logging_mixin.py:154} INFO - [2023-12-21T16:06:23.394+0000] {dag.py:2941} INFO - Sync 1 DAGs
[2023-12-21T16:06:23.432+0000] {logging_mixin.py:154} INFO - [2023-12-21T16:06:23.432+0000] {dag.py:3722} INFO - Setting next_dagrun for scraping-jobs to 2023-12-21T00:00:00+00:00, run_after=2023-12-22T00:00:00+00:00
[2023-12-21T16:06:23.467+0000] {processor.py:179} INFO - Processing /opt/airflow/dags/webscrapinglinkedin/dag-webscrapinglinkedin.py took 0.201 seconds
[2023-12-21T16:06:53.689+0000] {processor.py:157} INFO - Started process (PID=490) to work on /opt/airflow/dags/webscrapinglinkedin/dag-webscrapinglinkedin.py
[2023-12-21T16:06:53.691+0000] {processor.py:829} INFO - Processing file /opt/airflow/dags/webscrapinglinkedin/dag-webscrapinglinkedin.py for tasks to queue
[2023-12-21T16:06:53.693+0000] {logging_mixin.py:154} INFO - [2023-12-21T16:06:53.692+0000] {dagbag.py:536} INFO - Filling up the DagBag from /opt/airflow/dags/webscrapinglinkedin/dag-webscrapinglinkedin.py
[2023-12-21T16:06:53.769+0000] {processor.py:839} INFO - DAG(s) dict_keys(['scraping-jobs']) retrieved from /opt/airflow/dags/webscrapinglinkedin/dag-webscrapinglinkedin.py
[2023-12-21T16:06:53.809+0000] {logging_mixin.py:154} INFO - [2023-12-21T16:06:53.809+0000] {dag.py:2941} INFO - Sync 1 DAGs
[2023-12-21T16:06:53.846+0000] {logging_mixin.py:154} INFO - [2023-12-21T16:06:53.845+0000] {dag.py:3722} INFO - Setting next_dagrun for scraping-jobs to 2023-12-21T00:00:00+00:00, run_after=2023-12-22T00:00:00+00:00
[2023-12-21T16:06:53.885+0000] {processor.py:179} INFO - Processing /opt/airflow/dags/webscrapinglinkedin/dag-webscrapinglinkedin.py took 0.202 seconds
[2023-12-21T16:07:24.606+0000] {processor.py:157} INFO - Started process (PID=499) to work on /opt/airflow/dags/webscrapinglinkedin/dag-webscrapinglinkedin.py
[2023-12-21T16:07:24.608+0000] {processor.py:829} INFO - Processing file /opt/airflow/dags/webscrapinglinkedin/dag-webscrapinglinkedin.py for tasks to queue
[2023-12-21T16:07:24.609+0000] {logging_mixin.py:154} INFO - [2023-12-21T16:07:24.609+0000] {dagbag.py:536} INFO - Filling up the DagBag from /opt/airflow/dags/webscrapinglinkedin/dag-webscrapinglinkedin.py
[2023-12-21T16:07:24.672+0000] {processor.py:839} INFO - DAG(s) dict_keys(['scraping-jobs']) retrieved from /opt/airflow/dags/webscrapinglinkedin/dag-webscrapinglinkedin.py
[2023-12-21T16:07:24.713+0000] {logging_mixin.py:154} INFO - [2023-12-21T16:07:24.712+0000] {dag.py:2941} INFO - Sync 1 DAGs
[2023-12-21T16:07:24.764+0000] {logging_mixin.py:154} INFO - [2023-12-21T16:07:24.764+0000] {dag.py:3722} INFO - Setting next_dagrun for scraping-jobs to 2023-12-21T00:00:00+00:00, run_after=2023-12-22T00:00:00+00:00
[2023-12-21T16:07:24.797+0000] {processor.py:179} INFO - Processing /opt/airflow/dags/webscrapinglinkedin/dag-webscrapinglinkedin.py took 0.196 seconds
[2023-12-21T16:07:55.186+0000] {processor.py:157} INFO - Started process (PID=507) to work on /opt/airflow/dags/webscrapinglinkedin/dag-webscrapinglinkedin.py
[2023-12-21T16:07:55.189+0000] {processor.py:829} INFO - Processing file /opt/airflow/dags/webscrapinglinkedin/dag-webscrapinglinkedin.py for tasks to queue
[2023-12-21T16:07:55.191+0000] {logging_mixin.py:154} INFO - [2023-12-21T16:07:55.191+0000] {dagbag.py:536} INFO - Filling up the DagBag from /opt/airflow/dags/webscrapinglinkedin/dag-webscrapinglinkedin.py
[2023-12-21T16:07:55.254+0000] {processor.py:839} INFO - DAG(s) dict_keys(['scraping-jobs']) retrieved from /opt/airflow/dags/webscrapinglinkedin/dag-webscrapinglinkedin.py
[2023-12-21T16:07:55.305+0000] {logging_mixin.py:154} INFO - [2023-12-21T16:07:55.304+0000] {dag.py:2941} INFO - Sync 1 DAGs
[2023-12-21T16:07:55.342+0000] {logging_mixin.py:154} INFO - [2023-12-21T16:07:55.342+0000] {dag.py:3722} INFO - Setting next_dagrun for scraping-jobs to 2023-12-21T00:00:00+00:00, run_after=2023-12-22T00:00:00+00:00
[2023-12-21T16:07:55.374+0000] {processor.py:179} INFO - Processing /opt/airflow/dags/webscrapinglinkedin/dag-webscrapinglinkedin.py took 0.193 seconds
[2023-12-21T16:08:25.691+0000] {processor.py:157} INFO - Started process (PID=515) to work on /opt/airflow/dags/webscrapinglinkedin/dag-webscrapinglinkedin.py
[2023-12-21T16:08:25.693+0000] {processor.py:829} INFO - Processing file /opt/airflow/dags/webscrapinglinkedin/dag-webscrapinglinkedin.py for tasks to queue
[2023-12-21T16:08:25.698+0000] {logging_mixin.py:154} INFO - [2023-12-21T16:08:25.694+0000] {dagbag.py:536} INFO - Filling up the DagBag from /opt/airflow/dags/webscrapinglinkedin/dag-webscrapinglinkedin.py
[2023-12-21T16:08:25.769+0000] {processor.py:839} INFO - DAG(s) dict_keys(['scraping-jobs']) retrieved from /opt/airflow/dags/webscrapinglinkedin/dag-webscrapinglinkedin.py
[2023-12-21T16:08:25.822+0000] {logging_mixin.py:154} INFO - [2023-12-21T16:08:25.822+0000] {dag.py:2941} INFO - Sync 1 DAGs
[2023-12-21T16:08:25.876+0000] {logging_mixin.py:154} INFO - [2023-12-21T16:08:25.876+0000] {dag.py:3722} INFO - Setting next_dagrun for scraping-jobs to 2023-12-21T00:00:00+00:00, run_after=2023-12-22T00:00:00+00:00
[2023-12-21T16:08:25.915+0000] {processor.py:179} INFO - Processing /opt/airflow/dags/webscrapinglinkedin/dag-webscrapinglinkedin.py took 0.230 seconds
[2023-12-21T16:08:56.602+0000] {processor.py:157} INFO - Started process (PID=524) to work on /opt/airflow/dags/webscrapinglinkedin/dag-webscrapinglinkedin.py
[2023-12-21T16:08:56.604+0000] {processor.py:829} INFO - Processing file /opt/airflow/dags/webscrapinglinkedin/dag-webscrapinglinkedin.py for tasks to queue
[2023-12-21T16:08:56.606+0000] {logging_mixin.py:154} INFO - [2023-12-21T16:08:56.605+0000] {dagbag.py:536} INFO - Filling up the DagBag from /opt/airflow/dags/webscrapinglinkedin/dag-webscrapinglinkedin.py
[2023-12-21T16:08:56.737+0000] {processor.py:839} INFO - DAG(s) dict_keys(['scraping-jobs']) retrieved from /opt/airflow/dags/webscrapinglinkedin/dag-webscrapinglinkedin.py
[2023-12-21T16:08:56.808+0000] {logging_mixin.py:154} INFO - [2023-12-21T16:08:56.808+0000] {dag.py:2941} INFO - Sync 1 DAGs
[2023-12-21T16:08:56.882+0000] {logging_mixin.py:154} INFO - [2023-12-21T16:08:56.882+0000] {dag.py:3722} INFO - Setting next_dagrun for scraping-jobs to 2023-12-21T00:00:00+00:00, run_after=2023-12-22T00:00:00+00:00
[2023-12-21T16:08:56.934+0000] {processor.py:179} INFO - Processing /opt/airflow/dags/webscrapinglinkedin/dag-webscrapinglinkedin.py took 0.341 seconds
[2023-12-21T16:09:27.054+0000] {processor.py:157} INFO - Started process (PID=532) to work on /opt/airflow/dags/webscrapinglinkedin/dag-webscrapinglinkedin.py
[2023-12-21T16:09:27.056+0000] {processor.py:829} INFO - Processing file /opt/airflow/dags/webscrapinglinkedin/dag-webscrapinglinkedin.py for tasks to queue
[2023-12-21T16:09:27.058+0000] {logging_mixin.py:154} INFO - [2023-12-21T16:09:27.057+0000] {dagbag.py:536} INFO - Filling up the DagBag from /opt/airflow/dags/webscrapinglinkedin/dag-webscrapinglinkedin.py
[2023-12-21T16:09:27.124+0000] {processor.py:839} INFO - DAG(s) dict_keys(['scraping-jobs']) retrieved from /opt/airflow/dags/webscrapinglinkedin/dag-webscrapinglinkedin.py
[2023-12-21T16:09:27.171+0000] {logging_mixin.py:154} INFO - [2023-12-21T16:09:27.170+0000] {dag.py:2941} INFO - Sync 1 DAGs
[2023-12-21T16:09:27.217+0000] {logging_mixin.py:154} INFO - [2023-12-21T16:09:27.217+0000] {dag.py:3722} INFO - Setting next_dagrun for scraping-jobs to 2023-12-21T00:00:00+00:00, run_after=2023-12-22T00:00:00+00:00
[2023-12-21T16:09:27.255+0000] {processor.py:179} INFO - Processing /opt/airflow/dags/webscrapinglinkedin/dag-webscrapinglinkedin.py took 0.206 seconds
[2023-12-21T16:09:57.707+0000] {processor.py:157} INFO - Started process (PID=540) to work on /opt/airflow/dags/webscrapinglinkedin/dag-webscrapinglinkedin.py
[2023-12-21T16:09:57.709+0000] {processor.py:829} INFO - Processing file /opt/airflow/dags/webscrapinglinkedin/dag-webscrapinglinkedin.py for tasks to queue
[2023-12-21T16:09:57.711+0000] {logging_mixin.py:154} INFO - [2023-12-21T16:09:57.711+0000] {dagbag.py:536} INFO - Filling up the DagBag from /opt/airflow/dags/webscrapinglinkedin/dag-webscrapinglinkedin.py
[2023-12-21T16:09:57.775+0000] {processor.py:839} INFO - DAG(s) dict_keys(['scraping-jobs']) retrieved from /opt/airflow/dags/webscrapinglinkedin/dag-webscrapinglinkedin.py
[2023-12-21T16:09:57.820+0000] {logging_mixin.py:154} INFO - [2023-12-21T16:09:57.819+0000] {dag.py:2941} INFO - Sync 1 DAGs
[2023-12-21T16:09:57.860+0000] {logging_mixin.py:154} INFO - [2023-12-21T16:09:57.860+0000] {dag.py:3722} INFO - Setting next_dagrun for scraping-jobs to 2023-12-21T00:00:00+00:00, run_after=2023-12-22T00:00:00+00:00
[2023-12-21T16:09:57.899+0000] {processor.py:179} INFO - Processing /opt/airflow/dags/webscrapinglinkedin/dag-webscrapinglinkedin.py took 0.196 seconds
[2023-12-21T16:10:28.323+0000] {processor.py:157} INFO - Started process (PID=548) to work on /opt/airflow/dags/webscrapinglinkedin/dag-webscrapinglinkedin.py
[2023-12-21T16:10:28.325+0000] {processor.py:829} INFO - Processing file /opt/airflow/dags/webscrapinglinkedin/dag-webscrapinglinkedin.py for tasks to queue
[2023-12-21T16:10:28.327+0000] {logging_mixin.py:154} INFO - [2023-12-21T16:10:28.327+0000] {dagbag.py:536} INFO - Filling up the DagBag from /opt/airflow/dags/webscrapinglinkedin/dag-webscrapinglinkedin.py
[2023-12-21T16:10:28.392+0000] {processor.py:839} INFO - DAG(s) dict_keys(['scraping-jobs']) retrieved from /opt/airflow/dags/webscrapinglinkedin/dag-webscrapinglinkedin.py
[2023-12-21T16:10:28.438+0000] {logging_mixin.py:154} INFO - [2023-12-21T16:10:28.437+0000] {dag.py:2941} INFO - Sync 1 DAGs
[2023-12-21T16:10:28.479+0000] {logging_mixin.py:154} INFO - [2023-12-21T16:10:28.479+0000] {dag.py:3722} INFO - Setting next_dagrun for scraping-jobs to 2023-12-21T00:00:00+00:00, run_after=2023-12-22T00:00:00+00:00
[2023-12-21T16:10:28.514+0000] {processor.py:179} INFO - Processing /opt/airflow/dags/webscrapinglinkedin/dag-webscrapinglinkedin.py took 0.197 seconds
[2023-12-21T16:10:59.039+0000] {processor.py:157} INFO - Started process (PID=556) to work on /opt/airflow/dags/webscrapinglinkedin/dag-webscrapinglinkedin.py
[2023-12-21T16:10:59.041+0000] {processor.py:829} INFO - Processing file /opt/airflow/dags/webscrapinglinkedin/dag-webscrapinglinkedin.py for tasks to queue
[2023-12-21T16:10:59.043+0000] {logging_mixin.py:154} INFO - [2023-12-21T16:10:59.042+0000] {dagbag.py:536} INFO - Filling up the DagBag from /opt/airflow/dags/webscrapinglinkedin/dag-webscrapinglinkedin.py
[2023-12-21T16:10:59.102+0000] {processor.py:839} INFO - DAG(s) dict_keys(['scraping-jobs']) retrieved from /opt/airflow/dags/webscrapinglinkedin/dag-webscrapinglinkedin.py
[2023-12-21T16:10:59.146+0000] {logging_mixin.py:154} INFO - [2023-12-21T16:10:59.146+0000] {dag.py:2941} INFO - Sync 1 DAGs
[2023-12-21T16:10:59.186+0000] {logging_mixin.py:154} INFO - [2023-12-21T16:10:59.186+0000] {dag.py:3722} INFO - Setting next_dagrun for scraping-jobs to 2023-12-21T00:00:00+00:00, run_after=2023-12-22T00:00:00+00:00
[2023-12-21T16:10:59.222+0000] {processor.py:179} INFO - Processing /opt/airflow/dags/webscrapinglinkedin/dag-webscrapinglinkedin.py took 0.189 seconds
[2023-12-21T16:11:29.641+0000] {processor.py:157} INFO - Started process (PID=570) to work on /opt/airflow/dags/webscrapinglinkedin/dag-webscrapinglinkedin.py
[2023-12-21T16:11:29.649+0000] {processor.py:829} INFO - Processing file /opt/airflow/dags/webscrapinglinkedin/dag-webscrapinglinkedin.py for tasks to queue
[2023-12-21T16:11:29.659+0000] {logging_mixin.py:154} INFO - [2023-12-21T16:11:29.656+0000] {dagbag.py:536} INFO - Filling up the DagBag from /opt/airflow/dags/webscrapinglinkedin/dag-webscrapinglinkedin.py
[2023-12-21T16:11:29.729+0000] {processor.py:839} INFO - DAG(s) dict_keys(['scraping-jobs']) retrieved from /opt/airflow/dags/webscrapinglinkedin/dag-webscrapinglinkedin.py
[2023-12-21T16:11:29.774+0000] {logging_mixin.py:154} INFO - [2023-12-21T16:11:29.774+0000] {dag.py:2941} INFO - Sync 1 DAGs
[2023-12-21T16:11:29.813+0000] {logging_mixin.py:154} INFO - [2023-12-21T16:11:29.813+0000] {dag.py:3722} INFO - Setting next_dagrun for scraping-jobs to 2023-12-21T00:00:00+00:00, run_after=2023-12-22T00:00:00+00:00
[2023-12-21T16:11:29.847+0000] {processor.py:179} INFO - Processing /opt/airflow/dags/webscrapinglinkedin/dag-webscrapinglinkedin.py took 0.225 seconds
[2023-12-21T16:12:00.330+0000] {processor.py:157} INFO - Started process (PID=580) to work on /opt/airflow/dags/webscrapinglinkedin/dag-webscrapinglinkedin.py
[2023-12-21T16:12:00.335+0000] {processor.py:829} INFO - Processing file /opt/airflow/dags/webscrapinglinkedin/dag-webscrapinglinkedin.py for tasks to queue
[2023-12-21T16:12:00.337+0000] {logging_mixin.py:154} INFO - [2023-12-21T16:12:00.336+0000] {dagbag.py:536} INFO - Filling up the DagBag from /opt/airflow/dags/webscrapinglinkedin/dag-webscrapinglinkedin.py
[2023-12-21T16:12:00.428+0000] {processor.py:839} INFO - DAG(s) dict_keys(['scraping-jobs']) retrieved from /opt/airflow/dags/webscrapinglinkedin/dag-webscrapinglinkedin.py
[2023-12-21T16:12:00.469+0000] {logging_mixin.py:154} INFO - [2023-12-21T16:12:00.468+0000] {dag.py:2941} INFO - Sync 1 DAGs
[2023-12-21T16:12:00.525+0000] {logging_mixin.py:154} INFO - [2023-12-21T16:12:00.524+0000] {dag.py:3722} INFO - Setting next_dagrun for scraping-jobs to 2023-12-21T00:00:00+00:00, run_after=2023-12-22T00:00:00+00:00
[2023-12-21T16:12:00.588+0000] {processor.py:179} INFO - Processing /opt/airflow/dags/webscrapinglinkedin/dag-webscrapinglinkedin.py took 0.270 seconds
[2023-12-21T16:12:31.418+0000] {processor.py:157} INFO - Started process (PID=589) to work on /opt/airflow/dags/webscrapinglinkedin/dag-webscrapinglinkedin.py
[2023-12-21T16:12:31.420+0000] {processor.py:829} INFO - Processing file /opt/airflow/dags/webscrapinglinkedin/dag-webscrapinglinkedin.py for tasks to queue
[2023-12-21T16:12:31.423+0000] {logging_mixin.py:154} INFO - [2023-12-21T16:12:31.422+0000] {dagbag.py:536} INFO - Filling up the DagBag from /opt/airflow/dags/webscrapinglinkedin/dag-webscrapinglinkedin.py
[2023-12-21T16:12:31.523+0000] {processor.py:839} INFO - DAG(s) dict_keys(['scraping-jobs']) retrieved from /opt/airflow/dags/webscrapinglinkedin/dag-webscrapinglinkedin.py
[2023-12-21T16:12:31.587+0000] {logging_mixin.py:154} INFO - [2023-12-21T16:12:31.586+0000] {dag.py:2941} INFO - Sync 1 DAGs
[2023-12-21T16:12:31.627+0000] {logging_mixin.py:154} INFO - [2023-12-21T16:12:31.627+0000] {dag.py:3722} INFO - Setting next_dagrun for scraping-jobs to 2023-12-21T00:00:00+00:00, run_after=2023-12-22T00:00:00+00:00
[2023-12-21T16:12:31.675+0000] {processor.py:179} INFO - Processing /opt/airflow/dags/webscrapinglinkedin/dag-webscrapinglinkedin.py took 0.261 seconds
[2023-12-21T16:13:02.162+0000] {processor.py:157} INFO - Started process (PID=597) to work on /opt/airflow/dags/webscrapinglinkedin/dag-webscrapinglinkedin.py
[2023-12-21T16:13:02.167+0000] {processor.py:829} INFO - Processing file /opt/airflow/dags/webscrapinglinkedin/dag-webscrapinglinkedin.py for tasks to queue
[2023-12-21T16:13:02.169+0000] {logging_mixin.py:154} INFO - [2023-12-21T16:13:02.169+0000] {dagbag.py:536} INFO - Filling up the DagBag from /opt/airflow/dags/webscrapinglinkedin/dag-webscrapinglinkedin.py
[2023-12-21T16:13:02.255+0000] {processor.py:839} INFO - DAG(s) dict_keys(['scraping-jobs']) retrieved from /opt/airflow/dags/webscrapinglinkedin/dag-webscrapinglinkedin.py
[2023-12-21T16:13:02.299+0000] {logging_mixin.py:154} INFO - [2023-12-21T16:13:02.299+0000] {dag.py:2941} INFO - Sync 1 DAGs
[2023-12-21T16:13:02.355+0000] {logging_mixin.py:154} INFO - [2023-12-21T16:13:02.354+0000] {dag.py:3722} INFO - Setting next_dagrun for scraping-jobs to 2023-12-21T00:00:00+00:00, run_after=2023-12-22T00:00:00+00:00
[2023-12-21T16:13:02.433+0000] {processor.py:179} INFO - Processing /opt/airflow/dags/webscrapinglinkedin/dag-webscrapinglinkedin.py took 0.272 seconds
[2023-12-21T16:13:33.193+0000] {processor.py:157} INFO - Started process (PID=605) to work on /opt/airflow/dags/webscrapinglinkedin/dag-webscrapinglinkedin.py
[2023-12-21T16:13:33.203+0000] {processor.py:829} INFO - Processing file /opt/airflow/dags/webscrapinglinkedin/dag-webscrapinglinkedin.py for tasks to queue
[2023-12-21T16:13:33.210+0000] {logging_mixin.py:154} INFO - [2023-12-21T16:13:33.209+0000] {dagbag.py:536} INFO - Filling up the DagBag from /opt/airflow/dags/webscrapinglinkedin/dag-webscrapinglinkedin.py
[2023-12-21T16:13:33.295+0000] {processor.py:839} INFO - DAG(s) dict_keys(['scraping-jobs']) retrieved from /opt/airflow/dags/webscrapinglinkedin/dag-webscrapinglinkedin.py
[2023-12-21T16:13:33.342+0000] {logging_mixin.py:154} INFO - [2023-12-21T16:13:33.342+0000] {dag.py:2941} INFO - Sync 1 DAGs
[2023-12-21T16:13:33.394+0000] {logging_mixin.py:154} INFO - [2023-12-21T16:13:33.393+0000] {dag.py:3722} INFO - Setting next_dagrun for scraping-jobs to 2023-12-21T00:00:00+00:00, run_after=2023-12-22T00:00:00+00:00
[2023-12-21T16:13:33.426+0000] {processor.py:179} INFO - Processing /opt/airflow/dags/webscrapinglinkedin/dag-webscrapinglinkedin.py took 0.249 seconds
[2023-12-21T16:13:40.373+0000] {processor.py:157} INFO - Started process (PID=606) to work on /opt/airflow/dags/webscrapinglinkedin/dag-webscrapinglinkedin.py
[2023-12-21T16:13:40.375+0000] {processor.py:829} INFO - Processing file /opt/airflow/dags/webscrapinglinkedin/dag-webscrapinglinkedin.py for tasks to queue
[2023-12-21T16:13:40.379+0000] {logging_mixin.py:154} INFO - [2023-12-21T16:13:40.378+0000] {dagbag.py:536} INFO - Filling up the DagBag from /opt/airflow/dags/webscrapinglinkedin/dag-webscrapinglinkedin.py
[2023-12-21T16:13:40.534+0000] {processor.py:839} INFO - DAG(s) dict_keys(['scraping-jobs']) retrieved from /opt/airflow/dags/webscrapinglinkedin/dag-webscrapinglinkedin.py
[2023-12-21T16:13:41.413+0000] {logging_mixin.py:154} INFO - [2023-12-21T16:13:41.412+0000] {dag.py:2941} INFO - Sync 1 DAGs
[2023-12-21T16:13:41.822+0000] {logging_mixin.py:154} INFO - [2023-12-21T16:13:41.810+0000] {dag.py:3722} INFO - Setting next_dagrun for scraping-jobs to 2023-12-21T00:00:00+00:00, run_after=2023-12-22T00:00:00+00:00
[2023-12-21T16:13:42.177+0000] {processor.py:179} INFO - Processing /opt/airflow/dags/webscrapinglinkedin/dag-webscrapinglinkedin.py took 1.810 seconds
[2023-12-21T16:14:12.646+0000] {processor.py:157} INFO - Started process (PID=615) to work on /opt/airflow/dags/webscrapinglinkedin/dag-webscrapinglinkedin.py
[2023-12-21T16:14:12.648+0000] {processor.py:829} INFO - Processing file /opt/airflow/dags/webscrapinglinkedin/dag-webscrapinglinkedin.py for tasks to queue
[2023-12-21T16:14:12.650+0000] {logging_mixin.py:154} INFO - [2023-12-21T16:14:12.650+0000] {dagbag.py:536} INFO - Filling up the DagBag from /opt/airflow/dags/webscrapinglinkedin/dag-webscrapinglinkedin.py
[2023-12-21T16:14:12.719+0000] {processor.py:839} INFO - DAG(s) dict_keys(['scraping-jobs']) retrieved from /opt/airflow/dags/webscrapinglinkedin/dag-webscrapinglinkedin.py
[2023-12-21T16:14:12.759+0000] {logging_mixin.py:154} INFO - [2023-12-21T16:14:12.759+0000] {dag.py:2941} INFO - Sync 1 DAGs
[2023-12-21T16:14:12.797+0000] {logging_mixin.py:154} INFO - [2023-12-21T16:14:12.797+0000] {dag.py:3722} INFO - Setting next_dagrun for scraping-jobs to 2023-12-21T00:00:00+00:00, run_after=2023-12-22T00:00:00+00:00
[2023-12-21T16:14:12.829+0000] {processor.py:179} INFO - Processing /opt/airflow/dags/webscrapinglinkedin/dag-webscrapinglinkedin.py took 0.188 seconds
[2023-12-21T16:14:43.136+0000] {processor.py:157} INFO - Started process (PID=623) to work on /opt/airflow/dags/webscrapinglinkedin/dag-webscrapinglinkedin.py
[2023-12-21T16:14:43.138+0000] {processor.py:829} INFO - Processing file /opt/airflow/dags/webscrapinglinkedin/dag-webscrapinglinkedin.py for tasks to queue
[2023-12-21T16:14:43.140+0000] {logging_mixin.py:154} INFO - [2023-12-21T16:14:43.140+0000] {dagbag.py:536} INFO - Filling up the DagBag from /opt/airflow/dags/webscrapinglinkedin/dag-webscrapinglinkedin.py
[2023-12-21T16:14:43.210+0000] {processor.py:839} INFO - DAG(s) dict_keys(['scraping-jobs']) retrieved from /opt/airflow/dags/webscrapinglinkedin/dag-webscrapinglinkedin.py
[2023-12-21T16:14:43.251+0000] {logging_mixin.py:154} INFO - [2023-12-21T16:14:43.250+0000] {dag.py:2941} INFO - Sync 1 DAGs
[2023-12-21T16:14:43.288+0000] {logging_mixin.py:154} INFO - [2023-12-21T16:14:43.288+0000] {dag.py:3722} INFO - Setting next_dagrun for scraping-jobs to 2023-12-21T00:00:00+00:00, run_after=2023-12-22T00:00:00+00:00
[2023-12-21T16:14:43.319+0000] {processor.py:179} INFO - Processing /opt/airflow/dags/webscrapinglinkedin/dag-webscrapinglinkedin.py took 0.190 seconds
[2023-12-21T16:15:13.612+0000] {processor.py:157} INFO - Started process (PID=631) to work on /opt/airflow/dags/webscrapinglinkedin/dag-webscrapinglinkedin.py
[2023-12-21T16:15:13.614+0000] {processor.py:829} INFO - Processing file /opt/airflow/dags/webscrapinglinkedin/dag-webscrapinglinkedin.py for tasks to queue
[2023-12-21T16:15:13.616+0000] {logging_mixin.py:154} INFO - [2023-12-21T16:15:13.616+0000] {dagbag.py:536} INFO - Filling up the DagBag from /opt/airflow/dags/webscrapinglinkedin/dag-webscrapinglinkedin.py
[2023-12-21T16:15:13.679+0000] {processor.py:839} INFO - DAG(s) dict_keys(['scraping-jobs']) retrieved from /opt/airflow/dags/webscrapinglinkedin/dag-webscrapinglinkedin.py
[2023-12-21T16:15:13.721+0000] {logging_mixin.py:154} INFO - [2023-12-21T16:15:13.721+0000] {dag.py:2941} INFO - Sync 1 DAGs
[2023-12-21T16:15:13.759+0000] {logging_mixin.py:154} INFO - [2023-12-21T16:15:13.759+0000] {dag.py:3722} INFO - Setting next_dagrun for scraping-jobs to 2023-12-21T00:00:00+00:00, run_after=2023-12-22T00:00:00+00:00
[2023-12-21T16:15:13.793+0000] {processor.py:179} INFO - Processing /opt/airflow/dags/webscrapinglinkedin/dag-webscrapinglinkedin.py took 0.186 seconds
[2023-12-21T16:15:44.326+0000] {processor.py:157} INFO - Started process (PID=639) to work on /opt/airflow/dags/webscrapinglinkedin/dag-webscrapinglinkedin.py
[2023-12-21T16:15:44.328+0000] {processor.py:829} INFO - Processing file /opt/airflow/dags/webscrapinglinkedin/dag-webscrapinglinkedin.py for tasks to queue
[2023-12-21T16:15:44.330+0000] {logging_mixin.py:154} INFO - [2023-12-21T16:15:44.329+0000] {dagbag.py:536} INFO - Filling up the DagBag from /opt/airflow/dags/webscrapinglinkedin/dag-webscrapinglinkedin.py
[2023-12-21T16:15:44.392+0000] {processor.py:839} INFO - DAG(s) dict_keys(['scraping-jobs']) retrieved from /opt/airflow/dags/webscrapinglinkedin/dag-webscrapinglinkedin.py
[2023-12-21T16:15:44.433+0000] {logging_mixin.py:154} INFO - [2023-12-21T16:15:44.433+0000] {dag.py:2941} INFO - Sync 1 DAGs
[2023-12-21T16:15:44.479+0000] {logging_mixin.py:154} INFO - [2023-12-21T16:15:44.478+0000] {dag.py:3722} INFO - Setting next_dagrun for scraping-jobs to 2023-12-21T00:00:00+00:00, run_after=2023-12-22T00:00:00+00:00
[2023-12-21T16:15:44.514+0000] {processor.py:179} INFO - Processing /opt/airflow/dags/webscrapinglinkedin/dag-webscrapinglinkedin.py took 0.193 seconds
[2023-12-21T16:16:14.932+0000] {processor.py:157} INFO - Started process (PID=646) to work on /opt/airflow/dags/webscrapinglinkedin/dag-webscrapinglinkedin.py
[2023-12-21T16:16:14.934+0000] {processor.py:829} INFO - Processing file /opt/airflow/dags/webscrapinglinkedin/dag-webscrapinglinkedin.py for tasks to queue
[2023-12-21T16:16:14.936+0000] {logging_mixin.py:154} INFO - [2023-12-21T16:16:14.936+0000] {dagbag.py:536} INFO - Filling up the DagBag from /opt/airflow/dags/webscrapinglinkedin/dag-webscrapinglinkedin.py
[2023-12-21T16:16:15.001+0000] {processor.py:839} INFO - DAG(s) dict_keys(['scraping-jobs']) retrieved from /opt/airflow/dags/webscrapinglinkedin/dag-webscrapinglinkedin.py
[2023-12-21T16:16:15.043+0000] {logging_mixin.py:154} INFO - [2023-12-21T16:16:15.042+0000] {dag.py:2941} INFO - Sync 1 DAGs
[2023-12-21T16:16:15.082+0000] {logging_mixin.py:154} INFO - [2023-12-21T16:16:15.081+0000] {dag.py:3722} INFO - Setting next_dagrun for scraping-jobs to 2023-12-21T00:00:00+00:00, run_after=2023-12-22T00:00:00+00:00
[2023-12-21T16:16:15.114+0000] {processor.py:179} INFO - Processing /opt/airflow/dags/webscrapinglinkedin/dag-webscrapinglinkedin.py took 0.189 seconds
[2023-12-21T16:16:45.482+0000] {processor.py:157} INFO - Started process (PID=654) to work on /opt/airflow/dags/webscrapinglinkedin/dag-webscrapinglinkedin.py
[2023-12-21T16:16:45.484+0000] {processor.py:829} INFO - Processing file /opt/airflow/dags/webscrapinglinkedin/dag-webscrapinglinkedin.py for tasks to queue
[2023-12-21T16:16:45.486+0000] {logging_mixin.py:154} INFO - [2023-12-21T16:16:45.486+0000] {dagbag.py:536} INFO - Filling up the DagBag from /opt/airflow/dags/webscrapinglinkedin/dag-webscrapinglinkedin.py
[2023-12-21T16:16:45.553+0000] {processor.py:839} INFO - DAG(s) dict_keys(['scraping-jobs']) retrieved from /opt/airflow/dags/webscrapinglinkedin/dag-webscrapinglinkedin.py
[2023-12-21T16:16:45.596+0000] {logging_mixin.py:154} INFO - [2023-12-21T16:16:45.595+0000] {dag.py:2941} INFO - Sync 1 DAGs
[2023-12-21T16:16:45.634+0000] {logging_mixin.py:154} INFO - [2023-12-21T16:16:45.633+0000] {dag.py:3722} INFO - Setting next_dagrun for scraping-jobs to 2023-12-21T00:00:00+00:00, run_after=2023-12-22T00:00:00+00:00
[2023-12-21T16:16:45.668+0000] {processor.py:179} INFO - Processing /opt/airflow/dags/webscrapinglinkedin/dag-webscrapinglinkedin.py took 0.191 seconds
[2023-12-21T16:17:16.167+0000] {processor.py:157} INFO - Started process (PID=662) to work on /opt/airflow/dags/webscrapinglinkedin/dag-webscrapinglinkedin.py
[2023-12-21T16:17:16.169+0000] {processor.py:829} INFO - Processing file /opt/airflow/dags/webscrapinglinkedin/dag-webscrapinglinkedin.py for tasks to queue
[2023-12-21T16:17:16.170+0000] {logging_mixin.py:154} INFO - [2023-12-21T16:17:16.170+0000] {dagbag.py:536} INFO - Filling up the DagBag from /opt/airflow/dags/webscrapinglinkedin/dag-webscrapinglinkedin.py
[2023-12-21T16:17:16.234+0000] {processor.py:839} INFO - DAG(s) dict_keys(['scraping-jobs']) retrieved from /opt/airflow/dags/webscrapinglinkedin/dag-webscrapinglinkedin.py
[2023-12-21T16:17:16.275+0000] {logging_mixin.py:154} INFO - [2023-12-21T16:17:16.275+0000] {dag.py:2941} INFO - Sync 1 DAGs
[2023-12-21T16:17:16.311+0000] {logging_mixin.py:154} INFO - [2023-12-21T16:17:16.311+0000] {dag.py:3722} INFO - Setting next_dagrun for scraping-jobs to 2023-12-21T00:00:00+00:00, run_after=2023-12-22T00:00:00+00:00
[2023-12-21T16:17:16.344+0000] {processor.py:179} INFO - Processing /opt/airflow/dags/webscrapinglinkedin/dag-webscrapinglinkedin.py took 0.182 seconds
[2023-12-21T16:17:46.685+0000] {processor.py:157} INFO - Started process (PID=670) to work on /opt/airflow/dags/webscrapinglinkedin/dag-webscrapinglinkedin.py
[2023-12-21T16:17:46.687+0000] {processor.py:829} INFO - Processing file /opt/airflow/dags/webscrapinglinkedin/dag-webscrapinglinkedin.py for tasks to queue
[2023-12-21T16:17:46.689+0000] {logging_mixin.py:154} INFO - [2023-12-21T16:17:46.689+0000] {dagbag.py:536} INFO - Filling up the DagBag from /opt/airflow/dags/webscrapinglinkedin/dag-webscrapinglinkedin.py
[2023-12-21T16:17:46.765+0000] {processor.py:839} INFO - DAG(s) dict_keys(['scraping-jobs']) retrieved from /opt/airflow/dags/webscrapinglinkedin/dag-webscrapinglinkedin.py
[2023-12-21T16:17:46.817+0000] {logging_mixin.py:154} INFO - [2023-12-21T16:17:46.817+0000] {dag.py:2941} INFO - Sync 1 DAGs
[2023-12-21T16:17:46.861+0000] {logging_mixin.py:154} INFO - [2023-12-21T16:17:46.861+0000] {dag.py:3722} INFO - Setting next_dagrun for scraping-jobs to 2023-12-21T00:00:00+00:00, run_after=2023-12-22T00:00:00+00:00
[2023-12-21T16:17:46.896+0000] {processor.py:179} INFO - Processing /opt/airflow/dags/webscrapinglinkedin/dag-webscrapinglinkedin.py took 0.218 seconds
[2023-12-21T16:18:17.544+0000] {processor.py:157} INFO - Started process (PID=678) to work on /opt/airflow/dags/webscrapinglinkedin/dag-webscrapinglinkedin.py
[2023-12-21T16:18:17.547+0000] {processor.py:829} INFO - Processing file /opt/airflow/dags/webscrapinglinkedin/dag-webscrapinglinkedin.py for tasks to queue
[2023-12-21T16:18:17.550+0000] {logging_mixin.py:154} INFO - [2023-12-21T16:18:17.549+0000] {dagbag.py:536} INFO - Filling up the DagBag from /opt/airflow/dags/webscrapinglinkedin/dag-webscrapinglinkedin.py
[2023-12-21T16:18:17.639+0000] {processor.py:839} INFO - DAG(s) dict_keys(['scraping-jobs']) retrieved from /opt/airflow/dags/webscrapinglinkedin/dag-webscrapinglinkedin.py
[2023-12-21T16:18:17.706+0000] {logging_mixin.py:154} INFO - [2023-12-21T16:18:17.705+0000] {dag.py:2941} INFO - Sync 1 DAGs
[2023-12-21T16:18:17.774+0000] {logging_mixin.py:154} INFO - [2023-12-21T16:18:17.773+0000] {dag.py:3722} INFO - Setting next_dagrun for scraping-jobs to 2023-12-21T00:00:00+00:00, run_after=2023-12-22T00:00:00+00:00
[2023-12-21T16:18:17.823+0000] {processor.py:179} INFO - Processing /opt/airflow/dags/webscrapinglinkedin/dag-webscrapinglinkedin.py took 0.287 seconds
[2023-12-21T16:18:49.583+0000] {processor.py:157} INFO - Started process (PID=687) to work on /opt/airflow/dags/webscrapinglinkedin/dag-webscrapinglinkedin.py
[2023-12-21T16:18:49.650+0000] {processor.py:829} INFO - Processing file /opt/airflow/dags/webscrapinglinkedin/dag-webscrapinglinkedin.py for tasks to queue
[2023-12-21T16:18:49.709+0000] {logging_mixin.py:154} INFO - [2023-12-21T16:18:49.709+0000] {dagbag.py:536} INFO - Filling up the DagBag from /opt/airflow/dags/webscrapinglinkedin/dag-webscrapinglinkedin.py
[2023-12-21T16:18:55.170+0000] {processor.py:839} INFO - DAG(s) dict_keys(['scraping-jobs']) retrieved from /opt/airflow/dags/webscrapinglinkedin/dag-webscrapinglinkedin.py
[2023-12-21T16:18:55.364+0000] {logging_mixin.py:154} INFO - [2023-12-21T16:18:55.363+0000] {dag.py:2941} INFO - Sync 1 DAGs
[2023-12-21T16:18:55.639+0000] {logging_mixin.py:154} INFO - [2023-12-21T16:18:55.639+0000] {dag.py:3722} INFO - Setting next_dagrun for scraping-jobs to 2023-12-21T00:00:00+00:00, run_after=2023-12-22T00:00:00+00:00
[2023-12-21T16:18:56.283+0000] {processor.py:179} INFO - Processing /opt/airflow/dags/webscrapinglinkedin/dag-webscrapinglinkedin.py took 6.778 seconds
