[2023-12-21T15:24:41.006+0000] {processor.py:157} INFO - Started process (PID=1349) to work on /opt/airflow/dags/apps/webscrapinglinkedin/dag-webscrapinglinkedin.py
[2023-12-21T15:24:41.102+0000] {processor.py:829} INFO - Processing file /opt/airflow/dags/apps/webscrapinglinkedin/dag-webscrapinglinkedin.py for tasks to queue
[2023-12-21T15:24:41.363+0000] {logging_mixin.py:154} INFO - [2023-12-21T15:24:41.236+0000] {dagbag.py:536} INFO - Filling up the DagBag from /opt/airflow/dags/apps/webscrapinglinkedin/dag-webscrapinglinkedin.py
[2023-12-21T15:24:41.642+0000] {processor.py:839} INFO - DAG(s) dict_keys(['scraping-jobs']) retrieved from /opt/airflow/dags/apps/webscrapinglinkedin/dag-webscrapinglinkedin.py
[2023-12-21T15:29:48.374+0000] {processor.py:157} INFO - Started process (PID=63) to work on /opt/airflow/dags/apps/webscrapinglinkedin/dag-webscrapinglinkedin.py
[2023-12-21T15:29:48.379+0000] {processor.py:829} INFO - Processing file /opt/airflow/dags/apps/webscrapinglinkedin/dag-webscrapinglinkedin.py for tasks to queue
[2023-12-21T15:29:48.484+0000] {logging_mixin.py:154} INFO - [2023-12-21T15:29:48.478+0000] {dagbag.py:536} INFO - Filling up the DagBag from /opt/airflow/dags/apps/webscrapinglinkedin/dag-webscrapinglinkedin.py
[2023-12-21T15:29:48.753+0000] {processor.py:839} INFO - DAG(s) dict_keys(['scraping-jobs']) retrieved from /opt/airflow/dags/apps/webscrapinglinkedin/dag-webscrapinglinkedin.py
[2023-12-21T15:29:50.897+0000] {logging_mixin.py:154} INFO - [2023-12-21T15:29:50.897+0000] {dag.py:2941} INFO - Sync 1 DAGs
[2023-12-21T15:29:51.126+0000] {logging_mixin.py:154} INFO - [2023-12-21T15:29:51.122+0000] {dag.py:3722} INFO - Setting next_dagrun for scraping-jobs to 2023-12-21T00:00:00+00:00, run_after=2023-12-22T00:00:00+00:00
[2023-12-21T15:29:51.252+0000] {processor.py:179} INFO - Processing /opt/airflow/dags/apps/webscrapinglinkedin/dag-webscrapinglinkedin.py took 2.943 seconds
[2023-12-21T15:30:22.528+0000] {processor.py:157} INFO - Started process (PID=71) to work on /opt/airflow/dags/apps/webscrapinglinkedin/dag-webscrapinglinkedin.py
[2023-12-21T15:30:22.560+0000] {processor.py:829} INFO - Processing file /opt/airflow/dags/apps/webscrapinglinkedin/dag-webscrapinglinkedin.py for tasks to queue
[2023-12-21T15:30:22.646+0000] {logging_mixin.py:154} INFO - [2023-12-21T15:30:22.642+0000] {dagbag.py:536} INFO - Filling up the DagBag from /opt/airflow/dags/apps/webscrapinglinkedin/dag-webscrapinglinkedin.py
[2023-12-21T15:30:23.060+0000] {processor.py:839} INFO - DAG(s) dict_keys(['scraping-jobs']) retrieved from /opt/airflow/dags/apps/webscrapinglinkedin/dag-webscrapinglinkedin.py
[2023-12-21T15:30:23.765+0000] {logging_mixin.py:154} INFO - [2023-12-21T15:30:23.764+0000] {dag.py:2941} INFO - Sync 1 DAGs
[2023-12-21T15:30:24.142+0000] {logging_mixin.py:154} INFO - [2023-12-21T15:30:24.141+0000] {dag.py:3722} INFO - Setting next_dagrun for scraping-jobs to 2023-12-21T00:00:00+00:00, run_after=2023-12-22T00:00:00+00:00
[2023-12-21T15:30:24.302+0000] {processor.py:179} INFO - Processing /opt/airflow/dags/apps/webscrapinglinkedin/dag-webscrapinglinkedin.py took 1.890 seconds
[2023-12-21T15:30:55.248+0000] {processor.py:157} INFO - Started process (PID=79) to work on /opt/airflow/dags/apps/webscrapinglinkedin/dag-webscrapinglinkedin.py
[2023-12-21T15:30:55.255+0000] {processor.py:829} INFO - Processing file /opt/airflow/dags/apps/webscrapinglinkedin/dag-webscrapinglinkedin.py for tasks to queue
[2023-12-21T15:30:55.286+0000] {logging_mixin.py:154} INFO - [2023-12-21T15:30:55.286+0000] {dagbag.py:536} INFO - Filling up the DagBag from /opt/airflow/dags/apps/webscrapinglinkedin/dag-webscrapinglinkedin.py
[2023-12-21T15:30:55.423+0000] {processor.py:839} INFO - DAG(s) dict_keys(['scraping-jobs']) retrieved from /opt/airflow/dags/apps/webscrapinglinkedin/dag-webscrapinglinkedin.py
[2023-12-21T15:30:55.595+0000] {logging_mixin.py:154} INFO - [2023-12-21T15:30:55.593+0000] {dag.py:2941} INFO - Sync 1 DAGs
[2023-12-21T15:30:55.792+0000] {logging_mixin.py:154} INFO - [2023-12-21T15:30:55.792+0000] {dag.py:3722} INFO - Setting next_dagrun for scraping-jobs to 2023-12-21T00:00:00+00:00, run_after=2023-12-22T00:00:00+00:00
[2023-12-21T15:30:55.852+0000] {processor.py:179} INFO - Processing /opt/airflow/dags/apps/webscrapinglinkedin/dag-webscrapinglinkedin.py took 0.613 seconds
[2023-12-21T15:31:26.616+0000] {processor.py:157} INFO - Started process (PID=88) to work on /opt/airflow/dags/apps/webscrapinglinkedin/dag-webscrapinglinkedin.py
[2023-12-21T15:31:26.628+0000] {processor.py:829} INFO - Processing file /opt/airflow/dags/apps/webscrapinglinkedin/dag-webscrapinglinkedin.py for tasks to queue
[2023-12-21T15:31:26.654+0000] {logging_mixin.py:154} INFO - [2023-12-21T15:31:26.653+0000] {dagbag.py:536} INFO - Filling up the DagBag from /opt/airflow/dags/apps/webscrapinglinkedin/dag-webscrapinglinkedin.py
[2023-12-21T15:31:26.798+0000] {processor.py:839} INFO - DAG(s) dict_keys(['scraping-jobs']) retrieved from /opt/airflow/dags/apps/webscrapinglinkedin/dag-webscrapinglinkedin.py
[2023-12-21T15:31:26.898+0000] {logging_mixin.py:154} INFO - [2023-12-21T15:31:26.898+0000] {dag.py:2941} INFO - Sync 1 DAGs
[2023-12-21T15:31:27.089+0000] {logging_mixin.py:154} INFO - [2023-12-21T15:31:27.089+0000] {dag.py:3722} INFO - Setting next_dagrun for scraping-jobs to 2023-12-21T00:00:00+00:00, run_after=2023-12-22T00:00:00+00:00
[2023-12-21T15:31:27.174+0000] {processor.py:179} INFO - Processing /opt/airflow/dags/apps/webscrapinglinkedin/dag-webscrapinglinkedin.py took 0.609 seconds
[2023-12-21T15:31:57.886+0000] {processor.py:157} INFO - Started process (PID=96) to work on /opt/airflow/dags/apps/webscrapinglinkedin/dag-webscrapinglinkedin.py
[2023-12-21T15:31:57.908+0000] {processor.py:829} INFO - Processing file /opt/airflow/dags/apps/webscrapinglinkedin/dag-webscrapinglinkedin.py for tasks to queue
[2023-12-21T15:31:57.925+0000] {logging_mixin.py:154} INFO - [2023-12-21T15:31:57.924+0000] {dagbag.py:536} INFO - Filling up the DagBag from /opt/airflow/dags/apps/webscrapinglinkedin/dag-webscrapinglinkedin.py
[2023-12-21T15:31:58.340+0000] {processor.py:839} INFO - DAG(s) dict_keys(['scraping-jobs']) retrieved from /opt/airflow/dags/apps/webscrapinglinkedin/dag-webscrapinglinkedin.py
[2023-12-21T15:31:59.232+0000] {logging_mixin.py:154} INFO - [2023-12-21T15:31:59.232+0000] {dag.py:2941} INFO - Sync 1 DAGs
[2023-12-21T15:31:59.573+0000] {logging_mixin.py:154} INFO - [2023-12-21T15:31:59.572+0000] {dag.py:3722} INFO - Setting next_dagrun for scraping-jobs to 2023-12-21T00:00:00+00:00, run_after=2023-12-22T00:00:00+00:00
[2023-12-21T15:31:59.919+0000] {processor.py:179} INFO - Processing /opt/airflow/dags/apps/webscrapinglinkedin/dag-webscrapinglinkedin.py took 2.128 seconds
[2023-12-21T15:32:30.491+0000] {processor.py:157} INFO - Started process (PID=104) to work on /opt/airflow/dags/apps/webscrapinglinkedin/dag-webscrapinglinkedin.py
[2023-12-21T15:32:30.493+0000] {processor.py:829} INFO - Processing file /opt/airflow/dags/apps/webscrapinglinkedin/dag-webscrapinglinkedin.py for tasks to queue
[2023-12-21T15:32:30.499+0000] {logging_mixin.py:154} INFO - [2023-12-21T15:32:30.498+0000] {dagbag.py:536} INFO - Filling up the DagBag from /opt/airflow/dags/apps/webscrapinglinkedin/dag-webscrapinglinkedin.py
[2023-12-21T15:32:30.633+0000] {processor.py:839} INFO - DAG(s) dict_keys(['scraping-jobs']) retrieved from /opt/airflow/dags/apps/webscrapinglinkedin/dag-webscrapinglinkedin.py
[2023-12-21T15:32:30.737+0000] {logging_mixin.py:154} INFO - [2023-12-21T15:32:30.736+0000] {dag.py:2941} INFO - Sync 1 DAGs
[2023-12-21T15:32:30.821+0000] {logging_mixin.py:154} INFO - [2023-12-21T15:32:30.821+0000] {dag.py:3722} INFO - Setting next_dagrun for scraping-jobs to 2023-12-21T00:00:00+00:00, run_after=2023-12-22T00:00:00+00:00
[2023-12-21T15:32:30.872+0000] {processor.py:179} INFO - Processing /opt/airflow/dags/apps/webscrapinglinkedin/dag-webscrapinglinkedin.py took 0.388 seconds
[2023-12-21T15:33:01.563+0000] {processor.py:157} INFO - Started process (PID=112) to work on /opt/airflow/dags/apps/webscrapinglinkedin/dag-webscrapinglinkedin.py
[2023-12-21T15:33:01.565+0000] {processor.py:829} INFO - Processing file /opt/airflow/dags/apps/webscrapinglinkedin/dag-webscrapinglinkedin.py for tasks to queue
[2023-12-21T15:33:01.571+0000] {logging_mixin.py:154} INFO - [2023-12-21T15:33:01.571+0000] {dagbag.py:536} INFO - Filling up the DagBag from /opt/airflow/dags/apps/webscrapinglinkedin/dag-webscrapinglinkedin.py
[2023-12-21T15:33:01.637+0000] {processor.py:839} INFO - DAG(s) dict_keys(['scraping-jobs']) retrieved from /opt/airflow/dags/apps/webscrapinglinkedin/dag-webscrapinglinkedin.py
[2023-12-21T15:33:01.681+0000] {logging_mixin.py:154} INFO - [2023-12-21T15:33:01.680+0000] {dag.py:2941} INFO - Sync 1 DAGs
[2023-12-21T15:33:01.730+0000] {logging_mixin.py:154} INFO - [2023-12-21T15:33:01.730+0000] {dag.py:3722} INFO - Setting next_dagrun for scraping-jobs to 2023-12-21T00:00:00+00:00, run_after=2023-12-22T00:00:00+00:00
[2023-12-21T15:33:01.766+0000] {processor.py:179} INFO - Processing /opt/airflow/dags/apps/webscrapinglinkedin/dag-webscrapinglinkedin.py took 0.209 seconds
[2023-12-21T15:33:32.331+0000] {processor.py:157} INFO - Started process (PID=120) to work on /opt/airflow/dags/apps/webscrapinglinkedin/dag-webscrapinglinkedin.py
[2023-12-21T15:33:32.334+0000] {processor.py:829} INFO - Processing file /opt/airflow/dags/apps/webscrapinglinkedin/dag-webscrapinglinkedin.py for tasks to queue
[2023-12-21T15:33:32.338+0000] {logging_mixin.py:154} INFO - [2023-12-21T15:33:32.338+0000] {dagbag.py:536} INFO - Filling up the DagBag from /opt/airflow/dags/apps/webscrapinglinkedin/dag-webscrapinglinkedin.py
[2023-12-21T15:33:32.399+0000] {processor.py:839} INFO - DAG(s) dict_keys(['scraping-jobs']) retrieved from /opt/airflow/dags/apps/webscrapinglinkedin/dag-webscrapinglinkedin.py
[2023-12-21T15:33:32.443+0000] {logging_mixin.py:154} INFO - [2023-12-21T15:33:32.442+0000] {dag.py:2941} INFO - Sync 1 DAGs
[2023-12-21T15:33:32.488+0000] {logging_mixin.py:154} INFO - [2023-12-21T15:33:32.488+0000] {dag.py:3722} INFO - Setting next_dagrun for scraping-jobs to 2023-12-21T00:00:00+00:00, run_after=2023-12-22T00:00:00+00:00
[2023-12-21T15:33:32.526+0000] {processor.py:179} INFO - Processing /opt/airflow/dags/apps/webscrapinglinkedin/dag-webscrapinglinkedin.py took 0.201 seconds
[2023-12-21T15:34:03.365+0000] {processor.py:157} INFO - Started process (PID=128) to work on /opt/airflow/dags/apps/webscrapinglinkedin/dag-webscrapinglinkedin.py
[2023-12-21T15:34:03.368+0000] {processor.py:829} INFO - Processing file /opt/airflow/dags/apps/webscrapinglinkedin/dag-webscrapinglinkedin.py for tasks to queue
[2023-12-21T15:34:03.373+0000] {logging_mixin.py:154} INFO - [2023-12-21T15:34:03.372+0000] {dagbag.py:536} INFO - Filling up the DagBag from /opt/airflow/dags/apps/webscrapinglinkedin/dag-webscrapinglinkedin.py
[2023-12-21T15:34:03.447+0000] {processor.py:839} INFO - DAG(s) dict_keys(['scraping-jobs']) retrieved from /opt/airflow/dags/apps/webscrapinglinkedin/dag-webscrapinglinkedin.py
[2023-12-21T15:34:03.497+0000] {logging_mixin.py:154} INFO - [2023-12-21T15:34:03.497+0000] {dag.py:2941} INFO - Sync 1 DAGs
[2023-12-21T15:34:03.557+0000] {logging_mixin.py:154} INFO - [2023-12-21T15:34:03.557+0000] {dag.py:3722} INFO - Setting next_dagrun for scraping-jobs to 2023-12-21T00:00:00+00:00, run_after=2023-12-22T00:00:00+00:00
[2023-12-21T15:34:03.618+0000] {processor.py:179} INFO - Processing /opt/airflow/dags/apps/webscrapinglinkedin/dag-webscrapinglinkedin.py took 0.268 seconds
[2023-12-21T15:34:33.905+0000] {processor.py:157} INFO - Started process (PID=136) to work on /opt/airflow/dags/apps/webscrapinglinkedin/dag-webscrapinglinkedin.py
[2023-12-21T15:34:33.914+0000] {processor.py:829} INFO - Processing file /opt/airflow/dags/apps/webscrapinglinkedin/dag-webscrapinglinkedin.py for tasks to queue
[2023-12-21T15:34:33.918+0000] {logging_mixin.py:154} INFO - [2023-12-21T15:34:33.918+0000] {dagbag.py:536} INFO - Filling up the DagBag from /opt/airflow/dags/apps/webscrapinglinkedin/dag-webscrapinglinkedin.py
[2023-12-21T15:34:34.000+0000] {processor.py:839} INFO - DAG(s) dict_keys(['scraping-jobs']) retrieved from /opt/airflow/dags/apps/webscrapinglinkedin/dag-webscrapinglinkedin.py
[2023-12-21T15:34:34.052+0000] {logging_mixin.py:154} INFO - [2023-12-21T15:34:34.051+0000] {dag.py:2941} INFO - Sync 1 DAGs
[2023-12-21T15:34:34.129+0000] {logging_mixin.py:154} INFO - [2023-12-21T15:34:34.128+0000] {dag.py:3722} INFO - Setting next_dagrun for scraping-jobs to 2023-12-21T00:00:00+00:00, run_after=2023-12-22T00:00:00+00:00
[2023-12-21T15:34:34.194+0000] {processor.py:179} INFO - Processing /opt/airflow/dags/apps/webscrapinglinkedin/dag-webscrapinglinkedin.py took 0.296 seconds
[2023-12-21T15:35:05.074+0000] {processor.py:157} INFO - Started process (PID=152) to work on /opt/airflow/dags/apps/webscrapinglinkedin/dag-webscrapinglinkedin.py
[2023-12-21T15:35:05.077+0000] {processor.py:829} INFO - Processing file /opt/airflow/dags/apps/webscrapinglinkedin/dag-webscrapinglinkedin.py for tasks to queue
[2023-12-21T15:35:05.082+0000] {logging_mixin.py:154} INFO - [2023-12-21T15:35:05.082+0000] {dagbag.py:536} INFO - Filling up the DagBag from /opt/airflow/dags/apps/webscrapinglinkedin/dag-webscrapinglinkedin.py
[2023-12-21T15:35:05.172+0000] {processor.py:839} INFO - DAG(s) dict_keys(['scraping-jobs']) retrieved from /opt/airflow/dags/apps/webscrapinglinkedin/dag-webscrapinglinkedin.py
[2023-12-21T15:35:05.224+0000] {logging_mixin.py:154} INFO - [2023-12-21T15:35:05.223+0000] {dag.py:2941} INFO - Sync 1 DAGs
[2023-12-21T15:35:05.289+0000] {logging_mixin.py:154} INFO - [2023-12-21T15:35:05.289+0000] {dag.py:3722} INFO - Setting next_dagrun for scraping-jobs to 2023-12-21T00:00:00+00:00, run_after=2023-12-22T00:00:00+00:00
[2023-12-21T15:35:05.336+0000] {processor.py:179} INFO - Processing /opt/airflow/dags/apps/webscrapinglinkedin/dag-webscrapinglinkedin.py took 0.269 seconds
[2023-12-21T15:35:36.034+0000] {processor.py:157} INFO - Started process (PID=161) to work on /opt/airflow/dags/apps/webscrapinglinkedin/dag-webscrapinglinkedin.py
[2023-12-21T15:35:36.037+0000] {processor.py:829} INFO - Processing file /opt/airflow/dags/apps/webscrapinglinkedin/dag-webscrapinglinkedin.py for tasks to queue
[2023-12-21T15:35:36.051+0000] {logging_mixin.py:154} INFO - [2023-12-21T15:35:36.050+0000] {dagbag.py:536} INFO - Filling up the DagBag from /opt/airflow/dags/apps/webscrapinglinkedin/dag-webscrapinglinkedin.py
[2023-12-21T15:35:36.225+0000] {processor.py:839} INFO - DAG(s) dict_keys(['scraping-jobs']) retrieved from /opt/airflow/dags/apps/webscrapinglinkedin/dag-webscrapinglinkedin.py
[2023-12-21T15:35:36.312+0000] {logging_mixin.py:154} INFO - [2023-12-21T15:35:36.311+0000] {dag.py:2941} INFO - Sync 1 DAGs
[2023-12-21T15:35:36.373+0000] {logging_mixin.py:154} INFO - [2023-12-21T15:35:36.373+0000] {dag.py:3722} INFO - Setting next_dagrun for scraping-jobs to 2023-12-21T00:00:00+00:00, run_after=2023-12-22T00:00:00+00:00
[2023-12-21T15:35:36.437+0000] {processor.py:179} INFO - Processing /opt/airflow/dags/apps/webscrapinglinkedin/dag-webscrapinglinkedin.py took 0.432 seconds
[2023-12-21T15:36:06.625+0000] {processor.py:157} INFO - Started process (PID=169) to work on /opt/airflow/dags/apps/webscrapinglinkedin/dag-webscrapinglinkedin.py
[2023-12-21T15:36:06.627+0000] {processor.py:829} INFO - Processing file /opt/airflow/dags/apps/webscrapinglinkedin/dag-webscrapinglinkedin.py for tasks to queue
[2023-12-21T15:36:06.647+0000] {logging_mixin.py:154} INFO - [2023-12-21T15:36:06.645+0000] {dagbag.py:536} INFO - Filling up the DagBag from /opt/airflow/dags/apps/webscrapinglinkedin/dag-webscrapinglinkedin.py
[2023-12-21T15:36:06.771+0000] {processor.py:839} INFO - DAG(s) dict_keys(['scraping-jobs']) retrieved from /opt/airflow/dags/apps/webscrapinglinkedin/dag-webscrapinglinkedin.py
[2023-12-21T15:36:06.911+0000] {logging_mixin.py:154} INFO - [2023-12-21T15:36:06.910+0000] {dag.py:2941} INFO - Sync 1 DAGs
[2023-12-21T15:36:07.017+0000] {logging_mixin.py:154} INFO - [2023-12-21T15:36:07.017+0000] {dag.py:3722} INFO - Setting next_dagrun for scraping-jobs to 2023-12-21T00:00:00+00:00, run_after=2023-12-22T00:00:00+00:00
[2023-12-21T15:36:07.076+0000] {processor.py:179} INFO - Processing /opt/airflow/dags/apps/webscrapinglinkedin/dag-webscrapinglinkedin.py took 0.467 seconds
[2023-12-21T15:39:39.776+0000] {processor.py:157} INFO - Started process (PID=50) to work on /opt/airflow/dags/apps/webscrapinglinkedin/dag-webscrapinglinkedin.py
[2023-12-21T15:39:39.784+0000] {processor.py:829} INFO - Processing file /opt/airflow/dags/apps/webscrapinglinkedin/dag-webscrapinglinkedin.py for tasks to queue
[2023-12-21T15:39:39.836+0000] {logging_mixin.py:154} INFO - [2023-12-21T15:39:39.835+0000] {dagbag.py:536} INFO - Filling up the DagBag from /opt/airflow/dags/apps/webscrapinglinkedin/dag-webscrapinglinkedin.py
[2023-12-21T15:39:40.048+0000] {processor.py:839} INFO - DAG(s) dict_keys(['scraping-jobs']) retrieved from /opt/airflow/dags/apps/webscrapinglinkedin/dag-webscrapinglinkedin.py
[2023-12-21T15:39:40.932+0000] {logging_mixin.py:154} INFO - [2023-12-21T15:39:40.932+0000] {dag.py:2941} INFO - Sync 1 DAGs
[2023-12-21T15:39:41.002+0000] {logging_mixin.py:154} INFO - [2023-12-21T15:39:41.001+0000] {dag.py:3722} INFO - Setting next_dagrun for scraping-jobs to 2023-12-21T00:00:00+00:00, run_after=2023-12-22T00:00:00+00:00
[2023-12-21T15:39:41.070+0000] {processor.py:179} INFO - Processing /opt/airflow/dags/apps/webscrapinglinkedin/dag-webscrapinglinkedin.py took 1.317 seconds
[2023-12-21T15:40:11.507+0000] {processor.py:157} INFO - Started process (PID=65) to work on /opt/airflow/dags/apps/webscrapinglinkedin/dag-webscrapinglinkedin.py
[2023-12-21T15:40:11.512+0000] {processor.py:829} INFO - Processing file /opt/airflow/dags/apps/webscrapinglinkedin/dag-webscrapinglinkedin.py for tasks to queue
[2023-12-21T15:40:11.526+0000] {logging_mixin.py:154} INFO - [2023-12-21T15:40:11.525+0000] {dagbag.py:536} INFO - Filling up the DagBag from /opt/airflow/dags/apps/webscrapinglinkedin/dag-webscrapinglinkedin.py
[2023-12-21T15:40:11.656+0000] {processor.py:839} INFO - DAG(s) dict_keys(['scraping-jobs']) retrieved from /opt/airflow/dags/apps/webscrapinglinkedin/dag-webscrapinglinkedin.py
[2023-12-21T15:40:12.236+0000] {logging_mixin.py:154} INFO - [2023-12-21T15:40:12.236+0000] {dag.py:2941} INFO - Sync 1 DAGs
[2023-12-21T15:40:12.491+0000] {logging_mixin.py:154} INFO - [2023-12-21T15:40:12.491+0000] {dag.py:3722} INFO - Setting next_dagrun for scraping-jobs to 2023-12-21T00:00:00+00:00, run_after=2023-12-22T00:00:00+00:00
[2023-12-21T15:40:13.306+0000] {processor.py:179} INFO - Processing /opt/airflow/dags/apps/webscrapinglinkedin/dag-webscrapinglinkedin.py took 1.811 seconds
[2023-12-21T15:40:43.931+0000] {processor.py:157} INFO - Started process (PID=73) to work on /opt/airflow/dags/apps/webscrapinglinkedin/dag-webscrapinglinkedin.py
[2023-12-21T15:40:43.935+0000] {processor.py:829} INFO - Processing file /opt/airflow/dags/apps/webscrapinglinkedin/dag-webscrapinglinkedin.py for tasks to queue
[2023-12-21T15:40:43.945+0000] {logging_mixin.py:154} INFO - [2023-12-21T15:40:43.945+0000] {dagbag.py:536} INFO - Filling up the DagBag from /opt/airflow/dags/apps/webscrapinglinkedin/dag-webscrapinglinkedin.py
[2023-12-21T15:40:44.110+0000] {processor.py:839} INFO - DAG(s) dict_keys(['scraping-jobs']) retrieved from /opt/airflow/dags/apps/webscrapinglinkedin/dag-webscrapinglinkedin.py
[2023-12-21T15:40:44.236+0000] {logging_mixin.py:154} INFO - [2023-12-21T15:40:44.236+0000] {dag.py:2941} INFO - Sync 1 DAGs
[2023-12-21T15:40:44.443+0000] {logging_mixin.py:154} INFO - [2023-12-21T15:40:44.442+0000] {dag.py:3722} INFO - Setting next_dagrun for scraping-jobs to 2023-12-21T00:00:00+00:00, run_after=2023-12-22T00:00:00+00:00
[2023-12-21T15:40:44.541+0000] {processor.py:179} INFO - Processing /opt/airflow/dags/apps/webscrapinglinkedin/dag-webscrapinglinkedin.py took 0.627 seconds
[2023-12-21T15:41:15.203+0000] {processor.py:157} INFO - Started process (PID=81) to work on /opt/airflow/dags/apps/webscrapinglinkedin/dag-webscrapinglinkedin.py
[2023-12-21T15:41:15.205+0000] {processor.py:829} INFO - Processing file /opt/airflow/dags/apps/webscrapinglinkedin/dag-webscrapinglinkedin.py for tasks to queue
[2023-12-21T15:41:15.210+0000] {logging_mixin.py:154} INFO - [2023-12-21T15:41:15.210+0000] {dagbag.py:536} INFO - Filling up the DagBag from /opt/airflow/dags/apps/webscrapinglinkedin/dag-webscrapinglinkedin.py
[2023-12-21T15:41:15.273+0000] {processor.py:839} INFO - DAG(s) dict_keys(['scraping-jobs']) retrieved from /opt/airflow/dags/apps/webscrapinglinkedin/dag-webscrapinglinkedin.py
[2023-12-21T15:41:15.315+0000] {logging_mixin.py:154} INFO - [2023-12-21T15:41:15.315+0000] {dag.py:2941} INFO - Sync 1 DAGs
[2023-12-21T15:41:15.358+0000] {logging_mixin.py:154} INFO - [2023-12-21T15:41:15.357+0000] {dag.py:3722} INFO - Setting next_dagrun for scraping-jobs to 2023-12-21T00:00:00+00:00, run_after=2023-12-22T00:00:00+00:00
[2023-12-21T15:41:15.393+0000] {processor.py:179} INFO - Processing /opt/airflow/dags/apps/webscrapinglinkedin/dag-webscrapinglinkedin.py took 0.196 seconds
[2023-12-21T15:41:45.755+0000] {processor.py:157} INFO - Started process (PID=89) to work on /opt/airflow/dags/apps/webscrapinglinkedin/dag-webscrapinglinkedin.py
[2023-12-21T15:41:45.757+0000] {processor.py:829} INFO - Processing file /opt/airflow/dags/apps/webscrapinglinkedin/dag-webscrapinglinkedin.py for tasks to queue
[2023-12-21T15:41:45.762+0000] {logging_mixin.py:154} INFO - [2023-12-21T15:41:45.762+0000] {dagbag.py:536} INFO - Filling up the DagBag from /opt/airflow/dags/apps/webscrapinglinkedin/dag-webscrapinglinkedin.py
[2023-12-21T15:41:45.832+0000] {processor.py:839} INFO - DAG(s) dict_keys(['scraping-jobs']) retrieved from /opt/airflow/dags/apps/webscrapinglinkedin/dag-webscrapinglinkedin.py
[2023-12-21T15:41:45.873+0000] {logging_mixin.py:154} INFO - [2023-12-21T15:41:45.872+0000] {dag.py:2941} INFO - Sync 1 DAGs
[2023-12-21T15:41:45.914+0000] {logging_mixin.py:154} INFO - [2023-12-21T15:41:45.913+0000] {dag.py:3722} INFO - Setting next_dagrun for scraping-jobs to 2023-12-21T00:00:00+00:00, run_after=2023-12-22T00:00:00+00:00
[2023-12-21T15:41:45.947+0000] {processor.py:179} INFO - Processing /opt/airflow/dags/apps/webscrapinglinkedin/dag-webscrapinglinkedin.py took 0.198 seconds
[2023-12-21T15:42:16.682+0000] {processor.py:157} INFO - Started process (PID=97) to work on /opt/airflow/dags/apps/webscrapinglinkedin/dag-webscrapinglinkedin.py
[2023-12-21T15:42:16.684+0000] {processor.py:829} INFO - Processing file /opt/airflow/dags/apps/webscrapinglinkedin/dag-webscrapinglinkedin.py for tasks to queue
[2023-12-21T15:42:16.848+0000] {logging_mixin.py:154} INFO - [2023-12-21T15:42:16.848+0000] {dagbag.py:536} INFO - Filling up the DagBag from /opt/airflow/dags/apps/webscrapinglinkedin/dag-webscrapinglinkedin.py
[2023-12-21T15:42:17.187+0000] {processor.py:839} INFO - DAG(s) dict_keys(['scraping-jobs']) retrieved from /opt/airflow/dags/apps/webscrapinglinkedin/dag-webscrapinglinkedin.py
[2023-12-21T15:42:17.632+0000] {logging_mixin.py:154} INFO - [2023-12-21T15:42:17.632+0000] {dag.py:2941} INFO - Sync 1 DAGs
[2023-12-21T15:42:17.756+0000] {logging_mixin.py:154} INFO - [2023-12-21T15:42:17.755+0000] {dag.py:3722} INFO - Setting next_dagrun for scraping-jobs to 2023-12-21T00:00:00+00:00, run_after=2023-12-22T00:00:00+00:00
[2023-12-21T15:42:17.862+0000] {processor.py:179} INFO - Processing /opt/airflow/dags/apps/webscrapinglinkedin/dag-webscrapinglinkedin.py took 1.187 seconds
[2023-12-21T15:42:48.632+0000] {processor.py:157} INFO - Started process (PID=105) to work on /opt/airflow/dags/apps/webscrapinglinkedin/dag-webscrapinglinkedin.py
[2023-12-21T15:42:48.634+0000] {processor.py:829} INFO - Processing file /opt/airflow/dags/apps/webscrapinglinkedin/dag-webscrapinglinkedin.py for tasks to queue
[2023-12-21T15:42:48.638+0000] {logging_mixin.py:154} INFO - [2023-12-21T15:42:48.638+0000] {dagbag.py:536} INFO - Filling up the DagBag from /opt/airflow/dags/apps/webscrapinglinkedin/dag-webscrapinglinkedin.py
[2023-12-21T15:42:48.714+0000] {processor.py:839} INFO - DAG(s) dict_keys(['scraping-jobs']) retrieved from /opt/airflow/dags/apps/webscrapinglinkedin/dag-webscrapinglinkedin.py
[2023-12-21T15:42:48.825+0000] {logging_mixin.py:154} INFO - [2023-12-21T15:42:48.824+0000] {dag.py:2941} INFO - Sync 1 DAGs
[2023-12-21T15:42:48.879+0000] {logging_mixin.py:154} INFO - [2023-12-21T15:42:48.878+0000] {dag.py:3722} INFO - Setting next_dagrun for scraping-jobs to 2023-12-21T00:00:00+00:00, run_after=2023-12-22T00:00:00+00:00
[2023-12-21T15:42:48.941+0000] {processor.py:179} INFO - Processing /opt/airflow/dags/apps/webscrapinglinkedin/dag-webscrapinglinkedin.py took 0.316 seconds
[2023-12-21T15:43:19.217+0000] {processor.py:157} INFO - Started process (PID=113) to work on /opt/airflow/dags/apps/webscrapinglinkedin/dag-webscrapinglinkedin.py
[2023-12-21T15:43:19.221+0000] {processor.py:829} INFO - Processing file /opt/airflow/dags/apps/webscrapinglinkedin/dag-webscrapinglinkedin.py for tasks to queue
[2023-12-21T15:43:19.226+0000] {logging_mixin.py:154} INFO - [2023-12-21T15:43:19.226+0000] {dagbag.py:536} INFO - Filling up the DagBag from /opt/airflow/dags/apps/webscrapinglinkedin/dag-webscrapinglinkedin.py
[2023-12-21T15:43:19.295+0000] {processor.py:839} INFO - DAG(s) dict_keys(['scraping-jobs']) retrieved from /opt/airflow/dags/apps/webscrapinglinkedin/dag-webscrapinglinkedin.py
[2023-12-21T15:43:19.376+0000] {logging_mixin.py:154} INFO - [2023-12-21T15:43:19.376+0000] {dag.py:2941} INFO - Sync 1 DAGs
[2023-12-21T15:43:19.485+0000] {logging_mixin.py:154} INFO - [2023-12-21T15:43:19.484+0000] {dag.py:3722} INFO - Setting next_dagrun for scraping-jobs to 2023-12-21T00:00:00+00:00, run_after=2023-12-22T00:00:00+00:00
[2023-12-21T15:43:19.641+0000] {processor.py:179} INFO - Processing /opt/airflow/dags/apps/webscrapinglinkedin/dag-webscrapinglinkedin.py took 0.430 seconds
