[2023-12-16T19:21:53.715+0000] {processor.py:157} INFO - Started process (PID=49) to work on /home/airflow/.local/lib/python3.8/site-packages/airflow/example_dags/example_kubernetes_executor.py
[2023-12-16T19:21:53.720+0000] {processor.py:829} INFO - Processing file /home/airflow/.local/lib/python3.8/site-packages/airflow/example_dags/example_kubernetes_executor.py for tasks to queue
[2023-12-16T19:21:53.730+0000] {logging_mixin.py:154} INFO - [2023-12-16T19:21:53.729+0000] {dagbag.py:536} INFO - Filling up the DagBag from /home/airflow/.local/lib/python3.8/site-packages/airflow/example_dags/example_kubernetes_executor.py
[2023-12-16T19:21:53.922+0000] {processor.py:839} INFO - DAG(s) dict_keys(['example_kubernetes_executor']) retrieved from /home/airflow/.local/lib/python3.8/site-packages/airflow/example_dags/example_kubernetes_executor.py
[2023-12-16T19:21:54.813+0000] {logging_mixin.py:154} INFO - [2023-12-16T19:21:54.813+0000] {dag.py:2941} INFO - Sync 1 DAGs
[2023-12-16T19:21:55.034+0000] {logging_mixin.py:154} INFO - [2023-12-16T19:21:55.034+0000] {dag.py:3722} INFO - Setting next_dagrun for example_kubernetes_executor to None, run_after=None
[2023-12-16T19:21:55.181+0000] {processor.py:179} INFO - Processing /home/airflow/.local/lib/python3.8/site-packages/airflow/example_dags/example_kubernetes_executor.py took 1.486 seconds
[2023-12-16T19:23:09.157+0000] {processor.py:157} INFO - Started process (PID=102) to work on /home/airflow/.local/lib/python3.8/site-packages/airflow/example_dags/example_kubernetes_executor.py
[2023-12-16T19:23:09.162+0000] {processor.py:829} INFO - Processing file /home/airflow/.local/lib/python3.8/site-packages/airflow/example_dags/example_kubernetes_executor.py for tasks to queue
[2023-12-16T19:23:09.175+0000] {logging_mixin.py:154} INFO - [2023-12-16T19:23:09.174+0000] {dagbag.py:536} INFO - Filling up the DagBag from /home/airflow/.local/lib/python3.8/site-packages/airflow/example_dags/example_kubernetes_executor.py
[2023-12-16T19:23:09.348+0000] {processor.py:839} INFO - DAG(s) dict_keys(['example_kubernetes_executor']) retrieved from /home/airflow/.local/lib/python3.8/site-packages/airflow/example_dags/example_kubernetes_executor.py
[2023-12-16T19:23:09.745+0000] {logging_mixin.py:154} INFO - [2023-12-16T19:23:09.743+0000] {dag.py:2941} INFO - Sync 1 DAGs
[2023-12-16T19:23:09.813+0000] {logging_mixin.py:154} INFO - [2023-12-16T19:23:09.813+0000] {dag.py:3722} INFO - Setting next_dagrun for example_kubernetes_executor to None, run_after=None
[2023-12-16T19:23:09.929+0000] {processor.py:179} INFO - Processing /home/airflow/.local/lib/python3.8/site-packages/airflow/example_dags/example_kubernetes_executor.py took 0.794 seconds
[2023-12-16T19:23:40.427+0000] {processor.py:157} INFO - Started process (PID=154) to work on /home/airflow/.local/lib/python3.8/site-packages/airflow/example_dags/example_kubernetes_executor.py
[2023-12-16T19:23:40.464+0000] {processor.py:829} INFO - Processing file /home/airflow/.local/lib/python3.8/site-packages/airflow/example_dags/example_kubernetes_executor.py for tasks to queue
[2023-12-16T19:23:40.473+0000] {logging_mixin.py:154} INFO - [2023-12-16T19:23:40.472+0000] {dagbag.py:536} INFO - Filling up the DagBag from /home/airflow/.local/lib/python3.8/site-packages/airflow/example_dags/example_kubernetes_executor.py
[2023-12-16T19:23:40.582+0000] {processor.py:839} INFO - DAG(s) dict_keys(['example_kubernetes_executor']) retrieved from /home/airflow/.local/lib/python3.8/site-packages/airflow/example_dags/example_kubernetes_executor.py
[2023-12-16T19:23:40.886+0000] {logging_mixin.py:154} INFO - [2023-12-16T19:23:40.886+0000] {dag.py:2941} INFO - Sync 1 DAGs
[2023-12-16T19:23:40.995+0000] {logging_mixin.py:154} INFO - [2023-12-16T19:23:40.994+0000] {dag.py:3722} INFO - Setting next_dagrun for example_kubernetes_executor to None, run_after=None
[2023-12-16T19:23:41.181+0000] {processor.py:179} INFO - Processing /home/airflow/.local/lib/python3.8/site-packages/airflow/example_dags/example_kubernetes_executor.py took 0.762 seconds
[2023-12-16T19:24:11.410+0000] {processor.py:157} INFO - Started process (PID=208) to work on /home/airflow/.local/lib/python3.8/site-packages/airflow/example_dags/example_kubernetes_executor.py
[2023-12-16T19:24:11.416+0000] {processor.py:829} INFO - Processing file /home/airflow/.local/lib/python3.8/site-packages/airflow/example_dags/example_kubernetes_executor.py for tasks to queue
[2023-12-16T19:24:11.424+0000] {logging_mixin.py:154} INFO - [2023-12-16T19:24:11.424+0000] {dagbag.py:536} INFO - Filling up the DagBag from /home/airflow/.local/lib/python3.8/site-packages/airflow/example_dags/example_kubernetes_executor.py
[2023-12-16T19:24:11.467+0000] {processor.py:839} INFO - DAG(s) dict_keys(['example_kubernetes_executor']) retrieved from /home/airflow/.local/lib/python3.8/site-packages/airflow/example_dags/example_kubernetes_executor.py
[2023-12-16T19:24:11.571+0000] {logging_mixin.py:154} INFO - [2023-12-16T19:24:11.571+0000] {dag.py:2941} INFO - Sync 1 DAGs
[2023-12-16T19:24:11.627+0000] {logging_mixin.py:154} INFO - [2023-12-16T19:24:11.626+0000] {dag.py:3722} INFO - Setting next_dagrun for example_kubernetes_executor to None, run_after=None
[2023-12-16T19:24:11.663+0000] {processor.py:179} INFO - Processing /home/airflow/.local/lib/python3.8/site-packages/airflow/example_dags/example_kubernetes_executor.py took 0.259 seconds
[2023-12-16T19:35:35.877+0000] {processor.py:157} INFO - Started process (PID=50) to work on /home/airflow/.local/lib/python3.8/site-packages/airflow/example_dags/example_kubernetes_executor.py
[2023-12-16T19:35:35.909+0000] {processor.py:829} INFO - Processing file /home/airflow/.local/lib/python3.8/site-packages/airflow/example_dags/example_kubernetes_executor.py for tasks to queue
[2023-12-16T19:35:35.971+0000] {logging_mixin.py:154} INFO - [2023-12-16T19:35:35.941+0000] {dagbag.py:536} INFO - Filling up the DagBag from /home/airflow/.local/lib/python3.8/site-packages/airflow/example_dags/example_kubernetes_executor.py
[2023-12-16T19:35:36.754+0000] {processor.py:839} INFO - DAG(s) dict_keys(['example_kubernetes_executor']) retrieved from /home/airflow/.local/lib/python3.8/site-packages/airflow/example_dags/example_kubernetes_executor.py
[2023-12-16T19:35:38.291+0000] {logging_mixin.py:154} INFO - [2023-12-16T19:35:38.291+0000] {dag.py:2941} INFO - Sync 1 DAGs
[2023-12-16T19:35:38.647+0000] {logging_mixin.py:154} INFO - [2023-12-16T19:35:38.646+0000] {dag.py:3722} INFO - Setting next_dagrun for example_kubernetes_executor to None, run_after=None
[2023-12-16T19:35:39.180+0000] {processor.py:179} INFO - Processing /home/airflow/.local/lib/python3.8/site-packages/airflow/example_dags/example_kubernetes_executor.py took 3.337 seconds
[2023-12-16T19:36:20.251+0000] {processor.py:157} INFO - Started process (PID=109) to work on /home/airflow/.local/lib/python3.8/site-packages/airflow/example_dags/example_kubernetes_executor.py
[2023-12-16T19:36:20.270+0000] {processor.py:829} INFO - Processing file /home/airflow/.local/lib/python3.8/site-packages/airflow/example_dags/example_kubernetes_executor.py for tasks to queue
[2023-12-16T19:36:20.286+0000] {logging_mixin.py:154} INFO - [2023-12-16T19:36:20.285+0000] {dagbag.py:536} INFO - Filling up the DagBag from /home/airflow/.local/lib/python3.8/site-packages/airflow/example_dags/example_kubernetes_executor.py
[2023-12-16T19:36:21.034+0000] {processor.py:839} INFO - DAG(s) dict_keys(['example_kubernetes_executor']) retrieved from /home/airflow/.local/lib/python3.8/site-packages/airflow/example_dags/example_kubernetes_executor.py
[2023-12-16T19:36:21.952+0000] {logging_mixin.py:154} INFO - [2023-12-16T19:36:21.952+0000] {dag.py:2941} INFO - Sync 1 DAGs
[2023-12-16T19:36:22.014+0000] {logging_mixin.py:154} INFO - [2023-12-16T19:36:22.012+0000] {dag.py:3722} INFO - Setting next_dagrun for example_kubernetes_executor to None, run_after=None
[2023-12-16T19:36:22.127+0000] {processor.py:179} INFO - Processing /home/airflow/.local/lib/python3.8/site-packages/airflow/example_dags/example_kubernetes_executor.py took 1.889 seconds
[2023-12-16T19:37:03.444+0000] {processor.py:157} INFO - Started process (PID=161) to work on /home/airflow/.local/lib/python3.8/site-packages/airflow/example_dags/example_kubernetes_executor.py
[2023-12-16T19:37:03.490+0000] {processor.py:829} INFO - Processing file /home/airflow/.local/lib/python3.8/site-packages/airflow/example_dags/example_kubernetes_executor.py for tasks to queue
[2023-12-16T19:37:03.528+0000] {logging_mixin.py:154} INFO - [2023-12-16T19:37:03.527+0000] {dagbag.py:536} INFO - Filling up the DagBag from /home/airflow/.local/lib/python3.8/site-packages/airflow/example_dags/example_kubernetes_executor.py
[2023-12-16T19:37:04.001+0000] {processor.py:839} INFO - DAG(s) dict_keys(['example_kubernetes_executor']) retrieved from /home/airflow/.local/lib/python3.8/site-packages/airflow/example_dags/example_kubernetes_executor.py
[2023-12-16T19:37:04.393+0000] {logging_mixin.py:154} INFO - [2023-12-16T19:37:04.392+0000] {dag.py:2941} INFO - Sync 1 DAGs
[2023-12-16T19:37:04.482+0000] {logging_mixin.py:154} INFO - [2023-12-16T19:37:04.482+0000] {dag.py:3722} INFO - Setting next_dagrun for example_kubernetes_executor to None, run_after=None
[2023-12-16T19:37:04.616+0000] {processor.py:179} INFO - Processing /home/airflow/.local/lib/python3.8/site-packages/airflow/example_dags/example_kubernetes_executor.py took 1.226 seconds
[2023-12-16T19:37:49.648+0000] {processor.py:157} INFO - Started process (PID=214) to work on /home/airflow/.local/lib/python3.8/site-packages/airflow/example_dags/example_kubernetes_executor.py
[2023-12-16T19:37:49.651+0000] {processor.py:829} INFO - Processing file /home/airflow/.local/lib/python3.8/site-packages/airflow/example_dags/example_kubernetes_executor.py for tasks to queue
[2023-12-16T19:37:49.702+0000] {logging_mixin.py:154} INFO - [2023-12-16T19:37:49.701+0000] {dagbag.py:536} INFO - Filling up the DagBag from /home/airflow/.local/lib/python3.8/site-packages/airflow/example_dags/example_kubernetes_executor.py
[2023-12-16T19:37:50.680+0000] {processor.py:839} INFO - DAG(s) dict_keys(['example_kubernetes_executor']) retrieved from /home/airflow/.local/lib/python3.8/site-packages/airflow/example_dags/example_kubernetes_executor.py
[2023-12-16T19:37:53.247+0000] {logging_mixin.py:154} INFO - [2023-12-16T19:37:53.182+0000] {dag.py:2941} INFO - Sync 1 DAGs
[2023-12-16T19:37:53.891+0000] {logging_mixin.py:154} INFO - [2023-12-16T19:37:53.890+0000] {dag.py:3722} INFO - Setting next_dagrun for example_kubernetes_executor to None, run_after=None
[2023-12-16T19:37:54.573+0000] {processor.py:179} INFO - Processing /home/airflow/.local/lib/python3.8/site-packages/airflow/example_dags/example_kubernetes_executor.py took 4.990 seconds
[2023-12-16T19:40:53.302+0000] {processor.py:157} INFO - Started process (PID=49) to work on /home/airflow/.local/lib/python3.8/site-packages/airflow/example_dags/example_kubernetes_executor.py
[2023-12-16T19:40:53.316+0000] {processor.py:829} INFO - Processing file /home/airflow/.local/lib/python3.8/site-packages/airflow/example_dags/example_kubernetes_executor.py for tasks to queue
[2023-12-16T19:40:53.331+0000] {logging_mixin.py:154} INFO - [2023-12-16T19:40:53.330+0000] {dagbag.py:536} INFO - Filling up the DagBag from /home/airflow/.local/lib/python3.8/site-packages/airflow/example_dags/example_kubernetes_executor.py
[2023-12-16T19:40:53.528+0000] {processor.py:839} INFO - DAG(s) dict_keys(['example_kubernetes_executor']) retrieved from /home/airflow/.local/lib/python3.8/site-packages/airflow/example_dags/example_kubernetes_executor.py
[2023-12-16T19:40:55.246+0000] {logging_mixin.py:154} INFO - [2023-12-16T19:40:55.246+0000] {dag.py:2941} INFO - Sync 1 DAGs
[2023-12-16T19:40:55.456+0000] {logging_mixin.py:154} INFO - [2023-12-16T19:40:55.455+0000] {dag.py:3722} INFO - Setting next_dagrun for example_kubernetes_executor to None, run_after=None
[2023-12-16T19:40:55.696+0000] {processor.py:179} INFO - Processing /home/airflow/.local/lib/python3.8/site-packages/airflow/example_dags/example_kubernetes_executor.py took 2.424 seconds
[2023-12-16T19:44:10.554+0000] {processor.py:157} INFO - Started process (PID=109) to work on /home/airflow/.local/lib/python3.8/site-packages/airflow/example_dags/example_kubernetes_executor.py
[2023-12-16T19:44:10.556+0000] {processor.py:829} INFO - Processing file /home/airflow/.local/lib/python3.8/site-packages/airflow/example_dags/example_kubernetes_executor.py for tasks to queue
[2023-12-16T19:44:10.559+0000] {logging_mixin.py:154} INFO - [2023-12-16T19:44:10.558+0000] {dagbag.py:536} INFO - Filling up the DagBag from /home/airflow/.local/lib/python3.8/site-packages/airflow/example_dags/example_kubernetes_executor.py
[2023-12-16T19:44:10.610+0000] {processor.py:839} INFO - DAG(s) dict_keys(['example_kubernetes_executor']) retrieved from /home/airflow/.local/lib/python3.8/site-packages/airflow/example_dags/example_kubernetes_executor.py
[2023-12-16T19:44:10.775+0000] {logging_mixin.py:154} INFO - [2023-12-16T19:44:10.775+0000] {dag.py:2941} INFO - Sync 1 DAGs
[2023-12-16T19:44:10.901+0000] {logging_mixin.py:154} INFO - [2023-12-16T19:44:10.901+0000] {dag.py:3722} INFO - Setting next_dagrun for example_kubernetes_executor to None, run_after=None
[2023-12-16T19:44:11.011+0000] {processor.py:179} INFO - Processing /home/airflow/.local/lib/python3.8/site-packages/airflow/example_dags/example_kubernetes_executor.py took 0.485 seconds
[2023-12-16T19:44:49.787+0000] {processor.py:157} INFO - Started process (PID=161) to work on /home/airflow/.local/lib/python3.8/site-packages/airflow/example_dags/example_kubernetes_executor.py
[2023-12-16T19:44:49.790+0000] {processor.py:829} INFO - Processing file /home/airflow/.local/lib/python3.8/site-packages/airflow/example_dags/example_kubernetes_executor.py for tasks to queue
[2023-12-16T19:44:49.794+0000] {logging_mixin.py:154} INFO - [2023-12-16T19:44:49.792+0000] {dagbag.py:536} INFO - Filling up the DagBag from /home/airflow/.local/lib/python3.8/site-packages/airflow/example_dags/example_kubernetes_executor.py
[2023-12-16T19:44:49.894+0000] {processor.py:839} INFO - DAG(s) dict_keys(['example_kubernetes_executor']) retrieved from /home/airflow/.local/lib/python3.8/site-packages/airflow/example_dags/example_kubernetes_executor.py
[2023-12-16T19:44:50.204+0000] {logging_mixin.py:154} INFO - [2023-12-16T19:44:50.204+0000] {dag.py:2941} INFO - Sync 1 DAGs
[2023-12-16T19:44:50.321+0000] {logging_mixin.py:154} INFO - [2023-12-16T19:44:50.320+0000] {dag.py:3722} INFO - Setting next_dagrun for example_kubernetes_executor to None, run_after=None
[2023-12-16T19:44:50.455+0000] {processor.py:179} INFO - Processing /home/airflow/.local/lib/python3.8/site-packages/airflow/example_dags/example_kubernetes_executor.py took 0.677 seconds
[2023-12-16T19:45:25.589+0000] {processor.py:157} INFO - Started process (PID=206) to work on /home/airflow/.local/lib/python3.8/site-packages/airflow/example_dags/example_kubernetes_executor.py
[2023-12-16T19:45:25.613+0000] {processor.py:829} INFO - Processing file /home/airflow/.local/lib/python3.8/site-packages/airflow/example_dags/example_kubernetes_executor.py for tasks to queue
[2023-12-16T19:45:25.616+0000] {logging_mixin.py:154} INFO - [2023-12-16T19:45:25.615+0000] {dagbag.py:536} INFO - Filling up the DagBag from /home/airflow/.local/lib/python3.8/site-packages/airflow/example_dags/example_kubernetes_executor.py
[2023-12-16T19:45:25.749+0000] {processor.py:839} INFO - DAG(s) dict_keys(['example_kubernetes_executor']) retrieved from /home/airflow/.local/lib/python3.8/site-packages/airflow/example_dags/example_kubernetes_executor.py
[2023-12-16T19:45:26.035+0000] {logging_mixin.py:154} INFO - [2023-12-16T19:45:26.034+0000] {dag.py:2941} INFO - Sync 1 DAGs
[2023-12-16T19:45:26.175+0000] {logging_mixin.py:154} INFO - [2023-12-16T19:45:26.174+0000] {dag.py:3722} INFO - Setting next_dagrun for example_kubernetes_executor to None, run_after=None
[2023-12-16T19:45:26.345+0000] {processor.py:179} INFO - Processing /home/airflow/.local/lib/python3.8/site-packages/airflow/example_dags/example_kubernetes_executor.py took 0.777 seconds
[2023-12-16T20:04:32.668+0000] {processor.py:157} INFO - Started process (PID=111) to work on /home/airflow/.local/lib/python3.8/site-packages/airflow/example_dags/example_kubernetes_executor.py
[2023-12-16T20:04:32.672+0000] {processor.py:829} INFO - Processing file /home/airflow/.local/lib/python3.8/site-packages/airflow/example_dags/example_kubernetes_executor.py for tasks to queue
[2023-12-16T20:04:32.680+0000] {logging_mixin.py:154} INFO - [2023-12-16T20:04:32.678+0000] {dagbag.py:536} INFO - Filling up the DagBag from /home/airflow/.local/lib/python3.8/site-packages/airflow/example_dags/example_kubernetes_executor.py
[2023-12-16T20:04:32.902+0000] {processor.py:839} INFO - DAG(s) dict_keys(['example_kubernetes_executor']) retrieved from /home/airflow/.local/lib/python3.8/site-packages/airflow/example_dags/example_kubernetes_executor.py
[2023-12-16T20:04:33.234+0000] {logging_mixin.py:154} INFO - [2023-12-16T20:04:33.233+0000] {dag.py:2941} INFO - Sync 1 DAGs
[2023-12-16T20:04:33.302+0000] {logging_mixin.py:154} INFO - [2023-12-16T20:04:33.302+0000] {dag.py:3722} INFO - Setting next_dagrun for example_kubernetes_executor to None, run_after=None
[2023-12-16T20:04:33.406+0000] {processor.py:179} INFO - Processing /home/airflow/.local/lib/python3.8/site-packages/airflow/example_dags/example_kubernetes_executor.py took 0.748 seconds
[2023-12-16T20:05:04.385+0000] {processor.py:157} INFO - Started process (PID=178) to work on /home/airflow/.local/lib/python3.8/site-packages/airflow/example_dags/example_kubernetes_executor.py
[2023-12-16T20:05:04.395+0000] {processor.py:829} INFO - Processing file /home/airflow/.local/lib/python3.8/site-packages/airflow/example_dags/example_kubernetes_executor.py for tasks to queue
[2023-12-16T20:05:04.412+0000] {logging_mixin.py:154} INFO - [2023-12-16T20:05:04.406+0000] {dagbag.py:536} INFO - Filling up the DagBag from /home/airflow/.local/lib/python3.8/site-packages/airflow/example_dags/example_kubernetes_executor.py
[2023-12-16T20:05:04.583+0000] {processor.py:839} INFO - DAG(s) dict_keys(['example_kubernetes_executor']) retrieved from /home/airflow/.local/lib/python3.8/site-packages/airflow/example_dags/example_kubernetes_executor.py
[2023-12-16T20:05:05.023+0000] {logging_mixin.py:154} INFO - [2023-12-16T20:05:05.023+0000] {dag.py:2941} INFO - Sync 1 DAGs
[2023-12-16T20:05:05.190+0000] {logging_mixin.py:154} INFO - [2023-12-16T20:05:05.190+0000] {dag.py:3722} INFO - Setting next_dagrun for example_kubernetes_executor to None, run_after=None
[2023-12-16T20:05:07.146+0000] {processor.py:179} INFO - Processing /home/airflow/.local/lib/python3.8/site-packages/airflow/example_dags/example_kubernetes_executor.py took 2.772 seconds
[2023-12-16T20:05:37.252+0000] {processor.py:157} INFO - Started process (PID=247) to work on /home/airflow/.local/lib/python3.8/site-packages/airflow/example_dags/example_kubernetes_executor.py
[2023-12-16T20:05:37.254+0000] {processor.py:829} INFO - Processing file /home/airflow/.local/lib/python3.8/site-packages/airflow/example_dags/example_kubernetes_executor.py for tasks to queue
[2023-12-16T20:05:37.270+0000] {logging_mixin.py:154} INFO - [2023-12-16T20:05:37.269+0000] {dagbag.py:536} INFO - Filling up the DagBag from /home/airflow/.local/lib/python3.8/site-packages/airflow/example_dags/example_kubernetes_executor.py
[2023-12-16T20:05:37.318+0000] {processor.py:839} INFO - DAG(s) dict_keys(['example_kubernetes_executor']) retrieved from /home/airflow/.local/lib/python3.8/site-packages/airflow/example_dags/example_kubernetes_executor.py
[2023-12-16T20:05:37.421+0000] {logging_mixin.py:154} INFO - [2023-12-16T20:05:37.420+0000] {dag.py:2941} INFO - Sync 1 DAGs
[2023-12-16T20:05:37.450+0000] {logging_mixin.py:154} INFO - [2023-12-16T20:05:37.449+0000] {dag.py:3722} INFO - Setting next_dagrun for example_kubernetes_executor to None, run_after=None
[2023-12-16T20:05:37.499+0000] {processor.py:179} INFO - Processing /home/airflow/.local/lib/python3.8/site-packages/airflow/example_dags/example_kubernetes_executor.py took 0.257 seconds
[2023-12-16T20:09:19.985+0000] {processor.py:157} INFO - Started process (PID=318) to work on /home/airflow/.local/lib/python3.8/site-packages/airflow/example_dags/example_kubernetes_executor.py
[2023-12-16T20:09:20.210+0000] {processor.py:829} INFO - Processing file /home/airflow/.local/lib/python3.8/site-packages/airflow/example_dags/example_kubernetes_executor.py for tasks to queue
[2023-12-16T20:09:20.748+0000] {logging_mixin.py:154} INFO - [2023-12-16T20:09:20.238+0000] {dagbag.py:536} INFO - Filling up the DagBag from /home/airflow/.local/lib/python3.8/site-packages/airflow/example_dags/example_kubernetes_executor.py
[2023-12-16T20:09:26.273+0000] {processor.py:839} INFO - DAG(s) dict_keys(['example_kubernetes_executor']) retrieved from /home/airflow/.local/lib/python3.8/site-packages/airflow/example_dags/example_kubernetes_executor.py
[2023-12-16T20:20:32.267+0000] {processor.py:157} INFO - Started process (PID=50) to work on /home/airflow/.local/lib/python3.8/site-packages/airflow/example_dags/example_kubernetes_executor.py
[2023-12-16T20:20:32.273+0000] {processor.py:829} INFO - Processing file /home/airflow/.local/lib/python3.8/site-packages/airflow/example_dags/example_kubernetes_executor.py for tasks to queue
[2023-12-16T20:20:32.342+0000] {logging_mixin.py:154} INFO - [2023-12-16T20:20:32.341+0000] {dagbag.py:536} INFO - Filling up the DagBag from /home/airflow/.local/lib/python3.8/site-packages/airflow/example_dags/example_kubernetes_executor.py
[2023-12-16T20:20:32.606+0000] {processor.py:839} INFO - DAG(s) dict_keys(['example_kubernetes_executor']) retrieved from /home/airflow/.local/lib/python3.8/site-packages/airflow/example_dags/example_kubernetes_executor.py
[2023-12-16T20:20:34.491+0000] {logging_mixin.py:154} INFO - [2023-12-16T20:20:34.484+0000] {dag.py:2941} INFO - Sync 1 DAGs
[2023-12-16T20:20:34.678+0000] {logging_mixin.py:154} INFO - [2023-12-16T20:20:34.678+0000] {dag.py:3722} INFO - Setting next_dagrun for example_kubernetes_executor to None, run_after=None
[2023-12-16T20:20:35.009+0000] {processor.py:179} INFO - Processing /home/airflow/.local/lib/python3.8/site-packages/airflow/example_dags/example_kubernetes_executor.py took 2.798 seconds
[2023-12-16T20:21:12.062+0000] {processor.py:157} INFO - Started process (PID=103) to work on /home/airflow/.local/lib/python3.8/site-packages/airflow/example_dags/example_kubernetes_executor.py
[2023-12-16T20:21:12.073+0000] {processor.py:829} INFO - Processing file /home/airflow/.local/lib/python3.8/site-packages/airflow/example_dags/example_kubernetes_executor.py for tasks to queue
[2023-12-16T20:21:12.086+0000] {logging_mixin.py:154} INFO - [2023-12-16T20:21:12.085+0000] {dagbag.py:536} INFO - Filling up the DagBag from /home/airflow/.local/lib/python3.8/site-packages/airflow/example_dags/example_kubernetes_executor.py
[2023-12-16T20:21:12.139+0000] {processor.py:839} INFO - DAG(s) dict_keys(['example_kubernetes_executor']) retrieved from /home/airflow/.local/lib/python3.8/site-packages/airflow/example_dags/example_kubernetes_executor.py
[2023-12-16T20:21:12.270+0000] {logging_mixin.py:154} INFO - [2023-12-16T20:21:12.270+0000] {dag.py:2941} INFO - Sync 1 DAGs
[2023-12-16T20:21:12.300+0000] {logging_mixin.py:154} INFO - [2023-12-16T20:21:12.300+0000] {dag.py:3722} INFO - Setting next_dagrun for example_kubernetes_executor to None, run_after=None
[2023-12-16T20:21:12.380+0000] {processor.py:179} INFO - Processing /home/airflow/.local/lib/python3.8/site-packages/airflow/example_dags/example_kubernetes_executor.py took 0.345 seconds
[2023-12-16T20:21:42.656+0000] {processor.py:157} INFO - Started process (PID=154) to work on /home/airflow/.local/lib/python3.8/site-packages/airflow/example_dags/example_kubernetes_executor.py
[2023-12-16T20:21:42.658+0000] {processor.py:829} INFO - Processing file /home/airflow/.local/lib/python3.8/site-packages/airflow/example_dags/example_kubernetes_executor.py for tasks to queue
[2023-12-16T20:21:42.667+0000] {logging_mixin.py:154} INFO - [2023-12-16T20:21:42.666+0000] {dagbag.py:536} INFO - Filling up the DagBag from /home/airflow/.local/lib/python3.8/site-packages/airflow/example_dags/example_kubernetes_executor.py
[2023-12-16T20:21:42.798+0000] {processor.py:839} INFO - DAG(s) dict_keys(['example_kubernetes_executor']) retrieved from /home/airflow/.local/lib/python3.8/site-packages/airflow/example_dags/example_kubernetes_executor.py
[2023-12-16T20:21:42.922+0000] {logging_mixin.py:154} INFO - [2023-12-16T20:21:42.922+0000] {dag.py:2941} INFO - Sync 1 DAGs
[2023-12-16T20:21:42.970+0000] {logging_mixin.py:154} INFO - [2023-12-16T20:21:42.970+0000] {dag.py:3722} INFO - Setting next_dagrun for example_kubernetes_executor to None, run_after=None
[2023-12-16T20:21:43.036+0000] {processor.py:179} INFO - Processing /home/airflow/.local/lib/python3.8/site-packages/airflow/example_dags/example_kubernetes_executor.py took 0.398 seconds
[2023-12-16T20:31:12.640+0000] {processor.py:157} INFO - Started process (PID=51) to work on /home/airflow/.local/lib/python3.8/site-packages/airflow/example_dags/example_kubernetes_executor.py
[2023-12-16T20:31:12.648+0000] {processor.py:829} INFO - Processing file /home/airflow/.local/lib/python3.8/site-packages/airflow/example_dags/example_kubernetes_executor.py for tasks to queue
[2023-12-16T20:31:12.691+0000] {logging_mixin.py:154} INFO - [2023-12-16T20:31:12.684+0000] {dagbag.py:536} INFO - Filling up the DagBag from /home/airflow/.local/lib/python3.8/site-packages/airflow/example_dags/example_kubernetes_executor.py
[2023-12-16T20:31:12.943+0000] {processor.py:839} INFO - DAG(s) dict_keys(['example_kubernetes_executor']) retrieved from /home/airflow/.local/lib/python3.8/site-packages/airflow/example_dags/example_kubernetes_executor.py
[2023-12-16T20:31:13.747+0000] {logging_mixin.py:154} INFO - [2023-12-16T20:31:13.746+0000] {dag.py:2941} INFO - Sync 1 DAGs
[2023-12-16T20:31:13.909+0000] {logging_mixin.py:154} INFO - [2023-12-16T20:31:13.909+0000] {dag.py:3722} INFO - Setting next_dagrun for example_kubernetes_executor to None, run_after=None
[2023-12-16T20:31:14.122+0000] {processor.py:179} INFO - Processing /home/airflow/.local/lib/python3.8/site-packages/airflow/example_dags/example_kubernetes_executor.py took 1.490 seconds
[2023-12-16T20:31:46.164+0000] {processor.py:157} INFO - Started process (PID=105) to work on /home/airflow/.local/lib/python3.8/site-packages/airflow/example_dags/example_kubernetes_executor.py
[2023-12-16T20:31:46.166+0000] {processor.py:829} INFO - Processing file /home/airflow/.local/lib/python3.8/site-packages/airflow/example_dags/example_kubernetes_executor.py for tasks to queue
[2023-12-16T20:31:46.172+0000] {logging_mixin.py:154} INFO - [2023-12-16T20:31:46.171+0000] {dagbag.py:536} INFO - Filling up the DagBag from /home/airflow/.local/lib/python3.8/site-packages/airflow/example_dags/example_kubernetes_executor.py
[2023-12-16T20:31:46.221+0000] {processor.py:839} INFO - DAG(s) dict_keys(['example_kubernetes_executor']) retrieved from /home/airflow/.local/lib/python3.8/site-packages/airflow/example_dags/example_kubernetes_executor.py
[2023-12-16T20:31:46.383+0000] {logging_mixin.py:154} INFO - [2023-12-16T20:31:46.383+0000] {dag.py:2941} INFO - Sync 1 DAGs
[2023-12-16T20:31:46.449+0000] {logging_mixin.py:154} INFO - [2023-12-16T20:31:46.448+0000] {dag.py:3722} INFO - Setting next_dagrun for example_kubernetes_executor to None, run_after=None
[2023-12-16T20:31:46.532+0000] {processor.py:179} INFO - Processing /home/airflow/.local/lib/python3.8/site-packages/airflow/example_dags/example_kubernetes_executor.py took 0.376 seconds
[2023-12-16T20:32:17.434+0000] {processor.py:157} INFO - Started process (PID=156) to work on /home/airflow/.local/lib/python3.8/site-packages/airflow/example_dags/example_kubernetes_executor.py
[2023-12-16T20:32:17.436+0000] {processor.py:829} INFO - Processing file /home/airflow/.local/lib/python3.8/site-packages/airflow/example_dags/example_kubernetes_executor.py for tasks to queue
[2023-12-16T20:32:17.481+0000] {logging_mixin.py:154} INFO - [2023-12-16T20:32:17.480+0000] {dagbag.py:536} INFO - Filling up the DagBag from /home/airflow/.local/lib/python3.8/site-packages/airflow/example_dags/example_kubernetes_executor.py
[2023-12-16T20:32:17.540+0000] {processor.py:839} INFO - DAG(s) dict_keys(['example_kubernetes_executor']) retrieved from /home/airflow/.local/lib/python3.8/site-packages/airflow/example_dags/example_kubernetes_executor.py
[2023-12-16T20:32:17.656+0000] {logging_mixin.py:154} INFO - [2023-12-16T20:32:17.655+0000] {dag.py:2941} INFO - Sync 1 DAGs
[2023-12-16T20:32:17.699+0000] {logging_mixin.py:154} INFO - [2023-12-16T20:32:17.699+0000] {dag.py:3722} INFO - Setting next_dagrun for example_kubernetes_executor to None, run_after=None
[2023-12-16T20:32:17.733+0000] {processor.py:179} INFO - Processing /home/airflow/.local/lib/python3.8/site-packages/airflow/example_dags/example_kubernetes_executor.py took 0.307 seconds
[2023-12-16T20:34:25.117+0000] {processor.py:157} INFO - Started process (PID=43) to work on /home/airflow/.local/lib/python3.8/site-packages/airflow/example_dags/example_kubernetes_executor.py
[2023-12-16T20:34:25.119+0000] {processor.py:829} INFO - Processing file /home/airflow/.local/lib/python3.8/site-packages/airflow/example_dags/example_kubernetes_executor.py for tasks to queue
[2023-12-16T20:34:25.126+0000] {logging_mixin.py:154} INFO - [2023-12-16T20:34:25.125+0000] {dagbag.py:536} INFO - Filling up the DagBag from /home/airflow/.local/lib/python3.8/site-packages/airflow/example_dags/example_kubernetes_executor.py
[2023-12-16T20:34:25.183+0000] {processor.py:839} INFO - DAG(s) dict_keys(['example_kubernetes_executor']) retrieved from /home/airflow/.local/lib/python3.8/site-packages/airflow/example_dags/example_kubernetes_executor.py
[2023-12-16T20:34:25.319+0000] {logging_mixin.py:154} INFO - [2023-12-16T20:34:25.318+0000] {dag.py:2941} INFO - Sync 1 DAGs
[2023-12-16T20:34:25.353+0000] {logging_mixin.py:154} INFO - [2023-12-16T20:34:25.353+0000] {dag.py:3722} INFO - Setting next_dagrun for example_kubernetes_executor to None, run_after=None
[2023-12-16T20:34:25.417+0000] {processor.py:179} INFO - Processing /home/airflow/.local/lib/python3.8/site-packages/airflow/example_dags/example_kubernetes_executor.py took 0.308 seconds
[2023-12-16T20:34:56.529+0000] {processor.py:157} INFO - Started process (PID=96) to work on /home/airflow/.local/lib/python3.8/site-packages/airflow/example_dags/example_kubernetes_executor.py
[2023-12-16T20:34:56.534+0000] {processor.py:829} INFO - Processing file /home/airflow/.local/lib/python3.8/site-packages/airflow/example_dags/example_kubernetes_executor.py for tasks to queue
[2023-12-16T20:34:56.549+0000] {logging_mixin.py:154} INFO - [2023-12-16T20:34:56.548+0000] {dagbag.py:536} INFO - Filling up the DagBag from /home/airflow/.local/lib/python3.8/site-packages/airflow/example_dags/example_kubernetes_executor.py
[2023-12-16T20:34:56.628+0000] {processor.py:839} INFO - DAG(s) dict_keys(['example_kubernetes_executor']) retrieved from /home/airflow/.local/lib/python3.8/site-packages/airflow/example_dags/example_kubernetes_executor.py
[2023-12-16T20:34:56.798+0000] {logging_mixin.py:154} INFO - [2023-12-16T20:34:56.797+0000] {dag.py:2941} INFO - Sync 1 DAGs
[2023-12-16T20:34:56.840+0000] {logging_mixin.py:154} INFO - [2023-12-16T20:34:56.839+0000] {dag.py:3722} INFO - Setting next_dagrun for example_kubernetes_executor to None, run_after=None
[2023-12-16T20:34:56.886+0000] {processor.py:179} INFO - Processing /home/airflow/.local/lib/python3.8/site-packages/airflow/example_dags/example_kubernetes_executor.py took 0.371 seconds
[2023-12-16T20:53:39.002+0000] {processor.py:157} INFO - Started process (PID=162) to work on /home/airflow/.local/lib/python3.8/site-packages/airflow/example_dags/example_kubernetes_executor.py
[2023-12-16T20:53:39.085+0000] {processor.py:829} INFO - Processing file /home/airflow/.local/lib/python3.8/site-packages/airflow/example_dags/example_kubernetes_executor.py for tasks to queue
[2023-12-16T20:53:39.259+0000] {logging_mixin.py:154} INFO - [2023-12-16T20:53:39.156+0000] {dagbag.py:536} INFO - Filling up the DagBag from /home/airflow/.local/lib/python3.8/site-packages/airflow/example_dags/example_kubernetes_executor.py
[2023-12-16T20:53:43.561+0000] {processor.py:839} INFO - DAG(s) dict_keys(['example_kubernetes_executor']) retrieved from /home/airflow/.local/lib/python3.8/site-packages/airflow/example_dags/example_kubernetes_executor.py
[2023-12-16T21:00:45.456+0000] {processor.py:157} INFO - Started process (PID=50) to work on /home/airflow/.local/lib/python3.8/site-packages/airflow/example_dags/example_kubernetes_executor.py
[2023-12-16T21:00:45.474+0000] {processor.py:829} INFO - Processing file /home/airflow/.local/lib/python3.8/site-packages/airflow/example_dags/example_kubernetes_executor.py for tasks to queue
[2023-12-16T21:00:45.503+0000] {logging_mixin.py:154} INFO - [2023-12-16T21:00:45.502+0000] {dagbag.py:536} INFO - Filling up the DagBag from /home/airflow/.local/lib/python3.8/site-packages/airflow/example_dags/example_kubernetes_executor.py
[2023-12-16T21:00:45.775+0000] {processor.py:839} INFO - DAG(s) dict_keys(['example_kubernetes_executor']) retrieved from /home/airflow/.local/lib/python3.8/site-packages/airflow/example_dags/example_kubernetes_executor.py
[2023-12-16T21:00:46.254+0000] {logging_mixin.py:154} INFO - [2023-12-16T21:00:46.253+0000] {dag.py:2941} INFO - Sync 1 DAGs
[2023-12-16T21:00:46.413+0000] {logging_mixin.py:154} INFO - [2023-12-16T21:00:46.412+0000] {dag.py:3722} INFO - Setting next_dagrun for example_kubernetes_executor to None, run_after=None
[2023-12-16T21:00:46.546+0000] {processor.py:179} INFO - Processing /home/airflow/.local/lib/python3.8/site-packages/airflow/example_dags/example_kubernetes_executor.py took 1.156 seconds
[2023-12-16T21:01:16.851+0000] {processor.py:157} INFO - Started process (PID=104) to work on /home/airflow/.local/lib/python3.8/site-packages/airflow/example_dags/example_kubernetes_executor.py
[2023-12-16T21:01:16.855+0000] {processor.py:829} INFO - Processing file /home/airflow/.local/lib/python3.8/site-packages/airflow/example_dags/example_kubernetes_executor.py for tasks to queue
[2023-12-16T21:01:16.863+0000] {logging_mixin.py:154} INFO - [2023-12-16T21:01:16.862+0000] {dagbag.py:536} INFO - Filling up the DagBag from /home/airflow/.local/lib/python3.8/site-packages/airflow/example_dags/example_kubernetes_executor.py
[2023-12-16T21:01:16.967+0000] {processor.py:839} INFO - DAG(s) dict_keys(['example_kubernetes_executor']) retrieved from /home/airflow/.local/lib/python3.8/site-packages/airflow/example_dags/example_kubernetes_executor.py
[2023-12-16T21:01:17.087+0000] {logging_mixin.py:154} INFO - [2023-12-16T21:01:17.087+0000] {dag.py:2941} INFO - Sync 1 DAGs
[2023-12-16T21:01:17.128+0000] {logging_mixin.py:154} INFO - [2023-12-16T21:01:17.127+0000] {dag.py:3722} INFO - Setting next_dagrun for example_kubernetes_executor to None, run_after=None
[2023-12-16T21:01:17.199+0000] {processor.py:179} INFO - Processing /home/airflow/.local/lib/python3.8/site-packages/airflow/example_dags/example_kubernetes_executor.py took 0.359 seconds
[2023-12-16T21:01:47.808+0000] {processor.py:157} INFO - Started process (PID=158) to work on /home/airflow/.local/lib/python3.8/site-packages/airflow/example_dags/example_kubernetes_executor.py
[2023-12-16T21:01:47.812+0000] {processor.py:829} INFO - Processing file /home/airflow/.local/lib/python3.8/site-packages/airflow/example_dags/example_kubernetes_executor.py for tasks to queue
[2023-12-16T21:01:47.821+0000] {logging_mixin.py:154} INFO - [2023-12-16T21:01:47.820+0000] {dagbag.py:536} INFO - Filling up the DagBag from /home/airflow/.local/lib/python3.8/site-packages/airflow/example_dags/example_kubernetes_executor.py
[2023-12-16T21:01:47.901+0000] {processor.py:839} INFO - DAG(s) dict_keys(['example_kubernetes_executor']) retrieved from /home/airflow/.local/lib/python3.8/site-packages/airflow/example_dags/example_kubernetes_executor.py
[2023-12-16T21:01:48.024+0000] {logging_mixin.py:154} INFO - [2023-12-16T21:01:48.024+0000] {dag.py:2941} INFO - Sync 1 DAGs
[2023-12-16T21:01:48.067+0000] {logging_mixin.py:154} INFO - [2023-12-16T21:01:48.066+0000] {dag.py:3722} INFO - Setting next_dagrun for example_kubernetes_executor to None, run_after=None
[2023-12-16T21:01:48.122+0000] {processor.py:179} INFO - Processing /home/airflow/.local/lib/python3.8/site-packages/airflow/example_dags/example_kubernetes_executor.py took 0.328 seconds
[2023-12-16T21:06:58.557+0000] {processor.py:157} INFO - Started process (PID=44) to work on /home/airflow/.local/lib/python3.8/site-packages/airflow/example_dags/example_kubernetes_executor.py
[2023-12-16T21:06:58.561+0000] {processor.py:829} INFO - Processing file /home/airflow/.local/lib/python3.8/site-packages/airflow/example_dags/example_kubernetes_executor.py for tasks to queue
[2023-12-16T21:06:58.575+0000] {logging_mixin.py:154} INFO - [2023-12-16T21:06:58.574+0000] {dagbag.py:536} INFO - Filling up the DagBag from /home/airflow/.local/lib/python3.8/site-packages/airflow/example_dags/example_kubernetes_executor.py
[2023-12-16T21:06:58.651+0000] {processor.py:839} INFO - DAG(s) dict_keys(['example_kubernetes_executor']) retrieved from /home/airflow/.local/lib/python3.8/site-packages/airflow/example_dags/example_kubernetes_executor.py
[2023-12-16T21:06:58.775+0000] {logging_mixin.py:154} INFO - [2023-12-16T21:06:58.774+0000] {dag.py:2941} INFO - Sync 1 DAGs
[2023-12-16T21:06:58.833+0000] {logging_mixin.py:154} INFO - [2023-12-16T21:06:58.832+0000] {dag.py:3722} INFO - Setting next_dagrun for example_kubernetes_executor to None, run_after=None
[2023-12-16T21:06:58.891+0000] {processor.py:179} INFO - Processing /home/airflow/.local/lib/python3.8/site-packages/airflow/example_dags/example_kubernetes_executor.py took 0.349 seconds
[2023-12-16T21:07:29.894+0000] {processor.py:157} INFO - Started process (PID=98) to work on /home/airflow/.local/lib/python3.8/site-packages/airflow/example_dags/example_kubernetes_executor.py
[2023-12-16T21:07:29.896+0000] {processor.py:829} INFO - Processing file /home/airflow/.local/lib/python3.8/site-packages/airflow/example_dags/example_kubernetes_executor.py for tasks to queue
[2023-12-16T21:07:29.901+0000] {logging_mixin.py:154} INFO - [2023-12-16T21:07:29.900+0000] {dagbag.py:536} INFO - Filling up the DagBag from /home/airflow/.local/lib/python3.8/site-packages/airflow/example_dags/example_kubernetes_executor.py
[2023-12-16T21:07:29.940+0000] {processor.py:839} INFO - DAG(s) dict_keys(['example_kubernetes_executor']) retrieved from /home/airflow/.local/lib/python3.8/site-packages/airflow/example_dags/example_kubernetes_executor.py
[2023-12-16T21:07:30.172+0000] {logging_mixin.py:154} INFO - [2023-12-16T21:07:30.172+0000] {dag.py:2941} INFO - Sync 1 DAGs
[2023-12-16T21:07:30.277+0000] {logging_mixin.py:154} INFO - [2023-12-16T21:07:30.277+0000] {dag.py:3722} INFO - Setting next_dagrun for example_kubernetes_executor to None, run_after=None
[2023-12-16T21:07:30.401+0000] {processor.py:179} INFO - Processing /home/airflow/.local/lib/python3.8/site-packages/airflow/example_dags/example_kubernetes_executor.py took 0.516 seconds
[2023-12-16T21:08:00.669+0000] {processor.py:157} INFO - Started process (PID=153) to work on /home/airflow/.local/lib/python3.8/site-packages/airflow/example_dags/example_kubernetes_executor.py
[2023-12-16T21:08:00.672+0000] {processor.py:829} INFO - Processing file /home/airflow/.local/lib/python3.8/site-packages/airflow/example_dags/example_kubernetes_executor.py for tasks to queue
[2023-12-16T21:08:00.680+0000] {logging_mixin.py:154} INFO - [2023-12-16T21:08:00.679+0000] {dagbag.py:536} INFO - Filling up the DagBag from /home/airflow/.local/lib/python3.8/site-packages/airflow/example_dags/example_kubernetes_executor.py
[2023-12-16T21:08:00.738+0000] {processor.py:839} INFO - DAG(s) dict_keys(['example_kubernetes_executor']) retrieved from /home/airflow/.local/lib/python3.8/site-packages/airflow/example_dags/example_kubernetes_executor.py
[2023-12-16T21:08:00.858+0000] {logging_mixin.py:154} INFO - [2023-12-16T21:08:00.858+0000] {dag.py:2941} INFO - Sync 1 DAGs
[2023-12-16T21:08:00.894+0000] {logging_mixin.py:154} INFO - [2023-12-16T21:08:00.894+0000] {dag.py:3722} INFO - Setting next_dagrun for example_kubernetes_executor to None, run_after=None
[2023-12-16T21:08:00.964+0000] {processor.py:179} INFO - Processing /home/airflow/.local/lib/python3.8/site-packages/airflow/example_dags/example_kubernetes_executor.py took 0.303 seconds
[2023-12-16T21:08:31.257+0000] {processor.py:157} INFO - Started process (PID=206) to work on /home/airflow/.local/lib/python3.8/site-packages/airflow/example_dags/example_kubernetes_executor.py
[2023-12-16T21:08:31.260+0000] {processor.py:829} INFO - Processing file /home/airflow/.local/lib/python3.8/site-packages/airflow/example_dags/example_kubernetes_executor.py for tasks to queue
[2023-12-16T21:08:31.265+0000] {logging_mixin.py:154} INFO - [2023-12-16T21:08:31.264+0000] {dagbag.py:536} INFO - Filling up the DagBag from /home/airflow/.local/lib/python3.8/site-packages/airflow/example_dags/example_kubernetes_executor.py
[2023-12-16T21:08:31.310+0000] {processor.py:839} INFO - DAG(s) dict_keys(['example_kubernetes_executor']) retrieved from /home/airflow/.local/lib/python3.8/site-packages/airflow/example_dags/example_kubernetes_executor.py
[2023-12-16T21:08:31.419+0000] {logging_mixin.py:154} INFO - [2023-12-16T21:08:31.418+0000] {dag.py:2941} INFO - Sync 1 DAGs
[2023-12-16T21:08:31.459+0000] {logging_mixin.py:154} INFO - [2023-12-16T21:08:31.459+0000] {dag.py:3722} INFO - Setting next_dagrun for example_kubernetes_executor to None, run_after=None
[2023-12-16T21:08:31.533+0000] {processor.py:179} INFO - Processing /home/airflow/.local/lib/python3.8/site-packages/airflow/example_dags/example_kubernetes_executor.py took 0.284 seconds
[2023-12-16T21:09:02.333+0000] {processor.py:157} INFO - Started process (PID=260) to work on /home/airflow/.local/lib/python3.8/site-packages/airflow/example_dags/example_kubernetes_executor.py
[2023-12-16T21:09:02.336+0000] {processor.py:829} INFO - Processing file /home/airflow/.local/lib/python3.8/site-packages/airflow/example_dags/example_kubernetes_executor.py for tasks to queue
[2023-12-16T21:09:02.354+0000] {logging_mixin.py:154} INFO - [2023-12-16T21:09:02.353+0000] {dagbag.py:536} INFO - Filling up the DagBag from /home/airflow/.local/lib/python3.8/site-packages/airflow/example_dags/example_kubernetes_executor.py
[2023-12-16T21:09:02.493+0000] {processor.py:839} INFO - DAG(s) dict_keys(['example_kubernetes_executor']) retrieved from /home/airflow/.local/lib/python3.8/site-packages/airflow/example_dags/example_kubernetes_executor.py
[2023-12-16T21:09:02.644+0000] {logging_mixin.py:154} INFO - [2023-12-16T21:09:02.643+0000] {dag.py:2941} INFO - Sync 1 DAGs
[2023-12-16T21:09:02.668+0000] {logging_mixin.py:154} INFO - [2023-12-16T21:09:02.668+0000] {dag.py:3722} INFO - Setting next_dagrun for example_kubernetes_executor to None, run_after=None
[2023-12-16T21:09:03.160+0000] {processor.py:179} INFO - Processing /home/airflow/.local/lib/python3.8/site-packages/airflow/example_dags/example_kubernetes_executor.py took 0.846 seconds
[2023-12-16T21:09:33.404+0000] {processor.py:157} INFO - Started process (PID=314) to work on /home/airflow/.local/lib/python3.8/site-packages/airflow/example_dags/example_kubernetes_executor.py
[2023-12-16T21:09:33.406+0000] {processor.py:829} INFO - Processing file /home/airflow/.local/lib/python3.8/site-packages/airflow/example_dags/example_kubernetes_executor.py for tasks to queue
[2023-12-16T21:09:33.409+0000] {logging_mixin.py:154} INFO - [2023-12-16T21:09:33.409+0000] {dagbag.py:536} INFO - Filling up the DagBag from /home/airflow/.local/lib/python3.8/site-packages/airflow/example_dags/example_kubernetes_executor.py
[2023-12-16T21:09:33.445+0000] {processor.py:839} INFO - DAG(s) dict_keys(['example_kubernetes_executor']) retrieved from /home/airflow/.local/lib/python3.8/site-packages/airflow/example_dags/example_kubernetes_executor.py
[2023-12-16T21:09:33.543+0000] {logging_mixin.py:154} INFO - [2023-12-16T21:09:33.543+0000] {dag.py:2941} INFO - Sync 1 DAGs
[2023-12-16T21:09:33.575+0000] {logging_mixin.py:154} INFO - [2023-12-16T21:09:33.575+0000] {dag.py:3722} INFO - Setting next_dagrun for example_kubernetes_executor to None, run_after=None
[2023-12-16T21:09:33.617+0000] {processor.py:179} INFO - Processing /home/airflow/.local/lib/python3.8/site-packages/airflow/example_dags/example_kubernetes_executor.py took 0.218 seconds
[2023-12-16T21:10:04.312+0000] {processor.py:157} INFO - Started process (PID=368) to work on /home/airflow/.local/lib/python3.8/site-packages/airflow/example_dags/example_kubernetes_executor.py
[2023-12-16T21:10:04.316+0000] {processor.py:829} INFO - Processing file /home/airflow/.local/lib/python3.8/site-packages/airflow/example_dags/example_kubernetes_executor.py for tasks to queue
[2023-12-16T21:10:04.321+0000] {logging_mixin.py:154} INFO - [2023-12-16T21:10:04.321+0000] {dagbag.py:536} INFO - Filling up the DagBag from /home/airflow/.local/lib/python3.8/site-packages/airflow/example_dags/example_kubernetes_executor.py
[2023-12-16T21:10:04.351+0000] {processor.py:839} INFO - DAG(s) dict_keys(['example_kubernetes_executor']) retrieved from /home/airflow/.local/lib/python3.8/site-packages/airflow/example_dags/example_kubernetes_executor.py
[2023-12-16T21:10:04.428+0000] {logging_mixin.py:154} INFO - [2023-12-16T21:10:04.428+0000] {dag.py:2941} INFO - Sync 1 DAGs
[2023-12-16T21:10:04.454+0000] {logging_mixin.py:154} INFO - [2023-12-16T21:10:04.454+0000] {dag.py:3722} INFO - Setting next_dagrun for example_kubernetes_executor to None, run_after=None
[2023-12-16T21:10:04.504+0000] {processor.py:179} INFO - Processing /home/airflow/.local/lib/python3.8/site-packages/airflow/example_dags/example_kubernetes_executor.py took 0.200 seconds
[2023-12-16T21:10:34.635+0000] {processor.py:157} INFO - Started process (PID=422) to work on /home/airflow/.local/lib/python3.8/site-packages/airflow/example_dags/example_kubernetes_executor.py
[2023-12-16T21:10:34.638+0000] {processor.py:829} INFO - Processing file /home/airflow/.local/lib/python3.8/site-packages/airflow/example_dags/example_kubernetes_executor.py for tasks to queue
[2023-12-16T21:10:34.645+0000] {logging_mixin.py:154} INFO - [2023-12-16T21:10:34.644+0000] {dagbag.py:536} INFO - Filling up the DagBag from /home/airflow/.local/lib/python3.8/site-packages/airflow/example_dags/example_kubernetes_executor.py
[2023-12-16T21:10:34.697+0000] {processor.py:839} INFO - DAG(s) dict_keys(['example_kubernetes_executor']) retrieved from /home/airflow/.local/lib/python3.8/site-packages/airflow/example_dags/example_kubernetes_executor.py
[2023-12-16T21:10:34.867+0000] {logging_mixin.py:154} INFO - [2023-12-16T21:10:34.866+0000] {dag.py:2941} INFO - Sync 1 DAGs
[2023-12-16T21:10:34.894+0000] {logging_mixin.py:154} INFO - [2023-12-16T21:10:34.893+0000] {dag.py:3722} INFO - Setting next_dagrun for example_kubernetes_executor to None, run_after=None
[2023-12-16T21:10:34.945+0000] {processor.py:179} INFO - Processing /home/airflow/.local/lib/python3.8/site-packages/airflow/example_dags/example_kubernetes_executor.py took 0.325 seconds
[2023-12-16T21:11:05.146+0000] {processor.py:157} INFO - Started process (PID=477) to work on /home/airflow/.local/lib/python3.8/site-packages/airflow/example_dags/example_kubernetes_executor.py
[2023-12-16T21:11:05.149+0000] {processor.py:829} INFO - Processing file /home/airflow/.local/lib/python3.8/site-packages/airflow/example_dags/example_kubernetes_executor.py for tasks to queue
[2023-12-16T21:11:05.154+0000] {logging_mixin.py:154} INFO - [2023-12-16T21:11:05.153+0000] {dagbag.py:536} INFO - Filling up the DagBag from /home/airflow/.local/lib/python3.8/site-packages/airflow/example_dags/example_kubernetes_executor.py
[2023-12-16T21:11:05.177+0000] {processor.py:839} INFO - DAG(s) dict_keys(['example_kubernetes_executor']) retrieved from /home/airflow/.local/lib/python3.8/site-packages/airflow/example_dags/example_kubernetes_executor.py
[2023-12-16T21:11:05.267+0000] {logging_mixin.py:154} INFO - [2023-12-16T21:11:05.267+0000] {dag.py:2941} INFO - Sync 1 DAGs
[2023-12-16T21:11:05.291+0000] {logging_mixin.py:154} INFO - [2023-12-16T21:11:05.291+0000] {dag.py:3722} INFO - Setting next_dagrun for example_kubernetes_executor to None, run_after=None
[2023-12-16T21:11:05.341+0000] {processor.py:179} INFO - Processing /home/airflow/.local/lib/python3.8/site-packages/airflow/example_dags/example_kubernetes_executor.py took 0.201 seconds
[2023-12-16T21:11:35.427+0000] {processor.py:157} INFO - Started process (PID=531) to work on /home/airflow/.local/lib/python3.8/site-packages/airflow/example_dags/example_kubernetes_executor.py
[2023-12-16T21:11:35.428+0000] {processor.py:829} INFO - Processing file /home/airflow/.local/lib/python3.8/site-packages/airflow/example_dags/example_kubernetes_executor.py for tasks to queue
[2023-12-16T21:11:35.432+0000] {logging_mixin.py:154} INFO - [2023-12-16T21:11:35.432+0000] {dagbag.py:536} INFO - Filling up the DagBag from /home/airflow/.local/lib/python3.8/site-packages/airflow/example_dags/example_kubernetes_executor.py
[2023-12-16T21:11:35.459+0000] {processor.py:839} INFO - DAG(s) dict_keys(['example_kubernetes_executor']) retrieved from /home/airflow/.local/lib/python3.8/site-packages/airflow/example_dags/example_kubernetes_executor.py
[2023-12-16T21:11:35.524+0000] {logging_mixin.py:154} INFO - [2023-12-16T21:11:35.524+0000] {dag.py:2941} INFO - Sync 1 DAGs
[2023-12-16T21:11:35.545+0000] {logging_mixin.py:154} INFO - [2023-12-16T21:11:35.545+0000] {dag.py:3722} INFO - Setting next_dagrun for example_kubernetes_executor to None, run_after=None
[2023-12-16T21:11:35.581+0000] {processor.py:179} INFO - Processing /home/airflow/.local/lib/python3.8/site-packages/airflow/example_dags/example_kubernetes_executor.py took 0.160 seconds
[2023-12-16T21:12:05.871+0000] {processor.py:157} INFO - Started process (PID=585) to work on /home/airflow/.local/lib/python3.8/site-packages/airflow/example_dags/example_kubernetes_executor.py
[2023-12-16T21:12:05.873+0000] {processor.py:829} INFO - Processing file /home/airflow/.local/lib/python3.8/site-packages/airflow/example_dags/example_kubernetes_executor.py for tasks to queue
[2023-12-16T21:12:05.877+0000] {logging_mixin.py:154} INFO - [2023-12-16T21:12:05.877+0000] {dagbag.py:536} INFO - Filling up the DagBag from /home/airflow/.local/lib/python3.8/site-packages/airflow/example_dags/example_kubernetes_executor.py
[2023-12-16T21:12:05.904+0000] {processor.py:839} INFO - DAG(s) dict_keys(['example_kubernetes_executor']) retrieved from /home/airflow/.local/lib/python3.8/site-packages/airflow/example_dags/example_kubernetes_executor.py
[2023-12-16T21:12:05.961+0000] {logging_mixin.py:154} INFO - [2023-12-16T21:12:05.961+0000] {dag.py:2941} INFO - Sync 1 DAGs
[2023-12-16T21:12:05.984+0000] {logging_mixin.py:154} INFO - [2023-12-16T21:12:05.984+0000] {dag.py:3722} INFO - Setting next_dagrun for example_kubernetes_executor to None, run_after=None
[2023-12-16T21:12:06.015+0000] {processor.py:179} INFO - Processing /home/airflow/.local/lib/python3.8/site-packages/airflow/example_dags/example_kubernetes_executor.py took 0.151 seconds
[2023-12-16T21:12:36.102+0000] {processor.py:157} INFO - Started process (PID=639) to work on /home/airflow/.local/lib/python3.8/site-packages/airflow/example_dags/example_kubernetes_executor.py
[2023-12-16T21:12:36.104+0000] {processor.py:829} INFO - Processing file /home/airflow/.local/lib/python3.8/site-packages/airflow/example_dags/example_kubernetes_executor.py for tasks to queue
[2023-12-16T21:12:36.110+0000] {logging_mixin.py:154} INFO - [2023-12-16T21:12:36.110+0000] {dagbag.py:536} INFO - Filling up the DagBag from /home/airflow/.local/lib/python3.8/site-packages/airflow/example_dags/example_kubernetes_executor.py
[2023-12-16T21:12:36.134+0000] {processor.py:839} INFO - DAG(s) dict_keys(['example_kubernetes_executor']) retrieved from /home/airflow/.local/lib/python3.8/site-packages/airflow/example_dags/example_kubernetes_executor.py
[2023-12-16T21:12:36.197+0000] {logging_mixin.py:154} INFO - [2023-12-16T21:12:36.196+0000] {dag.py:2941} INFO - Sync 1 DAGs
[2023-12-16T21:12:36.216+0000] {logging_mixin.py:154} INFO - [2023-12-16T21:12:36.216+0000] {dag.py:3722} INFO - Setting next_dagrun for example_kubernetes_executor to None, run_after=None
[2023-12-16T21:12:36.247+0000] {processor.py:179} INFO - Processing /home/airflow/.local/lib/python3.8/site-packages/airflow/example_dags/example_kubernetes_executor.py took 0.150 seconds
