[2023-12-16T19:21:55.461+0000] {processor.py:157} INFO - Started process (PID=52) to work on /home/airflow/.local/lib/python3.8/site-packages/airflow/example_dags/example_task_group_decorator.py
[2023-12-16T19:21:55.470+0000] {processor.py:829} INFO - Processing file /home/airflow/.local/lib/python3.8/site-packages/airflow/example_dags/example_task_group_decorator.py for tasks to queue
[2023-12-16T19:21:55.491+0000] {logging_mixin.py:154} INFO - [2023-12-16T19:21:55.491+0000] {dagbag.py:536} INFO - Filling up the DagBag from /home/airflow/.local/lib/python3.8/site-packages/airflow/example_dags/example_task_group_decorator.py
[2023-12-16T19:21:55.577+0000] {processor.py:839} INFO - DAG(s) dict_keys(['example_task_group_decorator']) retrieved from /home/airflow/.local/lib/python3.8/site-packages/airflow/example_dags/example_task_group_decorator.py
[2023-12-16T19:21:55.823+0000] {logging_mixin.py:154} INFO - [2023-12-16T19:21:55.822+0000] {dag.py:2941} INFO - Sync 1 DAGs
[2023-12-16T19:21:56.026+0000] {logging_mixin.py:154} INFO - [2023-12-16T19:21:56.026+0000] {dag.py:3722} INFO - Setting next_dagrun for example_task_group_decorator to 2023-12-15T19:21:56.025757+00:00, run_after=2023-12-16T19:21:56.025757+00:00
[2023-12-16T19:21:56.264+0000] {processor.py:179} INFO - Processing /home/airflow/.local/lib/python3.8/site-packages/airflow/example_dags/example_task_group_decorator.py took 0.842 seconds
[2023-12-16T19:23:18.801+0000] {processor.py:157} INFO - Started process (PID=105) to work on /home/airflow/.local/lib/python3.8/site-packages/airflow/example_dags/example_task_group_decorator.py
[2023-12-16T19:23:18.806+0000] {processor.py:829} INFO - Processing file /home/airflow/.local/lib/python3.8/site-packages/airflow/example_dags/example_task_group_decorator.py for tasks to queue
[2023-12-16T19:23:18.812+0000] {logging_mixin.py:154} INFO - [2023-12-16T19:23:18.811+0000] {dagbag.py:536} INFO - Filling up the DagBag from /home/airflow/.local/lib/python3.8/site-packages/airflow/example_dags/example_task_group_decorator.py
[2023-12-16T19:23:18.881+0000] {processor.py:839} INFO - DAG(s) dict_keys(['example_task_group_decorator']) retrieved from /home/airflow/.local/lib/python3.8/site-packages/airflow/example_dags/example_task_group_decorator.py
[2023-12-16T19:23:18.985+0000] {logging_mixin.py:154} INFO - [2023-12-16T19:23:18.985+0000] {dag.py:2941} INFO - Sync 1 DAGs
[2023-12-16T19:23:19.091+0000] {logging_mixin.py:154} INFO - [2023-12-16T19:23:19.091+0000] {dag.py:3722} INFO - Setting next_dagrun for example_task_group_decorator to 2023-12-15T19:23:19.090021+00:00, run_after=2023-12-16T19:23:19.090021+00:00
[2023-12-16T19:23:19.216+0000] {processor.py:179} INFO - Processing /home/airflow/.local/lib/python3.8/site-packages/airflow/example_dags/example_task_group_decorator.py took 0.433 seconds
[2023-12-16T19:23:49.650+0000] {processor.py:157} INFO - Started process (PID=157) to work on /home/airflow/.local/lib/python3.8/site-packages/airflow/example_dags/example_task_group_decorator.py
[2023-12-16T19:23:49.669+0000] {processor.py:829} INFO - Processing file /home/airflow/.local/lib/python3.8/site-packages/airflow/example_dags/example_task_group_decorator.py for tasks to queue
[2023-12-16T19:23:49.686+0000] {logging_mixin.py:154} INFO - [2023-12-16T19:23:49.685+0000] {dagbag.py:536} INFO - Filling up the DagBag from /home/airflow/.local/lib/python3.8/site-packages/airflow/example_dags/example_task_group_decorator.py
[2023-12-16T19:23:49.906+0000] {processor.py:839} INFO - DAG(s) dict_keys(['example_task_group_decorator']) retrieved from /home/airflow/.local/lib/python3.8/site-packages/airflow/example_dags/example_task_group_decorator.py
[2023-12-16T19:23:50.476+0000] {logging_mixin.py:154} INFO - [2023-12-16T19:23:50.476+0000] {dag.py:2941} INFO - Sync 1 DAGs
[2023-12-16T19:23:50.601+0000] {logging_mixin.py:154} INFO - [2023-12-16T19:23:50.600+0000] {dag.py:3722} INFO - Setting next_dagrun for example_task_group_decorator to 2023-12-15T19:23:50.599662+00:00, run_after=2023-12-16T19:23:50.599662+00:00
[2023-12-16T19:23:50.699+0000] {processor.py:179} INFO - Processing /home/airflow/.local/lib/python3.8/site-packages/airflow/example_dags/example_task_group_decorator.py took 1.069 seconds
[2023-12-16T19:24:21.042+0000] {processor.py:157} INFO - Started process (PID=210) to work on /home/airflow/.local/lib/python3.8/site-packages/airflow/example_dags/example_task_group_decorator.py
[2023-12-16T19:24:21.049+0000] {processor.py:829} INFO - Processing file /home/airflow/.local/lib/python3.8/site-packages/airflow/example_dags/example_task_group_decorator.py for tasks to queue
[2023-12-16T19:24:21.065+0000] {logging_mixin.py:154} INFO - [2023-12-16T19:24:21.058+0000] {dagbag.py:536} INFO - Filling up the DagBag from /home/airflow/.local/lib/python3.8/site-packages/airflow/example_dags/example_task_group_decorator.py
[2023-12-16T19:24:21.281+0000] {processor.py:839} INFO - DAG(s) dict_keys(['example_task_group_decorator']) retrieved from /home/airflow/.local/lib/python3.8/site-packages/airflow/example_dags/example_task_group_decorator.py
[2023-12-16T19:24:38.462+0000] {logging_mixin.py:154} INFO - [2023-12-16T19:24:36.998+0000] {dag.py:2941} INFO - Sync 1 DAGs
[2023-12-16T19:28:34.989+0000] {logging_mixin.py:154} INFO - [2023-12-16T19:28:34.941+0000] {dag.py:3722} INFO - Setting next_dagrun for example_task_group_decorator to 2023-12-15T19:28:34.800060+00:00, run_after=2023-12-16T19:28:34.800060+00:00
[2023-12-16T19:35:40.575+0000] {processor.py:157} INFO - Started process (PID=59) to work on /home/airflow/.local/lib/python3.8/site-packages/airflow/example_dags/example_task_group_decorator.py
[2023-12-16T19:35:40.597+0000] {processor.py:829} INFO - Processing file /home/airflow/.local/lib/python3.8/site-packages/airflow/example_dags/example_task_group_decorator.py for tasks to queue
[2023-12-16T19:35:40.614+0000] {logging_mixin.py:154} INFO - [2023-12-16T19:35:40.614+0000] {dagbag.py:536} INFO - Filling up the DagBag from /home/airflow/.local/lib/python3.8/site-packages/airflow/example_dags/example_task_group_decorator.py
[2023-12-16T19:35:40.973+0000] {processor.py:839} INFO - DAG(s) dict_keys(['example_task_group_decorator']) retrieved from /home/airflow/.local/lib/python3.8/site-packages/airflow/example_dags/example_task_group_decorator.py
[2023-12-16T19:35:41.486+0000] {logging_mixin.py:154} INFO - [2023-12-16T19:35:41.485+0000] {dag.py:2941} INFO - Sync 1 DAGs
[2023-12-16T19:35:41.676+0000] {logging_mixin.py:154} INFO - [2023-12-16T19:35:41.675+0000] {dag.py:3722} INFO - Setting next_dagrun for example_task_group_decorator to 2023-12-15T19:35:41.674832+00:00, run_after=2023-12-16T19:35:41.674832+00:00
[2023-12-16T19:35:41.855+0000] {processor.py:179} INFO - Processing /home/airflow/.local/lib/python3.8/site-packages/airflow/example_dags/example_task_group_decorator.py took 1.376 seconds
[2023-12-16T19:36:23.178+0000] {processor.py:157} INFO - Started process (PID=111) to work on /home/airflow/.local/lib/python3.8/site-packages/airflow/example_dags/example_task_group_decorator.py
[2023-12-16T19:36:23.191+0000] {processor.py:829} INFO - Processing file /home/airflow/.local/lib/python3.8/site-packages/airflow/example_dags/example_task_group_decorator.py for tasks to queue
[2023-12-16T19:36:23.196+0000] {logging_mixin.py:154} INFO - [2023-12-16T19:36:23.195+0000] {dagbag.py:536} INFO - Filling up the DagBag from /home/airflow/.local/lib/python3.8/site-packages/airflow/example_dags/example_task_group_decorator.py
[2023-12-16T19:36:23.397+0000] {processor.py:839} INFO - DAG(s) dict_keys(['example_task_group_decorator']) retrieved from /home/airflow/.local/lib/python3.8/site-packages/airflow/example_dags/example_task_group_decorator.py
[2023-12-16T19:36:23.754+0000] {logging_mixin.py:154} INFO - [2023-12-16T19:36:23.754+0000] {dag.py:2941} INFO - Sync 1 DAGs
[2023-12-16T19:36:23.945+0000] {logging_mixin.py:154} INFO - [2023-12-16T19:36:23.944+0000] {dag.py:3722} INFO - Setting next_dagrun for example_task_group_decorator to 2023-12-15T19:36:23.918268+00:00, run_after=2023-12-16T19:36:23.918268+00:00
[2023-12-16T19:36:24.124+0000] {processor.py:179} INFO - Processing /home/airflow/.local/lib/python3.8/site-packages/airflow/example_dags/example_task_group_decorator.py took 0.963 seconds
[2023-12-16T19:37:04.805+0000] {processor.py:157} INFO - Started process (PID=163) to work on /home/airflow/.local/lib/python3.8/site-packages/airflow/example_dags/example_task_group_decorator.py
[2023-12-16T19:37:04.813+0000] {processor.py:829} INFO - Processing file /home/airflow/.local/lib/python3.8/site-packages/airflow/example_dags/example_task_group_decorator.py for tasks to queue
[2023-12-16T19:37:04.828+0000] {logging_mixin.py:154} INFO - [2023-12-16T19:37:04.827+0000] {dagbag.py:536} INFO - Filling up the DagBag from /home/airflow/.local/lib/python3.8/site-packages/airflow/example_dags/example_task_group_decorator.py
[2023-12-16T19:37:04.914+0000] {processor.py:839} INFO - DAG(s) dict_keys(['example_task_group_decorator']) retrieved from /home/airflow/.local/lib/python3.8/site-packages/airflow/example_dags/example_task_group_decorator.py
[2023-12-16T19:37:05.016+0000] {logging_mixin.py:154} INFO - [2023-12-16T19:37:05.015+0000] {dag.py:2941} INFO - Sync 1 DAGs
[2023-12-16T19:37:05.156+0000] {logging_mixin.py:154} INFO - [2023-12-16T19:37:05.155+0000] {dag.py:3722} INFO - Setting next_dagrun for example_task_group_decorator to 2023-12-15T19:37:05.155242+00:00, run_after=2023-12-16T19:37:05.155242+00:00
[2023-12-16T19:37:05.264+0000] {processor.py:179} INFO - Processing /home/airflow/.local/lib/python3.8/site-packages/airflow/example_dags/example_task_group_decorator.py took 0.466 seconds
[2023-12-16T19:37:54.251+0000] {processor.py:157} INFO - Started process (PID=216) to work on /home/airflow/.local/lib/python3.8/site-packages/airflow/example_dags/example_task_group_decorator.py
[2023-12-16T19:37:54.266+0000] {processor.py:829} INFO - Processing file /home/airflow/.local/lib/python3.8/site-packages/airflow/example_dags/example_task_group_decorator.py for tasks to queue
[2023-12-16T19:37:54.470+0000] {logging_mixin.py:154} INFO - [2023-12-16T19:37:54.467+0000] {dagbag.py:536} INFO - Filling up the DagBag from /home/airflow/.local/lib/python3.8/site-packages/airflow/example_dags/example_task_group_decorator.py
[2023-12-16T19:37:54.747+0000] {processor.py:839} INFO - DAG(s) dict_keys(['example_task_group_decorator']) retrieved from /home/airflow/.local/lib/python3.8/site-packages/airflow/example_dags/example_task_group_decorator.py
[2023-12-16T19:37:55.100+0000] {logging_mixin.py:154} INFO - [2023-12-16T19:37:55.100+0000] {dag.py:2941} INFO - Sync 1 DAGs
[2023-12-16T19:37:55.324+0000] {logging_mixin.py:154} INFO - [2023-12-16T19:37:55.324+0000] {dag.py:3722} INFO - Setting next_dagrun for example_task_group_decorator to 2023-12-15T19:37:55.323712+00:00, run_after=2023-12-16T19:37:55.323712+00:00
[2023-12-16T19:37:55.487+0000] {processor.py:179} INFO - Processing /home/airflow/.local/lib/python3.8/site-packages/airflow/example_dags/example_task_group_decorator.py took 1.418 seconds
[2023-12-16T19:40:55.920+0000] {processor.py:157} INFO - Started process (PID=52) to work on /home/airflow/.local/lib/python3.8/site-packages/airflow/example_dags/example_task_group_decorator.py
[2023-12-16T19:40:55.923+0000] {processor.py:829} INFO - Processing file /home/airflow/.local/lib/python3.8/site-packages/airflow/example_dags/example_task_group_decorator.py for tasks to queue
[2023-12-16T19:40:55.939+0000] {logging_mixin.py:154} INFO - [2023-12-16T19:40:55.936+0000] {dagbag.py:536} INFO - Filling up the DagBag from /home/airflow/.local/lib/python3.8/site-packages/airflow/example_dags/example_task_group_decorator.py
[2023-12-16T19:40:56.268+0000] {processor.py:839} INFO - DAG(s) dict_keys(['example_task_group_decorator']) retrieved from /home/airflow/.local/lib/python3.8/site-packages/airflow/example_dags/example_task_group_decorator.py
[2023-12-16T19:41:06.333+0000] {logging_mixin.py:154} INFO - [2023-12-16T19:41:06.331+0000] {dag.py:2941} INFO - Sync 1 DAGs
[2023-12-16T19:41:06.889+0000] {logging_mixin.py:154} INFO - [2023-12-16T19:41:06.699+0000] {dag.py:3722} INFO - Setting next_dagrun for example_task_group_decorator to 2023-12-15T19:41:06.584142+00:00, run_after=2023-12-16T19:41:06.584142+00:00
[2023-12-16T19:43:25.932+0000] {processor.py:179} INFO - Processing /home/airflow/.local/lib/python3.8/site-packages/airflow/example_dags/example_task_group_decorator.py took 150.052 seconds
[2023-12-16T19:44:18.086+0000] {processor.py:157} INFO - Started process (PID=112) to work on /home/airflow/.local/lib/python3.8/site-packages/airflow/example_dags/example_task_group_decorator.py
[2023-12-16T19:44:18.145+0000] {processor.py:829} INFO - Processing file /home/airflow/.local/lib/python3.8/site-packages/airflow/example_dags/example_task_group_decorator.py for tasks to queue
[2023-12-16T19:44:18.147+0000] {logging_mixin.py:154} INFO - [2023-12-16T19:44:18.146+0000] {dagbag.py:536} INFO - Filling up the DagBag from /home/airflow/.local/lib/python3.8/site-packages/airflow/example_dags/example_task_group_decorator.py
[2023-12-16T19:44:18.359+0000] {processor.py:839} INFO - DAG(s) dict_keys(['example_task_group_decorator']) retrieved from /home/airflow/.local/lib/python3.8/site-packages/airflow/example_dags/example_task_group_decorator.py
[2023-12-16T19:44:20.293+0000] {logging_mixin.py:154} INFO - [2023-12-16T19:44:20.293+0000] {dag.py:2941} INFO - Sync 1 DAGs
[2023-12-16T19:44:20.641+0000] {logging_mixin.py:154} INFO - [2023-12-16T19:44:20.640+0000] {dag.py:3722} INFO - Setting next_dagrun for example_task_group_decorator to 2023-12-15T19:44:20.640028+00:00, run_after=2023-12-16T19:44:20.640028+00:00
[2023-12-16T19:44:20.922+0000] {processor.py:179} INFO - Processing /home/airflow/.local/lib/python3.8/site-packages/airflow/example_dags/example_task_group_decorator.py took 2.844 seconds
[2023-12-16T19:44:51.833+0000] {processor.py:157} INFO - Started process (PID=164) to work on /home/airflow/.local/lib/python3.8/site-packages/airflow/example_dags/example_task_group_decorator.py
[2023-12-16T19:44:51.853+0000] {processor.py:829} INFO - Processing file /home/airflow/.local/lib/python3.8/site-packages/airflow/example_dags/example_task_group_decorator.py for tasks to queue
[2023-12-16T19:44:51.857+0000] {logging_mixin.py:154} INFO - [2023-12-16T19:44:51.856+0000] {dagbag.py:536} INFO - Filling up the DagBag from /home/airflow/.local/lib/python3.8/site-packages/airflow/example_dags/example_task_group_decorator.py
[2023-12-16T19:44:52.006+0000] {processor.py:839} INFO - DAG(s) dict_keys(['example_task_group_decorator']) retrieved from /home/airflow/.local/lib/python3.8/site-packages/airflow/example_dags/example_task_group_decorator.py
[2023-12-16T19:44:52.679+0000] {logging_mixin.py:154} INFO - [2023-12-16T19:44:52.679+0000] {dag.py:2941} INFO - Sync 1 DAGs
[2023-12-16T19:44:53.396+0000] {logging_mixin.py:154} INFO - [2023-12-16T19:44:53.396+0000] {dag.py:3722} INFO - Setting next_dagrun for example_task_group_decorator to 2023-12-15T19:44:53.395360+00:00, run_after=2023-12-16T19:44:53.395360+00:00
[2023-12-16T19:44:53.703+0000] {processor.py:179} INFO - Processing /home/airflow/.local/lib/python3.8/site-packages/airflow/example_dags/example_task_group_decorator.py took 1.878 seconds
[2023-12-16T19:45:29.191+0000] {processor.py:157} INFO - Started process (PID=217) to work on /home/airflow/.local/lib/python3.8/site-packages/airflow/example_dags/example_task_group_decorator.py
[2023-12-16T19:45:29.221+0000] {processor.py:829} INFO - Processing file /home/airflow/.local/lib/python3.8/site-packages/airflow/example_dags/example_task_group_decorator.py for tasks to queue
[2023-12-16T19:45:29.225+0000] {logging_mixin.py:154} INFO - [2023-12-16T19:45:29.225+0000] {dagbag.py:536} INFO - Filling up the DagBag from /home/airflow/.local/lib/python3.8/site-packages/airflow/example_dags/example_task_group_decorator.py
[2023-12-16T19:45:29.385+0000] {processor.py:839} INFO - DAG(s) dict_keys(['example_task_group_decorator']) retrieved from /home/airflow/.local/lib/python3.8/site-packages/airflow/example_dags/example_task_group_decorator.py
[2023-12-16T19:45:29.662+0000] {logging_mixin.py:154} INFO - [2023-12-16T19:45:29.662+0000] {dag.py:2941} INFO - Sync 1 DAGs
[2023-12-16T19:45:29.864+0000] {logging_mixin.py:154} INFO - [2023-12-16T19:45:29.864+0000] {dag.py:3722} INFO - Setting next_dagrun for example_task_group_decorator to 2023-12-15T19:45:29.863706+00:00, run_after=2023-12-16T19:45:29.863706+00:00
[2023-12-16T19:45:30.014+0000] {processor.py:179} INFO - Processing /home/airflow/.local/lib/python3.8/site-packages/airflow/example_dags/example_task_group_decorator.py took 0.832 seconds
[2023-12-16T20:04:38.675+0000] {processor.py:157} INFO - Started process (PID=121) to work on /home/airflow/.local/lib/python3.8/site-packages/airflow/example_dags/example_task_group_decorator.py
[2023-12-16T20:04:38.699+0000] {processor.py:829} INFO - Processing file /home/airflow/.local/lib/python3.8/site-packages/airflow/example_dags/example_task_group_decorator.py for tasks to queue
[2023-12-16T20:04:38.719+0000] {logging_mixin.py:154} INFO - [2023-12-16T20:04:38.718+0000] {dagbag.py:536} INFO - Filling up the DagBag from /home/airflow/.local/lib/python3.8/site-packages/airflow/example_dags/example_task_group_decorator.py
[2023-12-16T20:04:38.849+0000] {processor.py:839} INFO - DAG(s) dict_keys(['example_task_group_decorator']) retrieved from /home/airflow/.local/lib/python3.8/site-packages/airflow/example_dags/example_task_group_decorator.py
[2023-12-16T20:04:39.037+0000] {logging_mixin.py:154} INFO - [2023-12-16T20:04:39.036+0000] {dag.py:2941} INFO - Sync 1 DAGs
[2023-12-16T20:04:39.162+0000] {logging_mixin.py:154} INFO - [2023-12-16T20:04:39.161+0000] {dag.py:3722} INFO - Setting next_dagrun for example_task_group_decorator to 2023-12-15T20:04:39.161271+00:00, run_after=2023-12-16T20:04:39.161271+00:00
[2023-12-16T20:04:39.217+0000] {processor.py:179} INFO - Processing /home/airflow/.local/lib/python3.8/site-packages/airflow/example_dags/example_task_group_decorator.py took 0.550 seconds
[2023-12-16T20:05:09.444+0000] {processor.py:157} INFO - Started process (PID=189) to work on /home/airflow/.local/lib/python3.8/site-packages/airflow/example_dags/example_task_group_decorator.py
[2023-12-16T20:05:09.476+0000] {processor.py:829} INFO - Processing file /home/airflow/.local/lib/python3.8/site-packages/airflow/example_dags/example_task_group_decorator.py for tasks to queue
[2023-12-16T20:05:09.539+0000] {logging_mixin.py:154} INFO - [2023-12-16T20:05:09.539+0000] {dagbag.py:536} INFO - Filling up the DagBag from /home/airflow/.local/lib/python3.8/site-packages/airflow/example_dags/example_task_group_decorator.py
[2023-12-16T20:05:09.615+0000] {processor.py:839} INFO - DAG(s) dict_keys(['example_task_group_decorator']) retrieved from /home/airflow/.local/lib/python3.8/site-packages/airflow/example_dags/example_task_group_decorator.py
[2023-12-16T20:05:09.800+0000] {logging_mixin.py:154} INFO - [2023-12-16T20:05:09.800+0000] {dag.py:2941} INFO - Sync 1 DAGs
[2023-12-16T20:05:10.122+0000] {logging_mixin.py:154} INFO - [2023-12-16T20:05:10.121+0000] {dag.py:3722} INFO - Setting next_dagrun for example_task_group_decorator to 2023-12-15T20:05:10.118975+00:00, run_after=2023-12-16T20:05:10.118975+00:00
[2023-12-16T20:05:11.265+0000] {processor.py:179} INFO - Processing /home/airflow/.local/lib/python3.8/site-packages/airflow/example_dags/example_task_group_decorator.py took 1.837 seconds
[2023-12-16T20:05:41.948+0000] {processor.py:157} INFO - Started process (PID=257) to work on /home/airflow/.local/lib/python3.8/site-packages/airflow/example_dags/example_task_group_decorator.py
[2023-12-16T20:05:41.950+0000] {processor.py:829} INFO - Processing file /home/airflow/.local/lib/python3.8/site-packages/airflow/example_dags/example_task_group_decorator.py for tasks to queue
[2023-12-16T20:05:41.957+0000] {logging_mixin.py:154} INFO - [2023-12-16T20:05:41.956+0000] {dagbag.py:536} INFO - Filling up the DagBag from /home/airflow/.local/lib/python3.8/site-packages/airflow/example_dags/example_task_group_decorator.py
[2023-12-16T20:05:41.996+0000] {processor.py:839} INFO - DAG(s) dict_keys(['example_task_group_decorator']) retrieved from /home/airflow/.local/lib/python3.8/site-packages/airflow/example_dags/example_task_group_decorator.py
[2023-12-16T20:05:42.090+0000] {logging_mixin.py:154} INFO - [2023-12-16T20:05:42.089+0000] {dag.py:2941} INFO - Sync 1 DAGs
[2023-12-16T20:05:42.148+0000] {logging_mixin.py:154} INFO - [2023-12-16T20:05:42.147+0000] {dag.py:3722} INFO - Setting next_dagrun for example_task_group_decorator to 2023-12-15T20:05:42.147383+00:00, run_after=2023-12-16T20:05:42.147383+00:00
[2023-12-16T20:05:42.201+0000] {processor.py:179} INFO - Processing /home/airflow/.local/lib/python3.8/site-packages/airflow/example_dags/example_task_group_decorator.py took 0.261 seconds
[2023-12-16T20:20:35.172+0000] {processor.py:157} INFO - Started process (PID=53) to work on /home/airflow/.local/lib/python3.8/site-packages/airflow/example_dags/example_task_group_decorator.py
[2023-12-16T20:20:35.182+0000] {processor.py:829} INFO - Processing file /home/airflow/.local/lib/python3.8/site-packages/airflow/example_dags/example_task_group_decorator.py for tasks to queue
[2023-12-16T20:20:35.213+0000] {logging_mixin.py:154} INFO - [2023-12-16T20:20:35.213+0000] {dagbag.py:536} INFO - Filling up the DagBag from /home/airflow/.local/lib/python3.8/site-packages/airflow/example_dags/example_task_group_decorator.py
[2023-12-16T20:20:35.362+0000] {processor.py:839} INFO - DAG(s) dict_keys(['example_task_group_decorator']) retrieved from /home/airflow/.local/lib/python3.8/site-packages/airflow/example_dags/example_task_group_decorator.py
[2023-12-16T20:20:35.849+0000] {logging_mixin.py:154} INFO - [2023-12-16T20:20:35.845+0000] {dag.py:2941} INFO - Sync 1 DAGs
[2023-12-16T20:20:35.930+0000] {logging_mixin.py:154} INFO - [2023-12-16T20:20:35.930+0000] {dag.py:3722} INFO - Setting next_dagrun for example_task_group_decorator to 2023-12-15T20:20:35.928868+00:00, run_after=2023-12-16T20:20:35.928868+00:00
[2023-12-16T20:20:36.124+0000] {processor.py:179} INFO - Processing /home/airflow/.local/lib/python3.8/site-packages/airflow/example_dags/example_task_group_decorator.py took 0.961 seconds
[2023-12-16T20:21:14.635+0000] {processor.py:157} INFO - Started process (PID=106) to work on /home/airflow/.local/lib/python3.8/site-packages/airflow/example_dags/example_task_group_decorator.py
[2023-12-16T20:21:14.641+0000] {processor.py:829} INFO - Processing file /home/airflow/.local/lib/python3.8/site-packages/airflow/example_dags/example_task_group_decorator.py for tasks to queue
[2023-12-16T20:21:14.669+0000] {logging_mixin.py:154} INFO - [2023-12-16T20:21:14.667+0000] {dagbag.py:536} INFO - Filling up the DagBag from /home/airflow/.local/lib/python3.8/site-packages/airflow/example_dags/example_task_group_decorator.py
[2023-12-16T20:21:14.827+0000] {processor.py:839} INFO - DAG(s) dict_keys(['example_task_group_decorator']) retrieved from /home/airflow/.local/lib/python3.8/site-packages/airflow/example_dags/example_task_group_decorator.py
[2023-12-16T20:21:15.092+0000] {logging_mixin.py:154} INFO - [2023-12-16T20:21:15.091+0000] {dag.py:2941} INFO - Sync 1 DAGs
[2023-12-16T20:21:15.314+0000] {logging_mixin.py:154} INFO - [2023-12-16T20:21:15.313+0000] {dag.py:3722} INFO - Setting next_dagrun for example_task_group_decorator to 2023-12-15T20:21:15.313438+00:00, run_after=2023-12-16T20:21:15.313438+00:00
[2023-12-16T20:21:15.495+0000] {processor.py:179} INFO - Processing /home/airflow/.local/lib/python3.8/site-packages/airflow/example_dags/example_task_group_decorator.py took 0.889 seconds
[2023-12-16T20:22:15.686+0000] {processor.py:157} INFO - Started process (PID=165) to work on /home/airflow/.local/lib/python3.8/site-packages/airflow/example_dags/example_task_group_decorator.py
[2023-12-16T20:22:15.689+0000] {processor.py:829} INFO - Processing file /home/airflow/.local/lib/python3.8/site-packages/airflow/example_dags/example_task_group_decorator.py for tasks to queue
[2023-12-16T20:22:15.792+0000] {logging_mixin.py:154} INFO - [2023-12-16T20:22:15.758+0000] {dagbag.py:536} INFO - Filling up the DagBag from /home/airflow/.local/lib/python3.8/site-packages/airflow/example_dags/example_task_group_decorator.py
[2023-12-16T20:22:16.367+0000] {processor.py:839} INFO - DAG(s) dict_keys(['example_task_group_decorator']) retrieved from /home/airflow/.local/lib/python3.8/site-packages/airflow/example_dags/example_task_group_decorator.py
[2023-12-16T20:31:15.118+0000] {processor.py:157} INFO - Started process (PID=54) to work on /home/airflow/.local/lib/python3.8/site-packages/airflow/example_dags/example_task_group_decorator.py
[2023-12-16T20:31:15.140+0000] {processor.py:829} INFO - Processing file /home/airflow/.local/lib/python3.8/site-packages/airflow/example_dags/example_task_group_decorator.py for tasks to queue
[2023-12-16T20:31:15.166+0000] {logging_mixin.py:154} INFO - [2023-12-16T20:31:15.166+0000] {dagbag.py:536} INFO - Filling up the DagBag from /home/airflow/.local/lib/python3.8/site-packages/airflow/example_dags/example_task_group_decorator.py
[2023-12-16T20:31:15.381+0000] {processor.py:839} INFO - DAG(s) dict_keys(['example_task_group_decorator']) retrieved from /home/airflow/.local/lib/python3.8/site-packages/airflow/example_dags/example_task_group_decorator.py
[2023-12-16T20:31:18.811+0000] {logging_mixin.py:154} INFO - [2023-12-16T20:31:18.800+0000] {dag.py:2941} INFO - Sync 1 DAGs
[2023-12-16T20:31:19.167+0000] {logging_mixin.py:154} INFO - [2023-12-16T20:31:19.167+0000] {dag.py:3722} INFO - Setting next_dagrun for example_task_group_decorator to 2023-12-15T20:31:19.165014+00:00, run_after=2023-12-16T20:31:19.165014+00:00
[2023-12-16T20:31:19.343+0000] {processor.py:179} INFO - Processing /home/airflow/.local/lib/python3.8/site-packages/airflow/example_dags/example_task_group_decorator.py took 4.273 seconds
[2023-12-16T20:31:49.839+0000] {processor.py:157} INFO - Started process (PID=108) to work on /home/airflow/.local/lib/python3.8/site-packages/airflow/example_dags/example_task_group_decorator.py
[2023-12-16T20:31:49.845+0000] {processor.py:829} INFO - Processing file /home/airflow/.local/lib/python3.8/site-packages/airflow/example_dags/example_task_group_decorator.py for tasks to queue
[2023-12-16T20:31:49.853+0000] {logging_mixin.py:154} INFO - [2023-12-16T20:31:49.852+0000] {dagbag.py:536} INFO - Filling up the DagBag from /home/airflow/.local/lib/python3.8/site-packages/airflow/example_dags/example_task_group_decorator.py
[2023-12-16T20:31:49.937+0000] {processor.py:839} INFO - DAG(s) dict_keys(['example_task_group_decorator']) retrieved from /home/airflow/.local/lib/python3.8/site-packages/airflow/example_dags/example_task_group_decorator.py
[2023-12-16T20:31:50.166+0000] {logging_mixin.py:154} INFO - [2023-12-16T20:31:50.165+0000] {dag.py:2941} INFO - Sync 1 DAGs
[2023-12-16T20:31:50.267+0000] {logging_mixin.py:154} INFO - [2023-12-16T20:31:50.267+0000] {dag.py:3722} INFO - Setting next_dagrun for example_task_group_decorator to 2023-12-15T20:31:50.266433+00:00, run_after=2023-12-16T20:31:50.266433+00:00
[2023-12-16T20:31:50.351+0000] {processor.py:179} INFO - Processing /home/airflow/.local/lib/python3.8/site-packages/airflow/example_dags/example_task_group_decorator.py took 0.523 seconds
[2023-12-16T20:32:20.758+0000] {processor.py:157} INFO - Started process (PID=160) to work on /home/airflow/.local/lib/python3.8/site-packages/airflow/example_dags/example_task_group_decorator.py
[2023-12-16T20:32:20.761+0000] {processor.py:829} INFO - Processing file /home/airflow/.local/lib/python3.8/site-packages/airflow/example_dags/example_task_group_decorator.py for tasks to queue
[2023-12-16T20:32:20.773+0000] {logging_mixin.py:154} INFO - [2023-12-16T20:32:20.772+0000] {dagbag.py:536} INFO - Filling up the DagBag from /home/airflow/.local/lib/python3.8/site-packages/airflow/example_dags/example_task_group_decorator.py
[2023-12-16T20:32:20.833+0000] {processor.py:839} INFO - DAG(s) dict_keys(['example_task_group_decorator']) retrieved from /home/airflow/.local/lib/python3.8/site-packages/airflow/example_dags/example_task_group_decorator.py
[2023-12-16T20:32:20.898+0000] {logging_mixin.py:154} INFO - [2023-12-16T20:32:20.898+0000] {dag.py:2941} INFO - Sync 1 DAGs
[2023-12-16T20:32:20.956+0000] {logging_mixin.py:154} INFO - [2023-12-16T20:32:20.956+0000] {dag.py:3722} INFO - Setting next_dagrun for example_task_group_decorator to 2023-12-15T20:32:20.956016+00:00, run_after=2023-12-16T20:32:20.956016+00:00
[2023-12-16T20:32:21.000+0000] {processor.py:179} INFO - Processing /home/airflow/.local/lib/python3.8/site-packages/airflow/example_dags/example_task_group_decorator.py took 0.249 seconds
[2023-12-16T20:34:26.207+0000] {processor.py:157} INFO - Started process (PID=46) to work on /home/airflow/.local/lib/python3.8/site-packages/airflow/example_dags/example_task_group_decorator.py
[2023-12-16T20:34:26.211+0000] {processor.py:829} INFO - Processing file /home/airflow/.local/lib/python3.8/site-packages/airflow/example_dags/example_task_group_decorator.py for tasks to queue
[2023-12-16T20:34:26.217+0000] {logging_mixin.py:154} INFO - [2023-12-16T20:34:26.216+0000] {dagbag.py:536} INFO - Filling up the DagBag from /home/airflow/.local/lib/python3.8/site-packages/airflow/example_dags/example_task_group_decorator.py
[2023-12-16T20:34:26.271+0000] {processor.py:839} INFO - DAG(s) dict_keys(['example_task_group_decorator']) retrieved from /home/airflow/.local/lib/python3.8/site-packages/airflow/example_dags/example_task_group_decorator.py
[2023-12-16T20:34:26.360+0000] {logging_mixin.py:154} INFO - [2023-12-16T20:34:26.359+0000] {dag.py:2941} INFO - Sync 1 DAGs
[2023-12-16T20:34:26.494+0000] {logging_mixin.py:154} INFO - [2023-12-16T20:34:26.490+0000] {dag.py:3722} INFO - Setting next_dagrun for example_task_group_decorator to 2023-12-15T20:34:26.489885+00:00, run_after=2023-12-16T20:34:26.489885+00:00
[2023-12-16T20:34:26.583+0000] {processor.py:179} INFO - Processing /home/airflow/.local/lib/python3.8/site-packages/airflow/example_dags/example_task_group_decorator.py took 0.383 seconds
[2023-12-16T20:34:56.961+0000] {processor.py:157} INFO - Started process (PID=98) to work on /home/airflow/.local/lib/python3.8/site-packages/airflow/example_dags/example_task_group_decorator.py
[2023-12-16T20:34:56.964+0000] {processor.py:829} INFO - Processing file /home/airflow/.local/lib/python3.8/site-packages/airflow/example_dags/example_task_group_decorator.py for tasks to queue
[2023-12-16T20:34:56.970+0000] {logging_mixin.py:154} INFO - [2023-12-16T20:34:56.970+0000] {dagbag.py:536} INFO - Filling up the DagBag from /home/airflow/.local/lib/python3.8/site-packages/airflow/example_dags/example_task_group_decorator.py
[2023-12-16T20:34:57.026+0000] {processor.py:839} INFO - DAG(s) dict_keys(['example_task_group_decorator']) retrieved from /home/airflow/.local/lib/python3.8/site-packages/airflow/example_dags/example_task_group_decorator.py
[2023-12-16T20:34:57.085+0000] {logging_mixin.py:154} INFO - [2023-12-16T20:34:57.084+0000] {dag.py:2941} INFO - Sync 1 DAGs
[2023-12-16T20:34:57.145+0000] {logging_mixin.py:154} INFO - [2023-12-16T20:34:57.145+0000] {dag.py:3722} INFO - Setting next_dagrun for example_task_group_decorator to 2023-12-15T20:34:57.144703+00:00, run_after=2023-12-16T20:34:57.144703+00:00
[2023-12-16T20:34:57.204+0000] {processor.py:179} INFO - Processing /home/airflow/.local/lib/python3.8/site-packages/airflow/example_dags/example_task_group_decorator.py took 0.250 seconds
[2023-12-16T21:00:46.984+0000] {processor.py:157} INFO - Started process (PID=53) to work on /home/airflow/.local/lib/python3.8/site-packages/airflow/example_dags/example_task_group_decorator.py
[2023-12-16T21:00:46.987+0000] {processor.py:829} INFO - Processing file /home/airflow/.local/lib/python3.8/site-packages/airflow/example_dags/example_task_group_decorator.py for tasks to queue
[2023-12-16T21:00:46.998+0000] {logging_mixin.py:154} INFO - [2023-12-16T21:00:46.997+0000] {dagbag.py:536} INFO - Filling up the DagBag from /home/airflow/.local/lib/python3.8/site-packages/airflow/example_dags/example_task_group_decorator.py
[2023-12-16T21:00:47.147+0000] {processor.py:839} INFO - DAG(s) dict_keys(['example_task_group_decorator']) retrieved from /home/airflow/.local/lib/python3.8/site-packages/airflow/example_dags/example_task_group_decorator.py
[2023-12-16T21:00:47.438+0000] {logging_mixin.py:154} INFO - [2023-12-16T21:00:47.438+0000] {dag.py:2941} INFO - Sync 1 DAGs
[2023-12-16T21:00:47.689+0000] {logging_mixin.py:154} INFO - [2023-12-16T21:00:47.689+0000] {dag.py:3722} INFO - Setting next_dagrun for example_task_group_decorator to 2023-12-15T21:00:47.688930+00:00, run_after=2023-12-16T21:00:47.688930+00:00
[2023-12-16T21:00:47.840+0000] {processor.py:179} INFO - Processing /home/airflow/.local/lib/python3.8/site-packages/airflow/example_dags/example_task_group_decorator.py took 0.879 seconds
[2023-12-16T21:01:18.332+0000] {processor.py:157} INFO - Started process (PID=106) to work on /home/airflow/.local/lib/python3.8/site-packages/airflow/example_dags/example_task_group_decorator.py
[2023-12-16T21:01:18.335+0000] {processor.py:829} INFO - Processing file /home/airflow/.local/lib/python3.8/site-packages/airflow/example_dags/example_task_group_decorator.py for tasks to queue
[2023-12-16T21:01:18.343+0000] {logging_mixin.py:154} INFO - [2023-12-16T21:01:18.343+0000] {dagbag.py:536} INFO - Filling up the DagBag from /home/airflow/.local/lib/python3.8/site-packages/airflow/example_dags/example_task_group_decorator.py
[2023-12-16T21:01:18.388+0000] {processor.py:839} INFO - DAG(s) dict_keys(['example_task_group_decorator']) retrieved from /home/airflow/.local/lib/python3.8/site-packages/airflow/example_dags/example_task_group_decorator.py
[2023-12-16T21:01:18.505+0000] {logging_mixin.py:154} INFO - [2023-12-16T21:01:18.505+0000] {dag.py:2941} INFO - Sync 1 DAGs
[2023-12-16T21:01:18.587+0000] {logging_mixin.py:154} INFO - [2023-12-16T21:01:18.587+0000] {dag.py:3722} INFO - Setting next_dagrun for example_task_group_decorator to 2023-12-15T21:01:18.586511+00:00, run_after=2023-12-16T21:01:18.586511+00:00
[2023-12-16T21:01:18.657+0000] {processor.py:179} INFO - Processing /home/airflow/.local/lib/python3.8/site-packages/airflow/example_dags/example_task_group_decorator.py took 0.332 seconds
[2023-12-16T21:01:49.205+0000] {processor.py:157} INFO - Started process (PID=160) to work on /home/airflow/.local/lib/python3.8/site-packages/airflow/example_dags/example_task_group_decorator.py
[2023-12-16T21:01:49.207+0000] {processor.py:829} INFO - Processing file /home/airflow/.local/lib/python3.8/site-packages/airflow/example_dags/example_task_group_decorator.py for tasks to queue
[2023-12-16T21:01:49.213+0000] {logging_mixin.py:154} INFO - [2023-12-16T21:01:49.212+0000] {dagbag.py:536} INFO - Filling up the DagBag from /home/airflow/.local/lib/python3.8/site-packages/airflow/example_dags/example_task_group_decorator.py
[2023-12-16T21:01:49.271+0000] {processor.py:839} INFO - DAG(s) dict_keys(['example_task_group_decorator']) retrieved from /home/airflow/.local/lib/python3.8/site-packages/airflow/example_dags/example_task_group_decorator.py
[2023-12-16T21:01:49.354+0000] {logging_mixin.py:154} INFO - [2023-12-16T21:01:49.352+0000] {dag.py:2941} INFO - Sync 1 DAGs
[2023-12-16T21:01:49.426+0000] {logging_mixin.py:154} INFO - [2023-12-16T21:01:49.425+0000] {dag.py:3722} INFO - Setting next_dagrun for example_task_group_decorator to 2023-12-15T21:01:49.425069+00:00, run_after=2023-12-16T21:01:49.425069+00:00
[2023-12-16T21:01:49.488+0000] {processor.py:179} INFO - Processing /home/airflow/.local/lib/python3.8/site-packages/airflow/example_dags/example_task_group_decorator.py took 0.295 seconds
[2023-12-16T21:06:59.682+0000] {processor.py:157} INFO - Started process (PID=47) to work on /home/airflow/.local/lib/python3.8/site-packages/airflow/example_dags/example_task_group_decorator.py
[2023-12-16T21:06:59.691+0000] {processor.py:829} INFO - Processing file /home/airflow/.local/lib/python3.8/site-packages/airflow/example_dags/example_task_group_decorator.py for tasks to queue
[2023-12-16T21:06:59.698+0000] {logging_mixin.py:154} INFO - [2023-12-16T21:06:59.698+0000] {dagbag.py:536} INFO - Filling up the DagBag from /home/airflow/.local/lib/python3.8/site-packages/airflow/example_dags/example_task_group_decorator.py
[2023-12-16T21:06:59.764+0000] {processor.py:839} INFO - DAG(s) dict_keys(['example_task_group_decorator']) retrieved from /home/airflow/.local/lib/python3.8/site-packages/airflow/example_dags/example_task_group_decorator.py
[2023-12-16T21:06:59.890+0000] {logging_mixin.py:154} INFO - [2023-12-16T21:06:59.890+0000] {dag.py:2941} INFO - Sync 1 DAGs
[2023-12-16T21:06:59.958+0000] {logging_mixin.py:154} INFO - [2023-12-16T21:06:59.958+0000] {dag.py:3722} INFO - Setting next_dagrun for example_task_group_decorator to 2023-12-15T21:06:59.957909+00:00, run_after=2023-12-16T21:06:59.957909+00:00
[2023-12-16T21:07:00.034+0000] {processor.py:179} INFO - Processing /home/airflow/.local/lib/python3.8/site-packages/airflow/example_dags/example_task_group_decorator.py took 0.371 seconds
[2023-12-16T21:07:30.600+0000] {processor.py:157} INFO - Started process (PID=100) to work on /home/airflow/.local/lib/python3.8/site-packages/airflow/example_dags/example_task_group_decorator.py
[2023-12-16T21:07:30.608+0000] {processor.py:829} INFO - Processing file /home/airflow/.local/lib/python3.8/site-packages/airflow/example_dags/example_task_group_decorator.py for tasks to queue
[2023-12-16T21:07:30.618+0000] {logging_mixin.py:154} INFO - [2023-12-16T21:07:30.618+0000] {dagbag.py:536} INFO - Filling up the DagBag from /home/airflow/.local/lib/python3.8/site-packages/airflow/example_dags/example_task_group_decorator.py
[2023-12-16T21:07:30.690+0000] {processor.py:839} INFO - DAG(s) dict_keys(['example_task_group_decorator']) retrieved from /home/airflow/.local/lib/python3.8/site-packages/airflow/example_dags/example_task_group_decorator.py
[2023-12-16T21:07:30.790+0000] {logging_mixin.py:154} INFO - [2023-12-16T21:07:30.790+0000] {dag.py:2941} INFO - Sync 1 DAGs
[2023-12-16T21:07:30.869+0000] {logging_mixin.py:154} INFO - [2023-12-16T21:07:30.868+0000] {dag.py:3722} INFO - Setting next_dagrun for example_task_group_decorator to 2023-12-15T21:07:30.868229+00:00, run_after=2023-12-16T21:07:30.868229+00:00
[2023-12-16T21:07:30.945+0000] {processor.py:179} INFO - Processing /home/airflow/.local/lib/python3.8/site-packages/airflow/example_dags/example_task_group_decorator.py took 0.361 seconds
[2023-12-16T21:08:01.044+0000] {processor.py:157} INFO - Started process (PID=154) to work on /home/airflow/.local/lib/python3.8/site-packages/airflow/example_dags/example_task_group_decorator.py
[2023-12-16T21:08:01.046+0000] {processor.py:829} INFO - Processing file /home/airflow/.local/lib/python3.8/site-packages/airflow/example_dags/example_task_group_decorator.py for tasks to queue
[2023-12-16T21:08:01.051+0000] {logging_mixin.py:154} INFO - [2023-12-16T21:08:01.050+0000] {dagbag.py:536} INFO - Filling up the DagBag from /home/airflow/.local/lib/python3.8/site-packages/airflow/example_dags/example_task_group_decorator.py
[2023-12-16T21:08:01.089+0000] {processor.py:839} INFO - DAG(s) dict_keys(['example_task_group_decorator']) retrieved from /home/airflow/.local/lib/python3.8/site-packages/airflow/example_dags/example_task_group_decorator.py
[2023-12-16T21:08:01.147+0000] {logging_mixin.py:154} INFO - [2023-12-16T21:08:01.147+0000] {dag.py:2941} INFO - Sync 1 DAGs
[2023-12-16T21:08:01.183+0000] {logging_mixin.py:154} INFO - [2023-12-16T21:08:01.183+0000] {dag.py:3722} INFO - Setting next_dagrun for example_task_group_decorator to 2023-12-15T21:08:01.182634+00:00, run_after=2023-12-16T21:08:01.182634+00:00
[2023-12-16T21:08:01.220+0000] {processor.py:179} INFO - Processing /home/airflow/.local/lib/python3.8/site-packages/airflow/example_dags/example_task_group_decorator.py took 0.183 seconds
[2023-12-16T21:08:31.572+0000] {processor.py:157} INFO - Started process (PID=208) to work on /home/airflow/.local/lib/python3.8/site-packages/airflow/example_dags/example_task_group_decorator.py
[2023-12-16T21:08:31.575+0000] {processor.py:829} INFO - Processing file /home/airflow/.local/lib/python3.8/site-packages/airflow/example_dags/example_task_group_decorator.py for tasks to queue
[2023-12-16T21:08:31.592+0000] {logging_mixin.py:154} INFO - [2023-12-16T21:08:31.579+0000] {dagbag.py:536} INFO - Filling up the DagBag from /home/airflow/.local/lib/python3.8/site-packages/airflow/example_dags/example_task_group_decorator.py
[2023-12-16T21:08:31.655+0000] {processor.py:839} INFO - DAG(s) dict_keys(['example_task_group_decorator']) retrieved from /home/airflow/.local/lib/python3.8/site-packages/airflow/example_dags/example_task_group_decorator.py
[2023-12-16T21:08:31.784+0000] {logging_mixin.py:154} INFO - [2023-12-16T21:08:31.783+0000] {dag.py:2941} INFO - Sync 1 DAGs
[2023-12-16T21:08:31.872+0000] {logging_mixin.py:154} INFO - [2023-12-16T21:08:31.872+0000] {dag.py:3722} INFO - Setting next_dagrun for example_task_group_decorator to 2023-12-15T21:08:31.871523+00:00, run_after=2023-12-16T21:08:31.871523+00:00
[2023-12-16T21:08:31.906+0000] {processor.py:179} INFO - Processing /home/airflow/.local/lib/python3.8/site-packages/airflow/example_dags/example_task_group_decorator.py took 0.344 seconds
[2023-12-16T21:09:03.226+0000] {processor.py:157} INFO - Started process (PID=262) to work on /home/airflow/.local/lib/python3.8/site-packages/airflow/example_dags/example_task_group_decorator.py
[2023-12-16T21:09:03.228+0000] {processor.py:829} INFO - Processing file /home/airflow/.local/lib/python3.8/site-packages/airflow/example_dags/example_task_group_decorator.py for tasks to queue
[2023-12-16T21:09:03.232+0000] {logging_mixin.py:154} INFO - [2023-12-16T21:09:03.231+0000] {dagbag.py:536} INFO - Filling up the DagBag from /home/airflow/.local/lib/python3.8/site-packages/airflow/example_dags/example_task_group_decorator.py
[2023-12-16T21:09:03.272+0000] {processor.py:839} INFO - DAG(s) dict_keys(['example_task_group_decorator']) retrieved from /home/airflow/.local/lib/python3.8/site-packages/airflow/example_dags/example_task_group_decorator.py
[2023-12-16T21:09:03.326+0000] {logging_mixin.py:154} INFO - [2023-12-16T21:09:03.325+0000] {dag.py:2941} INFO - Sync 1 DAGs
[2023-12-16T21:09:03.373+0000] {logging_mixin.py:154} INFO - [2023-12-16T21:09:03.372+0000] {dag.py:3722} INFO - Setting next_dagrun for example_task_group_decorator to 2023-12-15T21:09:03.372313+00:00, run_after=2023-12-16T21:09:03.372313+00:00
[2023-12-16T21:09:03.427+0000] {processor.py:179} INFO - Processing /home/airflow/.local/lib/python3.8/site-packages/airflow/example_dags/example_task_group_decorator.py took 0.207 seconds
[2023-12-16T21:09:33.666+0000] {processor.py:157} INFO - Started process (PID=316) to work on /home/airflow/.local/lib/python3.8/site-packages/airflow/example_dags/example_task_group_decorator.py
[2023-12-16T21:09:33.668+0000] {processor.py:829} INFO - Processing file /home/airflow/.local/lib/python3.8/site-packages/airflow/example_dags/example_task_group_decorator.py for tasks to queue
[2023-12-16T21:09:33.672+0000] {logging_mixin.py:154} INFO - [2023-12-16T21:09:33.671+0000] {dagbag.py:536} INFO - Filling up the DagBag from /home/airflow/.local/lib/python3.8/site-packages/airflow/example_dags/example_task_group_decorator.py
[2023-12-16T21:09:33.700+0000] {processor.py:839} INFO - DAG(s) dict_keys(['example_task_group_decorator']) retrieved from /home/airflow/.local/lib/python3.8/site-packages/airflow/example_dags/example_task_group_decorator.py
[2023-12-16T21:09:33.749+0000] {logging_mixin.py:154} INFO - [2023-12-16T21:09:33.749+0000] {dag.py:2941} INFO - Sync 1 DAGs
[2023-12-16T21:09:33.800+0000] {logging_mixin.py:154} INFO - [2023-12-16T21:09:33.799+0000] {dag.py:3722} INFO - Setting next_dagrun for example_task_group_decorator to 2023-12-15T21:09:33.799478+00:00, run_after=2023-12-16T21:09:33.799478+00:00
[2023-12-16T21:09:33.835+0000] {processor.py:179} INFO - Processing /home/airflow/.local/lib/python3.8/site-packages/airflow/example_dags/example_task_group_decorator.py took 0.177 seconds
[2023-12-16T21:10:04.553+0000] {processor.py:157} INFO - Started process (PID=370) to work on /home/airflow/.local/lib/python3.8/site-packages/airflow/example_dags/example_task_group_decorator.py
[2023-12-16T21:10:04.555+0000] {processor.py:829} INFO - Processing file /home/airflow/.local/lib/python3.8/site-packages/airflow/example_dags/example_task_group_decorator.py for tasks to queue
[2023-12-16T21:10:04.559+0000] {logging_mixin.py:154} INFO - [2023-12-16T21:10:04.558+0000] {dagbag.py:536} INFO - Filling up the DagBag from /home/airflow/.local/lib/python3.8/site-packages/airflow/example_dags/example_task_group_decorator.py
[2023-12-16T21:10:04.615+0000] {processor.py:839} INFO - DAG(s) dict_keys(['example_task_group_decorator']) retrieved from /home/airflow/.local/lib/python3.8/site-packages/airflow/example_dags/example_task_group_decorator.py
[2023-12-16T21:10:04.670+0000] {logging_mixin.py:154} INFO - [2023-12-16T21:10:04.669+0000] {dag.py:2941} INFO - Sync 1 DAGs
[2023-12-16T21:10:04.715+0000] {logging_mixin.py:154} INFO - [2023-12-16T21:10:04.715+0000] {dag.py:3722} INFO - Setting next_dagrun for example_task_group_decorator to 2023-12-15T21:10:04.714849+00:00, run_after=2023-12-16T21:10:04.714849+00:00
[2023-12-16T21:10:04.751+0000] {processor.py:179} INFO - Processing /home/airflow/.local/lib/python3.8/site-packages/airflow/example_dags/example_task_group_decorator.py took 0.203 seconds
[2023-12-16T21:10:35.006+0000] {processor.py:157} INFO - Started process (PID=424) to work on /home/airflow/.local/lib/python3.8/site-packages/airflow/example_dags/example_task_group_decorator.py
[2023-12-16T21:10:35.008+0000] {processor.py:829} INFO - Processing file /home/airflow/.local/lib/python3.8/site-packages/airflow/example_dags/example_task_group_decorator.py for tasks to queue
[2023-12-16T21:10:35.013+0000] {logging_mixin.py:154} INFO - [2023-12-16T21:10:35.012+0000] {dagbag.py:536} INFO - Filling up the DagBag from /home/airflow/.local/lib/python3.8/site-packages/airflow/example_dags/example_task_group_decorator.py
[2023-12-16T21:10:35.087+0000] {processor.py:839} INFO - DAG(s) dict_keys(['example_task_group_decorator']) retrieved from /home/airflow/.local/lib/python3.8/site-packages/airflow/example_dags/example_task_group_decorator.py
[2023-12-16T21:10:35.218+0000] {logging_mixin.py:154} INFO - [2023-12-16T21:10:35.217+0000] {dag.py:2941} INFO - Sync 1 DAGs
[2023-12-16T21:10:35.273+0000] {logging_mixin.py:154} INFO - [2023-12-16T21:10:35.272+0000] {dag.py:3722} INFO - Setting next_dagrun for example_task_group_decorator to 2023-12-15T21:10:35.271825+00:00, run_after=2023-12-16T21:10:35.271825+00:00
[2023-12-16T21:10:35.313+0000] {processor.py:179} INFO - Processing /home/airflow/.local/lib/python3.8/site-packages/airflow/example_dags/example_task_group_decorator.py took 0.314 seconds
[2023-12-16T21:11:05.595+0000] {processor.py:157} INFO - Started process (PID=479) to work on /home/airflow/.local/lib/python3.8/site-packages/airflow/example_dags/example_task_group_decorator.py
[2023-12-16T21:11:05.598+0000] {processor.py:829} INFO - Processing file /home/airflow/.local/lib/python3.8/site-packages/airflow/example_dags/example_task_group_decorator.py for tasks to queue
[2023-12-16T21:11:05.603+0000] {logging_mixin.py:154} INFO - [2023-12-16T21:11:05.602+0000] {dagbag.py:536} INFO - Filling up the DagBag from /home/airflow/.local/lib/python3.8/site-packages/airflow/example_dags/example_task_group_decorator.py
[2023-12-16T21:11:05.661+0000] {processor.py:839} INFO - DAG(s) dict_keys(['example_task_group_decorator']) retrieved from /home/airflow/.local/lib/python3.8/site-packages/airflow/example_dags/example_task_group_decorator.py
[2023-12-16T21:11:05.728+0000] {logging_mixin.py:154} INFO - [2023-12-16T21:11:05.728+0000] {dag.py:2941} INFO - Sync 1 DAGs
[2023-12-16T21:11:05.787+0000] {logging_mixin.py:154} INFO - [2023-12-16T21:11:05.786+0000] {dag.py:3722} INFO - Setting next_dagrun for example_task_group_decorator to 2023-12-15T21:11:05.786181+00:00, run_after=2023-12-16T21:11:05.786181+00:00
[2023-12-16T21:11:05.854+0000] {processor.py:179} INFO - Processing /home/airflow/.local/lib/python3.8/site-packages/airflow/example_dags/example_task_group_decorator.py took 0.267 seconds
[2023-12-16T21:11:36.470+0000] {processor.py:157} INFO - Started process (PID=533) to work on /home/airflow/.local/lib/python3.8/site-packages/airflow/example_dags/example_task_group_decorator.py
[2023-12-16T21:11:36.475+0000] {processor.py:829} INFO - Processing file /home/airflow/.local/lib/python3.8/site-packages/airflow/example_dags/example_task_group_decorator.py for tasks to queue
[2023-12-16T21:11:36.480+0000] {logging_mixin.py:154} INFO - [2023-12-16T21:11:36.480+0000] {dagbag.py:536} INFO - Filling up the DagBag from /home/airflow/.local/lib/python3.8/site-packages/airflow/example_dags/example_task_group_decorator.py
[2023-12-16T21:11:36.527+0000] {processor.py:839} INFO - DAG(s) dict_keys(['example_task_group_decorator']) retrieved from /home/airflow/.local/lib/python3.8/site-packages/airflow/example_dags/example_task_group_decorator.py
[2023-12-16T21:11:36.610+0000] {logging_mixin.py:154} INFO - [2023-12-16T21:11:36.610+0000] {dag.py:2941} INFO - Sync 1 DAGs
[2023-12-16T21:11:36.652+0000] {logging_mixin.py:154} INFO - [2023-12-16T21:11:36.651+0000] {dag.py:3722} INFO - Setting next_dagrun for example_task_group_decorator to 2023-12-15T21:11:36.651067+00:00, run_after=2023-12-16T21:11:36.651067+00:00
[2023-12-16T21:11:36.688+0000] {processor.py:179} INFO - Processing /home/airflow/.local/lib/python3.8/site-packages/airflow/example_dags/example_task_group_decorator.py took 0.227 seconds
[2023-12-16T21:12:06.983+0000] {processor.py:157} INFO - Started process (PID=587) to work on /home/airflow/.local/lib/python3.8/site-packages/airflow/example_dags/example_task_group_decorator.py
[2023-12-16T21:12:06.986+0000] {processor.py:829} INFO - Processing file /home/airflow/.local/lib/python3.8/site-packages/airflow/example_dags/example_task_group_decorator.py for tasks to queue
[2023-12-16T21:12:06.991+0000] {logging_mixin.py:154} INFO - [2023-12-16T21:12:06.991+0000] {dagbag.py:536} INFO - Filling up the DagBag from /home/airflow/.local/lib/python3.8/site-packages/airflow/example_dags/example_task_group_decorator.py
[2023-12-16T21:12:07.044+0000] {processor.py:839} INFO - DAG(s) dict_keys(['example_task_group_decorator']) retrieved from /home/airflow/.local/lib/python3.8/site-packages/airflow/example_dags/example_task_group_decorator.py
[2023-12-16T21:12:07.183+0000] {logging_mixin.py:154} INFO - [2023-12-16T21:12:07.182+0000] {dag.py:2941} INFO - Sync 1 DAGs
[2023-12-16T21:12:07.287+0000] {logging_mixin.py:154} INFO - [2023-12-16T21:12:07.286+0000] {dag.py:3722} INFO - Setting next_dagrun for example_task_group_decorator to 2023-12-15T21:12:07.286215+00:00, run_after=2023-12-16T21:12:07.286215+00:00
[2023-12-16T21:12:07.364+0000] {processor.py:179} INFO - Processing /home/airflow/.local/lib/python3.8/site-packages/airflow/example_dags/example_task_group_decorator.py took 0.389 seconds
[2023-12-16T21:12:38.212+0000] {processor.py:157} INFO - Started process (PID=641) to work on /home/airflow/.local/lib/python3.8/site-packages/airflow/example_dags/example_task_group_decorator.py
[2023-12-16T21:12:38.214+0000] {processor.py:829} INFO - Processing file /home/airflow/.local/lib/python3.8/site-packages/airflow/example_dags/example_task_group_decorator.py for tasks to queue
[2023-12-16T21:12:38.218+0000] {logging_mixin.py:154} INFO - [2023-12-16T21:12:38.217+0000] {dagbag.py:536} INFO - Filling up the DagBag from /home/airflow/.local/lib/python3.8/site-packages/airflow/example_dags/example_task_group_decorator.py
[2023-12-16T21:12:38.248+0000] {processor.py:839} INFO - DAG(s) dict_keys(['example_task_group_decorator']) retrieved from /home/airflow/.local/lib/python3.8/site-packages/airflow/example_dags/example_task_group_decorator.py
[2023-12-16T21:12:38.295+0000] {logging_mixin.py:154} INFO - [2023-12-16T21:12:38.295+0000] {dag.py:2941} INFO - Sync 1 DAGs
[2023-12-16T21:12:38.336+0000] {logging_mixin.py:154} INFO - [2023-12-16T21:12:38.336+0000] {dag.py:3722} INFO - Setting next_dagrun for example_task_group_decorator to 2023-12-15T21:12:38.336002+00:00, run_after=2023-12-16T21:12:38.336002+00:00
[2023-12-16T21:12:38.368+0000] {processor.py:179} INFO - Processing /home/airflow/.local/lib/python3.8/site-packages/airflow/example_dags/example_task_group_decorator.py took 0.163 seconds
