[2023-12-16T19:22:57.056+0000] {processor.py:157} INFO - Started process (PID=89) to work on /home/airflow/.local/lib/python3.8/site-packages/airflow/example_dags/example_latest_only_with_trigger.py
[2023-12-16T19:22:57.079+0000] {processor.py:829} INFO - Processing file /home/airflow/.local/lib/python3.8/site-packages/airflow/example_dags/example_latest_only_with_trigger.py for tasks to queue
[2023-12-16T19:22:57.113+0000] {logging_mixin.py:154} INFO - [2023-12-16T19:22:57.113+0000] {dagbag.py:536} INFO - Filling up the DagBag from /home/airflow/.local/lib/python3.8/site-packages/airflow/example_dags/example_latest_only_with_trigger.py
[2023-12-16T19:22:57.185+0000] {processor.py:839} INFO - DAG(s) dict_keys(['latest_only_with_trigger']) retrieved from /home/airflow/.local/lib/python3.8/site-packages/airflow/example_dags/example_latest_only_with_trigger.py
[2023-12-16T19:22:57.463+0000] {logging_mixin.py:154} INFO - [2023-12-16T19:22:57.463+0000] {dag.py:2941} INFO - Sync 1 DAGs
[2023-12-16T19:22:57.924+0000] {logging_mixin.py:154} INFO - [2023-12-16T19:22:57.923+0000] {dag.py:3722} INFO - Setting next_dagrun for latest_only_with_trigger to 2023-12-16T15:22:57.923020+00:00, run_after=2023-12-16T19:22:57.923020+00:00
[2023-12-16T19:22:58.208+0000] {processor.py:179} INFO - Processing /home/airflow/.local/lib/python3.8/site-packages/airflow/example_dags/example_latest_only_with_trigger.py took 1.215 seconds
[2023-12-16T19:23:32.027+0000] {processor.py:157} INFO - Started process (PID=143) to work on /home/airflow/.local/lib/python3.8/site-packages/airflow/example_dags/example_latest_only_with_trigger.py
[2023-12-16T19:23:32.032+0000] {processor.py:829} INFO - Processing file /home/airflow/.local/lib/python3.8/site-packages/airflow/example_dags/example_latest_only_with_trigger.py for tasks to queue
[2023-12-16T19:23:32.072+0000] {logging_mixin.py:154} INFO - [2023-12-16T19:23:32.071+0000] {dagbag.py:536} INFO - Filling up the DagBag from /home/airflow/.local/lib/python3.8/site-packages/airflow/example_dags/example_latest_only_with_trigger.py
[2023-12-16T19:23:32.087+0000] {processor.py:839} INFO - DAG(s) dict_keys(['latest_only_with_trigger']) retrieved from /home/airflow/.local/lib/python3.8/site-packages/airflow/example_dags/example_latest_only_with_trigger.py
[2023-12-16T19:23:32.185+0000] {logging_mixin.py:154} INFO - [2023-12-16T19:23:32.184+0000] {dag.py:2941} INFO - Sync 1 DAGs
[2023-12-16T19:23:32.257+0000] {logging_mixin.py:154} INFO - [2023-12-16T19:23:32.257+0000] {dag.py:3722} INFO - Setting next_dagrun for latest_only_with_trigger to 2023-12-16T15:23:32.256712+00:00, run_after=2023-12-16T19:23:32.256712+00:00
[2023-12-16T19:23:32.303+0000] {processor.py:179} INFO - Processing /home/airflow/.local/lib/python3.8/site-packages/airflow/example_dags/example_latest_only_with_trigger.py took 0.294 seconds
[2023-12-16T19:24:04.463+0000] {processor.py:157} INFO - Started process (PID=199) to work on /home/airflow/.local/lib/python3.8/site-packages/airflow/example_dags/example_latest_only_with_trigger.py
[2023-12-16T19:24:04.466+0000] {processor.py:829} INFO - Processing file /home/airflow/.local/lib/python3.8/site-packages/airflow/example_dags/example_latest_only_with_trigger.py for tasks to queue
[2023-12-16T19:24:04.473+0000] {logging_mixin.py:154} INFO - [2023-12-16T19:24:04.473+0000] {dagbag.py:536} INFO - Filling up the DagBag from /home/airflow/.local/lib/python3.8/site-packages/airflow/example_dags/example_latest_only_with_trigger.py
[2023-12-16T19:24:04.496+0000] {processor.py:839} INFO - DAG(s) dict_keys(['latest_only_with_trigger']) retrieved from /home/airflow/.local/lib/python3.8/site-packages/airflow/example_dags/example_latest_only_with_trigger.py
[2023-12-16T19:24:04.547+0000] {logging_mixin.py:154} INFO - [2023-12-16T19:24:04.546+0000] {dag.py:2941} INFO - Sync 1 DAGs
[2023-12-16T19:24:04.592+0000] {logging_mixin.py:154} INFO - [2023-12-16T19:24:04.592+0000] {dag.py:3722} INFO - Setting next_dagrun for latest_only_with_trigger to 2023-12-16T15:24:04.592149+00:00, run_after=2023-12-16T19:24:04.592149+00:00
[2023-12-16T19:24:04.632+0000] {processor.py:179} INFO - Processing /home/airflow/.local/lib/python3.8/site-packages/airflow/example_dags/example_latest_only_with_trigger.py took 0.177 seconds
[2023-12-16T19:36:08.857+0000] {processor.py:157} INFO - Started process (PID=90) to work on /home/airflow/.local/lib/python3.8/site-packages/airflow/example_dags/example_latest_only_with_trigger.py
[2023-12-16T19:36:08.868+0000] {processor.py:829} INFO - Processing file /home/airflow/.local/lib/python3.8/site-packages/airflow/example_dags/example_latest_only_with_trigger.py for tasks to queue
[2023-12-16T19:36:08.885+0000] {logging_mixin.py:154} INFO - [2023-12-16T19:36:08.884+0000] {dagbag.py:536} INFO - Filling up the DagBag from /home/airflow/.local/lib/python3.8/site-packages/airflow/example_dags/example_latest_only_with_trigger.py
[2023-12-16T19:36:09.044+0000] {processor.py:839} INFO - DAG(s) dict_keys(['latest_only_with_trigger']) retrieved from /home/airflow/.local/lib/python3.8/site-packages/airflow/example_dags/example_latest_only_with_trigger.py
[2023-12-16T19:36:09.387+0000] {logging_mixin.py:154} INFO - [2023-12-16T19:36:09.332+0000] {dag.py:2941} INFO - Sync 1 DAGs
[2023-12-16T19:36:10.054+0000] {logging_mixin.py:154} INFO - [2023-12-16T19:36:10.053+0000] {dag.py:3722} INFO - Setting next_dagrun for latest_only_with_trigger to 2023-12-16T15:36:10.053447+00:00, run_after=2023-12-16T19:36:10.053447+00:00
[2023-12-16T19:36:10.553+0000] {processor.py:179} INFO - Processing /home/airflow/.local/lib/python3.8/site-packages/airflow/example_dags/example_latest_only_with_trigger.py took 1.730 seconds
[2023-12-16T19:36:58.623+0000] {processor.py:157} INFO - Started process (PID=151) to work on /home/airflow/.local/lib/python3.8/site-packages/airflow/example_dags/example_latest_only_with_trigger.py
[2023-12-16T19:36:58.628+0000] {processor.py:829} INFO - Processing file /home/airflow/.local/lib/python3.8/site-packages/airflow/example_dags/example_latest_only_with_trigger.py for tasks to queue
[2023-12-16T19:36:58.710+0000] {logging_mixin.py:154} INFO - [2023-12-16T19:36:58.686+0000] {dagbag.py:536} INFO - Filling up the DagBag from /home/airflow/.local/lib/python3.8/site-packages/airflow/example_dags/example_latest_only_with_trigger.py
[2023-12-16T19:36:58.767+0000] {processor.py:839} INFO - DAG(s) dict_keys(['latest_only_with_trigger']) retrieved from /home/airflow/.local/lib/python3.8/site-packages/airflow/example_dags/example_latest_only_with_trigger.py
[2023-12-16T19:36:59.024+0000] {logging_mixin.py:154} INFO - [2023-12-16T19:36:59.023+0000] {dag.py:2941} INFO - Sync 1 DAGs
[2023-12-16T19:36:59.258+0000] {logging_mixin.py:154} INFO - [2023-12-16T19:36:59.257+0000] {dag.py:3722} INFO - Setting next_dagrun for latest_only_with_trigger to 2023-12-16T15:36:59.257238+00:00, run_after=2023-12-16T19:36:59.257238+00:00
[2023-12-16T19:36:59.443+0000] {processor.py:179} INFO - Processing /home/airflow/.local/lib/python3.8/site-packages/airflow/example_dags/example_latest_only_with_trigger.py took 0.848 seconds
[2023-12-16T19:38:00.166+0000] {processor.py:157} INFO - Started process (PID=220) to work on /home/airflow/.local/lib/python3.8/site-packages/airflow/example_dags/example_latest_only_with_trigger.py
[2023-12-16T19:38:00.257+0000] {processor.py:829} INFO - Processing file /home/airflow/.local/lib/python3.8/site-packages/airflow/example_dags/example_latest_only_with_trigger.py for tasks to queue
[2023-12-16T19:38:00.354+0000] {logging_mixin.py:154} INFO - [2023-12-16T19:38:00.353+0000] {dagbag.py:536} INFO - Filling up the DagBag from /home/airflow/.local/lib/python3.8/site-packages/airflow/example_dags/example_latest_only_with_trigger.py
[2023-12-16T19:38:00.498+0000] {processor.py:839} INFO - DAG(s) dict_keys(['latest_only_with_trigger']) retrieved from /home/airflow/.local/lib/python3.8/site-packages/airflow/example_dags/example_latest_only_with_trigger.py
[2023-12-16T19:38:00.749+0000] {logging_mixin.py:154} INFO - [2023-12-16T19:38:00.748+0000] {dag.py:2941} INFO - Sync 1 DAGs
[2023-12-16T19:38:01.026+0000] {logging_mixin.py:154} INFO - [2023-12-16T19:38:01.025+0000] {dag.py:3722} INFO - Setting next_dagrun for latest_only_with_trigger to 2023-12-16T15:38:01.025228+00:00, run_after=2023-12-16T19:38:01.025228+00:00
[2023-12-16T19:38:04.893+0000] {processor.py:179} INFO - Processing /home/airflow/.local/lib/python3.8/site-packages/airflow/example_dags/example_latest_only_with_trigger.py took 4.858 seconds
[2023-12-16T19:44:01.138+0000] {processor.py:157} INFO - Started process (PID=90) to work on /home/airflow/.local/lib/python3.8/site-packages/airflow/example_dags/example_latest_only_with_trigger.py
[2023-12-16T19:44:01.143+0000] {processor.py:829} INFO - Processing file /home/airflow/.local/lib/python3.8/site-packages/airflow/example_dags/example_latest_only_with_trigger.py for tasks to queue
[2023-12-16T19:44:01.149+0000] {logging_mixin.py:154} INFO - [2023-12-16T19:44:01.149+0000] {dagbag.py:536} INFO - Filling up the DagBag from /home/airflow/.local/lib/python3.8/site-packages/airflow/example_dags/example_latest_only_with_trigger.py
[2023-12-16T19:44:01.196+0000] {processor.py:839} INFO - DAG(s) dict_keys(['latest_only_with_trigger']) retrieved from /home/airflow/.local/lib/python3.8/site-packages/airflow/example_dags/example_latest_only_with_trigger.py
[2023-12-16T19:44:01.290+0000] {logging_mixin.py:154} INFO - [2023-12-16T19:44:01.290+0000] {dag.py:2941} INFO - Sync 1 DAGs
[2023-12-16T19:44:01.431+0000] {logging_mixin.py:154} INFO - [2023-12-16T19:44:01.430+0000] {dag.py:3722} INFO - Setting next_dagrun for latest_only_with_trigger to 2023-12-16T15:44:01.429481+00:00, run_after=2023-12-16T19:44:01.429481+00:00
[2023-12-16T19:44:01.697+0000] {processor.py:179} INFO - Processing /home/airflow/.local/lib/python3.8/site-packages/airflow/example_dags/example_latest_only_with_trigger.py took 0.583 seconds
[2023-12-16T19:44:45.888+0000] {processor.py:157} INFO - Started process (PID=150) to work on /home/airflow/.local/lib/python3.8/site-packages/airflow/example_dags/example_latest_only_with_trigger.py
[2023-12-16T19:44:45.907+0000] {processor.py:829} INFO - Processing file /home/airflow/.local/lib/python3.8/site-packages/airflow/example_dags/example_latest_only_with_trigger.py for tasks to queue
[2023-12-16T19:44:45.915+0000] {logging_mixin.py:154} INFO - [2023-12-16T19:44:45.914+0000] {dagbag.py:536} INFO - Filling up the DagBag from /home/airflow/.local/lib/python3.8/site-packages/airflow/example_dags/example_latest_only_with_trigger.py
[2023-12-16T19:44:45.976+0000] {processor.py:839} INFO - DAG(s) dict_keys(['latest_only_with_trigger']) retrieved from /home/airflow/.local/lib/python3.8/site-packages/airflow/example_dags/example_latest_only_with_trigger.py
[2023-12-16T19:44:46.101+0000] {logging_mixin.py:154} INFO - [2023-12-16T19:44:46.100+0000] {dag.py:2941} INFO - Sync 1 DAGs
[2023-12-16T19:44:46.365+0000] {logging_mixin.py:154} INFO - [2023-12-16T19:44:46.343+0000] {dag.py:3722} INFO - Setting next_dagrun for latest_only_with_trigger to 2023-12-16T15:44:46.302294+00:00, run_after=2023-12-16T19:44:46.302294+00:00
[2023-12-16T19:44:46.509+0000] {processor.py:179} INFO - Processing /home/airflow/.local/lib/python3.8/site-packages/airflow/example_dags/example_latest_only_with_trigger.py took 0.629 seconds
[2023-12-16T19:45:28.188+0000] {processor.py:157} INFO - Started process (PID=212) to work on /home/airflow/.local/lib/python3.8/site-packages/airflow/example_dags/example_latest_only_with_trigger.py
[2023-12-16T19:45:28.190+0000] {processor.py:829} INFO - Processing file /home/airflow/.local/lib/python3.8/site-packages/airflow/example_dags/example_latest_only_with_trigger.py for tasks to queue
[2023-12-16T19:45:28.194+0000] {logging_mixin.py:154} INFO - [2023-12-16T19:45:28.193+0000] {dagbag.py:536} INFO - Filling up the DagBag from /home/airflow/.local/lib/python3.8/site-packages/airflow/example_dags/example_latest_only_with_trigger.py
[2023-12-16T19:45:28.218+0000] {processor.py:839} INFO - DAG(s) dict_keys(['latest_only_with_trigger']) retrieved from /home/airflow/.local/lib/python3.8/site-packages/airflow/example_dags/example_latest_only_with_trigger.py
[2023-12-16T19:45:28.320+0000] {logging_mixin.py:154} INFO - [2023-12-16T19:45:28.320+0000] {dag.py:2941} INFO - Sync 1 DAGs
[2023-12-16T19:45:28.444+0000] {logging_mixin.py:154} INFO - [2023-12-16T19:45:28.444+0000] {dag.py:3722} INFO - Setting next_dagrun for latest_only_with_trigger to 2023-12-16T15:45:28.443647+00:00, run_after=2023-12-16T19:45:28.443647+00:00
[2023-12-16T19:45:28.508+0000] {processor.py:179} INFO - Processing /home/airflow/.local/lib/python3.8/site-packages/airflow/example_dags/example_latest_only_with_trigger.py took 0.338 seconds
[2023-12-16T20:04:50.889+0000] {processor.py:157} INFO - Started process (PID=152) to work on /home/airflow/.local/lib/python3.8/site-packages/airflow/example_dags/example_latest_only_with_trigger.py
[2023-12-16T20:04:50.899+0000] {processor.py:829} INFO - Processing file /home/airflow/.local/lib/python3.8/site-packages/airflow/example_dags/example_latest_only_with_trigger.py for tasks to queue
[2023-12-16T20:04:50.905+0000] {logging_mixin.py:154} INFO - [2023-12-16T20:04:50.904+0000] {dagbag.py:536} INFO - Filling up the DagBag from /home/airflow/.local/lib/python3.8/site-packages/airflow/example_dags/example_latest_only_with_trigger.py
[2023-12-16T20:04:50.928+0000] {processor.py:839} INFO - DAG(s) dict_keys(['latest_only_with_trigger']) retrieved from /home/airflow/.local/lib/python3.8/site-packages/airflow/example_dags/example_latest_only_with_trigger.py
[2023-12-16T20:04:51.090+0000] {logging_mixin.py:154} INFO - [2023-12-16T20:04:51.089+0000] {dag.py:2941} INFO - Sync 1 DAGs
[2023-12-16T20:04:51.203+0000] {logging_mixin.py:154} INFO - [2023-12-16T20:04:51.203+0000] {dag.py:3722} INFO - Setting next_dagrun for latest_only_with_trigger to 2023-12-16T16:04:51.202975+00:00, run_after=2023-12-16T20:04:51.202975+00:00
[2023-12-16T20:04:51.298+0000] {processor.py:179} INFO - Processing /home/airflow/.local/lib/python3.8/site-packages/airflow/example_dags/example_latest_only_with_trigger.py took 0.429 seconds
[2023-12-16T20:05:32.336+0000] {processor.py:157} INFO - Started process (PID=221) to work on /home/airflow/.local/lib/python3.8/site-packages/airflow/example_dags/example_latest_only_with_trigger.py
[2023-12-16T20:05:32.346+0000] {processor.py:829} INFO - Processing file /home/airflow/.local/lib/python3.8/site-packages/airflow/example_dags/example_latest_only_with_trigger.py for tasks to queue
[2023-12-16T20:05:32.368+0000] {logging_mixin.py:154} INFO - [2023-12-16T20:05:32.366+0000] {dagbag.py:536} INFO - Filling up the DagBag from /home/airflow/.local/lib/python3.8/site-packages/airflow/example_dags/example_latest_only_with_trigger.py
[2023-12-16T20:05:32.401+0000] {processor.py:839} INFO - DAG(s) dict_keys(['latest_only_with_trigger']) retrieved from /home/airflow/.local/lib/python3.8/site-packages/airflow/example_dags/example_latest_only_with_trigger.py
[2023-12-16T20:05:32.528+0000] {logging_mixin.py:154} INFO - [2023-12-16T20:05:32.528+0000] {dag.py:2941} INFO - Sync 1 DAGs
[2023-12-16T20:05:32.664+0000] {logging_mixin.py:154} INFO - [2023-12-16T20:05:32.664+0000] {dag.py:3722} INFO - Setting next_dagrun for latest_only_with_trigger to 2023-12-16T16:05:32.663830+00:00, run_after=2023-12-16T20:05:32.663830+00:00
[2023-12-16T20:05:32.742+0000] {processor.py:179} INFO - Processing /home/airflow/.local/lib/python3.8/site-packages/airflow/example_dags/example_latest_only_with_trigger.py took 0.425 seconds
[2023-12-16T20:06:05.972+0000] {processor.py:157} INFO - Started process (PID=289) to work on /home/airflow/.local/lib/python3.8/site-packages/airflow/example_dags/example_latest_only_with_trigger.py
[2023-12-16T20:06:05.974+0000] {processor.py:829} INFO - Processing file /home/airflow/.local/lib/python3.8/site-packages/airflow/example_dags/example_latest_only_with_trigger.py for tasks to queue
[2023-12-16T20:06:05.982+0000] {logging_mixin.py:154} INFO - [2023-12-16T20:06:05.981+0000] {dagbag.py:536} INFO - Filling up the DagBag from /home/airflow/.local/lib/python3.8/site-packages/airflow/example_dags/example_latest_only_with_trigger.py
[2023-12-16T20:06:06.004+0000] {processor.py:839} INFO - DAG(s) dict_keys(['latest_only_with_trigger']) retrieved from /home/airflow/.local/lib/python3.8/site-packages/airflow/example_dags/example_latest_only_with_trigger.py
[2023-12-16T20:06:06.103+0000] {logging_mixin.py:154} INFO - [2023-12-16T20:06:06.103+0000] {dag.py:2941} INFO - Sync 1 DAGs
[2023-12-16T20:06:07.786+0000] {logging_mixin.py:154} INFO - [2023-12-16T20:06:07.785+0000] {dag.py:3722} INFO - Setting next_dagrun for latest_only_with_trigger to 2023-12-16T16:06:07.782099+00:00, run_after=2023-12-16T20:06:07.782099+00:00
[2023-12-16T20:06:08.518+0000] {processor.py:179} INFO - Processing /home/airflow/.local/lib/python3.8/site-packages/airflow/example_dags/example_latest_only_with_trigger.py took 2.555 seconds
[2023-12-16T20:21:04.830+0000] {processor.py:157} INFO - Started process (PID=90) to work on /home/airflow/.local/lib/python3.8/site-packages/airflow/example_dags/example_latest_only_with_trigger.py
[2023-12-16T20:21:04.835+0000] {processor.py:829} INFO - Processing file /home/airflow/.local/lib/python3.8/site-packages/airflow/example_dags/example_latest_only_with_trigger.py for tasks to queue
[2023-12-16T20:21:04.854+0000] {logging_mixin.py:154} INFO - [2023-12-16T20:21:04.854+0000] {dagbag.py:536} INFO - Filling up the DagBag from /home/airflow/.local/lib/python3.8/site-packages/airflow/example_dags/example_latest_only_with_trigger.py
[2023-12-16T20:21:04.891+0000] {processor.py:839} INFO - DAG(s) dict_keys(['latest_only_with_trigger']) retrieved from /home/airflow/.local/lib/python3.8/site-packages/airflow/example_dags/example_latest_only_with_trigger.py
[2023-12-16T20:21:04.993+0000] {logging_mixin.py:154} INFO - [2023-12-16T20:21:04.992+0000] {dag.py:2941} INFO - Sync 1 DAGs
[2023-12-16T20:21:05.173+0000] {logging_mixin.py:154} INFO - [2023-12-16T20:21:05.149+0000] {dag.py:3722} INFO - Setting next_dagrun for latest_only_with_trigger to 2023-12-16T16:21:05.148115+00:00, run_after=2023-12-16T20:21:05.148115+00:00
[2023-12-16T20:21:05.276+0000] {processor.py:179} INFO - Processing /home/airflow/.local/lib/python3.8/site-packages/airflow/example_dags/example_latest_only_with_trigger.py took 0.453 seconds
[2023-12-16T20:21:35.949+0000] {processor.py:157} INFO - Started process (PID=143) to work on /home/airflow/.local/lib/python3.8/site-packages/airflow/example_dags/example_latest_only_with_trigger.py
[2023-12-16T20:21:35.952+0000] {processor.py:829} INFO - Processing file /home/airflow/.local/lib/python3.8/site-packages/airflow/example_dags/example_latest_only_with_trigger.py for tasks to queue
[2023-12-16T20:21:35.960+0000] {logging_mixin.py:154} INFO - [2023-12-16T20:21:35.959+0000] {dagbag.py:536} INFO - Filling up the DagBag from /home/airflow/.local/lib/python3.8/site-packages/airflow/example_dags/example_latest_only_with_trigger.py
[2023-12-16T20:21:35.975+0000] {processor.py:839} INFO - DAG(s) dict_keys(['latest_only_with_trigger']) retrieved from /home/airflow/.local/lib/python3.8/site-packages/airflow/example_dags/example_latest_only_with_trigger.py
[2023-12-16T20:21:36.101+0000] {logging_mixin.py:154} INFO - [2023-12-16T20:21:36.101+0000] {dag.py:2941} INFO - Sync 1 DAGs
[2023-12-16T20:21:36.218+0000] {logging_mixin.py:154} INFO - [2023-12-16T20:21:36.218+0000] {dag.py:3722} INFO - Setting next_dagrun for latest_only_with_trigger to 2023-12-16T16:21:36.215594+00:00, run_after=2023-12-16T20:21:36.215594+00:00
[2023-12-16T20:21:36.374+0000] {processor.py:179} INFO - Processing /home/airflow/.local/lib/python3.8/site-packages/airflow/example_dags/example_latest_only_with_trigger.py took 0.434 seconds
[2023-12-16T20:31:39.671+0000] {processor.py:157} INFO - Started process (PID=92) to work on /home/airflow/.local/lib/python3.8/site-packages/airflow/example_dags/example_latest_only_with_trigger.py
[2023-12-16T20:31:39.673+0000] {processor.py:829} INFO - Processing file /home/airflow/.local/lib/python3.8/site-packages/airflow/example_dags/example_latest_only_with_trigger.py for tasks to queue
[2023-12-16T20:31:39.679+0000] {logging_mixin.py:154} INFO - [2023-12-16T20:31:39.678+0000] {dagbag.py:536} INFO - Filling up the DagBag from /home/airflow/.local/lib/python3.8/site-packages/airflow/example_dags/example_latest_only_with_trigger.py
[2023-12-16T20:31:39.690+0000] {processor.py:839} INFO - DAG(s) dict_keys(['latest_only_with_trigger']) retrieved from /home/airflow/.local/lib/python3.8/site-packages/airflow/example_dags/example_latest_only_with_trigger.py
[2023-12-16T20:31:39.739+0000] {logging_mixin.py:154} INFO - [2023-12-16T20:31:39.739+0000] {dag.py:2941} INFO - Sync 1 DAGs
[2023-12-16T20:31:39.794+0000] {logging_mixin.py:154} INFO - [2023-12-16T20:31:39.794+0000] {dag.py:3722} INFO - Setting next_dagrun for latest_only_with_trigger to 2023-12-16T16:31:39.794001+00:00, run_after=2023-12-16T20:31:39.794001+00:00
[2023-12-16T20:31:39.841+0000] {processor.py:179} INFO - Processing /home/airflow/.local/lib/python3.8/site-packages/airflow/example_dags/example_latest_only_with_trigger.py took 0.178 seconds
[2023-12-16T20:32:10.792+0000] {processor.py:157} INFO - Started process (PID=144) to work on /home/airflow/.local/lib/python3.8/site-packages/airflow/example_dags/example_latest_only_with_trigger.py
[2023-12-16T20:32:10.794+0000] {processor.py:829} INFO - Processing file /home/airflow/.local/lib/python3.8/site-packages/airflow/example_dags/example_latest_only_with_trigger.py for tasks to queue
[2023-12-16T20:32:10.802+0000] {logging_mixin.py:154} INFO - [2023-12-16T20:32:10.801+0000] {dagbag.py:536} INFO - Filling up the DagBag from /home/airflow/.local/lib/python3.8/site-packages/airflow/example_dags/example_latest_only_with_trigger.py
[2023-12-16T20:32:10.818+0000] {processor.py:839} INFO - DAG(s) dict_keys(['latest_only_with_trigger']) retrieved from /home/airflow/.local/lib/python3.8/site-packages/airflow/example_dags/example_latest_only_with_trigger.py
[2023-12-16T20:32:10.894+0000] {logging_mixin.py:154} INFO - [2023-12-16T20:32:10.894+0000] {dag.py:2941} INFO - Sync 1 DAGs
[2023-12-16T20:32:10.965+0000] {logging_mixin.py:154} INFO - [2023-12-16T20:32:10.965+0000] {dag.py:3722} INFO - Setting next_dagrun for latest_only_with_trigger to 2023-12-16T16:32:10.964675+00:00, run_after=2023-12-16T20:32:10.964675+00:00
[2023-12-16T20:32:11.030+0000] {processor.py:179} INFO - Processing /home/airflow/.local/lib/python3.8/site-packages/airflow/example_dags/example_latest_only_with_trigger.py took 0.246 seconds
[2023-12-16T20:34:42.817+0000] {processor.py:157} INFO - Started process (PID=83) to work on /home/airflow/.local/lib/python3.8/site-packages/airflow/example_dags/example_latest_only_with_trigger.py
[2023-12-16T20:34:42.820+0000] {processor.py:829} INFO - Processing file /home/airflow/.local/lib/python3.8/site-packages/airflow/example_dags/example_latest_only_with_trigger.py for tasks to queue
[2023-12-16T20:34:42.830+0000] {logging_mixin.py:154} INFO - [2023-12-16T20:34:42.828+0000] {dagbag.py:536} INFO - Filling up the DagBag from /home/airflow/.local/lib/python3.8/site-packages/airflow/example_dags/example_latest_only_with_trigger.py
[2023-12-16T20:34:42.889+0000] {processor.py:839} INFO - DAG(s) dict_keys(['latest_only_with_trigger']) retrieved from /home/airflow/.local/lib/python3.8/site-packages/airflow/example_dags/example_latest_only_with_trigger.py
[2023-12-16T20:34:42.956+0000] {logging_mixin.py:154} INFO - [2023-12-16T20:34:42.956+0000] {dag.py:2941} INFO - Sync 1 DAGs
[2023-12-16T20:34:43.016+0000] {logging_mixin.py:154} INFO - [2023-12-16T20:34:43.015+0000] {dag.py:3722} INFO - Setting next_dagrun for latest_only_with_trigger to 2023-12-16T16:34:43.015154+00:00, run_after=2023-12-16T20:34:43.015154+00:00
[2023-12-16T20:34:43.112+0000] {processor.py:179} INFO - Processing /home/airflow/.local/lib/python3.8/site-packages/airflow/example_dags/example_latest_only_with_trigger.py took 0.308 seconds
[2023-12-16T20:37:43.100+0000] {processor.py:157} INFO - Started process (PID=143) to work on /home/airflow/.local/lib/python3.8/site-packages/airflow/example_dags/example_latest_only_with_trigger.py
[2023-12-16T20:37:43.131+0000] {processor.py:829} INFO - Processing file /home/airflow/.local/lib/python3.8/site-packages/airflow/example_dags/example_latest_only_with_trigger.py for tasks to queue
[2023-12-16T20:37:43.137+0000] {logging_mixin.py:154} INFO - [2023-12-16T20:37:43.134+0000] {dagbag.py:536} INFO - Filling up the DagBag from /home/airflow/.local/lib/python3.8/site-packages/airflow/example_dags/example_latest_only_with_trigger.py
[2023-12-16T20:37:45.440+0000] {processor.py:839} INFO - DAG(s) dict_keys(['latest_only_with_trigger']) retrieved from /home/airflow/.local/lib/python3.8/site-packages/airflow/example_dags/example_latest_only_with_trigger.py
[2023-12-16T21:01:09.760+0000] {processor.py:157} INFO - Started process (PID=91) to work on /home/airflow/.local/lib/python3.8/site-packages/airflow/example_dags/example_latest_only_with_trigger.py
[2023-12-16T21:01:09.763+0000] {processor.py:829} INFO - Processing file /home/airflow/.local/lib/python3.8/site-packages/airflow/example_dags/example_latest_only_with_trigger.py for tasks to queue
[2023-12-16T21:01:09.784+0000] {logging_mixin.py:154} INFO - [2023-12-16T21:01:09.778+0000] {dagbag.py:536} INFO - Filling up the DagBag from /home/airflow/.local/lib/python3.8/site-packages/airflow/example_dags/example_latest_only_with_trigger.py
[2023-12-16T21:01:09.863+0000] {processor.py:839} INFO - DAG(s) dict_keys(['latest_only_with_trigger']) retrieved from /home/airflow/.local/lib/python3.8/site-packages/airflow/example_dags/example_latest_only_with_trigger.py
[2023-12-16T21:01:10.618+0000] {logging_mixin.py:154} INFO - [2023-12-16T21:01:10.618+0000] {dag.py:2941} INFO - Sync 1 DAGs
[2023-12-16T21:01:10.699+0000] {logging_mixin.py:154} INFO - [2023-12-16T21:01:10.699+0000] {dag.py:3722} INFO - Setting next_dagrun for latest_only_with_trigger to 2023-12-16T17:01:10.698519+00:00, run_after=2023-12-16T21:01:10.698519+00:00
[2023-12-16T21:01:10.766+0000] {processor.py:179} INFO - Processing /home/airflow/.local/lib/python3.8/site-packages/airflow/example_dags/example_latest_only_with_trigger.py took 1.023 seconds
[2023-12-16T21:01:42.471+0000] {processor.py:157} INFO - Started process (PID=146) to work on /home/airflow/.local/lib/python3.8/site-packages/airflow/example_dags/example_latest_only_with_trigger.py
[2023-12-16T21:01:42.481+0000] {processor.py:829} INFO - Processing file /home/airflow/.local/lib/python3.8/site-packages/airflow/example_dags/example_latest_only_with_trigger.py for tasks to queue
[2023-12-16T21:01:42.492+0000] {logging_mixin.py:154} INFO - [2023-12-16T21:01:42.491+0000] {dagbag.py:536} INFO - Filling up the DagBag from /home/airflow/.local/lib/python3.8/site-packages/airflow/example_dags/example_latest_only_with_trigger.py
[2023-12-16T21:01:42.505+0000] {processor.py:839} INFO - DAG(s) dict_keys(['latest_only_with_trigger']) retrieved from /home/airflow/.local/lib/python3.8/site-packages/airflow/example_dags/example_latest_only_with_trigger.py
[2023-12-16T21:01:42.621+0000] {logging_mixin.py:154} INFO - [2023-12-16T21:01:42.620+0000] {dag.py:2941} INFO - Sync 1 DAGs
[2023-12-16T21:01:42.731+0000] {logging_mixin.py:154} INFO - [2023-12-16T21:01:42.731+0000] {dag.py:3722} INFO - Setting next_dagrun for latest_only_with_trigger to 2023-12-16T17:01:42.730370+00:00, run_after=2023-12-16T21:01:42.730370+00:00
[2023-12-16T21:01:42.832+0000] {processor.py:179} INFO - Processing /home/airflow/.local/lib/python3.8/site-packages/airflow/example_dags/example_latest_only_with_trigger.py took 0.379 seconds
[2023-12-16T21:07:12.450+0000] {processor.py:157} INFO - Started process (PID=85) to work on /home/airflow/.local/lib/python3.8/site-packages/airflow/example_dags/example_latest_only_with_trigger.py
[2023-12-16T21:07:12.453+0000] {processor.py:829} INFO - Processing file /home/airflow/.local/lib/python3.8/site-packages/airflow/example_dags/example_latest_only_with_trigger.py for tasks to queue
[2023-12-16T21:07:12.467+0000] {logging_mixin.py:154} INFO - [2023-12-16T21:07:12.466+0000] {dagbag.py:536} INFO - Filling up the DagBag from /home/airflow/.local/lib/python3.8/site-packages/airflow/example_dags/example_latest_only_with_trigger.py
[2023-12-16T21:07:12.508+0000] {processor.py:839} INFO - DAG(s) dict_keys(['latest_only_with_trigger']) retrieved from /home/airflow/.local/lib/python3.8/site-packages/airflow/example_dags/example_latest_only_with_trigger.py
[2023-12-16T21:07:12.627+0000] {logging_mixin.py:154} INFO - [2023-12-16T21:07:12.627+0000] {dag.py:2941} INFO - Sync 1 DAGs
[2023-12-16T21:07:12.736+0000] {logging_mixin.py:154} INFO - [2023-12-16T21:07:12.735+0000] {dag.py:3722} INFO - Setting next_dagrun for latest_only_with_trigger to 2023-12-16T17:07:12.735269+00:00, run_after=2023-12-16T21:07:12.735269+00:00
[2023-12-16T21:07:12.809+0000] {processor.py:179} INFO - Processing /home/airflow/.local/lib/python3.8/site-packages/airflow/example_dags/example_latest_only_with_trigger.py took 0.376 seconds
[2023-12-16T21:07:43.495+0000] {processor.py:157} INFO - Started process (PID=139) to work on /home/airflow/.local/lib/python3.8/site-packages/airflow/example_dags/example_latest_only_with_trigger.py
[2023-12-16T21:07:43.497+0000] {processor.py:829} INFO - Processing file /home/airflow/.local/lib/python3.8/site-packages/airflow/example_dags/example_latest_only_with_trigger.py for tasks to queue
[2023-12-16T21:07:43.504+0000] {logging_mixin.py:154} INFO - [2023-12-16T21:07:43.504+0000] {dagbag.py:536} INFO - Filling up the DagBag from /home/airflow/.local/lib/python3.8/site-packages/airflow/example_dags/example_latest_only_with_trigger.py
[2023-12-16T21:07:43.520+0000] {processor.py:839} INFO - DAG(s) dict_keys(['latest_only_with_trigger']) retrieved from /home/airflow/.local/lib/python3.8/site-packages/airflow/example_dags/example_latest_only_with_trigger.py
[2023-12-16T21:07:43.589+0000] {logging_mixin.py:154} INFO - [2023-12-16T21:07:43.589+0000] {dag.py:2941} INFO - Sync 1 DAGs
[2023-12-16T21:07:43.634+0000] {logging_mixin.py:154} INFO - [2023-12-16T21:07:43.634+0000] {dag.py:3722} INFO - Setting next_dagrun for latest_only_with_trigger to 2023-12-16T17:07:43.633619+00:00, run_after=2023-12-16T21:07:43.633619+00:00
[2023-12-16T21:07:43.664+0000] {processor.py:179} INFO - Processing /home/airflow/.local/lib/python3.8/site-packages/airflow/example_dags/example_latest_only_with_trigger.py took 0.178 seconds
[2023-12-16T21:08:14.753+0000] {processor.py:157} INFO - Started process (PID=193) to work on /home/airflow/.local/lib/python3.8/site-packages/airflow/example_dags/example_latest_only_with_trigger.py
[2023-12-16T21:08:14.755+0000] {processor.py:829} INFO - Processing file /home/airflow/.local/lib/python3.8/site-packages/airflow/example_dags/example_latest_only_with_trigger.py for tasks to queue
[2023-12-16T21:08:14.760+0000] {logging_mixin.py:154} INFO - [2023-12-16T21:08:14.760+0000] {dagbag.py:536} INFO - Filling up the DagBag from /home/airflow/.local/lib/python3.8/site-packages/airflow/example_dags/example_latest_only_with_trigger.py
[2023-12-16T21:08:14.774+0000] {processor.py:839} INFO - DAG(s) dict_keys(['latest_only_with_trigger']) retrieved from /home/airflow/.local/lib/python3.8/site-packages/airflow/example_dags/example_latest_only_with_trigger.py
[2023-12-16T21:08:14.819+0000] {logging_mixin.py:154} INFO - [2023-12-16T21:08:14.818+0000] {dag.py:2941} INFO - Sync 1 DAGs
[2023-12-16T21:08:14.866+0000] {logging_mixin.py:154} INFO - [2023-12-16T21:08:14.866+0000] {dag.py:3722} INFO - Setting next_dagrun for latest_only_with_trigger to 2023-12-16T17:08:14.865724+00:00, run_after=2023-12-16T21:08:14.865724+00:00
[2023-12-16T21:08:14.913+0000] {processor.py:179} INFO - Processing /home/airflow/.local/lib/python3.8/site-packages/airflow/example_dags/example_latest_only_with_trigger.py took 0.165 seconds
[2023-12-16T21:08:49.775+0000] {processor.py:157} INFO - Started process (PID=248) to work on /home/airflow/.local/lib/python3.8/site-packages/airflow/example_dags/example_latest_only_with_trigger.py
[2023-12-16T21:08:49.778+0000] {processor.py:829} INFO - Processing file /home/airflow/.local/lib/python3.8/site-packages/airflow/example_dags/example_latest_only_with_trigger.py for tasks to queue
[2023-12-16T21:08:49.783+0000] {logging_mixin.py:154} INFO - [2023-12-16T21:08:49.782+0000] {dagbag.py:536} INFO - Filling up the DagBag from /home/airflow/.local/lib/python3.8/site-packages/airflow/example_dags/example_latest_only_with_trigger.py
[2023-12-16T21:08:49.799+0000] {processor.py:839} INFO - DAG(s) dict_keys(['latest_only_with_trigger']) retrieved from /home/airflow/.local/lib/python3.8/site-packages/airflow/example_dags/example_latest_only_with_trigger.py
[2023-12-16T21:08:49.885+0000] {logging_mixin.py:154} INFO - [2023-12-16T21:08:49.884+0000] {dag.py:2941} INFO - Sync 1 DAGs
[2023-12-16T21:08:49.979+0000] {logging_mixin.py:154} INFO - [2023-12-16T21:08:49.978+0000] {dag.py:3722} INFO - Setting next_dagrun for latest_only_with_trigger to 2023-12-16T17:08:49.977922+00:00, run_after=2023-12-16T21:08:49.977922+00:00
[2023-12-16T21:08:50.042+0000] {processor.py:179} INFO - Processing /home/airflow/.local/lib/python3.8/site-packages/airflow/example_dags/example_latest_only_with_trigger.py took 0.282 seconds
[2023-12-16T21:09:20.241+0000] {processor.py:157} INFO - Started process (PID=302) to work on /home/airflow/.local/lib/python3.8/site-packages/airflow/example_dags/example_latest_only_with_trigger.py
[2023-12-16T21:09:20.243+0000] {processor.py:829} INFO - Processing file /home/airflow/.local/lib/python3.8/site-packages/airflow/example_dags/example_latest_only_with_trigger.py for tasks to queue
[2023-12-16T21:09:20.247+0000] {logging_mixin.py:154} INFO - [2023-12-16T21:09:20.247+0000] {dagbag.py:536} INFO - Filling up the DagBag from /home/airflow/.local/lib/python3.8/site-packages/airflow/example_dags/example_latest_only_with_trigger.py
[2023-12-16T21:09:20.259+0000] {processor.py:839} INFO - DAG(s) dict_keys(['latest_only_with_trigger']) retrieved from /home/airflow/.local/lib/python3.8/site-packages/airflow/example_dags/example_latest_only_with_trigger.py
[2023-12-16T21:09:20.319+0000] {logging_mixin.py:154} INFO - [2023-12-16T21:09:20.318+0000] {dag.py:2941} INFO - Sync 1 DAGs
[2023-12-16T21:09:20.368+0000] {logging_mixin.py:154} INFO - [2023-12-16T21:09:20.368+0000] {dag.py:3722} INFO - Setting next_dagrun for latest_only_with_trigger to 2023-12-16T17:09:20.367356+00:00, run_after=2023-12-16T21:09:20.367356+00:00
[2023-12-16T21:09:20.417+0000] {processor.py:179} INFO - Processing /home/airflow/.local/lib/python3.8/site-packages/airflow/example_dags/example_latest_only_with_trigger.py took 0.183 seconds
[2023-12-16T21:09:56.061+0000] {processor.py:157} INFO - Started process (PID=355) to work on /home/airflow/.local/lib/python3.8/site-packages/airflow/example_dags/example_latest_only_with_trigger.py
[2023-12-16T21:09:56.064+0000] {processor.py:829} INFO - Processing file /home/airflow/.local/lib/python3.8/site-packages/airflow/example_dags/example_latest_only_with_trigger.py for tasks to queue
[2023-12-16T21:09:56.074+0000] {logging_mixin.py:154} INFO - [2023-12-16T21:09:56.073+0000] {dagbag.py:536} INFO - Filling up the DagBag from /home/airflow/.local/lib/python3.8/site-packages/airflow/example_dags/example_latest_only_with_trigger.py
[2023-12-16T21:09:56.088+0000] {processor.py:839} INFO - DAG(s) dict_keys(['latest_only_with_trigger']) retrieved from /home/airflow/.local/lib/python3.8/site-packages/airflow/example_dags/example_latest_only_with_trigger.py
[2023-12-16T21:09:56.160+0000] {logging_mixin.py:154} INFO - [2023-12-16T21:09:56.159+0000] {dag.py:2941} INFO - Sync 1 DAGs
[2023-12-16T21:09:56.254+0000] {logging_mixin.py:154} INFO - [2023-12-16T21:09:56.253+0000] {dag.py:3722} INFO - Setting next_dagrun for latest_only_with_trigger to 2023-12-16T17:09:56.252492+00:00, run_after=2023-12-16T21:09:56.252492+00:00
[2023-12-16T21:09:56.309+0000] {processor.py:179} INFO - Processing /home/airflow/.local/lib/python3.8/site-packages/airflow/example_dags/example_latest_only_with_trigger.py took 0.261 seconds
[2023-12-16T21:10:26.525+0000] {processor.py:157} INFO - Started process (PID=409) to work on /home/airflow/.local/lib/python3.8/site-packages/airflow/example_dags/example_latest_only_with_trigger.py
[2023-12-16T21:10:26.527+0000] {processor.py:829} INFO - Processing file /home/airflow/.local/lib/python3.8/site-packages/airflow/example_dags/example_latest_only_with_trigger.py for tasks to queue
[2023-12-16T21:10:26.532+0000] {logging_mixin.py:154} INFO - [2023-12-16T21:10:26.532+0000] {dagbag.py:536} INFO - Filling up the DagBag from /home/airflow/.local/lib/python3.8/site-packages/airflow/example_dags/example_latest_only_with_trigger.py
[2023-12-16T21:10:26.548+0000] {processor.py:839} INFO - DAG(s) dict_keys(['latest_only_with_trigger']) retrieved from /home/airflow/.local/lib/python3.8/site-packages/airflow/example_dags/example_latest_only_with_trigger.py
[2023-12-16T21:10:26.593+0000] {logging_mixin.py:154} INFO - [2023-12-16T21:10:26.592+0000] {dag.py:2941} INFO - Sync 1 DAGs
[2023-12-16T21:10:26.657+0000] {logging_mixin.py:154} INFO - [2023-12-16T21:10:26.656+0000] {dag.py:3722} INFO - Setting next_dagrun for latest_only_with_trigger to 2023-12-16T17:10:26.655800+00:00, run_after=2023-12-16T21:10:26.655800+00:00
[2023-12-16T21:10:26.730+0000] {processor.py:179} INFO - Processing /home/airflow/.local/lib/python3.8/site-packages/airflow/example_dags/example_latest_only_with_trigger.py took 0.210 seconds
[2023-12-16T21:10:57.132+0000] {processor.py:157} INFO - Started process (PID=464) to work on /home/airflow/.local/lib/python3.8/site-packages/airflow/example_dags/example_latest_only_with_trigger.py
[2023-12-16T21:10:57.134+0000] {processor.py:829} INFO - Processing file /home/airflow/.local/lib/python3.8/site-packages/airflow/example_dags/example_latest_only_with_trigger.py for tasks to queue
[2023-12-16T21:10:57.139+0000] {logging_mixin.py:154} INFO - [2023-12-16T21:10:57.138+0000] {dagbag.py:536} INFO - Filling up the DagBag from /home/airflow/.local/lib/python3.8/site-packages/airflow/example_dags/example_latest_only_with_trigger.py
[2023-12-16T21:10:57.150+0000] {processor.py:839} INFO - DAG(s) dict_keys(['latest_only_with_trigger']) retrieved from /home/airflow/.local/lib/python3.8/site-packages/airflow/example_dags/example_latest_only_with_trigger.py
[2023-12-16T21:10:57.192+0000] {logging_mixin.py:154} INFO - [2023-12-16T21:10:57.191+0000] {dag.py:2941} INFO - Sync 1 DAGs
[2023-12-16T21:10:57.249+0000] {logging_mixin.py:154} INFO - [2023-12-16T21:10:57.249+0000] {dag.py:3722} INFO - Setting next_dagrun for latest_only_with_trigger to 2023-12-16T17:10:57.248852+00:00, run_after=2023-12-16T21:10:57.248852+00:00
[2023-12-16T21:10:57.285+0000] {processor.py:179} INFO - Processing /home/airflow/.local/lib/python3.8/site-packages/airflow/example_dags/example_latest_only_with_trigger.py took 0.161 seconds
[2023-12-16T21:11:27.499+0000] {processor.py:157} INFO - Started process (PID=519) to work on /home/airflow/.local/lib/python3.8/site-packages/airflow/example_dags/example_latest_only_with_trigger.py
[2023-12-16T21:11:27.501+0000] {processor.py:829} INFO - Processing file /home/airflow/.local/lib/python3.8/site-packages/airflow/example_dags/example_latest_only_with_trigger.py for tasks to queue
[2023-12-16T21:11:27.506+0000] {logging_mixin.py:154} INFO - [2023-12-16T21:11:27.505+0000] {dagbag.py:536} INFO - Filling up the DagBag from /home/airflow/.local/lib/python3.8/site-packages/airflow/example_dags/example_latest_only_with_trigger.py
[2023-12-16T21:11:27.520+0000] {processor.py:839} INFO - DAG(s) dict_keys(['latest_only_with_trigger']) retrieved from /home/airflow/.local/lib/python3.8/site-packages/airflow/example_dags/example_latest_only_with_trigger.py
[2023-12-16T21:11:27.587+0000] {logging_mixin.py:154} INFO - [2023-12-16T21:11:27.586+0000] {dag.py:2941} INFO - Sync 1 DAGs
[2023-12-16T21:11:27.674+0000] {logging_mixin.py:154} INFO - [2023-12-16T21:11:27.674+0000] {dag.py:3722} INFO - Setting next_dagrun for latest_only_with_trigger to 2023-12-16T17:11:27.673984+00:00, run_after=2023-12-16T21:11:27.673984+00:00
[2023-12-16T21:11:27.801+0000] {processor.py:179} INFO - Processing /home/airflow/.local/lib/python3.8/site-packages/airflow/example_dags/example_latest_only_with_trigger.py took 0.315 seconds
[2023-12-16T21:11:58.794+0000] {processor.py:157} INFO - Started process (PID=574) to work on /home/airflow/.local/lib/python3.8/site-packages/airflow/example_dags/example_latest_only_with_trigger.py
[2023-12-16T21:11:58.798+0000] {processor.py:829} INFO - Processing file /home/airflow/.local/lib/python3.8/site-packages/airflow/example_dags/example_latest_only_with_trigger.py for tasks to queue
[2023-12-16T21:11:58.803+0000] {logging_mixin.py:154} INFO - [2023-12-16T21:11:58.803+0000] {dagbag.py:536} INFO - Filling up the DagBag from /home/airflow/.local/lib/python3.8/site-packages/airflow/example_dags/example_latest_only_with_trigger.py
[2023-12-16T21:11:58.819+0000] {processor.py:839} INFO - DAG(s) dict_keys(['latest_only_with_trigger']) retrieved from /home/airflow/.local/lib/python3.8/site-packages/airflow/example_dags/example_latest_only_with_trigger.py
[2023-12-16T21:11:58.863+0000] {logging_mixin.py:154} INFO - [2023-12-16T21:11:58.863+0000] {dag.py:2941} INFO - Sync 1 DAGs
[2023-12-16T21:11:58.898+0000] {logging_mixin.py:154} INFO - [2023-12-16T21:11:58.898+0000] {dag.py:3722} INFO - Setting next_dagrun for latest_only_with_trigger to 2023-12-16T17:11:58.898089+00:00, run_after=2023-12-16T21:11:58.898089+00:00
[2023-12-16T21:11:58.927+0000] {processor.py:179} INFO - Processing /home/airflow/.local/lib/python3.8/site-packages/airflow/example_dags/example_latest_only_with_trigger.py took 0.144 seconds
[2023-12-16T21:12:29.245+0000] {processor.py:157} INFO - Started process (PID=628) to work on /home/airflow/.local/lib/python3.8/site-packages/airflow/example_dags/example_latest_only_with_trigger.py
[2023-12-16T21:12:29.247+0000] {processor.py:829} INFO - Processing file /home/airflow/.local/lib/python3.8/site-packages/airflow/example_dags/example_latest_only_with_trigger.py for tasks to queue
[2023-12-16T21:12:29.251+0000] {logging_mixin.py:154} INFO - [2023-12-16T21:12:29.250+0000] {dagbag.py:536} INFO - Filling up the DagBag from /home/airflow/.local/lib/python3.8/site-packages/airflow/example_dags/example_latest_only_with_trigger.py
[2023-12-16T21:12:29.265+0000] {processor.py:839} INFO - DAG(s) dict_keys(['latest_only_with_trigger']) retrieved from /home/airflow/.local/lib/python3.8/site-packages/airflow/example_dags/example_latest_only_with_trigger.py
[2023-12-16T21:12:29.334+0000] {logging_mixin.py:154} INFO - [2023-12-16T21:12:29.334+0000] {dag.py:2941} INFO - Sync 1 DAGs
[2023-12-16T21:12:29.385+0000] {logging_mixin.py:154} INFO - [2023-12-16T21:12:29.384+0000] {dag.py:3722} INFO - Setting next_dagrun for latest_only_with_trigger to 2023-12-16T17:12:29.384223+00:00, run_after=2023-12-16T21:12:29.384223+00:00
[2023-12-16T21:12:29.417+0000] {processor.py:179} INFO - Processing /home/airflow/.local/lib/python3.8/site-packages/airflow/example_dags/example_latest_only_with_trigger.py took 0.180 seconds
