[2023-12-16T19:22:56.040+0000] {processor.py:157} INFO - Started process (PID=88) to work on /home/airflow/.local/lib/python3.8/site-packages/airflow/example_dags/example_latest_only.py
[2023-12-16T19:22:56.064+0000] {processor.py:829} INFO - Processing file /home/airflow/.local/lib/python3.8/site-packages/airflow/example_dags/example_latest_only.py for tasks to queue
[2023-12-16T19:22:56.096+0000] {logging_mixin.py:154} INFO - [2023-12-16T19:22:56.095+0000] {dagbag.py:536} INFO - Filling up the DagBag from /home/airflow/.local/lib/python3.8/site-packages/airflow/example_dags/example_latest_only.py
[2023-12-16T19:22:56.293+0000] {processor.py:839} INFO - DAG(s) dict_keys(['latest_only']) retrieved from /home/airflow/.local/lib/python3.8/site-packages/airflow/example_dags/example_latest_only.py
[2023-12-16T19:22:56.570+0000] {logging_mixin.py:154} INFO - [2023-12-16T19:22:56.570+0000] {dag.py:2941} INFO - Sync 1 DAGs
[2023-12-16T19:22:56.670+0000] {logging_mixin.py:154} INFO - [2023-12-16T19:22:56.669+0000] {dag.py:3722} INFO - Setting next_dagrun for latest_only to 2023-12-16T15:22:56.663608+00:00, run_after=2023-12-16T19:22:56.663608+00:00
[2023-12-16T19:22:56.791+0000] {processor.py:179} INFO - Processing /home/airflow/.local/lib/python3.8/site-packages/airflow/example_dags/example_latest_only.py took 0.816 seconds
[2023-12-16T19:23:31.739+0000] {processor.py:157} INFO - Started process (PID=142) to work on /home/airflow/.local/lib/python3.8/site-packages/airflow/example_dags/example_latest_only.py
[2023-12-16T19:23:31.742+0000] {processor.py:829} INFO - Processing file /home/airflow/.local/lib/python3.8/site-packages/airflow/example_dags/example_latest_only.py for tasks to queue
[2023-12-16T19:23:31.748+0000] {logging_mixin.py:154} INFO - [2023-12-16T19:23:31.747+0000] {dagbag.py:536} INFO - Filling up the DagBag from /home/airflow/.local/lib/python3.8/site-packages/airflow/example_dags/example_latest_only.py
[2023-12-16T19:23:31.758+0000] {processor.py:839} INFO - DAG(s) dict_keys(['latest_only']) retrieved from /home/airflow/.local/lib/python3.8/site-packages/airflow/example_dags/example_latest_only.py
[2023-12-16T19:23:31.845+0000] {logging_mixin.py:154} INFO - [2023-12-16T19:23:31.845+0000] {dag.py:2941} INFO - Sync 1 DAGs
[2023-12-16T19:23:31.968+0000] {logging_mixin.py:154} INFO - [2023-12-16T19:23:31.968+0000] {dag.py:3722} INFO - Setting next_dagrun for latest_only to 2023-12-16T15:23:31.967550+00:00, run_after=2023-12-16T19:23:31.967550+00:00
[2023-12-16T19:23:32.036+0000] {processor.py:179} INFO - Processing /home/airflow/.local/lib/python3.8/site-packages/airflow/example_dags/example_latest_only.py took 0.305 seconds
[2023-12-16T19:24:03.926+0000] {processor.py:157} INFO - Started process (PID=196) to work on /home/airflow/.local/lib/python3.8/site-packages/airflow/example_dags/example_latest_only.py
[2023-12-16T19:24:03.929+0000] {processor.py:829} INFO - Processing file /home/airflow/.local/lib/python3.8/site-packages/airflow/example_dags/example_latest_only.py for tasks to queue
[2023-12-16T19:24:03.936+0000] {logging_mixin.py:154} INFO - [2023-12-16T19:24:03.935+0000] {dagbag.py:536} INFO - Filling up the DagBag from /home/airflow/.local/lib/python3.8/site-packages/airflow/example_dags/example_latest_only.py
[2023-12-16T19:24:03.949+0000] {processor.py:839} INFO - DAG(s) dict_keys(['latest_only']) retrieved from /home/airflow/.local/lib/python3.8/site-packages/airflow/example_dags/example_latest_only.py
[2023-12-16T19:24:03.990+0000] {logging_mixin.py:154} INFO - [2023-12-16T19:24:03.989+0000] {dag.py:2941} INFO - Sync 1 DAGs
[2023-12-16T19:24:04.054+0000] {logging_mixin.py:154} INFO - [2023-12-16T19:24:04.054+0000] {dag.py:3722} INFO - Setting next_dagrun for latest_only to 2023-12-16T15:24:04.053560+00:00, run_after=2023-12-16T19:24:04.053560+00:00
[2023-12-16T19:24:04.143+0000] {processor.py:179} INFO - Processing /home/airflow/.local/lib/python3.8/site-packages/airflow/example_dags/example_latest_only.py took 0.223 seconds
[2023-12-16T19:36:07.336+0000] {processor.py:157} INFO - Started process (PID=89) to work on /home/airflow/.local/lib/python3.8/site-packages/airflow/example_dags/example_latest_only.py
[2023-12-16T19:36:07.352+0000] {processor.py:829} INFO - Processing file /home/airflow/.local/lib/python3.8/site-packages/airflow/example_dags/example_latest_only.py for tasks to queue
[2023-12-16T19:36:07.375+0000] {logging_mixin.py:154} INFO - [2023-12-16T19:36:07.374+0000] {dagbag.py:536} INFO - Filling up the DagBag from /home/airflow/.local/lib/python3.8/site-packages/airflow/example_dags/example_latest_only.py
[2023-12-16T19:36:07.435+0000] {processor.py:839} INFO - DAG(s) dict_keys(['latest_only']) retrieved from /home/airflow/.local/lib/python3.8/site-packages/airflow/example_dags/example_latest_only.py
[2023-12-16T19:36:07.746+0000] {logging_mixin.py:154} INFO - [2023-12-16T19:36:07.745+0000] {dag.py:2941} INFO - Sync 1 DAGs
[2023-12-16T19:36:08.109+0000] {logging_mixin.py:154} INFO - [2023-12-16T19:36:08.108+0000] {dag.py:3722} INFO - Setting next_dagrun for latest_only to 2023-12-16T15:36:08.108499+00:00, run_after=2023-12-16T19:36:08.108499+00:00
[2023-12-16T19:36:08.536+0000] {processor.py:179} INFO - Processing /home/airflow/.local/lib/python3.8/site-packages/airflow/example_dags/example_latest_only.py took 1.234 seconds
[2023-12-16T19:36:57.403+0000] {processor.py:157} INFO - Started process (PID=150) to work on /home/airflow/.local/lib/python3.8/site-packages/airflow/example_dags/example_latest_only.py
[2023-12-16T19:36:57.406+0000] {processor.py:829} INFO - Processing file /home/airflow/.local/lib/python3.8/site-packages/airflow/example_dags/example_latest_only.py for tasks to queue
[2023-12-16T19:36:57.428+0000] {logging_mixin.py:154} INFO - [2023-12-16T19:36:57.427+0000] {dagbag.py:536} INFO - Filling up the DagBag from /home/airflow/.local/lib/python3.8/site-packages/airflow/example_dags/example_latest_only.py
[2023-12-16T19:36:57.505+0000] {processor.py:839} INFO - DAG(s) dict_keys(['latest_only']) retrieved from /home/airflow/.local/lib/python3.8/site-packages/airflow/example_dags/example_latest_only.py
[2023-12-16T19:36:57.667+0000] {logging_mixin.py:154} INFO - [2023-12-16T19:36:57.666+0000] {dag.py:2941} INFO - Sync 1 DAGs
[2023-12-16T19:36:58.329+0000] {logging_mixin.py:154} INFO - [2023-12-16T19:36:58.329+0000] {dag.py:3722} INFO - Setting next_dagrun for latest_only to 2023-12-16T15:36:58.323040+00:00, run_after=2023-12-16T19:36:58.323040+00:00
[2023-12-16T19:36:58.538+0000] {processor.py:179} INFO - Processing /home/airflow/.local/lib/python3.8/site-packages/airflow/example_dags/example_latest_only.py took 1.192 seconds
[2023-12-16T19:37:58.991+0000] {processor.py:157} INFO - Started process (PID=219) to work on /home/airflow/.local/lib/python3.8/site-packages/airflow/example_dags/example_latest_only.py
[2023-12-16T19:37:59.086+0000] {processor.py:829} INFO - Processing file /home/airflow/.local/lib/python3.8/site-packages/airflow/example_dags/example_latest_only.py for tasks to queue
[2023-12-16T19:37:59.228+0000] {logging_mixin.py:154} INFO - [2023-12-16T19:37:59.227+0000] {dagbag.py:536} INFO - Filling up the DagBag from /home/airflow/.local/lib/python3.8/site-packages/airflow/example_dags/example_latest_only.py
[2023-12-16T19:37:59.390+0000] {processor.py:839} INFO - DAG(s) dict_keys(['latest_only']) retrieved from /home/airflow/.local/lib/python3.8/site-packages/airflow/example_dags/example_latest_only.py
[2023-12-16T19:38:00.015+0000] {logging_mixin.py:154} INFO - [2023-12-16T19:38:00.014+0000] {dag.py:2941} INFO - Sync 1 DAGs
[2023-12-16T19:38:00.785+0000] {logging_mixin.py:154} INFO - [2023-12-16T19:38:00.740+0000] {dag.py:3722} INFO - Setting next_dagrun for latest_only to 2023-12-16T15:38:00.740198+00:00, run_after=2023-12-16T19:38:00.740198+00:00
[2023-12-16T19:38:04.892+0000] {processor.py:179} INFO - Processing /home/airflow/.local/lib/python3.8/site-packages/airflow/example_dags/example_latest_only.py took 5.983 seconds
[2023-12-16T19:44:00.529+0000] {processor.py:157} INFO - Started process (PID=89) to work on /home/airflow/.local/lib/python3.8/site-packages/airflow/example_dags/example_latest_only.py
[2023-12-16T19:44:00.535+0000] {processor.py:829} INFO - Processing file /home/airflow/.local/lib/python3.8/site-packages/airflow/example_dags/example_latest_only.py for tasks to queue
[2023-12-16T19:44:00.551+0000] {logging_mixin.py:154} INFO - [2023-12-16T19:44:00.549+0000] {dagbag.py:536} INFO - Filling up the DagBag from /home/airflow/.local/lib/python3.8/site-packages/airflow/example_dags/example_latest_only.py
[2023-12-16T19:44:00.636+0000] {processor.py:839} INFO - DAG(s) dict_keys(['latest_only']) retrieved from /home/airflow/.local/lib/python3.8/site-packages/airflow/example_dags/example_latest_only.py
[2023-12-16T19:44:00.764+0000] {logging_mixin.py:154} INFO - [2023-12-16T19:44:00.764+0000] {dag.py:2941} INFO - Sync 1 DAGs
[2023-12-16T19:44:00.914+0000] {logging_mixin.py:154} INFO - [2023-12-16T19:44:00.914+0000] {dag.py:3722} INFO - Setting next_dagrun for latest_only to 2023-12-16T15:44:00.913293+00:00, run_after=2023-12-16T19:44:00.913293+00:00
[2023-12-16T19:44:01.162+0000] {processor.py:179} INFO - Processing /home/airflow/.local/lib/python3.8/site-packages/airflow/example_dags/example_latest_only.py took 0.675 seconds
[2023-12-16T19:44:45.364+0000] {processor.py:157} INFO - Started process (PID=149) to work on /home/airflow/.local/lib/python3.8/site-packages/airflow/example_dags/example_latest_only.py
[2023-12-16T19:44:45.380+0000] {processor.py:829} INFO - Processing file /home/airflow/.local/lib/python3.8/site-packages/airflow/example_dags/example_latest_only.py for tasks to queue
[2023-12-16T19:44:45.395+0000] {logging_mixin.py:154} INFO - [2023-12-16T19:44:45.394+0000] {dagbag.py:536} INFO - Filling up the DagBag from /home/airflow/.local/lib/python3.8/site-packages/airflow/example_dags/example_latest_only.py
[2023-12-16T19:44:45.481+0000] {processor.py:839} INFO - DAG(s) dict_keys(['latest_only']) retrieved from /home/airflow/.local/lib/python3.8/site-packages/airflow/example_dags/example_latest_only.py
[2023-12-16T19:44:45.766+0000] {logging_mixin.py:154} INFO - [2023-12-16T19:44:45.762+0000] {dag.py:2941} INFO - Sync 1 DAGs
[2023-12-16T19:44:45.913+0000] {logging_mixin.py:154} INFO - [2023-12-16T19:44:45.912+0000] {dag.py:3722} INFO - Setting next_dagrun for latest_only to 2023-12-16T15:44:45.911920+00:00, run_after=2023-12-16T19:44:45.911920+00:00
[2023-12-16T19:44:46.016+0000] {processor.py:179} INFO - Processing /home/airflow/.local/lib/python3.8/site-packages/airflow/example_dags/example_latest_only.py took 0.680 seconds
[2023-12-16T19:45:27.681+0000] {processor.py:157} INFO - Started process (PID=211) to work on /home/airflow/.local/lib/python3.8/site-packages/airflow/example_dags/example_latest_only.py
[2023-12-16T19:45:27.699+0000] {processor.py:829} INFO - Processing file /home/airflow/.local/lib/python3.8/site-packages/airflow/example_dags/example_latest_only.py for tasks to queue
[2023-12-16T19:45:27.718+0000] {logging_mixin.py:154} INFO - [2023-12-16T19:45:27.716+0000] {dagbag.py:536} INFO - Filling up the DagBag from /home/airflow/.local/lib/python3.8/site-packages/airflow/example_dags/example_latest_only.py
[2023-12-16T19:45:27.768+0000] {processor.py:839} INFO - DAG(s) dict_keys(['latest_only']) retrieved from /home/airflow/.local/lib/python3.8/site-packages/airflow/example_dags/example_latest_only.py
[2023-12-16T19:45:27.927+0000] {logging_mixin.py:154} INFO - [2023-12-16T19:45:27.927+0000] {dag.py:2941} INFO - Sync 1 DAGs
[2023-12-16T19:45:28.152+0000] {logging_mixin.py:154} INFO - [2023-12-16T19:45:28.151+0000] {dag.py:3722} INFO - Setting next_dagrun for latest_only to 2023-12-16T15:45:28.148183+00:00, run_after=2023-12-16T19:45:28.148183+00:00
[2023-12-16T19:45:28.209+0000] {processor.py:179} INFO - Processing /home/airflow/.local/lib/python3.8/site-packages/airflow/example_dags/example_latest_only.py took 0.536 seconds
[2023-12-16T20:04:50.791+0000] {processor.py:157} INFO - Started process (PID=151) to work on /home/airflow/.local/lib/python3.8/site-packages/airflow/example_dags/example_latest_only.py
[2023-12-16T20:04:50.794+0000] {processor.py:829} INFO - Processing file /home/airflow/.local/lib/python3.8/site-packages/airflow/example_dags/example_latest_only.py for tasks to queue
[2023-12-16T20:04:50.815+0000] {logging_mixin.py:154} INFO - [2023-12-16T20:04:50.814+0000] {dagbag.py:536} INFO - Filling up the DagBag from /home/airflow/.local/lib/python3.8/site-packages/airflow/example_dags/example_latest_only.py
[2023-12-16T20:04:50.879+0000] {processor.py:839} INFO - DAG(s) dict_keys(['latest_only']) retrieved from /home/airflow/.local/lib/python3.8/site-packages/airflow/example_dags/example_latest_only.py
[2023-12-16T20:04:50.967+0000] {logging_mixin.py:154} INFO - [2023-12-16T20:04:50.966+0000] {dag.py:2941} INFO - Sync 1 DAGs
[2023-12-16T20:04:51.117+0000] {logging_mixin.py:154} INFO - [2023-12-16T20:04:51.117+0000] {dag.py:3722} INFO - Setting next_dagrun for latest_only to 2023-12-16T16:04:51.116511+00:00, run_after=2023-12-16T20:04:51.116511+00:00
[2023-12-16T20:04:51.176+0000] {processor.py:179} INFO - Processing /home/airflow/.local/lib/python3.8/site-packages/airflow/example_dags/example_latest_only.py took 0.399 seconds
[2023-12-16T20:05:31.854+0000] {processor.py:157} INFO - Started process (PID=220) to work on /home/airflow/.local/lib/python3.8/site-packages/airflow/example_dags/example_latest_only.py
[2023-12-16T20:05:31.857+0000] {processor.py:829} INFO - Processing file /home/airflow/.local/lib/python3.8/site-packages/airflow/example_dags/example_latest_only.py for tasks to queue
[2023-12-16T20:05:31.866+0000] {logging_mixin.py:154} INFO - [2023-12-16T20:05:31.864+0000] {dagbag.py:536} INFO - Filling up the DagBag from /home/airflow/.local/lib/python3.8/site-packages/airflow/example_dags/example_latest_only.py
[2023-12-16T20:05:31.884+0000] {processor.py:839} INFO - DAG(s) dict_keys(['latest_only']) retrieved from /home/airflow/.local/lib/python3.8/site-packages/airflow/example_dags/example_latest_only.py
[2023-12-16T20:05:31.973+0000] {logging_mixin.py:154} INFO - [2023-12-16T20:05:31.973+0000] {dag.py:2941} INFO - Sync 1 DAGs
[2023-12-16T20:05:32.081+0000] {logging_mixin.py:154} INFO - [2023-12-16T20:05:32.078+0000] {dag.py:3722} INFO - Setting next_dagrun for latest_only to 2023-12-16T16:05:32.074432+00:00, run_after=2023-12-16T20:05:32.074432+00:00
[2023-12-16T20:05:32.200+0000] {processor.py:179} INFO - Processing /home/airflow/.local/lib/python3.8/site-packages/airflow/example_dags/example_latest_only.py took 0.349 seconds
[2023-12-16T20:06:05.757+0000] {processor.py:157} INFO - Started process (PID=288) to work on /home/airflow/.local/lib/python3.8/site-packages/airflow/example_dags/example_latest_only.py
[2023-12-16T20:06:05.760+0000] {processor.py:829} INFO - Processing file /home/airflow/.local/lib/python3.8/site-packages/airflow/example_dags/example_latest_only.py for tasks to queue
[2023-12-16T20:06:05.779+0000] {logging_mixin.py:154} INFO - [2023-12-16T20:06:05.778+0000] {dagbag.py:536} INFO - Filling up the DagBag from /home/airflow/.local/lib/python3.8/site-packages/airflow/example_dags/example_latest_only.py
[2023-12-16T20:06:05.804+0000] {processor.py:839} INFO - DAG(s) dict_keys(['latest_only']) retrieved from /home/airflow/.local/lib/python3.8/site-packages/airflow/example_dags/example_latest_only.py
[2023-12-16T20:06:05.946+0000] {logging_mixin.py:154} INFO - [2023-12-16T20:06:05.945+0000] {dag.py:2941} INFO - Sync 1 DAGs
[2023-12-16T20:06:07.368+0000] {logging_mixin.py:154} INFO - [2023-12-16T20:06:07.368+0000] {dag.py:3722} INFO - Setting next_dagrun for latest_only to 2023-12-16T16:06:07.367707+00:00, run_after=2023-12-16T20:06:07.367707+00:00
[2023-12-16T20:06:07.620+0000] {processor.py:179} INFO - Processing /home/airflow/.local/lib/python3.8/site-packages/airflow/example_dags/example_latest_only.py took 1.877 seconds
[2023-12-16T20:21:04.508+0000] {processor.py:157} INFO - Started process (PID=89) to work on /home/airflow/.local/lib/python3.8/site-packages/airflow/example_dags/example_latest_only.py
[2023-12-16T20:21:04.536+0000] {processor.py:829} INFO - Processing file /home/airflow/.local/lib/python3.8/site-packages/airflow/example_dags/example_latest_only.py for tasks to queue
[2023-12-16T20:21:04.544+0000] {logging_mixin.py:154} INFO - [2023-12-16T20:21:04.543+0000] {dagbag.py:536} INFO - Filling up the DagBag from /home/airflow/.local/lib/python3.8/site-packages/airflow/example_dags/example_latest_only.py
[2023-12-16T20:21:04.577+0000] {processor.py:839} INFO - DAG(s) dict_keys(['latest_only']) retrieved from /home/airflow/.local/lib/python3.8/site-packages/airflow/example_dags/example_latest_only.py
[2023-12-16T20:21:04.722+0000] {logging_mixin.py:154} INFO - [2023-12-16T20:21:04.721+0000] {dag.py:2941} INFO - Sync 1 DAGs
[2023-12-16T20:21:04.838+0000] {logging_mixin.py:154} INFO - [2023-12-16T20:21:04.837+0000] {dag.py:3722} INFO - Setting next_dagrun for latest_only to 2023-12-16T16:21:04.837152+00:00, run_after=2023-12-16T20:21:04.837152+00:00
[2023-12-16T20:21:04.996+0000] {processor.py:179} INFO - Processing /home/airflow/.local/lib/python3.8/site-packages/airflow/example_dags/example_latest_only.py took 0.515 seconds
[2023-12-16T20:21:35.772+0000] {processor.py:157} INFO - Started process (PID=142) to work on /home/airflow/.local/lib/python3.8/site-packages/airflow/example_dags/example_latest_only.py
[2023-12-16T20:21:35.774+0000] {processor.py:829} INFO - Processing file /home/airflow/.local/lib/python3.8/site-packages/airflow/example_dags/example_latest_only.py for tasks to queue
[2023-12-16T20:21:35.785+0000] {logging_mixin.py:154} INFO - [2023-12-16T20:21:35.782+0000] {dagbag.py:536} INFO - Filling up the DagBag from /home/airflow/.local/lib/python3.8/site-packages/airflow/example_dags/example_latest_only.py
[2023-12-16T20:21:35.801+0000] {processor.py:839} INFO - DAG(s) dict_keys(['latest_only']) retrieved from /home/airflow/.local/lib/python3.8/site-packages/airflow/example_dags/example_latest_only.py
[2023-12-16T20:21:35.866+0000] {logging_mixin.py:154} INFO - [2023-12-16T20:21:35.865+0000] {dag.py:2941} INFO - Sync 1 DAGs
[2023-12-16T20:21:35.930+0000] {logging_mixin.py:154} INFO - [2023-12-16T20:21:35.929+0000] {dag.py:3722} INFO - Setting next_dagrun for latest_only to 2023-12-16T16:21:35.928854+00:00, run_after=2023-12-16T20:21:35.928854+00:00
[2023-12-16T20:21:35.989+0000] {processor.py:179} INFO - Processing /home/airflow/.local/lib/python3.8/site-packages/airflow/example_dags/example_latest_only.py took 0.229 seconds
[2023-12-16T20:31:39.436+0000] {processor.py:157} INFO - Started process (PID=91) to work on /home/airflow/.local/lib/python3.8/site-packages/airflow/example_dags/example_latest_only.py
[2023-12-16T20:31:39.439+0000] {processor.py:829} INFO - Processing file /home/airflow/.local/lib/python3.8/site-packages/airflow/example_dags/example_latest_only.py for tasks to queue
[2023-12-16T20:31:39.444+0000] {logging_mixin.py:154} INFO - [2023-12-16T20:31:39.444+0000] {dagbag.py:536} INFO - Filling up the DagBag from /home/airflow/.local/lib/python3.8/site-packages/airflow/example_dags/example_latest_only.py
[2023-12-16T20:31:39.460+0000] {processor.py:839} INFO - DAG(s) dict_keys(['latest_only']) retrieved from /home/airflow/.local/lib/python3.8/site-packages/airflow/example_dags/example_latest_only.py
[2023-12-16T20:31:39.509+0000] {logging_mixin.py:154} INFO - [2023-12-16T20:31:39.509+0000] {dag.py:2941} INFO - Sync 1 DAGs
[2023-12-16T20:31:39.570+0000] {logging_mixin.py:154} INFO - [2023-12-16T20:31:39.569+0000] {dag.py:3722} INFO - Setting next_dagrun for latest_only to 2023-12-16T16:31:39.569152+00:00, run_after=2023-12-16T20:31:39.569152+00:00
[2023-12-16T20:31:39.612+0000] {processor.py:179} INFO - Processing /home/airflow/.local/lib/python3.8/site-packages/airflow/example_dags/example_latest_only.py took 0.185 seconds
[2023-12-16T20:32:10.170+0000] {processor.py:157} INFO - Started process (PID=143) to work on /home/airflow/.local/lib/python3.8/site-packages/airflow/example_dags/example_latest_only.py
[2023-12-16T20:32:10.175+0000] {processor.py:829} INFO - Processing file /home/airflow/.local/lib/python3.8/site-packages/airflow/example_dags/example_latest_only.py for tasks to queue
[2023-12-16T20:32:10.201+0000] {logging_mixin.py:154} INFO - [2023-12-16T20:32:10.196+0000] {dagbag.py:536} INFO - Filling up the DagBag from /home/airflow/.local/lib/python3.8/site-packages/airflow/example_dags/example_latest_only.py
[2023-12-16T20:32:10.238+0000] {processor.py:839} INFO - DAG(s) dict_keys(['latest_only']) retrieved from /home/airflow/.local/lib/python3.8/site-packages/airflow/example_dags/example_latest_only.py
[2023-12-16T20:32:10.427+0000] {logging_mixin.py:154} INFO - [2023-12-16T20:32:10.426+0000] {dag.py:2941} INFO - Sync 1 DAGs
[2023-12-16T20:32:10.574+0000] {logging_mixin.py:154} INFO - [2023-12-16T20:32:10.573+0000] {dag.py:3722} INFO - Setting next_dagrun for latest_only to 2023-12-16T16:32:10.573036+00:00, run_after=2023-12-16T20:32:10.573036+00:00
[2023-12-16T20:32:10.701+0000] {processor.py:179} INFO - Processing /home/airflow/.local/lib/python3.8/site-packages/airflow/example_dags/example_latest_only.py took 0.546 seconds
[2023-12-16T20:34:42.464+0000] {processor.py:157} INFO - Started process (PID=82) to work on /home/airflow/.local/lib/python3.8/site-packages/airflow/example_dags/example_latest_only.py
[2023-12-16T20:34:42.466+0000] {processor.py:829} INFO - Processing file /home/airflow/.local/lib/python3.8/site-packages/airflow/example_dags/example_latest_only.py for tasks to queue
[2023-12-16T20:34:42.479+0000] {logging_mixin.py:154} INFO - [2023-12-16T20:34:42.478+0000] {dagbag.py:536} INFO - Filling up the DagBag from /home/airflow/.local/lib/python3.8/site-packages/airflow/example_dags/example_latest_only.py
[2023-12-16T20:34:42.529+0000] {processor.py:839} INFO - DAG(s) dict_keys(['latest_only']) retrieved from /home/airflow/.local/lib/python3.8/site-packages/airflow/example_dags/example_latest_only.py
[2023-12-16T20:34:42.601+0000] {logging_mixin.py:154} INFO - [2023-12-16T20:34:42.600+0000] {dag.py:2941} INFO - Sync 1 DAGs
[2023-12-16T20:34:42.743+0000] {logging_mixin.py:154} INFO - [2023-12-16T20:34:42.742+0000] {dag.py:3722} INFO - Setting next_dagrun for latest_only to 2023-12-16T16:34:42.742310+00:00, run_after=2023-12-16T20:34:42.742310+00:00
[2023-12-16T20:34:42.827+0000] {processor.py:179} INFO - Processing /home/airflow/.local/lib/python3.8/site-packages/airflow/example_dags/example_latest_only.py took 0.373 seconds
[2023-12-16T20:36:49.367+0000] {processor.py:157} INFO - Started process (PID=142) to work on /home/airflow/.local/lib/python3.8/site-packages/airflow/example_dags/example_latest_only.py
[2023-12-16T20:36:49.515+0000] {processor.py:829} INFO - Processing file /home/airflow/.local/lib/python3.8/site-packages/airflow/example_dags/example_latest_only.py for tasks to queue
[2023-12-16T20:37:42.403+0000] {logging_mixin.py:154} INFO - [2023-12-16T20:37:42.394+0000] {dagbag.py:536} INFO - Filling up the DagBag from /home/airflow/.local/lib/python3.8/site-packages/airflow/example_dags/example_latest_only.py
[2023-12-16T21:01:09.080+0000] {processor.py:157} INFO - Started process (PID=90) to work on /home/airflow/.local/lib/python3.8/site-packages/airflow/example_dags/example_latest_only.py
[2023-12-16T21:01:09.084+0000] {processor.py:829} INFO - Processing file /home/airflow/.local/lib/python3.8/site-packages/airflow/example_dags/example_latest_only.py for tasks to queue
[2023-12-16T21:01:09.091+0000] {logging_mixin.py:154} INFO - [2023-12-16T21:01:09.090+0000] {dagbag.py:536} INFO - Filling up the DagBag from /home/airflow/.local/lib/python3.8/site-packages/airflow/example_dags/example_latest_only.py
[2023-12-16T21:01:09.104+0000] {processor.py:839} INFO - DAG(s) dict_keys(['latest_only']) retrieved from /home/airflow/.local/lib/python3.8/site-packages/airflow/example_dags/example_latest_only.py
[2023-12-16T21:01:09.533+0000] {logging_mixin.py:154} INFO - [2023-12-16T21:01:09.532+0000] {dag.py:2941} INFO - Sync 1 DAGs
[2023-12-16T21:01:09.608+0000] {logging_mixin.py:154} INFO - [2023-12-16T21:01:09.607+0000] {dag.py:3722} INFO - Setting next_dagrun for latest_only to 2023-12-16T17:01:09.605656+00:00, run_after=2023-12-16T21:01:09.605656+00:00
[2023-12-16T21:01:09.780+0000] {processor.py:179} INFO - Processing /home/airflow/.local/lib/python3.8/site-packages/airflow/example_dags/example_latest_only.py took 0.708 seconds
[2023-12-16T21:01:42.065+0000] {processor.py:157} INFO - Started process (PID=145) to work on /home/airflow/.local/lib/python3.8/site-packages/airflow/example_dags/example_latest_only.py
[2023-12-16T21:01:42.068+0000] {processor.py:829} INFO - Processing file /home/airflow/.local/lib/python3.8/site-packages/airflow/example_dags/example_latest_only.py for tasks to queue
[2023-12-16T21:01:42.073+0000] {logging_mixin.py:154} INFO - [2023-12-16T21:01:42.073+0000] {dagbag.py:536} INFO - Filling up the DagBag from /home/airflow/.local/lib/python3.8/site-packages/airflow/example_dags/example_latest_only.py
[2023-12-16T21:01:42.091+0000] {processor.py:839} INFO - DAG(s) dict_keys(['latest_only']) retrieved from /home/airflow/.local/lib/python3.8/site-packages/airflow/example_dags/example_latest_only.py
[2023-12-16T21:01:42.152+0000] {logging_mixin.py:154} INFO - [2023-12-16T21:01:42.152+0000] {dag.py:2941} INFO - Sync 1 DAGs
[2023-12-16T21:01:42.217+0000] {logging_mixin.py:154} INFO - [2023-12-16T21:01:42.217+0000] {dag.py:3722} INFO - Setting next_dagrun for latest_only to 2023-12-16T17:01:42.216739+00:00, run_after=2023-12-16T21:01:42.216739+00:00
[2023-12-16T21:01:42.378+0000] {processor.py:179} INFO - Processing /home/airflow/.local/lib/python3.8/site-packages/airflow/example_dags/example_latest_only.py took 0.323 seconds
[2023-12-16T21:07:12.238+0000] {processor.py:157} INFO - Started process (PID=84) to work on /home/airflow/.local/lib/python3.8/site-packages/airflow/example_dags/example_latest_only.py
[2023-12-16T21:07:12.241+0000] {processor.py:829} INFO - Processing file /home/airflow/.local/lib/python3.8/site-packages/airflow/example_dags/example_latest_only.py for tasks to queue
[2023-12-16T21:07:12.254+0000] {logging_mixin.py:154} INFO - [2023-12-16T21:07:12.253+0000] {dagbag.py:536} INFO - Filling up the DagBag from /home/airflow/.local/lib/python3.8/site-packages/airflow/example_dags/example_latest_only.py
[2023-12-16T21:07:12.282+0000] {processor.py:839} INFO - DAG(s) dict_keys(['latest_only']) retrieved from /home/airflow/.local/lib/python3.8/site-packages/airflow/example_dags/example_latest_only.py
[2023-12-16T21:07:12.356+0000] {logging_mixin.py:154} INFO - [2023-12-16T21:07:12.355+0000] {dag.py:2941} INFO - Sync 1 DAGs
[2023-12-16T21:07:12.478+0000] {logging_mixin.py:154} INFO - [2023-12-16T21:07:12.477+0000] {dag.py:3722} INFO - Setting next_dagrun for latest_only to 2023-12-16T17:07:12.477008+00:00, run_after=2023-12-16T21:07:12.477008+00:00
[2023-12-16T21:07:12.606+0000] {processor.py:179} INFO - Processing /home/airflow/.local/lib/python3.8/site-packages/airflow/example_dags/example_latest_only.py took 0.387 seconds
[2023-12-16T21:07:43.260+0000] {processor.py:157} INFO - Started process (PID=138) to work on /home/airflow/.local/lib/python3.8/site-packages/airflow/example_dags/example_latest_only.py
[2023-12-16T21:07:43.262+0000] {processor.py:829} INFO - Processing file /home/airflow/.local/lib/python3.8/site-packages/airflow/example_dags/example_latest_only.py for tasks to queue
[2023-12-16T21:07:43.266+0000] {logging_mixin.py:154} INFO - [2023-12-16T21:07:43.266+0000] {dagbag.py:536} INFO - Filling up the DagBag from /home/airflow/.local/lib/python3.8/site-packages/airflow/example_dags/example_latest_only.py
[2023-12-16T21:07:43.275+0000] {processor.py:839} INFO - DAG(s) dict_keys(['latest_only']) retrieved from /home/airflow/.local/lib/python3.8/site-packages/airflow/example_dags/example_latest_only.py
[2023-12-16T21:07:43.312+0000] {logging_mixin.py:154} INFO - [2023-12-16T21:07:43.312+0000] {dag.py:2941} INFO - Sync 1 DAGs
[2023-12-16T21:07:43.358+0000] {logging_mixin.py:154} INFO - [2023-12-16T21:07:43.357+0000] {dag.py:3722} INFO - Setting next_dagrun for latest_only to 2023-12-16T17:07:43.357158+00:00, run_after=2023-12-16T21:07:43.357158+00:00
[2023-12-16T21:07:43.415+0000] {processor.py:179} INFO - Processing /home/airflow/.local/lib/python3.8/site-packages/airflow/example_dags/example_latest_only.py took 0.160 seconds
[2023-12-16T21:08:14.646+0000] {processor.py:157} INFO - Started process (PID=192) to work on /home/airflow/.local/lib/python3.8/site-packages/airflow/example_dags/example_latest_only.py
[2023-12-16T21:08:14.654+0000] {processor.py:829} INFO - Processing file /home/airflow/.local/lib/python3.8/site-packages/airflow/example_dags/example_latest_only.py for tasks to queue
[2023-12-16T21:08:14.666+0000] {logging_mixin.py:154} INFO - [2023-12-16T21:08:14.665+0000] {dagbag.py:536} INFO - Filling up the DagBag from /home/airflow/.local/lib/python3.8/site-packages/airflow/example_dags/example_latest_only.py
[2023-12-16T21:08:14.683+0000] {processor.py:839} INFO - DAG(s) dict_keys(['latest_only']) retrieved from /home/airflow/.local/lib/python3.8/site-packages/airflow/example_dags/example_latest_only.py
[2023-12-16T21:08:14.727+0000] {logging_mixin.py:154} INFO - [2023-12-16T21:08:14.727+0000] {dag.py:2941} INFO - Sync 1 DAGs
[2023-12-16T21:08:14.784+0000] {logging_mixin.py:154} INFO - [2023-12-16T21:08:14.784+0000] {dag.py:3722} INFO - Setting next_dagrun for latest_only to 2023-12-16T17:08:14.783399+00:00, run_after=2023-12-16T21:08:14.783399+00:00
[2023-12-16T21:08:14.823+0000] {processor.py:179} INFO - Processing /home/airflow/.local/lib/python3.8/site-packages/airflow/example_dags/example_latest_only.py took 0.185 seconds
[2023-12-16T21:08:49.264+0000] {processor.py:157} INFO - Started process (PID=246) to work on /home/airflow/.local/lib/python3.8/site-packages/airflow/example_dags/example_latest_only.py
[2023-12-16T21:08:49.277+0000] {processor.py:829} INFO - Processing file /home/airflow/.local/lib/python3.8/site-packages/airflow/example_dags/example_latest_only.py for tasks to queue
[2023-12-16T21:08:49.284+0000] {logging_mixin.py:154} INFO - [2023-12-16T21:08:49.283+0000] {dagbag.py:536} INFO - Filling up the DagBag from /home/airflow/.local/lib/python3.8/site-packages/airflow/example_dags/example_latest_only.py
[2023-12-16T21:08:49.304+0000] {processor.py:839} INFO - DAG(s) dict_keys(['latest_only']) retrieved from /home/airflow/.local/lib/python3.8/site-packages/airflow/example_dags/example_latest_only.py
[2023-12-16T21:08:49.391+0000] {logging_mixin.py:154} INFO - [2023-12-16T21:08:49.390+0000] {dag.py:2941} INFO - Sync 1 DAGs
[2023-12-16T21:08:49.453+0000] {logging_mixin.py:154} INFO - [2023-12-16T21:08:49.453+0000] {dag.py:3722} INFO - Setting next_dagrun for latest_only to 2023-12-16T17:08:49.453055+00:00, run_after=2023-12-16T21:08:49.453055+00:00
[2023-12-16T21:08:49.518+0000] {processor.py:179} INFO - Processing /home/airflow/.local/lib/python3.8/site-packages/airflow/example_dags/example_latest_only.py took 0.273 seconds
[2023-12-16T21:09:20.042+0000] {processor.py:157} INFO - Started process (PID=300) to work on /home/airflow/.local/lib/python3.8/site-packages/airflow/example_dags/example_latest_only.py
[2023-12-16T21:09:20.044+0000] {processor.py:829} INFO - Processing file /home/airflow/.local/lib/python3.8/site-packages/airflow/example_dags/example_latest_only.py for tasks to queue
[2023-12-16T21:09:20.048+0000] {logging_mixin.py:154} INFO - [2023-12-16T21:09:20.048+0000] {dagbag.py:536} INFO - Filling up the DagBag from /home/airflow/.local/lib/python3.8/site-packages/airflow/example_dags/example_latest_only.py
[2023-12-16T21:09:20.057+0000] {processor.py:839} INFO - DAG(s) dict_keys(['latest_only']) retrieved from /home/airflow/.local/lib/python3.8/site-packages/airflow/example_dags/example_latest_only.py
[2023-12-16T21:09:20.100+0000] {logging_mixin.py:154} INFO - [2023-12-16T21:09:20.100+0000] {dag.py:2941} INFO - Sync 1 DAGs
[2023-12-16T21:09:20.152+0000] {logging_mixin.py:154} INFO - [2023-12-16T21:09:20.151+0000] {dag.py:3722} INFO - Setting next_dagrun for latest_only to 2023-12-16T17:09:20.151011+00:00, run_after=2023-12-16T21:09:20.151011+00:00
[2023-12-16T21:09:20.190+0000] {processor.py:179} INFO - Processing /home/airflow/.local/lib/python3.8/site-packages/airflow/example_dags/example_latest_only.py took 0.153 seconds
[2023-12-16T21:09:55.709+0000] {processor.py:157} INFO - Started process (PID=354) to work on /home/airflow/.local/lib/python3.8/site-packages/airflow/example_dags/example_latest_only.py
[2023-12-16T21:09:55.712+0000] {processor.py:829} INFO - Processing file /home/airflow/.local/lib/python3.8/site-packages/airflow/example_dags/example_latest_only.py for tasks to queue
[2023-12-16T21:09:55.724+0000] {logging_mixin.py:154} INFO - [2023-12-16T21:09:55.720+0000] {dagbag.py:536} INFO - Filling up the DagBag from /home/airflow/.local/lib/python3.8/site-packages/airflow/example_dags/example_latest_only.py
[2023-12-16T21:09:55.765+0000] {processor.py:839} INFO - DAG(s) dict_keys(['latest_only']) retrieved from /home/airflow/.local/lib/python3.8/site-packages/airflow/example_dags/example_latest_only.py
[2023-12-16T21:09:55.892+0000] {logging_mixin.py:154} INFO - [2023-12-16T21:09:55.892+0000] {dag.py:2941} INFO - Sync 1 DAGs
[2023-12-16T21:09:55.981+0000] {logging_mixin.py:154} INFO - [2023-12-16T21:09:55.980+0000] {dag.py:3722} INFO - Setting next_dagrun for latest_only to 2023-12-16T17:09:55.980494+00:00, run_after=2023-12-16T21:09:55.980494+00:00
[2023-12-16T21:09:56.050+0000] {processor.py:179} INFO - Processing /home/airflow/.local/lib/python3.8/site-packages/airflow/example_dags/example_latest_only.py took 0.361 seconds
[2023-12-16T21:10:26.243+0000] {processor.py:157} INFO - Started process (PID=408) to work on /home/airflow/.local/lib/python3.8/site-packages/airflow/example_dags/example_latest_only.py
[2023-12-16T21:10:26.245+0000] {processor.py:829} INFO - Processing file /home/airflow/.local/lib/python3.8/site-packages/airflow/example_dags/example_latest_only.py for tasks to queue
[2023-12-16T21:10:26.258+0000] {logging_mixin.py:154} INFO - [2023-12-16T21:10:26.257+0000] {dagbag.py:536} INFO - Filling up the DagBag from /home/airflow/.local/lib/python3.8/site-packages/airflow/example_dags/example_latest_only.py
[2023-12-16T21:10:26.271+0000] {processor.py:839} INFO - DAG(s) dict_keys(['latest_only']) retrieved from /home/airflow/.local/lib/python3.8/site-packages/airflow/example_dags/example_latest_only.py
[2023-12-16T21:10:26.336+0000] {logging_mixin.py:154} INFO - [2023-12-16T21:10:26.335+0000] {dag.py:2941} INFO - Sync 1 DAGs
[2023-12-16T21:10:26.407+0000] {logging_mixin.py:154} INFO - [2023-12-16T21:10:26.407+0000] {dag.py:3722} INFO - Setting next_dagrun for latest_only to 2023-12-16T17:10:26.405715+00:00, run_after=2023-12-16T21:10:26.405715+00:00
[2023-12-16T21:10:26.459+0000] {processor.py:179} INFO - Processing /home/airflow/.local/lib/python3.8/site-packages/airflow/example_dags/example_latest_only.py took 0.223 seconds
[2023-12-16T21:10:56.846+0000] {processor.py:157} INFO - Started process (PID=463) to work on /home/airflow/.local/lib/python3.8/site-packages/airflow/example_dags/example_latest_only.py
[2023-12-16T21:10:56.848+0000] {processor.py:829} INFO - Processing file /home/airflow/.local/lib/python3.8/site-packages/airflow/example_dags/example_latest_only.py for tasks to queue
[2023-12-16T21:10:56.853+0000] {logging_mixin.py:154} INFO - [2023-12-16T21:10:56.853+0000] {dagbag.py:536} INFO - Filling up the DagBag from /home/airflow/.local/lib/python3.8/site-packages/airflow/example_dags/example_latest_only.py
[2023-12-16T21:10:56.862+0000] {processor.py:839} INFO - DAG(s) dict_keys(['latest_only']) retrieved from /home/airflow/.local/lib/python3.8/site-packages/airflow/example_dags/example_latest_only.py
[2023-12-16T21:10:56.922+0000] {logging_mixin.py:154} INFO - [2023-12-16T21:10:56.922+0000] {dag.py:2941} INFO - Sync 1 DAGs
[2023-12-16T21:10:56.975+0000] {logging_mixin.py:154} INFO - [2023-12-16T21:10:56.974+0000] {dag.py:3722} INFO - Setting next_dagrun for latest_only to 2023-12-16T17:10:56.974122+00:00, run_after=2023-12-16T21:10:56.974122+00:00
[2023-12-16T21:10:57.025+0000] {processor.py:179} INFO - Processing /home/airflow/.local/lib/python3.8/site-packages/airflow/example_dags/example_latest_only.py took 0.186 seconds
[2023-12-16T21:11:27.083+0000] {processor.py:157} INFO - Started process (PID=516) to work on /home/airflow/.local/lib/python3.8/site-packages/airflow/example_dags/example_latest_only.py
[2023-12-16T21:11:27.086+0000] {processor.py:829} INFO - Processing file /home/airflow/.local/lib/python3.8/site-packages/airflow/example_dags/example_latest_only.py for tasks to queue
[2023-12-16T21:11:27.091+0000] {logging_mixin.py:154} INFO - [2023-12-16T21:11:27.091+0000] {dagbag.py:536} INFO - Filling up the DagBag from /home/airflow/.local/lib/python3.8/site-packages/airflow/example_dags/example_latest_only.py
[2023-12-16T21:11:27.109+0000] {processor.py:839} INFO - DAG(s) dict_keys(['latest_only']) retrieved from /home/airflow/.local/lib/python3.8/site-packages/airflow/example_dags/example_latest_only.py
[2023-12-16T21:11:27.164+0000] {logging_mixin.py:154} INFO - [2023-12-16T21:11:27.163+0000] {dag.py:2941} INFO - Sync 1 DAGs
[2023-12-16T21:11:27.241+0000] {logging_mixin.py:154} INFO - [2023-12-16T21:11:27.241+0000] {dag.py:3722} INFO - Setting next_dagrun for latest_only to 2023-12-16T17:11:27.240477+00:00, run_after=2023-12-16T21:11:27.240477+00:00
[2023-12-16T21:11:27.311+0000] {processor.py:179} INFO - Processing /home/airflow/.local/lib/python3.8/site-packages/airflow/example_dags/example_latest_only.py took 0.237 seconds
[2023-12-16T21:11:57.382+0000] {processor.py:157} INFO - Started process (PID=570) to work on /home/airflow/.local/lib/python3.8/site-packages/airflow/example_dags/example_latest_only.py
[2023-12-16T21:11:57.383+0000] {processor.py:829} INFO - Processing file /home/airflow/.local/lib/python3.8/site-packages/airflow/example_dags/example_latest_only.py for tasks to queue
[2023-12-16T21:11:57.387+0000] {logging_mixin.py:154} INFO - [2023-12-16T21:11:57.387+0000] {dagbag.py:536} INFO - Filling up the DagBag from /home/airflow/.local/lib/python3.8/site-packages/airflow/example_dags/example_latest_only.py
[2023-12-16T21:11:57.397+0000] {processor.py:839} INFO - DAG(s) dict_keys(['latest_only']) retrieved from /home/airflow/.local/lib/python3.8/site-packages/airflow/example_dags/example_latest_only.py
[2023-12-16T21:11:57.437+0000] {logging_mixin.py:154} INFO - [2023-12-16T21:11:57.436+0000] {dag.py:2941} INFO - Sync 1 DAGs
[2023-12-16T21:11:57.480+0000] {logging_mixin.py:154} INFO - [2023-12-16T21:11:57.480+0000] {dag.py:3722} INFO - Setting next_dagrun for latest_only to 2023-12-16T17:11:57.480037+00:00, run_after=2023-12-16T21:11:57.480037+00:00
[2023-12-16T21:11:57.515+0000] {processor.py:179} INFO - Processing /home/airflow/.local/lib/python3.8/site-packages/airflow/example_dags/example_latest_only.py took 0.139 seconds
[2023-12-16T21:12:27.955+0000] {processor.py:157} INFO - Started process (PID=624) to work on /home/airflow/.local/lib/python3.8/site-packages/airflow/example_dags/example_latest_only.py
[2023-12-16T21:12:27.957+0000] {processor.py:829} INFO - Processing file /home/airflow/.local/lib/python3.8/site-packages/airflow/example_dags/example_latest_only.py for tasks to queue
[2023-12-16T21:12:27.961+0000] {logging_mixin.py:154} INFO - [2023-12-16T21:12:27.960+0000] {dagbag.py:536} INFO - Filling up the DagBag from /home/airflow/.local/lib/python3.8/site-packages/airflow/example_dags/example_latest_only.py
[2023-12-16T21:12:27.970+0000] {processor.py:839} INFO - DAG(s) dict_keys(['latest_only']) retrieved from /home/airflow/.local/lib/python3.8/site-packages/airflow/example_dags/example_latest_only.py
[2023-12-16T21:12:28.010+0000] {logging_mixin.py:154} INFO - [2023-12-16T21:12:28.010+0000] {dag.py:2941} INFO - Sync 1 DAGs
[2023-12-16T21:12:28.055+0000] {logging_mixin.py:154} INFO - [2023-12-16T21:12:28.055+0000] {dag.py:3722} INFO - Setting next_dagrun for latest_only to 2023-12-16T17:12:28.054817+00:00, run_after=2023-12-16T21:12:28.054817+00:00
[2023-12-16T21:12:28.088+0000] {processor.py:179} INFO - Processing /home/airflow/.local/lib/python3.8/site-packages/airflow/example_dags/example_latest_only.py took 0.139 seconds
