[2023-12-16T19:22:12.874+0000] {processor.py:157} INFO - Started process (PID=78) to work on /home/airflow/.local/lib/python3.8/site-packages/airflow/example_dags/example_skip_dag.py
[2023-12-16T19:22:12.881+0000] {processor.py:829} INFO - Processing file /home/airflow/.local/lib/python3.8/site-packages/airflow/example_dags/example_skip_dag.py for tasks to queue
[2023-12-16T19:22:12.893+0000] {logging_mixin.py:154} INFO - [2023-12-16T19:22:12.892+0000] {dagbag.py:536} INFO - Filling up the DagBag from /home/airflow/.local/lib/python3.8/site-packages/airflow/example_dags/example_skip_dag.py
[2023-12-16T19:22:13.067+0000] {processor.py:839} INFO - DAG(s) dict_keys(['example_skip_dag']) retrieved from /home/airflow/.local/lib/python3.8/site-packages/airflow/example_dags/example_skip_dag.py
[2023-12-16T19:22:13.259+0000] {logging_mixin.py:154} INFO - [2023-12-16T19:22:13.259+0000] {dag.py:2941} INFO - Sync 1 DAGs
[2023-12-16T19:22:13.718+0000] {logging_mixin.py:154} INFO - [2023-12-16T19:22:13.717+0000] {dag.py:3722} INFO - Setting next_dagrun for example_skip_dag to 2023-12-15T19:22:13.716910+00:00, run_after=2023-12-16T19:22:13.716910+00:00
[2023-12-16T19:22:13.912+0000] {processor.py:179} INFO - Processing /home/airflow/.local/lib/python3.8/site-packages/airflow/example_dags/example_skip_dag.py took 1.056 seconds
[2023-12-16T19:23:30.065+0000] {processor.py:157} INFO - Started process (PID=132) to work on /home/airflow/.local/lib/python3.8/site-packages/airflow/example_dags/example_skip_dag.py
[2023-12-16T19:23:30.068+0000] {processor.py:829} INFO - Processing file /home/airflow/.local/lib/python3.8/site-packages/airflow/example_dags/example_skip_dag.py for tasks to queue
[2023-12-16T19:23:30.077+0000] {logging_mixin.py:154} INFO - [2023-12-16T19:23:30.076+0000] {dagbag.py:536} INFO - Filling up the DagBag from /home/airflow/.local/lib/python3.8/site-packages/airflow/example_dags/example_skip_dag.py
[2023-12-16T19:23:30.102+0000] {processor.py:839} INFO - DAG(s) dict_keys(['example_skip_dag']) retrieved from /home/airflow/.local/lib/python3.8/site-packages/airflow/example_dags/example_skip_dag.py
[2023-12-16T19:23:30.164+0000] {logging_mixin.py:154} INFO - [2023-12-16T19:23:30.164+0000] {dag.py:2941} INFO - Sync 1 DAGs
[2023-12-16T19:23:30.274+0000] {logging_mixin.py:154} INFO - [2023-12-16T19:23:30.274+0000] {dag.py:3722} INFO - Setting next_dagrun for example_skip_dag to 2023-12-15T19:23:30.273788+00:00, run_after=2023-12-16T19:23:30.273788+00:00
[2023-12-16T19:23:30.332+0000] {processor.py:179} INFO - Processing /home/airflow/.local/lib/python3.8/site-packages/airflow/example_dags/example_skip_dag.py took 0.279 seconds
[2023-12-16T19:24:02.457+0000] {processor.py:157} INFO - Started process (PID=186) to work on /home/airflow/.local/lib/python3.8/site-packages/airflow/example_dags/example_skip_dag.py
[2023-12-16T19:24:02.460+0000] {processor.py:829} INFO - Processing file /home/airflow/.local/lib/python3.8/site-packages/airflow/example_dags/example_skip_dag.py for tasks to queue
[2023-12-16T19:24:02.466+0000] {logging_mixin.py:154} INFO - [2023-12-16T19:24:02.465+0000] {dagbag.py:536} INFO - Filling up the DagBag from /home/airflow/.local/lib/python3.8/site-packages/airflow/example_dags/example_skip_dag.py
[2023-12-16T19:24:02.492+0000] {processor.py:839} INFO - DAG(s) dict_keys(['example_skip_dag']) retrieved from /home/airflow/.local/lib/python3.8/site-packages/airflow/example_dags/example_skip_dag.py
[2023-12-16T19:24:02.548+0000] {logging_mixin.py:154} INFO - [2023-12-16T19:24:02.548+0000] {dag.py:2941} INFO - Sync 1 DAGs
[2023-12-16T19:24:02.598+0000] {logging_mixin.py:154} INFO - [2023-12-16T19:24:02.598+0000] {dag.py:3722} INFO - Setting next_dagrun for example_skip_dag to 2023-12-15T19:24:02.597587+00:00, run_after=2023-12-16T19:24:02.597587+00:00
[2023-12-16T19:24:02.643+0000] {processor.py:179} INFO - Processing /home/airflow/.local/lib/python3.8/site-packages/airflow/example_dags/example_skip_dag.py took 0.193 seconds
[2023-12-16T19:35:57.014+0000] {processor.py:157} INFO - Started process (PID=79) to work on /home/airflow/.local/lib/python3.8/site-packages/airflow/example_dags/example_skip_dag.py
[2023-12-16T19:35:57.021+0000] {processor.py:829} INFO - Processing file /home/airflow/.local/lib/python3.8/site-packages/airflow/example_dags/example_skip_dag.py for tasks to queue
[2023-12-16T19:35:57.064+0000] {logging_mixin.py:154} INFO - [2023-12-16T19:35:57.057+0000] {dagbag.py:536} INFO - Filling up the DagBag from /home/airflow/.local/lib/python3.8/site-packages/airflow/example_dags/example_skip_dag.py
[2023-12-16T19:35:57.228+0000] {processor.py:839} INFO - DAG(s) dict_keys(['example_skip_dag']) retrieved from /home/airflow/.local/lib/python3.8/site-packages/airflow/example_dags/example_skip_dag.py
[2023-12-16T19:35:58.042+0000] {logging_mixin.py:154} INFO - [2023-12-16T19:35:58.041+0000] {dag.py:2941} INFO - Sync 1 DAGs
[2023-12-16T19:35:58.962+0000] {logging_mixin.py:154} INFO - [2023-12-16T19:35:58.961+0000] {dag.py:3722} INFO - Setting next_dagrun for example_skip_dag to 2023-12-15T19:35:58.961236+00:00, run_after=2023-12-16T19:35:58.961236+00:00
[2023-12-16T19:35:59.571+0000] {processor.py:179} INFO - Processing /home/airflow/.local/lib/python3.8/site-packages/airflow/example_dags/example_skip_dag.py took 2.573 seconds
[2023-12-16T19:36:51.050+0000] {processor.py:157} INFO - Started process (PID=140) to work on /home/airflow/.local/lib/python3.8/site-packages/airflow/example_dags/example_skip_dag.py
[2023-12-16T19:36:51.065+0000] {processor.py:829} INFO - Processing file /home/airflow/.local/lib/python3.8/site-packages/airflow/example_dags/example_skip_dag.py for tasks to queue
[2023-12-16T19:36:51.135+0000] {logging_mixin.py:154} INFO - [2023-12-16T19:36:51.135+0000] {dagbag.py:536} INFO - Filling up the DagBag from /home/airflow/.local/lib/python3.8/site-packages/airflow/example_dags/example_skip_dag.py
[2023-12-16T19:36:51.328+0000] {processor.py:839} INFO - DAG(s) dict_keys(['example_skip_dag']) retrieved from /home/airflow/.local/lib/python3.8/site-packages/airflow/example_dags/example_skip_dag.py
[2023-12-16T19:36:51.478+0000] {logging_mixin.py:154} INFO - [2023-12-16T19:36:51.476+0000] {dag.py:2941} INFO - Sync 1 DAGs
[2023-12-16T19:36:52.524+0000] {logging_mixin.py:154} INFO - [2023-12-16T19:36:52.417+0000] {dag.py:3722} INFO - Setting next_dagrun for example_skip_dag to 2023-12-15T19:36:52.406343+00:00, run_after=2023-12-16T19:36:52.406343+00:00
[2023-12-16T19:36:52.994+0000] {processor.py:179} INFO - Processing /home/airflow/.local/lib/python3.8/site-packages/airflow/example_dags/example_skip_dag.py took 2.010 seconds
[2023-12-16T19:37:27.898+0000] {processor.py:157} INFO - Started process (PID=194) to work on /home/airflow/.local/lib/python3.8/site-packages/airflow/example_dags/example_skip_dag.py
[2023-12-16T19:37:27.906+0000] {processor.py:829} INFO - Processing file /home/airflow/.local/lib/python3.8/site-packages/airflow/example_dags/example_skip_dag.py for tasks to queue
[2023-12-16T19:37:27.916+0000] {logging_mixin.py:154} INFO - [2023-12-16T19:37:27.915+0000] {dagbag.py:536} INFO - Filling up the DagBag from /home/airflow/.local/lib/python3.8/site-packages/airflow/example_dags/example_skip_dag.py
[2023-12-16T19:37:27.996+0000] {processor.py:839} INFO - DAG(s) dict_keys(['example_skip_dag']) retrieved from /home/airflow/.local/lib/python3.8/site-packages/airflow/example_dags/example_skip_dag.py
[2023-12-16T19:37:28.557+0000] {logging_mixin.py:154} INFO - [2023-12-16T19:37:28.556+0000] {dag.py:2941} INFO - Sync 1 DAGs
[2023-12-16T19:37:28.916+0000] {logging_mixin.py:154} INFO - [2023-12-16T19:37:28.915+0000] {dag.py:3722} INFO - Setting next_dagrun for example_skip_dag to 2023-12-15T19:37:28.914911+00:00, run_after=2023-12-16T19:37:28.914911+00:00
[2023-12-16T19:37:29.395+0000] {processor.py:179} INFO - Processing /home/airflow/.local/lib/python3.8/site-packages/airflow/example_dags/example_skip_dag.py took 1.525 seconds
[2023-12-16T19:43:54.458+0000] {processor.py:157} INFO - Started process (PID=79) to work on /home/airflow/.local/lib/python3.8/site-packages/airflow/example_dags/example_skip_dag.py
[2023-12-16T19:43:54.491+0000] {processor.py:829} INFO - Processing file /home/airflow/.local/lib/python3.8/site-packages/airflow/example_dags/example_skip_dag.py for tasks to queue
[2023-12-16T19:43:54.510+0000] {logging_mixin.py:154} INFO - [2023-12-16T19:43:54.508+0000] {dagbag.py:536} INFO - Filling up the DagBag from /home/airflow/.local/lib/python3.8/site-packages/airflow/example_dags/example_skip_dag.py
[2023-12-16T19:43:54.705+0000] {processor.py:839} INFO - DAG(s) dict_keys(['example_skip_dag']) retrieved from /home/airflow/.local/lib/python3.8/site-packages/airflow/example_dags/example_skip_dag.py
[2023-12-16T19:43:54.974+0000] {logging_mixin.py:154} INFO - [2023-12-16T19:43:54.973+0000] {dag.py:2941} INFO - Sync 1 DAGs
[2023-12-16T19:43:55.197+0000] {logging_mixin.py:154} INFO - [2023-12-16T19:43:55.196+0000] {dag.py:3722} INFO - Setting next_dagrun for example_skip_dag to 2023-12-15T19:43:55.196273+00:00, run_after=2023-12-16T19:43:55.196273+00:00
[2023-12-16T19:43:55.449+0000] {processor.py:179} INFO - Processing /home/airflow/.local/lib/python3.8/site-packages/airflow/example_dags/example_skip_dag.py took 1.023 seconds
[2023-12-16T19:44:41.332+0000] {processor.py:157} INFO - Started process (PID=139) to work on /home/airflow/.local/lib/python3.8/site-packages/airflow/example_dags/example_skip_dag.py
[2023-12-16T19:44:41.337+0000] {processor.py:829} INFO - Processing file /home/airflow/.local/lib/python3.8/site-packages/airflow/example_dags/example_skip_dag.py for tasks to queue
[2023-12-16T19:44:41.341+0000] {logging_mixin.py:154} INFO - [2023-12-16T19:44:41.340+0000] {dagbag.py:536} INFO - Filling up the DagBag from /home/airflow/.local/lib/python3.8/site-packages/airflow/example_dags/example_skip_dag.py
[2023-12-16T19:44:41.424+0000] {processor.py:839} INFO - DAG(s) dict_keys(['example_skip_dag']) retrieved from /home/airflow/.local/lib/python3.8/site-packages/airflow/example_dags/example_skip_dag.py
[2023-12-16T19:44:41.565+0000] {logging_mixin.py:154} INFO - [2023-12-16T19:44:41.565+0000] {dag.py:2941} INFO - Sync 1 DAGs
[2023-12-16T19:44:41.698+0000] {logging_mixin.py:154} INFO - [2023-12-16T19:44:41.697+0000] {dag.py:3722} INFO - Setting next_dagrun for example_skip_dag to 2023-12-15T19:44:41.697005+00:00, run_after=2023-12-16T19:44:41.697005+00:00
[2023-12-16T19:44:41.787+0000] {processor.py:179} INFO - Processing /home/airflow/.local/lib/python3.8/site-packages/airflow/example_dags/example_skip_dag.py took 0.499 seconds
[2023-12-16T19:45:18.836+0000] {processor.py:157} INFO - Started process (PID=192) to work on /home/airflow/.local/lib/python3.8/site-packages/airflow/example_dags/example_skip_dag.py
[2023-12-16T19:45:18.864+0000] {processor.py:829} INFO - Processing file /home/airflow/.local/lib/python3.8/site-packages/airflow/example_dags/example_skip_dag.py for tasks to queue
[2023-12-16T19:45:18.874+0000] {logging_mixin.py:154} INFO - [2023-12-16T19:45:18.873+0000] {dagbag.py:536} INFO - Filling up the DagBag from /home/airflow/.local/lib/python3.8/site-packages/airflow/example_dags/example_skip_dag.py
[2023-12-16T19:45:18.999+0000] {processor.py:839} INFO - DAG(s) dict_keys(['example_skip_dag']) retrieved from /home/airflow/.local/lib/python3.8/site-packages/airflow/example_dags/example_skip_dag.py
[2023-12-16T19:45:19.246+0000] {logging_mixin.py:154} INFO - [2023-12-16T19:45:19.235+0000] {dag.py:2941} INFO - Sync 1 DAGs
[2023-12-16T19:45:19.397+0000] {logging_mixin.py:154} INFO - [2023-12-16T19:45:19.390+0000] {dag.py:3722} INFO - Setting next_dagrun for example_skip_dag to 2023-12-15T19:45:19.389879+00:00, run_after=2023-12-16T19:45:19.389879+00:00
[2023-12-16T19:45:19.568+0000] {processor.py:179} INFO - Processing /home/airflow/.local/lib/python3.8/site-packages/airflow/example_dags/example_skip_dag.py took 0.770 seconds
[2023-12-16T19:55:57.585+0000] {processor.py:157} INFO - Started process (PID=247) to work on /home/airflow/.local/lib/python3.8/site-packages/airflow/example_dags/example_skip_dag.py
[2023-12-16T19:55:57.978+0000] {processor.py:829} INFO - Processing file /home/airflow/.local/lib/python3.8/site-packages/airflow/example_dags/example_skip_dag.py for tasks to queue
[2023-12-16T19:55:58.100+0000] {logging_mixin.py:154} INFO - [2023-12-16T19:55:57.998+0000] {dagbag.py:536} INFO - Filling up the DagBag from /home/airflow/.local/lib/python3.8/site-packages/airflow/example_dags/example_skip_dag.py
[2023-12-16T19:56:13.067+0000] {processor.py:839} INFO - DAG(s) dict_keys(['example_skip_dag']) retrieved from /home/airflow/.local/lib/python3.8/site-packages/airflow/example_dags/example_skip_dag.py
[2023-12-16T20:04:47.350+0000] {processor.py:157} INFO - Started process (PID=141) to work on /home/airflow/.local/lib/python3.8/site-packages/airflow/example_dags/example_skip_dag.py
[2023-12-16T20:04:47.353+0000] {processor.py:829} INFO - Processing file /home/airflow/.local/lib/python3.8/site-packages/airflow/example_dags/example_skip_dag.py for tasks to queue
[2023-12-16T20:04:47.363+0000] {logging_mixin.py:154} INFO - [2023-12-16T20:04:47.362+0000] {dagbag.py:536} INFO - Filling up the DagBag from /home/airflow/.local/lib/python3.8/site-packages/airflow/example_dags/example_skip_dag.py
[2023-12-16T20:04:47.403+0000] {processor.py:839} INFO - DAG(s) dict_keys(['example_skip_dag']) retrieved from /home/airflow/.local/lib/python3.8/site-packages/airflow/example_dags/example_skip_dag.py
[2023-12-16T20:04:47.484+0000] {logging_mixin.py:154} INFO - [2023-12-16T20:04:47.484+0000] {dag.py:2941} INFO - Sync 1 DAGs
[2023-12-16T20:04:47.588+0000] {logging_mixin.py:154} INFO - [2023-12-16T20:04:47.587+0000] {dag.py:3722} INFO - Setting next_dagrun for example_skip_dag to 2023-12-15T20:04:47.586999+00:00, run_after=2023-12-16T20:04:47.586999+00:00
[2023-12-16T20:04:47.730+0000] {processor.py:179} INFO - Processing /home/airflow/.local/lib/python3.8/site-packages/airflow/example_dags/example_skip_dag.py took 0.392 seconds
[2023-12-16T20:05:27.701+0000] {processor.py:157} INFO - Started process (PID=210) to work on /home/airflow/.local/lib/python3.8/site-packages/airflow/example_dags/example_skip_dag.py
[2023-12-16T20:05:27.767+0000] {processor.py:829} INFO - Processing file /home/airflow/.local/lib/python3.8/site-packages/airflow/example_dags/example_skip_dag.py for tasks to queue
[2023-12-16T20:05:27.828+0000] {logging_mixin.py:154} INFO - [2023-12-16T20:05:27.827+0000] {dagbag.py:536} INFO - Filling up the DagBag from /home/airflow/.local/lib/python3.8/site-packages/airflow/example_dags/example_skip_dag.py
[2023-12-16T20:05:27.924+0000] {processor.py:839} INFO - DAG(s) dict_keys(['example_skip_dag']) retrieved from /home/airflow/.local/lib/python3.8/site-packages/airflow/example_dags/example_skip_dag.py
[2023-12-16T20:05:28.086+0000] {logging_mixin.py:154} INFO - [2023-12-16T20:05:28.085+0000] {dag.py:2941} INFO - Sync 1 DAGs
[2023-12-16T20:05:28.187+0000] {logging_mixin.py:154} INFO - [2023-12-16T20:05:28.187+0000] {dag.py:3722} INFO - Setting next_dagrun for example_skip_dag to 2023-12-15T20:05:28.186938+00:00, run_after=2023-12-16T20:05:28.186938+00:00
[2023-12-16T20:05:28.617+0000] {processor.py:179} INFO - Processing /home/airflow/.local/lib/python3.8/site-packages/airflow/example_dags/example_skip_dag.py took 0.947 seconds
[2023-12-16T20:05:58.883+0000] {processor.py:157} INFO - Started process (PID=278) to work on /home/airflow/.local/lib/python3.8/site-packages/airflow/example_dags/example_skip_dag.py
[2023-12-16T20:05:58.896+0000] {processor.py:829} INFO - Processing file /home/airflow/.local/lib/python3.8/site-packages/airflow/example_dags/example_skip_dag.py for tasks to queue
[2023-12-16T20:05:58.917+0000] {logging_mixin.py:154} INFO - [2023-12-16T20:05:58.916+0000] {dagbag.py:536} INFO - Filling up the DagBag from /home/airflow/.local/lib/python3.8/site-packages/airflow/example_dags/example_skip_dag.py
[2023-12-16T20:05:58.963+0000] {processor.py:839} INFO - DAG(s) dict_keys(['example_skip_dag']) retrieved from /home/airflow/.local/lib/python3.8/site-packages/airflow/example_dags/example_skip_dag.py
[2023-12-16T20:05:59.147+0000] {logging_mixin.py:154} INFO - [2023-12-16T20:05:59.146+0000] {dag.py:2941} INFO - Sync 1 DAGs
[2023-12-16T20:05:59.268+0000] {logging_mixin.py:154} INFO - [2023-12-16T20:05:59.267+0000] {dag.py:3722} INFO - Setting next_dagrun for example_skip_dag to 2023-12-15T20:05:59.266748+00:00, run_after=2023-12-16T20:05:59.266748+00:00
[2023-12-16T20:06:00.242+0000] {processor.py:179} INFO - Processing /home/airflow/.local/lib/python3.8/site-packages/airflow/example_dags/example_skip_dag.py took 1.368 seconds
[2023-12-16T20:20:58.196+0000] {processor.py:157} INFO - Started process (PID=79) to work on /home/airflow/.local/lib/python3.8/site-packages/airflow/example_dags/example_skip_dag.py
[2023-12-16T20:20:58.215+0000] {processor.py:829} INFO - Processing file /home/airflow/.local/lib/python3.8/site-packages/airflow/example_dags/example_skip_dag.py for tasks to queue
[2023-12-16T20:20:58.265+0000] {logging_mixin.py:154} INFO - [2023-12-16T20:20:58.252+0000] {dagbag.py:536} INFO - Filling up the DagBag from /home/airflow/.local/lib/python3.8/site-packages/airflow/example_dags/example_skip_dag.py
[2023-12-16T20:20:58.398+0000] {processor.py:839} INFO - DAG(s) dict_keys(['example_skip_dag']) retrieved from /home/airflow/.local/lib/python3.8/site-packages/airflow/example_dags/example_skip_dag.py
[2023-12-16T20:20:58.536+0000] {logging_mixin.py:154} INFO - [2023-12-16T20:20:58.536+0000] {dag.py:2941} INFO - Sync 1 DAGs
[2023-12-16T20:20:58.663+0000] {logging_mixin.py:154} INFO - [2023-12-16T20:20:58.663+0000] {dag.py:3722} INFO - Setting next_dagrun for example_skip_dag to 2023-12-15T20:20:58.662824+00:00, run_after=2023-12-16T20:20:58.662824+00:00
[2023-12-16T20:20:58.833+0000] {processor.py:179} INFO - Processing /home/airflow/.local/lib/python3.8/site-packages/airflow/example_dags/example_skip_dag.py took 0.701 seconds
[2023-12-16T20:21:29.330+0000] {processor.py:157} INFO - Started process (PID=132) to work on /home/airflow/.local/lib/python3.8/site-packages/airflow/example_dags/example_skip_dag.py
[2023-12-16T20:21:29.335+0000] {processor.py:829} INFO - Processing file /home/airflow/.local/lib/python3.8/site-packages/airflow/example_dags/example_skip_dag.py for tasks to queue
[2023-12-16T20:21:29.385+0000] {logging_mixin.py:154} INFO - [2023-12-16T20:21:29.382+0000] {dagbag.py:536} INFO - Filling up the DagBag from /home/airflow/.local/lib/python3.8/site-packages/airflow/example_dags/example_skip_dag.py
[2023-12-16T20:21:29.428+0000] {processor.py:839} INFO - DAG(s) dict_keys(['example_skip_dag']) retrieved from /home/airflow/.local/lib/python3.8/site-packages/airflow/example_dags/example_skip_dag.py
[2023-12-16T20:21:29.553+0000] {logging_mixin.py:154} INFO - [2023-12-16T20:21:29.553+0000] {dag.py:2941} INFO - Sync 1 DAGs
[2023-12-16T20:21:29.729+0000] {logging_mixin.py:154} INFO - [2023-12-16T20:21:29.728+0000] {dag.py:3722} INFO - Setting next_dagrun for example_skip_dag to 2023-12-15T20:21:29.728444+00:00, run_after=2023-12-16T20:21:29.728444+00:00
[2023-12-16T20:21:29.915+0000] {processor.py:179} INFO - Processing /home/airflow/.local/lib/python3.8/site-packages/airflow/example_dags/example_skip_dag.py took 0.608 seconds
[2023-12-16T20:31:35.437+0000] {processor.py:157} INFO - Started process (PID=81) to work on /home/airflow/.local/lib/python3.8/site-packages/airflow/example_dags/example_skip_dag.py
[2023-12-16T20:31:35.441+0000] {processor.py:829} INFO - Processing file /home/airflow/.local/lib/python3.8/site-packages/airflow/example_dags/example_skip_dag.py for tasks to queue
[2023-12-16T20:31:35.452+0000] {logging_mixin.py:154} INFO - [2023-12-16T20:31:35.452+0000] {dagbag.py:536} INFO - Filling up the DagBag from /home/airflow/.local/lib/python3.8/site-packages/airflow/example_dags/example_skip_dag.py
[2023-12-16T20:31:35.519+0000] {processor.py:839} INFO - DAG(s) dict_keys(['example_skip_dag']) retrieved from /home/airflow/.local/lib/python3.8/site-packages/airflow/example_dags/example_skip_dag.py
[2023-12-16T20:31:35.642+0000] {logging_mixin.py:154} INFO - [2023-12-16T20:31:35.641+0000] {dag.py:2941} INFO - Sync 1 DAGs
[2023-12-16T20:31:35.694+0000] {logging_mixin.py:154} INFO - [2023-12-16T20:31:35.693+0000] {dag.py:3722} INFO - Setting next_dagrun for example_skip_dag to 2023-12-15T20:31:35.693154+00:00, run_after=2023-12-16T20:31:35.693154+00:00
[2023-12-16T20:31:35.745+0000] {processor.py:179} INFO - Processing /home/airflow/.local/lib/python3.8/site-packages/airflow/example_dags/example_skip_dag.py took 0.318 seconds
[2023-12-16T20:32:06.329+0000] {processor.py:157} INFO - Started process (PID=133) to work on /home/airflow/.local/lib/python3.8/site-packages/airflow/example_dags/example_skip_dag.py
[2023-12-16T20:32:06.362+0000] {processor.py:829} INFO - Processing file /home/airflow/.local/lib/python3.8/site-packages/airflow/example_dags/example_skip_dag.py for tasks to queue
[2023-12-16T20:32:06.384+0000] {logging_mixin.py:154} INFO - [2023-12-16T20:32:06.384+0000] {dagbag.py:536} INFO - Filling up the DagBag from /home/airflow/.local/lib/python3.8/site-packages/airflow/example_dags/example_skip_dag.py
[2023-12-16T20:32:06.431+0000] {processor.py:839} INFO - DAG(s) dict_keys(['example_skip_dag']) retrieved from /home/airflow/.local/lib/python3.8/site-packages/airflow/example_dags/example_skip_dag.py
[2023-12-16T20:32:06.523+0000] {logging_mixin.py:154} INFO - [2023-12-16T20:32:06.523+0000] {dag.py:2941} INFO - Sync 1 DAGs
[2023-12-16T20:32:06.763+0000] {logging_mixin.py:154} INFO - [2023-12-16T20:32:06.762+0000] {dag.py:3722} INFO - Setting next_dagrun for example_skip_dag to 2023-12-15T20:32:06.762294+00:00, run_after=2023-12-16T20:32:06.762294+00:00
[2023-12-16T20:32:06.884+0000] {processor.py:179} INFO - Processing /home/airflow/.local/lib/python3.8/site-packages/airflow/example_dags/example_skip_dag.py took 0.567 seconds
[2023-12-16T20:34:36.216+0000] {processor.py:157} INFO - Started process (PID=72) to work on /home/airflow/.local/lib/python3.8/site-packages/airflow/example_dags/example_skip_dag.py
[2023-12-16T20:34:36.246+0000] {processor.py:829} INFO - Processing file /home/airflow/.local/lib/python3.8/site-packages/airflow/example_dags/example_skip_dag.py for tasks to queue
[2023-12-16T20:34:36.253+0000] {logging_mixin.py:154} INFO - [2023-12-16T20:34:36.252+0000] {dagbag.py:536} INFO - Filling up the DagBag from /home/airflow/.local/lib/python3.8/site-packages/airflow/example_dags/example_skip_dag.py
[2023-12-16T20:34:36.361+0000] {processor.py:839} INFO - DAG(s) dict_keys(['example_skip_dag']) retrieved from /home/airflow/.local/lib/python3.8/site-packages/airflow/example_dags/example_skip_dag.py
[2023-12-16T20:34:36.650+0000] {logging_mixin.py:154} INFO - [2023-12-16T20:34:36.649+0000] {dag.py:2941} INFO - Sync 1 DAGs
[2023-12-16T20:34:37.171+0000] {logging_mixin.py:154} INFO - [2023-12-16T20:34:37.171+0000] {dag.py:3722} INFO - Setting next_dagrun for example_skip_dag to 2023-12-15T20:34:37.169004+00:00, run_after=2023-12-16T20:34:37.169004+00:00
[2023-12-16T20:34:37.371+0000] {processor.py:179} INFO - Processing /home/airflow/.local/lib/python3.8/site-packages/airflow/example_dags/example_skip_dag.py took 1.198 seconds
[2023-12-16T20:35:24.190+0000] {processor.py:157} INFO - Started process (PID=126) to work on /home/airflow/.local/lib/python3.8/site-packages/airflow/example_dags/example_skip_dag.py
[2023-12-16T20:35:24.207+0000] {processor.py:829} INFO - Processing file /home/airflow/.local/lib/python3.8/site-packages/airflow/example_dags/example_skip_dag.py for tasks to queue
[2023-12-16T20:35:24.238+0000] {logging_mixin.py:154} INFO - [2023-12-16T20:35:24.229+0000] {dagbag.py:536} INFO - Filling up the DagBag from /home/airflow/.local/lib/python3.8/site-packages/airflow/example_dags/example_skip_dag.py
[2023-12-16T20:35:24.287+0000] {processor.py:839} INFO - DAG(s) dict_keys(['example_skip_dag']) retrieved from /home/airflow/.local/lib/python3.8/site-packages/airflow/example_dags/example_skip_dag.py
[2023-12-16T20:35:24.398+0000] {logging_mixin.py:154} INFO - [2023-12-16T20:35:24.397+0000] {dag.py:2941} INFO - Sync 1 DAGs
[2023-12-16T20:35:24.509+0000] {logging_mixin.py:154} INFO - [2023-12-16T20:35:24.508+0000] {dag.py:3722} INFO - Setting next_dagrun for example_skip_dag to 2023-12-15T20:35:24.507813+00:00, run_after=2023-12-16T20:35:24.507813+00:00
[2023-12-16T20:35:24.595+0000] {processor.py:179} INFO - Processing /home/airflow/.local/lib/python3.8/site-packages/airflow/example_dags/example_skip_dag.py took 0.444 seconds
[2023-12-16T21:01:06.684+0000] {processor.py:157} INFO - Started process (PID=80) to work on /home/airflow/.local/lib/python3.8/site-packages/airflow/example_dags/example_skip_dag.py
[2023-12-16T21:01:06.688+0000] {processor.py:829} INFO - Processing file /home/airflow/.local/lib/python3.8/site-packages/airflow/example_dags/example_skip_dag.py for tasks to queue
[2023-12-16T21:01:06.702+0000] {logging_mixin.py:154} INFO - [2023-12-16T21:01:06.702+0000] {dagbag.py:536} INFO - Filling up the DagBag from /home/airflow/.local/lib/python3.8/site-packages/airflow/example_dags/example_skip_dag.py
[2023-12-16T21:01:06.748+0000] {processor.py:839} INFO - DAG(s) dict_keys(['example_skip_dag']) retrieved from /home/airflow/.local/lib/python3.8/site-packages/airflow/example_dags/example_skip_dag.py
[2023-12-16T21:01:06.833+0000] {logging_mixin.py:154} INFO - [2023-12-16T21:01:06.832+0000] {dag.py:2941} INFO - Sync 1 DAGs
[2023-12-16T21:01:06.913+0000] {logging_mixin.py:154} INFO - [2023-12-16T21:01:06.913+0000] {dag.py:3722} INFO - Setting next_dagrun for example_skip_dag to 2023-12-15T21:01:06.912606+00:00, run_after=2023-12-16T21:01:06.912606+00:00
[2023-12-16T21:01:06.999+0000] {processor.py:179} INFO - Processing /home/airflow/.local/lib/python3.8/site-packages/airflow/example_dags/example_skip_dag.py took 0.349 seconds
[2023-12-16T21:01:38.623+0000] {processor.py:157} INFO - Started process (PID=134) to work on /home/airflow/.local/lib/python3.8/site-packages/airflow/example_dags/example_skip_dag.py
[2023-12-16T21:01:38.627+0000] {processor.py:829} INFO - Processing file /home/airflow/.local/lib/python3.8/site-packages/airflow/example_dags/example_skip_dag.py for tasks to queue
[2023-12-16T21:01:38.652+0000] {logging_mixin.py:154} INFO - [2023-12-16T21:01:38.641+0000] {dagbag.py:536} INFO - Filling up the DagBag from /home/airflow/.local/lib/python3.8/site-packages/airflow/example_dags/example_skip_dag.py
[2023-12-16T21:01:38.713+0000] {processor.py:839} INFO - DAG(s) dict_keys(['example_skip_dag']) retrieved from /home/airflow/.local/lib/python3.8/site-packages/airflow/example_dags/example_skip_dag.py
[2023-12-16T21:01:38.867+0000] {logging_mixin.py:154} INFO - [2023-12-16T21:01:38.866+0000] {dag.py:2941} INFO - Sync 1 DAGs
[2023-12-16T21:01:38.984+0000] {logging_mixin.py:154} INFO - [2023-12-16T21:01:38.982+0000] {dag.py:3722} INFO - Setting next_dagrun for example_skip_dag to 2023-12-15T21:01:38.975323+00:00, run_after=2023-12-16T21:01:38.975323+00:00
[2023-12-16T21:01:39.114+0000] {processor.py:179} INFO - Processing /home/airflow/.local/lib/python3.8/site-packages/airflow/example_dags/example_skip_dag.py took 0.528 seconds
[2023-12-16T21:02:09.516+0000] {processor.py:157} INFO - Started process (PID=188) to work on /home/airflow/.local/lib/python3.8/site-packages/airflow/example_dags/example_skip_dag.py
[2023-12-16T21:02:09.549+0000] {processor.py:829} INFO - Processing file /home/airflow/.local/lib/python3.8/site-packages/airflow/example_dags/example_skip_dag.py for tasks to queue
[2023-12-16T21:02:09.567+0000] {logging_mixin.py:154} INFO - [2023-12-16T21:02:09.566+0000] {dagbag.py:536} INFO - Filling up the DagBag from /home/airflow/.local/lib/python3.8/site-packages/airflow/example_dags/example_skip_dag.py
[2023-12-16T21:02:09.603+0000] {processor.py:839} INFO - DAG(s) dict_keys(['example_skip_dag']) retrieved from /home/airflow/.local/lib/python3.8/site-packages/airflow/example_dags/example_skip_dag.py
[2023-12-16T21:02:09.926+0000] {logging_mixin.py:154} INFO - [2023-12-16T21:02:09.926+0000] {dag.py:2941} INFO - Sync 1 DAGs
[2023-12-16T21:02:10.125+0000] {logging_mixin.py:154} INFO - [2023-12-16T21:02:10.125+0000] {dag.py:3722} INFO - Setting next_dagrun for example_skip_dag to 2023-12-15T21:02:10.124899+00:00, run_after=2023-12-16T21:02:10.124899+00:00
[2023-12-16T21:02:10.322+0000] {processor.py:179} INFO - Processing /home/airflow/.local/lib/python3.8/site-packages/airflow/example_dags/example_skip_dag.py took 0.814 seconds
[2023-12-16T21:07:10.664+0000] {processor.py:157} INFO - Started process (PID=74) to work on /home/airflow/.local/lib/python3.8/site-packages/airflow/example_dags/example_skip_dag.py
[2023-12-16T21:07:10.669+0000] {processor.py:829} INFO - Processing file /home/airflow/.local/lib/python3.8/site-packages/airflow/example_dags/example_skip_dag.py for tasks to queue
[2023-12-16T21:07:10.677+0000] {logging_mixin.py:154} INFO - [2023-12-16T21:07:10.677+0000] {dagbag.py:536} INFO - Filling up the DagBag from /home/airflow/.local/lib/python3.8/site-packages/airflow/example_dags/example_skip_dag.py
[2023-12-16T21:07:10.721+0000] {processor.py:839} INFO - DAG(s) dict_keys(['example_skip_dag']) retrieved from /home/airflow/.local/lib/python3.8/site-packages/airflow/example_dags/example_skip_dag.py
[2023-12-16T21:07:10.816+0000] {logging_mixin.py:154} INFO - [2023-12-16T21:07:10.816+0000] {dag.py:2941} INFO - Sync 1 DAGs
[2023-12-16T21:07:10.914+0000] {logging_mixin.py:154} INFO - [2023-12-16T21:07:10.913+0000] {dag.py:3722} INFO - Setting next_dagrun for example_skip_dag to 2023-12-15T21:07:10.913290+00:00, run_after=2023-12-16T21:07:10.913290+00:00
[2023-12-16T21:07:11.023+0000] {processor.py:179} INFO - Processing /home/airflow/.local/lib/python3.8/site-packages/airflow/example_dags/example_skip_dag.py took 0.371 seconds
[2023-12-16T21:07:41.128+0000] {processor.py:157} INFO - Started process (PID=128) to work on /home/airflow/.local/lib/python3.8/site-packages/airflow/example_dags/example_skip_dag.py
[2023-12-16T21:07:41.131+0000] {processor.py:829} INFO - Processing file /home/airflow/.local/lib/python3.8/site-packages/airflow/example_dags/example_skip_dag.py for tasks to queue
[2023-12-16T21:07:41.137+0000] {logging_mixin.py:154} INFO - [2023-12-16T21:07:41.136+0000] {dagbag.py:536} INFO - Filling up the DagBag from /home/airflow/.local/lib/python3.8/site-packages/airflow/example_dags/example_skip_dag.py
[2023-12-16T21:07:41.155+0000] {processor.py:839} INFO - DAG(s) dict_keys(['example_skip_dag']) retrieved from /home/airflow/.local/lib/python3.8/site-packages/airflow/example_dags/example_skip_dag.py
[2023-12-16T21:07:41.204+0000] {logging_mixin.py:154} INFO - [2023-12-16T21:07:41.203+0000] {dag.py:2941} INFO - Sync 1 DAGs
[2023-12-16T21:07:41.241+0000] {logging_mixin.py:154} INFO - [2023-12-16T21:07:41.240+0000] {dag.py:3722} INFO - Setting next_dagrun for example_skip_dag to 2023-12-15T21:07:41.240395+00:00, run_after=2023-12-16T21:07:41.240395+00:00
[2023-12-16T21:07:41.274+0000] {processor.py:179} INFO - Processing /home/airflow/.local/lib/python3.8/site-packages/airflow/example_dags/example_skip_dag.py took 0.153 seconds
[2023-12-16T21:08:12.380+0000] {processor.py:157} INFO - Started process (PID=182) to work on /home/airflow/.local/lib/python3.8/site-packages/airflow/example_dags/example_skip_dag.py
[2023-12-16T21:08:12.384+0000] {processor.py:829} INFO - Processing file /home/airflow/.local/lib/python3.8/site-packages/airflow/example_dags/example_skip_dag.py for tasks to queue
[2023-12-16T21:08:12.400+0000] {logging_mixin.py:154} INFO - [2023-12-16T21:08:12.400+0000] {dagbag.py:536} INFO - Filling up the DagBag from /home/airflow/.local/lib/python3.8/site-packages/airflow/example_dags/example_skip_dag.py
[2023-12-16T21:08:12.436+0000] {processor.py:839} INFO - DAG(s) dict_keys(['example_skip_dag']) retrieved from /home/airflow/.local/lib/python3.8/site-packages/airflow/example_dags/example_skip_dag.py
[2023-12-16T21:08:12.527+0000] {logging_mixin.py:154} INFO - [2023-12-16T21:08:12.527+0000] {dag.py:2941} INFO - Sync 1 DAGs
[2023-12-16T21:08:12.626+0000] {logging_mixin.py:154} INFO - [2023-12-16T21:08:12.625+0000] {dag.py:3722} INFO - Setting next_dagrun for example_skip_dag to 2023-12-15T21:08:12.624441+00:00, run_after=2023-12-16T21:08:12.624441+00:00
[2023-12-16T21:08:12.710+0000] {processor.py:179} INFO - Processing /home/airflow/.local/lib/python3.8/site-packages/airflow/example_dags/example_skip_dag.py took 0.340 seconds
[2023-12-16T21:08:43.392+0000] {processor.py:157} INFO - Started process (PID=236) to work on /home/airflow/.local/lib/python3.8/site-packages/airflow/example_dags/example_skip_dag.py
[2023-12-16T21:08:43.396+0000] {processor.py:829} INFO - Processing file /home/airflow/.local/lib/python3.8/site-packages/airflow/example_dags/example_skip_dag.py for tasks to queue
[2023-12-16T21:08:43.401+0000] {logging_mixin.py:154} INFO - [2023-12-16T21:08:43.400+0000] {dagbag.py:536} INFO - Filling up the DagBag from /home/airflow/.local/lib/python3.8/site-packages/airflow/example_dags/example_skip_dag.py
[2023-12-16T21:08:43.420+0000] {processor.py:839} INFO - DAG(s) dict_keys(['example_skip_dag']) retrieved from /home/airflow/.local/lib/python3.8/site-packages/airflow/example_dags/example_skip_dag.py
[2023-12-16T21:08:43.514+0000] {logging_mixin.py:154} INFO - [2023-12-16T21:08:43.514+0000] {dag.py:2941} INFO - Sync 1 DAGs
[2023-12-16T21:08:43.683+0000] {logging_mixin.py:154} INFO - [2023-12-16T21:08:43.682+0000] {dag.py:3722} INFO - Setting next_dagrun for example_skip_dag to 2023-12-15T21:08:43.682236+00:00, run_after=2023-12-16T21:08:43.682236+00:00
[2023-12-16T21:08:43.741+0000] {processor.py:179} INFO - Processing /home/airflow/.local/lib/python3.8/site-packages/airflow/example_dags/example_skip_dag.py took 0.360 seconds
[2023-12-16T21:09:13.966+0000] {processor.py:157} INFO - Started process (PID=290) to work on /home/airflow/.local/lib/python3.8/site-packages/airflow/example_dags/example_skip_dag.py
[2023-12-16T21:09:13.968+0000] {processor.py:829} INFO - Processing file /home/airflow/.local/lib/python3.8/site-packages/airflow/example_dags/example_skip_dag.py for tasks to queue
[2023-12-16T21:09:13.975+0000] {logging_mixin.py:154} INFO - [2023-12-16T21:09:13.974+0000] {dagbag.py:536} INFO - Filling up the DagBag from /home/airflow/.local/lib/python3.8/site-packages/airflow/example_dags/example_skip_dag.py
[2023-12-16T21:09:14.011+0000] {processor.py:839} INFO - DAG(s) dict_keys(['example_skip_dag']) retrieved from /home/airflow/.local/lib/python3.8/site-packages/airflow/example_dags/example_skip_dag.py
[2023-12-16T21:09:14.089+0000] {logging_mixin.py:154} INFO - [2023-12-16T21:09:14.089+0000] {dag.py:2941} INFO - Sync 1 DAGs
[2023-12-16T21:09:14.152+0000] {logging_mixin.py:154} INFO - [2023-12-16T21:09:14.152+0000] {dag.py:3722} INFO - Setting next_dagrun for example_skip_dag to 2023-12-15T21:09:14.152274+00:00, run_after=2023-12-16T21:09:14.152274+00:00
[2023-12-16T21:09:14.186+0000] {processor.py:179} INFO - Processing /home/airflow/.local/lib/python3.8/site-packages/airflow/example_dags/example_skip_dag.py took 0.241 seconds
[2023-12-16T21:09:44.775+0000] {processor.py:157} INFO - Started process (PID=344) to work on /home/airflow/.local/lib/python3.8/site-packages/airflow/example_dags/example_skip_dag.py
[2023-12-16T21:09:44.787+0000] {processor.py:829} INFO - Processing file /home/airflow/.local/lib/python3.8/site-packages/airflow/example_dags/example_skip_dag.py for tasks to queue
[2023-12-16T21:09:44.836+0000] {logging_mixin.py:154} INFO - [2023-12-16T21:09:44.834+0000] {dagbag.py:536} INFO - Filling up the DagBag from /home/airflow/.local/lib/python3.8/site-packages/airflow/example_dags/example_skip_dag.py
[2023-12-16T21:09:44.866+0000] {processor.py:839} INFO - DAG(s) dict_keys(['example_skip_dag']) retrieved from /home/airflow/.local/lib/python3.8/site-packages/airflow/example_dags/example_skip_dag.py
[2023-12-16T21:09:44.990+0000] {logging_mixin.py:154} INFO - [2023-12-16T21:09:44.989+0000] {dag.py:2941} INFO - Sync 1 DAGs
[2023-12-16T21:09:45.165+0000] {logging_mixin.py:154} INFO - [2023-12-16T21:09:45.161+0000] {dag.py:3722} INFO - Setting next_dagrun for example_skip_dag to 2023-12-15T21:09:45.154133+00:00, run_after=2023-12-16T21:09:45.154133+00:00
[2023-12-16T21:09:45.344+0000] {processor.py:179} INFO - Processing /home/airflow/.local/lib/python3.8/site-packages/airflow/example_dags/example_skip_dag.py took 0.575 seconds
[2023-12-16T21:10:15.904+0000] {processor.py:157} INFO - Started process (PID=398) to work on /home/airflow/.local/lib/python3.8/site-packages/airflow/example_dags/example_skip_dag.py
[2023-12-16T21:10:15.907+0000] {processor.py:829} INFO - Processing file /home/airflow/.local/lib/python3.8/site-packages/airflow/example_dags/example_skip_dag.py for tasks to queue
[2023-12-16T21:10:15.913+0000] {logging_mixin.py:154} INFO - [2023-12-16T21:10:15.913+0000] {dagbag.py:536} INFO - Filling up the DagBag from /home/airflow/.local/lib/python3.8/site-packages/airflow/example_dags/example_skip_dag.py
[2023-12-16T21:10:15.928+0000] {processor.py:839} INFO - DAG(s) dict_keys(['example_skip_dag']) retrieved from /home/airflow/.local/lib/python3.8/site-packages/airflow/example_dags/example_skip_dag.py
[2023-12-16T21:10:15.980+0000] {logging_mixin.py:154} INFO - [2023-12-16T21:10:15.979+0000] {dag.py:2941} INFO - Sync 1 DAGs
[2023-12-16T21:10:16.045+0000] {logging_mixin.py:154} INFO - [2023-12-16T21:10:16.045+0000] {dag.py:3722} INFO - Setting next_dagrun for example_skip_dag to 2023-12-15T21:10:16.044887+00:00, run_after=2023-12-16T21:10:16.044887+00:00
[2023-12-16T21:10:16.087+0000] {processor.py:179} INFO - Processing /home/airflow/.local/lib/python3.8/site-packages/airflow/example_dags/example_skip_dag.py took 0.191 seconds
[2023-12-16T21:10:46.158+0000] {processor.py:157} INFO - Started process (PID=453) to work on /home/airflow/.local/lib/python3.8/site-packages/airflow/example_dags/example_skip_dag.py
[2023-12-16T21:10:46.159+0000] {processor.py:829} INFO - Processing file /home/airflow/.local/lib/python3.8/site-packages/airflow/example_dags/example_skip_dag.py for tasks to queue
[2023-12-16T21:10:46.164+0000] {logging_mixin.py:154} INFO - [2023-12-16T21:10:46.163+0000] {dagbag.py:536} INFO - Filling up the DagBag from /home/airflow/.local/lib/python3.8/site-packages/airflow/example_dags/example_skip_dag.py
[2023-12-16T21:10:46.176+0000] {processor.py:839} INFO - DAG(s) dict_keys(['example_skip_dag']) retrieved from /home/airflow/.local/lib/python3.8/site-packages/airflow/example_dags/example_skip_dag.py
[2023-12-16T21:10:46.217+0000] {logging_mixin.py:154} INFO - [2023-12-16T21:10:46.216+0000] {dag.py:2941} INFO - Sync 1 DAGs
[2023-12-16T21:10:46.327+0000] {logging_mixin.py:154} INFO - [2023-12-16T21:10:46.326+0000] {dag.py:3722} INFO - Setting next_dagrun for example_skip_dag to 2023-12-15T21:10:46.326276+00:00, run_after=2023-12-16T21:10:46.326276+00:00
[2023-12-16T21:10:46.445+0000] {processor.py:179} INFO - Processing /home/airflow/.local/lib/python3.8/site-packages/airflow/example_dags/example_skip_dag.py took 0.292 seconds
[2023-12-16T21:11:16.865+0000] {processor.py:157} INFO - Started process (PID=507) to work on /home/airflow/.local/lib/python3.8/site-packages/airflow/example_dags/example_skip_dag.py
[2023-12-16T21:11:16.867+0000] {processor.py:829} INFO - Processing file /home/airflow/.local/lib/python3.8/site-packages/airflow/example_dags/example_skip_dag.py for tasks to queue
[2023-12-16T21:11:16.873+0000] {logging_mixin.py:154} INFO - [2023-12-16T21:11:16.872+0000] {dagbag.py:536} INFO - Filling up the DagBag from /home/airflow/.local/lib/python3.8/site-packages/airflow/example_dags/example_skip_dag.py
[2023-12-16T21:11:16.886+0000] {processor.py:839} INFO - DAG(s) dict_keys(['example_skip_dag']) retrieved from /home/airflow/.local/lib/python3.8/site-packages/airflow/example_dags/example_skip_dag.py
[2023-12-16T21:11:16.920+0000] {logging_mixin.py:154} INFO - [2023-12-16T21:11:16.920+0000] {dag.py:2941} INFO - Sync 1 DAGs
[2023-12-16T21:11:16.956+0000] {logging_mixin.py:154} INFO - [2023-12-16T21:11:16.955+0000] {dag.py:3722} INFO - Setting next_dagrun for example_skip_dag to 2023-12-15T21:11:16.955337+00:00, run_after=2023-12-16T21:11:16.955337+00:00
[2023-12-16T21:11:16.986+0000] {processor.py:179} INFO - Processing /home/airflow/.local/lib/python3.8/site-packages/airflow/example_dags/example_skip_dag.py took 0.125 seconds
[2023-12-16T21:11:47.359+0000] {processor.py:157} INFO - Started process (PID=561) to work on /home/airflow/.local/lib/python3.8/site-packages/airflow/example_dags/example_skip_dag.py
[2023-12-16T21:11:47.361+0000] {processor.py:829} INFO - Processing file /home/airflow/.local/lib/python3.8/site-packages/airflow/example_dags/example_skip_dag.py for tasks to queue
[2023-12-16T21:11:47.365+0000] {logging_mixin.py:154} INFO - [2023-12-16T21:11:47.365+0000] {dagbag.py:536} INFO - Filling up the DagBag from /home/airflow/.local/lib/python3.8/site-packages/airflow/example_dags/example_skip_dag.py
[2023-12-16T21:11:47.376+0000] {processor.py:839} INFO - DAG(s) dict_keys(['example_skip_dag']) retrieved from /home/airflow/.local/lib/python3.8/site-packages/airflow/example_dags/example_skip_dag.py
[2023-12-16T21:11:47.415+0000] {logging_mixin.py:154} INFO - [2023-12-16T21:11:47.415+0000] {dag.py:2941} INFO - Sync 1 DAGs
[2023-12-16T21:11:47.458+0000] {logging_mixin.py:154} INFO - [2023-12-16T21:11:47.458+0000] {dag.py:3722} INFO - Setting next_dagrun for example_skip_dag to 2023-12-15T21:11:47.457553+00:00, run_after=2023-12-16T21:11:47.457553+00:00
[2023-12-16T21:11:47.499+0000] {processor.py:179} INFO - Processing /home/airflow/.local/lib/python3.8/site-packages/airflow/example_dags/example_skip_dag.py took 0.147 seconds
[2023-12-16T21:12:18.296+0000] {processor.py:157} INFO - Started process (PID=615) to work on /home/airflow/.local/lib/python3.8/site-packages/airflow/example_dags/example_skip_dag.py
[2023-12-16T21:12:18.298+0000] {processor.py:829} INFO - Processing file /home/airflow/.local/lib/python3.8/site-packages/airflow/example_dags/example_skip_dag.py for tasks to queue
[2023-12-16T21:12:18.314+0000] {logging_mixin.py:154} INFO - [2023-12-16T21:12:18.314+0000] {dagbag.py:536} INFO - Filling up the DagBag from /home/airflow/.local/lib/python3.8/site-packages/airflow/example_dags/example_skip_dag.py
[2023-12-16T21:12:18.359+0000] {processor.py:839} INFO - DAG(s) dict_keys(['example_skip_dag']) retrieved from /home/airflow/.local/lib/python3.8/site-packages/airflow/example_dags/example_skip_dag.py
[2023-12-16T21:12:18.449+0000] {logging_mixin.py:154} INFO - [2023-12-16T21:12:18.449+0000] {dag.py:2941} INFO - Sync 1 DAGs
[2023-12-16T21:12:18.504+0000] {logging_mixin.py:154} INFO - [2023-12-16T21:12:18.504+0000] {dag.py:3722} INFO - Setting next_dagrun for example_skip_dag to 2023-12-15T21:12:18.503462+00:00, run_after=2023-12-16T21:12:18.503462+00:00
[2023-12-16T21:12:18.572+0000] {processor.py:179} INFO - Processing /home/airflow/.local/lib/python3.8/site-packages/airflow/example_dags/example_skip_dag.py took 0.284 seconds
[2023-12-16T21:12:49.020+0000] {processor.py:157} INFO - Started process (PID=669) to work on /home/airflow/.local/lib/python3.8/site-packages/airflow/example_dags/example_skip_dag.py
[2023-12-16T21:12:49.027+0000] {processor.py:829} INFO - Processing file /home/airflow/.local/lib/python3.8/site-packages/airflow/example_dags/example_skip_dag.py for tasks to queue
[2023-12-16T21:12:49.038+0000] {logging_mixin.py:154} INFO - [2023-12-16T21:12:49.037+0000] {dagbag.py:536} INFO - Filling up the DagBag from /home/airflow/.local/lib/python3.8/site-packages/airflow/example_dags/example_skip_dag.py
[2023-12-16T21:12:49.072+0000] {processor.py:839} INFO - DAG(s) dict_keys(['example_skip_dag']) retrieved from /home/airflow/.local/lib/python3.8/site-packages/airflow/example_dags/example_skip_dag.py
[2023-12-16T21:12:49.207+0000] {logging_mixin.py:154} INFO - [2023-12-16T21:12:49.207+0000] {dag.py:2941} INFO - Sync 1 DAGs
[2023-12-16T21:12:49.257+0000] {logging_mixin.py:154} INFO - [2023-12-16T21:12:49.256+0000] {dag.py:3722} INFO - Setting next_dagrun for example_skip_dag to 2023-12-15T21:12:49.256274+00:00, run_after=2023-12-16T21:12:49.256274+00:00
[2023-12-16T21:12:49.294+0000] {processor.py:179} INFO - Processing /home/airflow/.local/lib/python3.8/site-packages/airflow/example_dags/example_skip_dag.py took 0.292 seconds
