[2023-12-16T19:22:09.247+0000] {processor.py:157} INFO - Started process (PID=68) to work on /home/airflow/.local/lib/python3.8/site-packages/airflow/example_dags/example_task_group.py
[2023-12-16T19:22:09.279+0000] {processor.py:829} INFO - Processing file /home/airflow/.local/lib/python3.8/site-packages/airflow/example_dags/example_task_group.py for tasks to queue
[2023-12-16T19:22:09.296+0000] {logging_mixin.py:154} INFO - [2023-12-16T19:22:09.295+0000] {dagbag.py:536} INFO - Filling up the DagBag from /home/airflow/.local/lib/python3.8/site-packages/airflow/example_dags/example_task_group.py
[2023-12-16T19:22:09.420+0000] {processor.py:839} INFO - DAG(s) dict_keys(['example_task_group']) retrieved from /home/airflow/.local/lib/python3.8/site-packages/airflow/example_dags/example_task_group.py
[2023-12-16T19:22:09.662+0000] {logging_mixin.py:154} INFO - [2023-12-16T19:22:09.662+0000] {dag.py:2941} INFO - Sync 1 DAGs
[2023-12-16T19:22:09.917+0000] {logging_mixin.py:154} INFO - [2023-12-16T19:22:09.917+0000] {dag.py:3722} INFO - Setting next_dagrun for example_task_group to 2023-12-15T19:22:09.916561+00:00, run_after=2023-12-16T19:22:09.916561+00:00
[2023-12-16T19:22:09.997+0000] {processor.py:179} INFO - Processing /home/airflow/.local/lib/python3.8/site-packages/airflow/example_dags/example_task_group.py took 0.884 seconds
[2023-12-16T19:23:28.333+0000] {processor.py:157} INFO - Started process (PID=128) to work on /home/airflow/.local/lib/python3.8/site-packages/airflow/example_dags/example_task_group.py
[2023-12-16T19:23:28.339+0000] {processor.py:829} INFO - Processing file /home/airflow/.local/lib/python3.8/site-packages/airflow/example_dags/example_task_group.py for tasks to queue
[2023-12-16T19:23:28.352+0000] {logging_mixin.py:154} INFO - [2023-12-16T19:23:28.345+0000] {dagbag.py:536} INFO - Filling up the DagBag from /home/airflow/.local/lib/python3.8/site-packages/airflow/example_dags/example_task_group.py
[2023-12-16T19:23:28.416+0000] {processor.py:839} INFO - DAG(s) dict_keys(['example_task_group']) retrieved from /home/airflow/.local/lib/python3.8/site-packages/airflow/example_dags/example_task_group.py
[2023-12-16T19:23:28.672+0000] {logging_mixin.py:154} INFO - [2023-12-16T19:23:28.644+0000] {dag.py:2941} INFO - Sync 1 DAGs
[2023-12-16T19:23:28.926+0000] {logging_mixin.py:154} INFO - [2023-12-16T19:23:28.926+0000] {dag.py:3722} INFO - Setting next_dagrun for example_task_group to 2023-12-15T19:23:28.925700+00:00, run_after=2023-12-16T19:23:28.925700+00:00
[2023-12-16T19:23:29.101+0000] {processor.py:179} INFO - Processing /home/airflow/.local/lib/python3.8/site-packages/airflow/example_dags/example_task_group.py took 0.783 seconds
[2023-12-16T19:23:59.299+0000] {processor.py:157} INFO - Started process (PID=182) to work on /home/airflow/.local/lib/python3.8/site-packages/airflow/example_dags/example_task_group.py
[2023-12-16T19:23:59.329+0000] {processor.py:829} INFO - Processing file /home/airflow/.local/lib/python3.8/site-packages/airflow/example_dags/example_task_group.py for tasks to queue
[2023-12-16T19:23:59.354+0000] {logging_mixin.py:154} INFO - [2023-12-16T19:23:59.352+0000] {dagbag.py:536} INFO - Filling up the DagBag from /home/airflow/.local/lib/python3.8/site-packages/airflow/example_dags/example_task_group.py
[2023-12-16T19:23:59.443+0000] {processor.py:839} INFO - DAG(s) dict_keys(['example_task_group']) retrieved from /home/airflow/.local/lib/python3.8/site-packages/airflow/example_dags/example_task_group.py
[2023-12-16T19:23:59.518+0000] {logging_mixin.py:154} INFO - [2023-12-16T19:23:59.517+0000] {dag.py:2941} INFO - Sync 1 DAGs
[2023-12-16T19:23:59.596+0000] {logging_mixin.py:154} INFO - [2023-12-16T19:23:59.595+0000] {dag.py:3722} INFO - Setting next_dagrun for example_task_group to 2023-12-15T19:23:59.593628+00:00, run_after=2023-12-16T19:23:59.593628+00:00
[2023-12-16T19:23:59.655+0000] {processor.py:179} INFO - Processing /home/airflow/.local/lib/python3.8/site-packages/airflow/example_dags/example_task_group.py took 0.381 seconds
[2023-12-16T19:35:53.675+0000] {processor.py:157} INFO - Started process (PID=75) to work on /home/airflow/.local/lib/python3.8/site-packages/airflow/example_dags/example_task_group.py
[2023-12-16T19:35:53.687+0000] {processor.py:829} INFO - Processing file /home/airflow/.local/lib/python3.8/site-packages/airflow/example_dags/example_task_group.py for tasks to queue
[2023-12-16T19:35:53.693+0000] {logging_mixin.py:154} INFO - [2023-12-16T19:35:53.692+0000] {dagbag.py:536} INFO - Filling up the DagBag from /home/airflow/.local/lib/python3.8/site-packages/airflow/example_dags/example_task_group.py
[2023-12-16T19:35:53.765+0000] {processor.py:839} INFO - DAG(s) dict_keys(['example_task_group']) retrieved from /home/airflow/.local/lib/python3.8/site-packages/airflow/example_dags/example_task_group.py
[2023-12-16T19:35:53.956+0000] {logging_mixin.py:154} INFO - [2023-12-16T19:35:53.956+0000] {dag.py:2941} INFO - Sync 1 DAGs
[2023-12-16T19:35:54.215+0000] {logging_mixin.py:154} INFO - [2023-12-16T19:35:54.215+0000] {dag.py:3722} INFO - Setting next_dagrun for example_task_group to 2023-12-15T19:35:54.214588+00:00, run_after=2023-12-16T19:35:54.214588+00:00
[2023-12-16T19:35:54.462+0000] {processor.py:179} INFO - Processing /home/airflow/.local/lib/python3.8/site-packages/airflow/example_dags/example_task_group.py took 0.795 seconds
[2023-12-16T19:36:47.441+0000] {processor.py:157} INFO - Started process (PID=136) to work on /home/airflow/.local/lib/python3.8/site-packages/airflow/example_dags/example_task_group.py
[2023-12-16T19:36:47.444+0000] {processor.py:829} INFO - Processing file /home/airflow/.local/lib/python3.8/site-packages/airflow/example_dags/example_task_group.py for tasks to queue
[2023-12-16T19:36:47.450+0000] {logging_mixin.py:154} INFO - [2023-12-16T19:36:47.449+0000] {dagbag.py:536} INFO - Filling up the DagBag from /home/airflow/.local/lib/python3.8/site-packages/airflow/example_dags/example_task_group.py
[2023-12-16T19:36:47.510+0000] {processor.py:839} INFO - DAG(s) dict_keys(['example_task_group']) retrieved from /home/airflow/.local/lib/python3.8/site-packages/airflow/example_dags/example_task_group.py
[2023-12-16T19:36:47.852+0000] {logging_mixin.py:154} INFO - [2023-12-16T19:36:47.851+0000] {dag.py:2941} INFO - Sync 1 DAGs
[2023-12-16T19:36:48.150+0000] {logging_mixin.py:154} INFO - [2023-12-16T19:36:48.150+0000] {dag.py:3722} INFO - Setting next_dagrun for example_task_group to 2023-12-15T19:36:48.149573+00:00, run_after=2023-12-16T19:36:48.149573+00:00
[2023-12-16T19:36:48.419+0000] {processor.py:179} INFO - Processing /home/airflow/.local/lib/python3.8/site-packages/airflow/example_dags/example_task_group.py took 1.002 seconds
[2023-12-16T19:37:22.613+0000] {processor.py:157} INFO - Started process (PID=190) to work on /home/airflow/.local/lib/python3.8/site-packages/airflow/example_dags/example_task_group.py
[2023-12-16T19:37:22.624+0000] {processor.py:829} INFO - Processing file /home/airflow/.local/lib/python3.8/site-packages/airflow/example_dags/example_task_group.py for tasks to queue
[2023-12-16T19:37:22.674+0000] {logging_mixin.py:154} INFO - [2023-12-16T19:37:22.650+0000] {dagbag.py:536} INFO - Filling up the DagBag from /home/airflow/.local/lib/python3.8/site-packages/airflow/example_dags/example_task_group.py
[2023-12-16T19:37:22.850+0000] {processor.py:839} INFO - DAG(s) dict_keys(['example_task_group']) retrieved from /home/airflow/.local/lib/python3.8/site-packages/airflow/example_dags/example_task_group.py
[2023-12-16T19:37:23.334+0000] {logging_mixin.py:154} INFO - [2023-12-16T19:37:23.334+0000] {dag.py:2941} INFO - Sync 1 DAGs
[2023-12-16T19:37:24.004+0000] {logging_mixin.py:154} INFO - [2023-12-16T19:37:24.003+0000] {dag.py:3722} INFO - Setting next_dagrun for example_task_group to 2023-12-15T19:37:24.002110+00:00, run_after=2023-12-16T19:37:24.002110+00:00
[2023-12-16T19:37:24.823+0000] {processor.py:179} INFO - Processing /home/airflow/.local/lib/python3.8/site-packages/airflow/example_dags/example_task_group.py took 2.259 seconds
[2023-12-16T19:43:50.703+0000] {processor.py:157} INFO - Started process (PID=75) to work on /home/airflow/.local/lib/python3.8/site-packages/airflow/example_dags/example_task_group.py
[2023-12-16T19:43:50.710+0000] {processor.py:829} INFO - Processing file /home/airflow/.local/lib/python3.8/site-packages/airflow/example_dags/example_task_group.py for tasks to queue
[2023-12-16T19:43:50.713+0000] {logging_mixin.py:154} INFO - [2023-12-16T19:43:50.712+0000] {dagbag.py:536} INFO - Filling up the DagBag from /home/airflow/.local/lib/python3.8/site-packages/airflow/example_dags/example_task_group.py
[2023-12-16T19:43:50.823+0000] {processor.py:839} INFO - DAG(s) dict_keys(['example_task_group']) retrieved from /home/airflow/.local/lib/python3.8/site-packages/airflow/example_dags/example_task_group.py
[2023-12-16T19:43:51.028+0000] {logging_mixin.py:154} INFO - [2023-12-16T19:43:51.028+0000] {dag.py:2941} INFO - Sync 1 DAGs
[2023-12-16T19:43:51.125+0000] {logging_mixin.py:154} INFO - [2023-12-16T19:43:51.125+0000] {dag.py:3722} INFO - Setting next_dagrun for example_task_group to 2023-12-15T19:43:51.122160+00:00, run_after=2023-12-16T19:43:51.122160+00:00
[2023-12-16T19:43:51.415+0000] {processor.py:179} INFO - Processing /home/airflow/.local/lib/python3.8/site-packages/airflow/example_dags/example_task_group.py took 0.725 seconds
[2023-12-16T19:44:37.385+0000] {processor.py:157} INFO - Started process (PID=128) to work on /home/airflow/.local/lib/python3.8/site-packages/airflow/example_dags/example_task_group.py
[2023-12-16T19:44:37.521+0000] {processor.py:829} INFO - Processing file /home/airflow/.local/lib/python3.8/site-packages/airflow/example_dags/example_task_group.py for tasks to queue
[2023-12-16T19:44:37.523+0000] {logging_mixin.py:154} INFO - [2023-12-16T19:44:37.523+0000] {dagbag.py:536} INFO - Filling up the DagBag from /home/airflow/.local/lib/python3.8/site-packages/airflow/example_dags/example_task_group.py
[2023-12-16T19:44:37.678+0000] {processor.py:839} INFO - DAG(s) dict_keys(['example_task_group']) retrieved from /home/airflow/.local/lib/python3.8/site-packages/airflow/example_dags/example_task_group.py
[2023-12-16T19:44:37.903+0000] {logging_mixin.py:154} INFO - [2023-12-16T19:44:37.903+0000] {dag.py:2941} INFO - Sync 1 DAGs
[2023-12-16T19:44:38.915+0000] {logging_mixin.py:154} INFO - [2023-12-16T19:44:38.915+0000] {dag.py:3722} INFO - Setting next_dagrun for example_task_group to 2023-12-15T19:44:38.914219+00:00, run_after=2023-12-16T19:44:38.914219+00:00
[2023-12-16T19:44:39.736+0000] {processor.py:179} INFO - Processing /home/airflow/.local/lib/python3.8/site-packages/airflow/example_dags/example_task_group.py took 2.484 seconds
[2023-12-16T19:45:16.026+0000] {processor.py:157} INFO - Started process (PID=188) to work on /home/airflow/.local/lib/python3.8/site-packages/airflow/example_dags/example_task_group.py
[2023-12-16T19:45:16.041+0000] {processor.py:829} INFO - Processing file /home/airflow/.local/lib/python3.8/site-packages/airflow/example_dags/example_task_group.py for tasks to queue
[2023-12-16T19:45:16.115+0000] {logging_mixin.py:154} INFO - [2023-12-16T19:45:16.113+0000] {dagbag.py:536} INFO - Filling up the DagBag from /home/airflow/.local/lib/python3.8/site-packages/airflow/example_dags/example_task_group.py
[2023-12-16T19:45:16.212+0000] {processor.py:839} INFO - DAG(s) dict_keys(['example_task_group']) retrieved from /home/airflow/.local/lib/python3.8/site-packages/airflow/example_dags/example_task_group.py
[2023-12-16T19:45:16.437+0000] {logging_mixin.py:154} INFO - [2023-12-16T19:45:16.436+0000] {dag.py:2941} INFO - Sync 1 DAGs
[2023-12-16T19:45:16.705+0000] {logging_mixin.py:154} INFO - [2023-12-16T19:45:16.704+0000] {dag.py:3722} INFO - Setting next_dagrun for example_task_group to 2023-12-15T19:45:16.704307+00:00, run_after=2023-12-16T19:45:16.704307+00:00
[2023-12-16T19:45:17.054+0000] {processor.py:179} INFO - Processing /home/airflow/.local/lib/python3.8/site-packages/airflow/example_dags/example_task_group.py took 1.151 seconds
[2023-12-16T19:50:42.099+0000] {processor.py:157} INFO - Started process (PID=242) to work on /home/airflow/.local/lib/python3.8/site-packages/airflow/example_dags/example_task_group.py
[2023-12-16T19:50:42.152+0000] {processor.py:829} INFO - Processing file /home/airflow/.local/lib/python3.8/site-packages/airflow/example_dags/example_task_group.py for tasks to queue
[2023-12-16T19:50:42.252+0000] {logging_mixin.py:154} INFO - [2023-12-16T19:50:42.195+0000] {dagbag.py:536} INFO - Filling up the DagBag from /home/airflow/.local/lib/python3.8/site-packages/airflow/example_dags/example_task_group.py
[2023-12-16T19:50:42.825+0000] {processor.py:839} INFO - DAG(s) dict_keys(['example_task_group']) retrieved from /home/airflow/.local/lib/python3.8/site-packages/airflow/example_dags/example_task_group.py
[2023-12-16T19:51:20.459+0000] {processor.py:182} ERROR - Got an exception! Propagating...
Traceback (most recent call last):
  File "/home/airflow/.local/lib/python3.8/site-packages/sqlalchemy/engine/base.py", line 3371, in _wrap_pool_connect
    return fn()
  File "/home/airflow/.local/lib/python3.8/site-packages/sqlalchemy/pool/base.py", line 327, in connect
    return _ConnectionFairy._checkout(self)
  File "/home/airflow/.local/lib/python3.8/site-packages/sqlalchemy/pool/base.py", line 894, in _checkout
    fairy = _ConnectionRecord.checkout(pool)
  File "/home/airflow/.local/lib/python3.8/site-packages/sqlalchemy/pool/base.py", line 493, in checkout
    rec = pool._do_get()
  File "/home/airflow/.local/lib/python3.8/site-packages/sqlalchemy/pool/impl.py", line 146, in _do_get
    self._dec_overflow()
  File "/home/airflow/.local/lib/python3.8/site-packages/sqlalchemy/util/langhelpers.py", line 70, in __exit__
    compat.raise_(
  File "/home/airflow/.local/lib/python3.8/site-packages/sqlalchemy/util/compat.py", line 211, in raise_
    raise exception
  File "/home/airflow/.local/lib/python3.8/site-packages/sqlalchemy/pool/impl.py", line 143, in _do_get
    return self._create_connection()
  File "/home/airflow/.local/lib/python3.8/site-packages/sqlalchemy/pool/base.py", line 273, in _create_connection
    return _ConnectionRecord(self)
  File "/home/airflow/.local/lib/python3.8/site-packages/sqlalchemy/pool/base.py", line 388, in __init__
    self.__connect()
  File "/home/airflow/.local/lib/python3.8/site-packages/sqlalchemy/pool/base.py", line 691, in __connect
    pool.logger.debug("Error on connect(): %s", e)
  File "/home/airflow/.local/lib/python3.8/site-packages/sqlalchemy/util/langhelpers.py", line 70, in __exit__
    compat.raise_(
  File "/home/airflow/.local/lib/python3.8/site-packages/sqlalchemy/util/compat.py", line 211, in raise_
    raise exception
  File "/home/airflow/.local/lib/python3.8/site-packages/sqlalchemy/pool/base.py", line 686, in __connect
    self.dbapi_connection = connection = pool._invoke_creator(self)
  File "/home/airflow/.local/lib/python3.8/site-packages/sqlalchemy/engine/create.py", line 574, in connect
    return dialect.connect(*cargs, **cparams)
  File "/home/airflow/.local/lib/python3.8/site-packages/sqlalchemy/engine/default.py", line 598, in connect
    return self.dbapi.connect(*cargs, **cparams)
  File "/home/airflow/.local/lib/python3.8/site-packages/psycopg2/__init__.py", line 122, in connect
    conn = _connect(dsn, connection_factory=connection_factory, **kwasync)
psycopg2.OperationalError: could not translate host name "postgres" to address: Temporary failure in name resolution


The above exception was the direct cause of the following exception:

Traceback (most recent call last):
  File "/home/airflow/.local/lib/python3.8/site-packages/airflow/dag_processing/processor.py", line 178, in _run_file_processor
    _handle_dag_file_processing()
  File "/home/airflow/.local/lib/python3.8/site-packages/airflow/dag_processing/processor.py", line 159, in _handle_dag_file_processing
    result: tuple[int, int] = dag_file_processor.process_file(
  File "/home/airflow/.local/lib/python3.8/site-packages/airflow/utils/session.py", line 79, in wrapper
    return func(*args, session=session, **kwargs)
  File "/home/airflow/.local/lib/python3.8/site-packages/airflow/dag_processing/processor.py", line 857, in process_file
    serialize_errors = DagFileProcessor.save_dag_to_db(
  File "/home/airflow/.local/lib/python3.8/site-packages/airflow/api_internal/internal_api_call.py", line 114, in wrapper
    return func(*args, **kwargs)
  File "/home/airflow/.local/lib/python3.8/site-packages/airflow/utils/session.py", line 79, in wrapper
    return func(*args, session=session, **kwargs)
  File "/home/airflow/.local/lib/python3.8/site-packages/airflow/dag_processing/processor.py", line 893, in save_dag_to_db
    import_errors = DagBag._sync_to_db(dags=dags, processor_subdir=dag_directory, session=session)
  File "/home/airflow/.local/lib/python3.8/site-packages/airflow/utils/session.py", line 76, in wrapper
    return func(*args, **kwargs)
  File "/home/airflow/.local/lib/python3.8/site-packages/airflow/models/dagbag.py", line 654, in _sync_to_db
    for attempt in run_with_db_retries(logger=log):
  File "/home/airflow/.local/lib/python3.8/site-packages/tenacity/__init__.py", line 347, in __iter__
    do = self.iter(retry_state=retry_state)
  File "/home/airflow/.local/lib/python3.8/site-packages/tenacity/__init__.py", line 325, in iter
    raise retry_exc.reraise()
  File "/home/airflow/.local/lib/python3.8/site-packages/tenacity/__init__.py", line 158, in reraise
    raise self.last_attempt.result()
  File "/usr/local/lib/python3.8/concurrent/futures/_base.py", line 437, in result
    return self.__get_result()
  File "/usr/local/lib/python3.8/concurrent/futures/_base.py", line 389, in __get_result
    raise self._exception
  File "/home/airflow/.local/lib/python3.8/site-packages/airflow/models/dagbag.py", line 666, in _sync_to_db
    serialize_errors.extend(_serialize_dag_capturing_errors(dag, session))
  File "/home/airflow/.local/lib/python3.8/site-packages/airflow/models/dagbag.py", line 633, in _serialize_dag_capturing_errors
    dag_was_updated = SerializedDagModel.write_dag(
  File "/home/airflow/.local/lib/python3.8/site-packages/airflow/utils/session.py", line 76, in wrapper
    return func(*args, **kwargs)
  File "/home/airflow/.local/lib/python3.8/site-packages/airflow/models/serialized_dag.py", line 147, in write_dag
    if session.scalar(
  File "/home/airflow/.local/lib/python3.8/site-packages/sqlalchemy/orm/session.py", line 1747, in scalar
    return self.execute(
  File "/home/airflow/.local/lib/python3.8/site-packages/sqlalchemy/orm/session.py", line 1716, in execute
    conn = self._connection_for_bind(bind)
  File "/home/airflow/.local/lib/python3.8/site-packages/sqlalchemy/orm/session.py", line 1555, in _connection_for_bind
    return self._transaction._connection_for_bind(
  File "/home/airflow/.local/lib/python3.8/site-packages/sqlalchemy/orm/session.py", line 750, in _connection_for_bind
    conn = bind.connect()
  File "/home/airflow/.local/lib/python3.8/site-packages/sqlalchemy/future/engine.py", line 406, in connect
    return super(Engine, self).connect()
  File "/home/airflow/.local/lib/python3.8/site-packages/sqlalchemy/engine/base.py", line 3325, in connect
    return self._connection_cls(self, close_with_result=close_with_result)
  File "/home/airflow/.local/lib/python3.8/site-packages/sqlalchemy/engine/base.py", line 96, in __init__
    else engine.raw_connection()
  File "/home/airflow/.local/lib/python3.8/site-packages/sqlalchemy/engine/base.py", line 3404, in raw_connection
    return self._wrap_pool_connect(self.pool.connect, _connection)
  File "/home/airflow/.local/lib/python3.8/site-packages/sqlalchemy/engine/base.py", line 3374, in _wrap_pool_connect
    Connection._handle_dbapi_exception_noconnection(
  File "/home/airflow/.local/lib/python3.8/site-packages/sqlalchemy/engine/base.py", line 2208, in _handle_dbapi_exception_noconnection
    util.raise_(
  File "/home/airflow/.local/lib/python3.8/site-packages/sqlalchemy/util/compat.py", line 211, in raise_
    raise exception
  File "/home/airflow/.local/lib/python3.8/site-packages/sqlalchemy/engine/base.py", line 3371, in _wrap_pool_connect
    return fn()
  File "/home/airflow/.local/lib/python3.8/site-packages/sqlalchemy/pool/base.py", line 327, in connect
    return _ConnectionFairy._checkout(self)
  File "/home/airflow/.local/lib/python3.8/site-packages/sqlalchemy/pool/base.py", line 894, in _checkout
    fairy = _ConnectionRecord.checkout(pool)
  File "/home/airflow/.local/lib/python3.8/site-packages/sqlalchemy/pool/base.py", line 493, in checkout
    rec = pool._do_get()
  File "/home/airflow/.local/lib/python3.8/site-packages/sqlalchemy/pool/impl.py", line 146, in _do_get
    self._dec_overflow()
  File "/home/airflow/.local/lib/python3.8/site-packages/sqlalchemy/util/langhelpers.py", line 70, in __exit__
    compat.raise_(
  File "/home/airflow/.local/lib/python3.8/site-packages/sqlalchemy/util/compat.py", line 211, in raise_
    raise exception
  File "/home/airflow/.local/lib/python3.8/site-packages/sqlalchemy/pool/impl.py", line 143, in _do_get
    return self._create_connection()
  File "/home/airflow/.local/lib/python3.8/site-packages/sqlalchemy/pool/base.py", line 273, in _create_connection
    return _ConnectionRecord(self)
  File "/home/airflow/.local/lib/python3.8/site-packages/sqlalchemy/pool/base.py", line 388, in __init__
    self.__connect()
  File "/home/airflow/.local/lib/python3.8/site-packages/sqlalchemy/pool/base.py", line 691, in __connect
    pool.logger.debug("Error on connect(): %s", e)
  File "/home/airflow/.local/lib/python3.8/site-packages/sqlalchemy/util/langhelpers.py", line 70, in __exit__
    compat.raise_(
  File "/home/airflow/.local/lib/python3.8/site-packages/sqlalchemy/util/compat.py", line 211, in raise_
    raise exception
  File "/home/airflow/.local/lib/python3.8/site-packages/sqlalchemy/pool/base.py", line 686, in __connect
    self.dbapi_connection = connection = pool._invoke_creator(self)
  File "/home/airflow/.local/lib/python3.8/site-packages/sqlalchemy/engine/create.py", line 574, in connect
    return dialect.connect(*cargs, **cparams)
  File "/home/airflow/.local/lib/python3.8/site-packages/sqlalchemy/engine/default.py", line 598, in connect
    return self.dbapi.connect(*cargs, **cparams)
  File "/home/airflow/.local/lib/python3.8/site-packages/psycopg2/__init__.py", line 122, in connect
    conn = _connect(dsn, connection_factory=connection_factory, **kwasync)
sqlalchemy.exc.OperationalError: (psycopg2.OperationalError) could not translate host name "postgres" to address: Temporary failure in name resolution

(Background on this error at: https://sqlalche.me/e/14/e3q8)
[2023-12-16T20:04:46.299+0000] {processor.py:157} INFO - Started process (PID=137) to work on /home/airflow/.local/lib/python3.8/site-packages/airflow/example_dags/example_task_group.py
[2023-12-16T20:04:46.325+0000] {processor.py:829} INFO - Processing file /home/airflow/.local/lib/python3.8/site-packages/airflow/example_dags/example_task_group.py for tasks to queue
[2023-12-16T20:04:46.331+0000] {logging_mixin.py:154} INFO - [2023-12-16T20:04:46.330+0000] {dagbag.py:536} INFO - Filling up the DagBag from /home/airflow/.local/lib/python3.8/site-packages/airflow/example_dags/example_task_group.py
[2023-12-16T20:04:46.414+0000] {processor.py:839} INFO - DAG(s) dict_keys(['example_task_group']) retrieved from /home/airflow/.local/lib/python3.8/site-packages/airflow/example_dags/example_task_group.py
[2023-12-16T20:04:46.508+0000] {logging_mixin.py:154} INFO - [2023-12-16T20:04:46.507+0000] {dag.py:2941} INFO - Sync 1 DAGs
[2023-12-16T20:04:46.569+0000] {logging_mixin.py:154} INFO - [2023-12-16T20:04:46.569+0000] {dag.py:3722} INFO - Setting next_dagrun for example_task_group to 2023-12-15T20:04:46.568816+00:00, run_after=2023-12-16T20:04:46.568816+00:00
[2023-12-16T20:04:46.683+0000] {processor.py:179} INFO - Processing /home/airflow/.local/lib/python3.8/site-packages/airflow/example_dags/example_task_group.py took 0.411 seconds
[2023-12-16T20:05:23.266+0000] {processor.py:157} INFO - Started process (PID=206) to work on /home/airflow/.local/lib/python3.8/site-packages/airflow/example_dags/example_task_group.py
[2023-12-16T20:05:23.329+0000] {processor.py:829} INFO - Processing file /home/airflow/.local/lib/python3.8/site-packages/airflow/example_dags/example_task_group.py for tasks to queue
[2023-12-16T20:05:23.393+0000] {logging_mixin.py:154} INFO - [2023-12-16T20:05:23.392+0000] {dagbag.py:536} INFO - Filling up the DagBag from /home/airflow/.local/lib/python3.8/site-packages/airflow/example_dags/example_task_group.py
[2023-12-16T20:05:23.466+0000] {processor.py:839} INFO - DAG(s) dict_keys(['example_task_group']) retrieved from /home/airflow/.local/lib/python3.8/site-packages/airflow/example_dags/example_task_group.py
[2023-12-16T20:05:23.612+0000] {logging_mixin.py:154} INFO - [2023-12-16T20:05:23.612+0000] {dag.py:2941} INFO - Sync 1 DAGs
[2023-12-16T20:05:24.393+0000] {logging_mixin.py:154} INFO - [2023-12-16T20:05:24.392+0000] {dag.py:3722} INFO - Setting next_dagrun for example_task_group to 2023-12-15T20:05:24.390212+00:00, run_after=2023-12-16T20:05:24.390212+00:00
[2023-12-16T20:05:24.590+0000] {processor.py:179} INFO - Processing /home/airflow/.local/lib/python3.8/site-packages/airflow/example_dags/example_task_group.py took 1.407 seconds
[2023-12-16T20:05:55.083+0000] {processor.py:157} INFO - Started process (PID=274) to work on /home/airflow/.local/lib/python3.8/site-packages/airflow/example_dags/example_task_group.py
[2023-12-16T20:05:55.091+0000] {processor.py:829} INFO - Processing file /home/airflow/.local/lib/python3.8/site-packages/airflow/example_dags/example_task_group.py for tasks to queue
[2023-12-16T20:05:55.099+0000] {logging_mixin.py:154} INFO - [2023-12-16T20:05:55.098+0000] {dagbag.py:536} INFO - Filling up the DagBag from /home/airflow/.local/lib/python3.8/site-packages/airflow/example_dags/example_task_group.py
[2023-12-16T20:05:55.121+0000] {processor.py:839} INFO - DAG(s) dict_keys(['example_task_group']) retrieved from /home/airflow/.local/lib/python3.8/site-packages/airflow/example_dags/example_task_group.py
[2023-12-16T20:05:55.182+0000] {logging_mixin.py:154} INFO - [2023-12-16T20:05:55.182+0000] {dag.py:2941} INFO - Sync 1 DAGs
[2023-12-16T20:05:55.242+0000] {logging_mixin.py:154} INFO - [2023-12-16T20:05:55.242+0000] {dag.py:3722} INFO - Setting next_dagrun for example_task_group to 2023-12-15T20:05:55.241645+00:00, run_after=2023-12-16T20:05:55.241645+00:00
[2023-12-16T20:05:56.151+0000] {processor.py:179} INFO - Processing /home/airflow/.local/lib/python3.8/site-packages/airflow/example_dags/example_task_group.py took 1.076 seconds
[2023-12-16T20:20:51.570+0000] {processor.py:157} INFO - Started process (PID=69) to work on /home/airflow/.local/lib/python3.8/site-packages/airflow/example_dags/example_task_group.py
[2023-12-16T20:20:51.607+0000] {processor.py:829} INFO - Processing file /home/airflow/.local/lib/python3.8/site-packages/airflow/example_dags/example_task_group.py for tasks to queue
[2023-12-16T20:20:51.657+0000] {logging_mixin.py:154} INFO - [2023-12-16T20:20:51.644+0000] {dagbag.py:536} INFO - Filling up the DagBag from /home/airflow/.local/lib/python3.8/site-packages/airflow/example_dags/example_task_group.py
[2023-12-16T20:20:51.845+0000] {processor.py:839} INFO - DAG(s) dict_keys(['example_task_group']) retrieved from /home/airflow/.local/lib/python3.8/site-packages/airflow/example_dags/example_task_group.py
[2023-12-16T20:20:52.391+0000] {logging_mixin.py:154} INFO - [2023-12-16T20:20:52.391+0000] {dag.py:2941} INFO - Sync 1 DAGs
[2023-12-16T20:20:53.389+0000] {logging_mixin.py:154} INFO - [2023-12-16T20:20:53.389+0000] {dag.py:3722} INFO - Setting next_dagrun for example_task_group to 2023-12-15T20:20:53.388653+00:00, run_after=2023-12-16T20:20:53.388653+00:00
[2023-12-16T20:20:54.031+0000] {processor.py:179} INFO - Processing /home/airflow/.local/lib/python3.8/site-packages/airflow/example_dags/example_task_group.py took 2.551 seconds
[2023-12-16T20:21:24.301+0000] {processor.py:157} INFO - Started process (PID=121) to work on /home/airflow/.local/lib/python3.8/site-packages/airflow/example_dags/example_task_group.py
[2023-12-16T20:21:24.341+0000] {processor.py:829} INFO - Processing file /home/airflow/.local/lib/python3.8/site-packages/airflow/example_dags/example_task_group.py for tasks to queue
[2023-12-16T20:21:24.359+0000] {logging_mixin.py:154} INFO - [2023-12-16T20:21:24.359+0000] {dagbag.py:536} INFO - Filling up the DagBag from /home/airflow/.local/lib/python3.8/site-packages/airflow/example_dags/example_task_group.py
[2023-12-16T20:21:24.409+0000] {processor.py:839} INFO - DAG(s) dict_keys(['example_task_group']) retrieved from /home/airflow/.local/lib/python3.8/site-packages/airflow/example_dags/example_task_group.py
[2023-12-16T20:21:24.576+0000] {logging_mixin.py:154} INFO - [2023-12-16T20:21:24.576+0000] {dag.py:2941} INFO - Sync 1 DAGs
[2023-12-16T20:21:24.690+0000] {logging_mixin.py:154} INFO - [2023-12-16T20:21:24.689+0000] {dag.py:3722} INFO - Setting next_dagrun for example_task_group to 2023-12-15T20:21:24.689147+00:00, run_after=2023-12-16T20:21:24.689147+00:00
[2023-12-16T20:21:24.778+0000] {processor.py:179} INFO - Processing /home/airflow/.local/lib/python3.8/site-packages/airflow/example_dags/example_task_group.py took 0.509 seconds
[2023-12-16T20:31:32.089+0000] {processor.py:157} INFO - Started process (PID=77) to work on /home/airflow/.local/lib/python3.8/site-packages/airflow/example_dags/example_task_group.py
[2023-12-16T20:31:32.101+0000] {processor.py:829} INFO - Processing file /home/airflow/.local/lib/python3.8/site-packages/airflow/example_dags/example_task_group.py for tasks to queue
[2023-12-16T20:31:32.148+0000] {logging_mixin.py:154} INFO - [2023-12-16T20:31:32.132+0000] {dagbag.py:536} INFO - Filling up the DagBag from /home/airflow/.local/lib/python3.8/site-packages/airflow/example_dags/example_task_group.py
[2023-12-16T20:31:32.300+0000] {processor.py:839} INFO - DAG(s) dict_keys(['example_task_group']) retrieved from /home/airflow/.local/lib/python3.8/site-packages/airflow/example_dags/example_task_group.py
[2023-12-16T20:31:32.493+0000] {logging_mixin.py:154} INFO - [2023-12-16T20:31:32.493+0000] {dag.py:2941} INFO - Sync 1 DAGs
[2023-12-16T20:31:32.723+0000] {logging_mixin.py:154} INFO - [2023-12-16T20:31:32.722+0000] {dag.py:3722} INFO - Setting next_dagrun for example_task_group to 2023-12-15T20:31:32.708458+00:00, run_after=2023-12-16T20:31:32.708458+00:00
[2023-12-16T20:31:32.904+0000] {processor.py:179} INFO - Processing /home/airflow/.local/lib/python3.8/site-packages/airflow/example_dags/example_task_group.py took 0.824 seconds
[2023-12-16T20:32:03.399+0000] {processor.py:157} INFO - Started process (PID=123) to work on /home/airflow/.local/lib/python3.8/site-packages/airflow/example_dags/example_task_group.py
[2023-12-16T20:32:03.408+0000] {processor.py:829} INFO - Processing file /home/airflow/.local/lib/python3.8/site-packages/airflow/example_dags/example_task_group.py for tasks to queue
[2023-12-16T20:32:03.423+0000] {logging_mixin.py:154} INFO - [2023-12-16T20:32:03.422+0000] {dagbag.py:536} INFO - Filling up the DagBag from /home/airflow/.local/lib/python3.8/site-packages/airflow/example_dags/example_task_group.py
[2023-12-16T20:32:03.517+0000] {processor.py:839} INFO - DAG(s) dict_keys(['example_task_group']) retrieved from /home/airflow/.local/lib/python3.8/site-packages/airflow/example_dags/example_task_group.py
[2023-12-16T20:32:03.793+0000] {logging_mixin.py:154} INFO - [2023-12-16T20:32:03.780+0000] {dag.py:2941} INFO - Sync 1 DAGs
[2023-12-16T20:32:04.126+0000] {logging_mixin.py:154} INFO - [2023-12-16T20:32:04.125+0000] {dag.py:3722} INFO - Setting next_dagrun for example_task_group to 2023-12-15T20:32:04.125091+00:00, run_after=2023-12-16T20:32:04.125091+00:00
[2023-12-16T20:32:04.313+0000] {processor.py:179} INFO - Processing /home/airflow/.local/lib/python3.8/site-packages/airflow/example_dags/example_task_group.py took 0.930 seconds
[2023-12-16T20:34:32.890+0000] {processor.py:157} INFO - Started process (PID=68) to work on /home/airflow/.local/lib/python3.8/site-packages/airflow/example_dags/example_task_group.py
[2023-12-16T20:34:32.893+0000] {processor.py:829} INFO - Processing file /home/airflow/.local/lib/python3.8/site-packages/airflow/example_dags/example_task_group.py for tasks to queue
[2023-12-16T20:34:32.911+0000] {logging_mixin.py:154} INFO - [2023-12-16T20:34:32.899+0000] {dagbag.py:536} INFO - Filling up the DagBag from /home/airflow/.local/lib/python3.8/site-packages/airflow/example_dags/example_task_group.py
[2023-12-16T20:34:32.955+0000] {processor.py:839} INFO - DAG(s) dict_keys(['example_task_group']) retrieved from /home/airflow/.local/lib/python3.8/site-packages/airflow/example_dags/example_task_group.py
[2023-12-16T20:34:33.067+0000] {logging_mixin.py:154} INFO - [2023-12-16T20:34:33.066+0000] {dag.py:2941} INFO - Sync 1 DAGs
[2023-12-16T20:34:33.136+0000] {logging_mixin.py:154} INFO - [2023-12-16T20:34:33.135+0000] {dag.py:3722} INFO - Setting next_dagrun for example_task_group to 2023-12-15T20:34:33.135124+00:00, run_after=2023-12-16T20:34:33.135124+00:00
[2023-12-16T20:34:33.232+0000] {processor.py:179} INFO - Processing /home/airflow/.local/lib/python3.8/site-packages/airflow/example_dags/example_task_group.py took 0.350 seconds
[2023-12-16T20:35:04.052+0000] {processor.py:157} INFO - Started process (PID=122) to work on /home/airflow/.local/lib/python3.8/site-packages/airflow/example_dags/example_task_group.py
[2023-12-16T20:35:04.054+0000] {processor.py:829} INFO - Processing file /home/airflow/.local/lib/python3.8/site-packages/airflow/example_dags/example_task_group.py for tasks to queue
[2023-12-16T20:35:04.071+0000] {logging_mixin.py:154} INFO - [2023-12-16T20:35:04.070+0000] {dagbag.py:536} INFO - Filling up the DagBag from /home/airflow/.local/lib/python3.8/site-packages/airflow/example_dags/example_task_group.py
[2023-12-16T20:35:04.113+0000] {processor.py:839} INFO - DAG(s) dict_keys(['example_task_group']) retrieved from /home/airflow/.local/lib/python3.8/site-packages/airflow/example_dags/example_task_group.py
[2023-12-16T20:35:04.213+0000] {logging_mixin.py:154} INFO - [2023-12-16T20:35:04.213+0000] {dag.py:2941} INFO - Sync 1 DAGs
[2023-12-16T20:35:04.300+0000] {logging_mixin.py:154} INFO - [2023-12-16T20:35:04.299+0000] {dag.py:3722} INFO - Setting next_dagrun for example_task_group to 2023-12-15T20:35:04.298957+00:00, run_after=2023-12-16T20:35:04.298957+00:00
[2023-12-16T20:35:04.444+0000] {processor.py:179} INFO - Processing /home/airflow/.local/lib/python3.8/site-packages/airflow/example_dags/example_task_group.py took 0.400 seconds
[2023-12-16T21:01:03.678+0000] {processor.py:157} INFO - Started process (PID=76) to work on /home/airflow/.local/lib/python3.8/site-packages/airflow/example_dags/example_task_group.py
[2023-12-16T21:01:03.705+0000] {processor.py:829} INFO - Processing file /home/airflow/.local/lib/python3.8/site-packages/airflow/example_dags/example_task_group.py for tasks to queue
[2023-12-16T21:01:03.714+0000] {logging_mixin.py:154} INFO - [2023-12-16T21:01:03.713+0000] {dagbag.py:536} INFO - Filling up the DagBag from /home/airflow/.local/lib/python3.8/site-packages/airflow/example_dags/example_task_group.py
[2023-12-16T21:01:03.773+0000] {processor.py:839} INFO - DAG(s) dict_keys(['example_task_group']) retrieved from /home/airflow/.local/lib/python3.8/site-packages/airflow/example_dags/example_task_group.py
[2023-12-16T21:01:04.801+0000] {logging_mixin.py:154} INFO - [2023-12-16T21:01:04.800+0000] {dag.py:2941} INFO - Sync 1 DAGs
[2023-12-16T21:01:05.346+0000] {logging_mixin.py:154} INFO - [2023-12-16T21:01:05.346+0000] {dag.py:3722} INFO - Setting next_dagrun for example_task_group to 2023-12-15T21:01:05.344942+00:00, run_after=2023-12-16T21:01:05.344942+00:00
[2023-12-16T21:01:05.498+0000] {processor.py:179} INFO - Processing /home/airflow/.local/lib/python3.8/site-packages/airflow/example_dags/example_task_group.py took 1.836 seconds
[2023-12-16T21:01:36.069+0000] {processor.py:157} INFO - Started process (PID=123) to work on /home/airflow/.local/lib/python3.8/site-packages/airflow/example_dags/example_task_group.py
[2023-12-16T21:01:36.077+0000] {processor.py:829} INFO - Processing file /home/airflow/.local/lib/python3.8/site-packages/airflow/example_dags/example_task_group.py for tasks to queue
[2023-12-16T21:01:36.109+0000] {logging_mixin.py:154} INFO - [2023-12-16T21:01:36.108+0000] {dagbag.py:536} INFO - Filling up the DagBag from /home/airflow/.local/lib/python3.8/site-packages/airflow/example_dags/example_task_group.py
[2023-12-16T21:01:36.177+0000] {processor.py:839} INFO - DAG(s) dict_keys(['example_task_group']) retrieved from /home/airflow/.local/lib/python3.8/site-packages/airflow/example_dags/example_task_group.py
[2023-12-16T21:01:36.391+0000] {logging_mixin.py:154} INFO - [2023-12-16T21:01:36.391+0000] {dag.py:2941} INFO - Sync 1 DAGs
[2023-12-16T21:01:36.658+0000] {logging_mixin.py:154} INFO - [2023-12-16T21:01:36.657+0000] {dag.py:3722} INFO - Setting next_dagrun for example_task_group to 2023-12-15T21:01:36.654289+00:00, run_after=2023-12-16T21:01:36.654289+00:00
[2023-12-16T21:01:36.779+0000] {processor.py:179} INFO - Processing /home/airflow/.local/lib/python3.8/site-packages/airflow/example_dags/example_task_group.py took 0.905 seconds
[2023-12-16T21:02:07.608+0000] {processor.py:157} INFO - Started process (PID=177) to work on /home/airflow/.local/lib/python3.8/site-packages/airflow/example_dags/example_task_group.py
[2023-12-16T21:02:07.611+0000] {processor.py:829} INFO - Processing file /home/airflow/.local/lib/python3.8/site-packages/airflow/example_dags/example_task_group.py for tasks to queue
[2023-12-16T21:02:07.632+0000] {logging_mixin.py:154} INFO - [2023-12-16T21:02:07.632+0000] {dagbag.py:536} INFO - Filling up the DagBag from /home/airflow/.local/lib/python3.8/site-packages/airflow/example_dags/example_task_group.py
[2023-12-16T21:02:07.691+0000] {processor.py:839} INFO - DAG(s) dict_keys(['example_task_group']) retrieved from /home/airflow/.local/lib/python3.8/site-packages/airflow/example_dags/example_task_group.py
[2023-12-16T21:02:07.962+0000] {logging_mixin.py:154} INFO - [2023-12-16T21:02:07.962+0000] {dag.py:2941} INFO - Sync 1 DAGs
[2023-12-16T21:02:08.153+0000] {logging_mixin.py:154} INFO - [2023-12-16T21:02:08.153+0000] {dag.py:3722} INFO - Setting next_dagrun for example_task_group to 2023-12-15T21:02:08.152893+00:00, run_after=2023-12-16T21:02:08.152893+00:00
[2023-12-16T21:02:08.306+0000] {processor.py:179} INFO - Processing /home/airflow/.local/lib/python3.8/site-packages/airflow/example_dags/example_task_group.py took 0.721 seconds
[2023-12-16T21:07:09.322+0000] {processor.py:157} INFO - Started process (PID=70) to work on /home/airflow/.local/lib/python3.8/site-packages/airflow/example_dags/example_task_group.py
[2023-12-16T21:07:09.367+0000] {processor.py:829} INFO - Processing file /home/airflow/.local/lib/python3.8/site-packages/airflow/example_dags/example_task_group.py for tasks to queue
[2023-12-16T21:07:09.407+0000] {logging_mixin.py:154} INFO - [2023-12-16T21:07:09.407+0000] {dagbag.py:536} INFO - Filling up the DagBag from /home/airflow/.local/lib/python3.8/site-packages/airflow/example_dags/example_task_group.py
[2023-12-16T21:07:09.465+0000] {processor.py:839} INFO - DAG(s) dict_keys(['example_task_group']) retrieved from /home/airflow/.local/lib/python3.8/site-packages/airflow/example_dags/example_task_group.py
[2023-12-16T21:07:09.628+0000] {logging_mixin.py:154} INFO - [2023-12-16T21:07:09.627+0000] {dag.py:2941} INFO - Sync 1 DAGs
[2023-12-16T21:07:09.768+0000] {logging_mixin.py:154} INFO - [2023-12-16T21:07:09.765+0000] {dag.py:3722} INFO - Setting next_dagrun for example_task_group to 2023-12-15T21:07:09.761074+00:00, run_after=2023-12-16T21:07:09.761074+00:00
[2023-12-16T21:07:09.930+0000] {processor.py:179} INFO - Processing /home/airflow/.local/lib/python3.8/site-packages/airflow/example_dags/example_task_group.py took 0.662 seconds
[2023-12-16T21:07:40.642+0000] {processor.py:157} INFO - Started process (PID=124) to work on /home/airflow/.local/lib/python3.8/site-packages/airflow/example_dags/example_task_group.py
[2023-12-16T21:07:40.645+0000] {processor.py:829} INFO - Processing file /home/airflow/.local/lib/python3.8/site-packages/airflow/example_dags/example_task_group.py for tasks to queue
[2023-12-16T21:07:40.650+0000] {logging_mixin.py:154} INFO - [2023-12-16T21:07:40.649+0000] {dagbag.py:536} INFO - Filling up the DagBag from /home/airflow/.local/lib/python3.8/site-packages/airflow/example_dags/example_task_group.py
[2023-12-16T21:07:40.671+0000] {processor.py:839} INFO - DAG(s) dict_keys(['example_task_group']) retrieved from /home/airflow/.local/lib/python3.8/site-packages/airflow/example_dags/example_task_group.py
[2023-12-16T21:07:40.712+0000] {logging_mixin.py:154} INFO - [2023-12-16T21:07:40.712+0000] {dag.py:2941} INFO - Sync 1 DAGs
[2023-12-16T21:07:40.752+0000] {logging_mixin.py:154} INFO - [2023-12-16T21:07:40.751+0000] {dag.py:3722} INFO - Setting next_dagrun for example_task_group to 2023-12-15T21:07:40.751145+00:00, run_after=2023-12-16T21:07:40.751145+00:00
[2023-12-16T21:07:40.784+0000] {processor.py:179} INFO - Processing /home/airflow/.local/lib/python3.8/site-packages/airflow/example_dags/example_task_group.py took 0.150 seconds
[2023-12-16T21:08:11.231+0000] {processor.py:157} INFO - Started process (PID=178) to work on /home/airflow/.local/lib/python3.8/site-packages/airflow/example_dags/example_task_group.py
[2023-12-16T21:08:11.234+0000] {processor.py:829} INFO - Processing file /home/airflow/.local/lib/python3.8/site-packages/airflow/example_dags/example_task_group.py for tasks to queue
[2023-12-16T21:08:11.239+0000] {logging_mixin.py:154} INFO - [2023-12-16T21:08:11.239+0000] {dagbag.py:536} INFO - Filling up the DagBag from /home/airflow/.local/lib/python3.8/site-packages/airflow/example_dags/example_task_group.py
[2023-12-16T21:08:11.257+0000] {processor.py:839} INFO - DAG(s) dict_keys(['example_task_group']) retrieved from /home/airflow/.local/lib/python3.8/site-packages/airflow/example_dags/example_task_group.py
[2023-12-16T21:08:11.311+0000] {logging_mixin.py:154} INFO - [2023-12-16T21:08:11.310+0000] {dag.py:2941} INFO - Sync 1 DAGs
[2023-12-16T21:08:11.363+0000] {logging_mixin.py:154} INFO - [2023-12-16T21:08:11.362+0000] {dag.py:3722} INFO - Setting next_dagrun for example_task_group to 2023-12-15T21:08:11.362521+00:00, run_after=2023-12-16T21:08:11.362521+00:00
[2023-12-16T21:08:11.410+0000] {processor.py:179} INFO - Processing /home/airflow/.local/lib/python3.8/site-packages/airflow/example_dags/example_task_group.py took 0.188 seconds
[2023-12-16T21:08:41.585+0000] {processor.py:157} INFO - Started process (PID=232) to work on /home/airflow/.local/lib/python3.8/site-packages/airflow/example_dags/example_task_group.py
[2023-12-16T21:08:41.587+0000] {processor.py:829} INFO - Processing file /home/airflow/.local/lib/python3.8/site-packages/airflow/example_dags/example_task_group.py for tasks to queue
[2023-12-16T21:08:41.594+0000] {logging_mixin.py:154} INFO - [2023-12-16T21:08:41.590+0000] {dagbag.py:536} INFO - Filling up the DagBag from /home/airflow/.local/lib/python3.8/site-packages/airflow/example_dags/example_task_group.py
[2023-12-16T21:08:41.611+0000] {processor.py:839} INFO - DAG(s) dict_keys(['example_task_group']) retrieved from /home/airflow/.local/lib/python3.8/site-packages/airflow/example_dags/example_task_group.py
[2023-12-16T21:08:41.663+0000] {logging_mixin.py:154} INFO - [2023-12-16T21:08:41.662+0000] {dag.py:2941} INFO - Sync 1 DAGs
[2023-12-16T21:08:41.714+0000] {logging_mixin.py:154} INFO - [2023-12-16T21:08:41.713+0000] {dag.py:3722} INFO - Setting next_dagrun for example_task_group to 2023-12-15T21:08:41.713534+00:00, run_after=2023-12-16T21:08:41.713534+00:00
[2023-12-16T21:08:41.754+0000] {processor.py:179} INFO - Processing /home/airflow/.local/lib/python3.8/site-packages/airflow/example_dags/example_task_group.py took 0.175 seconds
[2023-12-16T21:09:12.008+0000] {processor.py:157} INFO - Started process (PID=286) to work on /home/airflow/.local/lib/python3.8/site-packages/airflow/example_dags/example_task_group.py
[2023-12-16T21:09:12.024+0000] {processor.py:829} INFO - Processing file /home/airflow/.local/lib/python3.8/site-packages/airflow/example_dags/example_task_group.py for tasks to queue
[2023-12-16T21:09:12.037+0000] {logging_mixin.py:154} INFO - [2023-12-16T21:09:12.034+0000] {dagbag.py:536} INFO - Filling up the DagBag from /home/airflow/.local/lib/python3.8/site-packages/airflow/example_dags/example_task_group.py
[2023-12-16T21:09:12.077+0000] {processor.py:839} INFO - DAG(s) dict_keys(['example_task_group']) retrieved from /home/airflow/.local/lib/python3.8/site-packages/airflow/example_dags/example_task_group.py
[2023-12-16T21:09:12.179+0000] {logging_mixin.py:154} INFO - [2023-12-16T21:09:12.178+0000] {dag.py:2941} INFO - Sync 1 DAGs
[2023-12-16T21:09:12.275+0000] {logging_mixin.py:154} INFO - [2023-12-16T21:09:12.274+0000] {dag.py:3722} INFO - Setting next_dagrun for example_task_group to 2023-12-15T21:09:12.273454+00:00, run_after=2023-12-16T21:09:12.273454+00:00
[2023-12-16T21:09:12.353+0000] {processor.py:179} INFO - Processing /home/airflow/.local/lib/python3.8/site-packages/airflow/example_dags/example_task_group.py took 0.402 seconds
[2023-12-16T21:09:42.898+0000] {processor.py:157} INFO - Started process (PID=340) to work on /home/airflow/.local/lib/python3.8/site-packages/airflow/example_dags/example_task_group.py
[2023-12-16T21:09:42.900+0000] {processor.py:829} INFO - Processing file /home/airflow/.local/lib/python3.8/site-packages/airflow/example_dags/example_task_group.py for tasks to queue
[2023-12-16T21:09:42.905+0000] {logging_mixin.py:154} INFO - [2023-12-16T21:09:42.904+0000] {dagbag.py:536} INFO - Filling up the DagBag from /home/airflow/.local/lib/python3.8/site-packages/airflow/example_dags/example_task_group.py
[2023-12-16T21:09:42.923+0000] {processor.py:839} INFO - DAG(s) dict_keys(['example_task_group']) retrieved from /home/airflow/.local/lib/python3.8/site-packages/airflow/example_dags/example_task_group.py
[2023-12-16T21:09:42.977+0000] {logging_mixin.py:154} INFO - [2023-12-16T21:09:42.976+0000] {dag.py:2941} INFO - Sync 1 DAGs
[2023-12-16T21:09:43.031+0000] {logging_mixin.py:154} INFO - [2023-12-16T21:09:43.031+0000] {dag.py:3722} INFO - Setting next_dagrun for example_task_group to 2023-12-15T21:09:43.031049+00:00, run_after=2023-12-16T21:09:43.031049+00:00
[2023-12-16T21:09:43.093+0000] {processor.py:179} INFO - Processing /home/airflow/.local/lib/python3.8/site-packages/airflow/example_dags/example_task_group.py took 0.202 seconds
[2023-12-16T21:10:13.380+0000] {processor.py:157} INFO - Started process (PID=394) to work on /home/airflow/.local/lib/python3.8/site-packages/airflow/example_dags/example_task_group.py
[2023-12-16T21:10:13.382+0000] {processor.py:829} INFO - Processing file /home/airflow/.local/lib/python3.8/site-packages/airflow/example_dags/example_task_group.py for tasks to queue
[2023-12-16T21:10:13.385+0000] {logging_mixin.py:154} INFO - [2023-12-16T21:10:13.385+0000] {dagbag.py:536} INFO - Filling up the DagBag from /home/airflow/.local/lib/python3.8/site-packages/airflow/example_dags/example_task_group.py
[2023-12-16T21:10:13.396+0000] {processor.py:839} INFO - DAG(s) dict_keys(['example_task_group']) retrieved from /home/airflow/.local/lib/python3.8/site-packages/airflow/example_dags/example_task_group.py
[2023-12-16T21:10:13.432+0000] {logging_mixin.py:154} INFO - [2023-12-16T21:10:13.432+0000] {dag.py:2941} INFO - Sync 1 DAGs
[2023-12-16T21:10:13.465+0000] {logging_mixin.py:154} INFO - [2023-12-16T21:10:13.465+0000] {dag.py:3722} INFO - Setting next_dagrun for example_task_group to 2023-12-15T21:10:13.464550+00:00, run_after=2023-12-16T21:10:13.464550+00:00
[2023-12-16T21:10:13.494+0000] {processor.py:179} INFO - Processing /home/airflow/.local/lib/python3.8/site-packages/airflow/example_dags/example_task_group.py took 0.120 seconds
[2023-12-16T21:10:43.734+0000] {processor.py:157} INFO - Started process (PID=449) to work on /home/airflow/.local/lib/python3.8/site-packages/airflow/example_dags/example_task_group.py
[2023-12-16T21:10:43.736+0000] {processor.py:829} INFO - Processing file /home/airflow/.local/lib/python3.8/site-packages/airflow/example_dags/example_task_group.py for tasks to queue
[2023-12-16T21:10:43.740+0000] {logging_mixin.py:154} INFO - [2023-12-16T21:10:43.740+0000] {dagbag.py:536} INFO - Filling up the DagBag from /home/airflow/.local/lib/python3.8/site-packages/airflow/example_dags/example_task_group.py
[2023-12-16T21:10:43.753+0000] {processor.py:839} INFO - DAG(s) dict_keys(['example_task_group']) retrieved from /home/airflow/.local/lib/python3.8/site-packages/airflow/example_dags/example_task_group.py
[2023-12-16T21:10:43.797+0000] {logging_mixin.py:154} INFO - [2023-12-16T21:10:43.797+0000] {dag.py:2941} INFO - Sync 1 DAGs
[2023-12-16T21:10:43.833+0000] {logging_mixin.py:154} INFO - [2023-12-16T21:10:43.833+0000] {dag.py:3722} INFO - Setting next_dagrun for example_task_group to 2023-12-15T21:10:43.833091+00:00, run_after=2023-12-16T21:10:43.833091+00:00
[2023-12-16T21:10:43.863+0000] {processor.py:179} INFO - Processing /home/airflow/.local/lib/python3.8/site-packages/airflow/example_dags/example_task_group.py took 0.134 seconds
[2023-12-16T21:11:14.359+0000] {processor.py:157} INFO - Started process (PID=503) to work on /home/airflow/.local/lib/python3.8/site-packages/airflow/example_dags/example_task_group.py
[2023-12-16T21:11:14.361+0000] {processor.py:829} INFO - Processing file /home/airflow/.local/lib/python3.8/site-packages/airflow/example_dags/example_task_group.py for tasks to queue
[2023-12-16T21:11:14.366+0000] {logging_mixin.py:154} INFO - [2023-12-16T21:11:14.365+0000] {dagbag.py:536} INFO - Filling up the DagBag from /home/airflow/.local/lib/python3.8/site-packages/airflow/example_dags/example_task_group.py
[2023-12-16T21:11:14.382+0000] {processor.py:839} INFO - DAG(s) dict_keys(['example_task_group']) retrieved from /home/airflow/.local/lib/python3.8/site-packages/airflow/example_dags/example_task_group.py
[2023-12-16T21:11:14.431+0000] {logging_mixin.py:154} INFO - [2023-12-16T21:11:14.430+0000] {dag.py:2941} INFO - Sync 1 DAGs
[2023-12-16T21:11:14.481+0000] {logging_mixin.py:154} INFO - [2023-12-16T21:11:14.481+0000] {dag.py:3722} INFO - Setting next_dagrun for example_task_group to 2023-12-15T21:11:14.480641+00:00, run_after=2023-12-16T21:11:14.480641+00:00
[2023-12-16T21:11:14.516+0000] {processor.py:179} INFO - Processing /home/airflow/.local/lib/python3.8/site-packages/airflow/example_dags/example_task_group.py took 0.164 seconds
[2023-12-16T21:11:45.117+0000] {processor.py:157} INFO - Started process (PID=557) to work on /home/airflow/.local/lib/python3.8/site-packages/airflow/example_dags/example_task_group.py
[2023-12-16T21:11:45.119+0000] {processor.py:829} INFO - Processing file /home/airflow/.local/lib/python3.8/site-packages/airflow/example_dags/example_task_group.py for tasks to queue
[2023-12-16T21:11:45.123+0000] {logging_mixin.py:154} INFO - [2023-12-16T21:11:45.122+0000] {dagbag.py:536} INFO - Filling up the DagBag from /home/airflow/.local/lib/python3.8/site-packages/airflow/example_dags/example_task_group.py
[2023-12-16T21:11:45.135+0000] {processor.py:839} INFO - DAG(s) dict_keys(['example_task_group']) retrieved from /home/airflow/.local/lib/python3.8/site-packages/airflow/example_dags/example_task_group.py
[2023-12-16T21:11:45.172+0000] {logging_mixin.py:154} INFO - [2023-12-16T21:11:45.171+0000] {dag.py:2941} INFO - Sync 1 DAGs
[2023-12-16T21:11:45.217+0000] {logging_mixin.py:154} INFO - [2023-12-16T21:11:45.216+0000] {dag.py:3722} INFO - Setting next_dagrun for example_task_group to 2023-12-15T21:11:45.216387+00:00, run_after=2023-12-16T21:11:45.216387+00:00
[2023-12-16T21:11:45.253+0000] {processor.py:179} INFO - Processing /home/airflow/.local/lib/python3.8/site-packages/airflow/example_dags/example_task_group.py took 0.142 seconds
[2023-12-16T21:12:15.753+0000] {processor.py:157} INFO - Started process (PID=611) to work on /home/airflow/.local/lib/python3.8/site-packages/airflow/example_dags/example_task_group.py
[2023-12-16T21:12:15.755+0000] {processor.py:829} INFO - Processing file /home/airflow/.local/lib/python3.8/site-packages/airflow/example_dags/example_task_group.py for tasks to queue
[2023-12-16T21:12:15.760+0000] {logging_mixin.py:154} INFO - [2023-12-16T21:12:15.759+0000] {dagbag.py:536} INFO - Filling up the DagBag from /home/airflow/.local/lib/python3.8/site-packages/airflow/example_dags/example_task_group.py
[2023-12-16T21:12:15.774+0000] {processor.py:839} INFO - DAG(s) dict_keys(['example_task_group']) retrieved from /home/airflow/.local/lib/python3.8/site-packages/airflow/example_dags/example_task_group.py
[2023-12-16T21:12:15.812+0000] {logging_mixin.py:154} INFO - [2023-12-16T21:12:15.812+0000] {dag.py:2941} INFO - Sync 1 DAGs
[2023-12-16T21:12:15.848+0000] {logging_mixin.py:154} INFO - [2023-12-16T21:12:15.848+0000] {dag.py:3722} INFO - Setting next_dagrun for example_task_group to 2023-12-15T21:12:15.848109+00:00, run_after=2023-12-16T21:12:15.848109+00:00
[2023-12-16T21:12:15.880+0000] {processor.py:179} INFO - Processing /home/airflow/.local/lib/python3.8/site-packages/airflow/example_dags/example_task_group.py took 0.132 seconds
[2023-12-16T21:12:46.518+0000] {processor.py:157} INFO - Started process (PID=665) to work on /home/airflow/.local/lib/python3.8/site-packages/airflow/example_dags/example_task_group.py
[2023-12-16T21:12:46.520+0000] {processor.py:829} INFO - Processing file /home/airflow/.local/lib/python3.8/site-packages/airflow/example_dags/example_task_group.py for tasks to queue
[2023-12-16T21:12:46.524+0000] {logging_mixin.py:154} INFO - [2023-12-16T21:12:46.524+0000] {dagbag.py:536} INFO - Filling up the DagBag from /home/airflow/.local/lib/python3.8/site-packages/airflow/example_dags/example_task_group.py
[2023-12-16T21:12:46.540+0000] {processor.py:839} INFO - DAG(s) dict_keys(['example_task_group']) retrieved from /home/airflow/.local/lib/python3.8/site-packages/airflow/example_dags/example_task_group.py
[2023-12-16T21:12:46.594+0000] {logging_mixin.py:154} INFO - [2023-12-16T21:12:46.593+0000] {dag.py:2941} INFO - Sync 1 DAGs
[2023-12-16T21:12:46.642+0000] {logging_mixin.py:154} INFO - [2023-12-16T21:12:46.641+0000] {dag.py:3722} INFO - Setting next_dagrun for example_task_group to 2023-12-15T21:12:46.641548+00:00, run_after=2023-12-16T21:12:46.641548+00:00
[2023-12-16T21:12:46.678+0000] {processor.py:179} INFO - Processing /home/airflow/.local/lib/python3.8/site-packages/airflow/example_dags/example_task_group.py took 0.165 seconds
