[2023-12-16T19:21:51.328+0000] {processor.py:157} INFO - Started process (PID=46) to work on /home/airflow/.local/lib/python3.8/site-packages/airflow/example_dags/example_complex.py
[2023-12-16T19:21:51.359+0000] {processor.py:829} INFO - Processing file /home/airflow/.local/lib/python3.8/site-packages/airflow/example_dags/example_complex.py for tasks to queue
[2023-12-16T19:21:51.422+0000] {logging_mixin.py:154} INFO - [2023-12-16T19:21:51.420+0000] {dagbag.py:536} INFO - Filling up the DagBag from /home/airflow/.local/lib/python3.8/site-packages/airflow/example_dags/example_complex.py
[2023-12-16T19:21:51.895+0000] {processor.py:839} INFO - DAG(s) dict_keys(['example_complex']) retrieved from /home/airflow/.local/lib/python3.8/site-packages/airflow/example_dags/example_complex.py
[2023-12-16T19:21:52.348+0000] {logging_mixin.py:154} INFO - [2023-12-16T19:21:52.348+0000] {dag.py:2941} INFO - Sync 1 DAGs
[2023-12-16T19:21:52.497+0000] {logging_mixin.py:154} INFO - [2023-12-16T19:21:52.496+0000] {dag.py:3722} INFO - Setting next_dagrun for example_complex to None, run_after=None
[2023-12-16T19:21:52.740+0000] {processor.py:179} INFO - Processing /home/airflow/.local/lib/python3.8/site-packages/airflow/example_dags/example_complex.py took 1.516 seconds
[2023-12-16T19:23:06.445+0000] {processor.py:157} INFO - Started process (PID=99) to work on /home/airflow/.local/lib/python3.8/site-packages/airflow/example_dags/example_complex.py
[2023-12-16T19:23:06.455+0000] {processor.py:829} INFO - Processing file /home/airflow/.local/lib/python3.8/site-packages/airflow/example_dags/example_complex.py for tasks to queue
[2023-12-16T19:23:06.464+0000] {logging_mixin.py:154} INFO - [2023-12-16T19:23:06.463+0000] {dagbag.py:536} INFO - Filling up the DagBag from /home/airflow/.local/lib/python3.8/site-packages/airflow/example_dags/example_complex.py
[2023-12-16T19:23:06.546+0000] {processor.py:839} INFO - DAG(s) dict_keys(['example_complex']) retrieved from /home/airflow/.local/lib/python3.8/site-packages/airflow/example_dags/example_complex.py
[2023-12-16T19:23:06.707+0000] {logging_mixin.py:154} INFO - [2023-12-16T19:23:06.706+0000] {dag.py:2941} INFO - Sync 1 DAGs
[2023-12-16T19:23:06.759+0000] {logging_mixin.py:154} INFO - [2023-12-16T19:23:06.758+0000] {dag.py:3722} INFO - Setting next_dagrun for example_complex to None, run_after=None
[2023-12-16T19:23:07.250+0000] {processor.py:179} INFO - Processing /home/airflow/.local/lib/python3.8/site-packages/airflow/example_dags/example_complex.py took 0.812 seconds
[2023-12-16T19:23:37.508+0000] {processor.py:157} INFO - Started process (PID=151) to work on /home/airflow/.local/lib/python3.8/site-packages/airflow/example_dags/example_complex.py
[2023-12-16T19:23:37.512+0000] {processor.py:829} INFO - Processing file /home/airflow/.local/lib/python3.8/site-packages/airflow/example_dags/example_complex.py for tasks to queue
[2023-12-16T19:23:37.518+0000] {logging_mixin.py:154} INFO - [2023-12-16T19:23:37.517+0000] {dagbag.py:536} INFO - Filling up the DagBag from /home/airflow/.local/lib/python3.8/site-packages/airflow/example_dags/example_complex.py
[2023-12-16T19:23:37.574+0000] {processor.py:839} INFO - DAG(s) dict_keys(['example_complex']) retrieved from /home/airflow/.local/lib/python3.8/site-packages/airflow/example_dags/example_complex.py
[2023-12-16T19:23:37.716+0000] {logging_mixin.py:154} INFO - [2023-12-16T19:23:37.716+0000] {dag.py:2941} INFO - Sync 1 DAGs
[2023-12-16T19:23:37.786+0000] {logging_mixin.py:154} INFO - [2023-12-16T19:23:37.785+0000] {dag.py:3722} INFO - Setting next_dagrun for example_complex to None, run_after=None
[2023-12-16T19:23:37.880+0000] {processor.py:179} INFO - Processing /home/airflow/.local/lib/python3.8/site-packages/airflow/example_dags/example_complex.py took 0.379 seconds
[2023-12-16T19:24:08.120+0000] {processor.py:157} INFO - Started process (PID=205) to work on /home/airflow/.local/lib/python3.8/site-packages/airflow/example_dags/example_complex.py
[2023-12-16T19:24:08.124+0000] {processor.py:829} INFO - Processing file /home/airflow/.local/lib/python3.8/site-packages/airflow/example_dags/example_complex.py for tasks to queue
[2023-12-16T19:24:08.131+0000] {logging_mixin.py:154} INFO - [2023-12-16T19:24:08.131+0000] {dagbag.py:536} INFO - Filling up the DagBag from /home/airflow/.local/lib/python3.8/site-packages/airflow/example_dags/example_complex.py
[2023-12-16T19:24:08.159+0000] {processor.py:839} INFO - DAG(s) dict_keys(['example_complex']) retrieved from /home/airflow/.local/lib/python3.8/site-packages/airflow/example_dags/example_complex.py
[2023-12-16T19:24:08.244+0000] {logging_mixin.py:154} INFO - [2023-12-16T19:24:08.243+0000] {dag.py:2941} INFO - Sync 1 DAGs
[2023-12-16T19:24:08.291+0000] {logging_mixin.py:154} INFO - [2023-12-16T19:24:08.290+0000] {dag.py:3722} INFO - Setting next_dagrun for example_complex to None, run_after=None
[2023-12-16T19:24:08.327+0000] {processor.py:179} INFO - Processing /home/airflow/.local/lib/python3.8/site-packages/airflow/example_dags/example_complex.py took 0.226 seconds
[2023-12-16T19:35:32.786+0000] {processor.py:157} INFO - Started process (PID=47) to work on /home/airflow/.local/lib/python3.8/site-packages/airflow/example_dags/example_complex.py
[2023-12-16T19:35:32.813+0000] {processor.py:829} INFO - Processing file /home/airflow/.local/lib/python3.8/site-packages/airflow/example_dags/example_complex.py for tasks to queue
[2023-12-16T19:35:32.822+0000] {logging_mixin.py:154} INFO - [2023-12-16T19:35:32.821+0000] {dagbag.py:536} INFO - Filling up the DagBag from /home/airflow/.local/lib/python3.8/site-packages/airflow/example_dags/example_complex.py
[2023-12-16T19:35:33.009+0000] {processor.py:839} INFO - DAG(s) dict_keys(['example_complex']) retrieved from /home/airflow/.local/lib/python3.8/site-packages/airflow/example_dags/example_complex.py
[2023-12-16T19:35:33.654+0000] {logging_mixin.py:154} INFO - [2023-12-16T19:35:33.654+0000] {dag.py:2941} INFO - Sync 1 DAGs
[2023-12-16T19:35:33.982+0000] {logging_mixin.py:154} INFO - [2023-12-16T19:35:33.982+0000] {dag.py:3722} INFO - Setting next_dagrun for example_complex to None, run_after=None
[2023-12-16T19:35:34.278+0000] {processor.py:179} INFO - Processing /home/airflow/.local/lib/python3.8/site-packages/airflow/example_dags/example_complex.py took 1.521 seconds
[2023-12-16T19:36:18.486+0000] {processor.py:157} INFO - Started process (PID=106) to work on /home/airflow/.local/lib/python3.8/site-packages/airflow/example_dags/example_complex.py
[2023-12-16T19:36:18.489+0000] {processor.py:829} INFO - Processing file /home/airflow/.local/lib/python3.8/site-packages/airflow/example_dags/example_complex.py for tasks to queue
[2023-12-16T19:36:18.518+0000] {logging_mixin.py:154} INFO - [2023-12-16T19:36:18.516+0000] {dagbag.py:536} INFO - Filling up the DagBag from /home/airflow/.local/lib/python3.8/site-packages/airflow/example_dags/example_complex.py
[2023-12-16T19:36:18.708+0000] {processor.py:839} INFO - DAG(s) dict_keys(['example_complex']) retrieved from /home/airflow/.local/lib/python3.8/site-packages/airflow/example_dags/example_complex.py
[2023-12-16T19:36:18.996+0000] {logging_mixin.py:154} INFO - [2023-12-16T19:36:18.996+0000] {dag.py:2941} INFO - Sync 1 DAGs
[2023-12-16T19:36:19.039+0000] {logging_mixin.py:154} INFO - [2023-12-16T19:36:19.039+0000] {dag.py:3722} INFO - Setting next_dagrun for example_complex to None, run_after=None
[2023-12-16T19:36:19.128+0000] {processor.py:179} INFO - Processing /home/airflow/.local/lib/python3.8/site-packages/airflow/example_dags/example_complex.py took 0.664 seconds
[2023-12-16T19:37:01.373+0000] {processor.py:157} INFO - Started process (PID=158) to work on /home/airflow/.local/lib/python3.8/site-packages/airflow/example_dags/example_complex.py
[2023-12-16T19:37:01.379+0000] {processor.py:829} INFO - Processing file /home/airflow/.local/lib/python3.8/site-packages/airflow/example_dags/example_complex.py for tasks to queue
[2023-12-16T19:37:01.400+0000] {logging_mixin.py:154} INFO - [2023-12-16T19:37:01.400+0000] {dagbag.py:536} INFO - Filling up the DagBag from /home/airflow/.local/lib/python3.8/site-packages/airflow/example_dags/example_complex.py
[2023-12-16T19:37:01.547+0000] {processor.py:839} INFO - DAG(s) dict_keys(['example_complex']) retrieved from /home/airflow/.local/lib/python3.8/site-packages/airflow/example_dags/example_complex.py
[2023-12-16T19:37:02.056+0000] {logging_mixin.py:154} INFO - [2023-12-16T19:37:02.056+0000] {dag.py:2941} INFO - Sync 1 DAGs
[2023-12-16T19:37:02.418+0000] {logging_mixin.py:154} INFO - [2023-12-16T19:37:02.417+0000] {dag.py:3722} INFO - Setting next_dagrun for example_complex to None, run_after=None
[2023-12-16T19:37:02.785+0000] {processor.py:179} INFO - Processing /home/airflow/.local/lib/python3.8/site-packages/airflow/example_dags/example_complex.py took 1.453 seconds
[2023-12-16T19:37:45.078+0000] {processor.py:157} INFO - Started process (PID=211) to work on /home/airflow/.local/lib/python3.8/site-packages/airflow/example_dags/example_complex.py
[2023-12-16T19:37:45.085+0000] {processor.py:829} INFO - Processing file /home/airflow/.local/lib/python3.8/site-packages/airflow/example_dags/example_complex.py for tasks to queue
[2023-12-16T19:37:45.100+0000] {logging_mixin.py:154} INFO - [2023-12-16T19:37:45.099+0000] {dagbag.py:536} INFO - Filling up the DagBag from /home/airflow/.local/lib/python3.8/site-packages/airflow/example_dags/example_complex.py
[2023-12-16T19:37:45.146+0000] {processor.py:839} INFO - DAG(s) dict_keys(['example_complex']) retrieved from /home/airflow/.local/lib/python3.8/site-packages/airflow/example_dags/example_complex.py
[2023-12-16T19:37:45.247+0000] {logging_mixin.py:154} INFO - [2023-12-16T19:37:45.247+0000] {dag.py:2941} INFO - Sync 1 DAGs
[2023-12-16T19:37:45.280+0000] {logging_mixin.py:154} INFO - [2023-12-16T19:37:45.279+0000] {dag.py:3722} INFO - Setting next_dagrun for example_complex to None, run_after=None
[2023-12-16T19:37:45.726+0000] {processor.py:179} INFO - Processing /home/airflow/.local/lib/python3.8/site-packages/airflow/example_dags/example_complex.py took 0.657 seconds
[2023-12-16T19:40:47.948+0000] {processor.py:157} INFO - Started process (PID=46) to work on /home/airflow/.local/lib/python3.8/site-packages/airflow/example_dags/example_complex.py
[2023-12-16T19:40:47.964+0000] {processor.py:829} INFO - Processing file /home/airflow/.local/lib/python3.8/site-packages/airflow/example_dags/example_complex.py for tasks to queue
[2023-12-16T19:40:47.995+0000] {logging_mixin.py:154} INFO - [2023-12-16T19:40:47.993+0000] {dagbag.py:536} INFO - Filling up the DagBag from /home/airflow/.local/lib/python3.8/site-packages/airflow/example_dags/example_complex.py
[2023-12-16T19:40:48.144+0000] {processor.py:839} INFO - DAG(s) dict_keys(['example_complex']) retrieved from /home/airflow/.local/lib/python3.8/site-packages/airflow/example_dags/example_complex.py
[2023-12-16T19:40:49.138+0000] {logging_mixin.py:154} INFO - [2023-12-16T19:40:49.137+0000] {dag.py:2941} INFO - Sync 1 DAGs
[2023-12-16T19:40:49.472+0000] {logging_mixin.py:154} INFO - [2023-12-16T19:40:49.472+0000] {dag.py:3722} INFO - Setting next_dagrun for example_complex to None, run_after=None
[2023-12-16T19:40:51.234+0000] {processor.py:179} INFO - Processing /home/airflow/.local/lib/python3.8/site-packages/airflow/example_dags/example_complex.py took 3.303 seconds
[2023-12-16T19:44:07.189+0000] {processor.py:157} INFO - Started process (PID=100) to work on /home/airflow/.local/lib/python3.8/site-packages/airflow/example_dags/example_complex.py
[2023-12-16T19:44:07.195+0000] {processor.py:829} INFO - Processing file /home/airflow/.local/lib/python3.8/site-packages/airflow/example_dags/example_complex.py for tasks to queue
[2023-12-16T19:44:07.229+0000] {logging_mixin.py:154} INFO - [2023-12-16T19:44:07.228+0000] {dagbag.py:536} INFO - Filling up the DagBag from /home/airflow/.local/lib/python3.8/site-packages/airflow/example_dags/example_complex.py
[2023-12-16T19:44:07.315+0000] {processor.py:839} INFO - DAG(s) dict_keys(['example_complex']) retrieved from /home/airflow/.local/lib/python3.8/site-packages/airflow/example_dags/example_complex.py
[2023-12-16T19:44:07.539+0000] {logging_mixin.py:154} INFO - [2023-12-16T19:44:07.538+0000] {dag.py:2941} INFO - Sync 1 DAGs
[2023-12-16T19:44:07.643+0000] {logging_mixin.py:154} INFO - [2023-12-16T19:44:07.643+0000] {dag.py:3722} INFO - Setting next_dagrun for example_complex to None, run_after=None
[2023-12-16T19:44:07.952+0000] {processor.py:179} INFO - Processing /home/airflow/.local/lib/python3.8/site-packages/airflow/example_dags/example_complex.py took 0.771 seconds
[2023-12-16T19:44:48.842+0000] {processor.py:157} INFO - Started process (PID=158) to work on /home/airflow/.local/lib/python3.8/site-packages/airflow/example_dags/example_complex.py
[2023-12-16T19:44:48.844+0000] {processor.py:829} INFO - Processing file /home/airflow/.local/lib/python3.8/site-packages/airflow/example_dags/example_complex.py for tasks to queue
[2023-12-16T19:44:48.851+0000] {logging_mixin.py:154} INFO - [2023-12-16T19:44:48.850+0000] {dagbag.py:536} INFO - Filling up the DagBag from /home/airflow/.local/lib/python3.8/site-packages/airflow/example_dags/example_complex.py
[2023-12-16T19:44:48.958+0000] {processor.py:839} INFO - DAG(s) dict_keys(['example_complex']) retrieved from /home/airflow/.local/lib/python3.8/site-packages/airflow/example_dags/example_complex.py
[2023-12-16T19:44:49.256+0000] {logging_mixin.py:154} INFO - [2023-12-16T19:44:49.256+0000] {dag.py:2941} INFO - Sync 1 DAGs
[2023-12-16T19:44:49.370+0000] {logging_mixin.py:154} INFO - [2023-12-16T19:44:49.370+0000] {dag.py:3722} INFO - Setting next_dagrun for example_complex to None, run_after=None
[2023-12-16T19:44:49.572+0000] {processor.py:179} INFO - Processing /home/airflow/.local/lib/python3.8/site-packages/airflow/example_dags/example_complex.py took 0.739 seconds
[2023-12-16T19:45:24.211+0000] {processor.py:157} INFO - Started process (PID=203) to work on /home/airflow/.local/lib/python3.8/site-packages/airflow/example_dags/example_complex.py
[2023-12-16T19:45:24.220+0000] {processor.py:829} INFO - Processing file /home/airflow/.local/lib/python3.8/site-packages/airflow/example_dags/example_complex.py for tasks to queue
[2023-12-16T19:45:24.226+0000] {logging_mixin.py:154} INFO - [2023-12-16T19:45:24.225+0000] {dagbag.py:536} INFO - Filling up the DagBag from /home/airflow/.local/lib/python3.8/site-packages/airflow/example_dags/example_complex.py
[2023-12-16T19:45:24.309+0000] {processor.py:839} INFO - DAG(s) dict_keys(['example_complex']) retrieved from /home/airflow/.local/lib/python3.8/site-packages/airflow/example_dags/example_complex.py
[2023-12-16T19:45:24.776+0000] {logging_mixin.py:154} INFO - [2023-12-16T19:45:24.775+0000] {dag.py:2941} INFO - Sync 1 DAGs
[2023-12-16T19:45:24.982+0000] {logging_mixin.py:154} INFO - [2023-12-16T19:45:24.982+0000] {dag.py:3722} INFO - Setting next_dagrun for example_complex to None, run_after=None
[2023-12-16T19:45:25.245+0000] {processor.py:179} INFO - Processing /home/airflow/.local/lib/python3.8/site-packages/airflow/example_dags/example_complex.py took 1.066 seconds
[2023-12-16T20:04:31.058+0000] {processor.py:157} INFO - Started process (PID=108) to work on /home/airflow/.local/lib/python3.8/site-packages/airflow/example_dags/example_complex.py
[2023-12-16T20:04:31.069+0000] {processor.py:829} INFO - Processing file /home/airflow/.local/lib/python3.8/site-packages/airflow/example_dags/example_complex.py for tasks to queue
[2023-12-16T20:04:31.085+0000] {logging_mixin.py:154} INFO - [2023-12-16T20:04:31.084+0000] {dagbag.py:536} INFO - Filling up the DagBag from /home/airflow/.local/lib/python3.8/site-packages/airflow/example_dags/example_complex.py
[2023-12-16T20:04:31.206+0000] {processor.py:839} INFO - DAG(s) dict_keys(['example_complex']) retrieved from /home/airflow/.local/lib/python3.8/site-packages/airflow/example_dags/example_complex.py
[2023-12-16T20:04:31.350+0000] {logging_mixin.py:154} INFO - [2023-12-16T20:04:31.350+0000] {dag.py:2941} INFO - Sync 1 DAGs
[2023-12-16T20:04:31.389+0000] {logging_mixin.py:154} INFO - [2023-12-16T20:04:31.389+0000] {dag.py:3722} INFO - Setting next_dagrun for example_complex to None, run_after=None
[2023-12-16T20:04:31.472+0000] {processor.py:179} INFO - Processing /home/airflow/.local/lib/python3.8/site-packages/airflow/example_dags/example_complex.py took 0.425 seconds
[2023-12-16T20:05:01.624+0000] {processor.py:157} INFO - Started process (PID=175) to work on /home/airflow/.local/lib/python3.8/site-packages/airflow/example_dags/example_complex.py
[2023-12-16T20:05:01.631+0000] {processor.py:829} INFO - Processing file /home/airflow/.local/lib/python3.8/site-packages/airflow/example_dags/example_complex.py for tasks to queue
[2023-12-16T20:05:01.637+0000] {logging_mixin.py:154} INFO - [2023-12-16T20:05:01.636+0000] {dagbag.py:536} INFO - Filling up the DagBag from /home/airflow/.local/lib/python3.8/site-packages/airflow/example_dags/example_complex.py
[2023-12-16T20:05:01.687+0000] {processor.py:839} INFO - DAG(s) dict_keys(['example_complex']) retrieved from /home/airflow/.local/lib/python3.8/site-packages/airflow/example_dags/example_complex.py
[2023-12-16T20:05:01.765+0000] {logging_mixin.py:154} INFO - [2023-12-16T20:05:01.765+0000] {dag.py:2941} INFO - Sync 1 DAGs
[2023-12-16T20:05:01.792+0000] {logging_mixin.py:154} INFO - [2023-12-16T20:05:01.791+0000] {dag.py:3722} INFO - Setting next_dagrun for example_complex to None, run_after=None
[2023-12-16T20:05:01.846+0000] {processor.py:179} INFO - Processing /home/airflow/.local/lib/python3.8/site-packages/airflow/example_dags/example_complex.py took 0.228 seconds
[2023-12-16T20:05:35.502+0000] {processor.py:157} INFO - Started process (PID=242) to work on /home/airflow/.local/lib/python3.8/site-packages/airflow/example_dags/example_complex.py
[2023-12-16T20:05:35.506+0000] {processor.py:829} INFO - Processing file /home/airflow/.local/lib/python3.8/site-packages/airflow/example_dags/example_complex.py for tasks to queue
[2023-12-16T20:05:35.533+0000] {logging_mixin.py:154} INFO - [2023-12-16T20:05:35.532+0000] {dagbag.py:536} INFO - Filling up the DagBag from /home/airflow/.local/lib/python3.8/site-packages/airflow/example_dags/example_complex.py
[2023-12-16T20:05:35.627+0000] {processor.py:839} INFO - DAG(s) dict_keys(['example_complex']) retrieved from /home/airflow/.local/lib/python3.8/site-packages/airflow/example_dags/example_complex.py
[2023-12-16T20:05:35.897+0000] {logging_mixin.py:154} INFO - [2023-12-16T20:05:35.896+0000] {dag.py:2941} INFO - Sync 1 DAGs
[2023-12-16T20:05:36.000+0000] {logging_mixin.py:154} INFO - [2023-12-16T20:05:36.000+0000] {dag.py:3722} INFO - Setting next_dagrun for example_complex to None, run_after=None
[2023-12-16T20:05:36.130+0000] {processor.py:179} INFO - Processing /home/airflow/.local/lib/python3.8/site-packages/airflow/example_dags/example_complex.py took 0.635 seconds
[2023-12-16T20:08:06.484+0000] {processor.py:157} INFO - Started process (PID=315) to work on /home/airflow/.local/lib/python3.8/site-packages/airflow/example_dags/example_complex.py
[2023-12-16T20:08:06.521+0000] {processor.py:829} INFO - Processing file /home/airflow/.local/lib/python3.8/site-packages/airflow/example_dags/example_complex.py for tasks to queue
[2023-12-16T20:08:06.618+0000] {logging_mixin.py:154} INFO - [2023-12-16T20:08:06.584+0000] {dagbag.py:536} INFO - Filling up the DagBag from /home/airflow/.local/lib/python3.8/site-packages/airflow/example_dags/example_complex.py
[2023-12-16T20:08:06.764+0000] {processor.py:839} INFO - DAG(s) dict_keys(['example_complex']) retrieved from /home/airflow/.local/lib/python3.8/site-packages/airflow/example_dags/example_complex.py
[2023-12-16T20:20:28.888+0000] {processor.py:157} INFO - Started process (PID=47) to work on /home/airflow/.local/lib/python3.8/site-packages/airflow/example_dags/example_complex.py
[2023-12-16T20:20:28.895+0000] {processor.py:829} INFO - Processing file /home/airflow/.local/lib/python3.8/site-packages/airflow/example_dags/example_complex.py for tasks to queue
[2023-12-16T20:20:28.906+0000] {logging_mixin.py:154} INFO - [2023-12-16T20:20:28.904+0000] {dagbag.py:536} INFO - Filling up the DagBag from /home/airflow/.local/lib/python3.8/site-packages/airflow/example_dags/example_complex.py
[2023-12-16T20:20:29.024+0000] {processor.py:839} INFO - DAG(s) dict_keys(['example_complex']) retrieved from /home/airflow/.local/lib/python3.8/site-packages/airflow/example_dags/example_complex.py
[2023-12-16T20:20:29.974+0000] {logging_mixin.py:154} INFO - [2023-12-16T20:20:29.974+0000] {dag.py:2941} INFO - Sync 1 DAGs
[2023-12-16T20:20:30.105+0000] {logging_mixin.py:154} INFO - [2023-12-16T20:20:30.104+0000] {dag.py:3722} INFO - Setting next_dagrun for example_complex to None, run_after=None
[2023-12-16T20:20:30.212+0000] {processor.py:179} INFO - Processing /home/airflow/.local/lib/python3.8/site-packages/airflow/example_dags/example_complex.py took 1.336 seconds
[2023-12-16T20:21:09.333+0000] {processor.py:157} INFO - Started process (PID=100) to work on /home/airflow/.local/lib/python3.8/site-packages/airflow/example_dags/example_complex.py
[2023-12-16T20:21:09.339+0000] {processor.py:829} INFO - Processing file /home/airflow/.local/lib/python3.8/site-packages/airflow/example_dags/example_complex.py for tasks to queue
[2023-12-16T20:21:09.367+0000] {logging_mixin.py:154} INFO - [2023-12-16T20:21:09.367+0000] {dagbag.py:536} INFO - Filling up the DagBag from /home/airflow/.local/lib/python3.8/site-packages/airflow/example_dags/example_complex.py
[2023-12-16T20:21:09.514+0000] {processor.py:839} INFO - DAG(s) dict_keys(['example_complex']) retrieved from /home/airflow/.local/lib/python3.8/site-packages/airflow/example_dags/example_complex.py
[2023-12-16T20:21:09.799+0000] {logging_mixin.py:154} INFO - [2023-12-16T20:21:09.799+0000] {dag.py:2941} INFO - Sync 1 DAGs
[2023-12-16T20:21:09.910+0000] {logging_mixin.py:154} INFO - [2023-12-16T20:21:09.910+0000] {dag.py:3722} INFO - Setting next_dagrun for example_complex to None, run_after=None
[2023-12-16T20:21:10.022+0000] {processor.py:179} INFO - Processing /home/airflow/.local/lib/python3.8/site-packages/airflow/example_dags/example_complex.py took 0.713 seconds
[2023-12-16T20:21:40.193+0000] {processor.py:157} INFO - Started process (PID=151) to work on /home/airflow/.local/lib/python3.8/site-packages/airflow/example_dags/example_complex.py
[2023-12-16T20:21:40.195+0000] {processor.py:829} INFO - Processing file /home/airflow/.local/lib/python3.8/site-packages/airflow/example_dags/example_complex.py for tasks to queue
[2023-12-16T20:21:40.199+0000] {logging_mixin.py:154} INFO - [2023-12-16T20:21:40.199+0000] {dagbag.py:536} INFO - Filling up the DagBag from /home/airflow/.local/lib/python3.8/site-packages/airflow/example_dags/example_complex.py
[2023-12-16T20:21:40.225+0000] {processor.py:839} INFO - DAG(s) dict_keys(['example_complex']) retrieved from /home/airflow/.local/lib/python3.8/site-packages/airflow/example_dags/example_complex.py
[2023-12-16T20:21:40.300+0000] {logging_mixin.py:154} INFO - [2023-12-16T20:21:40.300+0000] {dag.py:2941} INFO - Sync 1 DAGs
[2023-12-16T20:21:40.331+0000] {logging_mixin.py:154} INFO - [2023-12-16T20:21:40.330+0000] {dag.py:3722} INFO - Setting next_dagrun for example_complex to None, run_after=None
[2023-12-16T20:21:40.369+0000] {processor.py:179} INFO - Processing /home/airflow/.local/lib/python3.8/site-packages/airflow/example_dags/example_complex.py took 0.183 seconds
[2023-12-16T20:24:46.985+0000] {processor.py:157} INFO - Started process (PID=171) to work on /home/airflow/.local/lib/python3.8/site-packages/airflow/example_dags/example_complex.py
[2023-12-16T20:24:47.001+0000] {processor.py:829} INFO - Processing file /home/airflow/.local/lib/python3.8/site-packages/airflow/example_dags/example_complex.py for tasks to queue
[2023-12-16T20:24:47.102+0000] {logging_mixin.py:154} INFO - [2023-12-16T20:24:47.056+0000] {dagbag.py:536} INFO - Filling up the DagBag from /home/airflow/.local/lib/python3.8/site-packages/airflow/example_dags/example_complex.py
[2023-12-16T20:24:47.359+0000] {processor.py:839} INFO - DAG(s) dict_keys(['example_complex']) retrieved from /home/airflow/.local/lib/python3.8/site-packages/airflow/example_dags/example_complex.py
[2023-12-16T20:25:04.523+0000] {logging_mixin.py:154} INFO - [2023-12-16T20:25:03.937+0000] {dag.py:2941} INFO - Sync 1 DAGs
[2023-12-16T20:25:19.001+0000] {logging_mixin.py:154} INFO - [2023-12-16T20:25:18.917+0000] {dag.py:3722} INFO - Setting next_dagrun for example_complex to None, run_after=None
[2023-12-16T20:26:27.489+0000] {processor.py:179} INFO - Processing /home/airflow/.local/lib/python3.8/site-packages/airflow/example_dags/example_complex.py took 100.555 seconds
[2023-12-16T20:31:09.603+0000] {processor.py:157} INFO - Started process (PID=48) to work on /home/airflow/.local/lib/python3.8/site-packages/airflow/example_dags/example_complex.py
[2023-12-16T20:31:09.610+0000] {processor.py:829} INFO - Processing file /home/airflow/.local/lib/python3.8/site-packages/airflow/example_dags/example_complex.py for tasks to queue
[2023-12-16T20:31:09.622+0000] {logging_mixin.py:154} INFO - [2023-12-16T20:31:09.622+0000] {dagbag.py:536} INFO - Filling up the DagBag from /home/airflow/.local/lib/python3.8/site-packages/airflow/example_dags/example_complex.py
[2023-12-16T20:31:09.736+0000] {processor.py:839} INFO - DAG(s) dict_keys(['example_complex']) retrieved from /home/airflow/.local/lib/python3.8/site-packages/airflow/example_dags/example_complex.py
[2023-12-16T20:31:11.733+0000] {logging_mixin.py:154} INFO - [2023-12-16T20:31:11.732+0000] {dag.py:2941} INFO - Sync 1 DAGs
[2023-12-16T20:31:11.942+0000] {logging_mixin.py:154} INFO - [2023-12-16T20:31:11.942+0000] {dag.py:3722} INFO - Setting next_dagrun for example_complex to None, run_after=None
[2023-12-16T20:31:12.219+0000] {processor.py:179} INFO - Processing /home/airflow/.local/lib/python3.8/site-packages/airflow/example_dags/example_complex.py took 2.640 seconds
[2023-12-16T20:31:45.204+0000] {processor.py:157} INFO - Started process (PID=102) to work on /home/airflow/.local/lib/python3.8/site-packages/airflow/example_dags/example_complex.py
[2023-12-16T20:31:45.206+0000] {processor.py:829} INFO - Processing file /home/airflow/.local/lib/python3.8/site-packages/airflow/example_dags/example_complex.py for tasks to queue
[2023-12-16T20:31:45.215+0000] {logging_mixin.py:154} INFO - [2023-12-16T20:31:45.215+0000] {dagbag.py:536} INFO - Filling up the DagBag from /home/airflow/.local/lib/python3.8/site-packages/airflow/example_dags/example_complex.py
[2023-12-16T20:31:45.248+0000] {processor.py:839} INFO - DAG(s) dict_keys(['example_complex']) retrieved from /home/airflow/.local/lib/python3.8/site-packages/airflow/example_dags/example_complex.py
[2023-12-16T20:31:45.351+0000] {logging_mixin.py:154} INFO - [2023-12-16T20:31:45.351+0000] {dag.py:2941} INFO - Sync 1 DAGs
[2023-12-16T20:31:45.406+0000] {logging_mixin.py:154} INFO - [2023-12-16T20:31:45.406+0000] {dag.py:3722} INFO - Setting next_dagrun for example_complex to None, run_after=None
[2023-12-16T20:31:45.459+0000] {processor.py:179} INFO - Processing /home/airflow/.local/lib/python3.8/site-packages/airflow/example_dags/example_complex.py took 0.262 seconds
[2023-12-16T20:32:15.972+0000] {processor.py:157} INFO - Started process (PID=153) to work on /home/airflow/.local/lib/python3.8/site-packages/airflow/example_dags/example_complex.py
[2023-12-16T20:32:15.975+0000] {processor.py:829} INFO - Processing file /home/airflow/.local/lib/python3.8/site-packages/airflow/example_dags/example_complex.py for tasks to queue
[2023-12-16T20:32:15.982+0000] {logging_mixin.py:154} INFO - [2023-12-16T20:32:15.981+0000] {dagbag.py:536} INFO - Filling up the DagBag from /home/airflow/.local/lib/python3.8/site-packages/airflow/example_dags/example_complex.py
[2023-12-16T20:32:16.016+0000] {processor.py:839} INFO - DAG(s) dict_keys(['example_complex']) retrieved from /home/airflow/.local/lib/python3.8/site-packages/airflow/example_dags/example_complex.py
[2023-12-16T20:32:16.107+0000] {logging_mixin.py:154} INFO - [2023-12-16T20:32:16.107+0000] {dag.py:2941} INFO - Sync 1 DAGs
[2023-12-16T20:32:16.148+0000] {logging_mixin.py:154} INFO - [2023-12-16T20:32:16.148+0000] {dag.py:3722} INFO - Setting next_dagrun for example_complex to None, run_after=None
[2023-12-16T20:32:16.217+0000] {processor.py:179} INFO - Processing /home/airflow/.local/lib/python3.8/site-packages/airflow/example_dags/example_complex.py took 0.256 seconds
[2023-12-16T20:34:24.469+0000] {processor.py:157} INFO - Started process (PID=40) to work on /home/airflow/.local/lib/python3.8/site-packages/airflow/example_dags/example_complex.py
[2023-12-16T20:34:24.472+0000] {processor.py:829} INFO - Processing file /home/airflow/.local/lib/python3.8/site-packages/airflow/example_dags/example_complex.py for tasks to queue
[2023-12-16T20:34:24.478+0000] {logging_mixin.py:154} INFO - [2023-12-16T20:34:24.477+0000] {dagbag.py:536} INFO - Filling up the DagBag from /home/airflow/.local/lib/python3.8/site-packages/airflow/example_dags/example_complex.py
[2023-12-16T20:34:24.522+0000] {processor.py:839} INFO - DAG(s) dict_keys(['example_complex']) retrieved from /home/airflow/.local/lib/python3.8/site-packages/airflow/example_dags/example_complex.py
[2023-12-16T20:34:24.618+0000] {logging_mixin.py:154} INFO - [2023-12-16T20:34:24.618+0000] {dag.py:2941} INFO - Sync 1 DAGs
[2023-12-16T20:34:24.656+0000] {logging_mixin.py:154} INFO - [2023-12-16T20:34:24.655+0000] {dag.py:3722} INFO - Setting next_dagrun for example_complex to None, run_after=None
[2023-12-16T20:34:24.701+0000] {processor.py:179} INFO - Processing /home/airflow/.local/lib/python3.8/site-packages/airflow/example_dags/example_complex.py took 0.240 seconds
[2023-12-16T20:34:55.753+0000] {processor.py:157} INFO - Started process (PID=93) to work on /home/airflow/.local/lib/python3.8/site-packages/airflow/example_dags/example_complex.py
[2023-12-16T20:34:55.766+0000] {processor.py:829} INFO - Processing file /home/airflow/.local/lib/python3.8/site-packages/airflow/example_dags/example_complex.py for tasks to queue
[2023-12-16T20:34:55.771+0000] {logging_mixin.py:154} INFO - [2023-12-16T20:34:55.771+0000] {dagbag.py:536} INFO - Filling up the DagBag from /home/airflow/.local/lib/python3.8/site-packages/airflow/example_dags/example_complex.py
[2023-12-16T20:34:55.832+0000] {processor.py:839} INFO - DAG(s) dict_keys(['example_complex']) retrieved from /home/airflow/.local/lib/python3.8/site-packages/airflow/example_dags/example_complex.py
[2023-12-16T20:34:55.998+0000] {logging_mixin.py:154} INFO - [2023-12-16T20:34:55.998+0000] {dag.py:2941} INFO - Sync 1 DAGs
[2023-12-16T20:34:56.119+0000] {logging_mixin.py:154} INFO - [2023-12-16T20:34:56.110+0000] {dag.py:3722} INFO - Setting next_dagrun for example_complex to None, run_after=None
[2023-12-16T20:34:56.230+0000] {processor.py:179} INFO - Processing /home/airflow/.local/lib/python3.8/site-packages/airflow/example_dags/example_complex.py took 0.485 seconds
[2023-12-16T20:39:41.607+0000] {processor.py:157} INFO - Started process (PID=159) to work on /home/airflow/.local/lib/python3.8/site-packages/airflow/example_dags/example_complex.py
[2023-12-16T20:39:41.622+0000] {processor.py:829} INFO - Processing file /home/airflow/.local/lib/python3.8/site-packages/airflow/example_dags/example_complex.py for tasks to queue
[2023-12-16T20:39:41.632+0000] {logging_mixin.py:154} INFO - [2023-12-16T20:39:41.632+0000] {dagbag.py:536} INFO - Filling up the DagBag from /home/airflow/.local/lib/python3.8/site-packages/airflow/example_dags/example_complex.py
[2023-12-16T20:39:41.822+0000] {processor.py:839} INFO - DAG(s) dict_keys(['example_complex']) retrieved from /home/airflow/.local/lib/python3.8/site-packages/airflow/example_dags/example_complex.py
[2023-12-16T20:39:45.352+0000] {logging_mixin.py:154} INFO - [2023-12-16T20:39:45.233+0000] {dag.py:2941} INFO - Sync 1 DAGs
[2023-12-16T20:39:53.648+0000] {logging_mixin.py:154} INFO - [2023-12-16T20:39:51.778+0000] {dag.py:3722} INFO - Setting next_dagrun for example_complex to None, run_after=None
[2023-12-16T21:00:39.485+0000] {processor.py:157} INFO - Started process (PID=47) to work on /home/airflow/.local/lib/python3.8/site-packages/airflow/example_dags/example_complex.py
[2023-12-16T21:00:39.661+0000] {processor.py:829} INFO - Processing file /home/airflow/.local/lib/python3.8/site-packages/airflow/example_dags/example_complex.py for tasks to queue
[2023-12-16T21:00:39.751+0000] {logging_mixin.py:154} INFO - [2023-12-16T21:00:39.751+0000] {dagbag.py:536} INFO - Filling up the DagBag from /home/airflow/.local/lib/python3.8/site-packages/airflow/example_dags/example_complex.py
[2023-12-16T21:00:40.379+0000] {processor.py:839} INFO - DAG(s) dict_keys(['example_complex']) retrieved from /home/airflow/.local/lib/python3.8/site-packages/airflow/example_dags/example_complex.py
[2023-12-16T21:00:43.323+0000] {logging_mixin.py:154} INFO - [2023-12-16T21:00:43.322+0000] {dag.py:2941} INFO - Sync 1 DAGs
[2023-12-16T21:00:43.559+0000] {logging_mixin.py:154} INFO - [2023-12-16T21:00:43.558+0000] {dag.py:3722} INFO - Setting next_dagrun for example_complex to None, run_after=None
[2023-12-16T21:00:44.413+0000] {processor.py:179} INFO - Processing /home/airflow/.local/lib/python3.8/site-packages/airflow/example_dags/example_complex.py took 5.009 seconds
[2023-12-16T21:01:15.352+0000] {processor.py:157} INFO - Started process (PID=101) to work on /home/airflow/.local/lib/python3.8/site-packages/airflow/example_dags/example_complex.py
[2023-12-16T21:01:15.355+0000] {processor.py:829} INFO - Processing file /home/airflow/.local/lib/python3.8/site-packages/airflow/example_dags/example_complex.py for tasks to queue
[2023-12-16T21:01:15.362+0000] {logging_mixin.py:154} INFO - [2023-12-16T21:01:15.361+0000] {dagbag.py:536} INFO - Filling up the DagBag from /home/airflow/.local/lib/python3.8/site-packages/airflow/example_dags/example_complex.py
[2023-12-16T21:01:15.416+0000] {processor.py:839} INFO - DAG(s) dict_keys(['example_complex']) retrieved from /home/airflow/.local/lib/python3.8/site-packages/airflow/example_dags/example_complex.py
[2023-12-16T21:01:15.530+0000] {logging_mixin.py:154} INFO - [2023-12-16T21:01:15.530+0000] {dag.py:2941} INFO - Sync 1 DAGs
[2023-12-16T21:01:15.567+0000] {logging_mixin.py:154} INFO - [2023-12-16T21:01:15.567+0000] {dag.py:3722} INFO - Setting next_dagrun for example_complex to None, run_after=None
[2023-12-16T21:01:15.637+0000] {processor.py:179} INFO - Processing /home/airflow/.local/lib/python3.8/site-packages/airflow/example_dags/example_complex.py took 0.297 seconds
[2023-12-16T21:01:45.936+0000] {processor.py:157} INFO - Started process (PID=155) to work on /home/airflow/.local/lib/python3.8/site-packages/airflow/example_dags/example_complex.py
[2023-12-16T21:01:45.939+0000] {processor.py:829} INFO - Processing file /home/airflow/.local/lib/python3.8/site-packages/airflow/example_dags/example_complex.py for tasks to queue
[2023-12-16T21:01:45.953+0000] {logging_mixin.py:154} INFO - [2023-12-16T21:01:45.952+0000] {dagbag.py:536} INFO - Filling up the DagBag from /home/airflow/.local/lib/python3.8/site-packages/airflow/example_dags/example_complex.py
[2023-12-16T21:01:46.008+0000] {processor.py:839} INFO - DAG(s) dict_keys(['example_complex']) retrieved from /home/airflow/.local/lib/python3.8/site-packages/airflow/example_dags/example_complex.py
[2023-12-16T21:01:46.152+0000] {logging_mixin.py:154} INFO - [2023-12-16T21:01:46.152+0000] {dag.py:2941} INFO - Sync 1 DAGs
[2023-12-16T21:01:46.232+0000] {logging_mixin.py:154} INFO - [2023-12-16T21:01:46.232+0000] {dag.py:3722} INFO - Setting next_dagrun for example_complex to None, run_after=None
[2023-12-16T21:01:46.329+0000] {processor.py:179} INFO - Processing /home/airflow/.local/lib/python3.8/site-packages/airflow/example_dags/example_complex.py took 0.402 seconds
[2023-12-16T21:06:57.919+0000] {processor.py:157} INFO - Started process (PID=41) to work on /home/airflow/.local/lib/python3.8/site-packages/airflow/example_dags/example_complex.py
[2023-12-16T21:06:57.921+0000] {processor.py:829} INFO - Processing file /home/airflow/.local/lib/python3.8/site-packages/airflow/example_dags/example_complex.py for tasks to queue
[2023-12-16T21:06:57.927+0000] {logging_mixin.py:154} INFO - [2023-12-16T21:06:57.926+0000] {dagbag.py:536} INFO - Filling up the DagBag from /home/airflow/.local/lib/python3.8/site-packages/airflow/example_dags/example_complex.py
[2023-12-16T21:06:57.971+0000] {processor.py:839} INFO - DAG(s) dict_keys(['example_complex']) retrieved from /home/airflow/.local/lib/python3.8/site-packages/airflow/example_dags/example_complex.py
[2023-12-16T21:06:58.076+0000] {logging_mixin.py:154} INFO - [2023-12-16T21:06:58.076+0000] {dag.py:2941} INFO - Sync 1 DAGs
[2023-12-16T21:06:58.113+0000] {logging_mixin.py:154} INFO - [2023-12-16T21:06:58.113+0000] {dag.py:3722} INFO - Setting next_dagrun for example_complex to None, run_after=None
[2023-12-16T21:06:58.170+0000] {processor.py:179} INFO - Processing /home/airflow/.local/lib/python3.8/site-packages/airflow/example_dags/example_complex.py took 0.259 seconds
[2023-12-16T21:07:28.384+0000] {processor.py:157} INFO - Started process (PID=95) to work on /home/airflow/.local/lib/python3.8/site-packages/airflow/example_dags/example_complex.py
[2023-12-16T21:07:28.393+0000] {processor.py:829} INFO - Processing file /home/airflow/.local/lib/python3.8/site-packages/airflow/example_dags/example_complex.py for tasks to queue
[2023-12-16T21:07:28.398+0000] {logging_mixin.py:154} INFO - [2023-12-16T21:07:28.397+0000] {dagbag.py:536} INFO - Filling up the DagBag from /home/airflow/.local/lib/python3.8/site-packages/airflow/example_dags/example_complex.py
[2023-12-16T21:07:28.441+0000] {processor.py:839} INFO - DAG(s) dict_keys(['example_complex']) retrieved from /home/airflow/.local/lib/python3.8/site-packages/airflow/example_dags/example_complex.py
[2023-12-16T21:07:28.527+0000] {logging_mixin.py:154} INFO - [2023-12-16T21:07:28.527+0000] {dag.py:2941} INFO - Sync 1 DAGs
[2023-12-16T21:07:28.568+0000] {logging_mixin.py:154} INFO - [2023-12-16T21:07:28.568+0000] {dag.py:3722} INFO - Setting next_dagrun for example_complex to None, run_after=None
[2023-12-16T21:07:28.617+0000] {processor.py:179} INFO - Processing /home/airflow/.local/lib/python3.8/site-packages/airflow/example_dags/example_complex.py took 0.240 seconds
[2023-12-16T21:07:59.153+0000] {processor.py:157} INFO - Started process (PID=149) to work on /home/airflow/.local/lib/python3.8/site-packages/airflow/example_dags/example_complex.py
[2023-12-16T21:07:59.155+0000] {processor.py:829} INFO - Processing file /home/airflow/.local/lib/python3.8/site-packages/airflow/example_dags/example_complex.py for tasks to queue
[2023-12-16T21:07:59.160+0000] {logging_mixin.py:154} INFO - [2023-12-16T21:07:59.160+0000] {dagbag.py:536} INFO - Filling up the DagBag from /home/airflow/.local/lib/python3.8/site-packages/airflow/example_dags/example_complex.py
[2023-12-16T21:07:59.183+0000] {processor.py:839} INFO - DAG(s) dict_keys(['example_complex']) retrieved from /home/airflow/.local/lib/python3.8/site-packages/airflow/example_dags/example_complex.py
[2023-12-16T21:07:59.258+0000] {logging_mixin.py:154} INFO - [2023-12-16T21:07:59.258+0000] {dag.py:2941} INFO - Sync 1 DAGs
[2023-12-16T21:07:59.284+0000] {logging_mixin.py:154} INFO - [2023-12-16T21:07:59.284+0000] {dag.py:3722} INFO - Setting next_dagrun for example_complex to None, run_after=None
[2023-12-16T21:07:59.327+0000] {processor.py:179} INFO - Processing /home/airflow/.local/lib/python3.8/site-packages/airflow/example_dags/example_complex.py took 0.180 seconds
[2023-12-16T21:08:30.512+0000] {processor.py:157} INFO - Started process (PID=203) to work on /home/airflow/.local/lib/python3.8/site-packages/airflow/example_dags/example_complex.py
[2023-12-16T21:08:30.517+0000] {processor.py:829} INFO - Processing file /home/airflow/.local/lib/python3.8/site-packages/airflow/example_dags/example_complex.py for tasks to queue
[2023-12-16T21:08:30.534+0000] {logging_mixin.py:154} INFO - [2023-12-16T21:08:30.534+0000] {dagbag.py:536} INFO - Filling up the DagBag from /home/airflow/.local/lib/python3.8/site-packages/airflow/example_dags/example_complex.py
[2023-12-16T21:08:30.590+0000] {processor.py:839} INFO - DAG(s) dict_keys(['example_complex']) retrieved from /home/airflow/.local/lib/python3.8/site-packages/airflow/example_dags/example_complex.py
[2023-12-16T21:08:30.722+0000] {logging_mixin.py:154} INFO - [2023-12-16T21:08:30.722+0000] {dag.py:2941} INFO - Sync 1 DAGs
[2023-12-16T21:08:30.778+0000] {logging_mixin.py:154} INFO - [2023-12-16T21:08:30.777+0000] {dag.py:3722} INFO - Setting next_dagrun for example_complex to None, run_after=None
[2023-12-16T21:08:30.859+0000] {processor.py:179} INFO - Processing /home/airflow/.local/lib/python3.8/site-packages/airflow/example_dags/example_complex.py took 0.354 seconds
[2023-12-16T21:09:01.523+0000] {processor.py:157} INFO - Started process (PID=257) to work on /home/airflow/.local/lib/python3.8/site-packages/airflow/example_dags/example_complex.py
[2023-12-16T21:09:01.529+0000] {processor.py:829} INFO - Processing file /home/airflow/.local/lib/python3.8/site-packages/airflow/example_dags/example_complex.py for tasks to queue
[2023-12-16T21:09:01.534+0000] {logging_mixin.py:154} INFO - [2023-12-16T21:09:01.533+0000] {dagbag.py:536} INFO - Filling up the DagBag from /home/airflow/.local/lib/python3.8/site-packages/airflow/example_dags/example_complex.py
[2023-12-16T21:09:01.583+0000] {processor.py:839} INFO - DAG(s) dict_keys(['example_complex']) retrieved from /home/airflow/.local/lib/python3.8/site-packages/airflow/example_dags/example_complex.py
[2023-12-16T21:09:01.748+0000] {logging_mixin.py:154} INFO - [2023-12-16T21:09:01.748+0000] {dag.py:2941} INFO - Sync 1 DAGs
[2023-12-16T21:09:01.808+0000] {logging_mixin.py:154} INFO - [2023-12-16T21:09:01.807+0000] {dag.py:3722} INFO - Setting next_dagrun for example_complex to None, run_after=None
[2023-12-16T21:09:01.965+0000] {processor.py:179} INFO - Processing /home/airflow/.local/lib/python3.8/site-packages/airflow/example_dags/example_complex.py took 0.449 seconds
[2023-12-16T21:09:32.189+0000] {processor.py:157} INFO - Started process (PID=311) to work on /home/airflow/.local/lib/python3.8/site-packages/airflow/example_dags/example_complex.py
[2023-12-16T21:09:32.190+0000] {processor.py:829} INFO - Processing file /home/airflow/.local/lib/python3.8/site-packages/airflow/example_dags/example_complex.py for tasks to queue
[2023-12-16T21:09:32.194+0000] {logging_mixin.py:154} INFO - [2023-12-16T21:09:32.193+0000] {dagbag.py:536} INFO - Filling up the DagBag from /home/airflow/.local/lib/python3.8/site-packages/airflow/example_dags/example_complex.py
[2023-12-16T21:09:32.214+0000] {processor.py:839} INFO - DAG(s) dict_keys(['example_complex']) retrieved from /home/airflow/.local/lib/python3.8/site-packages/airflow/example_dags/example_complex.py
[2023-12-16T21:09:32.266+0000] {logging_mixin.py:154} INFO - [2023-12-16T21:09:32.265+0000] {dag.py:2941} INFO - Sync 1 DAGs
[2023-12-16T21:09:32.285+0000] {logging_mixin.py:154} INFO - [2023-12-16T21:09:32.285+0000] {dag.py:3722} INFO - Setting next_dagrun for example_complex to None, run_after=None
[2023-12-16T21:09:32.322+0000] {processor.py:179} INFO - Processing /home/airflow/.local/lib/python3.8/site-packages/airflow/example_dags/example_complex.py took 0.139 seconds
[2023-12-16T21:10:02.904+0000] {processor.py:157} INFO - Started process (PID=365) to work on /home/airflow/.local/lib/python3.8/site-packages/airflow/example_dags/example_complex.py
[2023-12-16T21:10:02.907+0000] {processor.py:829} INFO - Processing file /home/airflow/.local/lib/python3.8/site-packages/airflow/example_dags/example_complex.py for tasks to queue
[2023-12-16T21:10:02.913+0000] {logging_mixin.py:154} INFO - [2023-12-16T21:10:02.912+0000] {dagbag.py:536} INFO - Filling up the DagBag from /home/airflow/.local/lib/python3.8/site-packages/airflow/example_dags/example_complex.py
[2023-12-16T21:10:02.965+0000] {processor.py:839} INFO - DAG(s) dict_keys(['example_complex']) retrieved from /home/airflow/.local/lib/python3.8/site-packages/airflow/example_dags/example_complex.py
[2023-12-16T21:10:03.108+0000] {logging_mixin.py:154} INFO - [2023-12-16T21:10:03.107+0000] {dag.py:2941} INFO - Sync 1 DAGs
[2023-12-16T21:10:03.157+0000] {logging_mixin.py:154} INFO - [2023-12-16T21:10:03.157+0000] {dag.py:3722} INFO - Setting next_dagrun for example_complex to None, run_after=None
[2023-12-16T21:10:03.230+0000] {processor.py:179} INFO - Processing /home/airflow/.local/lib/python3.8/site-packages/airflow/example_dags/example_complex.py took 0.332 seconds
[2023-12-16T21:10:33.837+0000] {processor.py:157} INFO - Started process (PID=419) to work on /home/airflow/.local/lib/python3.8/site-packages/airflow/example_dags/example_complex.py
[2023-12-16T21:10:33.844+0000] {processor.py:829} INFO - Processing file /home/airflow/.local/lib/python3.8/site-packages/airflow/example_dags/example_complex.py for tasks to queue
[2023-12-16T21:10:33.852+0000] {logging_mixin.py:154} INFO - [2023-12-16T21:10:33.851+0000] {dagbag.py:536} INFO - Filling up the DagBag from /home/airflow/.local/lib/python3.8/site-packages/airflow/example_dags/example_complex.py
[2023-12-16T21:10:33.923+0000] {processor.py:839} INFO - DAG(s) dict_keys(['example_complex']) retrieved from /home/airflow/.local/lib/python3.8/site-packages/airflow/example_dags/example_complex.py
[2023-12-16T21:10:34.002+0000] {logging_mixin.py:154} INFO - [2023-12-16T21:10:34.002+0000] {dag.py:2941} INFO - Sync 1 DAGs
[2023-12-16T21:10:34.033+0000] {logging_mixin.py:154} INFO - [2023-12-16T21:10:34.032+0000] {dag.py:3722} INFO - Setting next_dagrun for example_complex to None, run_after=None
[2023-12-16T21:10:34.070+0000] {processor.py:179} INFO - Processing /home/airflow/.local/lib/python3.8/site-packages/airflow/example_dags/example_complex.py took 0.248 seconds
[2023-12-16T21:11:04.611+0000] {processor.py:157} INFO - Started process (PID=474) to work on /home/airflow/.local/lib/python3.8/site-packages/airflow/example_dags/example_complex.py
[2023-12-16T21:11:04.614+0000] {processor.py:829} INFO - Processing file /home/airflow/.local/lib/python3.8/site-packages/airflow/example_dags/example_complex.py for tasks to queue
[2023-12-16T21:11:04.620+0000] {logging_mixin.py:154} INFO - [2023-12-16T21:11:04.619+0000] {dagbag.py:536} INFO - Filling up the DagBag from /home/airflow/.local/lib/python3.8/site-packages/airflow/example_dags/example_complex.py
[2023-12-16T21:11:04.650+0000] {processor.py:839} INFO - DAG(s) dict_keys(['example_complex']) retrieved from /home/airflow/.local/lib/python3.8/site-packages/airflow/example_dags/example_complex.py
[2023-12-16T21:11:04.725+0000] {logging_mixin.py:154} INFO - [2023-12-16T21:11:04.724+0000] {dag.py:2941} INFO - Sync 1 DAGs
[2023-12-16T21:11:04.753+0000] {logging_mixin.py:154} INFO - [2023-12-16T21:11:04.752+0000] {dag.py:3722} INFO - Setting next_dagrun for example_complex to None, run_after=None
[2023-12-16T21:11:04.803+0000] {processor.py:179} INFO - Processing /home/airflow/.local/lib/python3.8/site-packages/airflow/example_dags/example_complex.py took 0.204 seconds
[2023-12-16T21:11:35.044+0000] {processor.py:157} INFO - Started process (PID=528) to work on /home/airflow/.local/lib/python3.8/site-packages/airflow/example_dags/example_complex.py
[2023-12-16T21:11:35.046+0000] {processor.py:829} INFO - Processing file /home/airflow/.local/lib/python3.8/site-packages/airflow/example_dags/example_complex.py for tasks to queue
[2023-12-16T21:11:35.051+0000] {logging_mixin.py:154} INFO - [2023-12-16T21:11:35.050+0000] {dagbag.py:536} INFO - Filling up the DagBag from /home/airflow/.local/lib/python3.8/site-packages/airflow/example_dags/example_complex.py
[2023-12-16T21:11:35.072+0000] {processor.py:839} INFO - DAG(s) dict_keys(['example_complex']) retrieved from /home/airflow/.local/lib/python3.8/site-packages/airflow/example_dags/example_complex.py
[2023-12-16T21:11:35.137+0000] {logging_mixin.py:154} INFO - [2023-12-16T21:11:35.136+0000] {dag.py:2941} INFO - Sync 1 DAGs
[2023-12-16T21:11:35.160+0000] {logging_mixin.py:154} INFO - [2023-12-16T21:11:35.159+0000] {dag.py:3722} INFO - Setting next_dagrun for example_complex to None, run_after=None
[2023-12-16T21:11:35.200+0000] {processor.py:179} INFO - Processing /home/airflow/.local/lib/python3.8/site-packages/airflow/example_dags/example_complex.py took 0.162 seconds
[2023-12-16T21:12:05.532+0000] {processor.py:157} INFO - Started process (PID=582) to work on /home/airflow/.local/lib/python3.8/site-packages/airflow/example_dags/example_complex.py
[2023-12-16T21:12:05.534+0000] {processor.py:829} INFO - Processing file /home/airflow/.local/lib/python3.8/site-packages/airflow/example_dags/example_complex.py for tasks to queue
[2023-12-16T21:12:05.538+0000] {logging_mixin.py:154} INFO - [2023-12-16T21:12:05.537+0000] {dagbag.py:536} INFO - Filling up the DagBag from /home/airflow/.local/lib/python3.8/site-packages/airflow/example_dags/example_complex.py
[2023-12-16T21:12:05.556+0000] {processor.py:839} INFO - DAG(s) dict_keys(['example_complex']) retrieved from /home/airflow/.local/lib/python3.8/site-packages/airflow/example_dags/example_complex.py
[2023-12-16T21:12:05.611+0000] {logging_mixin.py:154} INFO - [2023-12-16T21:12:05.611+0000] {dag.py:2941} INFO - Sync 1 DAGs
[2023-12-16T21:12:05.631+0000] {logging_mixin.py:154} INFO - [2023-12-16T21:12:05.631+0000] {dag.py:3722} INFO - Setting next_dagrun for example_complex to None, run_after=None
[2023-12-16T21:12:05.661+0000] {processor.py:179} INFO - Processing /home/airflow/.local/lib/python3.8/site-packages/airflow/example_dags/example_complex.py took 0.133 seconds
[2023-12-16T21:12:35.733+0000] {processor.py:157} INFO - Started process (PID=636) to work on /home/airflow/.local/lib/python3.8/site-packages/airflow/example_dags/example_complex.py
[2023-12-16T21:12:35.735+0000] {processor.py:829} INFO - Processing file /home/airflow/.local/lib/python3.8/site-packages/airflow/example_dags/example_complex.py for tasks to queue
[2023-12-16T21:12:35.740+0000] {logging_mixin.py:154} INFO - [2023-12-16T21:12:35.739+0000] {dagbag.py:536} INFO - Filling up the DagBag from /home/airflow/.local/lib/python3.8/site-packages/airflow/example_dags/example_complex.py
[2023-12-16T21:12:35.764+0000] {processor.py:839} INFO - DAG(s) dict_keys(['example_complex']) retrieved from /home/airflow/.local/lib/python3.8/site-packages/airflow/example_dags/example_complex.py
[2023-12-16T21:12:35.820+0000] {logging_mixin.py:154} INFO - [2023-12-16T21:12:35.820+0000] {dag.py:2941} INFO - Sync 1 DAGs
[2023-12-16T21:12:35.844+0000] {logging_mixin.py:154} INFO - [2023-12-16T21:12:35.843+0000] {dag.py:3722} INFO - Setting next_dagrun for example_complex to None, run_after=None
[2023-12-16T21:12:35.873+0000] {processor.py:179} INFO - Processing /home/airflow/.local/lib/python3.8/site-packages/airflow/example_dags/example_complex.py took 0.146 seconds
