[2023-12-16T19:22:10.859+0000] {processor.py:157} INFO - Started process (PID=76) to work on /home/airflow/.local/lib/python3.8/site-packages/airflow/example_dags/example_short_circuit_decorator.py
[2023-12-16T19:22:10.870+0000] {processor.py:829} INFO - Processing file /home/airflow/.local/lib/python3.8/site-packages/airflow/example_dags/example_short_circuit_decorator.py for tasks to queue
[2023-12-16T19:22:10.959+0000] {logging_mixin.py:154} INFO - [2023-12-16T19:22:10.937+0000] {dagbag.py:536} INFO - Filling up the DagBag from /home/airflow/.local/lib/python3.8/site-packages/airflow/example_dags/example_short_circuit_decorator.py
[2023-12-16T19:22:11.100+0000] {processor.py:839} INFO - DAG(s) dict_keys(['example_short_circuit_decorator']) retrieved from /home/airflow/.local/lib/python3.8/site-packages/airflow/example_dags/example_short_circuit_decorator.py
[2023-12-16T19:22:11.450+0000] {logging_mixin.py:154} INFO - [2023-12-16T19:22:11.449+0000] {dag.py:2941} INFO - Sync 1 DAGs
[2023-12-16T19:22:12.636+0000] {logging_mixin.py:154} INFO - [2023-12-16T19:22:12.635+0000] {dag.py:3722} INFO - Setting next_dagrun for example_short_circuit_decorator to 2023-12-15T19:22:12.634666+00:00, run_after=2023-12-16T19:22:12.634666+00:00
[2023-12-16T19:22:12.795+0000] {processor.py:179} INFO - Processing /home/airflow/.local/lib/python3.8/site-packages/airflow/example_dags/example_short_circuit_decorator.py took 1.945 seconds
[2023-12-16T19:23:29.380+0000] {processor.py:157} INFO - Started process (PID=130) to work on /home/airflow/.local/lib/python3.8/site-packages/airflow/example_dags/example_short_circuit_decorator.py
[2023-12-16T19:23:29.399+0000] {processor.py:829} INFO - Processing file /home/airflow/.local/lib/python3.8/site-packages/airflow/example_dags/example_short_circuit_decorator.py for tasks to queue
[2023-12-16T19:23:29.430+0000] {logging_mixin.py:154} INFO - [2023-12-16T19:23:29.429+0000] {dagbag.py:536} INFO - Filling up the DagBag from /home/airflow/.local/lib/python3.8/site-packages/airflow/example_dags/example_short_circuit_decorator.py
[2023-12-16T19:23:29.518+0000] {processor.py:839} INFO - DAG(s) dict_keys(['example_short_circuit_decorator']) retrieved from /home/airflow/.local/lib/python3.8/site-packages/airflow/example_dags/example_short_circuit_decorator.py
[2023-12-16T19:23:29.703+0000] {logging_mixin.py:154} INFO - [2023-12-16T19:23:29.702+0000] {dag.py:2941} INFO - Sync 1 DAGs
[2023-12-16T19:23:29.832+0000] {logging_mixin.py:154} INFO - [2023-12-16T19:23:29.832+0000] {dag.py:3722} INFO - Setting next_dagrun for example_short_circuit_decorator to 2023-12-15T19:23:29.831227+00:00, run_after=2023-12-16T19:23:29.831227+00:00
[2023-12-16T19:23:29.949+0000] {processor.py:179} INFO - Processing /home/airflow/.local/lib/python3.8/site-packages/airflow/example_dags/example_short_circuit_decorator.py took 0.606 seconds
[2023-12-16T19:24:01.898+0000] {processor.py:157} INFO - Started process (PID=184) to work on /home/airflow/.local/lib/python3.8/site-packages/airflow/example_dags/example_short_circuit_decorator.py
[2023-12-16T19:24:01.923+0000] {processor.py:829} INFO - Processing file /home/airflow/.local/lib/python3.8/site-packages/airflow/example_dags/example_short_circuit_decorator.py for tasks to queue
[2023-12-16T19:24:01.932+0000] {logging_mixin.py:154} INFO - [2023-12-16T19:24:01.931+0000] {dagbag.py:536} INFO - Filling up the DagBag from /home/airflow/.local/lib/python3.8/site-packages/airflow/example_dags/example_short_circuit_decorator.py
[2023-12-16T19:24:01.958+0000] {processor.py:839} INFO - DAG(s) dict_keys(['example_short_circuit_decorator']) retrieved from /home/airflow/.local/lib/python3.8/site-packages/airflow/example_dags/example_short_circuit_decorator.py
[2023-12-16T19:24:02.023+0000] {logging_mixin.py:154} INFO - [2023-12-16T19:24:02.023+0000] {dag.py:2941} INFO - Sync 1 DAGs
[2023-12-16T19:24:02.081+0000] {logging_mixin.py:154} INFO - [2023-12-16T19:24:02.080+0000] {dag.py:3722} INFO - Setting next_dagrun for example_short_circuit_decorator to 2023-12-15T19:24:02.078838+00:00, run_after=2023-12-16T19:24:02.078838+00:00
[2023-12-16T19:24:02.115+0000] {processor.py:179} INFO - Processing /home/airflow/.local/lib/python3.8/site-packages/airflow/example_dags/example_short_circuit_decorator.py took 0.246 seconds
[2023-12-16T19:35:54.947+0000] {processor.py:157} INFO - Started process (PID=77) to work on /home/airflow/.local/lib/python3.8/site-packages/airflow/example_dags/example_short_circuit_decorator.py
[2023-12-16T19:35:54.956+0000] {processor.py:829} INFO - Processing file /home/airflow/.local/lib/python3.8/site-packages/airflow/example_dags/example_short_circuit_decorator.py for tasks to queue
[2023-12-16T19:35:54.983+0000] {logging_mixin.py:154} INFO - [2023-12-16T19:35:54.982+0000] {dagbag.py:536} INFO - Filling up the DagBag from /home/airflow/.local/lib/python3.8/site-packages/airflow/example_dags/example_short_circuit_decorator.py
[2023-12-16T19:35:55.134+0000] {processor.py:839} INFO - DAG(s) dict_keys(['example_short_circuit_decorator']) retrieved from /home/airflow/.local/lib/python3.8/site-packages/airflow/example_dags/example_short_circuit_decorator.py
[2023-12-16T19:35:55.455+0000] {logging_mixin.py:154} INFO - [2023-12-16T19:35:55.454+0000] {dag.py:2941} INFO - Sync 1 DAGs
[2023-12-16T19:35:55.593+0000] {logging_mixin.py:154} INFO - [2023-12-16T19:35:55.593+0000] {dag.py:3722} INFO - Setting next_dagrun for example_short_circuit_decorator to 2023-12-15T19:35:55.592872+00:00, run_after=2023-12-16T19:35:55.592872+00:00
[2023-12-16T19:35:55.906+0000] {processor.py:179} INFO - Processing /home/airflow/.local/lib/python3.8/site-packages/airflow/example_dags/example_short_circuit_decorator.py took 1.014 seconds
[2023-12-16T19:36:48.890+0000] {processor.py:157} INFO - Started process (PID=138) to work on /home/airflow/.local/lib/python3.8/site-packages/airflow/example_dags/example_short_circuit_decorator.py
[2023-12-16T19:36:48.904+0000] {processor.py:829} INFO - Processing file /home/airflow/.local/lib/python3.8/site-packages/airflow/example_dags/example_short_circuit_decorator.py for tasks to queue
[2023-12-16T19:36:48.921+0000] {logging_mixin.py:154} INFO - [2023-12-16T19:36:48.919+0000] {dagbag.py:536} INFO - Filling up the DagBag from /home/airflow/.local/lib/python3.8/site-packages/airflow/example_dags/example_short_circuit_decorator.py
[2023-12-16T19:36:49.009+0000] {processor.py:839} INFO - DAG(s) dict_keys(['example_short_circuit_decorator']) retrieved from /home/airflow/.local/lib/python3.8/site-packages/airflow/example_dags/example_short_circuit_decorator.py
[2023-12-16T19:36:49.375+0000] {logging_mixin.py:154} INFO - [2023-12-16T19:36:49.374+0000] {dag.py:2941} INFO - Sync 1 DAGs
[2023-12-16T19:36:49.563+0000] {logging_mixin.py:154} INFO - [2023-12-16T19:36:49.563+0000] {dag.py:3722} INFO - Setting next_dagrun for example_short_circuit_decorator to 2023-12-15T19:36:49.562654+00:00, run_after=2023-12-16T19:36:49.562654+00:00
[2023-12-16T19:36:49.779+0000] {processor.py:179} INFO - Processing /home/airflow/.local/lib/python3.8/site-packages/airflow/example_dags/example_short_circuit_decorator.py took 0.927 seconds
[2023-12-16T19:37:25.331+0000] {processor.py:157} INFO - Started process (PID=192) to work on /home/airflow/.local/lib/python3.8/site-packages/airflow/example_dags/example_short_circuit_decorator.py
[2023-12-16T19:37:25.373+0000] {processor.py:829} INFO - Processing file /home/airflow/.local/lib/python3.8/site-packages/airflow/example_dags/example_short_circuit_decorator.py for tasks to queue
[2023-12-16T19:37:25.423+0000] {logging_mixin.py:154} INFO - [2023-12-16T19:37:25.423+0000] {dagbag.py:536} INFO - Filling up the DagBag from /home/airflow/.local/lib/python3.8/site-packages/airflow/example_dags/example_short_circuit_decorator.py
[2023-12-16T19:37:25.532+0000] {processor.py:839} INFO - DAG(s) dict_keys(['example_short_circuit_decorator']) retrieved from /home/airflow/.local/lib/python3.8/site-packages/airflow/example_dags/example_short_circuit_decorator.py
[2023-12-16T19:37:26.212+0000] {logging_mixin.py:154} INFO - [2023-12-16T19:37:26.212+0000] {dag.py:2941} INFO - Sync 1 DAGs
[2023-12-16T19:37:27.049+0000] {logging_mixin.py:154} INFO - [2023-12-16T19:37:27.049+0000] {dag.py:3722} INFO - Setting next_dagrun for example_short_circuit_decorator to 2023-12-15T19:37:27.048609+00:00, run_after=2023-12-16T19:37:27.048609+00:00
[2023-12-16T19:37:27.453+0000] {processor.py:179} INFO - Processing /home/airflow/.local/lib/python3.8/site-packages/airflow/example_dags/example_short_circuit_decorator.py took 2.145 seconds
[2023-12-16T19:43:51.942+0000] {processor.py:157} INFO - Started process (PID=77) to work on /home/airflow/.local/lib/python3.8/site-packages/airflow/example_dags/example_short_circuit_decorator.py
[2023-12-16T19:43:51.945+0000] {processor.py:829} INFO - Processing file /home/airflow/.local/lib/python3.8/site-packages/airflow/example_dags/example_short_circuit_decorator.py for tasks to queue
[2023-12-16T19:43:51.955+0000] {logging_mixin.py:154} INFO - [2023-12-16T19:43:51.954+0000] {dagbag.py:536} INFO - Filling up the DagBag from /home/airflow/.local/lib/python3.8/site-packages/airflow/example_dags/example_short_circuit_decorator.py
[2023-12-16T19:43:52.119+0000] {processor.py:839} INFO - DAG(s) dict_keys(['example_short_circuit_decorator']) retrieved from /home/airflow/.local/lib/python3.8/site-packages/airflow/example_dags/example_short_circuit_decorator.py
[2023-12-16T19:43:52.344+0000] {logging_mixin.py:154} INFO - [2023-12-16T19:43:52.344+0000] {dag.py:2941} INFO - Sync 1 DAGs
[2023-12-16T19:43:52.546+0000] {logging_mixin.py:154} INFO - [2023-12-16T19:43:52.545+0000] {dag.py:3722} INFO - Setting next_dagrun for example_short_circuit_decorator to 2023-12-15T19:43:52.544151+00:00, run_after=2023-12-16T19:43:52.544151+00:00
[2023-12-16T19:43:52.642+0000] {processor.py:179} INFO - Processing /home/airflow/.local/lib/python3.8/site-packages/airflow/example_dags/example_short_circuit_decorator.py took 0.771 seconds
[2023-12-16T19:44:40.234+0000] {processor.py:157} INFO - Started process (PID=137) to work on /home/airflow/.local/lib/python3.8/site-packages/airflow/example_dags/example_short_circuit_decorator.py
[2023-12-16T19:44:40.252+0000] {processor.py:829} INFO - Processing file /home/airflow/.local/lib/python3.8/site-packages/airflow/example_dags/example_short_circuit_decorator.py for tasks to queue
[2023-12-16T19:44:40.267+0000] {logging_mixin.py:154} INFO - [2023-12-16T19:44:40.267+0000] {dagbag.py:536} INFO - Filling up the DagBag from /home/airflow/.local/lib/python3.8/site-packages/airflow/example_dags/example_short_circuit_decorator.py
[2023-12-16T19:44:40.398+0000] {processor.py:839} INFO - DAG(s) dict_keys(['example_short_circuit_decorator']) retrieved from /home/airflow/.local/lib/python3.8/site-packages/airflow/example_dags/example_short_circuit_decorator.py
[2023-12-16T19:44:40.593+0000] {logging_mixin.py:154} INFO - [2023-12-16T19:44:40.592+0000] {dag.py:2941} INFO - Sync 1 DAGs
[2023-12-16T19:44:40.876+0000] {logging_mixin.py:154} INFO - [2023-12-16T19:44:40.875+0000] {dag.py:3722} INFO - Setting next_dagrun for example_short_circuit_decorator to 2023-12-15T19:44:40.874946+00:00, run_after=2023-12-16T19:44:40.874946+00:00
[2023-12-16T19:44:41.103+0000] {processor.py:179} INFO - Processing /home/airflow/.local/lib/python3.8/site-packages/airflow/example_dags/example_short_circuit_decorator.py took 0.917 seconds
[2023-12-16T19:45:17.287+0000] {processor.py:157} INFO - Started process (PID=190) to work on /home/airflow/.local/lib/python3.8/site-packages/airflow/example_dags/example_short_circuit_decorator.py
[2023-12-16T19:45:17.296+0000] {processor.py:829} INFO - Processing file /home/airflow/.local/lib/python3.8/site-packages/airflow/example_dags/example_short_circuit_decorator.py for tasks to queue
[2023-12-16T19:45:17.304+0000] {logging_mixin.py:154} INFO - [2023-12-16T19:45:17.303+0000] {dagbag.py:536} INFO - Filling up the DagBag from /home/airflow/.local/lib/python3.8/site-packages/airflow/example_dags/example_short_circuit_decorator.py
[2023-12-16T19:45:17.436+0000] {processor.py:839} INFO - DAG(s) dict_keys(['example_short_circuit_decorator']) retrieved from /home/airflow/.local/lib/python3.8/site-packages/airflow/example_dags/example_short_circuit_decorator.py
[2023-12-16T19:45:17.594+0000] {logging_mixin.py:154} INFO - [2023-12-16T19:45:17.593+0000] {dag.py:2941} INFO - Sync 1 DAGs
[2023-12-16T19:45:17.885+0000] {logging_mixin.py:154} INFO - [2023-12-16T19:45:17.876+0000] {dag.py:3722} INFO - Setting next_dagrun for example_short_circuit_decorator to 2023-12-15T19:45:17.876102+00:00, run_after=2023-12-16T19:45:17.876102+00:00
[2023-12-16T19:45:18.167+0000] {processor.py:179} INFO - Processing /home/airflow/.local/lib/python3.8/site-packages/airflow/example_dags/example_short_circuit_decorator.py took 0.901 seconds
[2023-12-16T19:51:40.855+0000] {processor.py:157} INFO - Started process (PID=245) to work on /home/airflow/.local/lib/python3.8/site-packages/airflow/example_dags/example_short_circuit_decorator.py
[2023-12-16T19:51:40.888+0000] {processor.py:829} INFO - Processing file /home/airflow/.local/lib/python3.8/site-packages/airflow/example_dags/example_short_circuit_decorator.py for tasks to queue
[2023-12-16T19:51:40.927+0000] {logging_mixin.py:154} INFO - [2023-12-16T19:51:40.907+0000] {dagbag.py:536} INFO - Filling up the DagBag from /home/airflow/.local/lib/python3.8/site-packages/airflow/example_dags/example_short_circuit_decorator.py
[2023-12-16T19:51:41.649+0000] {processor.py:839} INFO - DAG(s) dict_keys(['example_short_circuit_decorator']) retrieved from /home/airflow/.local/lib/python3.8/site-packages/airflow/example_dags/example_short_circuit_decorator.py
[2023-12-16T20:04:46.763+0000] {processor.py:157} INFO - Started process (PID=139) to work on /home/airflow/.local/lib/python3.8/site-packages/airflow/example_dags/example_short_circuit_decorator.py
[2023-12-16T20:04:46.767+0000] {processor.py:829} INFO - Processing file /home/airflow/.local/lib/python3.8/site-packages/airflow/example_dags/example_short_circuit_decorator.py for tasks to queue
[2023-12-16T20:04:46.777+0000] {logging_mixin.py:154} INFO - [2023-12-16T20:04:46.776+0000] {dagbag.py:536} INFO - Filling up the DagBag from /home/airflow/.local/lib/python3.8/site-packages/airflow/example_dags/example_short_circuit_decorator.py
[2023-12-16T20:04:46.833+0000] {processor.py:839} INFO - DAG(s) dict_keys(['example_short_circuit_decorator']) retrieved from /home/airflow/.local/lib/python3.8/site-packages/airflow/example_dags/example_short_circuit_decorator.py
[2023-12-16T20:04:46.958+0000] {logging_mixin.py:154} INFO - [2023-12-16T20:04:46.957+0000] {dag.py:2941} INFO - Sync 1 DAGs
[2023-12-16T20:04:47.098+0000] {logging_mixin.py:154} INFO - [2023-12-16T20:04:47.095+0000] {dag.py:3722} INFO - Setting next_dagrun for example_short_circuit_decorator to 2023-12-15T20:04:47.095181+00:00, run_after=2023-12-16T20:04:47.095181+00:00
[2023-12-16T20:04:47.192+0000] {processor.py:179} INFO - Processing /home/airflow/.local/lib/python3.8/site-packages/airflow/example_dags/example_short_circuit_decorator.py took 0.439 seconds
[2023-12-16T20:05:24.951+0000] {processor.py:157} INFO - Started process (PID=208) to work on /home/airflow/.local/lib/python3.8/site-packages/airflow/example_dags/example_short_circuit_decorator.py
[2023-12-16T20:05:24.956+0000] {processor.py:829} INFO - Processing file /home/airflow/.local/lib/python3.8/site-packages/airflow/example_dags/example_short_circuit_decorator.py for tasks to queue
[2023-12-16T20:05:24.962+0000] {logging_mixin.py:154} INFO - [2023-12-16T20:05:24.961+0000] {dagbag.py:536} INFO - Filling up the DagBag from /home/airflow/.local/lib/python3.8/site-packages/airflow/example_dags/example_short_circuit_decorator.py
[2023-12-16T20:05:24.989+0000] {processor.py:839} INFO - DAG(s) dict_keys(['example_short_circuit_decorator']) retrieved from /home/airflow/.local/lib/python3.8/site-packages/airflow/example_dags/example_short_circuit_decorator.py
[2023-12-16T20:05:25.066+0000] {logging_mixin.py:154} INFO - [2023-12-16T20:05:25.066+0000] {dag.py:2941} INFO - Sync 1 DAGs
[2023-12-16T20:05:25.160+0000] {logging_mixin.py:154} INFO - [2023-12-16T20:05:25.159+0000] {dag.py:3722} INFO - Setting next_dagrun for example_short_circuit_decorator to 2023-12-15T20:05:25.159225+00:00, run_after=2023-12-16T20:05:25.159225+00:00
[2023-12-16T20:05:27.151+0000] {processor.py:179} INFO - Processing /home/airflow/.local/lib/python3.8/site-packages/airflow/example_dags/example_short_circuit_decorator.py took 2.219 seconds
[2023-12-16T20:05:57.315+0000] {processor.py:157} INFO - Started process (PID=276) to work on /home/airflow/.local/lib/python3.8/site-packages/airflow/example_dags/example_short_circuit_decorator.py
[2023-12-16T20:05:57.327+0000] {processor.py:829} INFO - Processing file /home/airflow/.local/lib/python3.8/site-packages/airflow/example_dags/example_short_circuit_decorator.py for tasks to queue
[2023-12-16T20:05:57.337+0000] {logging_mixin.py:154} INFO - [2023-12-16T20:05:57.336+0000] {dagbag.py:536} INFO - Filling up the DagBag from /home/airflow/.local/lib/python3.8/site-packages/airflow/example_dags/example_short_circuit_decorator.py
[2023-12-16T20:05:57.365+0000] {processor.py:839} INFO - DAG(s) dict_keys(['example_short_circuit_decorator']) retrieved from /home/airflow/.local/lib/python3.8/site-packages/airflow/example_dags/example_short_circuit_decorator.py
[2023-12-16T20:05:57.481+0000] {logging_mixin.py:154} INFO - [2023-12-16T20:05:57.481+0000] {dag.py:2941} INFO - Sync 1 DAGs
[2023-12-16T20:05:57.678+0000] {logging_mixin.py:154} INFO - [2023-12-16T20:05:57.677+0000] {dag.py:3722} INFO - Setting next_dagrun for example_short_circuit_decorator to 2023-12-15T20:05:57.676292+00:00, run_after=2023-12-16T20:05:57.676292+00:00
[2023-12-16T20:05:58.778+0000] {processor.py:179} INFO - Processing /home/airflow/.local/lib/python3.8/site-packages/airflow/example_dags/example_short_circuit_decorator.py took 1.485 seconds
[2023-12-16T20:20:54.695+0000] {processor.py:157} INFO - Started process (PID=71) to work on /home/airflow/.local/lib/python3.8/site-packages/airflow/example_dags/example_short_circuit_decorator.py
[2023-12-16T20:20:54.702+0000] {processor.py:829} INFO - Processing file /home/airflow/.local/lib/python3.8/site-packages/airflow/example_dags/example_short_circuit_decorator.py for tasks to queue
[2023-12-16T20:20:54.714+0000] {logging_mixin.py:154} INFO - [2023-12-16T20:20:54.713+0000] {dagbag.py:536} INFO - Filling up the DagBag from /home/airflow/.local/lib/python3.8/site-packages/airflow/example_dags/example_short_circuit_decorator.py
[2023-12-16T20:20:55.035+0000] {processor.py:839} INFO - DAG(s) dict_keys(['example_short_circuit_decorator']) retrieved from /home/airflow/.local/lib/python3.8/site-packages/airflow/example_dags/example_short_circuit_decorator.py
[2023-12-16T20:20:56.062+0000] {logging_mixin.py:154} INFO - [2023-12-16T20:20:56.031+0000] {dag.py:2941} INFO - Sync 1 DAGs
[2023-12-16T20:20:56.647+0000] {logging_mixin.py:154} INFO - [2023-12-16T20:20:56.646+0000] {dag.py:3722} INFO - Setting next_dagrun for example_short_circuit_decorator to 2023-12-15T20:20:56.645930+00:00, run_after=2023-12-16T20:20:56.645930+00:00
[2023-12-16T20:20:57.231+0000] {processor.py:179} INFO - Processing /home/airflow/.local/lib/python3.8/site-packages/airflow/example_dags/example_short_circuit_decorator.py took 2.698 seconds
[2023-12-16T20:21:28.031+0000] {processor.py:157} INFO - Started process (PID=130) to work on /home/airflow/.local/lib/python3.8/site-packages/airflow/example_dags/example_short_circuit_decorator.py
[2023-12-16T20:21:28.039+0000] {processor.py:829} INFO - Processing file /home/airflow/.local/lib/python3.8/site-packages/airflow/example_dags/example_short_circuit_decorator.py for tasks to queue
[2023-12-16T20:21:28.053+0000] {logging_mixin.py:154} INFO - [2023-12-16T20:21:28.052+0000] {dagbag.py:536} INFO - Filling up the DagBag from /home/airflow/.local/lib/python3.8/site-packages/airflow/example_dags/example_short_circuit_decorator.py
[2023-12-16T20:21:28.144+0000] {processor.py:839} INFO - DAG(s) dict_keys(['example_short_circuit_decorator']) retrieved from /home/airflow/.local/lib/python3.8/site-packages/airflow/example_dags/example_short_circuit_decorator.py
[2023-12-16T20:21:28.301+0000] {logging_mixin.py:154} INFO - [2023-12-16T20:21:28.300+0000] {dag.py:2941} INFO - Sync 1 DAGs
[2023-12-16T20:21:28.421+0000] {logging_mixin.py:154} INFO - [2023-12-16T20:21:28.410+0000] {dag.py:3722} INFO - Setting next_dagrun for example_short_circuit_decorator to 2023-12-15T20:21:28.410106+00:00, run_after=2023-12-16T20:21:28.410106+00:00
[2023-12-16T20:21:28.499+0000] {processor.py:179} INFO - Processing /home/airflow/.local/lib/python3.8/site-packages/airflow/example_dags/example_short_circuit_decorator.py took 0.477 seconds
[2023-12-16T20:31:33.920+0000] {processor.py:157} INFO - Started process (PID=79) to work on /home/airflow/.local/lib/python3.8/site-packages/airflow/example_dags/example_short_circuit_decorator.py
[2023-12-16T20:31:33.925+0000] {processor.py:829} INFO - Processing file /home/airflow/.local/lib/python3.8/site-packages/airflow/example_dags/example_short_circuit_decorator.py for tasks to queue
[2023-12-16T20:31:33.937+0000] {logging_mixin.py:154} INFO - [2023-12-16T20:31:33.935+0000] {dagbag.py:536} INFO - Filling up the DagBag from /home/airflow/.local/lib/python3.8/site-packages/airflow/example_dags/example_short_circuit_decorator.py
[2023-12-16T20:31:33.999+0000] {processor.py:839} INFO - DAG(s) dict_keys(['example_short_circuit_decorator']) retrieved from /home/airflow/.local/lib/python3.8/site-packages/airflow/example_dags/example_short_circuit_decorator.py
[2023-12-16T20:31:34.096+0000] {logging_mixin.py:154} INFO - [2023-12-16T20:31:34.095+0000] {dag.py:2941} INFO - Sync 1 DAGs
[2023-12-16T20:31:34.217+0000] {logging_mixin.py:154} INFO - [2023-12-16T20:31:34.217+0000] {dag.py:3722} INFO - Setting next_dagrun for example_short_circuit_decorator to 2023-12-15T20:31:34.216652+00:00, run_after=2023-12-16T20:31:34.216652+00:00
[2023-12-16T20:31:34.338+0000] {processor.py:179} INFO - Processing /home/airflow/.local/lib/python3.8/site-packages/airflow/example_dags/example_short_circuit_decorator.py took 0.429 seconds
[2023-12-16T20:32:04.517+0000] {processor.py:157} INFO - Started process (PID=131) to work on /home/airflow/.local/lib/python3.8/site-packages/airflow/example_dags/example_short_circuit_decorator.py
[2023-12-16T20:32:04.530+0000] {processor.py:829} INFO - Processing file /home/airflow/.local/lib/python3.8/site-packages/airflow/example_dags/example_short_circuit_decorator.py for tasks to queue
[2023-12-16T20:32:04.560+0000] {logging_mixin.py:154} INFO - [2023-12-16T20:32:04.558+0000] {dagbag.py:536} INFO - Filling up the DagBag from /home/airflow/.local/lib/python3.8/site-packages/airflow/example_dags/example_short_circuit_decorator.py
[2023-12-16T20:32:04.671+0000] {processor.py:839} INFO - DAG(s) dict_keys(['example_short_circuit_decorator']) retrieved from /home/airflow/.local/lib/python3.8/site-packages/airflow/example_dags/example_short_circuit_decorator.py
[2023-12-16T20:32:04.808+0000] {logging_mixin.py:154} INFO - [2023-12-16T20:32:04.807+0000] {dag.py:2941} INFO - Sync 1 DAGs
[2023-12-16T20:32:04.874+0000] {logging_mixin.py:154} INFO - [2023-12-16T20:32:04.874+0000] {dag.py:3722} INFO - Setting next_dagrun for example_short_circuit_decorator to 2023-12-15T20:32:04.873805+00:00, run_after=2023-12-16T20:32:04.873805+00:00
[2023-12-16T20:32:05.007+0000] {processor.py:179} INFO - Processing /home/airflow/.local/lib/python3.8/site-packages/airflow/example_dags/example_short_circuit_decorator.py took 0.530 seconds
[2023-12-16T20:34:33.433+0000] {processor.py:157} INFO - Started process (PID=70) to work on /home/airflow/.local/lib/python3.8/site-packages/airflow/example_dags/example_short_circuit_decorator.py
[2023-12-16T20:34:33.436+0000] {processor.py:829} INFO - Processing file /home/airflow/.local/lib/python3.8/site-packages/airflow/example_dags/example_short_circuit_decorator.py for tasks to queue
[2023-12-16T20:34:33.450+0000] {logging_mixin.py:154} INFO - [2023-12-16T20:34:33.449+0000] {dagbag.py:536} INFO - Filling up the DagBag from /home/airflow/.local/lib/python3.8/site-packages/airflow/example_dags/example_short_circuit_decorator.py
[2023-12-16T20:34:33.524+0000] {processor.py:839} INFO - DAG(s) dict_keys(['example_short_circuit_decorator']) retrieved from /home/airflow/.local/lib/python3.8/site-packages/airflow/example_dags/example_short_circuit_decorator.py
[2023-12-16T20:34:33.783+0000] {logging_mixin.py:154} INFO - [2023-12-16T20:34:33.782+0000] {dag.py:2941} INFO - Sync 1 DAGs
[2023-12-16T20:34:34.943+0000] {logging_mixin.py:154} INFO - [2023-12-16T20:34:34.942+0000] {dag.py:3722} INFO - Setting next_dagrun for example_short_circuit_decorator to 2023-12-15T20:34:34.942284+00:00, run_after=2023-12-16T20:34:34.942284+00:00
[2023-12-16T20:34:35.601+0000] {processor.py:179} INFO - Processing /home/airflow/.local/lib/python3.8/site-packages/airflow/example_dags/example_short_circuit_decorator.py took 2.218 seconds
[2023-12-16T20:35:19.403+0000] {processor.py:157} INFO - Started process (PID=124) to work on /home/airflow/.local/lib/python3.8/site-packages/airflow/example_dags/example_short_circuit_decorator.py
[2023-12-16T20:35:19.431+0000] {processor.py:829} INFO - Processing file /home/airflow/.local/lib/python3.8/site-packages/airflow/example_dags/example_short_circuit_decorator.py for tasks to queue
[2023-12-16T20:35:22.864+0000] {logging_mixin.py:154} INFO - [2023-12-16T20:35:19.444+0000] {dagbag.py:536} INFO - Filling up the DagBag from /home/airflow/.local/lib/python3.8/site-packages/airflow/example_dags/example_short_circuit_decorator.py
[2023-12-16T20:35:23.183+0000] {processor.py:839} INFO - DAG(s) dict_keys(['example_short_circuit_decorator']) retrieved from /home/airflow/.local/lib/python3.8/site-packages/airflow/example_dags/example_short_circuit_decorator.py
[2023-12-16T20:35:23.647+0000] {logging_mixin.py:154} INFO - [2023-12-16T20:35:23.647+0000] {dag.py:2941} INFO - Sync 1 DAGs
[2023-12-16T20:35:23.734+0000] {logging_mixin.py:154} INFO - [2023-12-16T20:35:23.733+0000] {dag.py:3722} INFO - Setting next_dagrun for example_short_circuit_decorator to 2023-12-15T20:35:23.721059+00:00, run_after=2023-12-16T20:35:23.721059+00:00
[2023-12-16T20:35:23.898+0000] {processor.py:179} INFO - Processing /home/airflow/.local/lib/python3.8/site-packages/airflow/example_dags/example_short_circuit_decorator.py took 4.543 seconds
[2023-12-16T21:01:06.147+0000] {processor.py:157} INFO - Started process (PID=78) to work on /home/airflow/.local/lib/python3.8/site-packages/airflow/example_dags/example_short_circuit_decorator.py
[2023-12-16T21:01:06.152+0000] {processor.py:829} INFO - Processing file /home/airflow/.local/lib/python3.8/site-packages/airflow/example_dags/example_short_circuit_decorator.py for tasks to queue
[2023-12-16T21:01:06.157+0000] {logging_mixin.py:154} INFO - [2023-12-16T21:01:06.156+0000] {dagbag.py:536} INFO - Filling up the DagBag from /home/airflow/.local/lib/python3.8/site-packages/airflow/example_dags/example_short_circuit_decorator.py
[2023-12-16T21:01:06.186+0000] {processor.py:839} INFO - DAG(s) dict_keys(['example_short_circuit_decorator']) retrieved from /home/airflow/.local/lib/python3.8/site-packages/airflow/example_dags/example_short_circuit_decorator.py
[2023-12-16T21:01:06.410+0000] {logging_mixin.py:154} INFO - [2023-12-16T21:01:06.409+0000] {dag.py:2941} INFO - Sync 1 DAGs
[2023-12-16T21:01:06.481+0000] {logging_mixin.py:154} INFO - [2023-12-16T21:01:06.481+0000] {dag.py:3722} INFO - Setting next_dagrun for example_short_circuit_decorator to 2023-12-15T21:01:06.480492+00:00, run_after=2023-12-16T21:01:06.480492+00:00
[2023-12-16T21:01:06.537+0000] {processor.py:179} INFO - Processing /home/airflow/.local/lib/python3.8/site-packages/airflow/example_dags/example_short_circuit_decorator.py took 0.465 seconds
[2023-12-16T21:01:37.494+0000] {processor.py:157} INFO - Started process (PID=131) to work on /home/airflow/.local/lib/python3.8/site-packages/airflow/example_dags/example_short_circuit_decorator.py
[2023-12-16T21:01:37.498+0000] {processor.py:829} INFO - Processing file /home/airflow/.local/lib/python3.8/site-packages/airflow/example_dags/example_short_circuit_decorator.py for tasks to queue
[2023-12-16T21:01:37.509+0000] {logging_mixin.py:154} INFO - [2023-12-16T21:01:37.508+0000] {dagbag.py:536} INFO - Filling up the DagBag from /home/airflow/.local/lib/python3.8/site-packages/airflow/example_dags/example_short_circuit_decorator.py
[2023-12-16T21:01:37.562+0000] {processor.py:839} INFO - DAG(s) dict_keys(['example_short_circuit_decorator']) retrieved from /home/airflow/.local/lib/python3.8/site-packages/airflow/example_dags/example_short_circuit_decorator.py
[2023-12-16T21:01:37.982+0000] {logging_mixin.py:154} INFO - [2023-12-16T21:01:37.982+0000] {dag.py:2941} INFO - Sync 1 DAGs
[2023-12-16T21:01:38.211+0000] {logging_mixin.py:154} INFO - [2023-12-16T21:01:38.211+0000] {dag.py:3722} INFO - Setting next_dagrun for example_short_circuit_decorator to 2023-12-15T21:01:38.210498+00:00, run_after=2023-12-16T21:01:38.210498+00:00
[2023-12-16T21:01:38.420+0000] {processor.py:179} INFO - Processing /home/airflow/.local/lib/python3.8/site-packages/airflow/example_dags/example_short_circuit_decorator.py took 0.944 seconds
[2023-12-16T21:02:08.847+0000] {processor.py:157} INFO - Started process (PID=186) to work on /home/airflow/.local/lib/python3.8/site-packages/airflow/example_dags/example_short_circuit_decorator.py
[2023-12-16T21:02:08.862+0000] {processor.py:829} INFO - Processing file /home/airflow/.local/lib/python3.8/site-packages/airflow/example_dags/example_short_circuit_decorator.py for tasks to queue
[2023-12-16T21:02:08.868+0000] {logging_mixin.py:154} INFO - [2023-12-16T21:02:08.867+0000] {dagbag.py:536} INFO - Filling up the DagBag from /home/airflow/.local/lib/python3.8/site-packages/airflow/example_dags/example_short_circuit_decorator.py
[2023-12-16T21:02:08.914+0000] {processor.py:839} INFO - DAG(s) dict_keys(['example_short_circuit_decorator']) retrieved from /home/airflow/.local/lib/python3.8/site-packages/airflow/example_dags/example_short_circuit_decorator.py
[2023-12-16T21:02:09.055+0000] {logging_mixin.py:154} INFO - [2023-12-16T21:02:09.054+0000] {dag.py:2941} INFO - Sync 1 DAGs
[2023-12-16T21:02:09.213+0000] {logging_mixin.py:154} INFO - [2023-12-16T21:02:09.212+0000] {dag.py:3722} INFO - Setting next_dagrun for example_short_circuit_decorator to 2023-12-15T21:02:09.212342+00:00, run_after=2023-12-16T21:02:09.212342+00:00
[2023-12-16T21:02:09.296+0000] {processor.py:179} INFO - Processing /home/airflow/.local/lib/python3.8/site-packages/airflow/example_dags/example_short_circuit_decorator.py took 0.458 seconds
[2023-12-16T21:07:10.107+0000] {processor.py:157} INFO - Started process (PID=72) to work on /home/airflow/.local/lib/python3.8/site-packages/airflow/example_dags/example_short_circuit_decorator.py
[2023-12-16T21:07:10.115+0000] {processor.py:829} INFO - Processing file /home/airflow/.local/lib/python3.8/site-packages/airflow/example_dags/example_short_circuit_decorator.py for tasks to queue
[2023-12-16T21:07:10.125+0000] {logging_mixin.py:154} INFO - [2023-12-16T21:07:10.124+0000] {dagbag.py:536} INFO - Filling up the DagBag from /home/airflow/.local/lib/python3.8/site-packages/airflow/example_dags/example_short_circuit_decorator.py
[2023-12-16T21:07:10.257+0000] {processor.py:839} INFO - DAG(s) dict_keys(['example_short_circuit_decorator']) retrieved from /home/airflow/.local/lib/python3.8/site-packages/airflow/example_dags/example_short_circuit_decorator.py
[2023-12-16T21:07:10.349+0000] {logging_mixin.py:154} INFO - [2023-12-16T21:07:10.349+0000] {dag.py:2941} INFO - Sync 1 DAGs
[2023-12-16T21:07:10.434+0000] {logging_mixin.py:154} INFO - [2023-12-16T21:07:10.434+0000] {dag.py:3722} INFO - Setting next_dagrun for example_short_circuit_decorator to 2023-12-15T21:07:10.433536+00:00, run_after=2023-12-16T21:07:10.433536+00:00
[2023-12-16T21:07:10.530+0000] {processor.py:179} INFO - Processing /home/airflow/.local/lib/python3.8/site-packages/airflow/example_dags/example_short_circuit_decorator.py took 0.481 seconds
[2023-12-16T21:07:40.831+0000] {processor.py:157} INFO - Started process (PID=126) to work on /home/airflow/.local/lib/python3.8/site-packages/airflow/example_dags/example_short_circuit_decorator.py
[2023-12-16T21:07:40.833+0000] {processor.py:829} INFO - Processing file /home/airflow/.local/lib/python3.8/site-packages/airflow/example_dags/example_short_circuit_decorator.py for tasks to queue
[2023-12-16T21:07:40.839+0000] {logging_mixin.py:154} INFO - [2023-12-16T21:07:40.838+0000] {dagbag.py:536} INFO - Filling up the DagBag from /home/airflow/.local/lib/python3.8/site-packages/airflow/example_dags/example_short_circuit_decorator.py
[2023-12-16T21:07:40.860+0000] {processor.py:839} INFO - DAG(s) dict_keys(['example_short_circuit_decorator']) retrieved from /home/airflow/.local/lib/python3.8/site-packages/airflow/example_dags/example_short_circuit_decorator.py
[2023-12-16T21:07:40.908+0000] {logging_mixin.py:154} INFO - [2023-12-16T21:07:40.908+0000] {dag.py:2941} INFO - Sync 1 DAGs
[2023-12-16T21:07:40.955+0000] {logging_mixin.py:154} INFO - [2023-12-16T21:07:40.955+0000] {dag.py:3722} INFO - Setting next_dagrun for example_short_circuit_decorator to 2023-12-15T21:07:40.954935+00:00, run_after=2023-12-16T21:07:40.954935+00:00
[2023-12-16T21:07:40.990+0000] {processor.py:179} INFO - Processing /home/airflow/.local/lib/python3.8/site-packages/airflow/example_dags/example_short_circuit_decorator.py took 0.165 seconds
[2023-12-16T21:08:11.527+0000] {processor.py:157} INFO - Started process (PID=180) to work on /home/airflow/.local/lib/python3.8/site-packages/airflow/example_dags/example_short_circuit_decorator.py
[2023-12-16T21:08:11.529+0000] {processor.py:829} INFO - Processing file /home/airflow/.local/lib/python3.8/site-packages/airflow/example_dags/example_short_circuit_decorator.py for tasks to queue
[2023-12-16T21:08:11.534+0000] {logging_mixin.py:154} INFO - [2023-12-16T21:08:11.533+0000] {dagbag.py:536} INFO - Filling up the DagBag from /home/airflow/.local/lib/python3.8/site-packages/airflow/example_dags/example_short_circuit_decorator.py
[2023-12-16T21:08:11.563+0000] {processor.py:839} INFO - DAG(s) dict_keys(['example_short_circuit_decorator']) retrieved from /home/airflow/.local/lib/python3.8/site-packages/airflow/example_dags/example_short_circuit_decorator.py
[2023-12-16T21:08:11.668+0000] {logging_mixin.py:154} INFO - [2023-12-16T21:08:11.667+0000] {dag.py:2941} INFO - Sync 1 DAGs
[2023-12-16T21:08:11.775+0000] {logging_mixin.py:154} INFO - [2023-12-16T21:08:11.774+0000] {dag.py:3722} INFO - Setting next_dagrun for example_short_circuit_decorator to 2023-12-15T21:08:11.773848+00:00, run_after=2023-12-16T21:08:11.773848+00:00
[2023-12-16T21:08:11.941+0000] {processor.py:179} INFO - Processing /home/airflow/.local/lib/python3.8/site-packages/airflow/example_dags/example_short_circuit_decorator.py took 0.427 seconds
[2023-12-16T21:08:42.903+0000] {processor.py:157} INFO - Started process (PID=234) to work on /home/airflow/.local/lib/python3.8/site-packages/airflow/example_dags/example_short_circuit_decorator.py
[2023-12-16T21:08:42.907+0000] {processor.py:829} INFO - Processing file /home/airflow/.local/lib/python3.8/site-packages/airflow/example_dags/example_short_circuit_decorator.py for tasks to queue
[2023-12-16T21:08:42.922+0000] {logging_mixin.py:154} INFO - [2023-12-16T21:08:42.921+0000] {dagbag.py:536} INFO - Filling up the DagBag from /home/airflow/.local/lib/python3.8/site-packages/airflow/example_dags/example_short_circuit_decorator.py
[2023-12-16T21:08:42.995+0000] {processor.py:839} INFO - DAG(s) dict_keys(['example_short_circuit_decorator']) retrieved from /home/airflow/.local/lib/python3.8/site-packages/airflow/example_dags/example_short_circuit_decorator.py
[2023-12-16T21:08:43.063+0000] {logging_mixin.py:154} INFO - [2023-12-16T21:08:43.063+0000] {dag.py:2941} INFO - Sync 1 DAGs
[2023-12-16T21:08:43.151+0000] {logging_mixin.py:154} INFO - [2023-12-16T21:08:43.151+0000] {dag.py:3722} INFO - Setting next_dagrun for example_short_circuit_decorator to 2023-12-15T21:08:43.148924+00:00, run_after=2023-12-16T21:08:43.148924+00:00
[2023-12-16T21:08:43.295+0000] {processor.py:179} INFO - Processing /home/airflow/.local/lib/python3.8/site-packages/airflow/example_dags/example_short_circuit_decorator.py took 0.411 seconds
[2023-12-16T21:09:13.630+0000] {processor.py:157} INFO - Started process (PID=288) to work on /home/airflow/.local/lib/python3.8/site-packages/airflow/example_dags/example_short_circuit_decorator.py
[2023-12-16T21:09:13.636+0000] {processor.py:829} INFO - Processing file /home/airflow/.local/lib/python3.8/site-packages/airflow/example_dags/example_short_circuit_decorator.py for tasks to queue
[2023-12-16T21:09:13.645+0000] {logging_mixin.py:154} INFO - [2023-12-16T21:09:13.644+0000] {dagbag.py:536} INFO - Filling up the DagBag from /home/airflow/.local/lib/python3.8/site-packages/airflow/example_dags/example_short_circuit_decorator.py
[2023-12-16T21:09:13.667+0000] {processor.py:839} INFO - DAG(s) dict_keys(['example_short_circuit_decorator']) retrieved from /home/airflow/.local/lib/python3.8/site-packages/airflow/example_dags/example_short_circuit_decorator.py
[2023-12-16T21:09:13.738+0000] {logging_mixin.py:154} INFO - [2023-12-16T21:09:13.737+0000] {dag.py:2941} INFO - Sync 1 DAGs
[2023-12-16T21:09:13.791+0000] {logging_mixin.py:154} INFO - [2023-12-16T21:09:13.790+0000] {dag.py:3722} INFO - Setting next_dagrun for example_short_circuit_decorator to 2023-12-15T21:09:13.790169+00:00, run_after=2023-12-16T21:09:13.790169+00:00
[2023-12-16T21:09:13.855+0000] {processor.py:179} INFO - Processing /home/airflow/.local/lib/python3.8/site-packages/airflow/example_dags/example_short_circuit_decorator.py took 0.232 seconds
[2023-12-16T21:09:44.181+0000] {processor.py:157} INFO - Started process (PID=342) to work on /home/airflow/.local/lib/python3.8/site-packages/airflow/example_dags/example_short_circuit_decorator.py
[2023-12-16T21:09:44.183+0000] {processor.py:829} INFO - Processing file /home/airflow/.local/lib/python3.8/site-packages/airflow/example_dags/example_short_circuit_decorator.py for tasks to queue
[2023-12-16T21:09:44.192+0000] {logging_mixin.py:154} INFO - [2023-12-16T21:09:44.191+0000] {dagbag.py:536} INFO - Filling up the DagBag from /home/airflow/.local/lib/python3.8/site-packages/airflow/example_dags/example_short_circuit_decorator.py
[2023-12-16T21:09:44.223+0000] {processor.py:839} INFO - DAG(s) dict_keys(['example_short_circuit_decorator']) retrieved from /home/airflow/.local/lib/python3.8/site-packages/airflow/example_dags/example_short_circuit_decorator.py
[2023-12-16T21:09:44.281+0000] {logging_mixin.py:154} INFO - [2023-12-16T21:09:44.281+0000] {dag.py:2941} INFO - Sync 1 DAGs
[2023-12-16T21:09:44.361+0000] {logging_mixin.py:154} INFO - [2023-12-16T21:09:44.360+0000] {dag.py:3722} INFO - Setting next_dagrun for example_short_circuit_decorator to 2023-12-15T21:09:44.360248+00:00, run_after=2023-12-16T21:09:44.360248+00:00
[2023-12-16T21:09:44.422+0000] {processor.py:179} INFO - Processing /home/airflow/.local/lib/python3.8/site-packages/airflow/example_dags/example_short_circuit_decorator.py took 0.248 seconds
[2023-12-16T21:10:14.587+0000] {processor.py:157} INFO - Started process (PID=396) to work on /home/airflow/.local/lib/python3.8/site-packages/airflow/example_dags/example_short_circuit_decorator.py
[2023-12-16T21:10:14.590+0000] {processor.py:829} INFO - Processing file /home/airflow/.local/lib/python3.8/site-packages/airflow/example_dags/example_short_circuit_decorator.py for tasks to queue
[2023-12-16T21:10:14.595+0000] {logging_mixin.py:154} INFO - [2023-12-16T21:10:14.595+0000] {dagbag.py:536} INFO - Filling up the DagBag from /home/airflow/.local/lib/python3.8/site-packages/airflow/example_dags/example_short_circuit_decorator.py
[2023-12-16T21:10:14.618+0000] {processor.py:839} INFO - DAG(s) dict_keys(['example_short_circuit_decorator']) retrieved from /home/airflow/.local/lib/python3.8/site-packages/airflow/example_dags/example_short_circuit_decorator.py
[2023-12-16T21:10:14.672+0000] {logging_mixin.py:154} INFO - [2023-12-16T21:10:14.672+0000] {dag.py:2941} INFO - Sync 1 DAGs
[2023-12-16T21:10:14.707+0000] {logging_mixin.py:154} INFO - [2023-12-16T21:10:14.706+0000] {dag.py:3722} INFO - Setting next_dagrun for example_short_circuit_decorator to 2023-12-15T21:10:14.706430+00:00, run_after=2023-12-16T21:10:14.706430+00:00
[2023-12-16T21:10:14.737+0000] {processor.py:179} INFO - Processing /home/airflow/.local/lib/python3.8/site-packages/airflow/example_dags/example_short_circuit_decorator.py took 0.157 seconds
[2023-12-16T21:10:44.953+0000] {processor.py:157} INFO - Started process (PID=451) to work on /home/airflow/.local/lib/python3.8/site-packages/airflow/example_dags/example_short_circuit_decorator.py
[2023-12-16T21:10:44.956+0000] {processor.py:829} INFO - Processing file /home/airflow/.local/lib/python3.8/site-packages/airflow/example_dags/example_short_circuit_decorator.py for tasks to queue
[2023-12-16T21:10:44.959+0000] {logging_mixin.py:154} INFO - [2023-12-16T21:10:44.959+0000] {dagbag.py:536} INFO - Filling up the DagBag from /home/airflow/.local/lib/python3.8/site-packages/airflow/example_dags/example_short_circuit_decorator.py
[2023-12-16T21:10:44.977+0000] {processor.py:839} INFO - DAG(s) dict_keys(['example_short_circuit_decorator']) retrieved from /home/airflow/.local/lib/python3.8/site-packages/airflow/example_dags/example_short_circuit_decorator.py
[2023-12-16T21:10:45.015+0000] {logging_mixin.py:154} INFO - [2023-12-16T21:10:45.015+0000] {dag.py:2941} INFO - Sync 1 DAGs
[2023-12-16T21:10:45.061+0000] {logging_mixin.py:154} INFO - [2023-12-16T21:10:45.060+0000] {dag.py:3722} INFO - Setting next_dagrun for example_short_circuit_decorator to 2023-12-15T21:10:45.060229+00:00, run_after=2023-12-16T21:10:45.060229+00:00
[2023-12-16T21:10:45.092+0000] {processor.py:179} INFO - Processing /home/airflow/.local/lib/python3.8/site-packages/airflow/example_dags/example_short_circuit_decorator.py took 0.146 seconds
[2023-12-16T21:11:15.600+0000] {processor.py:157} INFO - Started process (PID=505) to work on /home/airflow/.local/lib/python3.8/site-packages/airflow/example_dags/example_short_circuit_decorator.py
[2023-12-16T21:11:15.602+0000] {processor.py:829} INFO - Processing file /home/airflow/.local/lib/python3.8/site-packages/airflow/example_dags/example_short_circuit_decorator.py for tasks to queue
[2023-12-16T21:11:15.609+0000] {logging_mixin.py:154} INFO - [2023-12-16T21:11:15.608+0000] {dagbag.py:536} INFO - Filling up the DagBag from /home/airflow/.local/lib/python3.8/site-packages/airflow/example_dags/example_short_circuit_decorator.py
[2023-12-16T21:11:15.628+0000] {processor.py:839} INFO - DAG(s) dict_keys(['example_short_circuit_decorator']) retrieved from /home/airflow/.local/lib/python3.8/site-packages/airflow/example_dags/example_short_circuit_decorator.py
[2023-12-16T21:11:15.675+0000] {logging_mixin.py:154} INFO - [2023-12-16T21:11:15.674+0000] {dag.py:2941} INFO - Sync 1 DAGs
[2023-12-16T21:11:15.745+0000] {logging_mixin.py:154} INFO - [2023-12-16T21:11:15.744+0000] {dag.py:3722} INFO - Setting next_dagrun for example_short_circuit_decorator to 2023-12-15T21:11:15.743797+00:00, run_after=2023-12-16T21:11:15.743797+00:00
[2023-12-16T21:11:15.789+0000] {processor.py:179} INFO - Processing /home/airflow/.local/lib/python3.8/site-packages/airflow/example_dags/example_short_circuit_decorator.py took 0.197 seconds
[2023-12-16T21:11:46.340+0000] {processor.py:157} INFO - Started process (PID=559) to work on /home/airflow/.local/lib/python3.8/site-packages/airflow/example_dags/example_short_circuit_decorator.py
[2023-12-16T21:11:46.342+0000] {processor.py:829} INFO - Processing file /home/airflow/.local/lib/python3.8/site-packages/airflow/example_dags/example_short_circuit_decorator.py for tasks to queue
[2023-12-16T21:11:46.347+0000] {logging_mixin.py:154} INFO - [2023-12-16T21:11:46.346+0000] {dagbag.py:536} INFO - Filling up the DagBag from /home/airflow/.local/lib/python3.8/site-packages/airflow/example_dags/example_short_circuit_decorator.py
[2023-12-16T21:11:46.367+0000] {processor.py:839} INFO - DAG(s) dict_keys(['example_short_circuit_decorator']) retrieved from /home/airflow/.local/lib/python3.8/site-packages/airflow/example_dags/example_short_circuit_decorator.py
[2023-12-16T21:11:46.424+0000] {logging_mixin.py:154} INFO - [2023-12-16T21:11:46.424+0000] {dag.py:2941} INFO - Sync 1 DAGs
[2023-12-16T21:11:46.483+0000] {logging_mixin.py:154} INFO - [2023-12-16T21:11:46.483+0000] {dag.py:3722} INFO - Setting next_dagrun for example_short_circuit_decorator to 2023-12-15T21:11:46.482841+00:00, run_after=2023-12-16T21:11:46.482841+00:00
[2023-12-16T21:11:46.526+0000] {processor.py:179} INFO - Processing /home/airflow/.local/lib/python3.8/site-packages/airflow/example_dags/example_short_circuit_decorator.py took 0.193 seconds
[2023-12-16T21:12:16.966+0000] {processor.py:157} INFO - Started process (PID=613) to work on /home/airflow/.local/lib/python3.8/site-packages/airflow/example_dags/example_short_circuit_decorator.py
[2023-12-16T21:12:16.968+0000] {processor.py:829} INFO - Processing file /home/airflow/.local/lib/python3.8/site-packages/airflow/example_dags/example_short_circuit_decorator.py for tasks to queue
[2023-12-16T21:12:16.972+0000] {logging_mixin.py:154} INFO - [2023-12-16T21:12:16.972+0000] {dagbag.py:536} INFO - Filling up the DagBag from /home/airflow/.local/lib/python3.8/site-packages/airflow/example_dags/example_short_circuit_decorator.py
[2023-12-16T21:12:16.989+0000] {processor.py:839} INFO - DAG(s) dict_keys(['example_short_circuit_decorator']) retrieved from /home/airflow/.local/lib/python3.8/site-packages/airflow/example_dags/example_short_circuit_decorator.py
[2023-12-16T21:12:17.047+0000] {logging_mixin.py:154} INFO - [2023-12-16T21:12:17.047+0000] {dag.py:2941} INFO - Sync 1 DAGs
[2023-12-16T21:12:17.115+0000] {logging_mixin.py:154} INFO - [2023-12-16T21:12:17.114+0000] {dag.py:3722} INFO - Setting next_dagrun for example_short_circuit_decorator to 2023-12-15T21:12:17.114073+00:00, run_after=2023-12-16T21:12:17.114073+00:00
[2023-12-16T21:12:17.198+0000] {processor.py:179} INFO - Processing /home/airflow/.local/lib/python3.8/site-packages/airflow/example_dags/example_short_circuit_decorator.py took 0.241 seconds
[2023-12-16T21:12:47.769+0000] {processor.py:157} INFO - Started process (PID=667) to work on /home/airflow/.local/lib/python3.8/site-packages/airflow/example_dags/example_short_circuit_decorator.py
[2023-12-16T21:12:47.772+0000] {processor.py:829} INFO - Processing file /home/airflow/.local/lib/python3.8/site-packages/airflow/example_dags/example_short_circuit_decorator.py for tasks to queue
[2023-12-16T21:12:47.778+0000] {logging_mixin.py:154} INFO - [2023-12-16T21:12:47.777+0000] {dagbag.py:536} INFO - Filling up the DagBag from /home/airflow/.local/lib/python3.8/site-packages/airflow/example_dags/example_short_circuit_decorator.py
[2023-12-16T21:12:47.826+0000] {processor.py:839} INFO - DAG(s) dict_keys(['example_short_circuit_decorator']) retrieved from /home/airflow/.local/lib/python3.8/site-packages/airflow/example_dags/example_short_circuit_decorator.py
[2023-12-16T21:12:47.912+0000] {logging_mixin.py:154} INFO - [2023-12-16T21:12:47.911+0000] {dag.py:2941} INFO - Sync 1 DAGs
[2023-12-16T21:12:47.992+0000] {logging_mixin.py:154} INFO - [2023-12-16T21:12:47.991+0000] {dag.py:3722} INFO - Setting next_dagrun for example_short_circuit_decorator to 2023-12-15T21:12:47.990934+00:00, run_after=2023-12-16T21:12:47.990934+00:00
[2023-12-16T21:12:48.073+0000] {processor.py:179} INFO - Processing /home/airflow/.local/lib/python3.8/site-packages/airflow/example_dags/example_short_circuit_decorator.py took 0.317 seconds
