[2023-12-16T19:21:57.587+0000] {processor.py:157} INFO - Started process (PID=54) to work on /home/airflow/.local/lib/python3.8/site-packages/airflow/example_dags/example_external_task_marker_dag.py
[2023-12-16T19:21:57.619+0000] {processor.py:829} INFO - Processing file /home/airflow/.local/lib/python3.8/site-packages/airflow/example_dags/example_external_task_marker_dag.py for tasks to queue
[2023-12-16T19:21:57.624+0000] {logging_mixin.py:154} INFO - [2023-12-16T19:21:57.624+0000] {dagbag.py:536} INFO - Filling up the DagBag from /home/airflow/.local/lib/python3.8/site-packages/airflow/example_dags/example_external_task_marker_dag.py
[2023-12-16T19:21:57.705+0000] {processor.py:839} INFO - DAG(s) dict_keys(['example_external_task_marker_child', 'example_external_task_marker_parent']) retrieved from /home/airflow/.local/lib/python3.8/site-packages/airflow/example_dags/example_external_task_marker_dag.py
[2023-12-16T19:21:57.873+0000] {logging_mixin.py:154} INFO - [2023-12-16T19:21:57.872+0000] {dag.py:2941} INFO - Sync 2 DAGs
[2023-12-16T19:21:58.175+0000] {logging_mixin.py:154} INFO - [2023-12-16T19:21:58.174+0000] {dag.py:3722} INFO - Setting next_dagrun for example_external_task_marker_child to None, run_after=None
[2023-12-16T19:21:58.231+0000] {logging_mixin.py:154} INFO - [2023-12-16T19:21:58.231+0000] {dag.py:3722} INFO - Setting next_dagrun for example_external_task_marker_parent to None, run_after=None
[2023-12-16T19:21:58.492+0000] {processor.py:179} INFO - Processing /home/airflow/.local/lib/python3.8/site-packages/airflow/example_dags/example_external_task_marker_dag.py took 0.921 seconds
[2023-12-16T19:23:19.733+0000] {processor.py:157} INFO - Started process (PID=107) to work on /home/airflow/.local/lib/python3.8/site-packages/airflow/example_dags/example_external_task_marker_dag.py
[2023-12-16T19:23:19.738+0000] {processor.py:829} INFO - Processing file /home/airflow/.local/lib/python3.8/site-packages/airflow/example_dags/example_external_task_marker_dag.py for tasks to queue
[2023-12-16T19:23:19.746+0000] {logging_mixin.py:154} INFO - [2023-12-16T19:23:19.746+0000] {dagbag.py:536} INFO - Filling up the DagBag from /home/airflow/.local/lib/python3.8/site-packages/airflow/example_dags/example_external_task_marker_dag.py
[2023-12-16T19:23:19.763+0000] {processor.py:839} INFO - DAG(s) dict_keys(['example_external_task_marker_parent', 'example_external_task_marker_child']) retrieved from /home/airflow/.local/lib/python3.8/site-packages/airflow/example_dags/example_external_task_marker_dag.py
[2023-12-16T19:23:19.853+0000] {logging_mixin.py:154} INFO - [2023-12-16T19:23:19.852+0000] {dag.py:2941} INFO - Sync 2 DAGs
[2023-12-16T19:23:19.893+0000] {logging_mixin.py:154} INFO - [2023-12-16T19:23:19.893+0000] {dag.py:3722} INFO - Setting next_dagrun for example_external_task_marker_child to None, run_after=None
[2023-12-16T19:23:19.917+0000] {logging_mixin.py:154} INFO - [2023-12-16T19:23:19.917+0000] {dag.py:3722} INFO - Setting next_dagrun for example_external_task_marker_parent to None, run_after=None
[2023-12-16T19:23:19.993+0000] {processor.py:179} INFO - Processing /home/airflow/.local/lib/python3.8/site-packages/airflow/example_dags/example_external_task_marker_dag.py took 0.279 seconds
[2023-12-16T19:23:51.397+0000] {processor.py:157} INFO - Started process (PID=159) to work on /home/airflow/.local/lib/python3.8/site-packages/airflow/example_dags/example_external_task_marker_dag.py
[2023-12-16T19:23:51.403+0000] {processor.py:829} INFO - Processing file /home/airflow/.local/lib/python3.8/site-packages/airflow/example_dags/example_external_task_marker_dag.py for tasks to queue
[2023-12-16T19:23:51.415+0000] {logging_mixin.py:154} INFO - [2023-12-16T19:23:51.414+0000] {dagbag.py:536} INFO - Filling up the DagBag from /home/airflow/.local/lib/python3.8/site-packages/airflow/example_dags/example_external_task_marker_dag.py
[2023-12-16T19:23:51.433+0000] {processor.py:839} INFO - DAG(s) dict_keys(['example_external_task_marker_child', 'example_external_task_marker_parent']) retrieved from /home/airflow/.local/lib/python3.8/site-packages/airflow/example_dags/example_external_task_marker_dag.py
[2023-12-16T19:23:51.534+0000] {logging_mixin.py:154} INFO - [2023-12-16T19:23:51.533+0000] {dag.py:2941} INFO - Sync 2 DAGs
[2023-12-16T19:23:51.583+0000] {logging_mixin.py:154} INFO - [2023-12-16T19:23:51.583+0000] {dag.py:3722} INFO - Setting next_dagrun for example_external_task_marker_child to None, run_after=None
[2023-12-16T19:23:51.599+0000] {logging_mixin.py:154} INFO - [2023-12-16T19:23:51.595+0000] {dag.py:3722} INFO - Setting next_dagrun for example_external_task_marker_parent to None, run_after=None
[2023-12-16T19:23:51.649+0000] {processor.py:179} INFO - Processing /home/airflow/.local/lib/python3.8/site-packages/airflow/example_dags/example_external_task_marker_dag.py took 0.262 seconds
[2023-12-16T19:28:37.586+0000] {processor.py:157} INFO - Started process (PID=213) to work on /home/airflow/.local/lib/python3.8/site-packages/airflow/example_dags/example_external_task_marker_dag.py
[2023-12-16T19:28:37.716+0000] {processor.py:829} INFO - Processing file /home/airflow/.local/lib/python3.8/site-packages/airflow/example_dags/example_external_task_marker_dag.py for tasks to queue
[2023-12-16T19:28:38.519+0000] {logging_mixin.py:154} INFO - [2023-12-16T19:28:38.432+0000] {dagbag.py:536} INFO - Filling up the DagBag from /home/airflow/.local/lib/python3.8/site-packages/airflow/example_dags/example_external_task_marker_dag.py
[2023-12-16T19:28:41.012+0000] {processor.py:839} INFO - DAG(s) dict_keys(['example_external_task_marker_parent', 'example_external_task_marker_child']) retrieved from /home/airflow/.local/lib/python3.8/site-packages/airflow/example_dags/example_external_task_marker_dag.py
[2023-12-16T19:35:45.448+0000] {processor.py:157} INFO - Started process (PID=61) to work on /home/airflow/.local/lib/python3.8/site-packages/airflow/example_dags/example_external_task_marker_dag.py
[2023-12-16T19:35:45.458+0000] {processor.py:829} INFO - Processing file /home/airflow/.local/lib/python3.8/site-packages/airflow/example_dags/example_external_task_marker_dag.py for tasks to queue
[2023-12-16T19:35:45.525+0000] {logging_mixin.py:154} INFO - [2023-12-16T19:35:45.524+0000] {dagbag.py:536} INFO - Filling up the DagBag from /home/airflow/.local/lib/python3.8/site-packages/airflow/example_dags/example_external_task_marker_dag.py
[2023-12-16T19:35:45.644+0000] {processor.py:839} INFO - DAG(s) dict_keys(['example_external_task_marker_child', 'example_external_task_marker_parent']) retrieved from /home/airflow/.local/lib/python3.8/site-packages/airflow/example_dags/example_external_task_marker_dag.py
[2023-12-16T19:35:47.699+0000] {logging_mixin.py:154} INFO - [2023-12-16T19:35:47.699+0000] {dag.py:2941} INFO - Sync 2 DAGs
[2023-12-16T19:35:47.758+0000] {logging_mixin.py:154} INFO - [2023-12-16T19:35:47.758+0000] {dag.py:3722} INFO - Setting next_dagrun for example_external_task_marker_child to None, run_after=None
[2023-12-16T19:35:47.796+0000] {logging_mixin.py:154} INFO - [2023-12-16T19:35:47.796+0000] {dag.py:3722} INFO - Setting next_dagrun for example_external_task_marker_parent to None, run_after=None
[2023-12-16T19:35:48.003+0000] {processor.py:179} INFO - Processing /home/airflow/.local/lib/python3.8/site-packages/airflow/example_dags/example_external_task_marker_dag.py took 2.563 seconds
[2023-12-16T19:36:37.568+0000] {processor.py:157} INFO - Started process (PID=114) to work on /home/airflow/.local/lib/python3.8/site-packages/airflow/example_dags/example_external_task_marker_dag.py
[2023-12-16T19:36:37.575+0000] {processor.py:829} INFO - Processing file /home/airflow/.local/lib/python3.8/site-packages/airflow/example_dags/example_external_task_marker_dag.py for tasks to queue
[2023-12-16T19:36:37.584+0000] {logging_mixin.py:154} INFO - [2023-12-16T19:36:37.583+0000] {dagbag.py:536} INFO - Filling up the DagBag from /home/airflow/.local/lib/python3.8/site-packages/airflow/example_dags/example_external_task_marker_dag.py
[2023-12-16T19:36:37.653+0000] {processor.py:839} INFO - DAG(s) dict_keys(['example_external_task_marker_parent', 'example_external_task_marker_child']) retrieved from /home/airflow/.local/lib/python3.8/site-packages/airflow/example_dags/example_external_task_marker_dag.py
[2023-12-16T19:36:37.824+0000] {logging_mixin.py:154} INFO - [2023-12-16T19:36:37.823+0000] {dag.py:2941} INFO - Sync 2 DAGs
[2023-12-16T19:36:37.889+0000] {logging_mixin.py:154} INFO - [2023-12-16T19:36:37.888+0000] {dag.py:3722} INFO - Setting next_dagrun for example_external_task_marker_child to None, run_after=None
[2023-12-16T19:36:37.911+0000] {logging_mixin.py:154} INFO - [2023-12-16T19:36:37.911+0000] {dag.py:3722} INFO - Setting next_dagrun for example_external_task_marker_parent to None, run_after=None
[2023-12-16T19:36:38.018+0000] {processor.py:179} INFO - Processing /home/airflow/.local/lib/python3.8/site-packages/airflow/example_dags/example_external_task_marker_dag.py took 0.458 seconds
[2023-12-16T19:37:08.958+0000] {processor.py:157} INFO - Started process (PID=166) to work on /home/airflow/.local/lib/python3.8/site-packages/airflow/example_dags/example_external_task_marker_dag.py
[2023-12-16T19:37:08.961+0000] {processor.py:829} INFO - Processing file /home/airflow/.local/lib/python3.8/site-packages/airflow/example_dags/example_external_task_marker_dag.py for tasks to queue
[2023-12-16T19:37:08.969+0000] {logging_mixin.py:154} INFO - [2023-12-16T19:37:08.969+0000] {dagbag.py:536} INFO - Filling up the DagBag from /home/airflow/.local/lib/python3.8/site-packages/airflow/example_dags/example_external_task_marker_dag.py
[2023-12-16T19:37:09.020+0000] {processor.py:839} INFO - DAG(s) dict_keys(['example_external_task_marker_child', 'example_external_task_marker_parent']) retrieved from /home/airflow/.local/lib/python3.8/site-packages/airflow/example_dags/example_external_task_marker_dag.py
[2023-12-16T19:37:09.376+0000] {logging_mixin.py:154} INFO - [2023-12-16T19:37:09.376+0000] {dag.py:2941} INFO - Sync 2 DAGs
[2023-12-16T19:37:09.578+0000] {logging_mixin.py:154} INFO - [2023-12-16T19:37:09.578+0000] {dag.py:3722} INFO - Setting next_dagrun for example_external_task_marker_child to None, run_after=None
[2023-12-16T19:37:09.648+0000] {logging_mixin.py:154} INFO - [2023-12-16T19:37:09.647+0000] {dag.py:3722} INFO - Setting next_dagrun for example_external_task_marker_parent to None, run_after=None
[2023-12-16T19:37:09.895+0000] {processor.py:179} INFO - Processing /home/airflow/.local/lib/python3.8/site-packages/airflow/example_dags/example_external_task_marker_dag.py took 0.946 seconds
[2023-12-16T19:38:12.211+0000] {processor.py:157} INFO - Started process (PID=227) to work on /home/airflow/.local/lib/python3.8/site-packages/airflow/example_dags/example_external_task_marker_dag.py
[2023-12-16T19:38:12.224+0000] {processor.py:829} INFO - Processing file /home/airflow/.local/lib/python3.8/site-packages/airflow/example_dags/example_external_task_marker_dag.py for tasks to queue
[2023-12-16T19:38:12.251+0000] {logging_mixin.py:154} INFO - [2023-12-16T19:38:12.248+0000] {dagbag.py:536} INFO - Filling up the DagBag from /home/airflow/.local/lib/python3.8/site-packages/airflow/example_dags/example_external_task_marker_dag.py
[2023-12-16T19:38:12.302+0000] {processor.py:839} INFO - DAG(s) dict_keys(['example_external_task_marker_parent', 'example_external_task_marker_child']) retrieved from /home/airflow/.local/lib/python3.8/site-packages/airflow/example_dags/example_external_task_marker_dag.py
[2023-12-16T19:38:12.647+0000] {logging_mixin.py:154} INFO - [2023-12-16T19:38:12.646+0000] {dag.py:2941} INFO - Sync 2 DAGs
[2023-12-16T19:38:12.901+0000] {logging_mixin.py:154} INFO - [2023-12-16T19:38:12.900+0000] {dag.py:3722} INFO - Setting next_dagrun for example_external_task_marker_child to None, run_after=None
[2023-12-16T19:38:12.980+0000] {logging_mixin.py:154} INFO - [2023-12-16T19:38:12.980+0000] {dag.py:3722} INFO - Setting next_dagrun for example_external_task_marker_parent to None, run_after=None
[2023-12-16T19:38:13.544+0000] {processor.py:179} INFO - Processing /home/airflow/.local/lib/python3.8/site-packages/airflow/example_dags/example_external_task_marker_dag.py took 1.375 seconds
[2023-12-16T19:43:29.150+0000] {processor.py:157} INFO - Started process (PID=54) to work on /home/airflow/.local/lib/python3.8/site-packages/airflow/example_dags/example_external_task_marker_dag.py
[2023-12-16T19:43:29.186+0000] {processor.py:829} INFO - Processing file /home/airflow/.local/lib/python3.8/site-packages/airflow/example_dags/example_external_task_marker_dag.py for tasks to queue
[2023-12-16T19:43:29.396+0000] {logging_mixin.py:154} INFO - [2023-12-16T19:43:29.396+0000] {dagbag.py:536} INFO - Filling up the DagBag from /home/airflow/.local/lib/python3.8/site-packages/airflow/example_dags/example_external_task_marker_dag.py
[2023-12-16T19:43:30.178+0000] {processor.py:839} INFO - DAG(s) dict_keys(['example_external_task_marker_parent', 'example_external_task_marker_child']) retrieved from /home/airflow/.local/lib/python3.8/site-packages/airflow/example_dags/example_external_task_marker_dag.py
[2023-12-16T19:43:32.713+0000] {logging_mixin.py:154} INFO - [2023-12-16T19:43:32.712+0000] {dag.py:2941} INFO - Sync 2 DAGs
[2023-12-16T19:43:33.104+0000] {logging_mixin.py:154} INFO - [2023-12-16T19:43:33.103+0000] {dag.py:3722} INFO - Setting next_dagrun for example_external_task_marker_child to None, run_after=None
[2023-12-16T19:43:33.161+0000] {logging_mixin.py:154} INFO - [2023-12-16T19:43:33.160+0000] {dag.py:3722} INFO - Setting next_dagrun for example_external_task_marker_parent to None, run_after=None
[2023-12-16T19:43:33.709+0000] {processor.py:179} INFO - Processing /home/airflow/.local/lib/python3.8/site-packages/airflow/example_dags/example_external_task_marker_dag.py took 4.589 seconds
[2023-12-16T19:44:22.528+0000] {processor.py:157} INFO - Started process (PID=114) to work on /home/airflow/.local/lib/python3.8/site-packages/airflow/example_dags/example_external_task_marker_dag.py
[2023-12-16T19:44:22.545+0000] {processor.py:829} INFO - Processing file /home/airflow/.local/lib/python3.8/site-packages/airflow/example_dags/example_external_task_marker_dag.py for tasks to queue
[2023-12-16T19:44:22.555+0000] {logging_mixin.py:154} INFO - [2023-12-16T19:44:22.554+0000] {dagbag.py:536} INFO - Filling up the DagBag from /home/airflow/.local/lib/python3.8/site-packages/airflow/example_dags/example_external_task_marker_dag.py
[2023-12-16T19:44:22.614+0000] {processor.py:839} INFO - DAG(s) dict_keys(['example_external_task_marker_parent', 'example_external_task_marker_child']) retrieved from /home/airflow/.local/lib/python3.8/site-packages/airflow/example_dags/example_external_task_marker_dag.py
[2023-12-16T19:44:22.872+0000] {logging_mixin.py:154} INFO - [2023-12-16T19:44:22.872+0000] {dag.py:2941} INFO - Sync 2 DAGs
[2023-12-16T19:44:23.147+0000] {logging_mixin.py:154} INFO - [2023-12-16T19:44:23.146+0000] {dag.py:3722} INFO - Setting next_dagrun for example_external_task_marker_child to None, run_after=None
[2023-12-16T19:44:23.210+0000] {logging_mixin.py:154} INFO - [2023-12-16T19:44:23.209+0000] {dag.py:3722} INFO - Setting next_dagrun for example_external_task_marker_parent to None, run_after=None
[2023-12-16T19:44:23.765+0000] {processor.py:179} INFO - Processing /home/airflow/.local/lib/python3.8/site-packages/airflow/example_dags/example_external_task_marker_dag.py took 1.269 seconds
[2023-12-16T19:44:55.238+0000] {processor.py:157} INFO - Started process (PID=166) to work on /home/airflow/.local/lib/python3.8/site-packages/airflow/example_dags/example_external_task_marker_dag.py
[2023-12-16T19:44:55.253+0000] {processor.py:829} INFO - Processing file /home/airflow/.local/lib/python3.8/site-packages/airflow/example_dags/example_external_task_marker_dag.py for tasks to queue
[2023-12-16T19:44:55.271+0000] {logging_mixin.py:154} INFO - [2023-12-16T19:44:55.270+0000] {dagbag.py:536} INFO - Filling up the DagBag from /home/airflow/.local/lib/python3.8/site-packages/airflow/example_dags/example_external_task_marker_dag.py
[2023-12-16T19:44:55.508+0000] {processor.py:839} INFO - DAG(s) dict_keys(['example_external_task_marker_child', 'example_external_task_marker_parent']) retrieved from /home/airflow/.local/lib/python3.8/site-packages/airflow/example_dags/example_external_task_marker_dag.py
[2023-12-16T19:44:56.512+0000] {logging_mixin.py:154} INFO - [2023-12-16T19:44:56.468+0000] {dag.py:2941} INFO - Sync 2 DAGs
[2023-12-16T19:44:56.897+0000] {logging_mixin.py:154} INFO - [2023-12-16T19:44:56.896+0000] {dag.py:3722} INFO - Setting next_dagrun for example_external_task_marker_child to None, run_after=None
[2023-12-16T19:44:56.940+0000] {logging_mixin.py:154} INFO - [2023-12-16T19:44:56.939+0000] {dag.py:3722} INFO - Setting next_dagrun for example_external_task_marker_parent to None, run_after=None
[2023-12-16T19:44:57.140+0000] {processor.py:179} INFO - Processing /home/airflow/.local/lib/python3.8/site-packages/airflow/example_dags/example_external_task_marker_dag.py took 1.943 seconds
[2023-12-16T19:45:31.392+0000] {processor.py:157} INFO - Started process (PID=219) to work on /home/airflow/.local/lib/python3.8/site-packages/airflow/example_dags/example_external_task_marker_dag.py
[2023-12-16T19:45:31.442+0000] {processor.py:829} INFO - Processing file /home/airflow/.local/lib/python3.8/site-packages/airflow/example_dags/example_external_task_marker_dag.py for tasks to queue
[2023-12-16T19:45:31.473+0000] {logging_mixin.py:154} INFO - [2023-12-16T19:45:31.446+0000] {dagbag.py:536} INFO - Filling up the DagBag from /home/airflow/.local/lib/python3.8/site-packages/airflow/example_dags/example_external_task_marker_dag.py
[2023-12-16T19:45:31.589+0000] {processor.py:839} INFO - DAG(s) dict_keys(['example_external_task_marker_parent', 'example_external_task_marker_child']) retrieved from /home/airflow/.local/lib/python3.8/site-packages/airflow/example_dags/example_external_task_marker_dag.py
[2023-12-16T19:45:32.114+0000] {logging_mixin.py:154} INFO - [2023-12-16T19:45:32.113+0000] {dag.py:2941} INFO - Sync 2 DAGs
[2023-12-16T19:45:32.210+0000] {logging_mixin.py:154} INFO - [2023-12-16T19:45:32.210+0000] {dag.py:3722} INFO - Setting next_dagrun for example_external_task_marker_child to None, run_after=None
[2023-12-16T19:45:32.235+0000] {logging_mixin.py:154} INFO - [2023-12-16T19:45:32.235+0000] {dag.py:3722} INFO - Setting next_dagrun for example_external_task_marker_parent to None, run_after=None
[2023-12-16T19:45:32.397+0000] {processor.py:179} INFO - Processing /home/airflow/.local/lib/python3.8/site-packages/airflow/example_dags/example_external_task_marker_dag.py took 1.032 seconds
[2023-12-16T20:04:39.951+0000] {processor.py:157} INFO - Started process (PID=123) to work on /home/airflow/.local/lib/python3.8/site-packages/airflow/example_dags/example_external_task_marker_dag.py
[2023-12-16T20:04:39.957+0000] {processor.py:829} INFO - Processing file /home/airflow/.local/lib/python3.8/site-packages/airflow/example_dags/example_external_task_marker_dag.py for tasks to queue
[2023-12-16T20:04:39.982+0000] {logging_mixin.py:154} INFO - [2023-12-16T20:04:39.981+0000] {dagbag.py:536} INFO - Filling up the DagBag from /home/airflow/.local/lib/python3.8/site-packages/airflow/example_dags/example_external_task_marker_dag.py
[2023-12-16T20:04:40.035+0000] {processor.py:839} INFO - DAG(s) dict_keys(['example_external_task_marker_child', 'example_external_task_marker_parent']) retrieved from /home/airflow/.local/lib/python3.8/site-packages/airflow/example_dags/example_external_task_marker_dag.py
[2023-12-16T20:04:40.161+0000] {logging_mixin.py:154} INFO - [2023-12-16T20:04:40.160+0000] {dag.py:2941} INFO - Sync 2 DAGs
[2023-12-16T20:04:40.234+0000] {logging_mixin.py:154} INFO - [2023-12-16T20:04:40.234+0000] {dag.py:3722} INFO - Setting next_dagrun for example_external_task_marker_child to None, run_after=None
[2023-12-16T20:04:40.254+0000] {logging_mixin.py:154} INFO - [2023-12-16T20:04:40.253+0000] {dag.py:3722} INFO - Setting next_dagrun for example_external_task_marker_parent to None, run_after=None
[2023-12-16T20:04:40.390+0000] {processor.py:179} INFO - Processing /home/airflow/.local/lib/python3.8/site-packages/airflow/example_dags/example_external_task_marker_dag.py took 0.458 seconds
[2023-12-16T20:05:12.899+0000] {processor.py:157} INFO - Started process (PID=192) to work on /home/airflow/.local/lib/python3.8/site-packages/airflow/example_dags/example_external_task_marker_dag.py
[2023-12-16T20:05:12.905+0000] {processor.py:829} INFO - Processing file /home/airflow/.local/lib/python3.8/site-packages/airflow/example_dags/example_external_task_marker_dag.py for tasks to queue
[2023-12-16T20:05:12.916+0000] {logging_mixin.py:154} INFO - [2023-12-16T20:05:12.916+0000] {dagbag.py:536} INFO - Filling up the DagBag from /home/airflow/.local/lib/python3.8/site-packages/airflow/example_dags/example_external_task_marker_dag.py
[2023-12-16T20:05:12.947+0000] {processor.py:839} INFO - DAG(s) dict_keys(['example_external_task_marker_child', 'example_external_task_marker_parent']) retrieved from /home/airflow/.local/lib/python3.8/site-packages/airflow/example_dags/example_external_task_marker_dag.py
[2023-12-16T20:05:13.053+0000] {logging_mixin.py:154} INFO - [2023-12-16T20:05:13.053+0000] {dag.py:2941} INFO - Sync 2 DAGs
[2023-12-16T20:05:13.126+0000] {logging_mixin.py:154} INFO - [2023-12-16T20:05:13.123+0000] {dag.py:3722} INFO - Setting next_dagrun for example_external_task_marker_child to None, run_after=None
[2023-12-16T20:05:13.169+0000] {logging_mixin.py:154} INFO - [2023-12-16T20:05:13.168+0000] {dag.py:3722} INFO - Setting next_dagrun for example_external_task_marker_parent to None, run_after=None
[2023-12-16T20:05:13.258+0000] {processor.py:179} INFO - Processing /home/airflow/.local/lib/python3.8/site-packages/airflow/example_dags/example_external_task_marker_dag.py took 0.367 seconds
[2023-12-16T20:05:43.445+0000] {processor.py:157} INFO - Started process (PID=259) to work on /home/airflow/.local/lib/python3.8/site-packages/airflow/example_dags/example_external_task_marker_dag.py
[2023-12-16T20:05:43.448+0000] {processor.py:829} INFO - Processing file /home/airflow/.local/lib/python3.8/site-packages/airflow/example_dags/example_external_task_marker_dag.py for tasks to queue
[2023-12-16T20:05:43.455+0000] {logging_mixin.py:154} INFO - [2023-12-16T20:05:43.454+0000] {dagbag.py:536} INFO - Filling up the DagBag from /home/airflow/.local/lib/python3.8/site-packages/airflow/example_dags/example_external_task_marker_dag.py
[2023-12-16T20:05:43.472+0000] {processor.py:839} INFO - DAG(s) dict_keys(['example_external_task_marker_child', 'example_external_task_marker_parent']) retrieved from /home/airflow/.local/lib/python3.8/site-packages/airflow/example_dags/example_external_task_marker_dag.py
[2023-12-16T20:05:43.558+0000] {logging_mixin.py:154} INFO - [2023-12-16T20:05:43.557+0000] {dag.py:2941} INFO - Sync 2 DAGs
[2023-12-16T20:05:43.595+0000] {logging_mixin.py:154} INFO - [2023-12-16T20:05:43.594+0000] {dag.py:3722} INFO - Setting next_dagrun for example_external_task_marker_child to None, run_after=None
[2023-12-16T20:05:43.607+0000] {logging_mixin.py:154} INFO - [2023-12-16T20:05:43.606+0000] {dag.py:3722} INFO - Setting next_dagrun for example_external_task_marker_parent to None, run_after=None
[2023-12-16T20:05:43.649+0000] {processor.py:179} INFO - Processing /home/airflow/.local/lib/python3.8/site-packages/airflow/example_dags/example_external_task_marker_dag.py took 0.212 seconds
[2023-12-16T20:20:37.724+0000] {processor.py:157} INFO - Started process (PID=55) to work on /home/airflow/.local/lib/python3.8/site-packages/airflow/example_dags/example_external_task_marker_dag.py
[2023-12-16T20:20:37.762+0000] {processor.py:829} INFO - Processing file /home/airflow/.local/lib/python3.8/site-packages/airflow/example_dags/example_external_task_marker_dag.py for tasks to queue
[2023-12-16T20:20:37.817+0000] {logging_mixin.py:154} INFO - [2023-12-16T20:20:37.816+0000] {dagbag.py:536} INFO - Filling up the DagBag from /home/airflow/.local/lib/python3.8/site-packages/airflow/example_dags/example_external_task_marker_dag.py
[2023-12-16T20:20:37.944+0000] {processor.py:839} INFO - DAG(s) dict_keys(['example_external_task_marker_parent', 'example_external_task_marker_child']) retrieved from /home/airflow/.local/lib/python3.8/site-packages/airflow/example_dags/example_external_task_marker_dag.py
[2023-12-16T20:20:38.399+0000] {logging_mixin.py:154} INFO - [2023-12-16T20:20:38.398+0000] {dag.py:2941} INFO - Sync 2 DAGs
[2023-12-16T20:20:38.783+0000] {logging_mixin.py:154} INFO - [2023-12-16T20:20:38.783+0000] {dag.py:3722} INFO - Setting next_dagrun for example_external_task_marker_child to None, run_after=None
[2023-12-16T20:20:38.838+0000] {logging_mixin.py:154} INFO - [2023-12-16T20:20:38.837+0000] {dag.py:3722} INFO - Setting next_dagrun for example_external_task_marker_parent to None, run_after=None
[2023-12-16T20:20:38.972+0000] {processor.py:179} INFO - Processing /home/airflow/.local/lib/python3.8/site-packages/airflow/example_dags/example_external_task_marker_dag.py took 1.297 seconds
[2023-12-16T20:21:15.796+0000] {processor.py:157} INFO - Started process (PID=108) to work on /home/airflow/.local/lib/python3.8/site-packages/airflow/example_dags/example_external_task_marker_dag.py
[2023-12-16T20:21:15.801+0000] {processor.py:829} INFO - Processing file /home/airflow/.local/lib/python3.8/site-packages/airflow/example_dags/example_external_task_marker_dag.py for tasks to queue
[2023-12-16T20:21:15.813+0000] {logging_mixin.py:154} INFO - [2023-12-16T20:21:15.812+0000] {dagbag.py:536} INFO - Filling up the DagBag from /home/airflow/.local/lib/python3.8/site-packages/airflow/example_dags/example_external_task_marker_dag.py
[2023-12-16T20:21:15.877+0000] {processor.py:839} INFO - DAG(s) dict_keys(['example_external_task_marker_parent', 'example_external_task_marker_child']) retrieved from /home/airflow/.local/lib/python3.8/site-packages/airflow/example_dags/example_external_task_marker_dag.py
[2023-12-16T20:21:16.097+0000] {logging_mixin.py:154} INFO - [2023-12-16T20:21:16.097+0000] {dag.py:2941} INFO - Sync 2 DAGs
[2023-12-16T20:21:16.210+0000] {logging_mixin.py:154} INFO - [2023-12-16T20:21:16.210+0000] {dag.py:3722} INFO - Setting next_dagrun for example_external_task_marker_child to None, run_after=None
[2023-12-16T20:21:16.240+0000] {logging_mixin.py:154} INFO - [2023-12-16T20:21:16.239+0000] {dag.py:3722} INFO - Setting next_dagrun for example_external_task_marker_parent to None, run_after=None
[2023-12-16T20:21:16.336+0000] {processor.py:179} INFO - Processing /home/airflow/.local/lib/python3.8/site-packages/airflow/example_dags/example_external_task_marker_dag.py took 0.566 seconds
[2023-12-16T20:31:19.590+0000] {processor.py:157} INFO - Started process (PID=56) to work on /home/airflow/.local/lib/python3.8/site-packages/airflow/example_dags/example_external_task_marker_dag.py
[2023-12-16T20:31:19.625+0000] {processor.py:829} INFO - Processing file /home/airflow/.local/lib/python3.8/site-packages/airflow/example_dags/example_external_task_marker_dag.py for tasks to queue
[2023-12-16T20:31:19.653+0000] {logging_mixin.py:154} INFO - [2023-12-16T20:31:19.653+0000] {dagbag.py:536} INFO - Filling up the DagBag from /home/airflow/.local/lib/python3.8/site-packages/airflow/example_dags/example_external_task_marker_dag.py
[2023-12-16T20:31:19.715+0000] {processor.py:839} INFO - DAG(s) dict_keys(['example_external_task_marker_child', 'example_external_task_marker_parent']) retrieved from /home/airflow/.local/lib/python3.8/site-packages/airflow/example_dags/example_external_task_marker_dag.py
[2023-12-16T20:31:19.831+0000] {logging_mixin.py:154} INFO - [2023-12-16T20:31:19.831+0000] {dag.py:2941} INFO - Sync 2 DAGs
[2023-12-16T20:31:20.000+0000] {logging_mixin.py:154} INFO - [2023-12-16T20:31:19.999+0000] {dag.py:3722} INFO - Setting next_dagrun for example_external_task_marker_child to None, run_after=None
[2023-12-16T20:31:20.165+0000] {logging_mixin.py:154} INFO - [2023-12-16T20:31:20.165+0000] {dag.py:3722} INFO - Setting next_dagrun for example_external_task_marker_parent to None, run_after=None
[2023-12-16T20:31:20.660+0000] {processor.py:179} INFO - Processing /home/airflow/.local/lib/python3.8/site-packages/airflow/example_dags/example_external_task_marker_dag.py took 1.076 seconds
[2023-12-16T20:31:51.528+0000] {processor.py:157} INFO - Started process (PID=110) to work on /home/airflow/.local/lib/python3.8/site-packages/airflow/example_dags/example_external_task_marker_dag.py
[2023-12-16T20:31:51.534+0000] {processor.py:829} INFO - Processing file /home/airflow/.local/lib/python3.8/site-packages/airflow/example_dags/example_external_task_marker_dag.py for tasks to queue
[2023-12-16T20:31:51.549+0000] {logging_mixin.py:154} INFO - [2023-12-16T20:31:51.548+0000] {dagbag.py:536} INFO - Filling up the DagBag from /home/airflow/.local/lib/python3.8/site-packages/airflow/example_dags/example_external_task_marker_dag.py
[2023-12-16T20:31:51.574+0000] {processor.py:839} INFO - DAG(s) dict_keys(['example_external_task_marker_child', 'example_external_task_marker_parent']) retrieved from /home/airflow/.local/lib/python3.8/site-packages/airflow/example_dags/example_external_task_marker_dag.py
[2023-12-16T20:31:51.682+0000] {logging_mixin.py:154} INFO - [2023-12-16T20:31:51.677+0000] {dag.py:2941} INFO - Sync 2 DAGs
[2023-12-16T20:31:51.738+0000] {logging_mixin.py:154} INFO - [2023-12-16T20:31:51.737+0000] {dag.py:3722} INFO - Setting next_dagrun for example_external_task_marker_child to None, run_after=None
[2023-12-16T20:31:51.782+0000] {logging_mixin.py:154} INFO - [2023-12-16T20:31:51.782+0000] {dag.py:3722} INFO - Setting next_dagrun for example_external_task_marker_parent to None, run_after=None
[2023-12-16T20:31:51.921+0000] {processor.py:179} INFO - Processing /home/airflow/.local/lib/python3.8/site-packages/airflow/example_dags/example_external_task_marker_dag.py took 0.403 seconds
[2023-12-16T20:32:22.283+0000] {processor.py:157} INFO - Started process (PID=162) to work on /home/airflow/.local/lib/python3.8/site-packages/airflow/example_dags/example_external_task_marker_dag.py
[2023-12-16T20:32:22.285+0000] {processor.py:829} INFO - Processing file /home/airflow/.local/lib/python3.8/site-packages/airflow/example_dags/example_external_task_marker_dag.py for tasks to queue
[2023-12-16T20:32:22.292+0000] {logging_mixin.py:154} INFO - [2023-12-16T20:32:22.291+0000] {dagbag.py:536} INFO - Filling up the DagBag from /home/airflow/.local/lib/python3.8/site-packages/airflow/example_dags/example_external_task_marker_dag.py
[2023-12-16T20:32:22.360+0000] {processor.py:839} INFO - DAG(s) dict_keys(['example_external_task_marker_child', 'example_external_task_marker_parent']) retrieved from /home/airflow/.local/lib/python3.8/site-packages/airflow/example_dags/example_external_task_marker_dag.py
[2023-12-16T20:32:22.506+0000] {logging_mixin.py:154} INFO - [2023-12-16T20:32:22.504+0000] {dag.py:2941} INFO - Sync 2 DAGs
[2023-12-16T20:32:22.560+0000] {logging_mixin.py:154} INFO - [2023-12-16T20:32:22.560+0000] {dag.py:3722} INFO - Setting next_dagrun for example_external_task_marker_child to None, run_after=None
[2023-12-16T20:32:22.577+0000] {logging_mixin.py:154} INFO - [2023-12-16T20:32:22.576+0000] {dag.py:3722} INFO - Setting next_dagrun for example_external_task_marker_parent to None, run_after=None
[2023-12-16T20:32:22.754+0000] {processor.py:179} INFO - Processing /home/airflow/.local/lib/python3.8/site-packages/airflow/example_dags/example_external_task_marker_dag.py took 0.478 seconds
[2023-12-16T20:34:27.129+0000] {processor.py:157} INFO - Started process (PID=48) to work on /home/airflow/.local/lib/python3.8/site-packages/airflow/example_dags/example_external_task_marker_dag.py
[2023-12-16T20:34:27.132+0000] {processor.py:829} INFO - Processing file /home/airflow/.local/lib/python3.8/site-packages/airflow/example_dags/example_external_task_marker_dag.py for tasks to queue
[2023-12-16T20:34:27.139+0000] {logging_mixin.py:154} INFO - [2023-12-16T20:34:27.138+0000] {dagbag.py:536} INFO - Filling up the DagBag from /home/airflow/.local/lib/python3.8/site-packages/airflow/example_dags/example_external_task_marker_dag.py
[2023-12-16T20:34:27.183+0000] {processor.py:839} INFO - DAG(s) dict_keys(['example_external_task_marker_parent', 'example_external_task_marker_child']) retrieved from /home/airflow/.local/lib/python3.8/site-packages/airflow/example_dags/example_external_task_marker_dag.py
[2023-12-16T20:34:27.316+0000] {logging_mixin.py:154} INFO - [2023-12-16T20:34:27.316+0000] {dag.py:2941} INFO - Sync 2 DAGs
[2023-12-16T20:34:27.380+0000] {logging_mixin.py:154} INFO - [2023-12-16T20:34:27.380+0000] {dag.py:3722} INFO - Setting next_dagrun for example_external_task_marker_child to None, run_after=None
[2023-12-16T20:34:27.391+0000] {logging_mixin.py:154} INFO - [2023-12-16T20:34:27.390+0000] {dag.py:3722} INFO - Setting next_dagrun for example_external_task_marker_parent to None, run_after=None
[2023-12-16T20:34:27.450+0000] {processor.py:179} INFO - Processing /home/airflow/.local/lib/python3.8/site-packages/airflow/example_dags/example_external_task_marker_dag.py took 0.332 seconds
[2023-12-16T20:34:57.596+0000] {processor.py:157} INFO - Started process (PID=100) to work on /home/airflow/.local/lib/python3.8/site-packages/airflow/example_dags/example_external_task_marker_dag.py
[2023-12-16T20:34:57.598+0000] {processor.py:829} INFO - Processing file /home/airflow/.local/lib/python3.8/site-packages/airflow/example_dags/example_external_task_marker_dag.py for tasks to queue
[2023-12-16T20:34:57.604+0000] {logging_mixin.py:154} INFO - [2023-12-16T20:34:57.603+0000] {dagbag.py:536} INFO - Filling up the DagBag from /home/airflow/.local/lib/python3.8/site-packages/airflow/example_dags/example_external_task_marker_dag.py
[2023-12-16T20:34:57.619+0000] {processor.py:839} INFO - DAG(s) dict_keys(['example_external_task_marker_child', 'example_external_task_marker_parent']) retrieved from /home/airflow/.local/lib/python3.8/site-packages/airflow/example_dags/example_external_task_marker_dag.py
[2023-12-16T20:34:57.677+0000] {logging_mixin.py:154} INFO - [2023-12-16T20:34:57.676+0000] {dag.py:2941} INFO - Sync 2 DAGs
[2023-12-16T20:34:57.715+0000] {logging_mixin.py:154} INFO - [2023-12-16T20:34:57.714+0000] {dag.py:3722} INFO - Setting next_dagrun for example_external_task_marker_child to None, run_after=None
[2023-12-16T20:34:57.724+0000] {logging_mixin.py:154} INFO - [2023-12-16T20:34:57.724+0000] {dag.py:3722} INFO - Setting next_dagrun for example_external_task_marker_parent to None, run_after=None
[2023-12-16T20:34:57.768+0000] {processor.py:179} INFO - Processing /home/airflow/.local/lib/python3.8/site-packages/airflow/example_dags/example_external_task_marker_dag.py took 0.179 seconds
[2023-12-16T21:00:50.749+0000] {processor.py:157} INFO - Started process (PID=55) to work on /home/airflow/.local/lib/python3.8/site-packages/airflow/example_dags/example_external_task_marker_dag.py
[2023-12-16T21:00:50.755+0000] {processor.py:829} INFO - Processing file /home/airflow/.local/lib/python3.8/site-packages/airflow/example_dags/example_external_task_marker_dag.py for tasks to queue
[2023-12-16T21:00:51.155+0000] {logging_mixin.py:154} INFO - [2023-12-16T21:00:50.921+0000] {dagbag.py:536} INFO - Filling up the DagBag from /home/airflow/.local/lib/python3.8/site-packages/airflow/example_dags/example_external_task_marker_dag.py
[2023-12-16T21:00:51.343+0000] {processor.py:839} INFO - DAG(s) dict_keys(['example_external_task_marker_child', 'example_external_task_marker_parent']) retrieved from /home/airflow/.local/lib/python3.8/site-packages/airflow/example_dags/example_external_task_marker_dag.py
[2023-12-16T21:00:51.558+0000] {logging_mixin.py:154} INFO - [2023-12-16T21:00:51.558+0000] {dag.py:2941} INFO - Sync 2 DAGs
[2023-12-16T21:00:51.657+0000] {logging_mixin.py:154} INFO - [2023-12-16T21:00:51.657+0000] {dag.py:3722} INFO - Setting next_dagrun for example_external_task_marker_child to None, run_after=None
[2023-12-16T21:00:51.698+0000] {logging_mixin.py:154} INFO - [2023-12-16T21:00:51.698+0000] {dag.py:3722} INFO - Setting next_dagrun for example_external_task_marker_parent to None, run_after=None
[2023-12-16T21:00:53.543+0000] {processor.py:179} INFO - Processing /home/airflow/.local/lib/python3.8/site-packages/airflow/example_dags/example_external_task_marker_dag.py took 3.741 seconds
[2023-12-16T21:01:23.883+0000] {processor.py:157} INFO - Started process (PID=109) to work on /home/airflow/.local/lib/python3.8/site-packages/airflow/example_dags/example_external_task_marker_dag.py
[2023-12-16T21:01:23.899+0000] {processor.py:829} INFO - Processing file /home/airflow/.local/lib/python3.8/site-packages/airflow/example_dags/example_external_task_marker_dag.py for tasks to queue
[2023-12-16T21:01:23.918+0000] {logging_mixin.py:154} INFO - [2023-12-16T21:01:23.917+0000] {dagbag.py:536} INFO - Filling up the DagBag from /home/airflow/.local/lib/python3.8/site-packages/airflow/example_dags/example_external_task_marker_dag.py
[2023-12-16T21:01:23.946+0000] {processor.py:839} INFO - DAG(s) dict_keys(['example_external_task_marker_parent', 'example_external_task_marker_child']) retrieved from /home/airflow/.local/lib/python3.8/site-packages/airflow/example_dags/example_external_task_marker_dag.py
[2023-12-16T21:01:24.121+0000] {logging_mixin.py:154} INFO - [2023-12-16T21:01:24.121+0000] {dag.py:2941} INFO - Sync 2 DAGs
[2023-12-16T21:01:24.193+0000] {logging_mixin.py:154} INFO - [2023-12-16T21:01:24.192+0000] {dag.py:3722} INFO - Setting next_dagrun for example_external_task_marker_child to None, run_after=None
[2023-12-16T21:01:24.207+0000] {logging_mixin.py:154} INFO - [2023-12-16T21:01:24.207+0000] {dag.py:3722} INFO - Setting next_dagrun for example_external_task_marker_parent to None, run_after=None
[2023-12-16T21:01:24.313+0000] {processor.py:179} INFO - Processing /home/airflow/.local/lib/python3.8/site-packages/airflow/example_dags/example_external_task_marker_dag.py took 0.441 seconds
[2023-12-16T21:01:54.989+0000] {processor.py:157} INFO - Started process (PID=163) to work on /home/airflow/.local/lib/python3.8/site-packages/airflow/example_dags/example_external_task_marker_dag.py
[2023-12-16T21:01:54.993+0000] {processor.py:829} INFO - Processing file /home/airflow/.local/lib/python3.8/site-packages/airflow/example_dags/example_external_task_marker_dag.py for tasks to queue
[2023-12-16T21:01:55.000+0000] {logging_mixin.py:154} INFO - [2023-12-16T21:01:54.999+0000] {dagbag.py:536} INFO - Filling up the DagBag from /home/airflow/.local/lib/python3.8/site-packages/airflow/example_dags/example_external_task_marker_dag.py
[2023-12-16T21:01:55.018+0000] {processor.py:839} INFO - DAG(s) dict_keys(['example_external_task_marker_parent', 'example_external_task_marker_child']) retrieved from /home/airflow/.local/lib/python3.8/site-packages/airflow/example_dags/example_external_task_marker_dag.py
[2023-12-16T21:01:55.090+0000] {logging_mixin.py:154} INFO - [2023-12-16T21:01:55.090+0000] {dag.py:2941} INFO - Sync 2 DAGs
[2023-12-16T21:01:55.129+0000] {logging_mixin.py:154} INFO - [2023-12-16T21:01:55.129+0000] {dag.py:3722} INFO - Setting next_dagrun for example_external_task_marker_child to None, run_after=None
[2023-12-16T21:01:55.145+0000] {logging_mixin.py:154} INFO - [2023-12-16T21:01:55.145+0000] {dag.py:3722} INFO - Setting next_dagrun for example_external_task_marker_parent to None, run_after=None
[2023-12-16T21:01:55.198+0000] {processor.py:179} INFO - Processing /home/airflow/.local/lib/python3.8/site-packages/airflow/example_dags/example_external_task_marker_dag.py took 0.220 seconds
[2023-12-16T21:07:01.332+0000] {processor.py:157} INFO - Started process (PID=49) to work on /home/airflow/.local/lib/python3.8/site-packages/airflow/example_dags/example_external_task_marker_dag.py
[2023-12-16T21:07:01.342+0000] {processor.py:829} INFO - Processing file /home/airflow/.local/lib/python3.8/site-packages/airflow/example_dags/example_external_task_marker_dag.py for tasks to queue
[2023-12-16T21:07:01.351+0000] {logging_mixin.py:154} INFO - [2023-12-16T21:07:01.350+0000] {dagbag.py:536} INFO - Filling up the DagBag from /home/airflow/.local/lib/python3.8/site-packages/airflow/example_dags/example_external_task_marker_dag.py
[2023-12-16T21:07:01.427+0000] {processor.py:839} INFO - DAG(s) dict_keys(['example_external_task_marker_child', 'example_external_task_marker_parent']) retrieved from /home/airflow/.local/lib/python3.8/site-packages/airflow/example_dags/example_external_task_marker_dag.py
[2023-12-16T21:07:01.577+0000] {logging_mixin.py:154} INFO - [2023-12-16T21:07:01.576+0000] {dag.py:2941} INFO - Sync 2 DAGs
[2023-12-16T21:07:01.677+0000] {logging_mixin.py:154} INFO - [2023-12-16T21:07:01.676+0000] {dag.py:3722} INFO - Setting next_dagrun for example_external_task_marker_child to None, run_after=None
[2023-12-16T21:07:01.685+0000] {logging_mixin.py:154} INFO - [2023-12-16T21:07:01.684+0000] {dag.py:3722} INFO - Setting next_dagrun for example_external_task_marker_parent to None, run_after=None
[2023-12-16T21:07:01.806+0000] {processor.py:179} INFO - Processing /home/airflow/.local/lib/python3.8/site-packages/airflow/example_dags/example_external_task_marker_dag.py took 0.490 seconds
[2023-12-16T21:07:31.982+0000] {processor.py:157} INFO - Started process (PID=103) to work on /home/airflow/.local/lib/python3.8/site-packages/airflow/example_dags/example_external_task_marker_dag.py
[2023-12-16T21:07:31.985+0000] {processor.py:829} INFO - Processing file /home/airflow/.local/lib/python3.8/site-packages/airflow/example_dags/example_external_task_marker_dag.py for tasks to queue
[2023-12-16T21:07:31.989+0000] {logging_mixin.py:154} INFO - [2023-12-16T21:07:31.989+0000] {dagbag.py:536} INFO - Filling up the DagBag from /home/airflow/.local/lib/python3.8/site-packages/airflow/example_dags/example_external_task_marker_dag.py
[2023-12-16T21:07:32.004+0000] {processor.py:839} INFO - DAG(s) dict_keys(['example_external_task_marker_parent', 'example_external_task_marker_child']) retrieved from /home/airflow/.local/lib/python3.8/site-packages/airflow/example_dags/example_external_task_marker_dag.py
[2023-12-16T21:07:32.097+0000] {logging_mixin.py:154} INFO - [2023-12-16T21:07:32.097+0000] {dag.py:2941} INFO - Sync 2 DAGs
[2023-12-16T21:07:32.290+0000] {logging_mixin.py:154} INFO - [2023-12-16T21:07:32.289+0000] {dag.py:3722} INFO - Setting next_dagrun for example_external_task_marker_child to None, run_after=None
[2023-12-16T21:07:32.306+0000] {logging_mixin.py:154} INFO - [2023-12-16T21:07:32.306+0000] {dag.py:3722} INFO - Setting next_dagrun for example_external_task_marker_parent to None, run_after=None
[2023-12-16T21:07:32.348+0000] {processor.py:179} INFO - Processing /home/airflow/.local/lib/python3.8/site-packages/airflow/example_dags/example_external_task_marker_dag.py took 0.374 seconds
[2023-12-16T21:08:03.062+0000] {processor.py:157} INFO - Started process (PID=157) to work on /home/airflow/.local/lib/python3.8/site-packages/airflow/example_dags/example_external_task_marker_dag.py
[2023-12-16T21:08:03.064+0000] {processor.py:829} INFO - Processing file /home/airflow/.local/lib/python3.8/site-packages/airflow/example_dags/example_external_task_marker_dag.py for tasks to queue
[2023-12-16T21:08:03.068+0000] {logging_mixin.py:154} INFO - [2023-12-16T21:08:03.067+0000] {dagbag.py:536} INFO - Filling up the DagBag from /home/airflow/.local/lib/python3.8/site-packages/airflow/example_dags/example_external_task_marker_dag.py
[2023-12-16T21:08:03.080+0000] {processor.py:839} INFO - DAG(s) dict_keys(['example_external_task_marker_parent', 'example_external_task_marker_child']) retrieved from /home/airflow/.local/lib/python3.8/site-packages/airflow/example_dags/example_external_task_marker_dag.py
[2023-12-16T21:08:03.129+0000] {logging_mixin.py:154} INFO - [2023-12-16T21:08:03.129+0000] {dag.py:2941} INFO - Sync 2 DAGs
[2023-12-16T21:08:03.150+0000] {logging_mixin.py:154} INFO - [2023-12-16T21:08:03.150+0000] {dag.py:3722} INFO - Setting next_dagrun for example_external_task_marker_child to None, run_after=None
[2023-12-16T21:08:03.156+0000] {logging_mixin.py:154} INFO - [2023-12-16T21:08:03.156+0000] {dag.py:3722} INFO - Setting next_dagrun for example_external_task_marker_parent to None, run_after=None
[2023-12-16T21:08:03.188+0000] {processor.py:179} INFO - Processing /home/airflow/.local/lib/python3.8/site-packages/airflow/example_dags/example_external_task_marker_dag.py took 0.131 seconds
[2023-12-16T21:08:34.496+0000] {processor.py:157} INFO - Started process (PID=211) to work on /home/airflow/.local/lib/python3.8/site-packages/airflow/example_dags/example_external_task_marker_dag.py
[2023-12-16T21:08:34.500+0000] {processor.py:829} INFO - Processing file /home/airflow/.local/lib/python3.8/site-packages/airflow/example_dags/example_external_task_marker_dag.py for tasks to queue
[2023-12-16T21:08:34.507+0000] {logging_mixin.py:154} INFO - [2023-12-16T21:08:34.506+0000] {dagbag.py:536} INFO - Filling up the DagBag from /home/airflow/.local/lib/python3.8/site-packages/airflow/example_dags/example_external_task_marker_dag.py
[2023-12-16T21:08:35.028+0000] {processor.py:839} INFO - DAG(s) dict_keys(['example_external_task_marker_child', 'example_external_task_marker_parent']) retrieved from /home/airflow/.local/lib/python3.8/site-packages/airflow/example_dags/example_external_task_marker_dag.py
[2023-12-16T21:08:35.450+0000] {logging_mixin.py:154} INFO - [2023-12-16T21:08:35.449+0000] {dag.py:2941} INFO - Sync 2 DAGs
[2023-12-16T21:08:35.492+0000] {logging_mixin.py:154} INFO - [2023-12-16T21:08:35.492+0000] {dag.py:3722} INFO - Setting next_dagrun for example_external_task_marker_child to None, run_after=None
[2023-12-16T21:08:35.503+0000] {logging_mixin.py:154} INFO - [2023-12-16T21:08:35.503+0000] {dag.py:3722} INFO - Setting next_dagrun for example_external_task_marker_parent to None, run_after=None
[2023-12-16T21:08:35.552+0000] {processor.py:179} INFO - Processing /home/airflow/.local/lib/python3.8/site-packages/airflow/example_dags/example_external_task_marker_dag.py took 1.109 seconds
[2023-12-16T21:09:06.085+0000] {processor.py:157} INFO - Started process (PID=264) to work on /home/airflow/.local/lib/python3.8/site-packages/airflow/example_dags/example_external_task_marker_dag.py
[2023-12-16T21:09:06.087+0000] {processor.py:829} INFO - Processing file /home/airflow/.local/lib/python3.8/site-packages/airflow/example_dags/example_external_task_marker_dag.py for tasks to queue
[2023-12-16T21:09:06.092+0000] {logging_mixin.py:154} INFO - [2023-12-16T21:09:06.092+0000] {dagbag.py:536} INFO - Filling up the DagBag from /home/airflow/.local/lib/python3.8/site-packages/airflow/example_dags/example_external_task_marker_dag.py
[2023-12-16T21:09:06.105+0000] {processor.py:839} INFO - DAG(s) dict_keys(['example_external_task_marker_parent', 'example_external_task_marker_child']) retrieved from /home/airflow/.local/lib/python3.8/site-packages/airflow/example_dags/example_external_task_marker_dag.py
[2023-12-16T21:09:06.162+0000] {logging_mixin.py:154} INFO - [2023-12-16T21:09:06.162+0000] {dag.py:2941} INFO - Sync 2 DAGs
[2023-12-16T21:09:06.190+0000] {logging_mixin.py:154} INFO - [2023-12-16T21:09:06.190+0000] {dag.py:3722} INFO - Setting next_dagrun for example_external_task_marker_child to None, run_after=None
[2023-12-16T21:09:06.198+0000] {logging_mixin.py:154} INFO - [2023-12-16T21:09:06.198+0000] {dag.py:3722} INFO - Setting next_dagrun for example_external_task_marker_parent to None, run_after=None
[2023-12-16T21:09:06.236+0000] {processor.py:179} INFO - Processing /home/airflow/.local/lib/python3.8/site-packages/airflow/example_dags/example_external_task_marker_dag.py took 0.156 seconds
[2023-12-16T21:09:36.917+0000] {processor.py:157} INFO - Started process (PID=318) to work on /home/airflow/.local/lib/python3.8/site-packages/airflow/example_dags/example_external_task_marker_dag.py
[2023-12-16T21:09:36.918+0000] {processor.py:829} INFO - Processing file /home/airflow/.local/lib/python3.8/site-packages/airflow/example_dags/example_external_task_marker_dag.py for tasks to queue
[2023-12-16T21:09:36.925+0000] {logging_mixin.py:154} INFO - [2023-12-16T21:09:36.924+0000] {dagbag.py:536} INFO - Filling up the DagBag from /home/airflow/.local/lib/python3.8/site-packages/airflow/example_dags/example_external_task_marker_dag.py
[2023-12-16T21:09:36.935+0000] {processor.py:839} INFO - DAG(s) dict_keys(['example_external_task_marker_child', 'example_external_task_marker_parent']) retrieved from /home/airflow/.local/lib/python3.8/site-packages/airflow/example_dags/example_external_task_marker_dag.py
[2023-12-16T21:09:36.988+0000] {logging_mixin.py:154} INFO - [2023-12-16T21:09:36.988+0000] {dag.py:2941} INFO - Sync 2 DAGs
[2023-12-16T21:09:37.017+0000] {logging_mixin.py:154} INFO - [2023-12-16T21:09:37.017+0000] {dag.py:3722} INFO - Setting next_dagrun for example_external_task_marker_child to None, run_after=None
[2023-12-16T21:09:37.024+0000] {logging_mixin.py:154} INFO - [2023-12-16T21:09:37.024+0000] {dag.py:3722} INFO - Setting next_dagrun for example_external_task_marker_parent to None, run_after=None
[2023-12-16T21:09:37.059+0000] {processor.py:179} INFO - Processing /home/airflow/.local/lib/python3.8/site-packages/airflow/example_dags/example_external_task_marker_dag.py took 0.147 seconds
[2023-12-16T21:10:07.842+0000] {processor.py:157} INFO - Started process (PID=372) to work on /home/airflow/.local/lib/python3.8/site-packages/airflow/example_dags/example_external_task_marker_dag.py
[2023-12-16T21:10:07.845+0000] {processor.py:829} INFO - Processing file /home/airflow/.local/lib/python3.8/site-packages/airflow/example_dags/example_external_task_marker_dag.py for tasks to queue
[2023-12-16T21:10:07.853+0000] {logging_mixin.py:154} INFO - [2023-12-16T21:10:07.853+0000] {dagbag.py:536} INFO - Filling up the DagBag from /home/airflow/.local/lib/python3.8/site-packages/airflow/example_dags/example_external_task_marker_dag.py
[2023-12-16T21:10:07.868+0000] {processor.py:839} INFO - DAG(s) dict_keys(['example_external_task_marker_parent', 'example_external_task_marker_child']) retrieved from /home/airflow/.local/lib/python3.8/site-packages/airflow/example_dags/example_external_task_marker_dag.py
[2023-12-16T21:10:07.935+0000] {logging_mixin.py:154} INFO - [2023-12-16T21:10:07.934+0000] {dag.py:2941} INFO - Sync 2 DAGs
[2023-12-16T21:10:07.971+0000] {logging_mixin.py:154} INFO - [2023-12-16T21:10:07.971+0000] {dag.py:3722} INFO - Setting next_dagrun for example_external_task_marker_child to None, run_after=None
[2023-12-16T21:10:07.980+0000] {logging_mixin.py:154} INFO - [2023-12-16T21:10:07.980+0000] {dag.py:3722} INFO - Setting next_dagrun for example_external_task_marker_parent to None, run_after=None
[2023-12-16T21:10:08.021+0000] {processor.py:179} INFO - Processing /home/airflow/.local/lib/python3.8/site-packages/airflow/example_dags/example_external_task_marker_dag.py took 0.186 seconds
[2023-12-16T21:10:38.434+0000] {processor.py:157} INFO - Started process (PID=426) to work on /home/airflow/.local/lib/python3.8/site-packages/airflow/example_dags/example_external_task_marker_dag.py
[2023-12-16T21:10:38.437+0000] {processor.py:829} INFO - Processing file /home/airflow/.local/lib/python3.8/site-packages/airflow/example_dags/example_external_task_marker_dag.py for tasks to queue
[2023-12-16T21:10:38.442+0000] {logging_mixin.py:154} INFO - [2023-12-16T21:10:38.442+0000] {dagbag.py:536} INFO - Filling up the DagBag from /home/airflow/.local/lib/python3.8/site-packages/airflow/example_dags/example_external_task_marker_dag.py
[2023-12-16T21:10:38.453+0000] {processor.py:839} INFO - DAG(s) dict_keys(['example_external_task_marker_parent', 'example_external_task_marker_child']) retrieved from /home/airflow/.local/lib/python3.8/site-packages/airflow/example_dags/example_external_task_marker_dag.py
[2023-12-16T21:10:38.516+0000] {logging_mixin.py:154} INFO - [2023-12-16T21:10:38.515+0000] {dag.py:2941} INFO - Sync 2 DAGs
[2023-12-16T21:10:38.540+0000] {logging_mixin.py:154} INFO - [2023-12-16T21:10:38.539+0000] {dag.py:3722} INFO - Setting next_dagrun for example_external_task_marker_child to None, run_after=None
[2023-12-16T21:10:38.549+0000] {logging_mixin.py:154} INFO - [2023-12-16T21:10:38.548+0000] {dag.py:3722} INFO - Setting next_dagrun for example_external_task_marker_parent to None, run_after=None
[2023-12-16T21:10:38.584+0000] {processor.py:179} INFO - Processing /home/airflow/.local/lib/python3.8/site-packages/airflow/example_dags/example_external_task_marker_dag.py took 0.155 seconds
[2023-12-16T21:11:08.967+0000] {processor.py:157} INFO - Started process (PID=481) to work on /home/airflow/.local/lib/python3.8/site-packages/airflow/example_dags/example_external_task_marker_dag.py
[2023-12-16T21:11:08.969+0000] {processor.py:829} INFO - Processing file /home/airflow/.local/lib/python3.8/site-packages/airflow/example_dags/example_external_task_marker_dag.py for tasks to queue
[2023-12-16T21:11:08.977+0000] {logging_mixin.py:154} INFO - [2023-12-16T21:11:08.976+0000] {dagbag.py:536} INFO - Filling up the DagBag from /home/airflow/.local/lib/python3.8/site-packages/airflow/example_dags/example_external_task_marker_dag.py
[2023-12-16T21:11:08.992+0000] {processor.py:839} INFO - DAG(s) dict_keys(['example_external_task_marker_child', 'example_external_task_marker_parent']) retrieved from /home/airflow/.local/lib/python3.8/site-packages/airflow/example_dags/example_external_task_marker_dag.py
[2023-12-16T21:11:09.164+0000] {logging_mixin.py:154} INFO - [2023-12-16T21:11:09.163+0000] {dag.py:2941} INFO - Sync 2 DAGs
[2023-12-16T21:11:09.253+0000] {logging_mixin.py:154} INFO - [2023-12-16T21:11:09.253+0000] {dag.py:3722} INFO - Setting next_dagrun for example_external_task_marker_child to None, run_after=None
[2023-12-16T21:11:09.278+0000] {logging_mixin.py:154} INFO - [2023-12-16T21:11:09.278+0000] {dag.py:3722} INFO - Setting next_dagrun for example_external_task_marker_parent to None, run_after=None
[2023-12-16T21:11:09.352+0000] {processor.py:179} INFO - Processing /home/airflow/.local/lib/python3.8/site-packages/airflow/example_dags/example_external_task_marker_dag.py took 0.393 seconds
[2023-12-16T21:11:39.793+0000] {processor.py:157} INFO - Started process (PID=542) to work on /home/airflow/.local/lib/python3.8/site-packages/airflow/example_dags/example_external_task_marker_dag.py
[2023-12-16T21:11:39.795+0000] {processor.py:829} INFO - Processing file /home/airflow/.local/lib/python3.8/site-packages/airflow/example_dags/example_external_task_marker_dag.py for tasks to queue
[2023-12-16T21:11:39.801+0000] {logging_mixin.py:154} INFO - [2023-12-16T21:11:39.801+0000] {dagbag.py:536} INFO - Filling up the DagBag from /home/airflow/.local/lib/python3.8/site-packages/airflow/example_dags/example_external_task_marker_dag.py
[2023-12-16T21:11:39.815+0000] {processor.py:839} INFO - DAG(s) dict_keys(['example_external_task_marker_parent', 'example_external_task_marker_child']) retrieved from /home/airflow/.local/lib/python3.8/site-packages/airflow/example_dags/example_external_task_marker_dag.py
[2023-12-16T21:11:39.869+0000] {logging_mixin.py:154} INFO - [2023-12-16T21:11:39.869+0000] {dag.py:2941} INFO - Sync 2 DAGs
[2023-12-16T21:11:39.942+0000] {logging_mixin.py:154} INFO - [2023-12-16T21:11:39.941+0000] {dag.py:3722} INFO - Setting next_dagrun for example_external_task_marker_child to None, run_after=None
[2023-12-16T21:11:39.969+0000] {logging_mixin.py:154} INFO - [2023-12-16T21:11:39.969+0000] {dag.py:3722} INFO - Setting next_dagrun for example_external_task_marker_parent to None, run_after=None
[2023-12-16T21:11:40.136+0000] {processor.py:179} INFO - Processing /home/airflow/.local/lib/python3.8/site-packages/airflow/example_dags/example_external_task_marker_dag.py took 0.360 seconds
[2023-12-16T21:12:10.550+0000] {processor.py:157} INFO - Started process (PID=596) to work on /home/airflow/.local/lib/python3.8/site-packages/airflow/example_dags/example_external_task_marker_dag.py
[2023-12-16T21:12:10.552+0000] {processor.py:829} INFO - Processing file /home/airflow/.local/lib/python3.8/site-packages/airflow/example_dags/example_external_task_marker_dag.py for tasks to queue
[2023-12-16T21:12:10.557+0000] {logging_mixin.py:154} INFO - [2023-12-16T21:12:10.556+0000] {dagbag.py:536} INFO - Filling up the DagBag from /home/airflow/.local/lib/python3.8/site-packages/airflow/example_dags/example_external_task_marker_dag.py
[2023-12-16T21:12:10.575+0000] {processor.py:839} INFO - DAG(s) dict_keys(['example_external_task_marker_child', 'example_external_task_marker_parent']) retrieved from /home/airflow/.local/lib/python3.8/site-packages/airflow/example_dags/example_external_task_marker_dag.py
[2023-12-16T21:12:10.626+0000] {logging_mixin.py:154} INFO - [2023-12-16T21:12:10.625+0000] {dag.py:2941} INFO - Sync 2 DAGs
[2023-12-16T21:12:10.652+0000] {logging_mixin.py:154} INFO - [2023-12-16T21:12:10.652+0000] {dag.py:3722} INFO - Setting next_dagrun for example_external_task_marker_child to None, run_after=None
[2023-12-16T21:12:10.660+0000] {logging_mixin.py:154} INFO - [2023-12-16T21:12:10.660+0000] {dag.py:3722} INFO - Setting next_dagrun for example_external_task_marker_parent to None, run_after=None
[2023-12-16T21:12:10.690+0000] {processor.py:179} INFO - Processing /home/airflow/.local/lib/python3.8/site-packages/airflow/example_dags/example_external_task_marker_dag.py took 0.146 seconds
[2023-12-16T21:12:41.453+0000] {processor.py:157} INFO - Started process (PID=650) to work on /home/airflow/.local/lib/python3.8/site-packages/airflow/example_dags/example_external_task_marker_dag.py
[2023-12-16T21:12:41.455+0000] {processor.py:829} INFO - Processing file /home/airflow/.local/lib/python3.8/site-packages/airflow/example_dags/example_external_task_marker_dag.py for tasks to queue
[2023-12-16T21:12:41.460+0000] {logging_mixin.py:154} INFO - [2023-12-16T21:12:41.459+0000] {dagbag.py:536} INFO - Filling up the DagBag from /home/airflow/.local/lib/python3.8/site-packages/airflow/example_dags/example_external_task_marker_dag.py
[2023-12-16T21:12:41.472+0000] {processor.py:839} INFO - DAG(s) dict_keys(['example_external_task_marker_child', 'example_external_task_marker_parent']) retrieved from /home/airflow/.local/lib/python3.8/site-packages/airflow/example_dags/example_external_task_marker_dag.py
[2023-12-16T21:12:41.516+0000] {logging_mixin.py:154} INFO - [2023-12-16T21:12:41.516+0000] {dag.py:2941} INFO - Sync 2 DAGs
[2023-12-16T21:12:41.539+0000] {logging_mixin.py:154} INFO - [2023-12-16T21:12:41.539+0000] {dag.py:3722} INFO - Setting next_dagrun for example_external_task_marker_child to None, run_after=None
[2023-12-16T21:12:41.546+0000] {logging_mixin.py:154} INFO - [2023-12-16T21:12:41.546+0000] {dag.py:3722} INFO - Setting next_dagrun for example_external_task_marker_parent to None, run_after=None
[2023-12-16T21:12:41.579+0000] {processor.py:179} INFO - Processing /home/airflow/.local/lib/python3.8/site-packages/airflow/example_dags/example_external_task_marker_dag.py took 0.132 seconds
