[2023-12-16T19:21:48.480+0000] {processor.py:157} INFO - Started process (PID=42) to work on /home/airflow/.local/lib/python3.8/site-packages/airflow/example_dags/example_setup_teardown.py
[2023-12-16T19:21:48.499+0000] {processor.py:829} INFO - Processing file /home/airflow/.local/lib/python3.8/site-packages/airflow/example_dags/example_setup_teardown.py for tasks to queue
[2023-12-16T19:21:48.509+0000] {logging_mixin.py:154} INFO - [2023-12-16T19:21:48.509+0000] {dagbag.py:536} INFO - Filling up the DagBag from /home/airflow/.local/lib/python3.8/site-packages/airflow/example_dags/example_setup_teardown.py
[2023-12-16T19:21:48.706+0000] {processor.py:839} INFO - DAG(s) dict_keys(['example_setup_teardown']) retrieved from /home/airflow/.local/lib/python3.8/site-packages/airflow/example_dags/example_setup_teardown.py
[2023-12-16T19:21:49.216+0000] {logging_mixin.py:154} INFO - [2023-12-16T19:21:49.216+0000] {dag.py:2941} INFO - Sync 1 DAGs
[2023-12-16T19:21:49.577+0000] {logging_mixin.py:154} INFO - [2023-12-16T19:21:49.577+0000] {dag.py:3722} INFO - Setting next_dagrun for example_setup_teardown to 2023-12-15T19:21:49.576976+00:00, run_after=2023-12-16T19:21:49.576976+00:00
[2023-12-16T19:21:49.697+0000] {processor.py:179} INFO - Processing /home/airflow/.local/lib/python3.8/site-packages/airflow/example_dags/example_setup_teardown.py took 1.313 seconds
[2023-12-16T19:23:00.426+0000] {processor.py:157} INFO - Started process (PID=94) to work on /home/airflow/.local/lib/python3.8/site-packages/airflow/example_dags/example_setup_teardown.py
[2023-12-16T19:23:00.437+0000] {processor.py:829} INFO - Processing file /home/airflow/.local/lib/python3.8/site-packages/airflow/example_dags/example_setup_teardown.py for tasks to queue
[2023-12-16T19:23:00.469+0000] {logging_mixin.py:154} INFO - [2023-12-16T19:23:00.468+0000] {dagbag.py:536} INFO - Filling up the DagBag from /home/airflow/.local/lib/python3.8/site-packages/airflow/example_dags/example_setup_teardown.py
[2023-12-16T19:23:00.495+0000] {processor.py:839} INFO - DAG(s) dict_keys(['example_setup_teardown']) retrieved from /home/airflow/.local/lib/python3.8/site-packages/airflow/example_dags/example_setup_teardown.py
[2023-12-16T19:23:00.605+0000] {logging_mixin.py:154} INFO - [2023-12-16T19:23:00.602+0000] {dag.py:2941} INFO - Sync 1 DAGs
[2023-12-16T19:23:00.887+0000] {logging_mixin.py:154} INFO - [2023-12-16T19:23:00.867+0000] {dag.py:3722} INFO - Setting next_dagrun for example_setup_teardown to 2023-12-15T19:23:00.863968+00:00, run_after=2023-12-16T19:23:00.863968+00:00
[2023-12-16T19:23:01.363+0000] {processor.py:179} INFO - Processing /home/airflow/.local/lib/python3.8/site-packages/airflow/example_dags/example_setup_teardown.py took 0.970 seconds
[2023-12-16T19:23:32.413+0000] {processor.py:157} INFO - Started process (PID=147) to work on /home/airflow/.local/lib/python3.8/site-packages/airflow/example_dags/example_setup_teardown.py
[2023-12-16T19:23:32.415+0000] {processor.py:829} INFO - Processing file /home/airflow/.local/lib/python3.8/site-packages/airflow/example_dags/example_setup_teardown.py for tasks to queue
[2023-12-16T19:23:32.422+0000] {logging_mixin.py:154} INFO - [2023-12-16T19:23:32.421+0000] {dagbag.py:536} INFO - Filling up the DagBag from /home/airflow/.local/lib/python3.8/site-packages/airflow/example_dags/example_setup_teardown.py
[2023-12-16T19:23:32.450+0000] {processor.py:839} INFO - DAG(s) dict_keys(['example_setup_teardown']) retrieved from /home/airflow/.local/lib/python3.8/site-packages/airflow/example_dags/example_setup_teardown.py
[2023-12-16T19:23:32.506+0000] {logging_mixin.py:154} INFO - [2023-12-16T19:23:32.505+0000] {dag.py:2941} INFO - Sync 1 DAGs
[2023-12-16T19:23:32.554+0000] {logging_mixin.py:154} INFO - [2023-12-16T19:23:32.554+0000] {dag.py:3722} INFO - Setting next_dagrun for example_setup_teardown to 2023-12-15T19:23:32.553192+00:00, run_after=2023-12-16T19:23:32.553192+00:00
[2023-12-16T19:23:32.594+0000] {processor.py:179} INFO - Processing /home/airflow/.local/lib/python3.8/site-packages/airflow/example_dags/example_setup_teardown.py took 0.188 seconds
[2023-12-16T19:24:04.100+0000] {processor.py:157} INFO - Started process (PID=197) to work on /home/airflow/.local/lib/python3.8/site-packages/airflow/example_dags/example_setup_teardown.py
[2023-12-16T19:24:04.103+0000] {processor.py:829} INFO - Processing file /home/airflow/.local/lib/python3.8/site-packages/airflow/example_dags/example_setup_teardown.py for tasks to queue
[2023-12-16T19:24:04.109+0000] {logging_mixin.py:154} INFO - [2023-12-16T19:24:04.108+0000] {dagbag.py:536} INFO - Filling up the DagBag from /home/airflow/.local/lib/python3.8/site-packages/airflow/example_dags/example_setup_teardown.py
[2023-12-16T19:24:04.137+0000] {processor.py:839} INFO - DAG(s) dict_keys(['example_setup_teardown']) retrieved from /home/airflow/.local/lib/python3.8/site-packages/airflow/example_dags/example_setup_teardown.py
[2023-12-16T19:24:04.196+0000] {logging_mixin.py:154} INFO - [2023-12-16T19:24:04.196+0000] {dag.py:2941} INFO - Sync 1 DAGs
[2023-12-16T19:24:04.284+0000] {logging_mixin.py:154} INFO - [2023-12-16T19:24:04.283+0000] {dag.py:3722} INFO - Setting next_dagrun for example_setup_teardown to 2023-12-15T19:24:04.282853+00:00, run_after=2023-12-16T19:24:04.282853+00:00
[2023-12-16T19:24:04.387+0000] {processor.py:179} INFO - Processing /home/airflow/.local/lib/python3.8/site-packages/airflow/example_dags/example_setup_teardown.py took 0.300 seconds
[2023-12-16T19:29:46.600+0000] {processor.py:157} INFO - Started process (PID=214) to work on /home/airflow/.local/lib/python3.8/site-packages/airflow/example_dags/example_setup_teardown.py
[2023-12-16T19:29:46.613+0000] {processor.py:829} INFO - Processing file /home/airflow/.local/lib/python3.8/site-packages/airflow/example_dags/example_setup_teardown.py for tasks to queue
[2023-12-16T19:29:46.676+0000] {logging_mixin.py:154} INFO - [2023-12-16T19:29:46.663+0000] {dagbag.py:536} INFO - Filling up the DagBag from /home/airflow/.local/lib/python3.8/site-packages/airflow/example_dags/example_setup_teardown.py
[2023-12-16T19:29:49.376+0000] {processor.py:839} INFO - DAG(s) dict_keys(['example_setup_teardown']) retrieved from /home/airflow/.local/lib/python3.8/site-packages/airflow/example_dags/example_setup_teardown.py
[2023-12-16T19:30:31.097+0000] {processor.py:182} ERROR - Got an exception! Propagating...
Traceback (most recent call last):
  File "/home/airflow/.local/lib/python3.8/site-packages/sqlalchemy/engine/base.py", line 3371, in _wrap_pool_connect
    return fn()
  File "/home/airflow/.local/lib/python3.8/site-packages/sqlalchemy/pool/base.py", line 327, in connect
    return _ConnectionFairy._checkout(self)
  File "/home/airflow/.local/lib/python3.8/site-packages/sqlalchemy/pool/base.py", line 894, in _checkout
    fairy = _ConnectionRecord.checkout(pool)
  File "/home/airflow/.local/lib/python3.8/site-packages/sqlalchemy/pool/base.py", line 493, in checkout
    rec = pool._do_get()
  File "/home/airflow/.local/lib/python3.8/site-packages/sqlalchemy/pool/impl.py", line 146, in _do_get
    self._dec_overflow()
  File "/home/airflow/.local/lib/python3.8/site-packages/sqlalchemy/util/langhelpers.py", line 70, in __exit__
    compat.raise_(
  File "/home/airflow/.local/lib/python3.8/site-packages/sqlalchemy/util/compat.py", line 211, in raise_
    raise exception
  File "/home/airflow/.local/lib/python3.8/site-packages/sqlalchemy/pool/impl.py", line 143, in _do_get
    return self._create_connection()
  File "/home/airflow/.local/lib/python3.8/site-packages/sqlalchemy/pool/base.py", line 273, in _create_connection
    return _ConnectionRecord(self)
  File "/home/airflow/.local/lib/python3.8/site-packages/sqlalchemy/pool/base.py", line 388, in __init__
    self.__connect()
  File "/home/airflow/.local/lib/python3.8/site-packages/sqlalchemy/pool/base.py", line 691, in __connect
    pool.logger.debug("Error on connect(): %s", e)
  File "/home/airflow/.local/lib/python3.8/site-packages/sqlalchemy/util/langhelpers.py", line 70, in __exit__
    compat.raise_(
  File "/home/airflow/.local/lib/python3.8/site-packages/sqlalchemy/util/compat.py", line 211, in raise_
    raise exception
  File "/home/airflow/.local/lib/python3.8/site-packages/sqlalchemy/pool/base.py", line 686, in __connect
    self.dbapi_connection = connection = pool._invoke_creator(self)
  File "/home/airflow/.local/lib/python3.8/site-packages/sqlalchemy/engine/create.py", line 574, in connect
    return dialect.connect(*cargs, **cparams)
  File "/home/airflow/.local/lib/python3.8/site-packages/sqlalchemy/engine/default.py", line 598, in connect
    return self.dbapi.connect(*cargs, **cparams)
  File "/home/airflow/.local/lib/python3.8/site-packages/psycopg2/__init__.py", line 122, in connect
    conn = _connect(dsn, connection_factory=connection_factory, **kwasync)
psycopg2.OperationalError: could not translate host name "postgres" to address: Temporary failure in name resolution


The above exception was the direct cause of the following exception:

Traceback (most recent call last):
  File "/home/airflow/.local/lib/python3.8/site-packages/airflow/dag_processing/processor.py", line 178, in _run_file_processor
    _handle_dag_file_processing()
  File "/home/airflow/.local/lib/python3.8/site-packages/airflow/dag_processing/processor.py", line 159, in _handle_dag_file_processing
    result: tuple[int, int] = dag_file_processor.process_file(
  File "/home/airflow/.local/lib/python3.8/site-packages/airflow/utils/session.py", line 79, in wrapper
    return func(*args, session=session, **kwargs)
  File "/home/airflow/.local/lib/python3.8/site-packages/airflow/dag_processing/processor.py", line 857, in process_file
    serialize_errors = DagFileProcessor.save_dag_to_db(
  File "/home/airflow/.local/lib/python3.8/site-packages/airflow/api_internal/internal_api_call.py", line 114, in wrapper
    return func(*args, **kwargs)
  File "/home/airflow/.local/lib/python3.8/site-packages/airflow/utils/session.py", line 79, in wrapper
    return func(*args, session=session, **kwargs)
  File "/home/airflow/.local/lib/python3.8/site-packages/airflow/dag_processing/processor.py", line 893, in save_dag_to_db
    import_errors = DagBag._sync_to_db(dags=dags, processor_subdir=dag_directory, session=session)
  File "/home/airflow/.local/lib/python3.8/site-packages/airflow/utils/session.py", line 76, in wrapper
    return func(*args, **kwargs)
  File "/home/airflow/.local/lib/python3.8/site-packages/airflow/models/dagbag.py", line 654, in _sync_to_db
    for attempt in run_with_db_retries(logger=log):
  File "/home/airflow/.local/lib/python3.8/site-packages/tenacity/__init__.py", line 347, in __iter__
    do = self.iter(retry_state=retry_state)
  File "/home/airflow/.local/lib/python3.8/site-packages/tenacity/__init__.py", line 325, in iter
    raise retry_exc.reraise()
  File "/home/airflow/.local/lib/python3.8/site-packages/tenacity/__init__.py", line 158, in reraise
    raise self.last_attempt.result()
  File "/usr/local/lib/python3.8/concurrent/futures/_base.py", line 437, in result
    return self.__get_result()
  File "/usr/local/lib/python3.8/concurrent/futures/_base.py", line 389, in __get_result
    raise self._exception
  File "/home/airflow/.local/lib/python3.8/site-packages/airflow/models/dagbag.py", line 666, in _sync_to_db
    serialize_errors.extend(_serialize_dag_capturing_errors(dag, session))
  File "/home/airflow/.local/lib/python3.8/site-packages/airflow/models/dagbag.py", line 633, in _serialize_dag_capturing_errors
    dag_was_updated = SerializedDagModel.write_dag(
  File "/home/airflow/.local/lib/python3.8/site-packages/airflow/utils/session.py", line 76, in wrapper
    return func(*args, **kwargs)
  File "/home/airflow/.local/lib/python3.8/site-packages/airflow/models/serialized_dag.py", line 147, in write_dag
    if session.scalar(
  File "/home/airflow/.local/lib/python3.8/site-packages/sqlalchemy/orm/session.py", line 1747, in scalar
    return self.execute(
  File "/home/airflow/.local/lib/python3.8/site-packages/sqlalchemy/orm/session.py", line 1716, in execute
    conn = self._connection_for_bind(bind)
  File "/home/airflow/.local/lib/python3.8/site-packages/sqlalchemy/orm/session.py", line 1555, in _connection_for_bind
    return self._transaction._connection_for_bind(
  File "/home/airflow/.local/lib/python3.8/site-packages/sqlalchemy/orm/session.py", line 750, in _connection_for_bind
    conn = bind.connect()
  File "/home/airflow/.local/lib/python3.8/site-packages/sqlalchemy/future/engine.py", line 406, in connect
    return super(Engine, self).connect()
  File "/home/airflow/.local/lib/python3.8/site-packages/sqlalchemy/engine/base.py", line 3325, in connect
    return self._connection_cls(self, close_with_result=close_with_result)
  File "/home/airflow/.local/lib/python3.8/site-packages/sqlalchemy/engine/base.py", line 96, in __init__
    else engine.raw_connection()
  File "/home/airflow/.local/lib/python3.8/site-packages/sqlalchemy/engine/base.py", line 3404, in raw_connection
    return self._wrap_pool_connect(self.pool.connect, _connection)
  File "/home/airflow/.local/lib/python3.8/site-packages/sqlalchemy/engine/base.py", line 3374, in _wrap_pool_connect
    Connection._handle_dbapi_exception_noconnection(
  File "/home/airflow/.local/lib/python3.8/site-packages/sqlalchemy/engine/base.py", line 2208, in _handle_dbapi_exception_noconnection
    util.raise_(
  File "/home/airflow/.local/lib/python3.8/site-packages/sqlalchemy/util/compat.py", line 211, in raise_
    raise exception
  File "/home/airflow/.local/lib/python3.8/site-packages/sqlalchemy/engine/base.py", line 3371, in _wrap_pool_connect
    return fn()
  File "/home/airflow/.local/lib/python3.8/site-packages/sqlalchemy/pool/base.py", line 327, in connect
    return _ConnectionFairy._checkout(self)
  File "/home/airflow/.local/lib/python3.8/site-packages/sqlalchemy/pool/base.py", line 894, in _checkout
    fairy = _ConnectionRecord.checkout(pool)
  File "/home/airflow/.local/lib/python3.8/site-packages/sqlalchemy/pool/base.py", line 493, in checkout
    rec = pool._do_get()
  File "/home/airflow/.local/lib/python3.8/site-packages/sqlalchemy/pool/impl.py", line 146, in _do_get
    self._dec_overflow()
  File "/home/airflow/.local/lib/python3.8/site-packages/sqlalchemy/util/langhelpers.py", line 70, in __exit__
    compat.raise_(
  File "/home/airflow/.local/lib/python3.8/site-packages/sqlalchemy/util/compat.py", line 211, in raise_
    raise exception
  File "/home/airflow/.local/lib/python3.8/site-packages/sqlalchemy/pool/impl.py", line 143, in _do_get
    return self._create_connection()
  File "/home/airflow/.local/lib/python3.8/site-packages/sqlalchemy/pool/base.py", line 273, in _create_connection
    return _ConnectionRecord(self)
  File "/home/airflow/.local/lib/python3.8/site-packages/sqlalchemy/pool/base.py", line 388, in __init__
    self.__connect()
  File "/home/airflow/.local/lib/python3.8/site-packages/sqlalchemy/pool/base.py", line 691, in __connect
    pool.logger.debug("Error on connect(): %s", e)
  File "/home/airflow/.local/lib/python3.8/site-packages/sqlalchemy/util/langhelpers.py", line 70, in __exit__
    compat.raise_(
  File "/home/airflow/.local/lib/python3.8/site-packages/sqlalchemy/util/compat.py", line 211, in raise_
    raise exception
  File "/home/airflow/.local/lib/python3.8/site-packages/sqlalchemy/pool/base.py", line 686, in __connect
    self.dbapi_connection = connection = pool._invoke_creator(self)
  File "/home/airflow/.local/lib/python3.8/site-packages/sqlalchemy/engine/create.py", line 574, in connect
    return dialect.connect(*cargs, **cparams)
  File "/home/airflow/.local/lib/python3.8/site-packages/sqlalchemy/engine/default.py", line 598, in connect
    return self.dbapi.connect(*cargs, **cparams)
  File "/home/airflow/.local/lib/python3.8/site-packages/psycopg2/__init__.py", line 122, in connect
    conn = _connect(dsn, connection_factory=connection_factory, **kwasync)
sqlalchemy.exc.OperationalError: (psycopg2.OperationalError) could not translate host name "postgres" to address: Temporary failure in name resolution

(Background on this error at: https://sqlalche.me/e/14/e3q8)
[2023-12-16T19:35:27.659+0000] {processor.py:157} INFO - Started process (PID=43) to work on /home/airflow/.local/lib/python3.8/site-packages/airflow/example_dags/example_setup_teardown.py
[2023-12-16T19:35:27.694+0000] {processor.py:829} INFO - Processing file /home/airflow/.local/lib/python3.8/site-packages/airflow/example_dags/example_setup_teardown.py for tasks to queue
[2023-12-16T19:35:27.710+0000] {logging_mixin.py:154} INFO - [2023-12-16T19:35:27.709+0000] {dagbag.py:536} INFO - Filling up the DagBag from /home/airflow/.local/lib/python3.8/site-packages/airflow/example_dags/example_setup_teardown.py
[2023-12-16T19:35:28.129+0000] {processor.py:839} INFO - DAG(s) dict_keys(['example_setup_teardown']) retrieved from /home/airflow/.local/lib/python3.8/site-packages/airflow/example_dags/example_setup_teardown.py
[2023-12-16T19:35:28.950+0000] {logging_mixin.py:154} INFO - [2023-12-16T19:35:28.949+0000] {dag.py:2941} INFO - Sync 1 DAGs
[2023-12-16T19:35:29.304+0000] {logging_mixin.py:154} INFO - [2023-12-16T19:35:29.303+0000] {dag.py:3722} INFO - Setting next_dagrun for example_setup_teardown to 2023-12-15T19:35:29.275828+00:00, run_after=2023-12-16T19:35:29.275828+00:00
[2023-12-16T19:35:29.583+0000] {processor.py:179} INFO - Processing /home/airflow/.local/lib/python3.8/site-packages/airflow/example_dags/example_setup_teardown.py took 1.954 seconds
[2023-12-16T19:36:12.688+0000] {processor.py:157} INFO - Started process (PID=101) to work on /home/airflow/.local/lib/python3.8/site-packages/airflow/example_dags/example_setup_teardown.py
[2023-12-16T19:36:12.703+0000] {processor.py:829} INFO - Processing file /home/airflow/.local/lib/python3.8/site-packages/airflow/example_dags/example_setup_teardown.py for tasks to queue
[2023-12-16T19:36:12.717+0000] {logging_mixin.py:154} INFO - [2023-12-16T19:36:12.716+0000] {dagbag.py:536} INFO - Filling up the DagBag from /home/airflow/.local/lib/python3.8/site-packages/airflow/example_dags/example_setup_teardown.py
[2023-12-16T19:36:12.802+0000] {processor.py:839} INFO - DAG(s) dict_keys(['example_setup_teardown']) retrieved from /home/airflow/.local/lib/python3.8/site-packages/airflow/example_dags/example_setup_teardown.py
[2023-12-16T19:36:13.075+0000] {logging_mixin.py:154} INFO - [2023-12-16T19:36:13.074+0000] {dag.py:2941} INFO - Sync 1 DAGs
[2023-12-16T19:36:14.040+0000] {logging_mixin.py:154} INFO - [2023-12-16T19:36:14.039+0000] {dag.py:3722} INFO - Setting next_dagrun for example_setup_teardown to 2023-12-15T19:36:14.038948+00:00, run_after=2023-12-16T19:36:14.038948+00:00
[2023-12-16T19:36:14.470+0000] {processor.py:179} INFO - Processing /home/airflow/.local/lib/python3.8/site-packages/airflow/example_dags/example_setup_teardown.py took 1.853 seconds
[2023-12-16T19:36:45.609+0000] {processor.py:157} INFO - Started process (PID=134) to work on /home/airflow/.local/lib/python3.8/site-packages/airflow/example_dags/example_setup_teardown.py
[2023-12-16T19:36:45.634+0000] {processor.py:829} INFO - Processing file /home/airflow/.local/lib/python3.8/site-packages/airflow/example_dags/example_setup_teardown.py for tasks to queue
[2023-12-16T19:36:45.662+0000] {logging_mixin.py:154} INFO - [2023-12-16T19:36:45.661+0000] {dagbag.py:536} INFO - Filling up the DagBag from /home/airflow/.local/lib/python3.8/site-packages/airflow/example_dags/example_setup_teardown.py
[2023-12-16T19:36:45.820+0000] {processor.py:839} INFO - DAG(s) dict_keys(['example_setup_teardown']) retrieved from /home/airflow/.local/lib/python3.8/site-packages/airflow/example_dags/example_setup_teardown.py
[2023-12-16T19:36:46.171+0000] {logging_mixin.py:154} INFO - [2023-12-16T19:36:46.169+0000] {dag.py:2941} INFO - Sync 1 DAGs
[2023-12-16T19:36:47.035+0000] {logging_mixin.py:154} INFO - [2023-12-16T19:36:47.034+0000] {dag.py:3722} INFO - Setting next_dagrun for example_setup_teardown to 2023-12-15T19:36:47.034210+00:00, run_after=2023-12-16T19:36:47.034210+00:00
[2023-12-16T19:36:47.243+0000] {processor.py:179} INFO - Processing /home/airflow/.local/lib/python3.8/site-packages/airflow/example_dags/example_setup_teardown.py took 1.675 seconds
[2023-12-16T19:37:21.709+0000] {processor.py:157} INFO - Started process (PID=188) to work on /home/airflow/.local/lib/python3.8/site-packages/airflow/example_dags/example_setup_teardown.py
[2023-12-16T19:37:21.747+0000] {processor.py:829} INFO - Processing file /home/airflow/.local/lib/python3.8/site-packages/airflow/example_dags/example_setup_teardown.py for tasks to queue
[2023-12-16T19:37:21.759+0000] {logging_mixin.py:154} INFO - [2023-12-16T19:37:21.758+0000] {dagbag.py:536} INFO - Filling up the DagBag from /home/airflow/.local/lib/python3.8/site-packages/airflow/example_dags/example_setup_teardown.py
[2023-12-16T19:37:21.814+0000] {processor.py:839} INFO - DAG(s) dict_keys(['example_setup_teardown']) retrieved from /home/airflow/.local/lib/python3.8/site-packages/airflow/example_dags/example_setup_teardown.py
[2023-12-16T19:37:21.994+0000] {logging_mixin.py:154} INFO - [2023-12-16T19:37:21.994+0000] {dag.py:2941} INFO - Sync 1 DAGs
[2023-12-16T19:37:22.182+0000] {logging_mixin.py:154} INFO - [2023-12-16T19:37:22.182+0000] {dag.py:3722} INFO - Setting next_dagrun for example_setup_teardown to 2023-12-15T19:37:22.181636+00:00, run_after=2023-12-16T19:37:22.181636+00:00
[2023-12-16T19:37:22.323+0000] {processor.py:179} INFO - Processing /home/airflow/.local/lib/python3.8/site-packages/airflow/example_dags/example_setup_teardown.py took 0.628 seconds
[2023-12-16T19:38:09.568+0000] {processor.py:157} INFO - Started process (PID=224) to work on /home/airflow/.local/lib/python3.8/site-packages/airflow/example_dags/example_setup_teardown.py
[2023-12-16T19:38:09.608+0000] {processor.py:829} INFO - Processing file /home/airflow/.local/lib/python3.8/site-packages/airflow/example_dags/example_setup_teardown.py for tasks to queue
[2023-12-16T19:38:09.644+0000] {logging_mixin.py:154} INFO - [2023-12-16T19:38:09.643+0000] {dagbag.py:536} INFO - Filling up the DagBag from /home/airflow/.local/lib/python3.8/site-packages/airflow/example_dags/example_setup_teardown.py
[2023-12-16T19:38:09.840+0000] {processor.py:839} INFO - DAG(s) dict_keys(['example_setup_teardown']) retrieved from /home/airflow/.local/lib/python3.8/site-packages/airflow/example_dags/example_setup_teardown.py
[2023-12-16T19:38:10.056+0000] {logging_mixin.py:154} INFO - [2023-12-16T19:38:10.056+0000] {dag.py:2941} INFO - Sync 1 DAGs
[2023-12-16T19:38:10.551+0000] {logging_mixin.py:154} INFO - [2023-12-16T19:38:10.551+0000] {dag.py:3722} INFO - Setting next_dagrun for example_setup_teardown to 2023-12-15T19:38:10.550552+00:00, run_after=2023-12-16T19:38:10.550552+00:00
[2023-12-16T19:38:10.952+0000] {processor.py:179} INFO - Processing /home/airflow/.local/lib/python3.8/site-packages/airflow/example_dags/example_setup_teardown.py took 1.449 seconds
[2023-12-16T19:40:43.645+0000] {processor.py:157} INFO - Started process (PID=42) to work on /home/airflow/.local/lib/python3.8/site-packages/airflow/example_dags/example_setup_teardown.py
[2023-12-16T19:40:43.668+0000] {processor.py:829} INFO - Processing file /home/airflow/.local/lib/python3.8/site-packages/airflow/example_dags/example_setup_teardown.py for tasks to queue
[2023-12-16T19:40:43.690+0000] {logging_mixin.py:154} INFO - [2023-12-16T19:40:43.689+0000] {dagbag.py:536} INFO - Filling up the DagBag from /home/airflow/.local/lib/python3.8/site-packages/airflow/example_dags/example_setup_teardown.py
[2023-12-16T19:40:43.978+0000] {processor.py:839} INFO - DAG(s) dict_keys(['example_setup_teardown']) retrieved from /home/airflow/.local/lib/python3.8/site-packages/airflow/example_dags/example_setup_teardown.py
[2023-12-16T19:40:44.532+0000] {logging_mixin.py:154} INFO - [2023-12-16T19:40:44.532+0000] {dag.py:2941} INFO - Sync 1 DAGs
[2023-12-16T19:40:44.693+0000] {logging_mixin.py:154} INFO - [2023-12-16T19:40:44.693+0000] {dag.py:3722} INFO - Setting next_dagrun for example_setup_teardown to 2023-12-15T19:40:44.692030+00:00, run_after=2023-12-16T19:40:44.692030+00:00
[2023-12-16T19:40:45.026+0000] {processor.py:179} INFO - Processing /home/airflow/.local/lib/python3.8/site-packages/airflow/example_dags/example_setup_teardown.py took 1.405 seconds
[2023-12-16T19:44:02.626+0000] {processor.py:157} INFO - Started process (PID=95) to work on /home/airflow/.local/lib/python3.8/site-packages/airflow/example_dags/example_setup_teardown.py
[2023-12-16T19:44:02.663+0000] {processor.py:829} INFO - Processing file /home/airflow/.local/lib/python3.8/site-packages/airflow/example_dags/example_setup_teardown.py for tasks to queue
[2023-12-16T19:44:02.668+0000] {logging_mixin.py:154} INFO - [2023-12-16T19:44:02.667+0000] {dagbag.py:536} INFO - Filling up the DagBag from /home/airflow/.local/lib/python3.8/site-packages/airflow/example_dags/example_setup_teardown.py
[2023-12-16T19:44:02.798+0000] {processor.py:839} INFO - DAG(s) dict_keys(['example_setup_teardown']) retrieved from /home/airflow/.local/lib/python3.8/site-packages/airflow/example_dags/example_setup_teardown.py
[2023-12-16T19:44:02.979+0000] {logging_mixin.py:154} INFO - [2023-12-16T19:44:02.978+0000] {dag.py:2941} INFO - Sync 1 DAGs
[2023-12-16T19:44:03.191+0000] {logging_mixin.py:154} INFO - [2023-12-16T19:44:03.190+0000] {dag.py:3722} INFO - Setting next_dagrun for example_setup_teardown to 2023-12-15T19:44:03.189916+00:00, run_after=2023-12-16T19:44:03.189916+00:00
[2023-12-16T19:44:03.300+0000] {processor.py:179} INFO - Processing /home/airflow/.local/lib/python3.8/site-packages/airflow/example_dags/example_setup_teardown.py took 0.719 seconds
[2023-12-16T19:44:47.144+0000] {processor.py:157} INFO - Started process (PID=154) to work on /home/airflow/.local/lib/python3.8/site-packages/airflow/example_dags/example_setup_teardown.py
[2023-12-16T19:44:47.146+0000] {processor.py:829} INFO - Processing file /home/airflow/.local/lib/python3.8/site-packages/airflow/example_dags/example_setup_teardown.py for tasks to queue
[2023-12-16T19:44:47.149+0000] {logging_mixin.py:154} INFO - [2023-12-16T19:44:47.148+0000] {dagbag.py:536} INFO - Filling up the DagBag from /home/airflow/.local/lib/python3.8/site-packages/airflow/example_dags/example_setup_teardown.py
[2023-12-16T19:44:47.180+0000] {processor.py:839} INFO - DAG(s) dict_keys(['example_setup_teardown']) retrieved from /home/airflow/.local/lib/python3.8/site-packages/airflow/example_dags/example_setup_teardown.py
[2023-12-16T19:44:47.306+0000] {logging_mixin.py:154} INFO - [2023-12-16T19:44:47.305+0000] {dag.py:2941} INFO - Sync 1 DAGs
[2023-12-16T19:44:47.528+0000] {logging_mixin.py:154} INFO - [2023-12-16T19:44:47.527+0000] {dag.py:3722} INFO - Setting next_dagrun for example_setup_teardown to 2023-12-15T19:44:47.527112+00:00, run_after=2023-12-16T19:44:47.527112+00:00
[2023-12-16T19:44:47.735+0000] {processor.py:179} INFO - Processing /home/airflow/.local/lib/python3.8/site-packages/airflow/example_dags/example_setup_teardown.py took 0.670 seconds
[2023-12-16T19:45:22.530+0000] {processor.py:157} INFO - Started process (PID=199) to work on /home/airflow/.local/lib/python3.8/site-packages/airflow/example_dags/example_setup_teardown.py
[2023-12-16T19:45:22.549+0000] {processor.py:829} INFO - Processing file /home/airflow/.local/lib/python3.8/site-packages/airflow/example_dags/example_setup_teardown.py for tasks to queue
[2023-12-16T19:45:22.566+0000] {logging_mixin.py:154} INFO - [2023-12-16T19:45:22.561+0000] {dagbag.py:536} INFO - Filling up the DagBag from /home/airflow/.local/lib/python3.8/site-packages/airflow/example_dags/example_setup_teardown.py
[2023-12-16T19:45:22.613+0000] {processor.py:839} INFO - DAG(s) dict_keys(['example_setup_teardown']) retrieved from /home/airflow/.local/lib/python3.8/site-packages/airflow/example_dags/example_setup_teardown.py
[2023-12-16T19:45:22.719+0000] {logging_mixin.py:154} INFO - [2023-12-16T19:45:22.719+0000] {dag.py:2941} INFO - Sync 1 DAGs
[2023-12-16T19:45:22.870+0000] {logging_mixin.py:154} INFO - [2023-12-16T19:45:22.869+0000] {dag.py:3722} INFO - Setting next_dagrun for example_setup_teardown to 2023-12-15T19:45:22.868917+00:00, run_after=2023-12-16T19:45:22.868917+00:00
[2023-12-16T19:45:22.969+0000] {processor.py:179} INFO - Processing /home/airflow/.local/lib/python3.8/site-packages/airflow/example_dags/example_setup_teardown.py took 0.453 seconds
[2023-12-16T20:04:28.604+0000] {processor.py:157} INFO - Started process (PID=91) to work on /home/airflow/.local/lib/python3.8/site-packages/airflow/example_dags/example_setup_teardown.py
[2023-12-16T20:04:28.626+0000] {processor.py:829} INFO - Processing file /home/airflow/.local/lib/python3.8/site-packages/airflow/example_dags/example_setup_teardown.py for tasks to queue
[2023-12-16T20:04:28.650+0000] {logging_mixin.py:154} INFO - [2023-12-16T20:04:28.649+0000] {dagbag.py:536} INFO - Filling up the DagBag from /home/airflow/.local/lib/python3.8/site-packages/airflow/example_dags/example_setup_teardown.py
[2023-12-16T20:04:28.851+0000] {processor.py:839} INFO - DAG(s) dict_keys(['example_setup_teardown']) retrieved from /home/airflow/.local/lib/python3.8/site-packages/airflow/example_dags/example_setup_teardown.py
[2023-12-16T20:04:29.359+0000] {logging_mixin.py:154} INFO - [2023-12-16T20:04:29.358+0000] {dag.py:2941} INFO - Sync 1 DAGs
[2023-12-16T20:04:29.440+0000] {logging_mixin.py:154} INFO - [2023-12-16T20:04:29.439+0000] {dag.py:3722} INFO - Setting next_dagrun for example_setup_teardown to 2023-12-15T20:04:29.439162+00:00, run_after=2023-12-16T20:04:29.439162+00:00
[2023-12-16T20:04:29.519+0000] {processor.py:179} INFO - Processing /home/airflow/.local/lib/python3.8/site-packages/airflow/example_dags/example_setup_teardown.py took 0.949 seconds
[2023-12-16T20:04:59.960+0000] {processor.py:157} INFO - Started process (PID=159) to work on /home/airflow/.local/lib/python3.8/site-packages/airflow/example_dags/example_setup_teardown.py
[2023-12-16T20:04:59.963+0000] {processor.py:829} INFO - Processing file /home/airflow/.local/lib/python3.8/site-packages/airflow/example_dags/example_setup_teardown.py for tasks to queue
[2023-12-16T20:04:59.970+0000] {logging_mixin.py:154} INFO - [2023-12-16T20:04:59.969+0000] {dagbag.py:536} INFO - Filling up the DagBag from /home/airflow/.local/lib/python3.8/site-packages/airflow/example_dags/example_setup_teardown.py
[2023-12-16T20:04:59.996+0000] {processor.py:839} INFO - DAG(s) dict_keys(['example_setup_teardown']) retrieved from /home/airflow/.local/lib/python3.8/site-packages/airflow/example_dags/example_setup_teardown.py
[2023-12-16T20:05:00.078+0000] {logging_mixin.py:154} INFO - [2023-12-16T20:05:00.077+0000] {dag.py:2941} INFO - Sync 1 DAGs
[2023-12-16T20:05:00.128+0000] {logging_mixin.py:154} INFO - [2023-12-16T20:05:00.127+0000] {dag.py:3722} INFO - Setting next_dagrun for example_setup_teardown to 2023-12-15T20:05:00.127398+00:00, run_after=2023-12-16T20:05:00.127398+00:00
[2023-12-16T20:05:00.781+0000] {processor.py:179} INFO - Processing /home/airflow/.local/lib/python3.8/site-packages/airflow/example_dags/example_setup_teardown.py took 0.834 seconds
[2023-12-16T20:05:33.773+0000] {processor.py:157} INFO - Started process (PID=226) to work on /home/airflow/.local/lib/python3.8/site-packages/airflow/example_dags/example_setup_teardown.py
[2023-12-16T20:05:33.778+0000] {processor.py:829} INFO - Processing file /home/airflow/.local/lib/python3.8/site-packages/airflow/example_dags/example_setup_teardown.py for tasks to queue
[2023-12-16T20:05:33.804+0000] {logging_mixin.py:154} INFO - [2023-12-16T20:05:33.800+0000] {dagbag.py:536} INFO - Filling up the DagBag from /home/airflow/.local/lib/python3.8/site-packages/airflow/example_dags/example_setup_teardown.py
[2023-12-16T20:05:33.847+0000] {processor.py:839} INFO - DAG(s) dict_keys(['example_setup_teardown']) retrieved from /home/airflow/.local/lib/python3.8/site-packages/airflow/example_dags/example_setup_teardown.py
[2023-12-16T20:05:33.965+0000] {logging_mixin.py:154} INFO - [2023-12-16T20:05:33.965+0000] {dag.py:2941} INFO - Sync 1 DAGs
[2023-12-16T20:05:34.126+0000] {logging_mixin.py:154} INFO - [2023-12-16T20:05:34.125+0000] {dag.py:3722} INFO - Setting next_dagrun for example_setup_teardown to 2023-12-15T20:05:34.104834+00:00, run_after=2023-12-16T20:05:34.104834+00:00
[2023-12-16T20:05:34.337+0000] {processor.py:179} INFO - Processing /home/airflow/.local/lib/python3.8/site-packages/airflow/example_dags/example_setup_teardown.py took 0.573 seconds
[2023-12-16T20:06:08.673+0000] {processor.py:157} INFO - Started process (PID=292) to work on /home/airflow/.local/lib/python3.8/site-packages/airflow/example_dags/example_setup_teardown.py
[2023-12-16T20:06:08.676+0000] {processor.py:829} INFO - Processing file /home/airflow/.local/lib/python3.8/site-packages/airflow/example_dags/example_setup_teardown.py for tasks to queue
[2023-12-16T20:06:08.687+0000] {logging_mixin.py:154} INFO - [2023-12-16T20:06:08.687+0000] {dagbag.py:536} INFO - Filling up the DagBag from /home/airflow/.local/lib/python3.8/site-packages/airflow/example_dags/example_setup_teardown.py
[2023-12-16T20:06:08.716+0000] {processor.py:839} INFO - DAG(s) dict_keys(['example_setup_teardown']) retrieved from /home/airflow/.local/lib/python3.8/site-packages/airflow/example_dags/example_setup_teardown.py
[2023-12-16T20:06:08.904+0000] {logging_mixin.py:154} INFO - [2023-12-16T20:06:08.904+0000] {dag.py:2941} INFO - Sync 1 DAGs
[2023-12-16T20:06:22.590+0000] {logging_mixin.py:154} INFO - [2023-12-16T20:06:22.589+0000] {dag.py:3722} INFO - Setting next_dagrun for example_setup_teardown to 2023-12-15T20:06:22.541682+00:00, run_after=2023-12-16T20:06:22.541682+00:00
[2023-12-16T20:06:23.373+0000] {processor.py:179} INFO - Processing /home/airflow/.local/lib/python3.8/site-packages/airflow/example_dags/example_setup_teardown.py took 14.708 seconds
[2023-12-16T20:14:41.855+0000] {processor.py:157} INFO - Started process (PID=323) to work on /home/airflow/.local/lib/python3.8/site-packages/airflow/example_dags/example_setup_teardown.py
[2023-12-16T20:14:41.879+0000] {processor.py:829} INFO - Processing file /home/airflow/.local/lib/python3.8/site-packages/airflow/example_dags/example_setup_teardown.py for tasks to queue
[2023-12-16T20:14:41.905+0000] {logging_mixin.py:154} INFO - [2023-12-16T20:14:41.888+0000] {dagbag.py:536} INFO - Filling up the DagBag from /home/airflow/.local/lib/python3.8/site-packages/airflow/example_dags/example_setup_teardown.py
[2023-12-16T20:14:42.448+0000] {processor.py:839} INFO - DAG(s) dict_keys(['example_setup_teardown']) retrieved from /home/airflow/.local/lib/python3.8/site-packages/airflow/example_dags/example_setup_teardown.py
[2023-12-16T20:20:24.065+0000] {processor.py:157} INFO - Started process (PID=36) to work on /home/airflow/.local/lib/python3.8/site-packages/airflow/example_dags/example_setup_teardown.py
[2023-12-16T20:20:24.075+0000] {processor.py:829} INFO - Processing file /home/airflow/.local/lib/python3.8/site-packages/airflow/example_dags/example_setup_teardown.py for tasks to queue
[2023-12-16T20:20:24.113+0000] {logging_mixin.py:154} INFO - [2023-12-16T20:20:24.089+0000] {dagbag.py:536} INFO - Filling up the DagBag from /home/airflow/.local/lib/python3.8/site-packages/airflow/example_dags/example_setup_teardown.py
[2023-12-16T20:20:24.676+0000] {processor.py:839} INFO - DAG(s) dict_keys(['example_setup_teardown']) retrieved from /home/airflow/.local/lib/python3.8/site-packages/airflow/example_dags/example_setup_teardown.py
[2023-12-16T20:20:25.613+0000] {logging_mixin.py:154} INFO - [2023-12-16T20:20:25.589+0000] {dag.py:2941} INFO - Sync 1 DAGs
[2023-12-16T20:20:26.106+0000] {logging_mixin.py:154} INFO - [2023-12-16T20:20:26.104+0000] {dag.py:3722} INFO - Setting next_dagrun for example_setup_teardown to 2023-12-15T20:20:26.103831+00:00, run_after=2023-12-16T20:20:26.103831+00:00
[2023-12-16T20:20:26.481+0000] {processor.py:179} INFO - Processing /home/airflow/.local/lib/python3.8/site-packages/airflow/example_dags/example_setup_teardown.py took 2.447 seconds
[2023-12-16T20:21:05.893+0000] {processor.py:157} INFO - Started process (PID=95) to work on /home/airflow/.local/lib/python3.8/site-packages/airflow/example_dags/example_setup_teardown.py
[2023-12-16T20:21:05.897+0000] {processor.py:829} INFO - Processing file /home/airflow/.local/lib/python3.8/site-packages/airflow/example_dags/example_setup_teardown.py for tasks to queue
[2023-12-16T20:21:05.907+0000] {logging_mixin.py:154} INFO - [2023-12-16T20:21:05.905+0000] {dagbag.py:536} INFO - Filling up the DagBag from /home/airflow/.local/lib/python3.8/site-packages/airflow/example_dags/example_setup_teardown.py
[2023-12-16T20:21:05.994+0000] {processor.py:839} INFO - DAG(s) dict_keys(['example_setup_teardown']) retrieved from /home/airflow/.local/lib/python3.8/site-packages/airflow/example_dags/example_setup_teardown.py
[2023-12-16T20:21:06.111+0000] {logging_mixin.py:154} INFO - [2023-12-16T20:21:06.111+0000] {dag.py:2941} INFO - Sync 1 DAGs
[2023-12-16T20:21:06.292+0000] {logging_mixin.py:154} INFO - [2023-12-16T20:21:06.291+0000] {dag.py:3722} INFO - Setting next_dagrun for example_setup_teardown to 2023-12-15T20:21:06.290881+00:00, run_after=2023-12-16T20:21:06.290881+00:00
[2023-12-16T20:21:06.441+0000] {processor.py:179} INFO - Processing /home/airflow/.local/lib/python3.8/site-packages/airflow/example_dags/example_setup_teardown.py took 0.570 seconds
[2023-12-16T20:21:36.607+0000] {processor.py:157} INFO - Started process (PID=147) to work on /home/airflow/.local/lib/python3.8/site-packages/airflow/example_dags/example_setup_teardown.py
[2023-12-16T20:21:36.609+0000] {processor.py:829} INFO - Processing file /home/airflow/.local/lib/python3.8/site-packages/airflow/example_dags/example_setup_teardown.py for tasks to queue
[2023-12-16T20:21:36.615+0000] {logging_mixin.py:154} INFO - [2023-12-16T20:21:36.615+0000] {dagbag.py:536} INFO - Filling up the DagBag from /home/airflow/.local/lib/python3.8/site-packages/airflow/example_dags/example_setup_teardown.py
[2023-12-16T20:21:36.629+0000] {processor.py:839} INFO - DAG(s) dict_keys(['example_setup_teardown']) retrieved from /home/airflow/.local/lib/python3.8/site-packages/airflow/example_dags/example_setup_teardown.py
[2023-12-16T20:21:36.670+0000] {logging_mixin.py:154} INFO - [2023-12-16T20:21:36.669+0000] {dag.py:2941} INFO - Sync 1 DAGs
[2023-12-16T20:21:36.723+0000] {logging_mixin.py:154} INFO - [2023-12-16T20:21:36.722+0000] {dag.py:3722} INFO - Setting next_dagrun for example_setup_teardown to 2023-12-15T20:21:36.722449+00:00, run_after=2023-12-16T20:21:36.722449+00:00
[2023-12-16T20:21:36.758+0000] {processor.py:179} INFO - Processing /home/airflow/.local/lib/python3.8/site-packages/airflow/example_dags/example_setup_teardown.py took 0.159 seconds
[2023-12-16T20:22:20.387+0000] {processor.py:157} INFO - Started process (PID=166) to work on /home/airflow/.local/lib/python3.8/site-packages/airflow/example_dags/example_setup_teardown.py
[2023-12-16T20:22:20.405+0000] {processor.py:829} INFO - Processing file /home/airflow/.local/lib/python3.8/site-packages/airflow/example_dags/example_setup_teardown.py for tasks to queue
[2023-12-16T20:22:20.452+0000] {logging_mixin.py:154} INFO - [2023-12-16T20:22:20.416+0000] {dagbag.py:536} INFO - Filling up the DagBag from /home/airflow/.local/lib/python3.8/site-packages/airflow/example_dags/example_setup_teardown.py
[2023-12-16T20:22:20.683+0000] {processor.py:839} INFO - DAG(s) dict_keys(['example_setup_teardown']) retrieved from /home/airflow/.local/lib/python3.8/site-packages/airflow/example_dags/example_setup_teardown.py
[2023-12-16T20:31:04.129+0000] {processor.py:157} INFO - Started process (PID=44) to work on /home/airflow/.local/lib/python3.8/site-packages/airflow/example_dags/example_setup_teardown.py
[2023-12-16T20:31:04.166+0000] {processor.py:829} INFO - Processing file /home/airflow/.local/lib/python3.8/site-packages/airflow/example_dags/example_setup_teardown.py for tasks to queue
[2023-12-16T20:31:04.180+0000] {logging_mixin.py:154} INFO - [2023-12-16T20:31:04.179+0000] {dagbag.py:536} INFO - Filling up the DagBag from /home/airflow/.local/lib/python3.8/site-packages/airflow/example_dags/example_setup_teardown.py
[2023-12-16T20:31:04.364+0000] {processor.py:839} INFO - DAG(s) dict_keys(['example_setup_teardown']) retrieved from /home/airflow/.local/lib/python3.8/site-packages/airflow/example_dags/example_setup_teardown.py
[2023-12-16T20:31:06.368+0000] {logging_mixin.py:154} INFO - [2023-12-16T20:31:06.367+0000] {dag.py:2941} INFO - Sync 1 DAGs
[2023-12-16T20:31:06.648+0000] {logging_mixin.py:154} INFO - [2023-12-16T20:31:06.648+0000] {dag.py:3722} INFO - Setting next_dagrun for example_setup_teardown to 2023-12-15T20:31:06.647488+00:00, run_after=2023-12-16T20:31:06.647488+00:00
[2023-12-16T20:31:06.943+0000] {processor.py:179} INFO - Processing /home/airflow/.local/lib/python3.8/site-packages/airflow/example_dags/example_setup_teardown.py took 2.828 seconds
[2023-12-16T20:31:43.268+0000] {processor.py:157} INFO - Started process (PID=98) to work on /home/airflow/.local/lib/python3.8/site-packages/airflow/example_dags/example_setup_teardown.py
[2023-12-16T20:31:43.274+0000] {processor.py:829} INFO - Processing file /home/airflow/.local/lib/python3.8/site-packages/airflow/example_dags/example_setup_teardown.py for tasks to queue
[2023-12-16T20:31:43.281+0000] {logging_mixin.py:154} INFO - [2023-12-16T20:31:43.280+0000] {dagbag.py:536} INFO - Filling up the DagBag from /home/airflow/.local/lib/python3.8/site-packages/airflow/example_dags/example_setup_teardown.py
[2023-12-16T20:31:43.310+0000] {processor.py:839} INFO - DAG(s) dict_keys(['example_setup_teardown']) retrieved from /home/airflow/.local/lib/python3.8/site-packages/airflow/example_dags/example_setup_teardown.py
[2023-12-16T20:31:43.366+0000] {logging_mixin.py:154} INFO - [2023-12-16T20:31:43.366+0000] {dag.py:2941} INFO - Sync 1 DAGs
[2023-12-16T20:31:43.445+0000] {logging_mixin.py:154} INFO - [2023-12-16T20:31:43.444+0000] {dag.py:3722} INFO - Setting next_dagrun for example_setup_teardown to 2023-12-15T20:31:43.444306+00:00, run_after=2023-12-16T20:31:43.444306+00:00
[2023-12-16T20:31:43.497+0000] {processor.py:179} INFO - Processing /home/airflow/.local/lib/python3.8/site-packages/airflow/example_dags/example_setup_teardown.py took 0.239 seconds
[2023-12-16T20:32:14.439+0000] {processor.py:157} INFO - Started process (PID=149) to work on /home/airflow/.local/lib/python3.8/site-packages/airflow/example_dags/example_setup_teardown.py
[2023-12-16T20:32:14.451+0000] {processor.py:829} INFO - Processing file /home/airflow/.local/lib/python3.8/site-packages/airflow/example_dags/example_setup_teardown.py for tasks to queue
[2023-12-16T20:32:14.457+0000] {logging_mixin.py:154} INFO - [2023-12-16T20:32:14.456+0000] {dagbag.py:536} INFO - Filling up the DagBag from /home/airflow/.local/lib/python3.8/site-packages/airflow/example_dags/example_setup_teardown.py
[2023-12-16T20:32:14.495+0000] {processor.py:839} INFO - DAG(s) dict_keys(['example_setup_teardown']) retrieved from /home/airflow/.local/lib/python3.8/site-packages/airflow/example_dags/example_setup_teardown.py
[2023-12-16T20:32:14.584+0000] {logging_mixin.py:154} INFO - [2023-12-16T20:32:14.584+0000] {dag.py:2941} INFO - Sync 1 DAGs
[2023-12-16T20:32:14.653+0000] {logging_mixin.py:154} INFO - [2023-12-16T20:32:14.652+0000] {dag.py:3722} INFO - Setting next_dagrun for example_setup_teardown to 2023-12-15T20:32:14.652211+00:00, run_after=2023-12-16T20:32:14.652211+00:00
[2023-12-16T20:32:14.722+0000] {processor.py:179} INFO - Processing /home/airflow/.local/lib/python3.8/site-packages/airflow/example_dags/example_setup_teardown.py took 0.290 seconds
[2023-12-16T20:34:23.102+0000] {processor.py:157} INFO - Started process (PID=36) to work on /home/airflow/.local/lib/python3.8/site-packages/airflow/example_dags/example_setup_teardown.py
[2023-12-16T20:34:23.112+0000] {processor.py:829} INFO - Processing file /home/airflow/.local/lib/python3.8/site-packages/airflow/example_dags/example_setup_teardown.py for tasks to queue
[2023-12-16T20:34:23.127+0000] {logging_mixin.py:154} INFO - [2023-12-16T20:34:23.127+0000] {dagbag.py:536} INFO - Filling up the DagBag from /home/airflow/.local/lib/python3.8/site-packages/airflow/example_dags/example_setup_teardown.py
[2023-12-16T20:34:23.231+0000] {processor.py:839} INFO - DAG(s) dict_keys(['example_setup_teardown']) retrieved from /home/airflow/.local/lib/python3.8/site-packages/airflow/example_dags/example_setup_teardown.py
[2023-12-16T20:34:23.420+0000] {logging_mixin.py:154} INFO - [2023-12-16T20:34:23.420+0000] {dag.py:2941} INFO - Sync 1 DAGs
[2023-12-16T20:34:23.542+0000] {logging_mixin.py:154} INFO - [2023-12-16T20:34:23.541+0000] {dag.py:3722} INFO - Setting next_dagrun for example_setup_teardown to 2023-12-15T20:34:23.541030+00:00, run_after=2023-12-16T20:34:23.541030+00:00
[2023-12-16T20:34:23.656+0000] {processor.py:179} INFO - Processing /home/airflow/.local/lib/python3.8/site-packages/airflow/example_dags/example_setup_teardown.py took 0.570 seconds
[2023-12-16T20:34:54.398+0000] {processor.py:157} INFO - Started process (PID=89) to work on /home/airflow/.local/lib/python3.8/site-packages/airflow/example_dags/example_setup_teardown.py
[2023-12-16T20:34:54.402+0000] {processor.py:829} INFO - Processing file /home/airflow/.local/lib/python3.8/site-packages/airflow/example_dags/example_setup_teardown.py for tasks to queue
[2023-12-16T20:34:54.423+0000] {logging_mixin.py:154} INFO - [2023-12-16T20:34:54.422+0000] {dagbag.py:536} INFO - Filling up the DagBag from /home/airflow/.local/lib/python3.8/site-packages/airflow/example_dags/example_setup_teardown.py
[2023-12-16T20:34:54.548+0000] {processor.py:839} INFO - DAG(s) dict_keys(['example_setup_teardown']) retrieved from /home/airflow/.local/lib/python3.8/site-packages/airflow/example_dags/example_setup_teardown.py
[2023-12-16T20:34:54.733+0000] {logging_mixin.py:154} INFO - [2023-12-16T20:34:54.733+0000] {dag.py:2941} INFO - Sync 1 DAGs
[2023-12-16T20:34:54.850+0000] {logging_mixin.py:154} INFO - [2023-12-16T20:34:54.850+0000] {dag.py:3722} INFO - Setting next_dagrun for example_setup_teardown to 2023-12-15T20:34:54.849694+00:00, run_after=2023-12-16T20:34:54.849694+00:00
[2023-12-16T20:34:54.955+0000] {processor.py:179} INFO - Processing /home/airflow/.local/lib/python3.8/site-packages/airflow/example_dags/example_setup_teardown.py took 0.569 seconds
[2023-12-16T20:38:47.151+0000] {processor.py:157} INFO - Started process (PID=148) to work on /home/airflow/.local/lib/python3.8/site-packages/airflow/example_dags/example_setup_teardown.py
[2023-12-16T20:38:47.155+0000] {processor.py:829} INFO - Processing file /home/airflow/.local/lib/python3.8/site-packages/airflow/example_dags/example_setup_teardown.py for tasks to queue
[2023-12-16T20:38:47.182+0000] {logging_mixin.py:154} INFO - [2023-12-16T20:38:47.161+0000] {dagbag.py:536} INFO - Filling up the DagBag from /home/airflow/.local/lib/python3.8/site-packages/airflow/example_dags/example_setup_teardown.py
[2023-12-16T20:38:47.640+0000] {processor.py:839} INFO - DAG(s) dict_keys(['example_setup_teardown']) retrieved from /home/airflow/.local/lib/python3.8/site-packages/airflow/example_dags/example_setup_teardown.py
[2023-12-16T21:00:35.077+0000] {processor.py:157} INFO - Started process (PID=43) to work on /home/airflow/.local/lib/python3.8/site-packages/airflow/example_dags/example_setup_teardown.py
[2023-12-16T21:00:35.096+0000] {processor.py:829} INFO - Processing file /home/airflow/.local/lib/python3.8/site-packages/airflow/example_dags/example_setup_teardown.py for tasks to queue
[2023-12-16T21:00:35.107+0000] {logging_mixin.py:154} INFO - [2023-12-16T21:00:35.106+0000] {dagbag.py:536} INFO - Filling up the DagBag from /home/airflow/.local/lib/python3.8/site-packages/airflow/example_dags/example_setup_teardown.py
[2023-12-16T21:00:35.239+0000] {processor.py:839} INFO - DAG(s) dict_keys(['example_setup_teardown']) retrieved from /home/airflow/.local/lib/python3.8/site-packages/airflow/example_dags/example_setup_teardown.py
[2023-12-16T21:00:38.086+0000] {logging_mixin.py:154} INFO - [2023-12-16T21:00:38.085+0000] {dag.py:2941} INFO - Sync 1 DAGs
[2023-12-16T21:00:38.255+0000] {logging_mixin.py:154} INFO - [2023-12-16T21:00:38.254+0000] {dag.py:3722} INFO - Setting next_dagrun for example_setup_teardown to 2023-12-15T21:00:38.254397+00:00, run_after=2023-12-16T21:00:38.254397+00:00
[2023-12-16T21:00:38.590+0000] {processor.py:179} INFO - Processing /home/airflow/.local/lib/python3.8/site-packages/airflow/example_dags/example_setup_teardown.py took 3.523 seconds
[2023-12-16T21:01:11.136+0000] {processor.py:157} INFO - Started process (PID=97) to work on /home/airflow/.local/lib/python3.8/site-packages/airflow/example_dags/example_setup_teardown.py
[2023-12-16T21:01:11.138+0000] {processor.py:829} INFO - Processing file /home/airflow/.local/lib/python3.8/site-packages/airflow/example_dags/example_setup_teardown.py for tasks to queue
[2023-12-16T21:01:11.144+0000] {logging_mixin.py:154} INFO - [2023-12-16T21:01:11.144+0000] {dagbag.py:536} INFO - Filling up the DagBag from /home/airflow/.local/lib/python3.8/site-packages/airflow/example_dags/example_setup_teardown.py
[2023-12-16T21:01:11.162+0000] {processor.py:839} INFO - DAG(s) dict_keys(['example_setup_teardown']) retrieved from /home/airflow/.local/lib/python3.8/site-packages/airflow/example_dags/example_setup_teardown.py
[2023-12-16T21:01:11.213+0000] {logging_mixin.py:154} INFO - [2023-12-16T21:01:11.213+0000] {dag.py:2941} INFO - Sync 1 DAGs
[2023-12-16T21:01:11.279+0000] {logging_mixin.py:154} INFO - [2023-12-16T21:01:11.279+0000] {dag.py:3722} INFO - Setting next_dagrun for example_setup_teardown to 2023-12-15T21:01:11.279141+00:00, run_after=2023-12-16T21:01:11.279141+00:00
[2023-12-16T21:01:11.325+0000] {processor.py:179} INFO - Processing /home/airflow/.local/lib/python3.8/site-packages/airflow/example_dags/example_setup_teardown.py took 0.197 seconds
[2023-12-16T21:01:41.631+0000] {processor.py:157} INFO - Started process (PID=143) to work on /home/airflow/.local/lib/python3.8/site-packages/airflow/example_dags/example_setup_teardown.py
[2023-12-16T21:01:41.637+0000] {processor.py:829} INFO - Processing file /home/airflow/.local/lib/python3.8/site-packages/airflow/example_dags/example_setup_teardown.py for tasks to queue
[2023-12-16T21:01:41.644+0000] {logging_mixin.py:154} INFO - [2023-12-16T21:01:41.643+0000] {dagbag.py:536} INFO - Filling up the DagBag from /home/airflow/.local/lib/python3.8/site-packages/airflow/example_dags/example_setup_teardown.py
[2023-12-16T21:01:41.695+0000] {processor.py:839} INFO - DAG(s) dict_keys(['example_setup_teardown']) retrieved from /home/airflow/.local/lib/python3.8/site-packages/airflow/example_dags/example_setup_teardown.py
[2023-12-16T21:01:41.802+0000] {logging_mixin.py:154} INFO - [2023-12-16T21:01:41.802+0000] {dag.py:2941} INFO - Sync 1 DAGs
[2023-12-16T21:01:41.934+0000] {logging_mixin.py:154} INFO - [2023-12-16T21:01:41.933+0000] {dag.py:3722} INFO - Setting next_dagrun for example_setup_teardown to 2023-12-15T21:01:41.921385+00:00, run_after=2023-12-16T21:01:41.921385+00:00
[2023-12-16T21:01:41.998+0000] {processor.py:179} INFO - Processing /home/airflow/.local/lib/python3.8/site-packages/airflow/example_dags/example_setup_teardown.py took 0.375 seconds
[2023-12-16T21:02:13.092+0000] {processor.py:157} INFO - Started process (PID=195) to work on /home/airflow/.local/lib/python3.8/site-packages/airflow/example_dags/example_setup_teardown.py
[2023-12-16T21:02:13.115+0000] {processor.py:829} INFO - Processing file /home/airflow/.local/lib/python3.8/site-packages/airflow/example_dags/example_setup_teardown.py for tasks to queue
[2023-12-16T21:02:13.123+0000] {logging_mixin.py:154} INFO - [2023-12-16T21:02:13.123+0000] {dagbag.py:536} INFO - Filling up the DagBag from /home/airflow/.local/lib/python3.8/site-packages/airflow/example_dags/example_setup_teardown.py
[2023-12-16T21:02:13.170+0000] {processor.py:839} INFO - DAG(s) dict_keys(['example_setup_teardown']) retrieved from /home/airflow/.local/lib/python3.8/site-packages/airflow/example_dags/example_setup_teardown.py
[2023-12-16T21:02:13.487+0000] {logging_mixin.py:154} INFO - [2023-12-16T21:02:13.487+0000] {dag.py:2941} INFO - Sync 1 DAGs
[2023-12-16T21:02:14.205+0000] {logging_mixin.py:154} INFO - [2023-12-16T21:02:14.204+0000] {dag.py:3722} INFO - Setting next_dagrun for example_setup_teardown to 2023-12-15T21:02:14.204088+00:00, run_after=2023-12-16T21:02:14.204088+00:00
[2023-12-16T21:06:56.982+0000] {processor.py:157} INFO - Started process (PID=37) to work on /home/airflow/.local/lib/python3.8/site-packages/airflow/example_dags/example_setup_teardown.py
[2023-12-16T21:06:56.994+0000] {processor.py:829} INFO - Processing file /home/airflow/.local/lib/python3.8/site-packages/airflow/example_dags/example_setup_teardown.py for tasks to queue
[2023-12-16T21:06:57.004+0000] {logging_mixin.py:154} INFO - [2023-12-16T21:06:57.001+0000] {dagbag.py:536} INFO - Filling up the DagBag from /home/airflow/.local/lib/python3.8/site-packages/airflow/example_dags/example_setup_teardown.py
[2023-12-16T21:06:57.087+0000] {processor.py:839} INFO - DAG(s) dict_keys(['example_setup_teardown']) retrieved from /home/airflow/.local/lib/python3.8/site-packages/airflow/example_dags/example_setup_teardown.py
[2023-12-16T21:06:57.264+0000] {logging_mixin.py:154} INFO - [2023-12-16T21:06:57.263+0000] {dag.py:2941} INFO - Sync 1 DAGs
[2023-12-16T21:06:57.340+0000] {logging_mixin.py:154} INFO - [2023-12-16T21:06:57.340+0000] {dag.py:3722} INFO - Setting next_dagrun for example_setup_teardown to 2023-12-15T21:06:57.339734+00:00, run_after=2023-12-16T21:06:57.339734+00:00
[2023-12-16T21:06:57.399+0000] {processor.py:179} INFO - Processing /home/airflow/.local/lib/python3.8/site-packages/airflow/example_dags/example_setup_teardown.py took 0.429 seconds
[2023-12-16T21:07:27.846+0000] {processor.py:157} INFO - Started process (PID=91) to work on /home/airflow/.local/lib/python3.8/site-packages/airflow/example_dags/example_setup_teardown.py
[2023-12-16T21:07:27.849+0000] {processor.py:829} INFO - Processing file /home/airflow/.local/lib/python3.8/site-packages/airflow/example_dags/example_setup_teardown.py for tasks to queue
[2023-12-16T21:07:27.854+0000] {logging_mixin.py:154} INFO - [2023-12-16T21:07:27.853+0000] {dagbag.py:536} INFO - Filling up the DagBag from /home/airflow/.local/lib/python3.8/site-packages/airflow/example_dags/example_setup_teardown.py
[2023-12-16T21:07:27.868+0000] {processor.py:839} INFO - DAG(s) dict_keys(['example_setup_teardown']) retrieved from /home/airflow/.local/lib/python3.8/site-packages/airflow/example_dags/example_setup_teardown.py
[2023-12-16T21:07:27.911+0000] {logging_mixin.py:154} INFO - [2023-12-16T21:07:27.911+0000] {dag.py:2941} INFO - Sync 1 DAGs
[2023-12-16T21:07:27.979+0000] {logging_mixin.py:154} INFO - [2023-12-16T21:07:27.978+0000] {dag.py:3722} INFO - Setting next_dagrun for example_setup_teardown to 2023-12-15T21:07:27.978172+00:00, run_after=2023-12-16T21:07:27.978172+00:00
[2023-12-16T21:07:28.033+0000] {processor.py:179} INFO - Processing /home/airflow/.local/lib/python3.8/site-packages/airflow/example_dags/example_setup_teardown.py took 0.193 seconds
[2023-12-16T21:07:58.391+0000] {processor.py:157} INFO - Started process (PID=145) to work on /home/airflow/.local/lib/python3.8/site-packages/airflow/example_dags/example_setup_teardown.py
[2023-12-16T21:07:58.394+0000] {processor.py:829} INFO - Processing file /home/airflow/.local/lib/python3.8/site-packages/airflow/example_dags/example_setup_teardown.py for tasks to queue
[2023-12-16T21:07:58.400+0000] {logging_mixin.py:154} INFO - [2023-12-16T21:07:58.399+0000] {dagbag.py:536} INFO - Filling up the DagBag from /home/airflow/.local/lib/python3.8/site-packages/airflow/example_dags/example_setup_teardown.py
[2023-12-16T21:07:58.423+0000] {processor.py:839} INFO - DAG(s) dict_keys(['example_setup_teardown']) retrieved from /home/airflow/.local/lib/python3.8/site-packages/airflow/example_dags/example_setup_teardown.py
[2023-12-16T21:07:58.481+0000] {logging_mixin.py:154} INFO - [2023-12-16T21:07:58.481+0000] {dag.py:2941} INFO - Sync 1 DAGs
[2023-12-16T21:07:58.558+0000] {logging_mixin.py:154} INFO - [2023-12-16T21:07:58.558+0000] {dag.py:3722} INFO - Setting next_dagrun for example_setup_teardown to 2023-12-15T21:07:58.556544+00:00, run_after=2023-12-16T21:07:58.556544+00:00
[2023-12-16T21:07:58.610+0000] {processor.py:179} INFO - Processing /home/airflow/.local/lib/python3.8/site-packages/airflow/example_dags/example_setup_teardown.py took 0.229 seconds
[2023-12-16T21:08:29.156+0000] {processor.py:157} INFO - Started process (PID=199) to work on /home/airflow/.local/lib/python3.8/site-packages/airflow/example_dags/example_setup_teardown.py
[2023-12-16T21:08:29.161+0000] {processor.py:829} INFO - Processing file /home/airflow/.local/lib/python3.8/site-packages/airflow/example_dags/example_setup_teardown.py for tasks to queue
[2023-12-16T21:08:29.176+0000] {logging_mixin.py:154} INFO - [2023-12-16T21:08:29.174+0000] {dagbag.py:536} INFO - Filling up the DagBag from /home/airflow/.local/lib/python3.8/site-packages/airflow/example_dags/example_setup_teardown.py
[2023-12-16T21:08:29.205+0000] {processor.py:839} INFO - DAG(s) dict_keys(['example_setup_teardown']) retrieved from /home/airflow/.local/lib/python3.8/site-packages/airflow/example_dags/example_setup_teardown.py
[2023-12-16T21:08:29.297+0000] {logging_mixin.py:154} INFO - [2023-12-16T21:08:29.297+0000] {dag.py:2941} INFO - Sync 1 DAGs
[2023-12-16T21:08:29.435+0000] {logging_mixin.py:154} INFO - [2023-12-16T21:08:29.434+0000] {dag.py:3722} INFO - Setting next_dagrun for example_setup_teardown to 2023-12-15T21:08:29.434342+00:00, run_after=2023-12-16T21:08:29.434342+00:00
[2023-12-16T21:08:29.515+0000] {processor.py:179} INFO - Processing /home/airflow/.local/lib/python3.8/site-packages/airflow/example_dags/example_setup_teardown.py took 0.379 seconds
[2023-12-16T21:09:00.204+0000] {processor.py:157} INFO - Started process (PID=253) to work on /home/airflow/.local/lib/python3.8/site-packages/airflow/example_dags/example_setup_teardown.py
[2023-12-16T21:09:00.212+0000] {processor.py:829} INFO - Processing file /home/airflow/.local/lib/python3.8/site-packages/airflow/example_dags/example_setup_teardown.py for tasks to queue
[2023-12-16T21:09:00.218+0000] {logging_mixin.py:154} INFO - [2023-12-16T21:09:00.217+0000] {dagbag.py:536} INFO - Filling up the DagBag from /home/airflow/.local/lib/python3.8/site-packages/airflow/example_dags/example_setup_teardown.py
[2023-12-16T21:09:00.236+0000] {processor.py:839} INFO - DAG(s) dict_keys(['example_setup_teardown']) retrieved from /home/airflow/.local/lib/python3.8/site-packages/airflow/example_dags/example_setup_teardown.py
[2023-12-16T21:09:00.290+0000] {logging_mixin.py:154} INFO - [2023-12-16T21:09:00.290+0000] {dag.py:2941} INFO - Sync 1 DAGs
[2023-12-16T21:09:00.368+0000] {logging_mixin.py:154} INFO - [2023-12-16T21:09:00.368+0000] {dag.py:3722} INFO - Setting next_dagrun for example_setup_teardown to 2023-12-15T21:09:00.367481+00:00, run_after=2023-12-16T21:09:00.367481+00:00
[2023-12-16T21:09:00.498+0000] {processor.py:179} INFO - Processing /home/airflow/.local/lib/python3.8/site-packages/airflow/example_dags/example_setup_teardown.py took 0.299 seconds
[2023-12-16T21:09:30.581+0000] {processor.py:157} INFO - Started process (PID=307) to work on /home/airflow/.local/lib/python3.8/site-packages/airflow/example_dags/example_setup_teardown.py
[2023-12-16T21:09:30.583+0000] {processor.py:829} INFO - Processing file /home/airflow/.local/lib/python3.8/site-packages/airflow/example_dags/example_setup_teardown.py for tasks to queue
[2023-12-16T21:09:30.587+0000] {logging_mixin.py:154} INFO - [2023-12-16T21:09:30.587+0000] {dagbag.py:536} INFO - Filling up the DagBag from /home/airflow/.local/lib/python3.8/site-packages/airflow/example_dags/example_setup_teardown.py
[2023-12-16T21:09:30.597+0000] {processor.py:839} INFO - DAG(s) dict_keys(['example_setup_teardown']) retrieved from /home/airflow/.local/lib/python3.8/site-packages/airflow/example_dags/example_setup_teardown.py
[2023-12-16T21:09:30.629+0000] {logging_mixin.py:154} INFO - [2023-12-16T21:09:30.628+0000] {dag.py:2941} INFO - Sync 1 DAGs
[2023-12-16T21:09:30.662+0000] {logging_mixin.py:154} INFO - [2023-12-16T21:09:30.661+0000] {dag.py:3722} INFO - Setting next_dagrun for example_setup_teardown to 2023-12-15T21:09:30.661105+00:00, run_after=2023-12-16T21:09:30.661105+00:00
[2023-12-16T21:09:30.691+0000] {processor.py:179} INFO - Processing /home/airflow/.local/lib/python3.8/site-packages/airflow/example_dags/example_setup_teardown.py took 0.115 seconds
[2023-12-16T21:10:00.925+0000] {processor.py:157} INFO - Started process (PID=361) to work on /home/airflow/.local/lib/python3.8/site-packages/airflow/example_dags/example_setup_teardown.py
[2023-12-16T21:10:00.928+0000] {processor.py:829} INFO - Processing file /home/airflow/.local/lib/python3.8/site-packages/airflow/example_dags/example_setup_teardown.py for tasks to queue
[2023-12-16T21:10:00.937+0000] {logging_mixin.py:154} INFO - [2023-12-16T21:10:00.937+0000] {dagbag.py:536} INFO - Filling up the DagBag from /home/airflow/.local/lib/python3.8/site-packages/airflow/example_dags/example_setup_teardown.py
[2023-12-16T21:10:00.971+0000] {processor.py:839} INFO - DAG(s) dict_keys(['example_setup_teardown']) retrieved from /home/airflow/.local/lib/python3.8/site-packages/airflow/example_dags/example_setup_teardown.py
[2023-12-16T21:10:01.037+0000] {logging_mixin.py:154} INFO - [2023-12-16T21:10:01.037+0000] {dag.py:2941} INFO - Sync 1 DAGs
[2023-12-16T21:10:01.085+0000] {logging_mixin.py:154} INFO - [2023-12-16T21:10:01.085+0000] {dag.py:3722} INFO - Setting next_dagrun for example_setup_teardown to 2023-12-15T21:10:01.084721+00:00, run_after=2023-12-16T21:10:01.084721+00:00
[2023-12-16T21:10:01.474+0000] {processor.py:179} INFO - Processing /home/airflow/.local/lib/python3.8/site-packages/airflow/example_dags/example_setup_teardown.py took 0.557 seconds
[2023-12-16T21:10:32.148+0000] {processor.py:157} INFO - Started process (PID=415) to work on /home/airflow/.local/lib/python3.8/site-packages/airflow/example_dags/example_setup_teardown.py
[2023-12-16T21:10:32.195+0000] {processor.py:829} INFO - Processing file /home/airflow/.local/lib/python3.8/site-packages/airflow/example_dags/example_setup_teardown.py for tasks to queue
[2023-12-16T21:10:32.223+0000] {logging_mixin.py:154} INFO - [2023-12-16T21:10:32.222+0000] {dagbag.py:536} INFO - Filling up the DagBag from /home/airflow/.local/lib/python3.8/site-packages/airflow/example_dags/example_setup_teardown.py
[2023-12-16T21:10:32.267+0000] {processor.py:839} INFO - DAG(s) dict_keys(['example_setup_teardown']) retrieved from /home/airflow/.local/lib/python3.8/site-packages/airflow/example_dags/example_setup_teardown.py
[2023-12-16T21:10:32.556+0000] {logging_mixin.py:154} INFO - [2023-12-16T21:10:32.555+0000] {dag.py:2941} INFO - Sync 1 DAGs
[2023-12-16T21:10:32.771+0000] {logging_mixin.py:154} INFO - [2023-12-16T21:10:32.771+0000] {dag.py:3722} INFO - Setting next_dagrun for example_setup_teardown to 2023-12-15T21:10:32.770542+00:00, run_after=2023-12-16T21:10:32.770542+00:00
[2023-12-16T21:10:32.955+0000] {processor.py:179} INFO - Processing /home/airflow/.local/lib/python3.8/site-packages/airflow/example_dags/example_setup_teardown.py took 0.839 seconds
[2023-12-16T21:11:03.176+0000] {processor.py:157} INFO - Started process (PID=470) to work on /home/airflow/.local/lib/python3.8/site-packages/airflow/example_dags/example_setup_teardown.py
[2023-12-16T21:11:03.178+0000] {processor.py:829} INFO - Processing file /home/airflow/.local/lib/python3.8/site-packages/airflow/example_dags/example_setup_teardown.py for tasks to queue
[2023-12-16T21:11:03.181+0000] {logging_mixin.py:154} INFO - [2023-12-16T21:11:03.181+0000] {dagbag.py:536} INFO - Filling up the DagBag from /home/airflow/.local/lib/python3.8/site-packages/airflow/example_dags/example_setup_teardown.py
[2023-12-16T21:11:03.194+0000] {processor.py:839} INFO - DAG(s) dict_keys(['example_setup_teardown']) retrieved from /home/airflow/.local/lib/python3.8/site-packages/airflow/example_dags/example_setup_teardown.py
[2023-12-16T21:11:03.229+0000] {logging_mixin.py:154} INFO - [2023-12-16T21:11:03.229+0000] {dag.py:2941} INFO - Sync 1 DAGs
[2023-12-16T21:11:03.263+0000] {logging_mixin.py:154} INFO - [2023-12-16T21:11:03.263+0000] {dag.py:3722} INFO - Setting next_dagrun for example_setup_teardown to 2023-12-15T21:11:03.262897+00:00, run_after=2023-12-16T21:11:03.262897+00:00
[2023-12-16T21:11:03.294+0000] {processor.py:179} INFO - Processing /home/airflow/.local/lib/python3.8/site-packages/airflow/example_dags/example_setup_teardown.py took 0.122 seconds
[2023-12-16T21:11:33.762+0000] {processor.py:157} INFO - Started process (PID=524) to work on /home/airflow/.local/lib/python3.8/site-packages/airflow/example_dags/example_setup_teardown.py
[2023-12-16T21:11:33.764+0000] {processor.py:829} INFO - Processing file /home/airflow/.local/lib/python3.8/site-packages/airflow/example_dags/example_setup_teardown.py for tasks to queue
[2023-12-16T21:11:33.770+0000] {logging_mixin.py:154} INFO - [2023-12-16T21:11:33.769+0000] {dagbag.py:536} INFO - Filling up the DagBag from /home/airflow/.local/lib/python3.8/site-packages/airflow/example_dags/example_setup_teardown.py
[2023-12-16T21:11:33.788+0000] {processor.py:839} INFO - DAG(s) dict_keys(['example_setup_teardown']) retrieved from /home/airflow/.local/lib/python3.8/site-packages/airflow/example_dags/example_setup_teardown.py
[2023-12-16T21:11:33.828+0000] {logging_mixin.py:154} INFO - [2023-12-16T21:11:33.827+0000] {dag.py:2941} INFO - Sync 1 DAGs
[2023-12-16T21:11:33.873+0000] {logging_mixin.py:154} INFO - [2023-12-16T21:11:33.872+0000] {dag.py:3722} INFO - Setting next_dagrun for example_setup_teardown to 2023-12-15T21:11:33.872008+00:00, run_after=2023-12-16T21:11:33.872008+00:00
[2023-12-16T21:11:33.907+0000] {processor.py:179} INFO - Processing /home/airflow/.local/lib/python3.8/site-packages/airflow/example_dags/example_setup_teardown.py took 0.150 seconds
[2023-12-16T21:12:04.054+0000] {processor.py:157} INFO - Started process (PID=578) to work on /home/airflow/.local/lib/python3.8/site-packages/airflow/example_dags/example_setup_teardown.py
[2023-12-16T21:12:04.056+0000] {processor.py:829} INFO - Processing file /home/airflow/.local/lib/python3.8/site-packages/airflow/example_dags/example_setup_teardown.py for tasks to queue
[2023-12-16T21:12:04.062+0000] {logging_mixin.py:154} INFO - [2023-12-16T21:12:04.061+0000] {dagbag.py:536} INFO - Filling up the DagBag from /home/airflow/.local/lib/python3.8/site-packages/airflow/example_dags/example_setup_teardown.py
[2023-12-16T21:12:04.077+0000] {processor.py:839} INFO - DAG(s) dict_keys(['example_setup_teardown']) retrieved from /home/airflow/.local/lib/python3.8/site-packages/airflow/example_dags/example_setup_teardown.py
[2023-12-16T21:12:04.119+0000] {logging_mixin.py:154} INFO - [2023-12-16T21:12:04.119+0000] {dag.py:2941} INFO - Sync 1 DAGs
[2023-12-16T21:12:04.158+0000] {logging_mixin.py:154} INFO - [2023-12-16T21:12:04.158+0000] {dag.py:3722} INFO - Setting next_dagrun for example_setup_teardown to 2023-12-15T21:12:04.158074+00:00, run_after=2023-12-16T21:12:04.158074+00:00
[2023-12-16T21:12:04.195+0000] {processor.py:179} INFO - Processing /home/airflow/.local/lib/python3.8/site-packages/airflow/example_dags/example_setup_teardown.py took 0.149 seconds
[2023-12-16T21:12:34.495+0000] {processor.py:157} INFO - Started process (PID=630) to work on /home/airflow/.local/lib/python3.8/site-packages/airflow/example_dags/example_setup_teardown.py
[2023-12-16T21:12:34.497+0000] {processor.py:829} INFO - Processing file /home/airflow/.local/lib/python3.8/site-packages/airflow/example_dags/example_setup_teardown.py for tasks to queue
[2023-12-16T21:12:34.503+0000] {logging_mixin.py:154} INFO - [2023-12-16T21:12:34.502+0000] {dagbag.py:536} INFO - Filling up the DagBag from /home/airflow/.local/lib/python3.8/site-packages/airflow/example_dags/example_setup_teardown.py
[2023-12-16T21:12:34.514+0000] {processor.py:839} INFO - DAG(s) dict_keys(['example_setup_teardown']) retrieved from /home/airflow/.local/lib/python3.8/site-packages/airflow/example_dags/example_setup_teardown.py
[2023-12-16T21:12:34.582+0000] {logging_mixin.py:154} INFO - [2023-12-16T21:12:34.582+0000] {dag.py:2941} INFO - Sync 1 DAGs
[2023-12-16T21:12:34.679+0000] {logging_mixin.py:154} INFO - [2023-12-16T21:12:34.678+0000] {dag.py:3722} INFO - Setting next_dagrun for example_setup_teardown to 2023-12-15T21:12:34.676236+00:00, run_after=2023-12-16T21:12:34.676236+00:00
[2023-12-16T21:12:34.730+0000] {processor.py:179} INFO - Processing /home/airflow/.local/lib/python3.8/site-packages/airflow/example_dags/example_setup_teardown.py took 0.248 seconds
