[2023-12-16T19:22:11.136+0000] {processor.py:157} INFO - Started process (PID=77) to work on /home/airflow/.local/lib/python3.8/site-packages/airflow/example_dags/example_local_kubernetes_executor.py
[2023-12-16T19:22:11.144+0000] {processor.py:829} INFO - Processing file /home/airflow/.local/lib/python3.8/site-packages/airflow/example_dags/example_local_kubernetes_executor.py for tasks to queue
[2023-12-16T19:22:11.155+0000] {logging_mixin.py:154} INFO - [2023-12-16T19:22:11.153+0000] {dagbag.py:536} INFO - Filling up the DagBag from /home/airflow/.local/lib/python3.8/site-packages/airflow/example_dags/example_local_kubernetes_executor.py
[2023-12-16T19:22:11.267+0000] {processor.py:839} INFO - DAG(s) dict_keys(['example_local_kubernetes_executor']) retrieved from /home/airflow/.local/lib/python3.8/site-packages/airflow/example_dags/example_local_kubernetes_executor.py
[2023-12-16T19:22:11.583+0000] {logging_mixin.py:154} INFO - [2023-12-16T19:22:11.583+0000] {dag.py:2941} INFO - Sync 1 DAGs
[2023-12-16T19:22:11.932+0000] {logging_mixin.py:154} INFO - [2023-12-16T19:22:11.932+0000] {dag.py:3722} INFO - Setting next_dagrun for example_local_kubernetes_executor to None, run_after=None
[2023-12-16T19:22:12.722+0000] {processor.py:179} INFO - Processing /home/airflow/.local/lib/python3.8/site-packages/airflow/example_dags/example_local_kubernetes_executor.py took 1.601 seconds
[2023-12-16T19:23:30.006+0000] {processor.py:157} INFO - Started process (PID=131) to work on /home/airflow/.local/lib/python3.8/site-packages/airflow/example_dags/example_local_kubernetes_executor.py
[2023-12-16T19:23:30.017+0000] {processor.py:829} INFO - Processing file /home/airflow/.local/lib/python3.8/site-packages/airflow/example_dags/example_local_kubernetes_executor.py for tasks to queue
[2023-12-16T19:23:30.025+0000] {logging_mixin.py:154} INFO - [2023-12-16T19:23:30.024+0000] {dagbag.py:536} INFO - Filling up the DagBag from /home/airflow/.local/lib/python3.8/site-packages/airflow/example_dags/example_local_kubernetes_executor.py
[2023-12-16T19:23:30.053+0000] {processor.py:839} INFO - DAG(s) dict_keys(['example_local_kubernetes_executor']) retrieved from /home/airflow/.local/lib/python3.8/site-packages/airflow/example_dags/example_local_kubernetes_executor.py
[2023-12-16T19:23:30.169+0000] {logging_mixin.py:154} INFO - [2023-12-16T19:23:30.168+0000] {dag.py:2941} INFO - Sync 1 DAGs
[2023-12-16T19:23:30.210+0000] {logging_mixin.py:154} INFO - [2023-12-16T19:23:30.210+0000] {dag.py:3722} INFO - Setting next_dagrun for example_local_kubernetes_executor to None, run_after=None
[2023-12-16T19:23:30.277+0000] {processor.py:179} INFO - Processing /home/airflow/.local/lib/python3.8/site-packages/airflow/example_dags/example_local_kubernetes_executor.py took 0.289 seconds
[2023-12-16T19:24:02.190+0000] {processor.py:157} INFO - Started process (PID=185) to work on /home/airflow/.local/lib/python3.8/site-packages/airflow/example_dags/example_local_kubernetes_executor.py
[2023-12-16T19:24:02.193+0000] {processor.py:829} INFO - Processing file /home/airflow/.local/lib/python3.8/site-packages/airflow/example_dags/example_local_kubernetes_executor.py for tasks to queue
[2023-12-16T19:24:02.199+0000] {logging_mixin.py:154} INFO - [2023-12-16T19:24:02.198+0000] {dagbag.py:536} INFO - Filling up the DagBag from /home/airflow/.local/lib/python3.8/site-packages/airflow/example_dags/example_local_kubernetes_executor.py
[2023-12-16T19:24:02.222+0000] {processor.py:839} INFO - DAG(s) dict_keys(['example_local_kubernetes_executor']) retrieved from /home/airflow/.local/lib/python3.8/site-packages/airflow/example_dags/example_local_kubernetes_executor.py
[2023-12-16T19:24:02.347+0000] {logging_mixin.py:154} INFO - [2023-12-16T19:24:02.347+0000] {dag.py:2941} INFO - Sync 1 DAGs
[2023-12-16T19:24:02.379+0000] {logging_mixin.py:154} INFO - [2023-12-16T19:24:02.379+0000] {dag.py:3722} INFO - Setting next_dagrun for example_local_kubernetes_executor to None, run_after=None
[2023-12-16T19:24:02.423+0000] {processor.py:179} INFO - Processing /home/airflow/.local/lib/python3.8/site-packages/airflow/example_dags/example_local_kubernetes_executor.py took 0.245 seconds
[2023-12-16T19:35:56.247+0000] {processor.py:157} INFO - Started process (PID=78) to work on /home/airflow/.local/lib/python3.8/site-packages/airflow/example_dags/example_local_kubernetes_executor.py
[2023-12-16T19:35:56.264+0000] {processor.py:829} INFO - Processing file /home/airflow/.local/lib/python3.8/site-packages/airflow/example_dags/example_local_kubernetes_executor.py for tasks to queue
[2023-12-16T19:35:56.299+0000] {logging_mixin.py:154} INFO - [2023-12-16T19:35:56.299+0000] {dagbag.py:536} INFO - Filling up the DagBag from /home/airflow/.local/lib/python3.8/site-packages/airflow/example_dags/example_local_kubernetes_executor.py
[2023-12-16T19:35:56.352+0000] {processor.py:839} INFO - DAG(s) dict_keys(['example_local_kubernetes_executor']) retrieved from /home/airflow/.local/lib/python3.8/site-packages/airflow/example_dags/example_local_kubernetes_executor.py
[2023-12-16T19:35:56.937+0000] {logging_mixin.py:154} INFO - [2023-12-16T19:35:56.937+0000] {dag.py:2941} INFO - Sync 1 DAGs
[2023-12-16T19:35:57.187+0000] {logging_mixin.py:154} INFO - [2023-12-16T19:35:57.186+0000] {dag.py:3722} INFO - Setting next_dagrun for example_local_kubernetes_executor to None, run_after=None
[2023-12-16T19:35:57.823+0000] {processor.py:179} INFO - Processing /home/airflow/.local/lib/python3.8/site-packages/airflow/example_dags/example_local_kubernetes_executor.py took 1.589 seconds
[2023-12-16T19:36:49.979+0000] {processor.py:157} INFO - Started process (PID=139) to work on /home/airflow/.local/lib/python3.8/site-packages/airflow/example_dags/example_local_kubernetes_executor.py
[2023-12-16T19:36:50.004+0000] {processor.py:829} INFO - Processing file /home/airflow/.local/lib/python3.8/site-packages/airflow/example_dags/example_local_kubernetes_executor.py for tasks to queue
[2023-12-16T19:36:50.010+0000] {logging_mixin.py:154} INFO - [2023-12-16T19:36:50.009+0000] {dagbag.py:536} INFO - Filling up the DagBag from /home/airflow/.local/lib/python3.8/site-packages/airflow/example_dags/example_local_kubernetes_executor.py
[2023-12-16T19:36:50.070+0000] {processor.py:839} INFO - DAG(s) dict_keys(['example_local_kubernetes_executor']) retrieved from /home/airflow/.local/lib/python3.8/site-packages/airflow/example_dags/example_local_kubernetes_executor.py
[2023-12-16T19:36:50.294+0000] {logging_mixin.py:154} INFO - [2023-12-16T19:36:50.294+0000] {dag.py:2941} INFO - Sync 1 DAGs
[2023-12-16T19:36:50.413+0000] {logging_mixin.py:154} INFO - [2023-12-16T19:36:50.413+0000] {dag.py:3722} INFO - Setting next_dagrun for example_local_kubernetes_executor to None, run_after=None
[2023-12-16T19:36:50.693+0000] {processor.py:179} INFO - Processing /home/airflow/.local/lib/python3.8/site-packages/airflow/example_dags/example_local_kubernetes_executor.py took 0.725 seconds
[2023-12-16T19:37:26.096+0000] {processor.py:157} INFO - Started process (PID=193) to work on /home/airflow/.local/lib/python3.8/site-packages/airflow/example_dags/example_local_kubernetes_executor.py
[2023-12-16T19:37:26.123+0000] {processor.py:829} INFO - Processing file /home/airflow/.local/lib/python3.8/site-packages/airflow/example_dags/example_local_kubernetes_executor.py for tasks to queue
[2023-12-16T19:37:26.204+0000] {logging_mixin.py:154} INFO - [2023-12-16T19:37:26.204+0000] {dagbag.py:536} INFO - Filling up the DagBag from /home/airflow/.local/lib/python3.8/site-packages/airflow/example_dags/example_local_kubernetes_executor.py
[2023-12-16T19:37:26.446+0000] {processor.py:839} INFO - DAG(s) dict_keys(['example_local_kubernetes_executor']) retrieved from /home/airflow/.local/lib/python3.8/site-packages/airflow/example_dags/example_local_kubernetes_executor.py
[2023-12-16T19:37:27.399+0000] {logging_mixin.py:154} INFO - [2023-12-16T19:37:27.399+0000] {dag.py:2941} INFO - Sync 1 DAGs
[2023-12-16T19:37:27.727+0000] {logging_mixin.py:154} INFO - [2023-12-16T19:37:27.727+0000] {dag.py:3722} INFO - Setting next_dagrun for example_local_kubernetes_executor to None, run_after=None
[2023-12-16T19:37:28.105+0000] {processor.py:179} INFO - Processing /home/airflow/.local/lib/python3.8/site-packages/airflow/example_dags/example_local_kubernetes_executor.py took 2.061 seconds
[2023-12-16T19:43:52.902+0000] {processor.py:157} INFO - Started process (PID=78) to work on /home/airflow/.local/lib/python3.8/site-packages/airflow/example_dags/example_local_kubernetes_executor.py
[2023-12-16T19:43:52.921+0000] {processor.py:829} INFO - Processing file /home/airflow/.local/lib/python3.8/site-packages/airflow/example_dags/example_local_kubernetes_executor.py for tasks to queue
[2023-12-16T19:43:52.927+0000] {logging_mixin.py:154} INFO - [2023-12-16T19:43:52.923+0000] {dagbag.py:536} INFO - Filling up the DagBag from /home/airflow/.local/lib/python3.8/site-packages/airflow/example_dags/example_local_kubernetes_executor.py
[2023-12-16T19:43:52.973+0000] {processor.py:839} INFO - DAG(s) dict_keys(['example_local_kubernetes_executor']) retrieved from /home/airflow/.local/lib/python3.8/site-packages/airflow/example_dags/example_local_kubernetes_executor.py
[2023-12-16T19:43:53.189+0000] {logging_mixin.py:154} INFO - [2023-12-16T19:43:53.188+0000] {dag.py:2941} INFO - Sync 1 DAGs
[2023-12-16T19:43:53.264+0000] {logging_mixin.py:154} INFO - [2023-12-16T19:43:53.263+0000] {dag.py:3722} INFO - Setting next_dagrun for example_local_kubernetes_executor to None, run_after=None
[2023-12-16T19:43:53.728+0000] {processor.py:179} INFO - Processing /home/airflow/.local/lib/python3.8/site-packages/airflow/example_dags/example_local_kubernetes_executor.py took 0.872 seconds
[2023-12-16T19:44:41.141+0000] {processor.py:157} INFO - Started process (PID=138) to work on /home/airflow/.local/lib/python3.8/site-packages/airflow/example_dags/example_local_kubernetes_executor.py
[2023-12-16T19:44:41.148+0000] {processor.py:829} INFO - Processing file /home/airflow/.local/lib/python3.8/site-packages/airflow/example_dags/example_local_kubernetes_executor.py for tasks to queue
[2023-12-16T19:44:41.151+0000] {logging_mixin.py:154} INFO - [2023-12-16T19:44:41.150+0000] {dagbag.py:536} INFO - Filling up the DagBag from /home/airflow/.local/lib/python3.8/site-packages/airflow/example_dags/example_local_kubernetes_executor.py
[2023-12-16T19:44:41.224+0000] {processor.py:839} INFO - DAG(s) dict_keys(['example_local_kubernetes_executor']) retrieved from /home/airflow/.local/lib/python3.8/site-packages/airflow/example_dags/example_local_kubernetes_executor.py
[2023-12-16T19:44:41.411+0000] {logging_mixin.py:154} INFO - [2023-12-16T19:44:41.411+0000] {dag.py:2941} INFO - Sync 1 DAGs
[2023-12-16T19:44:41.457+0000] {logging_mixin.py:154} INFO - [2023-12-16T19:44:41.456+0000] {dag.py:3722} INFO - Setting next_dagrun for example_local_kubernetes_executor to None, run_after=None
[2023-12-16T19:44:41.515+0000] {processor.py:179} INFO - Processing /home/airflow/.local/lib/python3.8/site-packages/airflow/example_dags/example_local_kubernetes_executor.py took 0.391 seconds
[2023-12-16T19:45:17.847+0000] {processor.py:157} INFO - Started process (PID=191) to work on /home/airflow/.local/lib/python3.8/site-packages/airflow/example_dags/example_local_kubernetes_executor.py
[2023-12-16T19:45:17.877+0000] {processor.py:829} INFO - Processing file /home/airflow/.local/lib/python3.8/site-packages/airflow/example_dags/example_local_kubernetes_executor.py for tasks to queue
[2023-12-16T19:45:17.884+0000] {logging_mixin.py:154} INFO - [2023-12-16T19:45:17.883+0000] {dagbag.py:536} INFO - Filling up the DagBag from /home/airflow/.local/lib/python3.8/site-packages/airflow/example_dags/example_local_kubernetes_executor.py
[2023-12-16T19:45:18.013+0000] {processor.py:839} INFO - DAG(s) dict_keys(['example_local_kubernetes_executor']) retrieved from /home/airflow/.local/lib/python3.8/site-packages/airflow/example_dags/example_local_kubernetes_executor.py
[2023-12-16T19:45:18.567+0000] {logging_mixin.py:154} INFO - [2023-12-16T19:45:18.566+0000] {dag.py:2941} INFO - Sync 1 DAGs
[2023-12-16T19:45:18.904+0000] {logging_mixin.py:154} INFO - [2023-12-16T19:45:18.903+0000] {dag.py:3722} INFO - Setting next_dagrun for example_local_kubernetes_executor to None, run_after=None
[2023-12-16T19:45:19.183+0000] {processor.py:179} INFO - Processing /home/airflow/.local/lib/python3.8/site-packages/airflow/example_dags/example_local_kubernetes_executor.py took 1.344 seconds
[2023-12-16T19:55:57.585+0000] {processor.py:157} INFO - Started process (PID=246) to work on /home/airflow/.local/lib/python3.8/site-packages/airflow/example_dags/example_local_kubernetes_executor.py
[2023-12-16T19:55:57.979+0000] {processor.py:829} INFO - Processing file /home/airflow/.local/lib/python3.8/site-packages/airflow/example_dags/example_local_kubernetes_executor.py for tasks to queue
[2023-12-16T19:55:58.101+0000] {logging_mixin.py:154} INFO - [2023-12-16T19:55:57.995+0000] {dagbag.py:536} INFO - Filling up the DagBag from /home/airflow/.local/lib/python3.8/site-packages/airflow/example_dags/example_local_kubernetes_executor.py
[2023-12-16T19:56:12.400+0000] {processor.py:839} INFO - DAG(s) dict_keys(['example_local_kubernetes_executor']) retrieved from /home/airflow/.local/lib/python3.8/site-packages/airflow/example_dags/example_local_kubernetes_executor.py
[2023-12-16T20:04:46.920+0000] {processor.py:157} INFO - Started process (PID=140) to work on /home/airflow/.local/lib/python3.8/site-packages/airflow/example_dags/example_local_kubernetes_executor.py
[2023-12-16T20:04:46.936+0000] {processor.py:829} INFO - Processing file /home/airflow/.local/lib/python3.8/site-packages/airflow/example_dags/example_local_kubernetes_executor.py for tasks to queue
[2023-12-16T20:04:46.941+0000] {logging_mixin.py:154} INFO - [2023-12-16T20:04:46.941+0000] {dagbag.py:536} INFO - Filling up the DagBag from /home/airflow/.local/lib/python3.8/site-packages/airflow/example_dags/example_local_kubernetes_executor.py
[2023-12-16T20:04:46.986+0000] {processor.py:839} INFO - DAG(s) dict_keys(['example_local_kubernetes_executor']) retrieved from /home/airflow/.local/lib/python3.8/site-packages/airflow/example_dags/example_local_kubernetes_executor.py
[2023-12-16T20:04:47.088+0000] {logging_mixin.py:154} INFO - [2023-12-16T20:04:47.088+0000] {dag.py:2941} INFO - Sync 1 DAGs
[2023-12-16T20:04:47.143+0000] {logging_mixin.py:154} INFO - [2023-12-16T20:04:47.142+0000] {dag.py:3722} INFO - Setting next_dagrun for example_local_kubernetes_executor to None, run_after=None
[2023-12-16T20:04:47.248+0000] {processor.py:179} INFO - Processing /home/airflow/.local/lib/python3.8/site-packages/airflow/example_dags/example_local_kubernetes_executor.py took 0.337 seconds
[2023-12-16T20:05:26.303+0000] {processor.py:157} INFO - Started process (PID=209) to work on /home/airflow/.local/lib/python3.8/site-packages/airflow/example_dags/example_local_kubernetes_executor.py
[2023-12-16T20:05:26.307+0000] {processor.py:829} INFO - Processing file /home/airflow/.local/lib/python3.8/site-packages/airflow/example_dags/example_local_kubernetes_executor.py for tasks to queue
[2023-12-16T20:05:26.317+0000] {logging_mixin.py:154} INFO - [2023-12-16T20:05:26.316+0000] {dagbag.py:536} INFO - Filling up the DagBag from /home/airflow/.local/lib/python3.8/site-packages/airflow/example_dags/example_local_kubernetes_executor.py
[2023-12-16T20:05:26.335+0000] {processor.py:839} INFO - DAG(s) dict_keys(['example_local_kubernetes_executor']) retrieved from /home/airflow/.local/lib/python3.8/site-packages/airflow/example_dags/example_local_kubernetes_executor.py
[2023-12-16T20:05:26.433+0000] {logging_mixin.py:154} INFO - [2023-12-16T20:05:26.432+0000] {dag.py:2941} INFO - Sync 1 DAGs
[2023-12-16T20:05:26.469+0000] {logging_mixin.py:154} INFO - [2023-12-16T20:05:26.468+0000] {dag.py:3722} INFO - Setting next_dagrun for example_local_kubernetes_executor to None, run_after=None
[2023-12-16T20:05:27.536+0000] {processor.py:179} INFO - Processing /home/airflow/.local/lib/python3.8/site-packages/airflow/example_dags/example_local_kubernetes_executor.py took 1.241 seconds
[2023-12-16T20:05:58.647+0000] {processor.py:157} INFO - Started process (PID=277) to work on /home/airflow/.local/lib/python3.8/site-packages/airflow/example_dags/example_local_kubernetes_executor.py
[2023-12-16T20:05:58.650+0000] {processor.py:829} INFO - Processing file /home/airflow/.local/lib/python3.8/site-packages/airflow/example_dags/example_local_kubernetes_executor.py for tasks to queue
[2023-12-16T20:05:58.682+0000] {logging_mixin.py:154} INFO - [2023-12-16T20:05:58.681+0000] {dagbag.py:536} INFO - Filling up the DagBag from /home/airflow/.local/lib/python3.8/site-packages/airflow/example_dags/example_local_kubernetes_executor.py
[2023-12-16T20:05:58.716+0000] {processor.py:839} INFO - DAG(s) dict_keys(['example_local_kubernetes_executor']) retrieved from /home/airflow/.local/lib/python3.8/site-packages/airflow/example_dags/example_local_kubernetes_executor.py
[2023-12-16T20:05:58.979+0000] {logging_mixin.py:154} INFO - [2023-12-16T20:05:58.978+0000] {dag.py:2941} INFO - Sync 1 DAGs
[2023-12-16T20:05:59.753+0000] {logging_mixin.py:154} INFO - [2023-12-16T20:05:59.753+0000] {dag.py:3722} INFO - Setting next_dagrun for example_local_kubernetes_executor to None, run_after=None
[2023-12-16T20:05:59.835+0000] {processor.py:179} INFO - Processing /home/airflow/.local/lib/python3.8/site-packages/airflow/example_dags/example_local_kubernetes_executor.py took 1.209 seconds
[2023-12-16T20:20:58.000+0000] {processor.py:157} INFO - Started process (PID=78) to work on /home/airflow/.local/lib/python3.8/site-packages/airflow/example_dags/example_local_kubernetes_executor.py
[2023-12-16T20:20:58.010+0000] {processor.py:829} INFO - Processing file /home/airflow/.local/lib/python3.8/site-packages/airflow/example_dags/example_local_kubernetes_executor.py for tasks to queue
[2023-12-16T20:20:58.097+0000] {logging_mixin.py:154} INFO - [2023-12-16T20:20:58.096+0000] {dagbag.py:536} INFO - Filling up the DagBag from /home/airflow/.local/lib/python3.8/site-packages/airflow/example_dags/example_local_kubernetes_executor.py
[2023-12-16T20:20:58.198+0000] {processor.py:839} INFO - DAG(s) dict_keys(['example_local_kubernetes_executor']) retrieved from /home/airflow/.local/lib/python3.8/site-packages/airflow/example_dags/example_local_kubernetes_executor.py
[2023-12-16T20:20:58.832+0000] {logging_mixin.py:154} INFO - [2023-12-16T20:20:58.831+0000] {dag.py:2941} INFO - Sync 1 DAGs
[2023-12-16T20:20:58.960+0000] {logging_mixin.py:154} INFO - [2023-12-16T20:20:58.959+0000] {dag.py:3722} INFO - Setting next_dagrun for example_local_kubernetes_executor to None, run_after=None
[2023-12-16T20:20:59.145+0000] {processor.py:179} INFO - Processing /home/airflow/.local/lib/python3.8/site-packages/airflow/example_dags/example_local_kubernetes_executor.py took 1.204 seconds
[2023-12-16T20:21:29.335+0000] {processor.py:157} INFO - Started process (PID=131) to work on /home/airflow/.local/lib/python3.8/site-packages/airflow/example_dags/example_local_kubernetes_executor.py
[2023-12-16T20:21:29.351+0000] {processor.py:829} INFO - Processing file /home/airflow/.local/lib/python3.8/site-packages/airflow/example_dags/example_local_kubernetes_executor.py for tasks to queue
[2023-12-16T20:21:29.356+0000] {logging_mixin.py:154} INFO - [2023-12-16T20:21:29.356+0000] {dagbag.py:536} INFO - Filling up the DagBag from /home/airflow/.local/lib/python3.8/site-packages/airflow/example_dags/example_local_kubernetes_executor.py
[2023-12-16T20:21:29.624+0000] {processor.py:839} INFO - DAG(s) dict_keys(['example_local_kubernetes_executor']) retrieved from /home/airflow/.local/lib/python3.8/site-packages/airflow/example_dags/example_local_kubernetes_executor.py
[2023-12-16T20:21:30.409+0000] {logging_mixin.py:154} INFO - [2023-12-16T20:21:30.409+0000] {dag.py:2941} INFO - Sync 1 DAGs
[2023-12-16T20:21:30.512+0000] {logging_mixin.py:154} INFO - [2023-12-16T20:21:30.511+0000] {dag.py:3722} INFO - Setting next_dagrun for example_local_kubernetes_executor to None, run_after=None
[2023-12-16T20:21:30.605+0000] {processor.py:179} INFO - Processing /home/airflow/.local/lib/python3.8/site-packages/airflow/example_dags/example_local_kubernetes_executor.py took 1.308 seconds
[2023-12-16T20:31:34.427+0000] {processor.py:157} INFO - Started process (PID=80) to work on /home/airflow/.local/lib/python3.8/site-packages/airflow/example_dags/example_local_kubernetes_executor.py
[2023-12-16T20:31:34.430+0000] {processor.py:829} INFO - Processing file /home/airflow/.local/lib/python3.8/site-packages/airflow/example_dags/example_local_kubernetes_executor.py for tasks to queue
[2023-12-16T20:31:34.436+0000] {logging_mixin.py:154} INFO - [2023-12-16T20:31:34.436+0000] {dagbag.py:536} INFO - Filling up the DagBag from /home/airflow/.local/lib/python3.8/site-packages/airflow/example_dags/example_local_kubernetes_executor.py
[2023-12-16T20:31:34.517+0000] {processor.py:839} INFO - DAG(s) dict_keys(['example_local_kubernetes_executor']) retrieved from /home/airflow/.local/lib/python3.8/site-packages/airflow/example_dags/example_local_kubernetes_executor.py
[2023-12-16T20:31:34.790+0000] {logging_mixin.py:154} INFO - [2023-12-16T20:31:34.790+0000] {dag.py:2941} INFO - Sync 1 DAGs
[2023-12-16T20:31:34.822+0000] {logging_mixin.py:154} INFO - [2023-12-16T20:31:34.822+0000] {dag.py:3722} INFO - Setting next_dagrun for example_local_kubernetes_executor to None, run_after=None
[2023-12-16T20:31:34.872+0000] {processor.py:179} INFO - Processing /home/airflow/.local/lib/python3.8/site-packages/airflow/example_dags/example_local_kubernetes_executor.py took 0.453 seconds
[2023-12-16T20:32:05.149+0000] {processor.py:157} INFO - Started process (PID=132) to work on /home/airflow/.local/lib/python3.8/site-packages/airflow/example_dags/example_local_kubernetes_executor.py
[2023-12-16T20:32:05.163+0000] {processor.py:829} INFO - Processing file /home/airflow/.local/lib/python3.8/site-packages/airflow/example_dags/example_local_kubernetes_executor.py for tasks to queue
[2023-12-16T20:32:05.170+0000] {logging_mixin.py:154} INFO - [2023-12-16T20:32:05.169+0000] {dagbag.py:536} INFO - Filling up the DagBag from /home/airflow/.local/lib/python3.8/site-packages/airflow/example_dags/example_local_kubernetes_executor.py
[2023-12-16T20:32:05.197+0000] {processor.py:839} INFO - DAG(s) dict_keys(['example_local_kubernetes_executor']) retrieved from /home/airflow/.local/lib/python3.8/site-packages/airflow/example_dags/example_local_kubernetes_executor.py
[2023-12-16T20:32:05.392+0000] {logging_mixin.py:154} INFO - [2023-12-16T20:32:05.392+0000] {dag.py:2941} INFO - Sync 1 DAGs
[2023-12-16T20:32:05.497+0000] {logging_mixin.py:154} INFO - [2023-12-16T20:32:05.497+0000] {dag.py:3722} INFO - Setting next_dagrun for example_local_kubernetes_executor to None, run_after=None
[2023-12-16T20:32:05.630+0000] {processor.py:179} INFO - Processing /home/airflow/.local/lib/python3.8/site-packages/airflow/example_dags/example_local_kubernetes_executor.py took 0.498 seconds
[2023-12-16T20:34:35.117+0000] {processor.py:157} INFO - Started process (PID=71) to work on /home/airflow/.local/lib/python3.8/site-packages/airflow/example_dags/example_local_kubernetes_executor.py
[2023-12-16T20:34:35.141+0000] {processor.py:829} INFO - Processing file /home/airflow/.local/lib/python3.8/site-packages/airflow/example_dags/example_local_kubernetes_executor.py for tasks to queue
[2023-12-16T20:34:35.199+0000] {logging_mixin.py:154} INFO - [2023-12-16T20:34:35.198+0000] {dagbag.py:536} INFO - Filling up the DagBag from /home/airflow/.local/lib/python3.8/site-packages/airflow/example_dags/example_local_kubernetes_executor.py
[2023-12-16T20:34:35.603+0000] {processor.py:839} INFO - DAG(s) dict_keys(['example_local_kubernetes_executor']) retrieved from /home/airflow/.local/lib/python3.8/site-packages/airflow/example_dags/example_local_kubernetes_executor.py
[2023-12-16T20:34:36.413+0000] {logging_mixin.py:154} INFO - [2023-12-16T20:34:36.413+0000] {dag.py:2941} INFO - Sync 1 DAGs
[2023-12-16T20:34:36.932+0000] {logging_mixin.py:154} INFO - [2023-12-16T20:34:36.931+0000] {dag.py:3722} INFO - Setting next_dagrun for example_local_kubernetes_executor to None, run_after=None
[2023-12-16T20:34:37.184+0000] {processor.py:179} INFO - Processing /home/airflow/.local/lib/python3.8/site-packages/airflow/example_dags/example_local_kubernetes_executor.py took 2.112 seconds
[2023-12-16T20:35:23.418+0000] {processor.py:157} INFO - Started process (PID=125) to work on /home/airflow/.local/lib/python3.8/site-packages/airflow/example_dags/example_local_kubernetes_executor.py
[2023-12-16T20:35:23.422+0000] {processor.py:829} INFO - Processing file /home/airflow/.local/lib/python3.8/site-packages/airflow/example_dags/example_local_kubernetes_executor.py for tasks to queue
[2023-12-16T20:35:23.449+0000] {logging_mixin.py:154} INFO - [2023-12-16T20:35:23.447+0000] {dagbag.py:536} INFO - Filling up the DagBag from /home/airflow/.local/lib/python3.8/site-packages/airflow/example_dags/example_local_kubernetes_executor.py
[2023-12-16T20:35:23.490+0000] {processor.py:839} INFO - DAG(s) dict_keys(['example_local_kubernetes_executor']) retrieved from /home/airflow/.local/lib/python3.8/site-packages/airflow/example_dags/example_local_kubernetes_executor.py
[2023-12-16T20:35:23.792+0000] {logging_mixin.py:154} INFO - [2023-12-16T20:35:23.792+0000] {dag.py:2941} INFO - Sync 1 DAGs
[2023-12-16T20:35:23.835+0000] {logging_mixin.py:154} INFO - [2023-12-16T20:35:23.835+0000] {dag.py:3722} INFO - Setting next_dagrun for example_local_kubernetes_executor to None, run_after=None
[2023-12-16T20:35:23.973+0000] {processor.py:179} INFO - Processing /home/airflow/.local/lib/python3.8/site-packages/airflow/example_dags/example_local_kubernetes_executor.py took 0.612 seconds
[2023-12-16T21:01:06.158+0000] {processor.py:157} INFO - Started process (PID=79) to work on /home/airflow/.local/lib/python3.8/site-packages/airflow/example_dags/example_local_kubernetes_executor.py
[2023-12-16T21:01:06.172+0000] {processor.py:829} INFO - Processing file /home/airflow/.local/lib/python3.8/site-packages/airflow/example_dags/example_local_kubernetes_executor.py for tasks to queue
[2023-12-16T21:01:06.185+0000] {logging_mixin.py:154} INFO - [2023-12-16T21:01:06.185+0000] {dagbag.py:536} INFO - Filling up the DagBag from /home/airflow/.local/lib/python3.8/site-packages/airflow/example_dags/example_local_kubernetes_executor.py
[2023-12-16T21:01:06.314+0000] {processor.py:839} INFO - DAG(s) dict_keys(['example_local_kubernetes_executor']) retrieved from /home/airflow/.local/lib/python3.8/site-packages/airflow/example_dags/example_local_kubernetes_executor.py
[2023-12-16T21:01:06.464+0000] {logging_mixin.py:154} INFO - [2023-12-16T21:01:06.463+0000] {dag.py:2941} INFO - Sync 1 DAGs
[2023-12-16T21:01:06.506+0000] {logging_mixin.py:154} INFO - [2023-12-16T21:01:06.505+0000] {dag.py:3722} INFO - Setting next_dagrun for example_local_kubernetes_executor to None, run_after=None
[2023-12-16T21:01:06.592+0000] {processor.py:179} INFO - Processing /home/airflow/.local/lib/python3.8/site-packages/airflow/example_dags/example_local_kubernetes_executor.py took 0.466 seconds
[2023-12-16T21:01:37.944+0000] {processor.py:157} INFO - Started process (PID=133) to work on /home/airflow/.local/lib/python3.8/site-packages/airflow/example_dags/example_local_kubernetes_executor.py
[2023-12-16T21:01:37.953+0000] {processor.py:829} INFO - Processing file /home/airflow/.local/lib/python3.8/site-packages/airflow/example_dags/example_local_kubernetes_executor.py for tasks to queue
[2023-12-16T21:01:37.977+0000] {logging_mixin.py:154} INFO - [2023-12-16T21:01:37.976+0000] {dagbag.py:536} INFO - Filling up the DagBag from /home/airflow/.local/lib/python3.8/site-packages/airflow/example_dags/example_local_kubernetes_executor.py
[2023-12-16T21:01:38.068+0000] {processor.py:839} INFO - DAG(s) dict_keys(['example_local_kubernetes_executor']) retrieved from /home/airflow/.local/lib/python3.8/site-packages/airflow/example_dags/example_local_kubernetes_executor.py
[2023-12-16T21:01:38.541+0000] {logging_mixin.py:154} INFO - [2023-12-16T21:01:38.540+0000] {dag.py:2941} INFO - Sync 1 DAGs
[2023-12-16T21:01:38.684+0000] {logging_mixin.py:154} INFO - [2023-12-16T21:01:38.683+0000] {dag.py:3722} INFO - Setting next_dagrun for example_local_kubernetes_executor to None, run_after=None
[2023-12-16T21:01:38.783+0000] {processor.py:179} INFO - Processing /home/airflow/.local/lib/python3.8/site-packages/airflow/example_dags/example_local_kubernetes_executor.py took 0.863 seconds
[2023-12-16T21:02:09.539+0000] {processor.py:157} INFO - Started process (PID=187) to work on /home/airflow/.local/lib/python3.8/site-packages/airflow/example_dags/example_local_kubernetes_executor.py
[2023-12-16T21:02:09.557+0000] {processor.py:829} INFO - Processing file /home/airflow/.local/lib/python3.8/site-packages/airflow/example_dags/example_local_kubernetes_executor.py for tasks to queue
[2023-12-16T21:02:09.603+0000] {logging_mixin.py:154} INFO - [2023-12-16T21:02:09.602+0000] {dagbag.py:536} INFO - Filling up the DagBag from /home/airflow/.local/lib/python3.8/site-packages/airflow/example_dags/example_local_kubernetes_executor.py
[2023-12-16T21:02:09.674+0000] {processor.py:839} INFO - DAG(s) dict_keys(['example_local_kubernetes_executor']) retrieved from /home/airflow/.local/lib/python3.8/site-packages/airflow/example_dags/example_local_kubernetes_executor.py
[2023-12-16T21:02:10.088+0000] {logging_mixin.py:154} INFO - [2023-12-16T21:02:10.087+0000] {dag.py:2941} INFO - Sync 1 DAGs
[2023-12-16T21:02:10.244+0000] {logging_mixin.py:154} INFO - [2023-12-16T21:02:10.244+0000] {dag.py:3722} INFO - Setting next_dagrun for example_local_kubernetes_executor to None, run_after=None
[2023-12-16T21:02:10.388+0000] {processor.py:179} INFO - Processing /home/airflow/.local/lib/python3.8/site-packages/airflow/example_dags/example_local_kubernetes_executor.py took 0.860 seconds
[2023-12-16T21:07:10.294+0000] {processor.py:157} INFO - Started process (PID=73) to work on /home/airflow/.local/lib/python3.8/site-packages/airflow/example_dags/example_local_kubernetes_executor.py
[2023-12-16T21:07:10.297+0000] {processor.py:829} INFO - Processing file /home/airflow/.local/lib/python3.8/site-packages/airflow/example_dags/example_local_kubernetes_executor.py for tasks to queue
[2023-12-16T21:07:10.322+0000] {logging_mixin.py:154} INFO - [2023-12-16T21:07:10.321+0000] {dagbag.py:536} INFO - Filling up the DagBag from /home/airflow/.local/lib/python3.8/site-packages/airflow/example_dags/example_local_kubernetes_executor.py
[2023-12-16T21:07:10.351+0000] {processor.py:839} INFO - DAG(s) dict_keys(['example_local_kubernetes_executor']) retrieved from /home/airflow/.local/lib/python3.8/site-packages/airflow/example_dags/example_local_kubernetes_executor.py
[2023-12-16T21:07:10.492+0000] {logging_mixin.py:154} INFO - [2023-12-16T21:07:10.491+0000] {dag.py:2941} INFO - Sync 1 DAGs
[2023-12-16T21:07:10.550+0000] {logging_mixin.py:154} INFO - [2023-12-16T21:07:10.549+0000] {dag.py:3722} INFO - Setting next_dagrun for example_local_kubernetes_executor to None, run_after=None
[2023-12-16T21:07:10.645+0000] {processor.py:179} INFO - Processing /home/airflow/.local/lib/python3.8/site-packages/airflow/example_dags/example_local_kubernetes_executor.py took 0.360 seconds
[2023-12-16T21:07:40.911+0000] {processor.py:157} INFO - Started process (PID=127) to work on /home/airflow/.local/lib/python3.8/site-packages/airflow/example_dags/example_local_kubernetes_executor.py
[2023-12-16T21:07:40.913+0000] {processor.py:829} INFO - Processing file /home/airflow/.local/lib/python3.8/site-packages/airflow/example_dags/example_local_kubernetes_executor.py for tasks to queue
[2023-12-16T21:07:40.923+0000] {logging_mixin.py:154} INFO - [2023-12-16T21:07:40.921+0000] {dagbag.py:536} INFO - Filling up the DagBag from /home/airflow/.local/lib/python3.8/site-packages/airflow/example_dags/example_local_kubernetes_executor.py
[2023-12-16T21:07:40.943+0000] {processor.py:839} INFO - DAG(s) dict_keys(['example_local_kubernetes_executor']) retrieved from /home/airflow/.local/lib/python3.8/site-packages/airflow/example_dags/example_local_kubernetes_executor.py
[2023-12-16T21:07:41.012+0000] {logging_mixin.py:154} INFO - [2023-12-16T21:07:41.011+0000] {dag.py:2941} INFO - Sync 1 DAGs
[2023-12-16T21:07:41.034+0000] {logging_mixin.py:154} INFO - [2023-12-16T21:07:41.034+0000] {dag.py:3722} INFO - Setting next_dagrun for example_local_kubernetes_executor to None, run_after=None
[2023-12-16T21:07:41.064+0000] {processor.py:179} INFO - Processing /home/airflow/.local/lib/python3.8/site-packages/airflow/example_dags/example_local_kubernetes_executor.py took 0.159 seconds
[2023-12-16T21:08:11.526+0000] {processor.py:157} INFO - Started process (PID=181) to work on /home/airflow/.local/lib/python3.8/site-packages/airflow/example_dags/example_local_kubernetes_executor.py
[2023-12-16T21:08:11.528+0000] {processor.py:829} INFO - Processing file /home/airflow/.local/lib/python3.8/site-packages/airflow/example_dags/example_local_kubernetes_executor.py for tasks to queue
[2023-12-16T21:08:11.535+0000] {logging_mixin.py:154} INFO - [2023-12-16T21:08:11.533+0000] {dagbag.py:536} INFO - Filling up the DagBag from /home/airflow/.local/lib/python3.8/site-packages/airflow/example_dags/example_local_kubernetes_executor.py
[2023-12-16T21:08:11.566+0000] {processor.py:839} INFO - DAG(s) dict_keys(['example_local_kubernetes_executor']) retrieved from /home/airflow/.local/lib/python3.8/site-packages/airflow/example_dags/example_local_kubernetes_executor.py
[2023-12-16T21:08:11.723+0000] {logging_mixin.py:154} INFO - [2023-12-16T21:08:11.722+0000] {dag.py:2941} INFO - Sync 1 DAGs
[2023-12-16T21:08:11.781+0000] {logging_mixin.py:154} INFO - [2023-12-16T21:08:11.780+0000] {dag.py:3722} INFO - Setting next_dagrun for example_local_kubernetes_executor to None, run_after=None
[2023-12-16T21:08:11.964+0000] {processor.py:179} INFO - Processing /home/airflow/.local/lib/python3.8/site-packages/airflow/example_dags/example_local_kubernetes_executor.py took 0.449 seconds
[2023-12-16T21:08:42.904+0000] {processor.py:157} INFO - Started process (PID=235) to work on /home/airflow/.local/lib/python3.8/site-packages/airflow/example_dags/example_local_kubernetes_executor.py
[2023-12-16T21:08:42.910+0000] {processor.py:829} INFO - Processing file /home/airflow/.local/lib/python3.8/site-packages/airflow/example_dags/example_local_kubernetes_executor.py for tasks to queue
[2023-12-16T21:08:42.923+0000] {logging_mixin.py:154} INFO - [2023-12-16T21:08:42.922+0000] {dagbag.py:536} INFO - Filling up the DagBag from /home/airflow/.local/lib/python3.8/site-packages/airflow/example_dags/example_local_kubernetes_executor.py
[2023-12-16T21:08:42.967+0000] {processor.py:839} INFO - DAG(s) dict_keys(['example_local_kubernetes_executor']) retrieved from /home/airflow/.local/lib/python3.8/site-packages/airflow/example_dags/example_local_kubernetes_executor.py
[2023-12-16T21:08:43.105+0000] {logging_mixin.py:154} INFO - [2023-12-16T21:08:43.105+0000] {dag.py:2941} INFO - Sync 1 DAGs
[2023-12-16T21:08:43.209+0000] {logging_mixin.py:154} INFO - [2023-12-16T21:08:43.208+0000] {dag.py:3722} INFO - Setting next_dagrun for example_local_kubernetes_executor to None, run_after=None
[2023-12-16T21:08:43.363+0000] {processor.py:179} INFO - Processing /home/airflow/.local/lib/python3.8/site-packages/airflow/example_dags/example_local_kubernetes_executor.py took 0.474 seconds
[2023-12-16T21:09:13.620+0000] {processor.py:157} INFO - Started process (PID=289) to work on /home/airflow/.local/lib/python3.8/site-packages/airflow/example_dags/example_local_kubernetes_executor.py
[2023-12-16T21:09:13.631+0000] {processor.py:829} INFO - Processing file /home/airflow/.local/lib/python3.8/site-packages/airflow/example_dags/example_local_kubernetes_executor.py for tasks to queue
[2023-12-16T21:09:13.639+0000] {logging_mixin.py:154} INFO - [2023-12-16T21:09:13.638+0000] {dagbag.py:536} INFO - Filling up the DagBag from /home/airflow/.local/lib/python3.8/site-packages/airflow/example_dags/example_local_kubernetes_executor.py
[2023-12-16T21:09:13.656+0000] {processor.py:839} INFO - DAG(s) dict_keys(['example_local_kubernetes_executor']) retrieved from /home/airflow/.local/lib/python3.8/site-packages/airflow/example_dags/example_local_kubernetes_executor.py
[2023-12-16T21:09:13.760+0000] {logging_mixin.py:154} INFO - [2023-12-16T21:09:13.759+0000] {dag.py:2941} INFO - Sync 1 DAGs
[2023-12-16T21:09:13.789+0000] {logging_mixin.py:154} INFO - [2023-12-16T21:09:13.789+0000] {dag.py:3722} INFO - Setting next_dagrun for example_local_kubernetes_executor to None, run_after=None
[2023-12-16T21:09:13.861+0000] {processor.py:179} INFO - Processing /home/airflow/.local/lib/python3.8/site-packages/airflow/example_dags/example_local_kubernetes_executor.py took 0.261 seconds
[2023-12-16T21:09:44.220+0000] {processor.py:157} INFO - Started process (PID=343) to work on /home/airflow/.local/lib/python3.8/site-packages/airflow/example_dags/example_local_kubernetes_executor.py
[2023-12-16T21:09:44.231+0000] {processor.py:829} INFO - Processing file /home/airflow/.local/lib/python3.8/site-packages/airflow/example_dags/example_local_kubernetes_executor.py for tasks to queue
[2023-12-16T21:09:44.239+0000] {logging_mixin.py:154} INFO - [2023-12-16T21:09:44.239+0000] {dagbag.py:536} INFO - Filling up the DagBag from /home/airflow/.local/lib/python3.8/site-packages/airflow/example_dags/example_local_kubernetes_executor.py
[2023-12-16T21:09:44.261+0000] {processor.py:839} INFO - DAG(s) dict_keys(['example_local_kubernetes_executor']) retrieved from /home/airflow/.local/lib/python3.8/site-packages/airflow/example_dags/example_local_kubernetes_executor.py
[2023-12-16T21:09:44.385+0000] {logging_mixin.py:154} INFO - [2023-12-16T21:09:44.384+0000] {dag.py:2941} INFO - Sync 1 DAGs
[2023-12-16T21:09:44.431+0000] {logging_mixin.py:154} INFO - [2023-12-16T21:09:44.431+0000] {dag.py:3722} INFO - Setting next_dagrun for example_local_kubernetes_executor to None, run_after=None
[2023-12-16T21:09:44.506+0000] {processor.py:179} INFO - Processing /home/airflow/.local/lib/python3.8/site-packages/airflow/example_dags/example_local_kubernetes_executor.py took 0.293 seconds
[2023-12-16T21:10:14.767+0000] {processor.py:157} INFO - Started process (PID=397) to work on /home/airflow/.local/lib/python3.8/site-packages/airflow/example_dags/example_local_kubernetes_executor.py
[2023-12-16T21:10:14.770+0000] {processor.py:829} INFO - Processing file /home/airflow/.local/lib/python3.8/site-packages/airflow/example_dags/example_local_kubernetes_executor.py for tasks to queue
[2023-12-16T21:10:14.776+0000] {logging_mixin.py:154} INFO - [2023-12-16T21:10:14.775+0000] {dagbag.py:536} INFO - Filling up the DagBag from /home/airflow/.local/lib/python3.8/site-packages/airflow/example_dags/example_local_kubernetes_executor.py
[2023-12-16T21:10:14.788+0000] {processor.py:839} INFO - DAG(s) dict_keys(['example_local_kubernetes_executor']) retrieved from /home/airflow/.local/lib/python3.8/site-packages/airflow/example_dags/example_local_kubernetes_executor.py
[2023-12-16T21:10:14.856+0000] {logging_mixin.py:154} INFO - [2023-12-16T21:10:14.856+0000] {dag.py:2941} INFO - Sync 1 DAGs
[2023-12-16T21:10:14.879+0000] {logging_mixin.py:154} INFO - [2023-12-16T21:10:14.878+0000] {dag.py:3722} INFO - Setting next_dagrun for example_local_kubernetes_executor to None, run_after=None
[2023-12-16T21:10:14.921+0000] {processor.py:179} INFO - Processing /home/airflow/.local/lib/python3.8/site-packages/airflow/example_dags/example_local_kubernetes_executor.py took 0.164 seconds
[2023-12-16T21:10:45.141+0000] {processor.py:157} INFO - Started process (PID=452) to work on /home/airflow/.local/lib/python3.8/site-packages/airflow/example_dags/example_local_kubernetes_executor.py
[2023-12-16T21:10:45.143+0000] {processor.py:829} INFO - Processing file /home/airflow/.local/lib/python3.8/site-packages/airflow/example_dags/example_local_kubernetes_executor.py for tasks to queue
[2023-12-16T21:10:45.147+0000] {logging_mixin.py:154} INFO - [2023-12-16T21:10:45.147+0000] {dagbag.py:536} INFO - Filling up the DagBag from /home/airflow/.local/lib/python3.8/site-packages/airflow/example_dags/example_local_kubernetes_executor.py
[2023-12-16T21:10:45.159+0000] {processor.py:839} INFO - DAG(s) dict_keys(['example_local_kubernetes_executor']) retrieved from /home/airflow/.local/lib/python3.8/site-packages/airflow/example_dags/example_local_kubernetes_executor.py
[2023-12-16T21:10:45.233+0000] {logging_mixin.py:154} INFO - [2023-12-16T21:10:45.233+0000] {dag.py:2941} INFO - Sync 1 DAGs
[2023-12-16T21:10:45.255+0000] {logging_mixin.py:154} INFO - [2023-12-16T21:10:45.255+0000] {dag.py:3722} INFO - Setting next_dagrun for example_local_kubernetes_executor to None, run_after=None
[2023-12-16T21:10:45.283+0000] {processor.py:179} INFO - Processing /home/airflow/.local/lib/python3.8/site-packages/airflow/example_dags/example_local_kubernetes_executor.py took 0.147 seconds
[2023-12-16T21:11:15.600+0000] {processor.py:157} INFO - Started process (PID=506) to work on /home/airflow/.local/lib/python3.8/site-packages/airflow/example_dags/example_local_kubernetes_executor.py
[2023-12-16T21:11:15.602+0000] {processor.py:829} INFO - Processing file /home/airflow/.local/lib/python3.8/site-packages/airflow/example_dags/example_local_kubernetes_executor.py for tasks to queue
[2023-12-16T21:11:15.607+0000] {logging_mixin.py:154} INFO - [2023-12-16T21:11:15.607+0000] {dagbag.py:536} INFO - Filling up the DagBag from /home/airflow/.local/lib/python3.8/site-packages/airflow/example_dags/example_local_kubernetes_executor.py
[2023-12-16T21:11:15.622+0000] {processor.py:839} INFO - DAG(s) dict_keys(['example_local_kubernetes_executor']) retrieved from /home/airflow/.local/lib/python3.8/site-packages/airflow/example_dags/example_local_kubernetes_executor.py
[2023-12-16T21:11:15.699+0000] {logging_mixin.py:154} INFO - [2023-12-16T21:11:15.698+0000] {dag.py:2941} INFO - Sync 1 DAGs
[2023-12-16T21:11:15.725+0000] {logging_mixin.py:154} INFO - [2023-12-16T21:11:15.725+0000] {dag.py:3722} INFO - Setting next_dagrun for example_local_kubernetes_executor to None, run_after=None
[2023-12-16T21:11:15.766+0000] {processor.py:179} INFO - Processing /home/airflow/.local/lib/python3.8/site-packages/airflow/example_dags/example_local_kubernetes_executor.py took 0.171 seconds
[2023-12-16T21:11:46.344+0000] {processor.py:157} INFO - Started process (PID=560) to work on /home/airflow/.local/lib/python3.8/site-packages/airflow/example_dags/example_local_kubernetes_executor.py
[2023-12-16T21:11:46.346+0000] {processor.py:829} INFO - Processing file /home/airflow/.local/lib/python3.8/site-packages/airflow/example_dags/example_local_kubernetes_executor.py for tasks to queue
[2023-12-16T21:11:46.352+0000] {logging_mixin.py:154} INFO - [2023-12-16T21:11:46.351+0000] {dagbag.py:536} INFO - Filling up the DagBag from /home/airflow/.local/lib/python3.8/site-packages/airflow/example_dags/example_local_kubernetes_executor.py
[2023-12-16T21:11:46.363+0000] {processor.py:839} INFO - DAG(s) dict_keys(['example_local_kubernetes_executor']) retrieved from /home/airflow/.local/lib/python3.8/site-packages/airflow/example_dags/example_local_kubernetes_executor.py
[2023-12-16T21:11:46.435+0000] {logging_mixin.py:154} INFO - [2023-12-16T21:11:46.435+0000] {dag.py:2941} INFO - Sync 1 DAGs
[2023-12-16T21:11:46.467+0000] {logging_mixin.py:154} INFO - [2023-12-16T21:11:46.467+0000] {dag.py:3722} INFO - Setting next_dagrun for example_local_kubernetes_executor to None, run_after=None
[2023-12-16T21:11:46.515+0000] {processor.py:179} INFO - Processing /home/airflow/.local/lib/python3.8/site-packages/airflow/example_dags/example_local_kubernetes_executor.py took 0.178 seconds
[2023-12-16T21:12:16.966+0000] {processor.py:157} INFO - Started process (PID=614) to work on /home/airflow/.local/lib/python3.8/site-packages/airflow/example_dags/example_local_kubernetes_executor.py
[2023-12-16T21:12:16.968+0000] {processor.py:829} INFO - Processing file /home/airflow/.local/lib/python3.8/site-packages/airflow/example_dags/example_local_kubernetes_executor.py for tasks to queue
[2023-12-16T21:12:16.973+0000] {logging_mixin.py:154} INFO - [2023-12-16T21:12:16.972+0000] {dagbag.py:536} INFO - Filling up the DagBag from /home/airflow/.local/lib/python3.8/site-packages/airflow/example_dags/example_local_kubernetes_executor.py
[2023-12-16T21:12:16.993+0000] {processor.py:839} INFO - DAG(s) dict_keys(['example_local_kubernetes_executor']) retrieved from /home/airflow/.local/lib/python3.8/site-packages/airflow/example_dags/example_local_kubernetes_executor.py
[2023-12-16T21:12:17.073+0000] {logging_mixin.py:154} INFO - [2023-12-16T21:12:17.073+0000] {dag.py:2941} INFO - Sync 1 DAGs
[2023-12-16T21:12:17.118+0000] {logging_mixin.py:154} INFO - [2023-12-16T21:12:17.118+0000] {dag.py:3722} INFO - Setting next_dagrun for example_local_kubernetes_executor to None, run_after=None
[2023-12-16T21:12:17.168+0000] {processor.py:179} INFO - Processing /home/airflow/.local/lib/python3.8/site-packages/airflow/example_dags/example_local_kubernetes_executor.py took 0.208 seconds
[2023-12-16T21:12:47.773+0000] {processor.py:157} INFO - Started process (PID=668) to work on /home/airflow/.local/lib/python3.8/site-packages/airflow/example_dags/example_local_kubernetes_executor.py
[2023-12-16T21:12:47.777+0000] {processor.py:829} INFO - Processing file /home/airflow/.local/lib/python3.8/site-packages/airflow/example_dags/example_local_kubernetes_executor.py for tasks to queue
[2023-12-16T21:12:47.789+0000] {logging_mixin.py:154} INFO - [2023-12-16T21:12:47.788+0000] {dagbag.py:536} INFO - Filling up the DagBag from /home/airflow/.local/lib/python3.8/site-packages/airflow/example_dags/example_local_kubernetes_executor.py
[2023-12-16T21:12:47.818+0000] {processor.py:839} INFO - DAG(s) dict_keys(['example_local_kubernetes_executor']) retrieved from /home/airflow/.local/lib/python3.8/site-packages/airflow/example_dags/example_local_kubernetes_executor.py
[2023-12-16T21:12:47.926+0000] {logging_mixin.py:154} INFO - [2023-12-16T21:12:47.925+0000] {dag.py:2941} INFO - Sync 1 DAGs
[2023-12-16T21:12:47.977+0000] {logging_mixin.py:154} INFO - [2023-12-16T21:12:47.977+0000] {dag.py:3722} INFO - Setting next_dagrun for example_local_kubernetes_executor to None, run_after=None
[2023-12-16T21:12:48.073+0000] {processor.py:179} INFO - Processing /home/airflow/.local/lib/python3.8/site-packages/airflow/example_dags/example_local_kubernetes_executor.py took 0.314 seconds
