[2023-12-16T19:22:01.632+0000] {processor.py:157} INFO - Started process (PID=58) to work on /home/airflow/.local/lib/python3.8/site-packages/airflow/example_dags/example_nested_branch_dag.py
[2023-12-16T19:22:01.635+0000] {processor.py:829} INFO - Processing file /home/airflow/.local/lib/python3.8/site-packages/airflow/example_dags/example_nested_branch_dag.py for tasks to queue
[2023-12-16T19:22:01.646+0000] {logging_mixin.py:154} INFO - [2023-12-16T19:22:01.645+0000] {dagbag.py:536} INFO - Filling up the DagBag from /home/airflow/.local/lib/python3.8/site-packages/airflow/example_dags/example_nested_branch_dag.py
[2023-12-16T19:22:01.717+0000] {processor.py:839} INFO - DAG(s) dict_keys(['example_nested_branch_dag']) retrieved from /home/airflow/.local/lib/python3.8/site-packages/airflow/example_dags/example_nested_branch_dag.py
[2023-12-16T19:22:01.922+0000] {logging_mixin.py:154} INFO - [2023-12-16T19:22:01.921+0000] {dag.py:2941} INFO - Sync 1 DAGs
[2023-12-16T19:22:02.157+0000] {logging_mixin.py:154} INFO - [2023-12-16T19:22:02.156+0000] {dag.py:3722} INFO - Setting next_dagrun for example_nested_branch_dag to 2023-12-15T00:00:00+00:00, run_after=2023-12-16T00:00:00+00:00
[2023-12-16T19:22:02.275+0000] {processor.py:179} INFO - Processing /home/airflow/.local/lib/python3.8/site-packages/airflow/example_dags/example_nested_branch_dag.py took 0.679 seconds
[2023-12-16T19:23:22.132+0000] {processor.py:157} INFO - Started process (PID=118) to work on /home/airflow/.local/lib/python3.8/site-packages/airflow/example_dags/example_nested_branch_dag.py
[2023-12-16T19:23:22.139+0000] {processor.py:829} INFO - Processing file /home/airflow/.local/lib/python3.8/site-packages/airflow/example_dags/example_nested_branch_dag.py for tasks to queue
[2023-12-16T19:23:22.152+0000] {logging_mixin.py:154} INFO - [2023-12-16T19:23:22.152+0000] {dagbag.py:536} INFO - Filling up the DagBag from /home/airflow/.local/lib/python3.8/site-packages/airflow/example_dags/example_nested_branch_dag.py
[2023-12-16T19:23:22.217+0000] {processor.py:839} INFO - DAG(s) dict_keys(['example_nested_branch_dag']) retrieved from /home/airflow/.local/lib/python3.8/site-packages/airflow/example_dags/example_nested_branch_dag.py
[2023-12-16T19:23:22.272+0000] {logging_mixin.py:154} INFO - [2023-12-16T19:23:22.272+0000] {dag.py:2941} INFO - Sync 1 DAGs
[2023-12-16T19:23:22.355+0000] {logging_mixin.py:154} INFO - [2023-12-16T19:23:22.355+0000] {dag.py:3722} INFO - Setting next_dagrun for example_nested_branch_dag to 2023-12-15T00:00:00+00:00, run_after=2023-12-16T00:00:00+00:00
[2023-12-16T19:23:22.408+0000] {processor.py:179} INFO - Processing /home/airflow/.local/lib/python3.8/site-packages/airflow/example_dags/example_nested_branch_dag.py took 0.283 seconds
[2023-12-16T19:23:52.616+0000] {processor.py:157} INFO - Started process (PID=170) to work on /home/airflow/.local/lib/python3.8/site-packages/airflow/example_dags/example_nested_branch_dag.py
[2023-12-16T19:23:52.633+0000] {processor.py:829} INFO - Processing file /home/airflow/.local/lib/python3.8/site-packages/airflow/example_dags/example_nested_branch_dag.py for tasks to queue
[2023-12-16T19:23:52.645+0000] {logging_mixin.py:154} INFO - [2023-12-16T19:23:52.644+0000] {dagbag.py:536} INFO - Filling up the DagBag from /home/airflow/.local/lib/python3.8/site-packages/airflow/example_dags/example_nested_branch_dag.py
[2023-12-16T19:23:52.685+0000] {processor.py:839} INFO - DAG(s) dict_keys(['example_nested_branch_dag']) retrieved from /home/airflow/.local/lib/python3.8/site-packages/airflow/example_dags/example_nested_branch_dag.py
[2023-12-16T19:23:52.749+0000] {logging_mixin.py:154} INFO - [2023-12-16T19:23:52.748+0000] {dag.py:2941} INFO - Sync 1 DAGs
[2023-12-16T19:23:52.812+0000] {logging_mixin.py:154} INFO - [2023-12-16T19:23:52.812+0000] {dag.py:3722} INFO - Setting next_dagrun for example_nested_branch_dag to 2023-12-15T00:00:00+00:00, run_after=2023-12-16T00:00:00+00:00
[2023-12-16T19:23:52.853+0000] {processor.py:179} INFO - Processing /home/airflow/.local/lib/python3.8/site-packages/airflow/example_dags/example_nested_branch_dag.py took 0.246 seconds
[2023-12-16T19:35:49.023+0000] {processor.py:157} INFO - Started process (PID=65) to work on /home/airflow/.local/lib/python3.8/site-packages/airflow/example_dags/example_nested_branch_dag.py
[2023-12-16T19:35:49.043+0000] {processor.py:829} INFO - Processing file /home/airflow/.local/lib/python3.8/site-packages/airflow/example_dags/example_nested_branch_dag.py for tasks to queue
[2023-12-16T19:35:49.097+0000] {logging_mixin.py:154} INFO - [2023-12-16T19:35:49.096+0000] {dagbag.py:536} INFO - Filling up the DagBag from /home/airflow/.local/lib/python3.8/site-packages/airflow/example_dags/example_nested_branch_dag.py
[2023-12-16T19:35:49.391+0000] {processor.py:839} INFO - DAG(s) dict_keys(['example_nested_branch_dag']) retrieved from /home/airflow/.local/lib/python3.8/site-packages/airflow/example_dags/example_nested_branch_dag.py
[2023-12-16T19:35:49.586+0000] {logging_mixin.py:154} INFO - [2023-12-16T19:35:49.585+0000] {dag.py:2941} INFO - Sync 1 DAGs
[2023-12-16T19:35:49.653+0000] {logging_mixin.py:154} INFO - [2023-12-16T19:35:49.653+0000] {dag.py:3722} INFO - Setting next_dagrun for example_nested_branch_dag to 2023-12-15T00:00:00+00:00, run_after=2023-12-16T00:00:00+00:00
[2023-12-16T19:35:49.791+0000] {processor.py:179} INFO - Processing /home/airflow/.local/lib/python3.8/site-packages/airflow/example_dags/example_nested_branch_dag.py took 0.795 seconds
[2023-12-16T19:36:39.093+0000] {processor.py:157} INFO - Started process (PID=118) to work on /home/airflow/.local/lib/python3.8/site-packages/airflow/example_dags/example_nested_branch_dag.py
[2023-12-16T19:36:39.097+0000] {processor.py:829} INFO - Processing file /home/airflow/.local/lib/python3.8/site-packages/airflow/example_dags/example_nested_branch_dag.py for tasks to queue
[2023-12-16T19:36:39.113+0000] {logging_mixin.py:154} INFO - [2023-12-16T19:36:39.112+0000] {dagbag.py:536} INFO - Filling up the DagBag from /home/airflow/.local/lib/python3.8/site-packages/airflow/example_dags/example_nested_branch_dag.py
[2023-12-16T19:36:39.253+0000] {processor.py:839} INFO - DAG(s) dict_keys(['example_nested_branch_dag']) retrieved from /home/airflow/.local/lib/python3.8/site-packages/airflow/example_dags/example_nested_branch_dag.py
[2023-12-16T19:36:39.550+0000] {logging_mixin.py:154} INFO - [2023-12-16T19:36:39.550+0000] {dag.py:2941} INFO - Sync 1 DAGs
[2023-12-16T19:36:41.237+0000] {logging_mixin.py:154} INFO - [2023-12-16T19:36:41.236+0000] {dag.py:3722} INFO - Setting next_dagrun for example_nested_branch_dag to 2023-12-15T00:00:00+00:00, run_after=2023-12-16T00:00:00+00:00
[2023-12-16T19:36:41.635+0000] {processor.py:179} INFO - Processing /home/airflow/.local/lib/python3.8/site-packages/airflow/example_dags/example_nested_branch_dag.py took 2.569 seconds
[2023-12-16T19:37:12.337+0000] {processor.py:157} INFO - Started process (PID=179) to work on /home/airflow/.local/lib/python3.8/site-packages/airflow/example_dags/example_nested_branch_dag.py
[2023-12-16T19:37:12.343+0000] {processor.py:829} INFO - Processing file /home/airflow/.local/lib/python3.8/site-packages/airflow/example_dags/example_nested_branch_dag.py for tasks to queue
[2023-12-16T19:37:12.350+0000] {logging_mixin.py:154} INFO - [2023-12-16T19:37:12.349+0000] {dagbag.py:536} INFO - Filling up the DagBag from /home/airflow/.local/lib/python3.8/site-packages/airflow/example_dags/example_nested_branch_dag.py
[2023-12-16T19:37:12.423+0000] {processor.py:839} INFO - DAG(s) dict_keys(['example_nested_branch_dag']) retrieved from /home/airflow/.local/lib/python3.8/site-packages/airflow/example_dags/example_nested_branch_dag.py
[2023-12-16T19:37:12.524+0000] {logging_mixin.py:154} INFO - [2023-12-16T19:37:12.523+0000] {dag.py:2941} INFO - Sync 1 DAGs
[2023-12-16T19:37:12.800+0000] {logging_mixin.py:154} INFO - [2023-12-16T19:37:12.799+0000] {dag.py:3722} INFO - Setting next_dagrun for example_nested_branch_dag to 2023-12-15T00:00:00+00:00, run_after=2023-12-16T00:00:00+00:00
[2023-12-16T19:37:12.930+0000] {processor.py:179} INFO - Processing /home/airflow/.local/lib/python3.8/site-packages/airflow/example_dags/example_nested_branch_dag.py took 0.619 seconds
[2023-12-16T19:38:18.275+0000] {processor.py:157} INFO - Started process (PID=237) to work on /home/airflow/.local/lib/python3.8/site-packages/airflow/example_dags/example_nested_branch_dag.py
[2023-12-16T19:38:18.281+0000] {processor.py:829} INFO - Processing file /home/airflow/.local/lib/python3.8/site-packages/airflow/example_dags/example_nested_branch_dag.py for tasks to queue
[2023-12-16T19:38:18.293+0000] {logging_mixin.py:154} INFO - [2023-12-16T19:38:18.292+0000] {dagbag.py:536} INFO - Filling up the DagBag from /home/airflow/.local/lib/python3.8/site-packages/airflow/example_dags/example_nested_branch_dag.py
[2023-12-16T19:38:18.452+0000] {processor.py:839} INFO - DAG(s) dict_keys(['example_nested_branch_dag']) retrieved from /home/airflow/.local/lib/python3.8/site-packages/airflow/example_dags/example_nested_branch_dag.py
[2023-12-16T19:38:19.283+0000] {logging_mixin.py:154} INFO - [2023-12-16T19:38:19.282+0000] {dag.py:2941} INFO - Sync 1 DAGs
[2023-12-16T19:38:19.938+0000] {logging_mixin.py:154} INFO - [2023-12-16T19:38:19.937+0000] {dag.py:3722} INFO - Setting next_dagrun for example_nested_branch_dag to 2023-12-15T00:00:00+00:00, run_after=2023-12-16T00:00:00+00:00
[2023-12-16T19:38:20.514+0000] {processor.py:179} INFO - Processing /home/airflow/.local/lib/python3.8/site-packages/airflow/example_dags/example_nested_branch_dag.py took 2.266 seconds
[2023-12-16T19:43:41.080+0000] {processor.py:157} INFO - Started process (PID=65) to work on /home/airflow/.local/lib/python3.8/site-packages/airflow/example_dags/example_nested_branch_dag.py
[2023-12-16T19:43:41.125+0000] {processor.py:829} INFO - Processing file /home/airflow/.local/lib/python3.8/site-packages/airflow/example_dags/example_nested_branch_dag.py for tasks to queue
[2023-12-16T19:43:41.143+0000] {logging_mixin.py:154} INFO - [2023-12-16T19:43:41.142+0000] {dagbag.py:536} INFO - Filling up the DagBag from /home/airflow/.local/lib/python3.8/site-packages/airflow/example_dags/example_nested_branch_dag.py
[2023-12-16T19:43:41.372+0000] {processor.py:839} INFO - DAG(s) dict_keys(['example_nested_branch_dag']) retrieved from /home/airflow/.local/lib/python3.8/site-packages/airflow/example_dags/example_nested_branch_dag.py
[2023-12-16T19:43:41.725+0000] {logging_mixin.py:154} INFO - [2023-12-16T19:43:41.725+0000] {dag.py:2941} INFO - Sync 1 DAGs
[2023-12-16T19:43:42.017+0000] {logging_mixin.py:154} INFO - [2023-12-16T19:43:42.016+0000] {dag.py:3722} INFO - Setting next_dagrun for example_nested_branch_dag to 2023-12-15T00:00:00+00:00, run_after=2023-12-16T00:00:00+00:00
[2023-12-16T19:43:42.183+0000] {processor.py:179} INFO - Processing /home/airflow/.local/lib/python3.8/site-packages/airflow/example_dags/example_nested_branch_dag.py took 1.185 seconds
[2023-12-16T19:44:28.481+0000] {processor.py:157} INFO - Started process (PID=118) to work on /home/airflow/.local/lib/python3.8/site-packages/airflow/example_dags/example_nested_branch_dag.py
[2023-12-16T19:44:28.544+0000] {processor.py:829} INFO - Processing file /home/airflow/.local/lib/python3.8/site-packages/airflow/example_dags/example_nested_branch_dag.py for tasks to queue
[2023-12-16T19:44:28.547+0000] {logging_mixin.py:154} INFO - [2023-12-16T19:44:28.546+0000] {dagbag.py:536} INFO - Filling up the DagBag from /home/airflow/.local/lib/python3.8/site-packages/airflow/example_dags/example_nested_branch_dag.py
[2023-12-16T19:44:28.752+0000] {processor.py:839} INFO - DAG(s) dict_keys(['example_nested_branch_dag']) retrieved from /home/airflow/.local/lib/python3.8/site-packages/airflow/example_dags/example_nested_branch_dag.py
[2023-12-16T19:44:29.113+0000] {logging_mixin.py:154} INFO - [2023-12-16T19:44:29.112+0000] {dag.py:2941} INFO - Sync 1 DAGs
[2023-12-16T19:44:29.495+0000] {logging_mixin.py:154} INFO - [2023-12-16T19:44:29.412+0000] {dag.py:3722} INFO - Setting next_dagrun for example_nested_branch_dag to 2023-12-15T00:00:00+00:00, run_after=2023-12-16T00:00:00+00:00
[2023-12-16T19:44:29.863+0000] {processor.py:179} INFO - Processing /home/airflow/.local/lib/python3.8/site-packages/airflow/example_dags/example_nested_branch_dag.py took 1.425 seconds
[2023-12-16T19:45:00.215+0000] {processor.py:157} INFO - Started process (PID=171) to work on /home/airflow/.local/lib/python3.8/site-packages/airflow/example_dags/example_nested_branch_dag.py
[2023-12-16T19:45:00.283+0000] {processor.py:829} INFO - Processing file /home/airflow/.local/lib/python3.8/site-packages/airflow/example_dags/example_nested_branch_dag.py for tasks to queue
[2023-12-16T19:45:00.293+0000] {logging_mixin.py:154} INFO - [2023-12-16T19:45:00.292+0000] {dagbag.py:536} INFO - Filling up the DagBag from /home/airflow/.local/lib/python3.8/site-packages/airflow/example_dags/example_nested_branch_dag.py
[2023-12-16T19:45:00.550+0000] {processor.py:839} INFO - DAG(s) dict_keys(['example_nested_branch_dag']) retrieved from /home/airflow/.local/lib/python3.8/site-packages/airflow/example_dags/example_nested_branch_dag.py
[2023-12-16T19:45:00.885+0000] {logging_mixin.py:154} INFO - [2023-12-16T19:45:00.884+0000] {dag.py:2941} INFO - Sync 1 DAGs
[2023-12-16T19:45:01.290+0000] {logging_mixin.py:154} INFO - [2023-12-16T19:45:01.289+0000] {dag.py:3722} INFO - Setting next_dagrun for example_nested_branch_dag to 2023-12-15T00:00:00+00:00, run_after=2023-12-16T00:00:00+00:00
[2023-12-16T19:45:01.477+0000] {processor.py:179} INFO - Processing /home/airflow/.local/lib/python3.8/site-packages/airflow/example_dags/example_nested_branch_dag.py took 1.292 seconds
[2023-12-16T19:45:36.350+0000] {processor.py:157} INFO - Started process (PID=223) to work on /home/airflow/.local/lib/python3.8/site-packages/airflow/example_dags/example_nested_branch_dag.py
[2023-12-16T19:45:36.352+0000] {processor.py:829} INFO - Processing file /home/airflow/.local/lib/python3.8/site-packages/airflow/example_dags/example_nested_branch_dag.py for tasks to queue
[2023-12-16T19:45:36.355+0000] {logging_mixin.py:154} INFO - [2023-12-16T19:45:36.354+0000] {dagbag.py:536} INFO - Filling up the DagBag from /home/airflow/.local/lib/python3.8/site-packages/airflow/example_dags/example_nested_branch_dag.py
[2023-12-16T19:45:36.388+0000] {processor.py:839} INFO - DAG(s) dict_keys(['example_nested_branch_dag']) retrieved from /home/airflow/.local/lib/python3.8/site-packages/airflow/example_dags/example_nested_branch_dag.py
[2023-12-16T19:45:36.494+0000] {logging_mixin.py:154} INFO - [2023-12-16T19:45:36.492+0000] {dag.py:2941} INFO - Sync 1 DAGs
[2023-12-16T19:45:36.594+0000] {logging_mixin.py:154} INFO - [2023-12-16T19:45:36.594+0000] {dag.py:3722} INFO - Setting next_dagrun for example_nested_branch_dag to 2023-12-15T00:00:00+00:00, run_after=2023-12-16T00:00:00+00:00
[2023-12-16T19:45:36.672+0000] {processor.py:179} INFO - Processing /home/airflow/.local/lib/python3.8/site-packages/airflow/example_dags/example_nested_branch_dag.py took 0.332 seconds
[2023-12-16T20:04:41.602+0000] {processor.py:157} INFO - Started process (PID=127) to work on /home/airflow/.local/lib/python3.8/site-packages/airflow/example_dags/example_nested_branch_dag.py
[2023-12-16T20:04:41.605+0000] {processor.py:829} INFO - Processing file /home/airflow/.local/lib/python3.8/site-packages/airflow/example_dags/example_nested_branch_dag.py for tasks to queue
[2023-12-16T20:04:41.621+0000] {logging_mixin.py:154} INFO - [2023-12-16T20:04:41.618+0000] {dagbag.py:536} INFO - Filling up the DagBag from /home/airflow/.local/lib/python3.8/site-packages/airflow/example_dags/example_nested_branch_dag.py
[2023-12-16T20:04:41.674+0000] {processor.py:839} INFO - DAG(s) dict_keys(['example_nested_branch_dag']) retrieved from /home/airflow/.local/lib/python3.8/site-packages/airflow/example_dags/example_nested_branch_dag.py
[2023-12-16T20:04:41.770+0000] {logging_mixin.py:154} INFO - [2023-12-16T20:04:41.769+0000] {dag.py:2941} INFO - Sync 1 DAGs
[2023-12-16T20:04:41.932+0000] {logging_mixin.py:154} INFO - [2023-12-16T20:04:41.931+0000] {dag.py:3722} INFO - Setting next_dagrun for example_nested_branch_dag to 2023-12-15T00:00:00+00:00, run_after=2023-12-16T00:00:00+00:00
[2023-12-16T20:04:42.044+0000] {processor.py:179} INFO - Processing /home/airflow/.local/lib/python3.8/site-packages/airflow/example_dags/example_nested_branch_dag.py took 0.455 seconds
[2023-12-16T20:05:14.909+0000] {processor.py:157} INFO - Started process (PID=196) to work on /home/airflow/.local/lib/python3.8/site-packages/airflow/example_dags/example_nested_branch_dag.py
[2023-12-16T20:05:14.911+0000] {processor.py:829} INFO - Processing file /home/airflow/.local/lib/python3.8/site-packages/airflow/example_dags/example_nested_branch_dag.py for tasks to queue
[2023-12-16T20:05:14.919+0000] {logging_mixin.py:154} INFO - [2023-12-16T20:05:14.919+0000] {dagbag.py:536} INFO - Filling up the DagBag from /home/airflow/.local/lib/python3.8/site-packages/airflow/example_dags/example_nested_branch_dag.py
[2023-12-16T20:05:15.002+0000] {processor.py:839} INFO - DAG(s) dict_keys(['example_nested_branch_dag']) retrieved from /home/airflow/.local/lib/python3.8/site-packages/airflow/example_dags/example_nested_branch_dag.py
[2023-12-16T20:05:15.119+0000] {logging_mixin.py:154} INFO - [2023-12-16T20:05:15.117+0000] {dag.py:2941} INFO - Sync 1 DAGs
[2023-12-16T20:05:15.270+0000] {logging_mixin.py:154} INFO - [2023-12-16T20:05:15.270+0000] {dag.py:3722} INFO - Setting next_dagrun for example_nested_branch_dag to 2023-12-15T00:00:00+00:00, run_after=2023-12-16T00:00:00+00:00
[2023-12-16T20:05:16.546+0000] {processor.py:179} INFO - Processing /home/airflow/.local/lib/python3.8/site-packages/airflow/example_dags/example_nested_branch_dag.py took 1.645 seconds
[2023-12-16T20:05:46.945+0000] {processor.py:157} INFO - Started process (PID=264) to work on /home/airflow/.local/lib/python3.8/site-packages/airflow/example_dags/example_nested_branch_dag.py
[2023-12-16T20:05:46.947+0000] {processor.py:829} INFO - Processing file /home/airflow/.local/lib/python3.8/site-packages/airflow/example_dags/example_nested_branch_dag.py for tasks to queue
[2023-12-16T20:05:46.956+0000] {logging_mixin.py:154} INFO - [2023-12-16T20:05:46.955+0000] {dagbag.py:536} INFO - Filling up the DagBag from /home/airflow/.local/lib/python3.8/site-packages/airflow/example_dags/example_nested_branch_dag.py
[2023-12-16T20:05:46.992+0000] {processor.py:839} INFO - DAG(s) dict_keys(['example_nested_branch_dag']) retrieved from /home/airflow/.local/lib/python3.8/site-packages/airflow/example_dags/example_nested_branch_dag.py
[2023-12-16T20:05:47.109+0000] {logging_mixin.py:154} INFO - [2023-12-16T20:05:47.108+0000] {dag.py:2941} INFO - Sync 1 DAGs
[2023-12-16T20:05:47.212+0000] {logging_mixin.py:154} INFO - [2023-12-16T20:05:47.212+0000] {dag.py:3722} INFO - Setting next_dagrun for example_nested_branch_dag to 2023-12-15T00:00:00+00:00, run_after=2023-12-16T00:00:00+00:00
[2023-12-16T20:05:47.281+0000] {processor.py:179} INFO - Processing /home/airflow/.local/lib/python3.8/site-packages/airflow/example_dags/example_nested_branch_dag.py took 0.344 seconds
[2023-12-16T20:20:41.062+0000] {processor.py:157} INFO - Started process (PID=59) to work on /home/airflow/.local/lib/python3.8/site-packages/airflow/example_dags/example_nested_branch_dag.py
[2023-12-16T20:20:41.069+0000] {processor.py:829} INFO - Processing file /home/airflow/.local/lib/python3.8/site-packages/airflow/example_dags/example_nested_branch_dag.py for tasks to queue
[2023-12-16T20:20:41.094+0000] {logging_mixin.py:154} INFO - [2023-12-16T20:20:41.093+0000] {dagbag.py:536} INFO - Filling up the DagBag from /home/airflow/.local/lib/python3.8/site-packages/airflow/example_dags/example_nested_branch_dag.py
[2023-12-16T20:20:41.176+0000] {processor.py:839} INFO - DAG(s) dict_keys(['example_nested_branch_dag']) retrieved from /home/airflow/.local/lib/python3.8/site-packages/airflow/example_dags/example_nested_branch_dag.py
[2023-12-16T20:20:41.269+0000] {logging_mixin.py:154} INFO - [2023-12-16T20:20:41.268+0000] {dag.py:2941} INFO - Sync 1 DAGs
[2023-12-16T20:20:41.629+0000] {logging_mixin.py:154} INFO - [2023-12-16T20:20:41.628+0000] {dag.py:3722} INFO - Setting next_dagrun for example_nested_branch_dag to 2023-12-15T00:00:00+00:00, run_after=2023-12-16T00:00:00+00:00
[2023-12-16T20:20:41.731+0000] {processor.py:179} INFO - Processing /home/airflow/.local/lib/python3.8/site-packages/airflow/example_dags/example_nested_branch_dag.py took 0.691 seconds
[2023-12-16T20:21:17.503+0000] {processor.py:157} INFO - Started process (PID=112) to work on /home/airflow/.local/lib/python3.8/site-packages/airflow/example_dags/example_nested_branch_dag.py
[2023-12-16T20:21:17.507+0000] {processor.py:829} INFO - Processing file /home/airflow/.local/lib/python3.8/site-packages/airflow/example_dags/example_nested_branch_dag.py for tasks to queue
[2023-12-16T20:21:17.522+0000] {logging_mixin.py:154} INFO - [2023-12-16T20:21:17.521+0000] {dagbag.py:536} INFO - Filling up the DagBag from /home/airflow/.local/lib/python3.8/site-packages/airflow/example_dags/example_nested_branch_dag.py
[2023-12-16T20:21:17.588+0000] {processor.py:839} INFO - DAG(s) dict_keys(['example_nested_branch_dag']) retrieved from /home/airflow/.local/lib/python3.8/site-packages/airflow/example_dags/example_nested_branch_dag.py
[2023-12-16T20:21:17.738+0000] {logging_mixin.py:154} INFO - [2023-12-16T20:21:17.738+0000] {dag.py:2941} INFO - Sync 1 DAGs
[2023-12-16T20:21:17.860+0000] {logging_mixin.py:154} INFO - [2023-12-16T20:21:17.860+0000] {dag.py:3722} INFO - Setting next_dagrun for example_nested_branch_dag to 2023-12-15T00:00:00+00:00, run_after=2023-12-16T00:00:00+00:00
[2023-12-16T20:21:17.974+0000] {processor.py:179} INFO - Processing /home/airflow/.local/lib/python3.8/site-packages/airflow/example_dags/example_nested_branch_dag.py took 0.492 seconds
[2023-12-16T20:31:22.546+0000] {processor.py:157} INFO - Started process (PID=60) to work on /home/airflow/.local/lib/python3.8/site-packages/airflow/example_dags/example_nested_branch_dag.py
[2023-12-16T20:31:22.602+0000] {processor.py:829} INFO - Processing file /home/airflow/.local/lib/python3.8/site-packages/airflow/example_dags/example_nested_branch_dag.py for tasks to queue
[2023-12-16T20:31:22.616+0000] {logging_mixin.py:154} INFO - [2023-12-16T20:31:22.615+0000] {dagbag.py:536} INFO - Filling up the DagBag from /home/airflow/.local/lib/python3.8/site-packages/airflow/example_dags/example_nested_branch_dag.py
[2023-12-16T20:31:22.844+0000] {processor.py:839} INFO - DAG(s) dict_keys(['example_nested_branch_dag']) retrieved from /home/airflow/.local/lib/python3.8/site-packages/airflow/example_dags/example_nested_branch_dag.py
[2023-12-16T20:31:23.110+0000] {logging_mixin.py:154} INFO - [2023-12-16T20:31:23.109+0000] {dag.py:2941} INFO - Sync 1 DAGs
[2023-12-16T20:31:23.420+0000] {logging_mixin.py:154} INFO - [2023-12-16T20:31:23.420+0000] {dag.py:3722} INFO - Setting next_dagrun for example_nested_branch_dag to 2023-12-15T00:00:00+00:00, run_after=2023-12-16T00:00:00+00:00
[2023-12-16T20:31:23.638+0000] {processor.py:179} INFO - Processing /home/airflow/.local/lib/python3.8/site-packages/airflow/example_dags/example_nested_branch_dag.py took 1.099 seconds
[2023-12-16T20:31:54.444+0000] {processor.py:157} INFO - Started process (PID=114) to work on /home/airflow/.local/lib/python3.8/site-packages/airflow/example_dags/example_nested_branch_dag.py
[2023-12-16T20:31:54.451+0000] {processor.py:829} INFO - Processing file /home/airflow/.local/lib/python3.8/site-packages/airflow/example_dags/example_nested_branch_dag.py for tasks to queue
[2023-12-16T20:31:54.463+0000] {logging_mixin.py:154} INFO - [2023-12-16T20:31:54.463+0000] {dagbag.py:536} INFO - Filling up the DagBag from /home/airflow/.local/lib/python3.8/site-packages/airflow/example_dags/example_nested_branch_dag.py
[2023-12-16T20:31:54.564+0000] {processor.py:839} INFO - DAG(s) dict_keys(['example_nested_branch_dag']) retrieved from /home/airflow/.local/lib/python3.8/site-packages/airflow/example_dags/example_nested_branch_dag.py
[2023-12-16T20:31:54.861+0000] {logging_mixin.py:154} INFO - [2023-12-16T20:31:54.860+0000] {dag.py:2941} INFO - Sync 1 DAGs
[2023-12-16T20:31:55.069+0000] {logging_mixin.py:154} INFO - [2023-12-16T20:31:55.069+0000] {dag.py:3722} INFO - Setting next_dagrun for example_nested_branch_dag to 2023-12-15T00:00:00+00:00, run_after=2023-12-16T00:00:00+00:00
[2023-12-16T20:31:55.249+0000] {processor.py:179} INFO - Processing /home/airflow/.local/lib/python3.8/site-packages/airflow/example_dags/example_nested_branch_dag.py took 0.831 seconds
[2023-12-16T20:32:25.456+0000] {processor.py:157} INFO - Started process (PID=167) to work on /home/airflow/.local/lib/python3.8/site-packages/airflow/example_dags/example_nested_branch_dag.py
[2023-12-16T20:32:25.458+0000] {processor.py:829} INFO - Processing file /home/airflow/.local/lib/python3.8/site-packages/airflow/example_dags/example_nested_branch_dag.py for tasks to queue
[2023-12-16T20:32:25.464+0000] {logging_mixin.py:154} INFO - [2023-12-16T20:32:25.463+0000] {dagbag.py:536} INFO - Filling up the DagBag from /home/airflow/.local/lib/python3.8/site-packages/airflow/example_dags/example_nested_branch_dag.py
[2023-12-16T20:32:25.491+0000] {processor.py:839} INFO - DAG(s) dict_keys(['example_nested_branch_dag']) retrieved from /home/airflow/.local/lib/python3.8/site-packages/airflow/example_dags/example_nested_branch_dag.py
[2023-12-16T20:32:25.548+0000] {logging_mixin.py:154} INFO - [2023-12-16T20:32:25.548+0000] {dag.py:2941} INFO - Sync 1 DAGs
[2023-12-16T20:32:25.622+0000] {logging_mixin.py:154} INFO - [2023-12-16T20:32:25.622+0000] {dag.py:3722} INFO - Setting next_dagrun for example_nested_branch_dag to 2023-12-15T00:00:00+00:00, run_after=2023-12-16T00:00:00+00:00
[2023-12-16T20:32:25.693+0000] {processor.py:179} INFO - Processing /home/airflow/.local/lib/python3.8/site-packages/airflow/example_dags/example_nested_branch_dag.py took 0.244 seconds
[2023-12-16T20:34:29.052+0000] {processor.py:157} INFO - Started process (PID=58) to work on /home/airflow/.local/lib/python3.8/site-packages/airflow/example_dags/example_nested_branch_dag.py
[2023-12-16T20:34:29.057+0000] {processor.py:829} INFO - Processing file /home/airflow/.local/lib/python3.8/site-packages/airflow/example_dags/example_nested_branch_dag.py for tasks to queue
[2023-12-16T20:34:29.074+0000] {logging_mixin.py:154} INFO - [2023-12-16T20:34:29.073+0000] {dagbag.py:536} INFO - Filling up the DagBag from /home/airflow/.local/lib/python3.8/site-packages/airflow/example_dags/example_nested_branch_dag.py
[2023-12-16T20:34:29.124+0000] {processor.py:839} INFO - DAG(s) dict_keys(['example_nested_branch_dag']) retrieved from /home/airflow/.local/lib/python3.8/site-packages/airflow/example_dags/example_nested_branch_dag.py
[2023-12-16T20:34:29.256+0000] {logging_mixin.py:154} INFO - [2023-12-16T20:34:29.256+0000] {dag.py:2941} INFO - Sync 1 DAGs
[2023-12-16T20:34:29.413+0000] {logging_mixin.py:154} INFO - [2023-12-16T20:34:29.412+0000] {dag.py:3722} INFO - Setting next_dagrun for example_nested_branch_dag to 2023-12-15T00:00:00+00:00, run_after=2023-12-16T00:00:00+00:00
[2023-12-16T20:34:29.519+0000] {processor.py:179} INFO - Processing /home/airflow/.local/lib/python3.8/site-packages/airflow/example_dags/example_nested_branch_dag.py took 0.478 seconds
[2023-12-16T20:34:59.841+0000] {processor.py:157} INFO - Started process (PID=111) to work on /home/airflow/.local/lib/python3.8/site-packages/airflow/example_dags/example_nested_branch_dag.py
[2023-12-16T20:34:59.850+0000] {processor.py:829} INFO - Processing file /home/airflow/.local/lib/python3.8/site-packages/airflow/example_dags/example_nested_branch_dag.py for tasks to queue
[2023-12-16T20:34:59.861+0000] {logging_mixin.py:154} INFO - [2023-12-16T20:34:59.860+0000] {dagbag.py:536} INFO - Filling up the DagBag from /home/airflow/.local/lib/python3.8/site-packages/airflow/example_dags/example_nested_branch_dag.py
[2023-12-16T20:34:59.898+0000] {processor.py:839} INFO - DAG(s) dict_keys(['example_nested_branch_dag']) retrieved from /home/airflow/.local/lib/python3.8/site-packages/airflow/example_dags/example_nested_branch_dag.py
[2023-12-16T20:34:59.953+0000] {logging_mixin.py:154} INFO - [2023-12-16T20:34:59.952+0000] {dag.py:2941} INFO - Sync 1 DAGs
[2023-12-16T20:35:00.028+0000] {logging_mixin.py:154} INFO - [2023-12-16T20:35:00.027+0000] {dag.py:3722} INFO - Setting next_dagrun for example_nested_branch_dag to 2023-12-15T00:00:00+00:00, run_after=2023-12-16T00:00:00+00:00
[2023-12-16T20:35:00.089+0000] {processor.py:179} INFO - Processing /home/airflow/.local/lib/python3.8/site-packages/airflow/example_dags/example_nested_branch_dag.py took 0.257 seconds
[2023-12-16T21:00:56.989+0000] {processor.py:157} INFO - Started process (PID=59) to work on /home/airflow/.local/lib/python3.8/site-packages/airflow/example_dags/example_nested_branch_dag.py
[2023-12-16T21:00:57.014+0000] {processor.py:829} INFO - Processing file /home/airflow/.local/lib/python3.8/site-packages/airflow/example_dags/example_nested_branch_dag.py for tasks to queue
[2023-12-16T21:00:57.019+0000] {logging_mixin.py:154} INFO - [2023-12-16T21:00:57.018+0000] {dagbag.py:536} INFO - Filling up the DagBag from /home/airflow/.local/lib/python3.8/site-packages/airflow/example_dags/example_nested_branch_dag.py
[2023-12-16T21:00:57.194+0000] {processor.py:839} INFO - DAG(s) dict_keys(['example_nested_branch_dag']) retrieved from /home/airflow/.local/lib/python3.8/site-packages/airflow/example_dags/example_nested_branch_dag.py
[2023-12-16T21:00:57.452+0000] {logging_mixin.py:154} INFO - [2023-12-16T21:00:57.452+0000] {dag.py:2941} INFO - Sync 1 DAGs
[2023-12-16T21:00:58.987+0000] {logging_mixin.py:154} INFO - [2023-12-16T21:00:58.987+0000] {dag.py:3722} INFO - Setting next_dagrun for example_nested_branch_dag to 2023-12-15T00:00:00+00:00, run_after=2023-12-16T00:00:00+00:00
[2023-12-16T21:00:59.361+0000] {processor.py:179} INFO - Processing /home/airflow/.local/lib/python3.8/site-packages/airflow/example_dags/example_nested_branch_dag.py took 2.421 seconds
[2023-12-16T21:01:30.029+0000] {processor.py:157} INFO - Started process (PID=113) to work on /home/airflow/.local/lib/python3.8/site-packages/airflow/example_dags/example_nested_branch_dag.py
[2023-12-16T21:01:30.031+0000] {processor.py:829} INFO - Processing file /home/airflow/.local/lib/python3.8/site-packages/airflow/example_dags/example_nested_branch_dag.py for tasks to queue
[2023-12-16T21:01:30.037+0000] {logging_mixin.py:154} INFO - [2023-12-16T21:01:30.036+0000] {dagbag.py:536} INFO - Filling up the DagBag from /home/airflow/.local/lib/python3.8/site-packages/airflow/example_dags/example_nested_branch_dag.py
[2023-12-16T21:01:30.063+0000] {processor.py:839} INFO - DAG(s) dict_keys(['example_nested_branch_dag']) retrieved from /home/airflow/.local/lib/python3.8/site-packages/airflow/example_dags/example_nested_branch_dag.py
[2023-12-16T21:01:30.152+0000] {logging_mixin.py:154} INFO - [2023-12-16T21:01:30.151+0000] {dag.py:2941} INFO - Sync 1 DAGs
[2023-12-16T21:01:30.224+0000] {logging_mixin.py:154} INFO - [2023-12-16T21:01:30.223+0000] {dag.py:3722} INFO - Setting next_dagrun for example_nested_branch_dag to 2023-12-15T00:00:00+00:00, run_after=2023-12-16T00:00:00+00:00
[2023-12-16T21:01:30.322+0000] {processor.py:179} INFO - Processing /home/airflow/.local/lib/python3.8/site-packages/airflow/example_dags/example_nested_branch_dag.py took 0.307 seconds
[2023-12-16T21:02:00.605+0000] {processor.py:157} INFO - Started process (PID=167) to work on /home/airflow/.local/lib/python3.8/site-packages/airflow/example_dags/example_nested_branch_dag.py
[2023-12-16T21:02:00.607+0000] {processor.py:829} INFO - Processing file /home/airflow/.local/lib/python3.8/site-packages/airflow/example_dags/example_nested_branch_dag.py for tasks to queue
[2023-12-16T21:02:00.611+0000] {logging_mixin.py:154} INFO - [2023-12-16T21:02:00.611+0000] {dagbag.py:536} INFO - Filling up the DagBag from /home/airflow/.local/lib/python3.8/site-packages/airflow/example_dags/example_nested_branch_dag.py
[2023-12-16T21:02:00.631+0000] {processor.py:839} INFO - DAG(s) dict_keys(['example_nested_branch_dag']) retrieved from /home/airflow/.local/lib/python3.8/site-packages/airflow/example_dags/example_nested_branch_dag.py
[2023-12-16T21:02:00.677+0000] {logging_mixin.py:154} INFO - [2023-12-16T21:02:00.676+0000] {dag.py:2941} INFO - Sync 1 DAGs
[2023-12-16T21:02:00.739+0000] {logging_mixin.py:154} INFO - [2023-12-16T21:02:00.739+0000] {dag.py:3722} INFO - Setting next_dagrun for example_nested_branch_dag to 2023-12-15T00:00:00+00:00, run_after=2023-12-16T00:00:00+00:00
[2023-12-16T21:02:00.781+0000] {processor.py:179} INFO - Processing /home/airflow/.local/lib/python3.8/site-packages/airflow/example_dags/example_nested_branch_dag.py took 0.183 seconds
[2023-12-16T21:07:02.534+0000] {processor.py:157} INFO - Started process (PID=53) to work on /home/airflow/.local/lib/python3.8/site-packages/airflow/example_dags/example_nested_branch_dag.py
[2023-12-16T21:07:02.539+0000] {processor.py:829} INFO - Processing file /home/airflow/.local/lib/python3.8/site-packages/airflow/example_dags/example_nested_branch_dag.py for tasks to queue
[2023-12-16T21:07:02.558+0000] {logging_mixin.py:154} INFO - [2023-12-16T21:07:02.557+0000] {dagbag.py:536} INFO - Filling up the DagBag from /home/airflow/.local/lib/python3.8/site-packages/airflow/example_dags/example_nested_branch_dag.py
[2023-12-16T21:07:02.654+0000] {processor.py:839} INFO - DAG(s) dict_keys(['example_nested_branch_dag']) retrieved from /home/airflow/.local/lib/python3.8/site-packages/airflow/example_dags/example_nested_branch_dag.py
[2023-12-16T21:07:02.753+0000] {logging_mixin.py:154} INFO - [2023-12-16T21:07:02.753+0000] {dag.py:2941} INFO - Sync 1 DAGs
[2023-12-16T21:07:02.907+0000] {logging_mixin.py:154} INFO - [2023-12-16T21:07:02.906+0000] {dag.py:3722} INFO - Setting next_dagrun for example_nested_branch_dag to 2023-12-15T00:00:00+00:00, run_after=2023-12-16T00:00:00+00:00
[2023-12-16T21:07:03.001+0000] {processor.py:179} INFO - Processing /home/airflow/.local/lib/python3.8/site-packages/airflow/example_dags/example_nested_branch_dag.py took 0.491 seconds
[2023-12-16T21:07:33.070+0000] {processor.py:157} INFO - Started process (PID=107) to work on /home/airflow/.local/lib/python3.8/site-packages/airflow/example_dags/example_nested_branch_dag.py
[2023-12-16T21:07:33.073+0000] {processor.py:829} INFO - Processing file /home/airflow/.local/lib/python3.8/site-packages/airflow/example_dags/example_nested_branch_dag.py for tasks to queue
[2023-12-16T21:07:33.083+0000] {logging_mixin.py:154} INFO - [2023-12-16T21:07:33.083+0000] {dagbag.py:536} INFO - Filling up the DagBag from /home/airflow/.local/lib/python3.8/site-packages/airflow/example_dags/example_nested_branch_dag.py
[2023-12-16T21:07:33.111+0000] {processor.py:839} INFO - DAG(s) dict_keys(['example_nested_branch_dag']) retrieved from /home/airflow/.local/lib/python3.8/site-packages/airflow/example_dags/example_nested_branch_dag.py
[2023-12-16T21:07:33.202+0000] {logging_mixin.py:154} INFO - [2023-12-16T21:07:33.202+0000] {dag.py:2941} INFO - Sync 1 DAGs
[2023-12-16T21:07:33.391+0000] {logging_mixin.py:154} INFO - [2023-12-16T21:07:33.390+0000] {dag.py:3722} INFO - Setting next_dagrun for example_nested_branch_dag to 2023-12-15T00:00:00+00:00, run_after=2023-12-16T00:00:00+00:00
[2023-12-16T21:07:33.532+0000] {processor.py:179} INFO - Processing /home/airflow/.local/lib/python3.8/site-packages/airflow/example_dags/example_nested_branch_dag.py took 0.472 seconds
[2023-12-16T21:08:03.803+0000] {processor.py:157} INFO - Started process (PID=161) to work on /home/airflow/.local/lib/python3.8/site-packages/airflow/example_dags/example_nested_branch_dag.py
[2023-12-16T21:08:03.805+0000] {processor.py:829} INFO - Processing file /home/airflow/.local/lib/python3.8/site-packages/airflow/example_dags/example_nested_branch_dag.py for tasks to queue
[2023-12-16T21:08:03.809+0000] {logging_mixin.py:154} INFO - [2023-12-16T21:08:03.808+0000] {dagbag.py:536} INFO - Filling up the DagBag from /home/airflow/.local/lib/python3.8/site-packages/airflow/example_dags/example_nested_branch_dag.py
[2023-12-16T21:08:03.832+0000] {processor.py:839} INFO - DAG(s) dict_keys(['example_nested_branch_dag']) retrieved from /home/airflow/.local/lib/python3.8/site-packages/airflow/example_dags/example_nested_branch_dag.py
[2023-12-16T21:08:03.875+0000] {logging_mixin.py:154} INFO - [2023-12-16T21:08:03.874+0000] {dag.py:2941} INFO - Sync 1 DAGs
[2023-12-16T21:08:03.922+0000] {logging_mixin.py:154} INFO - [2023-12-16T21:08:03.922+0000] {dag.py:3722} INFO - Setting next_dagrun for example_nested_branch_dag to 2023-12-15T00:00:00+00:00, run_after=2023-12-16T00:00:00+00:00
[2023-12-16T21:08:03.970+0000] {processor.py:179} INFO - Processing /home/airflow/.local/lib/python3.8/site-packages/airflow/example_dags/example_nested_branch_dag.py took 0.172 seconds
[2023-12-16T21:08:36.367+0000] {processor.py:157} INFO - Started process (PID=215) to work on /home/airflow/.local/lib/python3.8/site-packages/airflow/example_dags/example_nested_branch_dag.py
[2023-12-16T21:08:36.368+0000] {processor.py:829} INFO - Processing file /home/airflow/.local/lib/python3.8/site-packages/airflow/example_dags/example_nested_branch_dag.py for tasks to queue
[2023-12-16T21:08:36.373+0000] {logging_mixin.py:154} INFO - [2023-12-16T21:08:36.373+0000] {dagbag.py:536} INFO - Filling up the DagBag from /home/airflow/.local/lib/python3.8/site-packages/airflow/example_dags/example_nested_branch_dag.py
[2023-12-16T21:08:36.394+0000] {processor.py:839} INFO - DAG(s) dict_keys(['example_nested_branch_dag']) retrieved from /home/airflow/.local/lib/python3.8/site-packages/airflow/example_dags/example_nested_branch_dag.py
[2023-12-16T21:08:36.449+0000] {logging_mixin.py:154} INFO - [2023-12-16T21:08:36.448+0000] {dag.py:2941} INFO - Sync 1 DAGs
[2023-12-16T21:08:36.506+0000] {logging_mixin.py:154} INFO - [2023-12-16T21:08:36.505+0000] {dag.py:3722} INFO - Setting next_dagrun for example_nested_branch_dag to 2023-12-15T00:00:00+00:00, run_after=2023-12-16T00:00:00+00:00
[2023-12-16T21:08:36.549+0000] {processor.py:179} INFO - Processing /home/airflow/.local/lib/python3.8/site-packages/airflow/example_dags/example_nested_branch_dag.py took 0.189 seconds
[2023-12-16T21:09:06.693+0000] {processor.py:157} INFO - Started process (PID=269) to work on /home/airflow/.local/lib/python3.8/site-packages/airflow/example_dags/example_nested_branch_dag.py
[2023-12-16T21:09:06.696+0000] {processor.py:829} INFO - Processing file /home/airflow/.local/lib/python3.8/site-packages/airflow/example_dags/example_nested_branch_dag.py for tasks to queue
[2023-12-16T21:09:06.705+0000] {logging_mixin.py:154} INFO - [2023-12-16T21:09:06.704+0000] {dagbag.py:536} INFO - Filling up the DagBag from /home/airflow/.local/lib/python3.8/site-packages/airflow/example_dags/example_nested_branch_dag.py
[2023-12-16T21:09:06.724+0000] {processor.py:839} INFO - DAG(s) dict_keys(['example_nested_branch_dag']) retrieved from /home/airflow/.local/lib/python3.8/site-packages/airflow/example_dags/example_nested_branch_dag.py
[2023-12-16T21:09:06.763+0000] {logging_mixin.py:154} INFO - [2023-12-16T21:09:06.763+0000] {dag.py:2941} INFO - Sync 1 DAGs
[2023-12-16T21:09:06.816+0000] {logging_mixin.py:154} INFO - [2023-12-16T21:09:06.815+0000] {dag.py:3722} INFO - Setting next_dagrun for example_nested_branch_dag to 2023-12-15T00:00:00+00:00, run_after=2023-12-16T00:00:00+00:00
[2023-12-16T21:09:06.856+0000] {processor.py:179} INFO - Processing /home/airflow/.local/lib/python3.8/site-packages/airflow/example_dags/example_nested_branch_dag.py took 0.172 seconds
[2023-12-16T21:09:37.325+0000] {processor.py:157} INFO - Started process (PID=322) to work on /home/airflow/.local/lib/python3.8/site-packages/airflow/example_dags/example_nested_branch_dag.py
[2023-12-16T21:09:37.327+0000] {processor.py:829} INFO - Processing file /home/airflow/.local/lib/python3.8/site-packages/airflow/example_dags/example_nested_branch_dag.py for tasks to queue
[2023-12-16T21:09:37.331+0000] {logging_mixin.py:154} INFO - [2023-12-16T21:09:37.330+0000] {dagbag.py:536} INFO - Filling up the DagBag from /home/airflow/.local/lib/python3.8/site-packages/airflow/example_dags/example_nested_branch_dag.py
[2023-12-16T21:09:37.346+0000] {processor.py:839} INFO - DAG(s) dict_keys(['example_nested_branch_dag']) retrieved from /home/airflow/.local/lib/python3.8/site-packages/airflow/example_dags/example_nested_branch_dag.py
[2023-12-16T21:09:37.383+0000] {logging_mixin.py:154} INFO - [2023-12-16T21:09:37.383+0000] {dag.py:2941} INFO - Sync 1 DAGs
[2023-12-16T21:09:37.421+0000] {logging_mixin.py:154} INFO - [2023-12-16T21:09:37.420+0000] {dag.py:3722} INFO - Setting next_dagrun for example_nested_branch_dag to 2023-12-15T00:00:00+00:00, run_after=2023-12-16T00:00:00+00:00
[2023-12-16T21:09:37.453+0000] {processor.py:179} INFO - Processing /home/airflow/.local/lib/python3.8/site-packages/airflow/example_dags/example_nested_branch_dag.py took 0.133 seconds
[2023-12-16T21:10:08.428+0000] {processor.py:157} INFO - Started process (PID=376) to work on /home/airflow/.local/lib/python3.8/site-packages/airflow/example_dags/example_nested_branch_dag.py
[2023-12-16T21:10:08.432+0000] {processor.py:829} INFO - Processing file /home/airflow/.local/lib/python3.8/site-packages/airflow/example_dags/example_nested_branch_dag.py for tasks to queue
[2023-12-16T21:10:08.444+0000] {logging_mixin.py:154} INFO - [2023-12-16T21:10:08.444+0000] {dagbag.py:536} INFO - Filling up the DagBag from /home/airflow/.local/lib/python3.8/site-packages/airflow/example_dags/example_nested_branch_dag.py
[2023-12-16T21:10:08.472+0000] {processor.py:839} INFO - DAG(s) dict_keys(['example_nested_branch_dag']) retrieved from /home/airflow/.local/lib/python3.8/site-packages/airflow/example_dags/example_nested_branch_dag.py
[2023-12-16T21:10:08.585+0000] {logging_mixin.py:154} INFO - [2023-12-16T21:10:08.585+0000] {dag.py:2941} INFO - Sync 1 DAGs
[2023-12-16T21:10:08.736+0000] {logging_mixin.py:154} INFO - [2023-12-16T21:10:08.735+0000] {dag.py:3722} INFO - Setting next_dagrun for example_nested_branch_dag to 2023-12-15T00:00:00+00:00, run_after=2023-12-16T00:00:00+00:00
[2023-12-16T21:10:08.866+0000] {processor.py:179} INFO - Processing /home/airflow/.local/lib/python3.8/site-packages/airflow/example_dags/example_nested_branch_dag.py took 0.450 seconds
[2023-12-16T21:10:39.859+0000] {processor.py:157} INFO - Started process (PID=438) to work on /home/airflow/.local/lib/python3.8/site-packages/airflow/example_dags/example_nested_branch_dag.py
[2023-12-16T21:10:39.866+0000] {processor.py:829} INFO - Processing file /home/airflow/.local/lib/python3.8/site-packages/airflow/example_dags/example_nested_branch_dag.py for tasks to queue
[2023-12-16T21:10:39.873+0000] {logging_mixin.py:154} INFO - [2023-12-16T21:10:39.872+0000] {dagbag.py:536} INFO - Filling up the DagBag from /home/airflow/.local/lib/python3.8/site-packages/airflow/example_dags/example_nested_branch_dag.py
[2023-12-16T21:10:39.929+0000] {processor.py:839} INFO - DAG(s) dict_keys(['example_nested_branch_dag']) retrieved from /home/airflow/.local/lib/python3.8/site-packages/airflow/example_dags/example_nested_branch_dag.py
[2023-12-16T21:10:40.048+0000] {logging_mixin.py:154} INFO - [2023-12-16T21:10:40.048+0000] {dag.py:2941} INFO - Sync 1 DAGs
[2023-12-16T21:10:40.124+0000] {logging_mixin.py:154} INFO - [2023-12-16T21:10:40.124+0000] {dag.py:3722} INFO - Setting next_dagrun for example_nested_branch_dag to 2023-12-15T00:00:00+00:00, run_after=2023-12-16T00:00:00+00:00
[2023-12-16T21:10:40.196+0000] {processor.py:179} INFO - Processing /home/airflow/.local/lib/python3.8/site-packages/airflow/example_dags/example_nested_branch_dag.py took 0.349 seconds
[2023-12-16T21:11:10.698+0000] {processor.py:157} INFO - Started process (PID=492) to work on /home/airflow/.local/lib/python3.8/site-packages/airflow/example_dags/example_nested_branch_dag.py
[2023-12-16T21:11:10.701+0000] {processor.py:829} INFO - Processing file /home/airflow/.local/lib/python3.8/site-packages/airflow/example_dags/example_nested_branch_dag.py for tasks to queue
[2023-12-16T21:11:10.707+0000] {logging_mixin.py:154} INFO - [2023-12-16T21:11:10.706+0000] {dagbag.py:536} INFO - Filling up the DagBag from /home/airflow/.local/lib/python3.8/site-packages/airflow/example_dags/example_nested_branch_dag.py
[2023-12-16T21:11:10.737+0000] {processor.py:839} INFO - DAG(s) dict_keys(['example_nested_branch_dag']) retrieved from /home/airflow/.local/lib/python3.8/site-packages/airflow/example_dags/example_nested_branch_dag.py
[2023-12-16T21:11:10.798+0000] {logging_mixin.py:154} INFO - [2023-12-16T21:11:10.798+0000] {dag.py:2941} INFO - Sync 1 DAGs
[2023-12-16T21:11:10.851+0000] {logging_mixin.py:154} INFO - [2023-12-16T21:11:10.850+0000] {dag.py:3722} INFO - Setting next_dagrun for example_nested_branch_dag to 2023-12-15T00:00:00+00:00, run_after=2023-12-16T00:00:00+00:00
[2023-12-16T21:11:10.896+0000] {processor.py:179} INFO - Processing /home/airflow/.local/lib/python3.8/site-packages/airflow/example_dags/example_nested_branch_dag.py took 0.208 seconds
[2023-12-16T21:11:41.610+0000] {processor.py:157} INFO - Started process (PID=546) to work on /home/airflow/.local/lib/python3.8/site-packages/airflow/example_dags/example_nested_branch_dag.py
[2023-12-16T21:11:41.613+0000] {processor.py:829} INFO - Processing file /home/airflow/.local/lib/python3.8/site-packages/airflow/example_dags/example_nested_branch_dag.py for tasks to queue
[2023-12-16T21:11:41.618+0000] {logging_mixin.py:154} INFO - [2023-12-16T21:11:41.618+0000] {dagbag.py:536} INFO - Filling up the DagBag from /home/airflow/.local/lib/python3.8/site-packages/airflow/example_dags/example_nested_branch_dag.py
[2023-12-16T21:11:41.643+0000] {processor.py:839} INFO - DAG(s) dict_keys(['example_nested_branch_dag']) retrieved from /home/airflow/.local/lib/python3.8/site-packages/airflow/example_dags/example_nested_branch_dag.py
[2023-12-16T21:11:41.699+0000] {logging_mixin.py:154} INFO - [2023-12-16T21:11:41.699+0000] {dag.py:2941} INFO - Sync 1 DAGs
[2023-12-16T21:11:41.758+0000] {logging_mixin.py:154} INFO - [2023-12-16T21:11:41.757+0000] {dag.py:3722} INFO - Setting next_dagrun for example_nested_branch_dag to 2023-12-15T00:00:00+00:00, run_after=2023-12-16T00:00:00+00:00
[2023-12-16T21:11:41.803+0000] {processor.py:179} INFO - Processing /home/airflow/.local/lib/python3.8/site-packages/airflow/example_dags/example_nested_branch_dag.py took 0.203 seconds
[2023-12-16T21:12:11.988+0000] {processor.py:157} INFO - Started process (PID=600) to work on /home/airflow/.local/lib/python3.8/site-packages/airflow/example_dags/example_nested_branch_dag.py
[2023-12-16T21:12:11.990+0000] {processor.py:829} INFO - Processing file /home/airflow/.local/lib/python3.8/site-packages/airflow/example_dags/example_nested_branch_dag.py for tasks to queue
[2023-12-16T21:12:11.994+0000] {logging_mixin.py:154} INFO - [2023-12-16T21:12:11.994+0000] {dagbag.py:536} INFO - Filling up the DagBag from /home/airflow/.local/lib/python3.8/site-packages/airflow/example_dags/example_nested_branch_dag.py
[2023-12-16T21:12:12.012+0000] {processor.py:839} INFO - DAG(s) dict_keys(['example_nested_branch_dag']) retrieved from /home/airflow/.local/lib/python3.8/site-packages/airflow/example_dags/example_nested_branch_dag.py
[2023-12-16T21:12:12.054+0000] {logging_mixin.py:154} INFO - [2023-12-16T21:12:12.054+0000] {dag.py:2941} INFO - Sync 1 DAGs
[2023-12-16T21:12:12.102+0000] {logging_mixin.py:154} INFO - [2023-12-16T21:12:12.101+0000] {dag.py:3722} INFO - Setting next_dagrun for example_nested_branch_dag to 2023-12-15T00:00:00+00:00, run_after=2023-12-16T00:00:00+00:00
[2023-12-16T21:12:12.143+0000] {processor.py:179} INFO - Processing /home/airflow/.local/lib/python3.8/site-packages/airflow/example_dags/example_nested_branch_dag.py took 0.163 seconds
[2023-12-16T21:12:42.866+0000] {processor.py:157} INFO - Started process (PID=654) to work on /home/airflow/.local/lib/python3.8/site-packages/airflow/example_dags/example_nested_branch_dag.py
[2023-12-16T21:12:42.868+0000] {processor.py:829} INFO - Processing file /home/airflow/.local/lib/python3.8/site-packages/airflow/example_dags/example_nested_branch_dag.py for tasks to queue
[2023-12-16T21:12:42.873+0000] {logging_mixin.py:154} INFO - [2023-12-16T21:12:42.872+0000] {dagbag.py:536} INFO - Filling up the DagBag from /home/airflow/.local/lib/python3.8/site-packages/airflow/example_dags/example_nested_branch_dag.py
[2023-12-16T21:12:42.892+0000] {processor.py:839} INFO - DAG(s) dict_keys(['example_nested_branch_dag']) retrieved from /home/airflow/.local/lib/python3.8/site-packages/airflow/example_dags/example_nested_branch_dag.py
[2023-12-16T21:12:42.930+0000] {logging_mixin.py:154} INFO - [2023-12-16T21:12:42.929+0000] {dag.py:2941} INFO - Sync 1 DAGs
[2023-12-16T21:12:42.971+0000] {logging_mixin.py:154} INFO - [2023-12-16T21:12:42.971+0000] {dag.py:3722} INFO - Setting next_dagrun for example_nested_branch_dag to 2023-12-15T00:00:00+00:00, run_after=2023-12-16T00:00:00+00:00
[2023-12-16T21:12:43.006+0000] {processor.py:179} INFO - Processing /home/airflow/.local/lib/python3.8/site-packages/airflow/example_dags/example_nested_branch_dag.py took 0.147 seconds
