[2023-12-16T19:22:19.416+0000] {processor.py:157} INFO - Started process (PID=84) to work on /home/airflow/.local/lib/python3.8/site-packages/airflow/example_dags/example_sensor_decorator.py
[2023-12-16T19:22:19.421+0000] {processor.py:829} INFO - Processing file /home/airflow/.local/lib/python3.8/site-packages/airflow/example_dags/example_sensor_decorator.py for tasks to queue
[2023-12-16T19:22:19.432+0000] {logging_mixin.py:154} INFO - [2023-12-16T19:22:19.431+0000] {dagbag.py:536} INFO - Filling up the DagBag from /home/airflow/.local/lib/python3.8/site-packages/airflow/example_dags/example_sensor_decorator.py
[2023-12-16T19:22:19.525+0000] {processor.py:839} INFO - DAG(s) dict_keys(['example_sensor_decorator']) retrieved from /home/airflow/.local/lib/python3.8/site-packages/airflow/example_dags/example_sensor_decorator.py
[2023-12-16T19:22:51.353+0000] {logging_mixin.py:154} INFO - [2023-12-16T19:22:51.345+0000] {dag.py:2941} INFO - Sync 1 DAGs
[2023-12-16T19:22:51.578+0000] {logging_mixin.py:154} INFO - [2023-12-16T19:22:51.577+0000] {dag.py:3722} INFO - Setting next_dagrun for example_sensor_decorator to None, run_after=None
[2023-12-16T19:22:51.903+0000] {processor.py:179} INFO - Processing /home/airflow/.local/lib/python3.8/site-packages/airflow/example_dags/example_sensor_decorator.py took 32.531 seconds
[2023-12-16T19:23:31.105+0000] {processor.py:157} INFO - Started process (PID=138) to work on /home/airflow/.local/lib/python3.8/site-packages/airflow/example_dags/example_sensor_decorator.py
[2023-12-16T19:23:31.108+0000] {processor.py:829} INFO - Processing file /home/airflow/.local/lib/python3.8/site-packages/airflow/example_dags/example_sensor_decorator.py for tasks to queue
[2023-12-16T19:23:31.119+0000] {logging_mixin.py:154} INFO - [2023-12-16T19:23:31.118+0000] {dagbag.py:536} INFO - Filling up the DagBag from /home/airflow/.local/lib/python3.8/site-packages/airflow/example_dags/example_sensor_decorator.py
[2023-12-16T19:23:31.135+0000] {processor.py:839} INFO - DAG(s) dict_keys(['example_sensor_decorator']) retrieved from /home/airflow/.local/lib/python3.8/site-packages/airflow/example_dags/example_sensor_decorator.py
[2023-12-16T19:23:31.187+0000] {logging_mixin.py:154} INFO - [2023-12-16T19:23:31.187+0000] {dag.py:2941} INFO - Sync 1 DAGs
[2023-12-16T19:23:31.251+0000] {logging_mixin.py:154} INFO - [2023-12-16T19:23:31.251+0000] {dag.py:3722} INFO - Setting next_dagrun for example_sensor_decorator to None, run_after=None
[2023-12-16T19:23:31.300+0000] {processor.py:179} INFO - Processing /home/airflow/.local/lib/python3.8/site-packages/airflow/example_dags/example_sensor_decorator.py took 0.203 seconds
[2023-12-16T19:24:03.461+0000] {processor.py:157} INFO - Started process (PID=192) to work on /home/airflow/.local/lib/python3.8/site-packages/airflow/example_dags/example_sensor_decorator.py
[2023-12-16T19:24:03.463+0000] {processor.py:829} INFO - Processing file /home/airflow/.local/lib/python3.8/site-packages/airflow/example_dags/example_sensor_decorator.py for tasks to queue
[2023-12-16T19:24:03.467+0000] {logging_mixin.py:154} INFO - [2023-12-16T19:24:03.467+0000] {dagbag.py:536} INFO - Filling up the DagBag from /home/airflow/.local/lib/python3.8/site-packages/airflow/example_dags/example_sensor_decorator.py
[2023-12-16T19:24:03.481+0000] {processor.py:839} INFO - DAG(s) dict_keys(['example_sensor_decorator']) retrieved from /home/airflow/.local/lib/python3.8/site-packages/airflow/example_dags/example_sensor_decorator.py
[2023-12-16T19:24:03.542+0000] {logging_mixin.py:154} INFO - [2023-12-16T19:24:03.541+0000] {dag.py:2941} INFO - Sync 1 DAGs
[2023-12-16T19:24:03.571+0000] {logging_mixin.py:154} INFO - [2023-12-16T19:24:03.571+0000] {dag.py:3722} INFO - Setting next_dagrun for example_sensor_decorator to None, run_after=None
[2023-12-16T19:24:03.608+0000] {processor.py:179} INFO - Processing /home/airflow/.local/lib/python3.8/site-packages/airflow/example_dags/example_sensor_decorator.py took 0.153 seconds
[2023-12-16T19:36:03.212+0000] {processor.py:157} INFO - Started process (PID=85) to work on /home/airflow/.local/lib/python3.8/site-packages/airflow/example_dags/example_sensor_decorator.py
[2023-12-16T19:36:03.253+0000] {processor.py:829} INFO - Processing file /home/airflow/.local/lib/python3.8/site-packages/airflow/example_dags/example_sensor_decorator.py for tasks to queue
[2023-12-16T19:36:03.341+0000] {logging_mixin.py:154} INFO - [2023-12-16T19:36:03.340+0000] {dagbag.py:536} INFO - Filling up the DagBag from /home/airflow/.local/lib/python3.8/site-packages/airflow/example_dags/example_sensor_decorator.py
[2023-12-16T19:36:03.508+0000] {processor.py:839} INFO - DAG(s) dict_keys(['example_sensor_decorator']) retrieved from /home/airflow/.local/lib/python3.8/site-packages/airflow/example_dags/example_sensor_decorator.py
[2023-12-16T19:36:04.095+0000] {logging_mixin.py:154} INFO - [2023-12-16T19:36:04.094+0000] {dag.py:2941} INFO - Sync 1 DAGs
[2023-12-16T19:36:04.420+0000] {logging_mixin.py:154} INFO - [2023-12-16T19:36:04.419+0000] {dag.py:3722} INFO - Setting next_dagrun for example_sensor_decorator to None, run_after=None
[2023-12-16T19:36:04.875+0000] {processor.py:179} INFO - Processing /home/airflow/.local/lib/python3.8/site-packages/airflow/example_dags/example_sensor_decorator.py took 1.776 seconds
[2023-12-16T19:36:54.900+0000] {processor.py:157} INFO - Started process (PID=146) to work on /home/airflow/.local/lib/python3.8/site-packages/airflow/example_dags/example_sensor_decorator.py
[2023-12-16T19:36:54.922+0000] {processor.py:829} INFO - Processing file /home/airflow/.local/lib/python3.8/site-packages/airflow/example_dags/example_sensor_decorator.py for tasks to queue
[2023-12-16T19:36:54.955+0000] {logging_mixin.py:154} INFO - [2023-12-16T19:36:54.954+0000] {dagbag.py:536} INFO - Filling up the DagBag from /home/airflow/.local/lib/python3.8/site-packages/airflow/example_dags/example_sensor_decorator.py
[2023-12-16T19:36:55.030+0000] {processor.py:839} INFO - DAG(s) dict_keys(['example_sensor_decorator']) retrieved from /home/airflow/.local/lib/python3.8/site-packages/airflow/example_dags/example_sensor_decorator.py
[2023-12-16T19:36:55.203+0000] {logging_mixin.py:154} INFO - [2023-12-16T19:36:55.202+0000] {dag.py:2941} INFO - Sync 1 DAGs
[2023-12-16T19:36:55.318+0000] {logging_mixin.py:154} INFO - [2023-12-16T19:36:55.318+0000] {dag.py:3722} INFO - Setting next_dagrun for example_sensor_decorator to None, run_after=None
[2023-12-16T19:36:55.533+0000] {processor.py:179} INFO - Processing /home/airflow/.local/lib/python3.8/site-packages/airflow/example_dags/example_sensor_decorator.py took 0.666 seconds
[2023-12-16T19:37:36.485+0000] {processor.py:157} INFO - Started process (PID=200) to work on /home/airflow/.local/lib/python3.8/site-packages/airflow/example_dags/example_sensor_decorator.py
[2023-12-16T19:37:36.538+0000] {processor.py:829} INFO - Processing file /home/airflow/.local/lib/python3.8/site-packages/airflow/example_dags/example_sensor_decorator.py for tasks to queue
[2023-12-16T19:37:36.655+0000] {logging_mixin.py:154} INFO - [2023-12-16T19:37:36.654+0000] {dagbag.py:536} INFO - Filling up the DagBag from /home/airflow/.local/lib/python3.8/site-packages/airflow/example_dags/example_sensor_decorator.py
[2023-12-16T19:37:36.768+0000] {processor.py:839} INFO - DAG(s) dict_keys(['example_sensor_decorator']) retrieved from /home/airflow/.local/lib/python3.8/site-packages/airflow/example_dags/example_sensor_decorator.py
[2023-12-16T19:37:37.015+0000] {logging_mixin.py:154} INFO - [2023-12-16T19:37:37.015+0000] {dag.py:2941} INFO - Sync 1 DAGs
[2023-12-16T19:37:37.188+0000] {logging_mixin.py:154} INFO - [2023-12-16T19:37:37.188+0000] {dag.py:3722} INFO - Setting next_dagrun for example_sensor_decorator to None, run_after=None
[2023-12-16T19:37:37.631+0000] {processor.py:179} INFO - Processing /home/airflow/.local/lib/python3.8/site-packages/airflow/example_dags/example_sensor_decorator.py took 1.211 seconds
[2023-12-16T19:43:57.382+0000] {processor.py:157} INFO - Started process (PID=85) to work on /home/airflow/.local/lib/python3.8/site-packages/airflow/example_dags/example_sensor_decorator.py
[2023-12-16T19:43:57.386+0000] {processor.py:829} INFO - Processing file /home/airflow/.local/lib/python3.8/site-packages/airflow/example_dags/example_sensor_decorator.py for tasks to queue
[2023-12-16T19:43:57.390+0000] {logging_mixin.py:154} INFO - [2023-12-16T19:43:57.389+0000] {dagbag.py:536} INFO - Filling up the DagBag from /home/airflow/.local/lib/python3.8/site-packages/airflow/example_dags/example_sensor_decorator.py
[2023-12-16T19:43:57.421+0000] {processor.py:839} INFO - DAG(s) dict_keys(['example_sensor_decorator']) retrieved from /home/airflow/.local/lib/python3.8/site-packages/airflow/example_dags/example_sensor_decorator.py
[2023-12-16T19:43:57.738+0000] {logging_mixin.py:154} INFO - [2023-12-16T19:43:57.738+0000] {dag.py:2941} INFO - Sync 1 DAGs
[2023-12-16T19:43:57.822+0000] {logging_mixin.py:154} INFO - [2023-12-16T19:43:57.822+0000] {dag.py:3722} INFO - Setting next_dagrun for example_sensor_decorator to None, run_after=None
[2023-12-16T19:43:58.165+0000] {processor.py:179} INFO - Processing /home/airflow/.local/lib/python3.8/site-packages/airflow/example_dags/example_sensor_decorator.py took 0.796 seconds
[2023-12-16T19:44:43.321+0000] {processor.py:157} INFO - Started process (PID=145) to work on /home/airflow/.local/lib/python3.8/site-packages/airflow/example_dags/example_sensor_decorator.py
[2023-12-16T19:44:43.343+0000] {processor.py:829} INFO - Processing file /home/airflow/.local/lib/python3.8/site-packages/airflow/example_dags/example_sensor_decorator.py for tasks to queue
[2023-12-16T19:44:43.346+0000] {logging_mixin.py:154} INFO - [2023-12-16T19:44:43.345+0000] {dagbag.py:536} INFO - Filling up the DagBag from /home/airflow/.local/lib/python3.8/site-packages/airflow/example_dags/example_sensor_decorator.py
[2023-12-16T19:44:43.378+0000] {processor.py:839} INFO - DAG(s) dict_keys(['example_sensor_decorator']) retrieved from /home/airflow/.local/lib/python3.8/site-packages/airflow/example_dags/example_sensor_decorator.py
[2023-12-16T19:44:43.633+0000] {logging_mixin.py:154} INFO - [2023-12-16T19:44:43.632+0000] {dag.py:2941} INFO - Sync 1 DAGs
[2023-12-16T19:44:43.684+0000] {logging_mixin.py:154} INFO - [2023-12-16T19:44:43.684+0000] {dag.py:3722} INFO - Setting next_dagrun for example_sensor_decorator to None, run_after=None
[2023-12-16T19:44:43.798+0000] {processor.py:179} INFO - Processing /home/airflow/.local/lib/python3.8/site-packages/airflow/example_dags/example_sensor_decorator.py took 0.493 seconds
[2023-12-16T19:45:22.025+0000] {processor.py:157} INFO - Started process (PID=198) to work on /home/airflow/.local/lib/python3.8/site-packages/airflow/example_dags/example_sensor_decorator.py
[2023-12-16T19:45:22.027+0000] {processor.py:829} INFO - Processing file /home/airflow/.local/lib/python3.8/site-packages/airflow/example_dags/example_sensor_decorator.py for tasks to queue
[2023-12-16T19:45:22.031+0000] {logging_mixin.py:154} INFO - [2023-12-16T19:45:22.030+0000] {dagbag.py:536} INFO - Filling up the DagBag from /home/airflow/.local/lib/python3.8/site-packages/airflow/example_dags/example_sensor_decorator.py
[2023-12-16T19:45:22.051+0000] {processor.py:839} INFO - DAG(s) dict_keys(['example_sensor_decorator']) retrieved from /home/airflow/.local/lib/python3.8/site-packages/airflow/example_dags/example_sensor_decorator.py
[2023-12-16T19:45:22.233+0000] {logging_mixin.py:154} INFO - [2023-12-16T19:45:22.232+0000] {dag.py:2941} INFO - Sync 1 DAGs
[2023-12-16T19:45:22.344+0000] {logging_mixin.py:154} INFO - [2023-12-16T19:45:22.344+0000] {dag.py:3722} INFO - Setting next_dagrun for example_sensor_decorator to None, run_after=None
[2023-12-16T19:45:22.479+0000] {processor.py:179} INFO - Processing /home/airflow/.local/lib/python3.8/site-packages/airflow/example_dags/example_sensor_decorator.py took 0.468 seconds
[2023-12-16T20:04:49.353+0000] {processor.py:157} INFO - Started process (PID=147) to work on /home/airflow/.local/lib/python3.8/site-packages/airflow/example_dags/example_sensor_decorator.py
[2023-12-16T20:04:49.356+0000] {processor.py:829} INFO - Processing file /home/airflow/.local/lib/python3.8/site-packages/airflow/example_dags/example_sensor_decorator.py for tasks to queue
[2023-12-16T20:04:49.377+0000] {logging_mixin.py:154} INFO - [2023-12-16T20:04:49.376+0000] {dagbag.py:536} INFO - Filling up the DagBag from /home/airflow/.local/lib/python3.8/site-packages/airflow/example_dags/example_sensor_decorator.py
[2023-12-16T20:04:49.424+0000] {processor.py:839} INFO - DAG(s) dict_keys(['example_sensor_decorator']) retrieved from /home/airflow/.local/lib/python3.8/site-packages/airflow/example_dags/example_sensor_decorator.py
[2023-12-16T20:04:49.584+0000] {logging_mixin.py:154} INFO - [2023-12-16T20:04:49.583+0000] {dag.py:2941} INFO - Sync 1 DAGs
[2023-12-16T20:04:49.669+0000] {logging_mixin.py:154} INFO - [2023-12-16T20:04:49.669+0000] {dag.py:3722} INFO - Setting next_dagrun for example_sensor_decorator to None, run_after=None
[2023-12-16T20:04:49.836+0000] {processor.py:179} INFO - Processing /home/airflow/.local/lib/python3.8/site-packages/airflow/example_dags/example_sensor_decorator.py took 0.514 seconds
[2023-12-16T20:05:30.475+0000] {processor.py:157} INFO - Started process (PID=216) to work on /home/airflow/.local/lib/python3.8/site-packages/airflow/example_dags/example_sensor_decorator.py
[2023-12-16T20:05:30.488+0000] {processor.py:829} INFO - Processing file /home/airflow/.local/lib/python3.8/site-packages/airflow/example_dags/example_sensor_decorator.py for tasks to queue
[2023-12-16T20:05:30.526+0000] {logging_mixin.py:154} INFO - [2023-12-16T20:05:30.526+0000] {dagbag.py:536} INFO - Filling up the DagBag from /home/airflow/.local/lib/python3.8/site-packages/airflow/example_dags/example_sensor_decorator.py
[2023-12-16T20:05:30.573+0000] {processor.py:839} INFO - DAG(s) dict_keys(['example_sensor_decorator']) retrieved from /home/airflow/.local/lib/python3.8/site-packages/airflow/example_dags/example_sensor_decorator.py
[2023-12-16T20:05:30.684+0000] {logging_mixin.py:154} INFO - [2023-12-16T20:05:30.684+0000] {dag.py:2941} INFO - Sync 1 DAGs
[2023-12-16T20:05:30.755+0000] {logging_mixin.py:154} INFO - [2023-12-16T20:05:30.754+0000] {dag.py:3722} INFO - Setting next_dagrun for example_sensor_decorator to None, run_after=None
[2023-12-16T20:05:30.934+0000] {processor.py:179} INFO - Processing /home/airflow/.local/lib/python3.8/site-packages/airflow/example_dags/example_sensor_decorator.py took 0.488 seconds
[2023-12-16T20:06:02.747+0000] {processor.py:157} INFO - Started process (PID=284) to work on /home/airflow/.local/lib/python3.8/site-packages/airflow/example_dags/example_sensor_decorator.py
[2023-12-16T20:06:02.757+0000] {processor.py:829} INFO - Processing file /home/airflow/.local/lib/python3.8/site-packages/airflow/example_dags/example_sensor_decorator.py for tasks to queue
[2023-12-16T20:06:02.778+0000] {logging_mixin.py:154} INFO - [2023-12-16T20:06:02.777+0000] {dagbag.py:536} INFO - Filling up the DagBag from /home/airflow/.local/lib/python3.8/site-packages/airflow/example_dags/example_sensor_decorator.py
[2023-12-16T20:06:02.823+0000] {processor.py:839} INFO - DAG(s) dict_keys(['example_sensor_decorator']) retrieved from /home/airflow/.local/lib/python3.8/site-packages/airflow/example_dags/example_sensor_decorator.py
[2023-12-16T20:06:02.915+0000] {logging_mixin.py:154} INFO - [2023-12-16T20:06:02.914+0000] {dag.py:2941} INFO - Sync 1 DAGs
[2023-12-16T20:06:02.985+0000] {logging_mixin.py:154} INFO - [2023-12-16T20:06:02.984+0000] {dag.py:3722} INFO - Setting next_dagrun for example_sensor_decorator to None, run_after=None
[2023-12-16T20:06:03.100+0000] {processor.py:179} INFO - Processing /home/airflow/.local/lib/python3.8/site-packages/airflow/example_dags/example_sensor_decorator.py took 0.417 seconds
[2023-12-16T20:21:01.845+0000] {processor.py:157} INFO - Started process (PID=85) to work on /home/airflow/.local/lib/python3.8/site-packages/airflow/example_dags/example_sensor_decorator.py
[2023-12-16T20:21:01.864+0000] {processor.py:829} INFO - Processing file /home/airflow/.local/lib/python3.8/site-packages/airflow/example_dags/example_sensor_decorator.py for tasks to queue
[2023-12-16T20:21:01.893+0000] {logging_mixin.py:154} INFO - [2023-12-16T20:21:01.892+0000] {dagbag.py:536} INFO - Filling up the DagBag from /home/airflow/.local/lib/python3.8/site-packages/airflow/example_dags/example_sensor_decorator.py
[2023-12-16T20:21:01.956+0000] {processor.py:839} INFO - DAG(s) dict_keys(['example_sensor_decorator']) retrieved from /home/airflow/.local/lib/python3.8/site-packages/airflow/example_dags/example_sensor_decorator.py
[2023-12-16T20:21:02.288+0000] {logging_mixin.py:154} INFO - [2023-12-16T20:21:02.288+0000] {dag.py:2941} INFO - Sync 1 DAGs
[2023-12-16T20:21:02.447+0000] {logging_mixin.py:154} INFO - [2023-12-16T20:21:02.442+0000] {dag.py:3722} INFO - Setting next_dagrun for example_sensor_decorator to None, run_after=None
[2023-12-16T20:21:02.561+0000] {processor.py:179} INFO - Processing /home/airflow/.local/lib/python3.8/site-packages/airflow/example_dags/example_sensor_decorator.py took 0.727 seconds
[2023-12-16T20:21:33.499+0000] {processor.py:157} INFO - Started process (PID=138) to work on /home/airflow/.local/lib/python3.8/site-packages/airflow/example_dags/example_sensor_decorator.py
[2023-12-16T20:21:33.506+0000] {processor.py:829} INFO - Processing file /home/airflow/.local/lib/python3.8/site-packages/airflow/example_dags/example_sensor_decorator.py for tasks to queue
[2023-12-16T20:21:33.522+0000] {logging_mixin.py:154} INFO - [2023-12-16T20:21:33.521+0000] {dagbag.py:536} INFO - Filling up the DagBag from /home/airflow/.local/lib/python3.8/site-packages/airflow/example_dags/example_sensor_decorator.py
[2023-12-16T20:21:33.558+0000] {processor.py:839} INFO - DAG(s) dict_keys(['example_sensor_decorator']) retrieved from /home/airflow/.local/lib/python3.8/site-packages/airflow/example_dags/example_sensor_decorator.py
[2023-12-16T20:21:33.630+0000] {logging_mixin.py:154} INFO - [2023-12-16T20:21:33.629+0000] {dag.py:2941} INFO - Sync 1 DAGs
[2023-12-16T20:21:33.697+0000] {logging_mixin.py:154} INFO - [2023-12-16T20:21:33.696+0000] {dag.py:3722} INFO - Setting next_dagrun for example_sensor_decorator to None, run_after=None
[2023-12-16T20:21:33.791+0000] {processor.py:179} INFO - Processing /home/airflow/.local/lib/python3.8/site-packages/airflow/example_dags/example_sensor_decorator.py took 0.300 seconds
[2023-12-16T20:31:37.604+0000] {processor.py:157} INFO - Started process (PID=87) to work on /home/airflow/.local/lib/python3.8/site-packages/airflow/example_dags/example_sensor_decorator.py
[2023-12-16T20:31:37.609+0000] {processor.py:829} INFO - Processing file /home/airflow/.local/lib/python3.8/site-packages/airflow/example_dags/example_sensor_decorator.py for tasks to queue
[2023-12-16T20:31:37.614+0000] {logging_mixin.py:154} INFO - [2023-12-16T20:31:37.613+0000] {dagbag.py:536} INFO - Filling up the DagBag from /home/airflow/.local/lib/python3.8/site-packages/airflow/example_dags/example_sensor_decorator.py
[2023-12-16T20:31:37.666+0000] {processor.py:839} INFO - DAG(s) dict_keys(['example_sensor_decorator']) retrieved from /home/airflow/.local/lib/python3.8/site-packages/airflow/example_dags/example_sensor_decorator.py
[2023-12-16T20:31:37.748+0000] {logging_mixin.py:154} INFO - [2023-12-16T20:31:37.747+0000] {dag.py:2941} INFO - Sync 1 DAGs
[2023-12-16T20:31:37.787+0000] {logging_mixin.py:154} INFO - [2023-12-16T20:31:37.787+0000] {dag.py:3722} INFO - Setting next_dagrun for example_sensor_decorator to None, run_after=None
[2023-12-16T20:31:37.872+0000] {processor.py:179} INFO - Processing /home/airflow/.local/lib/python3.8/site-packages/airflow/example_dags/example_sensor_decorator.py took 0.282 seconds
[2023-12-16T20:32:08.025+0000] {processor.py:157} INFO - Started process (PID=139) to work on /home/airflow/.local/lib/python3.8/site-packages/airflow/example_dags/example_sensor_decorator.py
[2023-12-16T20:32:08.028+0000] {processor.py:829} INFO - Processing file /home/airflow/.local/lib/python3.8/site-packages/airflow/example_dags/example_sensor_decorator.py for tasks to queue
[2023-12-16T20:32:08.034+0000] {logging_mixin.py:154} INFO - [2023-12-16T20:32:08.033+0000] {dagbag.py:536} INFO - Filling up the DagBag from /home/airflow/.local/lib/python3.8/site-packages/airflow/example_dags/example_sensor_decorator.py
[2023-12-16T20:32:08.062+0000] {processor.py:839} INFO - DAG(s) dict_keys(['example_sensor_decorator']) retrieved from /home/airflow/.local/lib/python3.8/site-packages/airflow/example_dags/example_sensor_decorator.py
[2023-12-16T20:32:08.119+0000] {logging_mixin.py:154} INFO - [2023-12-16T20:32:08.119+0000] {dag.py:2941} INFO - Sync 1 DAGs
[2023-12-16T20:32:08.150+0000] {logging_mixin.py:154} INFO - [2023-12-16T20:32:08.149+0000] {dag.py:3722} INFO - Setting next_dagrun for example_sensor_decorator to None, run_after=None
[2023-12-16T20:32:08.212+0000] {processor.py:179} INFO - Processing /home/airflow/.local/lib/python3.8/site-packages/airflow/example_dags/example_sensor_decorator.py took 0.196 seconds
[2023-12-16T20:34:40.430+0000] {processor.py:157} INFO - Started process (PID=78) to work on /home/airflow/.local/lib/python3.8/site-packages/airflow/example_dags/example_sensor_decorator.py
[2023-12-16T20:34:40.472+0000] {processor.py:829} INFO - Processing file /home/airflow/.local/lib/python3.8/site-packages/airflow/example_dags/example_sensor_decorator.py for tasks to queue
[2023-12-16T20:34:40.478+0000] {logging_mixin.py:154} INFO - [2023-12-16T20:34:40.478+0000] {dagbag.py:536} INFO - Filling up the DagBag from /home/airflow/.local/lib/python3.8/site-packages/airflow/example_dags/example_sensor_decorator.py
[2023-12-16T20:34:40.575+0000] {processor.py:839} INFO - DAG(s) dict_keys(['example_sensor_decorator']) retrieved from /home/airflow/.local/lib/python3.8/site-packages/airflow/example_dags/example_sensor_decorator.py
[2023-12-16T20:34:40.980+0000] {logging_mixin.py:154} INFO - [2023-12-16T20:34:40.979+0000] {dag.py:2941} INFO - Sync 1 DAGs
[2023-12-16T20:34:41.168+0000] {logging_mixin.py:154} INFO - [2023-12-16T20:34:41.167+0000] {dag.py:3722} INFO - Setting next_dagrun for example_sensor_decorator to None, run_after=None
[2023-12-16T20:34:41.296+0000] {processor.py:179} INFO - Processing /home/airflow/.local/lib/python3.8/site-packages/airflow/example_dags/example_sensor_decorator.py took 0.876 seconds
[2023-12-16T20:35:26.813+0000] {processor.py:157} INFO - Started process (PID=132) to work on /home/airflow/.local/lib/python3.8/site-packages/airflow/example_dags/example_sensor_decorator.py
[2023-12-16T20:35:26.868+0000] {processor.py:829} INFO - Processing file /home/airflow/.local/lib/python3.8/site-packages/airflow/example_dags/example_sensor_decorator.py for tasks to queue
[2023-12-16T20:35:28.047+0000] {logging_mixin.py:154} INFO - [2023-12-16T20:35:27.986+0000] {dagbag.py:536} INFO - Filling up the DagBag from /home/airflow/.local/lib/python3.8/site-packages/airflow/example_dags/example_sensor_decorator.py
[2023-12-16T20:35:28.356+0000] {processor.py:839} INFO - DAG(s) dict_keys(['example_sensor_decorator']) retrieved from /home/airflow/.local/lib/python3.8/site-packages/airflow/example_dags/example_sensor_decorator.py
[2023-12-16T20:35:30.912+0000] {logging_mixin.py:154} INFO - [2023-12-16T20:35:30.874+0000] {dag.py:2941} INFO - Sync 1 DAGs
[2023-12-16T20:35:31.533+0000] {logging_mixin.py:154} INFO - [2023-12-16T20:35:31.488+0000] {dag.py:3722} INFO - Setting next_dagrun for example_sensor_decorator to None, run_after=None
[2023-12-16T20:35:34.042+0000] {processor.py:179} INFO - Processing /home/airflow/.local/lib/python3.8/site-packages/airflow/example_dags/example_sensor_decorator.py took 7.283 seconds
[2023-12-16T21:01:07.901+0000] {processor.py:157} INFO - Started process (PID=86) to work on /home/airflow/.local/lib/python3.8/site-packages/airflow/example_dags/example_sensor_decorator.py
[2023-12-16T21:01:07.904+0000] {processor.py:829} INFO - Processing file /home/airflow/.local/lib/python3.8/site-packages/airflow/example_dags/example_sensor_decorator.py for tasks to queue
[2023-12-16T21:01:07.909+0000] {logging_mixin.py:154} INFO - [2023-12-16T21:01:07.908+0000] {dagbag.py:536} INFO - Filling up the DagBag from /home/airflow/.local/lib/python3.8/site-packages/airflow/example_dags/example_sensor_decorator.py
[2023-12-16T21:01:07.930+0000] {processor.py:839} INFO - DAG(s) dict_keys(['example_sensor_decorator']) retrieved from /home/airflow/.local/lib/python3.8/site-packages/airflow/example_dags/example_sensor_decorator.py
[2023-12-16T21:01:07.992+0000] {logging_mixin.py:154} INFO - [2023-12-16T21:01:07.991+0000] {dag.py:2941} INFO - Sync 1 DAGs
[2023-12-16T21:01:08.022+0000] {logging_mixin.py:154} INFO - [2023-12-16T21:01:08.022+0000] {dag.py:3722} INFO - Setting next_dagrun for example_sensor_decorator to None, run_after=None
[2023-12-16T21:01:08.065+0000] {processor.py:179} INFO - Processing /home/airflow/.local/lib/python3.8/site-packages/airflow/example_dags/example_sensor_decorator.py took 0.171 seconds
[2023-12-16T21:01:40.130+0000] {processor.py:157} INFO - Started process (PID=140) to work on /home/airflow/.local/lib/python3.8/site-packages/airflow/example_dags/example_sensor_decorator.py
[2023-12-16T21:01:40.142+0000] {processor.py:829} INFO - Processing file /home/airflow/.local/lib/python3.8/site-packages/airflow/example_dags/example_sensor_decorator.py for tasks to queue
[2023-12-16T21:01:40.153+0000] {logging_mixin.py:154} INFO - [2023-12-16T21:01:40.152+0000] {dagbag.py:536} INFO - Filling up the DagBag from /home/airflow/.local/lib/python3.8/site-packages/airflow/example_dags/example_sensor_decorator.py
[2023-12-16T21:01:40.185+0000] {processor.py:839} INFO - DAG(s) dict_keys(['example_sensor_decorator']) retrieved from /home/airflow/.local/lib/python3.8/site-packages/airflow/example_dags/example_sensor_decorator.py
[2023-12-16T21:01:40.312+0000] {logging_mixin.py:154} INFO - [2023-12-16T21:01:40.311+0000] {dag.py:2941} INFO - Sync 1 DAGs
[2023-12-16T21:01:40.390+0000] {logging_mixin.py:154} INFO - [2023-12-16T21:01:40.390+0000] {dag.py:3722} INFO - Setting next_dagrun for example_sensor_decorator to None, run_after=None
[2023-12-16T21:01:40.622+0000] {processor.py:179} INFO - Processing /home/airflow/.local/lib/python3.8/site-packages/airflow/example_dags/example_sensor_decorator.py took 0.503 seconds
[2023-12-16T21:02:12.898+0000] {processor.py:157} INFO - Started process (PID=194) to work on /home/airflow/.local/lib/python3.8/site-packages/airflow/example_dags/example_sensor_decorator.py
[2023-12-16T21:02:12.904+0000] {processor.py:829} INFO - Processing file /home/airflow/.local/lib/python3.8/site-packages/airflow/example_dags/example_sensor_decorator.py for tasks to queue
[2023-12-16T21:02:12.912+0000] {logging_mixin.py:154} INFO - [2023-12-16T21:02:12.912+0000] {dagbag.py:536} INFO - Filling up the DagBag from /home/airflow/.local/lib/python3.8/site-packages/airflow/example_dags/example_sensor_decorator.py
[2023-12-16T21:02:12.950+0000] {processor.py:839} INFO - DAG(s) dict_keys(['example_sensor_decorator']) retrieved from /home/airflow/.local/lib/python3.8/site-packages/airflow/example_dags/example_sensor_decorator.py
[2023-12-16T21:02:13.074+0000] {logging_mixin.py:154} INFO - [2023-12-16T21:02:13.073+0000] {dag.py:2941} INFO - Sync 1 DAGs
[2023-12-16T21:02:13.209+0000] {logging_mixin.py:154} INFO - [2023-12-16T21:02:13.209+0000] {dag.py:3722} INFO - Setting next_dagrun for example_sensor_decorator to None, run_after=None
[2023-12-16T21:02:13.656+0000] {processor.py:179} INFO - Processing /home/airflow/.local/lib/python3.8/site-packages/airflow/example_dags/example_sensor_decorator.py took 0.778 seconds
[2023-12-16T21:07:11.591+0000] {processor.py:157} INFO - Started process (PID=80) to work on /home/airflow/.local/lib/python3.8/site-packages/airflow/example_dags/example_sensor_decorator.py
[2023-12-16T21:07:11.593+0000] {processor.py:829} INFO - Processing file /home/airflow/.local/lib/python3.8/site-packages/airflow/example_dags/example_sensor_decorator.py for tasks to queue
[2023-12-16T21:07:11.599+0000] {logging_mixin.py:154} INFO - [2023-12-16T21:07:11.599+0000] {dagbag.py:536} INFO - Filling up the DagBag from /home/airflow/.local/lib/python3.8/site-packages/airflow/example_dags/example_sensor_decorator.py
[2023-12-16T21:07:11.617+0000] {processor.py:839} INFO - DAG(s) dict_keys(['example_sensor_decorator']) retrieved from /home/airflow/.local/lib/python3.8/site-packages/airflow/example_dags/example_sensor_decorator.py
[2023-12-16T21:07:11.678+0000] {logging_mixin.py:154} INFO - [2023-12-16T21:07:11.678+0000] {dag.py:2941} INFO - Sync 1 DAGs
[2023-12-16T21:07:11.722+0000] {logging_mixin.py:154} INFO - [2023-12-16T21:07:11.722+0000] {dag.py:3722} INFO - Setting next_dagrun for example_sensor_decorator to None, run_after=None
[2023-12-16T21:07:11.771+0000] {processor.py:179} INFO - Processing /home/airflow/.local/lib/python3.8/site-packages/airflow/example_dags/example_sensor_decorator.py took 0.188 seconds
[2023-12-16T21:07:42.547+0000] {processor.py:157} INFO - Started process (PID=134) to work on /home/airflow/.local/lib/python3.8/site-packages/airflow/example_dags/example_sensor_decorator.py
[2023-12-16T21:07:42.551+0000] {processor.py:829} INFO - Processing file /home/airflow/.local/lib/python3.8/site-packages/airflow/example_dags/example_sensor_decorator.py for tasks to queue
[2023-12-16T21:07:42.556+0000] {logging_mixin.py:154} INFO - [2023-12-16T21:07:42.556+0000] {dagbag.py:536} INFO - Filling up the DagBag from /home/airflow/.local/lib/python3.8/site-packages/airflow/example_dags/example_sensor_decorator.py
[2023-12-16T21:07:42.572+0000] {processor.py:839} INFO - DAG(s) dict_keys(['example_sensor_decorator']) retrieved from /home/airflow/.local/lib/python3.8/site-packages/airflow/example_dags/example_sensor_decorator.py
[2023-12-16T21:07:42.616+0000] {logging_mixin.py:154} INFO - [2023-12-16T21:07:42.615+0000] {dag.py:2941} INFO - Sync 1 DAGs
[2023-12-16T21:07:42.657+0000] {logging_mixin.py:154} INFO - [2023-12-16T21:07:42.656+0000] {dag.py:3722} INFO - Setting next_dagrun for example_sensor_decorator to None, run_after=None
[2023-12-16T21:07:42.721+0000] {processor.py:179} INFO - Processing /home/airflow/.local/lib/python3.8/site-packages/airflow/example_dags/example_sensor_decorator.py took 0.183 seconds
[2023-12-16T21:08:13.728+0000] {processor.py:157} INFO - Started process (PID=188) to work on /home/airflow/.local/lib/python3.8/site-packages/airflow/example_dags/example_sensor_decorator.py
[2023-12-16T21:08:13.730+0000] {processor.py:829} INFO - Processing file /home/airflow/.local/lib/python3.8/site-packages/airflow/example_dags/example_sensor_decorator.py for tasks to queue
[2023-12-16T21:08:13.735+0000] {logging_mixin.py:154} INFO - [2023-12-16T21:08:13.734+0000] {dagbag.py:536} INFO - Filling up the DagBag from /home/airflow/.local/lib/python3.8/site-packages/airflow/example_dags/example_sensor_decorator.py
[2023-12-16T21:08:13.755+0000] {processor.py:839} INFO - DAG(s) dict_keys(['example_sensor_decorator']) retrieved from /home/airflow/.local/lib/python3.8/site-packages/airflow/example_dags/example_sensor_decorator.py
[2023-12-16T21:08:13.847+0000] {logging_mixin.py:154} INFO - [2023-12-16T21:08:13.846+0000] {dag.py:2941} INFO - Sync 1 DAGs
[2023-12-16T21:08:13.914+0000] {logging_mixin.py:154} INFO - [2023-12-16T21:08:13.913+0000] {dag.py:3722} INFO - Setting next_dagrun for example_sensor_decorator to None, run_after=None
[2023-12-16T21:08:13.999+0000] {processor.py:179} INFO - Processing /home/airflow/.local/lib/python3.8/site-packages/airflow/example_dags/example_sensor_decorator.py took 0.283 seconds
[2023-12-16T21:08:46.789+0000] {processor.py:157} INFO - Started process (PID=242) to work on /home/airflow/.local/lib/python3.8/site-packages/airflow/example_dags/example_sensor_decorator.py
[2023-12-16T21:08:46.797+0000] {processor.py:829} INFO - Processing file /home/airflow/.local/lib/python3.8/site-packages/airflow/example_dags/example_sensor_decorator.py for tasks to queue
[2023-12-16T21:08:46.809+0000] {logging_mixin.py:154} INFO - [2023-12-16T21:08:46.808+0000] {dagbag.py:536} INFO - Filling up the DagBag from /home/airflow/.local/lib/python3.8/site-packages/airflow/example_dags/example_sensor_decorator.py
[2023-12-16T21:08:46.884+0000] {processor.py:839} INFO - DAG(s) dict_keys(['example_sensor_decorator']) retrieved from /home/airflow/.local/lib/python3.8/site-packages/airflow/example_dags/example_sensor_decorator.py
[2023-12-16T21:08:47.068+0000] {logging_mixin.py:154} INFO - [2023-12-16T21:08:47.067+0000] {dag.py:2941} INFO - Sync 1 DAGs
[2023-12-16T21:08:47.183+0000] {logging_mixin.py:154} INFO - [2023-12-16T21:08:47.183+0000] {dag.py:3722} INFO - Setting next_dagrun for example_sensor_decorator to None, run_after=None
[2023-12-16T21:08:47.422+0000] {processor.py:179} INFO - Processing /home/airflow/.local/lib/python3.8/site-packages/airflow/example_dags/example_sensor_decorator.py took 0.656 seconds
[2023-12-16T21:09:17.548+0000] {processor.py:157} INFO - Started process (PID=295) to work on /home/airflow/.local/lib/python3.8/site-packages/airflow/example_dags/example_sensor_decorator.py
[2023-12-16T21:09:17.550+0000] {processor.py:829} INFO - Processing file /home/airflow/.local/lib/python3.8/site-packages/airflow/example_dags/example_sensor_decorator.py for tasks to queue
[2023-12-16T21:09:17.554+0000] {logging_mixin.py:154} INFO - [2023-12-16T21:09:17.553+0000] {dagbag.py:536} INFO - Filling up the DagBag from /home/airflow/.local/lib/python3.8/site-packages/airflow/example_dags/example_sensor_decorator.py
[2023-12-16T21:09:17.563+0000] {processor.py:839} INFO - DAG(s) dict_keys(['example_sensor_decorator']) retrieved from /home/airflow/.local/lib/python3.8/site-packages/airflow/example_dags/example_sensor_decorator.py
[2023-12-16T21:09:17.595+0000] {logging_mixin.py:154} INFO - [2023-12-16T21:09:17.595+0000] {dag.py:2941} INFO - Sync 1 DAGs
[2023-12-16T21:09:17.627+0000] {logging_mixin.py:154} INFO - [2023-12-16T21:09:17.627+0000] {dag.py:3722} INFO - Setting next_dagrun for example_sensor_decorator to None, run_after=None
[2023-12-16T21:09:17.658+0000] {processor.py:179} INFO - Processing /home/airflow/.local/lib/python3.8/site-packages/airflow/example_dags/example_sensor_decorator.py took 0.114 seconds
[2023-12-16T21:09:49.292+0000] {processor.py:157} INFO - Started process (PID=350) to work on /home/airflow/.local/lib/python3.8/site-packages/airflow/example_dags/example_sensor_decorator.py
[2023-12-16T21:09:49.296+0000] {processor.py:829} INFO - Processing file /home/airflow/.local/lib/python3.8/site-packages/airflow/example_dags/example_sensor_decorator.py for tasks to queue
[2023-12-16T21:09:49.301+0000] {logging_mixin.py:154} INFO - [2023-12-16T21:09:49.300+0000] {dagbag.py:536} INFO - Filling up the DagBag from /home/airflow/.local/lib/python3.8/site-packages/airflow/example_dags/example_sensor_decorator.py
[2023-12-16T21:09:49.335+0000] {processor.py:839} INFO - DAG(s) dict_keys(['example_sensor_decorator']) retrieved from /home/airflow/.local/lib/python3.8/site-packages/airflow/example_dags/example_sensor_decorator.py
[2023-12-16T21:09:49.451+0000] {logging_mixin.py:154} INFO - [2023-12-16T21:09:49.451+0000] {dag.py:2941} INFO - Sync 1 DAGs
[2023-12-16T21:09:49.567+0000] {logging_mixin.py:154} INFO - [2023-12-16T21:09:49.567+0000] {dag.py:3722} INFO - Setting next_dagrun for example_sensor_decorator to None, run_after=None
[2023-12-16T21:09:49.729+0000] {processor.py:179} INFO - Processing /home/airflow/.local/lib/python3.8/site-packages/airflow/example_dags/example_sensor_decorator.py took 0.450 seconds
[2023-12-16T21:10:20.467+0000] {processor.py:157} INFO - Started process (PID=404) to work on /home/airflow/.local/lib/python3.8/site-packages/airflow/example_dags/example_sensor_decorator.py
[2023-12-16T21:10:20.469+0000] {processor.py:829} INFO - Processing file /home/airflow/.local/lib/python3.8/site-packages/airflow/example_dags/example_sensor_decorator.py for tasks to queue
[2023-12-16T21:10:20.473+0000] {logging_mixin.py:154} INFO - [2023-12-16T21:10:20.473+0000] {dagbag.py:536} INFO - Filling up the DagBag from /home/airflow/.local/lib/python3.8/site-packages/airflow/example_dags/example_sensor_decorator.py
[2023-12-16T21:10:20.483+0000] {processor.py:839} INFO - DAG(s) dict_keys(['example_sensor_decorator']) retrieved from /home/airflow/.local/lib/python3.8/site-packages/airflow/example_dags/example_sensor_decorator.py
[2023-12-16T21:10:20.519+0000] {logging_mixin.py:154} INFO - [2023-12-16T21:10:20.519+0000] {dag.py:2941} INFO - Sync 1 DAGs
[2023-12-16T21:10:20.545+0000] {logging_mixin.py:154} INFO - [2023-12-16T21:10:20.544+0000] {dag.py:3722} INFO - Setting next_dagrun for example_sensor_decorator to None, run_after=None
[2023-12-16T21:10:20.579+0000] {processor.py:179} INFO - Processing /home/airflow/.local/lib/python3.8/site-packages/airflow/example_dags/example_sensor_decorator.py took 0.117 seconds
[2023-12-16T21:10:50.856+0000] {processor.py:157} INFO - Started process (PID=459) to work on /home/airflow/.local/lib/python3.8/site-packages/airflow/example_dags/example_sensor_decorator.py
[2023-12-16T21:10:50.873+0000] {processor.py:829} INFO - Processing file /home/airflow/.local/lib/python3.8/site-packages/airflow/example_dags/example_sensor_decorator.py for tasks to queue
[2023-12-16T21:10:50.880+0000] {logging_mixin.py:154} INFO - [2023-12-16T21:10:50.879+0000] {dagbag.py:536} INFO - Filling up the DagBag from /home/airflow/.local/lib/python3.8/site-packages/airflow/example_dags/example_sensor_decorator.py
[2023-12-16T21:10:50.903+0000] {processor.py:839} INFO - DAG(s) dict_keys(['example_sensor_decorator']) retrieved from /home/airflow/.local/lib/python3.8/site-packages/airflow/example_dags/example_sensor_decorator.py
[2023-12-16T21:10:50.964+0000] {logging_mixin.py:154} INFO - [2023-12-16T21:10:50.964+0000] {dag.py:2941} INFO - Sync 1 DAGs
[2023-12-16T21:10:51.000+0000] {logging_mixin.py:154} INFO - [2023-12-16T21:10:51.000+0000] {dag.py:3722} INFO - Setting next_dagrun for example_sensor_decorator to None, run_after=None
[2023-12-16T21:10:51.049+0000] {processor.py:179} INFO - Processing /home/airflow/.local/lib/python3.8/site-packages/airflow/example_dags/example_sensor_decorator.py took 0.207 seconds
[2023-12-16T21:11:21.577+0000] {processor.py:157} INFO - Started process (PID=513) to work on /home/airflow/.local/lib/python3.8/site-packages/airflow/example_dags/example_sensor_decorator.py
[2023-12-16T21:11:21.579+0000] {processor.py:829} INFO - Processing file /home/airflow/.local/lib/python3.8/site-packages/airflow/example_dags/example_sensor_decorator.py for tasks to queue
[2023-12-16T21:11:21.585+0000] {logging_mixin.py:154} INFO - [2023-12-16T21:11:21.584+0000] {dagbag.py:536} INFO - Filling up the DagBag from /home/airflow/.local/lib/python3.8/site-packages/airflow/example_dags/example_sensor_decorator.py
[2023-12-16T21:11:21.599+0000] {processor.py:839} INFO - DAG(s) dict_keys(['example_sensor_decorator']) retrieved from /home/airflow/.local/lib/python3.8/site-packages/airflow/example_dags/example_sensor_decorator.py
[2023-12-16T21:11:21.645+0000] {logging_mixin.py:154} INFO - [2023-12-16T21:11:21.645+0000] {dag.py:2941} INFO - Sync 1 DAGs
[2023-12-16T21:11:21.675+0000] {logging_mixin.py:154} INFO - [2023-12-16T21:11:21.675+0000] {dag.py:3722} INFO - Setting next_dagrun for example_sensor_decorator to None, run_after=None
[2023-12-16T21:11:21.731+0000] {processor.py:179} INFO - Processing /home/airflow/.local/lib/python3.8/site-packages/airflow/example_dags/example_sensor_decorator.py took 0.160 seconds
[2023-12-16T21:11:51.847+0000] {processor.py:157} INFO - Started process (PID=567) to work on /home/airflow/.local/lib/python3.8/site-packages/airflow/example_dags/example_sensor_decorator.py
[2023-12-16T21:11:51.849+0000] {processor.py:829} INFO - Processing file /home/airflow/.local/lib/python3.8/site-packages/airflow/example_dags/example_sensor_decorator.py for tasks to queue
[2023-12-16T21:11:51.853+0000] {logging_mixin.py:154} INFO - [2023-12-16T21:11:51.852+0000] {dagbag.py:536} INFO - Filling up the DagBag from /home/airflow/.local/lib/python3.8/site-packages/airflow/example_dags/example_sensor_decorator.py
[2023-12-16T21:11:51.861+0000] {processor.py:839} INFO - DAG(s) dict_keys(['example_sensor_decorator']) retrieved from /home/airflow/.local/lib/python3.8/site-packages/airflow/example_dags/example_sensor_decorator.py
[2023-12-16T21:11:51.893+0000] {logging_mixin.py:154} INFO - [2023-12-16T21:11:51.893+0000] {dag.py:2941} INFO - Sync 1 DAGs
[2023-12-16T21:11:51.913+0000] {logging_mixin.py:154} INFO - [2023-12-16T21:11:51.913+0000] {dag.py:3722} INFO - Setting next_dagrun for example_sensor_decorator to None, run_after=None
[2023-12-16T21:11:51.946+0000] {processor.py:179} INFO - Processing /home/airflow/.local/lib/python3.8/site-packages/airflow/example_dags/example_sensor_decorator.py took 0.104 seconds
[2023-12-16T21:12:22.579+0000] {processor.py:157} INFO - Started process (PID=621) to work on /home/airflow/.local/lib/python3.8/site-packages/airflow/example_dags/example_sensor_decorator.py
[2023-12-16T21:12:22.581+0000] {processor.py:829} INFO - Processing file /home/airflow/.local/lib/python3.8/site-packages/airflow/example_dags/example_sensor_decorator.py for tasks to queue
[2023-12-16T21:12:22.585+0000] {logging_mixin.py:154} INFO - [2023-12-16T21:12:22.584+0000] {dagbag.py:536} INFO - Filling up the DagBag from /home/airflow/.local/lib/python3.8/site-packages/airflow/example_dags/example_sensor_decorator.py
[2023-12-16T21:12:22.594+0000] {processor.py:839} INFO - DAG(s) dict_keys(['example_sensor_decorator']) retrieved from /home/airflow/.local/lib/python3.8/site-packages/airflow/example_dags/example_sensor_decorator.py
[2023-12-16T21:12:22.630+0000] {logging_mixin.py:154} INFO - [2023-12-16T21:12:22.629+0000] {dag.py:2941} INFO - Sync 1 DAGs
[2023-12-16T21:12:22.649+0000] {logging_mixin.py:154} INFO - [2023-12-16T21:12:22.649+0000] {dag.py:3722} INFO - Setting next_dagrun for example_sensor_decorator to None, run_after=None
[2023-12-16T21:12:22.686+0000] {processor.py:179} INFO - Processing /home/airflow/.local/lib/python3.8/site-packages/airflow/example_dags/example_sensor_decorator.py took 0.113 seconds
[2023-12-16T21:12:52.761+0000] {processor.py:157} INFO - Started process (PID=675) to work on /home/airflow/.local/lib/python3.8/site-packages/airflow/example_dags/example_sensor_decorator.py
[2023-12-16T21:12:52.763+0000] {processor.py:829} INFO - Processing file /home/airflow/.local/lib/python3.8/site-packages/airflow/example_dags/example_sensor_decorator.py for tasks to queue
[2023-12-16T21:12:52.768+0000] {logging_mixin.py:154} INFO - [2023-12-16T21:12:52.768+0000] {dagbag.py:536} INFO - Filling up the DagBag from /home/airflow/.local/lib/python3.8/site-packages/airflow/example_dags/example_sensor_decorator.py
[2023-12-16T21:12:52.783+0000] {processor.py:839} INFO - DAG(s) dict_keys(['example_sensor_decorator']) retrieved from /home/airflow/.local/lib/python3.8/site-packages/airflow/example_dags/example_sensor_decorator.py
[2023-12-16T21:12:52.921+0000] {logging_mixin.py:154} INFO - [2023-12-16T21:12:52.920+0000] {dag.py:2941} INFO - Sync 1 DAGs
[2023-12-16T21:12:53.105+0000] {logging_mixin.py:154} INFO - [2023-12-16T21:12:53.097+0000] {dag.py:3722} INFO - Setting next_dagrun for example_sensor_decorator to None, run_after=None
[2023-12-16T21:12:53.258+0000] {processor.py:179} INFO - Processing /home/airflow/.local/lib/python3.8/site-packages/airflow/example_dags/example_sensor_decorator.py took 0.506 seconds
