[2023-12-16T19:22:14.419+0000] {processor.py:157} INFO - Started process (PID=81) to work on /home/airflow/.local/lib/python3.8/site-packages/airflow/example_dags/example_sensors.py
[2023-12-16T19:22:14.430+0000] {processor.py:829} INFO - Processing file /home/airflow/.local/lib/python3.8/site-packages/airflow/example_dags/example_sensors.py for tasks to queue
[2023-12-16T19:22:14.442+0000] {logging_mixin.py:154} INFO - [2023-12-16T19:22:14.442+0000] {dagbag.py:536} INFO - Filling up the DagBag from /home/airflow/.local/lib/python3.8/site-packages/airflow/example_dags/example_sensors.py
[2023-12-16T19:22:14.603+0000] {processor.py:839} INFO - DAG(s) dict_keys(['example_sensors']) retrieved from /home/airflow/.local/lib/python3.8/site-packages/airflow/example_dags/example_sensors.py
[2023-12-16T19:22:15.062+0000] {logging_mixin.py:154} INFO - [2023-12-16T19:22:15.061+0000] {dag.py:2941} INFO - Sync 1 DAGs
[2023-12-16T19:22:15.160+0000] {logging_mixin.py:154} INFO - [2023-12-16T19:22:15.159+0000] {dag.py:3722} INFO - Setting next_dagrun for example_sensors to None, run_after=None
[2023-12-16T19:22:15.554+0000] {processor.py:179} INFO - Processing /home/airflow/.local/lib/python3.8/site-packages/airflow/example_dags/example_sensors.py took 1.155 seconds
[2023-12-16T19:23:30.727+0000] {processor.py:157} INFO - Started process (PID=135) to work on /home/airflow/.local/lib/python3.8/site-packages/airflow/example_dags/example_sensors.py
[2023-12-16T19:23:30.729+0000] {processor.py:829} INFO - Processing file /home/airflow/.local/lib/python3.8/site-packages/airflow/example_dags/example_sensors.py for tasks to queue
[2023-12-16T19:23:30.733+0000] {logging_mixin.py:154} INFO - [2023-12-16T19:23:30.732+0000] {dagbag.py:536} INFO - Filling up the DagBag from /home/airflow/.local/lib/python3.8/site-packages/airflow/example_dags/example_sensors.py
[2023-12-16T19:23:30.773+0000] {processor.py:839} INFO - DAG(s) dict_keys(['example_sensors']) retrieved from /home/airflow/.local/lib/python3.8/site-packages/airflow/example_dags/example_sensors.py
[2023-12-16T19:23:30.859+0000] {logging_mixin.py:154} INFO - [2023-12-16T19:23:30.858+0000] {dag.py:2941} INFO - Sync 1 DAGs
[2023-12-16T19:23:30.901+0000] {logging_mixin.py:154} INFO - [2023-12-16T19:23:30.901+0000] {dag.py:3722} INFO - Setting next_dagrun for example_sensors to None, run_after=None
[2023-12-16T19:23:30.954+0000] {processor.py:179} INFO - Processing /home/airflow/.local/lib/python3.8/site-packages/airflow/example_dags/example_sensors.py took 0.236 seconds
[2023-12-16T19:24:02.781+0000] {processor.py:157} INFO - Started process (PID=189) to work on /home/airflow/.local/lib/python3.8/site-packages/airflow/example_dags/example_sensors.py
[2023-12-16T19:24:02.783+0000] {processor.py:829} INFO - Processing file /home/airflow/.local/lib/python3.8/site-packages/airflow/example_dags/example_sensors.py for tasks to queue
[2023-12-16T19:24:02.789+0000] {logging_mixin.py:154} INFO - [2023-12-16T19:24:02.788+0000] {dagbag.py:536} INFO - Filling up the DagBag from /home/airflow/.local/lib/python3.8/site-packages/airflow/example_dags/example_sensors.py
[2023-12-16T19:24:02.814+0000] {processor.py:839} INFO - DAG(s) dict_keys(['example_sensors']) retrieved from /home/airflow/.local/lib/python3.8/site-packages/airflow/example_dags/example_sensors.py
[2023-12-16T19:24:02.930+0000] {logging_mixin.py:154} INFO - [2023-12-16T19:24:02.930+0000] {dag.py:2941} INFO - Sync 1 DAGs
[2023-12-16T19:24:02.974+0000] {logging_mixin.py:154} INFO - [2023-12-16T19:24:02.974+0000] {dag.py:3722} INFO - Setting next_dagrun for example_sensors to None, run_after=None
[2023-12-16T19:24:03.105+0000] {processor.py:179} INFO - Processing /home/airflow/.local/lib/python3.8/site-packages/airflow/example_dags/example_sensors.py took 0.336 seconds
[2023-12-16T19:36:01.046+0000] {processor.py:157} INFO - Started process (PID=82) to work on /home/airflow/.local/lib/python3.8/site-packages/airflow/example_dags/example_sensors.py
[2023-12-16T19:36:01.093+0000] {processor.py:829} INFO - Processing file /home/airflow/.local/lib/python3.8/site-packages/airflow/example_dags/example_sensors.py for tasks to queue
[2023-12-16T19:36:01.199+0000] {logging_mixin.py:154} INFO - [2023-12-16T19:36:01.198+0000] {dagbag.py:536} INFO - Filling up the DagBag from /home/airflow/.local/lib/python3.8/site-packages/airflow/example_dags/example_sensors.py
[2023-12-16T19:36:01.578+0000] {processor.py:839} INFO - DAG(s) dict_keys(['example_sensors']) retrieved from /home/airflow/.local/lib/python3.8/site-packages/airflow/example_dags/example_sensors.py
[2023-12-16T19:36:01.917+0000] {logging_mixin.py:154} INFO - [2023-12-16T19:36:01.916+0000] {dag.py:2941} INFO - Sync 1 DAGs
[2023-12-16T19:36:02.083+0000] {logging_mixin.py:154} INFO - [2023-12-16T19:36:02.082+0000] {dag.py:3722} INFO - Setting next_dagrun for example_sensors to None, run_after=None
[2023-12-16T19:36:02.411+0000] {processor.py:179} INFO - Processing /home/airflow/.local/lib/python3.8/site-packages/airflow/example_dags/example_sensors.py took 1.502 seconds
[2023-12-16T19:36:53.248+0000] {processor.py:157} INFO - Started process (PID=143) to work on /home/airflow/.local/lib/python3.8/site-packages/airflow/example_dags/example_sensors.py
[2023-12-16T19:36:53.258+0000] {processor.py:829} INFO - Processing file /home/airflow/.local/lib/python3.8/site-packages/airflow/example_dags/example_sensors.py for tasks to queue
[2023-12-16T19:36:53.274+0000] {logging_mixin.py:154} INFO - [2023-12-16T19:36:53.274+0000] {dagbag.py:536} INFO - Filling up the DagBag from /home/airflow/.local/lib/python3.8/site-packages/airflow/example_dags/example_sensors.py
[2023-12-16T19:36:53.328+0000] {processor.py:839} INFO - DAG(s) dict_keys(['example_sensors']) retrieved from /home/airflow/.local/lib/python3.8/site-packages/airflow/example_dags/example_sensors.py
[2023-12-16T19:36:53.528+0000] {logging_mixin.py:154} INFO - [2023-12-16T19:36:53.527+0000] {dag.py:2941} INFO - Sync 1 DAGs
[2023-12-16T19:36:53.681+0000] {logging_mixin.py:154} INFO - [2023-12-16T19:36:53.680+0000] {dag.py:3722} INFO - Setting next_dagrun for example_sensors to None, run_after=None
[2023-12-16T19:36:53.887+0000] {processor.py:179} INFO - Processing /home/airflow/.local/lib/python3.8/site-packages/airflow/example_dags/example_sensors.py took 0.647 seconds
[2023-12-16T19:37:30.848+0000] {processor.py:157} INFO - Started process (PID=197) to work on /home/airflow/.local/lib/python3.8/site-packages/airflow/example_dags/example_sensors.py
[2023-12-16T19:37:31.044+0000] {processor.py:829} INFO - Processing file /home/airflow/.local/lib/python3.8/site-packages/airflow/example_dags/example_sensors.py for tasks to queue
[2023-12-16T19:37:31.109+0000] {logging_mixin.py:154} INFO - [2023-12-16T19:37:31.103+0000] {dagbag.py:536} INFO - Filling up the DagBag from /home/airflow/.local/lib/python3.8/site-packages/airflow/example_dags/example_sensors.py
[2023-12-16T19:37:31.718+0000] {processor.py:839} INFO - DAG(s) dict_keys(['example_sensors']) retrieved from /home/airflow/.local/lib/python3.8/site-packages/airflow/example_dags/example_sensors.py
[2023-12-16T19:37:32.854+0000] {logging_mixin.py:154} INFO - [2023-12-16T19:37:32.853+0000] {dag.py:2941} INFO - Sync 1 DAGs
[2023-12-16T19:37:33.478+0000] {logging_mixin.py:154} INFO - [2023-12-16T19:37:33.478+0000] {dag.py:3722} INFO - Setting next_dagrun for example_sensors to None, run_after=None
[2023-12-16T19:37:34.359+0000] {processor.py:179} INFO - Processing /home/airflow/.local/lib/python3.8/site-packages/airflow/example_dags/example_sensors.py took 3.632 seconds
[2023-12-16T19:43:55.698+0000] {processor.py:157} INFO - Started process (PID=82) to work on /home/airflow/.local/lib/python3.8/site-packages/airflow/example_dags/example_sensors.py
[2023-12-16T19:43:55.714+0000] {processor.py:829} INFO - Processing file /home/airflow/.local/lib/python3.8/site-packages/airflow/example_dags/example_sensors.py for tasks to queue
[2023-12-16T19:43:55.730+0000] {logging_mixin.py:154} INFO - [2023-12-16T19:43:55.729+0000] {dagbag.py:536} INFO - Filling up the DagBag from /home/airflow/.local/lib/python3.8/site-packages/airflow/example_dags/example_sensors.py
[2023-12-16T19:43:55.934+0000] {processor.py:839} INFO - DAG(s) dict_keys(['example_sensors']) retrieved from /home/airflow/.local/lib/python3.8/site-packages/airflow/example_dags/example_sensors.py
[2023-12-16T19:43:56.154+0000] {logging_mixin.py:154} INFO - [2023-12-16T19:43:56.154+0000] {dag.py:2941} INFO - Sync 1 DAGs
[2023-12-16T19:43:56.622+0000] {logging_mixin.py:154} INFO - [2023-12-16T19:43:56.622+0000] {dag.py:3722} INFO - Setting next_dagrun for example_sensors to None, run_after=None
[2023-12-16T19:43:56.847+0000] {processor.py:179} INFO - Processing /home/airflow/.local/lib/python3.8/site-packages/airflow/example_dags/example_sensors.py took 1.171 seconds
[2023-12-16T19:44:42.355+0000] {processor.py:157} INFO - Started process (PID=142) to work on /home/airflow/.local/lib/python3.8/site-packages/airflow/example_dags/example_sensors.py
[2023-12-16T19:44:42.367+0000] {processor.py:829} INFO - Processing file /home/airflow/.local/lib/python3.8/site-packages/airflow/example_dags/example_sensors.py for tasks to queue
[2023-12-16T19:44:42.372+0000] {logging_mixin.py:154} INFO - [2023-12-16T19:44:42.371+0000] {dagbag.py:536} INFO - Filling up the DagBag from /home/airflow/.local/lib/python3.8/site-packages/airflow/example_dags/example_sensors.py
[2023-12-16T19:44:42.486+0000] {processor.py:839} INFO - DAG(s) dict_keys(['example_sensors']) retrieved from /home/airflow/.local/lib/python3.8/site-packages/airflow/example_dags/example_sensors.py
[2023-12-16T19:44:42.616+0000] {logging_mixin.py:154} INFO - [2023-12-16T19:44:42.615+0000] {dag.py:2941} INFO - Sync 1 DAGs
[2023-12-16T19:44:42.662+0000] {logging_mixin.py:154} INFO - [2023-12-16T19:44:42.661+0000] {dag.py:3722} INFO - Setting next_dagrun for example_sensors to None, run_after=None
[2023-12-16T19:44:42.763+0000] {processor.py:179} INFO - Processing /home/airflow/.local/lib/python3.8/site-packages/airflow/example_dags/example_sensors.py took 0.438 seconds
[2023-12-16T19:45:21.049+0000] {processor.py:157} INFO - Started process (PID=195) to work on /home/airflow/.local/lib/python3.8/site-packages/airflow/example_dags/example_sensors.py
[2023-12-16T19:45:21.090+0000] {processor.py:829} INFO - Processing file /home/airflow/.local/lib/python3.8/site-packages/airflow/example_dags/example_sensors.py for tasks to queue
[2023-12-16T19:45:21.102+0000] {logging_mixin.py:154} INFO - [2023-12-16T19:45:21.101+0000] {dagbag.py:536} INFO - Filling up the DagBag from /home/airflow/.local/lib/python3.8/site-packages/airflow/example_dags/example_sensors.py
[2023-12-16T19:45:21.244+0000] {processor.py:839} INFO - DAG(s) dict_keys(['example_sensors']) retrieved from /home/airflow/.local/lib/python3.8/site-packages/airflow/example_dags/example_sensors.py
[2023-12-16T19:45:21.597+0000] {logging_mixin.py:154} INFO - [2023-12-16T19:45:21.597+0000] {dag.py:2941} INFO - Sync 1 DAGs
[2023-12-16T19:45:21.710+0000] {logging_mixin.py:154} INFO - [2023-12-16T19:45:21.710+0000] {dag.py:3722} INFO - Setting next_dagrun for example_sensors to None, run_after=None
[2023-12-16T19:45:21.807+0000] {processor.py:179} INFO - Processing /home/airflow/.local/lib/python3.8/site-packages/airflow/example_dags/example_sensors.py took 0.792 seconds
[2023-12-16T20:04:48.174+0000] {processor.py:157} INFO - Started process (PID=144) to work on /home/airflow/.local/lib/python3.8/site-packages/airflow/example_dags/example_sensors.py
[2023-12-16T20:04:48.209+0000] {processor.py:829} INFO - Processing file /home/airflow/.local/lib/python3.8/site-packages/airflow/example_dags/example_sensors.py for tasks to queue
[2023-12-16T20:04:48.218+0000] {logging_mixin.py:154} INFO - [2023-12-16T20:04:48.217+0000] {dagbag.py:536} INFO - Filling up the DagBag from /home/airflow/.local/lib/python3.8/site-packages/airflow/example_dags/example_sensors.py
[2023-12-16T20:04:48.313+0000] {processor.py:839} INFO - DAG(s) dict_keys(['example_sensors']) retrieved from /home/airflow/.local/lib/python3.8/site-packages/airflow/example_dags/example_sensors.py
[2023-12-16T20:04:48.424+0000] {logging_mixin.py:154} INFO - [2023-12-16T20:04:48.419+0000] {dag.py:2941} INFO - Sync 1 DAGs
[2023-12-16T20:04:48.500+0000] {logging_mixin.py:154} INFO - [2023-12-16T20:04:48.500+0000] {dag.py:3722} INFO - Setting next_dagrun for example_sensors to None, run_after=None
[2023-12-16T20:04:48.632+0000] {processor.py:179} INFO - Processing /home/airflow/.local/lib/python3.8/site-packages/airflow/example_dags/example_sensors.py took 0.467 seconds
[2023-12-16T20:05:28.931+0000] {processor.py:157} INFO - Started process (PID=213) to work on /home/airflow/.local/lib/python3.8/site-packages/airflow/example_dags/example_sensors.py
[2023-12-16T20:05:28.944+0000] {processor.py:829} INFO - Processing file /home/airflow/.local/lib/python3.8/site-packages/airflow/example_dags/example_sensors.py for tasks to queue
[2023-12-16T20:05:28.961+0000] {logging_mixin.py:154} INFO - [2023-12-16T20:05:28.960+0000] {dagbag.py:536} INFO - Filling up the DagBag from /home/airflow/.local/lib/python3.8/site-packages/airflow/example_dags/example_sensors.py
[2023-12-16T20:05:29.054+0000] {processor.py:839} INFO - DAG(s) dict_keys(['example_sensors']) retrieved from /home/airflow/.local/lib/python3.8/site-packages/airflow/example_dags/example_sensors.py
[2023-12-16T20:05:29.234+0000] {logging_mixin.py:154} INFO - [2023-12-16T20:05:29.234+0000] {dag.py:2941} INFO - Sync 1 DAGs
[2023-12-16T20:05:29.309+0000] {logging_mixin.py:154} INFO - [2023-12-16T20:05:29.309+0000] {dag.py:3722} INFO - Setting next_dagrun for example_sensors to None, run_after=None
[2023-12-16T20:05:29.828+0000] {processor.py:179} INFO - Processing /home/airflow/.local/lib/python3.8/site-packages/airflow/example_dags/example_sensors.py took 0.937 seconds
[2023-12-16T20:06:01.324+0000] {processor.py:157} INFO - Started process (PID=281) to work on /home/airflow/.local/lib/python3.8/site-packages/airflow/example_dags/example_sensors.py
[2023-12-16T20:06:01.335+0000] {processor.py:829} INFO - Processing file /home/airflow/.local/lib/python3.8/site-packages/airflow/example_dags/example_sensors.py for tasks to queue
[2023-12-16T20:06:01.388+0000] {logging_mixin.py:154} INFO - [2023-12-16T20:06:01.387+0000] {dagbag.py:536} INFO - Filling up the DagBag from /home/airflow/.local/lib/python3.8/site-packages/airflow/example_dags/example_sensors.py
[2023-12-16T20:06:01.554+0000] {processor.py:839} INFO - DAG(s) dict_keys(['example_sensors']) retrieved from /home/airflow/.local/lib/python3.8/site-packages/airflow/example_dags/example_sensors.py
[2023-12-16T20:06:01.720+0000] {logging_mixin.py:154} INFO - [2023-12-16T20:06:01.720+0000] {dag.py:2941} INFO - Sync 1 DAGs
[2023-12-16T20:06:01.835+0000] {logging_mixin.py:154} INFO - [2023-12-16T20:06:01.835+0000] {dag.py:3722} INFO - Setting next_dagrun for example_sensors to None, run_after=None
[2023-12-16T20:06:02.448+0000] {processor.py:179} INFO - Processing /home/airflow/.local/lib/python3.8/site-packages/airflow/example_dags/example_sensors.py took 1.287 seconds
[2023-12-16T20:20:59.789+0000] {processor.py:157} INFO - Started process (PID=82) to work on /home/airflow/.local/lib/python3.8/site-packages/airflow/example_dags/example_sensors.py
[2023-12-16T20:20:59.792+0000] {processor.py:829} INFO - Processing file /home/airflow/.local/lib/python3.8/site-packages/airflow/example_dags/example_sensors.py for tasks to queue
[2023-12-16T20:20:59.808+0000] {logging_mixin.py:154} INFO - [2023-12-16T20:20:59.808+0000] {dagbag.py:536} INFO - Filling up the DagBag from /home/airflow/.local/lib/python3.8/site-packages/airflow/example_dags/example_sensors.py
[2023-12-16T20:20:59.918+0000] {processor.py:839} INFO - DAG(s) dict_keys(['example_sensors']) retrieved from /home/airflow/.local/lib/python3.8/site-packages/airflow/example_dags/example_sensors.py
[2023-12-16T20:21:00.356+0000] {logging_mixin.py:154} INFO - [2023-12-16T20:21:00.224+0000] {dag.py:2941} INFO - Sync 1 DAGs
[2023-12-16T20:21:00.491+0000] {logging_mixin.py:154} INFO - [2023-12-16T20:21:00.490+0000] {dag.py:3722} INFO - Setting next_dagrun for example_sensors to None, run_after=None
[2023-12-16T20:21:00.816+0000] {processor.py:179} INFO - Processing /home/airflow/.local/lib/python3.8/site-packages/airflow/example_dags/example_sensors.py took 1.046 seconds
[2023-12-16T20:21:31.890+0000] {processor.py:157} INFO - Started process (PID=135) to work on /home/airflow/.local/lib/python3.8/site-packages/airflow/example_dags/example_sensors.py
[2023-12-16T20:21:31.896+0000] {processor.py:829} INFO - Processing file /home/airflow/.local/lib/python3.8/site-packages/airflow/example_dags/example_sensors.py for tasks to queue
[2023-12-16T20:21:31.901+0000] {logging_mixin.py:154} INFO - [2023-12-16T20:21:31.901+0000] {dagbag.py:536} INFO - Filling up the DagBag from /home/airflow/.local/lib/python3.8/site-packages/airflow/example_dags/example_sensors.py
[2023-12-16T20:21:31.969+0000] {processor.py:839} INFO - DAG(s) dict_keys(['example_sensors']) retrieved from /home/airflow/.local/lib/python3.8/site-packages/airflow/example_dags/example_sensors.py
[2023-12-16T20:21:32.113+0000] {logging_mixin.py:154} INFO - [2023-12-16T20:21:32.112+0000] {dag.py:2941} INFO - Sync 1 DAGs
[2023-12-16T20:21:32.232+0000] {logging_mixin.py:154} INFO - [2023-12-16T20:21:32.232+0000] {dag.py:3722} INFO - Setting next_dagrun for example_sensors to None, run_after=None
[2023-12-16T20:21:32.410+0000] {processor.py:179} INFO - Processing /home/airflow/.local/lib/python3.8/site-packages/airflow/example_dags/example_sensors.py took 0.528 seconds
[2023-12-16T20:31:36.437+0000] {processor.py:157} INFO - Started process (PID=84) to work on /home/airflow/.local/lib/python3.8/site-packages/airflow/example_dags/example_sensors.py
[2023-12-16T20:31:36.440+0000] {processor.py:829} INFO - Processing file /home/airflow/.local/lib/python3.8/site-packages/airflow/example_dags/example_sensors.py for tasks to queue
[2023-12-16T20:31:36.446+0000] {logging_mixin.py:154} INFO - [2023-12-16T20:31:36.445+0000] {dagbag.py:536} INFO - Filling up the DagBag from /home/airflow/.local/lib/python3.8/site-packages/airflow/example_dags/example_sensors.py
[2023-12-16T20:31:36.477+0000] {processor.py:839} INFO - DAG(s) dict_keys(['example_sensors']) retrieved from /home/airflow/.local/lib/python3.8/site-packages/airflow/example_dags/example_sensors.py
[2023-12-16T20:31:36.611+0000] {logging_mixin.py:154} INFO - [2023-12-16T20:31:36.610+0000] {dag.py:2941} INFO - Sync 1 DAGs
[2023-12-16T20:31:36.652+0000] {logging_mixin.py:154} INFO - [2023-12-16T20:31:36.652+0000] {dag.py:3722} INFO - Setting next_dagrun for example_sensors to None, run_after=None
[2023-12-16T20:31:36.701+0000] {processor.py:179} INFO - Processing /home/airflow/.local/lib/python3.8/site-packages/airflow/example_dags/example_sensors.py took 0.272 seconds
[2023-12-16T20:32:07.078+0000] {processor.py:157} INFO - Started process (PID=136) to work on /home/airflow/.local/lib/python3.8/site-packages/airflow/example_dags/example_sensors.py
[2023-12-16T20:32:07.089+0000] {processor.py:829} INFO - Processing file /home/airflow/.local/lib/python3.8/site-packages/airflow/example_dags/example_sensors.py for tasks to queue
[2023-12-16T20:32:07.103+0000] {logging_mixin.py:154} INFO - [2023-12-16T20:32:07.102+0000] {dagbag.py:536} INFO - Filling up the DagBag from /home/airflow/.local/lib/python3.8/site-packages/airflow/example_dags/example_sensors.py
[2023-12-16T20:32:07.176+0000] {processor.py:839} INFO - DAG(s) dict_keys(['example_sensors']) retrieved from /home/airflow/.local/lib/python3.8/site-packages/airflow/example_dags/example_sensors.py
[2023-12-16T20:32:07.394+0000] {logging_mixin.py:154} INFO - [2023-12-16T20:32:07.394+0000] {dag.py:2941} INFO - Sync 1 DAGs
[2023-12-16T20:32:07.452+0000] {logging_mixin.py:154} INFO - [2023-12-16T20:32:07.451+0000] {dag.py:3722} INFO - Setting next_dagrun for example_sensors to None, run_after=None
[2023-12-16T20:32:07.548+0000] {processor.py:179} INFO - Processing /home/airflow/.local/lib/python3.8/site-packages/airflow/example_dags/example_sensors.py took 0.478 seconds
[2023-12-16T20:34:39.123+0000] {processor.py:157} INFO - Started process (PID=75) to work on /home/airflow/.local/lib/python3.8/site-packages/airflow/example_dags/example_sensors.py
[2023-12-16T20:34:39.136+0000] {processor.py:829} INFO - Processing file /home/airflow/.local/lib/python3.8/site-packages/airflow/example_dags/example_sensors.py for tasks to queue
[2023-12-16T20:34:39.149+0000] {logging_mixin.py:154} INFO - [2023-12-16T20:34:39.148+0000] {dagbag.py:536} INFO - Filling up the DagBag from /home/airflow/.local/lib/python3.8/site-packages/airflow/example_dags/example_sensors.py
[2023-12-16T20:34:39.294+0000] {processor.py:839} INFO - DAG(s) dict_keys(['example_sensors']) retrieved from /home/airflow/.local/lib/python3.8/site-packages/airflow/example_dags/example_sensors.py
[2023-12-16T20:34:39.590+0000] {logging_mixin.py:154} INFO - [2023-12-16T20:34:39.590+0000] {dag.py:2941} INFO - Sync 1 DAGs
[2023-12-16T20:34:39.887+0000] {logging_mixin.py:154} INFO - [2023-12-16T20:34:39.887+0000] {dag.py:3722} INFO - Setting next_dagrun for example_sensors to None, run_after=None
[2023-12-16T20:34:40.112+0000] {processor.py:179} INFO - Processing /home/airflow/.local/lib/python3.8/site-packages/airflow/example_dags/example_sensors.py took 1.009 seconds
[2023-12-16T20:35:25.520+0000] {processor.py:157} INFO - Started process (PID=129) to work on /home/airflow/.local/lib/python3.8/site-packages/airflow/example_dags/example_sensors.py
[2023-12-16T20:35:25.551+0000] {processor.py:829} INFO - Processing file /home/airflow/.local/lib/python3.8/site-packages/airflow/example_dags/example_sensors.py for tasks to queue
[2023-12-16T20:35:25.563+0000] {logging_mixin.py:154} INFO - [2023-12-16T20:35:25.562+0000] {dagbag.py:536} INFO - Filling up the DagBag from /home/airflow/.local/lib/python3.8/site-packages/airflow/example_dags/example_sensors.py
[2023-12-16T20:35:25.641+0000] {processor.py:839} INFO - DAG(s) dict_keys(['example_sensors']) retrieved from /home/airflow/.local/lib/python3.8/site-packages/airflow/example_dags/example_sensors.py
[2023-12-16T20:35:25.913+0000] {logging_mixin.py:154} INFO - [2023-12-16T20:35:25.912+0000] {dag.py:2941} INFO - Sync 1 DAGs
[2023-12-16T20:35:26.016+0000] {logging_mixin.py:154} INFO - [2023-12-16T20:35:26.016+0000] {dag.py:3722} INFO - Setting next_dagrun for example_sensors to None, run_after=None
[2023-12-16T20:35:26.215+0000] {processor.py:179} INFO - Processing /home/airflow/.local/lib/python3.8/site-packages/airflow/example_dags/example_sensors.py took 0.702 seconds
[2023-12-16T21:01:07.400+0000] {processor.py:157} INFO - Started process (PID=83) to work on /home/airflow/.local/lib/python3.8/site-packages/airflow/example_dags/example_sensors.py
[2023-12-16T21:01:07.403+0000] {processor.py:829} INFO - Processing file /home/airflow/.local/lib/python3.8/site-packages/airflow/example_dags/example_sensors.py for tasks to queue
[2023-12-16T21:01:07.409+0000] {logging_mixin.py:154} INFO - [2023-12-16T21:01:07.408+0000] {dagbag.py:536} INFO - Filling up the DagBag from /home/airflow/.local/lib/python3.8/site-packages/airflow/example_dags/example_sensors.py
[2023-12-16T21:01:07.437+0000] {processor.py:839} INFO - DAG(s) dict_keys(['example_sensors']) retrieved from /home/airflow/.local/lib/python3.8/site-packages/airflow/example_dags/example_sensors.py
[2023-12-16T21:01:07.507+0000] {logging_mixin.py:154} INFO - [2023-12-16T21:01:07.507+0000] {dag.py:2941} INFO - Sync 1 DAGs
[2023-12-16T21:01:07.543+0000] {logging_mixin.py:154} INFO - [2023-12-16T21:01:07.543+0000] {dag.py:3722} INFO - Setting next_dagrun for example_sensors to None, run_after=None
[2023-12-16T21:01:07.596+0000] {processor.py:179} INFO - Processing /home/airflow/.local/lib/python3.8/site-packages/airflow/example_dags/example_sensors.py took 0.204 seconds
[2023-12-16T21:01:39.489+0000] {processor.py:157} INFO - Started process (PID=137) to work on /home/airflow/.local/lib/python3.8/site-packages/airflow/example_dags/example_sensors.py
[2023-12-16T21:01:39.492+0000] {processor.py:829} INFO - Processing file /home/airflow/.local/lib/python3.8/site-packages/airflow/example_dags/example_sensors.py for tasks to queue
[2023-12-16T21:01:39.509+0000] {logging_mixin.py:154} INFO - [2023-12-16T21:01:39.508+0000] {dagbag.py:536} INFO - Filling up the DagBag from /home/airflow/.local/lib/python3.8/site-packages/airflow/example_dags/example_sensors.py
[2023-12-16T21:01:39.588+0000] {processor.py:839} INFO - DAG(s) dict_keys(['example_sensors']) retrieved from /home/airflow/.local/lib/python3.8/site-packages/airflow/example_dags/example_sensors.py
[2023-12-16T21:01:39.740+0000] {logging_mixin.py:154} INFO - [2023-12-16T21:01:39.739+0000] {dag.py:2941} INFO - Sync 1 DAGs
[2023-12-16T21:01:39.804+0000] {logging_mixin.py:154} INFO - [2023-12-16T21:01:39.803+0000] {dag.py:3722} INFO - Setting next_dagrun for example_sensors to None, run_after=None
[2023-12-16T21:01:39.884+0000] {processor.py:179} INFO - Processing /home/airflow/.local/lib/python3.8/site-packages/airflow/example_dags/example_sensors.py took 0.411 seconds
[2023-12-16T21:02:11.866+0000] {processor.py:157} INFO - Started process (PID=191) to work on /home/airflow/.local/lib/python3.8/site-packages/airflow/example_dags/example_sensors.py
[2023-12-16T21:02:11.900+0000] {processor.py:829} INFO - Processing file /home/airflow/.local/lib/python3.8/site-packages/airflow/example_dags/example_sensors.py for tasks to queue
[2023-12-16T21:02:11.912+0000] {logging_mixin.py:154} INFO - [2023-12-16T21:02:11.911+0000] {dagbag.py:536} INFO - Filling up the DagBag from /home/airflow/.local/lib/python3.8/site-packages/airflow/example_dags/example_sensors.py
[2023-12-16T21:02:12.057+0000] {processor.py:839} INFO - DAG(s) dict_keys(['example_sensors']) retrieved from /home/airflow/.local/lib/python3.8/site-packages/airflow/example_dags/example_sensors.py
[2023-12-16T21:02:12.220+0000] {logging_mixin.py:154} INFO - [2023-12-16T21:02:12.220+0000] {dag.py:2941} INFO - Sync 1 DAGs
[2023-12-16T21:02:12.326+0000] {logging_mixin.py:154} INFO - [2023-12-16T21:02:12.309+0000] {dag.py:3722} INFO - Setting next_dagrun for example_sensors to None, run_after=None
[2023-12-16T21:02:12.459+0000] {processor.py:179} INFO - Processing /home/airflow/.local/lib/python3.8/site-packages/airflow/example_dags/example_sensors.py took 0.602 seconds
[2023-12-16T21:07:11.162+0000] {processor.py:157} INFO - Started process (PID=77) to work on /home/airflow/.local/lib/python3.8/site-packages/airflow/example_dags/example_sensors.py
[2023-12-16T21:07:11.168+0000] {processor.py:829} INFO - Processing file /home/airflow/.local/lib/python3.8/site-packages/airflow/example_dags/example_sensors.py for tasks to queue
[2023-12-16T21:07:11.174+0000] {logging_mixin.py:154} INFO - [2023-12-16T21:07:11.173+0000] {dagbag.py:536} INFO - Filling up the DagBag from /home/airflow/.local/lib/python3.8/site-packages/airflow/example_dags/example_sensors.py
[2023-12-16T21:07:11.199+0000] {processor.py:839} INFO - DAG(s) dict_keys(['example_sensors']) retrieved from /home/airflow/.local/lib/python3.8/site-packages/airflow/example_dags/example_sensors.py
[2023-12-16T21:07:11.256+0000] {logging_mixin.py:154} INFO - [2023-12-16T21:07:11.256+0000] {dag.py:2941} INFO - Sync 1 DAGs
[2023-12-16T21:07:11.283+0000] {logging_mixin.py:154} INFO - [2023-12-16T21:07:11.282+0000] {dag.py:3722} INFO - Setting next_dagrun for example_sensors to None, run_after=None
[2023-12-16T21:07:11.328+0000] {processor.py:179} INFO - Processing /home/airflow/.local/lib/python3.8/site-packages/airflow/example_dags/example_sensors.py took 0.174 seconds
[2023-12-16T21:07:42.081+0000] {processor.py:157} INFO - Started process (PID=131) to work on /home/airflow/.local/lib/python3.8/site-packages/airflow/example_dags/example_sensors.py
[2023-12-16T21:07:42.083+0000] {processor.py:829} INFO - Processing file /home/airflow/.local/lib/python3.8/site-packages/airflow/example_dags/example_sensors.py for tasks to queue
[2023-12-16T21:07:42.095+0000] {logging_mixin.py:154} INFO - [2023-12-16T21:07:42.094+0000] {dagbag.py:536} INFO - Filling up the DagBag from /home/airflow/.local/lib/python3.8/site-packages/airflow/example_dags/example_sensors.py
[2023-12-16T21:07:42.152+0000] {processor.py:839} INFO - DAG(s) dict_keys(['example_sensors']) retrieved from /home/airflow/.local/lib/python3.8/site-packages/airflow/example_dags/example_sensors.py
[2023-12-16T21:07:42.266+0000] {logging_mixin.py:154} INFO - [2023-12-16T21:07:42.265+0000] {dag.py:2941} INFO - Sync 1 DAGs
[2023-12-16T21:07:42.315+0000] {logging_mixin.py:154} INFO - [2023-12-16T21:07:42.315+0000] {dag.py:3722} INFO - Setting next_dagrun for example_sensors to None, run_after=None
[2023-12-16T21:07:42.375+0000] {processor.py:179} INFO - Processing /home/airflow/.local/lib/python3.8/site-packages/airflow/example_dags/example_sensors.py took 0.310 seconds
[2023-12-16T21:08:12.901+0000] {processor.py:157} INFO - Started process (PID=185) to work on /home/airflow/.local/lib/python3.8/site-packages/airflow/example_dags/example_sensors.py
[2023-12-16T21:08:12.904+0000] {processor.py:829} INFO - Processing file /home/airflow/.local/lib/python3.8/site-packages/airflow/example_dags/example_sensors.py for tasks to queue
[2023-12-16T21:08:12.915+0000] {logging_mixin.py:154} INFO - [2023-12-16T21:08:12.914+0000] {dagbag.py:536} INFO - Filling up the DagBag from /home/airflow/.local/lib/python3.8/site-packages/airflow/example_dags/example_sensors.py
[2023-12-16T21:08:12.949+0000] {processor.py:839} INFO - DAG(s) dict_keys(['example_sensors']) retrieved from /home/airflow/.local/lib/python3.8/site-packages/airflow/example_dags/example_sensors.py
[2023-12-16T21:08:13.067+0000] {logging_mixin.py:154} INFO - [2023-12-16T21:08:13.066+0000] {dag.py:2941} INFO - Sync 1 DAGs
[2023-12-16T21:08:13.121+0000] {logging_mixin.py:154} INFO - [2023-12-16T21:08:13.121+0000] {dag.py:3722} INFO - Setting next_dagrun for example_sensors to None, run_after=None
[2023-12-16T21:08:13.236+0000] {processor.py:179} INFO - Processing /home/airflow/.local/lib/python3.8/site-packages/airflow/example_dags/example_sensors.py took 0.342 seconds
[2023-12-16T21:08:44.919+0000] {processor.py:157} INFO - Started process (PID=239) to work on /home/airflow/.local/lib/python3.8/site-packages/airflow/example_dags/example_sensors.py
[2023-12-16T21:08:45.057+0000] {processor.py:829} INFO - Processing file /home/airflow/.local/lib/python3.8/site-packages/airflow/example_dags/example_sensors.py for tasks to queue
[2023-12-16T21:08:45.124+0000] {logging_mixin.py:154} INFO - [2023-12-16T21:08:45.120+0000] {dagbag.py:536} INFO - Filling up the DagBag from /home/airflow/.local/lib/python3.8/site-packages/airflow/example_dags/example_sensors.py
[2023-12-16T21:08:45.227+0000] {processor.py:839} INFO - DAG(s) dict_keys(['example_sensors']) retrieved from /home/airflow/.local/lib/python3.8/site-packages/airflow/example_dags/example_sensors.py
[2023-12-16T21:08:45.425+0000] {logging_mixin.py:154} INFO - [2023-12-16T21:08:45.425+0000] {dag.py:2941} INFO - Sync 1 DAGs
[2023-12-16T21:08:45.626+0000] {logging_mixin.py:154} INFO - [2023-12-16T21:08:45.626+0000] {dag.py:3722} INFO - Setting next_dagrun for example_sensors to None, run_after=None
[2023-12-16T21:08:45.835+0000] {processor.py:179} INFO - Processing /home/airflow/.local/lib/python3.8/site-packages/airflow/example_dags/example_sensors.py took 0.979 seconds
[2023-12-16T21:09:16.294+0000] {processor.py:157} INFO - Started process (PID=293) to work on /home/airflow/.local/lib/python3.8/site-packages/airflow/example_dags/example_sensors.py
[2023-12-16T21:09:16.296+0000] {processor.py:829} INFO - Processing file /home/airflow/.local/lib/python3.8/site-packages/airflow/example_dags/example_sensors.py for tasks to queue
[2023-12-16T21:09:16.300+0000] {logging_mixin.py:154} INFO - [2023-12-16T21:09:16.299+0000] {dagbag.py:536} INFO - Filling up the DagBag from /home/airflow/.local/lib/python3.8/site-packages/airflow/example_dags/example_sensors.py
[2023-12-16T21:09:16.322+0000] {processor.py:839} INFO - DAG(s) dict_keys(['example_sensors']) retrieved from /home/airflow/.local/lib/python3.8/site-packages/airflow/example_dags/example_sensors.py
[2023-12-16T21:09:16.378+0000] {logging_mixin.py:154} INFO - [2023-12-16T21:09:16.377+0000] {dag.py:2941} INFO - Sync 1 DAGs
[2023-12-16T21:09:16.406+0000] {logging_mixin.py:154} INFO - [2023-12-16T21:09:16.406+0000] {dag.py:3722} INFO - Setting next_dagrun for example_sensors to None, run_after=None
[2023-12-16T21:09:16.455+0000] {processor.py:179} INFO - Processing /home/airflow/.local/lib/python3.8/site-packages/airflow/example_dags/example_sensors.py took 0.168 seconds
[2023-12-16T21:09:47.169+0000] {processor.py:157} INFO - Started process (PID=347) to work on /home/airflow/.local/lib/python3.8/site-packages/airflow/example_dags/example_sensors.py
[2023-12-16T21:09:47.197+0000] {processor.py:829} INFO - Processing file /home/airflow/.local/lib/python3.8/site-packages/airflow/example_dags/example_sensors.py for tasks to queue
[2023-12-16T21:09:47.214+0000] {logging_mixin.py:154} INFO - [2023-12-16T21:09:47.214+0000] {dagbag.py:536} INFO - Filling up the DagBag from /home/airflow/.local/lib/python3.8/site-packages/airflow/example_dags/example_sensors.py
[2023-12-16T21:09:47.339+0000] {processor.py:839} INFO - DAG(s) dict_keys(['example_sensors']) retrieved from /home/airflow/.local/lib/python3.8/site-packages/airflow/example_dags/example_sensors.py
[2023-12-16T21:09:47.965+0000] {logging_mixin.py:154} INFO - [2023-12-16T21:09:47.964+0000] {dag.py:2941} INFO - Sync 1 DAGs
[2023-12-16T21:09:48.161+0000] {logging_mixin.py:154} INFO - [2023-12-16T21:09:48.160+0000] {dag.py:3722} INFO - Setting next_dagrun for example_sensors to None, run_after=None
[2023-12-16T21:09:48.395+0000] {processor.py:179} INFO - Processing /home/airflow/.local/lib/python3.8/site-packages/airflow/example_dags/example_sensors.py took 1.246 seconds
[2023-12-16T21:10:19.236+0000] {processor.py:157} INFO - Started process (PID=401) to work on /home/airflow/.local/lib/python3.8/site-packages/airflow/example_dags/example_sensors.py
[2023-12-16T21:10:19.239+0000] {processor.py:829} INFO - Processing file /home/airflow/.local/lib/python3.8/site-packages/airflow/example_dags/example_sensors.py for tasks to queue
[2023-12-16T21:10:19.244+0000] {logging_mixin.py:154} INFO - [2023-12-16T21:10:19.244+0000] {dagbag.py:536} INFO - Filling up the DagBag from /home/airflow/.local/lib/python3.8/site-packages/airflow/example_dags/example_sensors.py
[2023-12-16T21:10:19.263+0000] {processor.py:839} INFO - DAG(s) dict_keys(['example_sensors']) retrieved from /home/airflow/.local/lib/python3.8/site-packages/airflow/example_dags/example_sensors.py
[2023-12-16T21:10:19.321+0000] {logging_mixin.py:154} INFO - [2023-12-16T21:10:19.321+0000] {dag.py:2941} INFO - Sync 1 DAGs
[2023-12-16T21:10:19.350+0000] {logging_mixin.py:154} INFO - [2023-12-16T21:10:19.349+0000] {dag.py:3722} INFO - Setting next_dagrun for example_sensors to None, run_after=None
[2023-12-16T21:10:19.390+0000] {processor.py:179} INFO - Processing /home/airflow/.local/lib/python3.8/site-packages/airflow/example_dags/example_sensors.py took 0.161 seconds
[2023-12-16T21:10:49.602+0000] {processor.py:157} INFO - Started process (PID=456) to work on /home/airflow/.local/lib/python3.8/site-packages/airflow/example_dags/example_sensors.py
[2023-12-16T21:10:49.611+0000] {processor.py:829} INFO - Processing file /home/airflow/.local/lib/python3.8/site-packages/airflow/example_dags/example_sensors.py for tasks to queue
[2023-12-16T21:10:49.617+0000] {logging_mixin.py:154} INFO - [2023-12-16T21:10:49.617+0000] {dagbag.py:536} INFO - Filling up the DagBag from /home/airflow/.local/lib/python3.8/site-packages/airflow/example_dags/example_sensors.py
[2023-12-16T21:10:49.635+0000] {processor.py:839} INFO - DAG(s) dict_keys(['example_sensors']) retrieved from /home/airflow/.local/lib/python3.8/site-packages/airflow/example_dags/example_sensors.py
[2023-12-16T21:10:49.685+0000] {logging_mixin.py:154} INFO - [2023-12-16T21:10:49.685+0000] {dag.py:2941} INFO - Sync 1 DAGs
[2023-12-16T21:10:49.708+0000] {logging_mixin.py:154} INFO - [2023-12-16T21:10:49.707+0000] {dag.py:3722} INFO - Setting next_dagrun for example_sensors to None, run_after=None
[2023-12-16T21:10:49.742+0000] {processor.py:179} INFO - Processing /home/airflow/.local/lib/python3.8/site-packages/airflow/example_dags/example_sensors.py took 0.148 seconds
[2023-12-16T21:11:20.299+0000] {processor.py:157} INFO - Started process (PID=510) to work on /home/airflow/.local/lib/python3.8/site-packages/airflow/example_dags/example_sensors.py
[2023-12-16T21:11:20.307+0000] {processor.py:829} INFO - Processing file /home/airflow/.local/lib/python3.8/site-packages/airflow/example_dags/example_sensors.py for tasks to queue
[2023-12-16T21:11:20.312+0000] {logging_mixin.py:154} INFO - [2023-12-16T21:11:20.311+0000] {dagbag.py:536} INFO - Filling up the DagBag from /home/airflow/.local/lib/python3.8/site-packages/airflow/example_dags/example_sensors.py
[2023-12-16T21:11:20.352+0000] {processor.py:839} INFO - DAG(s) dict_keys(['example_sensors']) retrieved from /home/airflow/.local/lib/python3.8/site-packages/airflow/example_dags/example_sensors.py
[2023-12-16T21:11:20.410+0000] {logging_mixin.py:154} INFO - [2023-12-16T21:11:20.410+0000] {dag.py:2941} INFO - Sync 1 DAGs
[2023-12-16T21:11:20.435+0000] {logging_mixin.py:154} INFO - [2023-12-16T21:11:20.435+0000] {dag.py:3722} INFO - Setting next_dagrun for example_sensors to None, run_after=None
[2023-12-16T21:11:20.474+0000] {processor.py:179} INFO - Processing /home/airflow/.local/lib/python3.8/site-packages/airflow/example_dags/example_sensors.py took 0.186 seconds
[2023-12-16T21:11:50.632+0000] {processor.py:157} INFO - Started process (PID=564) to work on /home/airflow/.local/lib/python3.8/site-packages/airflow/example_dags/example_sensors.py
[2023-12-16T21:11:50.634+0000] {processor.py:829} INFO - Processing file /home/airflow/.local/lib/python3.8/site-packages/airflow/example_dags/example_sensors.py for tasks to queue
[2023-12-16T21:11:50.639+0000] {logging_mixin.py:154} INFO - [2023-12-16T21:11:50.638+0000] {dagbag.py:536} INFO - Filling up the DagBag from /home/airflow/.local/lib/python3.8/site-packages/airflow/example_dags/example_sensors.py
[2023-12-16T21:11:50.658+0000] {processor.py:839} INFO - DAG(s) dict_keys(['example_sensors']) retrieved from /home/airflow/.local/lib/python3.8/site-packages/airflow/example_dags/example_sensors.py
[2023-12-16T21:11:50.708+0000] {logging_mixin.py:154} INFO - [2023-12-16T21:11:50.708+0000] {dag.py:2941} INFO - Sync 1 DAGs
[2023-12-16T21:11:50.739+0000] {logging_mixin.py:154} INFO - [2023-12-16T21:11:50.739+0000] {dag.py:3722} INFO - Setting next_dagrun for example_sensors to None, run_after=None
[2023-12-16T21:11:50.779+0000] {processor.py:179} INFO - Processing /home/airflow/.local/lib/python3.8/site-packages/airflow/example_dags/example_sensors.py took 0.153 seconds
[2023-12-16T21:12:21.350+0000] {processor.py:157} INFO - Started process (PID=618) to work on /home/airflow/.local/lib/python3.8/site-packages/airflow/example_dags/example_sensors.py
[2023-12-16T21:12:21.352+0000] {processor.py:829} INFO - Processing file /home/airflow/.local/lib/python3.8/site-packages/airflow/example_dags/example_sensors.py for tasks to queue
[2023-12-16T21:12:21.358+0000] {logging_mixin.py:154} INFO - [2023-12-16T21:12:21.358+0000] {dagbag.py:536} INFO - Filling up the DagBag from /home/airflow/.local/lib/python3.8/site-packages/airflow/example_dags/example_sensors.py
[2023-12-16T21:12:21.381+0000] {processor.py:839} INFO - DAG(s) dict_keys(['example_sensors']) retrieved from /home/airflow/.local/lib/python3.8/site-packages/airflow/example_dags/example_sensors.py
[2023-12-16T21:12:21.437+0000] {logging_mixin.py:154} INFO - [2023-12-16T21:12:21.437+0000] {dag.py:2941} INFO - Sync 1 DAGs
[2023-12-16T21:12:21.461+0000] {logging_mixin.py:154} INFO - [2023-12-16T21:12:21.461+0000] {dag.py:3722} INFO - Setting next_dagrun for example_sensors to None, run_after=None
[2023-12-16T21:12:21.498+0000] {processor.py:179} INFO - Processing /home/airflow/.local/lib/python3.8/site-packages/airflow/example_dags/example_sensors.py took 0.155 seconds
[2023-12-16T21:12:52.219+0000] {processor.py:157} INFO - Started process (PID=672) to work on /home/airflow/.local/lib/python3.8/site-packages/airflow/example_dags/example_sensors.py
[2023-12-16T21:12:52.222+0000] {processor.py:829} INFO - Processing file /home/airflow/.local/lib/python3.8/site-packages/airflow/example_dags/example_sensors.py for tasks to queue
[2023-12-16T21:12:52.229+0000] {logging_mixin.py:154} INFO - [2023-12-16T21:12:52.228+0000] {dagbag.py:536} INFO - Filling up the DagBag from /home/airflow/.local/lib/python3.8/site-packages/airflow/example_dags/example_sensors.py
[2023-12-16T21:12:52.258+0000] {processor.py:839} INFO - DAG(s) dict_keys(['example_sensors']) retrieved from /home/airflow/.local/lib/python3.8/site-packages/airflow/example_dags/example_sensors.py
[2023-12-16T21:12:52.344+0000] {logging_mixin.py:154} INFO - [2023-12-16T21:12:52.343+0000] {dag.py:2941} INFO - Sync 1 DAGs
[2023-12-16T21:12:52.384+0000] {logging_mixin.py:154} INFO - [2023-12-16T21:12:52.383+0000] {dag.py:3722} INFO - Setting next_dagrun for example_sensors to None, run_after=None
[2023-12-16T21:12:52.444+0000] {processor.py:179} INFO - Processing /home/airflow/.local/lib/python3.8/site-packages/airflow/example_dags/example_sensors.py took 0.234 seconds
