[2023-12-16T19:22:06.966+0000] {processor.py:157} INFO - Started process (PID=65) to work on /home/airflow/.local/lib/python3.8/site-packages/airflow/example_dags/example_bash_operator.py
[2023-12-16T19:22:06.972+0000] {processor.py:829} INFO - Processing file /home/airflow/.local/lib/python3.8/site-packages/airflow/example_dags/example_bash_operator.py for tasks to queue
[2023-12-16T19:22:06.982+0000] {logging_mixin.py:154} INFO - [2023-12-16T19:22:06.982+0000] {dagbag.py:536} INFO - Filling up the DagBag from /home/airflow/.local/lib/python3.8/site-packages/airflow/example_dags/example_bash_operator.py
[2023-12-16T19:22:07.273+0000] {processor.py:839} INFO - DAG(s) dict_keys(['example_bash_operator']) retrieved from /home/airflow/.local/lib/python3.8/site-packages/airflow/example_dags/example_bash_operator.py
[2023-12-16T19:22:08.010+0000] {logging_mixin.py:154} INFO - [2023-12-16T19:22:08.010+0000] {dag.py:2941} INFO - Sync 1 DAGs
[2023-12-16T19:22:08.416+0000] {logging_mixin.py:154} INFO - [2023-12-16T19:22:08.416+0000] {dag.py:3722} INFO - Setting next_dagrun for example_bash_operator to 2023-12-15T00:00:00+00:00, run_after=2023-12-16T00:00:00+00:00
[2023-12-16T19:22:08.594+0000] {processor.py:179} INFO - Processing /home/airflow/.local/lib/python3.8/site-packages/airflow/example_dags/example_bash_operator.py took 1.668 seconds
[2023-12-16T19:23:26.154+0000] {processor.py:157} INFO - Started process (PID=125) to work on /home/airflow/.local/lib/python3.8/site-packages/airflow/example_dags/example_bash_operator.py
[2023-12-16T19:23:26.157+0000] {processor.py:829} INFO - Processing file /home/airflow/.local/lib/python3.8/site-packages/airflow/example_dags/example_bash_operator.py for tasks to queue
[2023-12-16T19:23:26.171+0000] {logging_mixin.py:154} INFO - [2023-12-16T19:23:26.170+0000] {dagbag.py:536} INFO - Filling up the DagBag from /home/airflow/.local/lib/python3.8/site-packages/airflow/example_dags/example_bash_operator.py
[2023-12-16T19:23:26.213+0000] {processor.py:839} INFO - DAG(s) dict_keys(['example_bash_operator']) retrieved from /home/airflow/.local/lib/python3.8/site-packages/airflow/example_dags/example_bash_operator.py
[2023-12-16T19:23:26.467+0000] {logging_mixin.py:154} INFO - [2023-12-16T19:23:26.467+0000] {dag.py:2941} INFO - Sync 1 DAGs
[2023-12-16T19:23:26.648+0000] {logging_mixin.py:154} INFO - [2023-12-16T19:23:26.647+0000] {dag.py:3722} INFO - Setting next_dagrun for example_bash_operator to 2023-12-15T00:00:00+00:00, run_after=2023-12-16T00:00:00+00:00
[2023-12-16T19:23:26.856+0000] {processor.py:179} INFO - Processing /home/airflow/.local/lib/python3.8/site-packages/airflow/example_dags/example_bash_operator.py took 0.736 seconds
[2023-12-16T19:23:57.489+0000] {processor.py:157} INFO - Started process (PID=177) to work on /home/airflow/.local/lib/python3.8/site-packages/airflow/example_dags/example_bash_operator.py
[2023-12-16T19:23:57.496+0000] {processor.py:829} INFO - Processing file /home/airflow/.local/lib/python3.8/site-packages/airflow/example_dags/example_bash_operator.py for tasks to queue
[2023-12-16T19:23:57.503+0000] {logging_mixin.py:154} INFO - [2023-12-16T19:23:57.502+0000] {dagbag.py:536} INFO - Filling up the DagBag from /home/airflow/.local/lib/python3.8/site-packages/airflow/example_dags/example_bash_operator.py
[2023-12-16T19:23:57.541+0000] {processor.py:839} INFO - DAG(s) dict_keys(['example_bash_operator']) retrieved from /home/airflow/.local/lib/python3.8/site-packages/airflow/example_dags/example_bash_operator.py
[2023-12-16T19:23:57.601+0000] {logging_mixin.py:154} INFO - [2023-12-16T19:23:57.601+0000] {dag.py:2941} INFO - Sync 1 DAGs
[2023-12-16T19:23:57.659+0000] {logging_mixin.py:154} INFO - [2023-12-16T19:23:57.659+0000] {dag.py:3722} INFO - Setting next_dagrun for example_bash_operator to 2023-12-15T00:00:00+00:00, run_after=2023-12-16T00:00:00+00:00
[2023-12-16T19:23:57.823+0000] {processor.py:179} INFO - Processing /home/airflow/.local/lib/python3.8/site-packages/airflow/example_dags/example_bash_operator.py took 0.343 seconds
[2023-12-16T19:35:52.201+0000] {processor.py:157} INFO - Started process (PID=72) to work on /home/airflow/.local/lib/python3.8/site-packages/airflow/example_dags/example_bash_operator.py
[2023-12-16T19:35:52.215+0000] {processor.py:829} INFO - Processing file /home/airflow/.local/lib/python3.8/site-packages/airflow/example_dags/example_bash_operator.py for tasks to queue
[2023-12-16T19:35:52.225+0000] {logging_mixin.py:154} INFO - [2023-12-16T19:35:52.224+0000] {dagbag.py:536} INFO - Filling up the DagBag from /home/airflow/.local/lib/python3.8/site-packages/airflow/example_dags/example_bash_operator.py
[2023-12-16T19:35:52.433+0000] {processor.py:839} INFO - DAG(s) dict_keys(['example_bash_operator']) retrieved from /home/airflow/.local/lib/python3.8/site-packages/airflow/example_dags/example_bash_operator.py
[2023-12-16T19:35:52.612+0000] {logging_mixin.py:154} INFO - [2023-12-16T19:35:52.612+0000] {dag.py:2941} INFO - Sync 1 DAGs
[2023-12-16T19:35:52.841+0000] {logging_mixin.py:154} INFO - [2023-12-16T19:35:52.812+0000] {dag.py:3722} INFO - Setting next_dagrun for example_bash_operator to 2023-12-15T00:00:00+00:00, run_after=2023-12-16T00:00:00+00:00
[2023-12-16T19:35:53.087+0000] {processor.py:179} INFO - Processing /home/airflow/.local/lib/python3.8/site-packages/airflow/example_dags/example_bash_operator.py took 0.914 seconds
[2023-12-16T19:36:44.509+0000] {processor.py:157} INFO - Started process (PID=132) to work on /home/airflow/.local/lib/python3.8/site-packages/airflow/example_dags/example_bash_operator.py
[2023-12-16T19:36:44.512+0000] {processor.py:829} INFO - Processing file /home/airflow/.local/lib/python3.8/site-packages/airflow/example_dags/example_bash_operator.py for tasks to queue
[2023-12-16T19:36:44.520+0000] {logging_mixin.py:154} INFO - [2023-12-16T19:36:44.520+0000] {dagbag.py:536} INFO - Filling up the DagBag from /home/airflow/.local/lib/python3.8/site-packages/airflow/example_dags/example_bash_operator.py
[2023-12-16T19:36:44.560+0000] {processor.py:839} INFO - DAG(s) dict_keys(['example_bash_operator']) retrieved from /home/airflow/.local/lib/python3.8/site-packages/airflow/example_dags/example_bash_operator.py
[2023-12-16T19:36:44.674+0000] {logging_mixin.py:154} INFO - [2023-12-16T19:36:44.674+0000] {dag.py:2941} INFO - Sync 1 DAGs
[2023-12-16T19:36:44.880+0000] {logging_mixin.py:154} INFO - [2023-12-16T19:36:44.879+0000] {dag.py:3722} INFO - Setting next_dagrun for example_bash_operator to 2023-12-15T00:00:00+00:00, run_after=2023-12-16T00:00:00+00:00
[2023-12-16T19:36:45.030+0000] {processor.py:179} INFO - Processing /home/airflow/.local/lib/python3.8/site-packages/airflow/example_dags/example_bash_operator.py took 0.529 seconds
[2023-12-16T19:37:19.209+0000] {processor.py:157} INFO - Started process (PID=186) to work on /home/airflow/.local/lib/python3.8/site-packages/airflow/example_dags/example_bash_operator.py
[2023-12-16T19:37:19.224+0000] {processor.py:829} INFO - Processing file /home/airflow/.local/lib/python3.8/site-packages/airflow/example_dags/example_bash_operator.py for tasks to queue
[2023-12-16T19:37:19.230+0000] {logging_mixin.py:154} INFO - [2023-12-16T19:37:19.230+0000] {dagbag.py:536} INFO - Filling up the DagBag from /home/airflow/.local/lib/python3.8/site-packages/airflow/example_dags/example_bash_operator.py
[2023-12-16T19:37:19.376+0000] {processor.py:839} INFO - DAG(s) dict_keys(['example_bash_operator']) retrieved from /home/airflow/.local/lib/python3.8/site-packages/airflow/example_dags/example_bash_operator.py
[2023-12-16T19:37:19.714+0000] {logging_mixin.py:154} INFO - [2023-12-16T19:37:19.713+0000] {dag.py:2941} INFO - Sync 1 DAGs
[2023-12-16T19:37:19.870+0000] {logging_mixin.py:154} INFO - [2023-12-16T19:37:19.869+0000] {dag.py:3722} INFO - Setting next_dagrun for example_bash_operator to 2023-12-15T00:00:00+00:00, run_after=2023-12-16T00:00:00+00:00
[2023-12-16T19:37:20.609+0000] {processor.py:179} INFO - Processing /home/airflow/.local/lib/python3.8/site-packages/airflow/example_dags/example_bash_operator.py took 1.420 seconds
[2023-12-16T19:43:49.350+0000] {processor.py:157} INFO - Started process (PID=72) to work on /home/airflow/.local/lib/python3.8/site-packages/airflow/example_dags/example_bash_operator.py
[2023-12-16T19:43:49.355+0000] {processor.py:829} INFO - Processing file /home/airflow/.local/lib/python3.8/site-packages/airflow/example_dags/example_bash_operator.py for tasks to queue
[2023-12-16T19:43:49.390+0000] {logging_mixin.py:154} INFO - [2023-12-16T19:43:49.368+0000] {dagbag.py:536} INFO - Filling up the DagBag from /home/airflow/.local/lib/python3.8/site-packages/airflow/example_dags/example_bash_operator.py
[2023-12-16T19:43:49.467+0000] {processor.py:839} INFO - DAG(s) dict_keys(['example_bash_operator']) retrieved from /home/airflow/.local/lib/python3.8/site-packages/airflow/example_dags/example_bash_operator.py
[2023-12-16T19:43:49.767+0000] {logging_mixin.py:154} INFO - [2023-12-16T19:43:49.767+0000] {dag.py:2941} INFO - Sync 1 DAGs
[2023-12-16T19:43:50.061+0000] {logging_mixin.py:154} INFO - [2023-12-16T19:43:50.060+0000] {dag.py:3722} INFO - Setting next_dagrun for example_bash_operator to 2023-12-15T00:00:00+00:00, run_after=2023-12-16T00:00:00+00:00
[2023-12-16T19:43:50.184+0000] {processor.py:179} INFO - Processing /home/airflow/.local/lib/python3.8/site-packages/airflow/example_dags/example_bash_operator.py took 0.853 seconds
[2023-12-16T19:44:34.426+0000] {processor.py:157} INFO - Started process (PID=125) to work on /home/airflow/.local/lib/python3.8/site-packages/airflow/example_dags/example_bash_operator.py
[2023-12-16T19:44:34.433+0000] {processor.py:829} INFO - Processing file /home/airflow/.local/lib/python3.8/site-packages/airflow/example_dags/example_bash_operator.py for tasks to queue
[2023-12-16T19:44:34.437+0000] {logging_mixin.py:154} INFO - [2023-12-16T19:44:34.436+0000] {dagbag.py:536} INFO - Filling up the DagBag from /home/airflow/.local/lib/python3.8/site-packages/airflow/example_dags/example_bash_operator.py
[2023-12-16T19:44:34.528+0000] {processor.py:839} INFO - DAG(s) dict_keys(['example_bash_operator']) retrieved from /home/airflow/.local/lib/python3.8/site-packages/airflow/example_dags/example_bash_operator.py
[2023-12-16T19:44:34.733+0000] {logging_mixin.py:154} INFO - [2023-12-16T19:44:34.732+0000] {dag.py:2941} INFO - Sync 1 DAGs
[2023-12-16T19:44:35.006+0000] {logging_mixin.py:154} INFO - [2023-12-16T19:44:35.005+0000] {dag.py:3722} INFO - Setting next_dagrun for example_bash_operator to 2023-12-15T00:00:00+00:00, run_after=2023-12-16T00:00:00+00:00
[2023-12-16T19:44:35.586+0000] {processor.py:179} INFO - Processing /home/airflow/.local/lib/python3.8/site-packages/airflow/example_dags/example_bash_operator.py took 1.189 seconds
[2023-12-16T19:45:13.221+0000] {processor.py:157} INFO - Started process (PID=185) to work on /home/airflow/.local/lib/python3.8/site-packages/airflow/example_dags/example_bash_operator.py
[2023-12-16T19:45:13.271+0000] {processor.py:829} INFO - Processing file /home/airflow/.local/lib/python3.8/site-packages/airflow/example_dags/example_bash_operator.py for tasks to queue
[2023-12-16T19:45:13.281+0000] {logging_mixin.py:154} INFO - [2023-12-16T19:45:13.279+0000] {dagbag.py:536} INFO - Filling up the DagBag from /home/airflow/.local/lib/python3.8/site-packages/airflow/example_dags/example_bash_operator.py
[2023-12-16T19:45:13.656+0000] {processor.py:839} INFO - DAG(s) dict_keys(['example_bash_operator']) retrieved from /home/airflow/.local/lib/python3.8/site-packages/airflow/example_dags/example_bash_operator.py
[2023-12-16T19:45:14.249+0000] {logging_mixin.py:154} INFO - [2023-12-16T19:45:14.249+0000] {dag.py:2941} INFO - Sync 1 DAGs
[2023-12-16T19:45:14.758+0000] {logging_mixin.py:154} INFO - [2023-12-16T19:45:14.757+0000] {dag.py:3722} INFO - Setting next_dagrun for example_bash_operator to 2023-12-15T00:00:00+00:00, run_after=2023-12-16T00:00:00+00:00
[2023-12-16T19:45:14.977+0000] {processor.py:179} INFO - Processing /home/airflow/.local/lib/python3.8/site-packages/airflow/example_dags/example_bash_operator.py took 1.777 seconds
[2023-12-16T19:48:01.972+0000] {processor.py:157} INFO - Started process (PID=239) to work on /home/airflow/.local/lib/python3.8/site-packages/airflow/example_dags/example_bash_operator.py
[2023-12-16T19:48:02.242+0000] {processor.py:829} INFO - Processing file /home/airflow/.local/lib/python3.8/site-packages/airflow/example_dags/example_bash_operator.py for tasks to queue
[2023-12-16T19:48:02.567+0000] {logging_mixin.py:154} INFO - [2023-12-16T19:48:02.512+0000] {dagbag.py:536} INFO - Filling up the DagBag from /home/airflow/.local/lib/python3.8/site-packages/airflow/example_dags/example_bash_operator.py
[2023-12-16T19:48:04.210+0000] {processor.py:839} INFO - DAG(s) dict_keys(['example_bash_operator']) retrieved from /home/airflow/.local/lib/python3.8/site-packages/airflow/example_dags/example_bash_operator.py
[2023-12-16T20:04:45.272+0000] {processor.py:157} INFO - Started process (PID=134) to work on /home/airflow/.local/lib/python3.8/site-packages/airflow/example_dags/example_bash_operator.py
[2023-12-16T20:04:45.283+0000] {processor.py:829} INFO - Processing file /home/airflow/.local/lib/python3.8/site-packages/airflow/example_dags/example_bash_operator.py for tasks to queue
[2023-12-16T20:04:45.296+0000] {logging_mixin.py:154} INFO - [2023-12-16T20:04:45.292+0000] {dagbag.py:536} INFO - Filling up the DagBag from /home/airflow/.local/lib/python3.8/site-packages/airflow/example_dags/example_bash_operator.py
[2023-12-16T20:04:45.363+0000] {processor.py:839} INFO - DAG(s) dict_keys(['example_bash_operator']) retrieved from /home/airflow/.local/lib/python3.8/site-packages/airflow/example_dags/example_bash_operator.py
[2023-12-16T20:04:45.483+0000] {logging_mixin.py:154} INFO - [2023-12-16T20:04:45.483+0000] {dag.py:2941} INFO - Sync 1 DAGs
[2023-12-16T20:04:45.635+0000] {logging_mixin.py:154} INFO - [2023-12-16T20:04:45.634+0000] {dag.py:3722} INFO - Setting next_dagrun for example_bash_operator to 2023-12-15T00:00:00+00:00, run_after=2023-12-16T00:00:00+00:00
[2023-12-16T20:04:45.764+0000] {processor.py:179} INFO - Processing /home/airflow/.local/lib/python3.8/site-packages/airflow/example_dags/example_bash_operator.py took 0.501 seconds
[2023-12-16T20:05:19.754+0000] {processor.py:157} INFO - Started process (PID=203) to work on /home/airflow/.local/lib/python3.8/site-packages/airflow/example_dags/example_bash_operator.py
[2023-12-16T20:05:19.781+0000] {processor.py:829} INFO - Processing file /home/airflow/.local/lib/python3.8/site-packages/airflow/example_dags/example_bash_operator.py for tasks to queue
[2023-12-16T20:05:19.817+0000] {logging_mixin.py:154} INFO - [2023-12-16T20:05:19.816+0000] {dagbag.py:536} INFO - Filling up the DagBag from /home/airflow/.local/lib/python3.8/site-packages/airflow/example_dags/example_bash_operator.py
[2023-12-16T20:05:19.917+0000] {processor.py:839} INFO - DAG(s) dict_keys(['example_bash_operator']) retrieved from /home/airflow/.local/lib/python3.8/site-packages/airflow/example_dags/example_bash_operator.py
[2023-12-16T20:05:20.256+0000] {logging_mixin.py:154} INFO - [2023-12-16T20:05:20.256+0000] {dag.py:2941} INFO - Sync 1 DAGs
[2023-12-16T20:05:20.979+0000] {logging_mixin.py:154} INFO - [2023-12-16T20:05:20.978+0000] {dag.py:3722} INFO - Setting next_dagrun for example_bash_operator to 2023-12-15T00:00:00+00:00, run_after=2023-12-16T00:00:00+00:00
[2023-12-16T20:05:21.298+0000] {processor.py:179} INFO - Processing /home/airflow/.local/lib/python3.8/site-packages/airflow/example_dags/example_bash_operator.py took 1.564 seconds
[2023-12-16T20:05:52.465+0000] {processor.py:157} INFO - Started process (PID=271) to work on /home/airflow/.local/lib/python3.8/site-packages/airflow/example_dags/example_bash_operator.py
[2023-12-16T20:05:52.467+0000] {processor.py:829} INFO - Processing file /home/airflow/.local/lib/python3.8/site-packages/airflow/example_dags/example_bash_operator.py for tasks to queue
[2023-12-16T20:05:52.471+0000] {logging_mixin.py:154} INFO - [2023-12-16T20:05:52.471+0000] {dagbag.py:536} INFO - Filling up the DagBag from /home/airflow/.local/lib/python3.8/site-packages/airflow/example_dags/example_bash_operator.py
[2023-12-16T20:05:52.500+0000] {processor.py:839} INFO - DAG(s) dict_keys(['example_bash_operator']) retrieved from /home/airflow/.local/lib/python3.8/site-packages/airflow/example_dags/example_bash_operator.py
[2023-12-16T20:05:52.563+0000] {logging_mixin.py:154} INFO - [2023-12-16T20:05:52.562+0000] {dag.py:2941} INFO - Sync 1 DAGs
[2023-12-16T20:05:52.974+0000] {logging_mixin.py:154} INFO - [2023-12-16T20:05:52.973+0000] {dag.py:3722} INFO - Setting next_dagrun for example_bash_operator to 2023-12-15T00:00:00+00:00, run_after=2023-12-16T00:00:00+00:00
[2023-12-16T20:05:53.288+0000] {processor.py:179} INFO - Processing /home/airflow/.local/lib/python3.8/site-packages/airflow/example_dags/example_bash_operator.py took 0.830 seconds
[2023-12-16T20:20:47.500+0000] {processor.py:157} INFO - Started process (PID=66) to work on /home/airflow/.local/lib/python3.8/site-packages/airflow/example_dags/example_bash_operator.py
[2023-12-16T20:20:47.561+0000] {processor.py:829} INFO - Processing file /home/airflow/.local/lib/python3.8/site-packages/airflow/example_dags/example_bash_operator.py for tasks to queue
[2023-12-16T20:20:47.589+0000] {logging_mixin.py:154} INFO - [2023-12-16T20:20:47.587+0000] {dagbag.py:536} INFO - Filling up the DagBag from /home/airflow/.local/lib/python3.8/site-packages/airflow/example_dags/example_bash_operator.py
[2023-12-16T20:20:47.769+0000] {processor.py:839} INFO - DAG(s) dict_keys(['example_bash_operator']) retrieved from /home/airflow/.local/lib/python3.8/site-packages/airflow/example_dags/example_bash_operator.py
[2023-12-16T20:20:49.061+0000] {logging_mixin.py:154} INFO - [2023-12-16T20:20:49.061+0000] {dag.py:2941} INFO - Sync 1 DAGs
[2023-12-16T20:20:50.341+0000] {logging_mixin.py:154} INFO - [2023-12-16T20:20:50.340+0000] {dag.py:3722} INFO - Setting next_dagrun for example_bash_operator to 2023-12-15T00:00:00+00:00, run_after=2023-12-16T00:00:00+00:00
[2023-12-16T20:20:50.619+0000] {processor.py:179} INFO - Processing /home/airflow/.local/lib/python3.8/site-packages/airflow/example_dags/example_bash_operator.py took 3.153 seconds
[2023-12-16T20:21:20.894+0000] {processor.py:157} INFO - Started process (PID=119) to work on /home/airflow/.local/lib/python3.8/site-packages/airflow/example_dags/example_bash_operator.py
[2023-12-16T20:21:20.896+0000] {processor.py:829} INFO - Processing file /home/airflow/.local/lib/python3.8/site-packages/airflow/example_dags/example_bash_operator.py for tasks to queue
[2023-12-16T20:21:20.905+0000] {logging_mixin.py:154} INFO - [2023-12-16T20:21:20.905+0000] {dagbag.py:536} INFO - Filling up the DagBag from /home/airflow/.local/lib/python3.8/site-packages/airflow/example_dags/example_bash_operator.py
[2023-12-16T20:21:21.009+0000] {processor.py:839} INFO - DAG(s) dict_keys(['example_bash_operator']) retrieved from /home/airflow/.local/lib/python3.8/site-packages/airflow/example_dags/example_bash_operator.py
[2023-12-16T20:21:21.203+0000] {logging_mixin.py:154} INFO - [2023-12-16T20:21:21.202+0000] {dag.py:2941} INFO - Sync 1 DAGs
[2023-12-16T20:21:21.498+0000] {logging_mixin.py:154} INFO - [2023-12-16T20:21:21.498+0000] {dag.py:3722} INFO - Setting next_dagrun for example_bash_operator to 2023-12-15T00:00:00+00:00, run_after=2023-12-16T00:00:00+00:00
[2023-12-16T20:21:21.708+0000] {processor.py:179} INFO - Processing /home/airflow/.local/lib/python3.8/site-packages/airflow/example_dags/example_bash_operator.py took 0.833 seconds
[2023-12-16T20:31:28.983+0000] {processor.py:157} INFO - Started process (PID=74) to work on /home/airflow/.local/lib/python3.8/site-packages/airflow/example_dags/example_bash_operator.py
[2023-12-16T20:31:28.994+0000] {processor.py:829} INFO - Processing file /home/airflow/.local/lib/python3.8/site-packages/airflow/example_dags/example_bash_operator.py for tasks to queue
[2023-12-16T20:31:29.027+0000] {logging_mixin.py:154} INFO - [2023-12-16T20:31:29.026+0000] {dagbag.py:536} INFO - Filling up the DagBag from /home/airflow/.local/lib/python3.8/site-packages/airflow/example_dags/example_bash_operator.py
[2023-12-16T20:31:29.102+0000] {processor.py:839} INFO - DAG(s) dict_keys(['example_bash_operator']) retrieved from /home/airflow/.local/lib/python3.8/site-packages/airflow/example_dags/example_bash_operator.py
[2023-12-16T20:31:29.393+0000] {logging_mixin.py:154} INFO - [2023-12-16T20:31:29.392+0000] {dag.py:2941} INFO - Sync 1 DAGs
[2023-12-16T20:31:29.683+0000] {logging_mixin.py:154} INFO - [2023-12-16T20:31:29.682+0000] {dag.py:3722} INFO - Setting next_dagrun for example_bash_operator to 2023-12-15T00:00:00+00:00, run_after=2023-12-16T00:00:00+00:00
[2023-12-16T20:31:29.800+0000] {processor.py:179} INFO - Processing /home/airflow/.local/lib/python3.8/site-packages/airflow/example_dags/example_bash_operator.py took 0.873 seconds
[2023-12-16T20:31:59.938+0000] {processor.py:157} INFO - Started process (PID=120) to work on /home/airflow/.local/lib/python3.8/site-packages/airflow/example_dags/example_bash_operator.py
[2023-12-16T20:31:59.940+0000] {processor.py:829} INFO - Processing file /home/airflow/.local/lib/python3.8/site-packages/airflow/example_dags/example_bash_operator.py for tasks to queue
[2023-12-16T20:31:59.946+0000] {logging_mixin.py:154} INFO - [2023-12-16T20:31:59.945+0000] {dagbag.py:536} INFO - Filling up the DagBag from /home/airflow/.local/lib/python3.8/site-packages/airflow/example_dags/example_bash_operator.py
[2023-12-16T20:32:00.016+0000] {processor.py:839} INFO - DAG(s) dict_keys(['example_bash_operator']) retrieved from /home/airflow/.local/lib/python3.8/site-packages/airflow/example_dags/example_bash_operator.py
[2023-12-16T20:32:00.394+0000] {logging_mixin.py:154} INFO - [2023-12-16T20:32:00.394+0000] {dag.py:2941} INFO - Sync 1 DAGs
[2023-12-16T20:32:00.598+0000] {logging_mixin.py:154} INFO - [2023-12-16T20:32:00.597+0000] {dag.py:3722} INFO - Setting next_dagrun for example_bash_operator to 2023-12-15T00:00:00+00:00, run_after=2023-12-16T00:00:00+00:00
[2023-12-16T20:32:00.734+0000] {processor.py:179} INFO - Processing /home/airflow/.local/lib/python3.8/site-packages/airflow/example_dags/example_bash_operator.py took 0.805 seconds
[2023-12-16T20:32:31.396+0000] {processor.py:157} INFO - Started process (PID=173) to work on /home/airflow/.local/lib/python3.8/site-packages/airflow/example_dags/example_bash_operator.py
[2023-12-16T20:32:31.423+0000] {processor.py:829} INFO - Processing file /home/airflow/.local/lib/python3.8/site-packages/airflow/example_dags/example_bash_operator.py for tasks to queue
[2023-12-16T20:32:31.434+0000] {logging_mixin.py:154} INFO - [2023-12-16T20:32:31.433+0000] {dagbag.py:536} INFO - Filling up the DagBag from /home/airflow/.local/lib/python3.8/site-packages/airflow/example_dags/example_bash_operator.py
[2023-12-16T20:32:31.569+0000] {processor.py:839} INFO - DAG(s) dict_keys(['example_bash_operator']) retrieved from /home/airflow/.local/lib/python3.8/site-packages/airflow/example_dags/example_bash_operator.py
[2023-12-16T20:32:31.690+0000] {logging_mixin.py:154} INFO - [2023-12-16T20:32:31.689+0000] {dag.py:2941} INFO - Sync 1 DAGs
[2023-12-16T20:32:31.907+0000] {logging_mixin.py:154} INFO - [2023-12-16T20:32:31.906+0000] {dag.py:3722} INFO - Setting next_dagrun for example_bash_operator to 2023-12-15T00:00:00+00:00, run_after=2023-12-16T00:00:00+00:00
[2023-12-16T20:32:32.063+0000] {processor.py:179} INFO - Processing /home/airflow/.local/lib/python3.8/site-packages/airflow/example_dags/example_bash_operator.py took 0.753 seconds
[2023-12-16T20:34:31.848+0000] {processor.py:157} INFO - Started process (PID=65) to work on /home/airflow/.local/lib/python3.8/site-packages/airflow/example_dags/example_bash_operator.py
[2023-12-16T20:34:31.862+0000] {processor.py:829} INFO - Processing file /home/airflow/.local/lib/python3.8/site-packages/airflow/example_dags/example_bash_operator.py for tasks to queue
[2023-12-16T20:34:31.875+0000] {logging_mixin.py:154} INFO - [2023-12-16T20:34:31.873+0000] {dagbag.py:536} INFO - Filling up the DagBag from /home/airflow/.local/lib/python3.8/site-packages/airflow/example_dags/example_bash_operator.py
[2023-12-16T20:34:32.012+0000] {processor.py:839} INFO - DAG(s) dict_keys(['example_bash_operator']) retrieved from /home/airflow/.local/lib/python3.8/site-packages/airflow/example_dags/example_bash_operator.py
[2023-12-16T20:34:32.105+0000] {logging_mixin.py:154} INFO - [2023-12-16T20:34:32.105+0000] {dag.py:2941} INFO - Sync 1 DAGs
[2023-12-16T20:34:32.214+0000] {logging_mixin.py:154} INFO - [2023-12-16T20:34:32.213+0000] {dag.py:3722} INFO - Setting next_dagrun for example_bash_operator to 2023-12-15T00:00:00+00:00, run_after=2023-12-16T00:00:00+00:00
[2023-12-16T20:34:32.394+0000] {processor.py:179} INFO - Processing /home/airflow/.local/lib/python3.8/site-packages/airflow/example_dags/example_bash_operator.py took 0.554 seconds
[2023-12-16T20:35:03.207+0000] {processor.py:157} INFO - Started process (PID=119) to work on /home/airflow/.local/lib/python3.8/site-packages/airflow/example_dags/example_bash_operator.py
[2023-12-16T20:35:03.215+0000] {processor.py:829} INFO - Processing file /home/airflow/.local/lib/python3.8/site-packages/airflow/example_dags/example_bash_operator.py for tasks to queue
[2023-12-16T20:35:03.220+0000] {logging_mixin.py:154} INFO - [2023-12-16T20:35:03.219+0000] {dagbag.py:536} INFO - Filling up the DagBag from /home/airflow/.local/lib/python3.8/site-packages/airflow/example_dags/example_bash_operator.py
[2023-12-16T20:35:03.275+0000] {processor.py:839} INFO - DAG(s) dict_keys(['example_bash_operator']) retrieved from /home/airflow/.local/lib/python3.8/site-packages/airflow/example_dags/example_bash_operator.py
[2023-12-16T20:35:03.461+0000] {logging_mixin.py:154} INFO - [2023-12-16T20:35:03.461+0000] {dag.py:2941} INFO - Sync 1 DAGs
[2023-12-16T20:35:03.593+0000] {logging_mixin.py:154} INFO - [2023-12-16T20:35:03.590+0000] {dag.py:3722} INFO - Setting next_dagrun for example_bash_operator to 2023-12-15T00:00:00+00:00, run_after=2023-12-16T00:00:00+00:00
[2023-12-16T20:35:03.766+0000] {processor.py:179} INFO - Processing /home/airflow/.local/lib/python3.8/site-packages/airflow/example_dags/example_bash_operator.py took 0.569 seconds
[2023-12-16T21:01:02.518+0000] {processor.py:157} INFO - Started process (PID=73) to work on /home/airflow/.local/lib/python3.8/site-packages/airflow/example_dags/example_bash_operator.py
[2023-12-16T21:01:02.536+0000] {processor.py:829} INFO - Processing file /home/airflow/.local/lib/python3.8/site-packages/airflow/example_dags/example_bash_operator.py for tasks to queue
[2023-12-16T21:01:02.544+0000] {logging_mixin.py:154} INFO - [2023-12-16T21:01:02.543+0000] {dagbag.py:536} INFO - Filling up the DagBag from /home/airflow/.local/lib/python3.8/site-packages/airflow/example_dags/example_bash_operator.py
[2023-12-16T21:01:02.713+0000] {processor.py:839} INFO - DAG(s) dict_keys(['example_bash_operator']) retrieved from /home/airflow/.local/lib/python3.8/site-packages/airflow/example_dags/example_bash_operator.py
[2023-12-16T21:01:02.817+0000] {logging_mixin.py:154} INFO - [2023-12-16T21:01:02.816+0000] {dag.py:2941} INFO - Sync 1 DAGs
[2023-12-16T21:01:03.002+0000] {logging_mixin.py:154} INFO - [2023-12-16T21:01:03.001+0000] {dag.py:3722} INFO - Setting next_dagrun for example_bash_operator to 2023-12-15T00:00:00+00:00, run_after=2023-12-16T00:00:00+00:00
[2023-12-16T21:01:03.132+0000] {processor.py:179} INFO - Processing /home/airflow/.local/lib/python3.8/site-packages/airflow/example_dags/example_bash_operator.py took 0.624 seconds
[2023-12-16T21:01:33.418+0000] {processor.py:157} INFO - Started process (PID=120) to work on /home/airflow/.local/lib/python3.8/site-packages/airflow/example_dags/example_bash_operator.py
[2023-12-16T21:01:33.438+0000] {processor.py:829} INFO - Processing file /home/airflow/.local/lib/python3.8/site-packages/airflow/example_dags/example_bash_operator.py for tasks to queue
[2023-12-16T21:01:33.451+0000] {logging_mixin.py:154} INFO - [2023-12-16T21:01:33.450+0000] {dagbag.py:536} INFO - Filling up the DagBag from /home/airflow/.local/lib/python3.8/site-packages/airflow/example_dags/example_bash_operator.py
[2023-12-16T21:01:33.525+0000] {processor.py:839} INFO - DAG(s) dict_keys(['example_bash_operator']) retrieved from /home/airflow/.local/lib/python3.8/site-packages/airflow/example_dags/example_bash_operator.py
[2023-12-16T21:01:33.845+0000] {logging_mixin.py:154} INFO - [2023-12-16T21:01:33.844+0000] {dag.py:2941} INFO - Sync 1 DAGs
[2023-12-16T21:01:34.080+0000] {logging_mixin.py:154} INFO - [2023-12-16T21:01:34.080+0000] {dag.py:3722} INFO - Setting next_dagrun for example_bash_operator to 2023-12-15T00:00:00+00:00, run_after=2023-12-16T00:00:00+00:00
[2023-12-16T21:01:34.200+0000] {processor.py:179} INFO - Processing /home/airflow/.local/lib/python3.8/site-packages/airflow/example_dags/example_bash_operator.py took 0.842 seconds
[2023-12-16T21:02:04.526+0000] {processor.py:157} INFO - Started process (PID=174) to work on /home/airflow/.local/lib/python3.8/site-packages/airflow/example_dags/example_bash_operator.py
[2023-12-16T21:02:04.539+0000] {processor.py:829} INFO - Processing file /home/airflow/.local/lib/python3.8/site-packages/airflow/example_dags/example_bash_operator.py for tasks to queue
[2023-12-16T21:02:04.561+0000] {logging_mixin.py:154} INFO - [2023-12-16T21:02:04.560+0000] {dagbag.py:536} INFO - Filling up the DagBag from /home/airflow/.local/lib/python3.8/site-packages/airflow/example_dags/example_bash_operator.py
[2023-12-16T21:02:04.766+0000] {processor.py:839} INFO - DAG(s) dict_keys(['example_bash_operator']) retrieved from /home/airflow/.local/lib/python3.8/site-packages/airflow/example_dags/example_bash_operator.py
[2023-12-16T21:02:05.014+0000] {logging_mixin.py:154} INFO - [2023-12-16T21:02:05.014+0000] {dag.py:2941} INFO - Sync 1 DAGs
[2023-12-16T21:02:05.086+0000] {logging_mixin.py:154} INFO - [2023-12-16T21:02:05.085+0000] {dag.py:3722} INFO - Setting next_dagrun for example_bash_operator to 2023-12-15T00:00:00+00:00, run_after=2023-12-16T00:00:00+00:00
[2023-12-16T21:02:05.330+0000] {processor.py:179} INFO - Processing /home/airflow/.local/lib/python3.8/site-packages/airflow/example_dags/example_bash_operator.py took 0.828 seconds
[2023-12-16T21:07:06.740+0000] {processor.py:157} INFO - Started process (PID=60) to work on /home/airflow/.local/lib/python3.8/site-packages/airflow/example_dags/example_bash_operator.py
[2023-12-16T21:07:06.771+0000] {processor.py:829} INFO - Processing file /home/airflow/.local/lib/python3.8/site-packages/airflow/example_dags/example_bash_operator.py for tasks to queue
[2023-12-16T21:07:06.834+0000] {logging_mixin.py:154} INFO - [2023-12-16T21:07:06.834+0000] {dagbag.py:536} INFO - Filling up the DagBag from /home/airflow/.local/lib/python3.8/site-packages/airflow/example_dags/example_bash_operator.py
[2023-12-16T21:07:07.090+0000] {processor.py:839} INFO - DAG(s) dict_keys(['example_bash_operator']) retrieved from /home/airflow/.local/lib/python3.8/site-packages/airflow/example_dags/example_bash_operator.py
[2023-12-16T21:07:07.451+0000] {logging_mixin.py:154} INFO - [2023-12-16T21:07:07.450+0000] {dag.py:2941} INFO - Sync 1 DAGs
[2023-12-16T21:07:07.717+0000] {logging_mixin.py:154} INFO - [2023-12-16T21:07:07.716+0000] {dag.py:3722} INFO - Setting next_dagrun for example_bash_operator to 2023-12-15T00:00:00+00:00, run_after=2023-12-16T00:00:00+00:00
[2023-12-16T21:07:07.925+0000] {processor.py:179} INFO - Processing /home/airflow/.local/lib/python3.8/site-packages/airflow/example_dags/example_bash_operator.py took 1.202 seconds
[2023-12-16T21:07:38.252+0000] {processor.py:157} INFO - Started process (PID=121) to work on /home/airflow/.local/lib/python3.8/site-packages/airflow/example_dags/example_bash_operator.py
[2023-12-16T21:07:38.257+0000] {processor.py:829} INFO - Processing file /home/airflow/.local/lib/python3.8/site-packages/airflow/example_dags/example_bash_operator.py for tasks to queue
[2023-12-16T21:07:38.264+0000] {logging_mixin.py:154} INFO - [2023-12-16T21:07:38.264+0000] {dagbag.py:536} INFO - Filling up the DagBag from /home/airflow/.local/lib/python3.8/site-packages/airflow/example_dags/example_bash_operator.py
[2023-12-16T21:07:38.306+0000] {processor.py:839} INFO - DAG(s) dict_keys(['example_bash_operator']) retrieved from /home/airflow/.local/lib/python3.8/site-packages/airflow/example_dags/example_bash_operator.py
[2023-12-16T21:07:38.393+0000] {logging_mixin.py:154} INFO - [2023-12-16T21:07:38.392+0000] {dag.py:2941} INFO - Sync 1 DAGs
[2023-12-16T21:07:38.505+0000] {logging_mixin.py:154} INFO - [2023-12-16T21:07:38.504+0000] {dag.py:3722} INFO - Setting next_dagrun for example_bash_operator to 2023-12-15T00:00:00+00:00, run_after=2023-12-16T00:00:00+00:00
[2023-12-16T21:07:38.546+0000] {processor.py:179} INFO - Processing /home/airflow/.local/lib/python3.8/site-packages/airflow/example_dags/example_bash_operator.py took 0.318 seconds
[2023-12-16T21:08:08.715+0000] {processor.py:157} INFO - Started process (PID=175) to work on /home/airflow/.local/lib/python3.8/site-packages/airflow/example_dags/example_bash_operator.py
[2023-12-16T21:08:08.719+0000] {processor.py:829} INFO - Processing file /home/airflow/.local/lib/python3.8/site-packages/airflow/example_dags/example_bash_operator.py for tasks to queue
[2023-12-16T21:08:08.734+0000] {logging_mixin.py:154} INFO - [2023-12-16T21:08:08.733+0000] {dagbag.py:536} INFO - Filling up the DagBag from /home/airflow/.local/lib/python3.8/site-packages/airflow/example_dags/example_bash_operator.py
[2023-12-16T21:08:08.812+0000] {processor.py:839} INFO - DAG(s) dict_keys(['example_bash_operator']) retrieved from /home/airflow/.local/lib/python3.8/site-packages/airflow/example_dags/example_bash_operator.py
[2023-12-16T21:08:08.977+0000] {logging_mixin.py:154} INFO - [2023-12-16T21:08:08.976+0000] {dag.py:2941} INFO - Sync 1 DAGs
[2023-12-16T21:08:09.095+0000] {logging_mixin.py:154} INFO - [2023-12-16T21:08:09.093+0000] {dag.py:3722} INFO - Setting next_dagrun for example_bash_operator to 2023-12-15T00:00:00+00:00, run_after=2023-12-16T00:00:00+00:00
[2023-12-16T21:08:09.139+0000] {processor.py:179} INFO - Processing /home/airflow/.local/lib/python3.8/site-packages/airflow/example_dags/example_bash_operator.py took 0.431 seconds
[2023-12-16T21:08:39.334+0000] {processor.py:157} INFO - Started process (PID=229) to work on /home/airflow/.local/lib/python3.8/site-packages/airflow/example_dags/example_bash_operator.py
[2023-12-16T21:08:39.336+0000] {processor.py:829} INFO - Processing file /home/airflow/.local/lib/python3.8/site-packages/airflow/example_dags/example_bash_operator.py for tasks to queue
[2023-12-16T21:08:39.341+0000] {logging_mixin.py:154} INFO - [2023-12-16T21:08:39.341+0000] {dagbag.py:536} INFO - Filling up the DagBag from /home/airflow/.local/lib/python3.8/site-packages/airflow/example_dags/example_bash_operator.py
[2023-12-16T21:08:39.365+0000] {processor.py:839} INFO - DAG(s) dict_keys(['example_bash_operator']) retrieved from /home/airflow/.local/lib/python3.8/site-packages/airflow/example_dags/example_bash_operator.py
[2023-12-16T21:08:39.423+0000] {logging_mixin.py:154} INFO - [2023-12-16T21:08:39.423+0000] {dag.py:2941} INFO - Sync 1 DAGs
[2023-12-16T21:08:39.464+0000] {logging_mixin.py:154} INFO - [2023-12-16T21:08:39.464+0000] {dag.py:3722} INFO - Setting next_dagrun for example_bash_operator to 2023-12-15T00:00:00+00:00, run_after=2023-12-16T00:00:00+00:00
[2023-12-16T21:08:39.502+0000] {processor.py:179} INFO - Processing /home/airflow/.local/lib/python3.8/site-packages/airflow/example_dags/example_bash_operator.py took 0.173 seconds
[2023-12-16T21:09:10.233+0000] {processor.py:157} INFO - Started process (PID=283) to work on /home/airflow/.local/lib/python3.8/site-packages/airflow/example_dags/example_bash_operator.py
[2023-12-16T21:09:10.241+0000] {processor.py:829} INFO - Processing file /home/airflow/.local/lib/python3.8/site-packages/airflow/example_dags/example_bash_operator.py for tasks to queue
[2023-12-16T21:09:10.252+0000] {logging_mixin.py:154} INFO - [2023-12-16T21:09:10.251+0000] {dagbag.py:536} INFO - Filling up the DagBag from /home/airflow/.local/lib/python3.8/site-packages/airflow/example_dags/example_bash_operator.py
[2023-12-16T21:09:10.285+0000] {processor.py:839} INFO - DAG(s) dict_keys(['example_bash_operator']) retrieved from /home/airflow/.local/lib/python3.8/site-packages/airflow/example_dags/example_bash_operator.py
[2023-12-16T21:09:10.431+0000] {logging_mixin.py:154} INFO - [2023-12-16T21:09:10.431+0000] {dag.py:2941} INFO - Sync 1 DAGs
[2023-12-16T21:09:10.929+0000] {logging_mixin.py:154} INFO - [2023-12-16T21:09:10.929+0000] {dag.py:3722} INFO - Setting next_dagrun for example_bash_operator to 2023-12-15T00:00:00+00:00, run_after=2023-12-16T00:00:00+00:00
[2023-12-16T21:09:11.323+0000] {processor.py:179} INFO - Processing /home/airflow/.local/lib/python3.8/site-packages/airflow/example_dags/example_bash_operator.py took 1.098 seconds
[2023-12-16T21:09:41.577+0000] {processor.py:157} INFO - Started process (PID=337) to work on /home/airflow/.local/lib/python3.8/site-packages/airflow/example_dags/example_bash_operator.py
[2023-12-16T21:09:41.579+0000] {processor.py:829} INFO - Processing file /home/airflow/.local/lib/python3.8/site-packages/airflow/example_dags/example_bash_operator.py for tasks to queue
[2023-12-16T21:09:41.584+0000] {logging_mixin.py:154} INFO - [2023-12-16T21:09:41.583+0000] {dagbag.py:536} INFO - Filling up the DagBag from /home/airflow/.local/lib/python3.8/site-packages/airflow/example_dags/example_bash_operator.py
[2023-12-16T21:09:41.605+0000] {processor.py:839} INFO - DAG(s) dict_keys(['example_bash_operator']) retrieved from /home/airflow/.local/lib/python3.8/site-packages/airflow/example_dags/example_bash_operator.py
[2023-12-16T21:09:41.675+0000] {logging_mixin.py:154} INFO - [2023-12-16T21:09:41.674+0000] {dag.py:2941} INFO - Sync 1 DAGs
[2023-12-16T21:09:41.722+0000] {logging_mixin.py:154} INFO - [2023-12-16T21:09:41.721+0000] {dag.py:3722} INFO - Setting next_dagrun for example_bash_operator to 2023-12-15T00:00:00+00:00, run_after=2023-12-16T00:00:00+00:00
[2023-12-16T21:09:41.767+0000] {processor.py:179} INFO - Processing /home/airflow/.local/lib/python3.8/site-packages/airflow/example_dags/example_bash_operator.py took 0.195 seconds
[2023-12-16T21:10:11.950+0000] {processor.py:157} INFO - Started process (PID=391) to work on /home/airflow/.local/lib/python3.8/site-packages/airflow/example_dags/example_bash_operator.py
[2023-12-16T21:10:11.952+0000] {processor.py:829} INFO - Processing file /home/airflow/.local/lib/python3.8/site-packages/airflow/example_dags/example_bash_operator.py for tasks to queue
[2023-12-16T21:10:11.956+0000] {logging_mixin.py:154} INFO - [2023-12-16T21:10:11.956+0000] {dagbag.py:536} INFO - Filling up the DagBag from /home/airflow/.local/lib/python3.8/site-packages/airflow/example_dags/example_bash_operator.py
[2023-12-16T21:10:11.978+0000] {processor.py:839} INFO - DAG(s) dict_keys(['example_bash_operator']) retrieved from /home/airflow/.local/lib/python3.8/site-packages/airflow/example_dags/example_bash_operator.py
[2023-12-16T21:10:12.032+0000] {logging_mixin.py:154} INFO - [2023-12-16T21:10:12.031+0000] {dag.py:2941} INFO - Sync 1 DAGs
[2023-12-16T21:10:12.075+0000] {logging_mixin.py:154} INFO - [2023-12-16T21:10:12.075+0000] {dag.py:3722} INFO - Setting next_dagrun for example_bash_operator to 2023-12-15T00:00:00+00:00, run_after=2023-12-16T00:00:00+00:00
[2023-12-16T21:10:12.113+0000] {processor.py:179} INFO - Processing /home/airflow/.local/lib/python3.8/site-packages/airflow/example_dags/example_bash_operator.py took 0.169 seconds
[2023-12-16T21:10:42.230+0000] {processor.py:157} INFO - Started process (PID=446) to work on /home/airflow/.local/lib/python3.8/site-packages/airflow/example_dags/example_bash_operator.py
[2023-12-16T21:10:42.233+0000] {processor.py:829} INFO - Processing file /home/airflow/.local/lib/python3.8/site-packages/airflow/example_dags/example_bash_operator.py for tasks to queue
[2023-12-16T21:10:42.238+0000] {logging_mixin.py:154} INFO - [2023-12-16T21:10:42.237+0000] {dagbag.py:536} INFO - Filling up the DagBag from /home/airflow/.local/lib/python3.8/site-packages/airflow/example_dags/example_bash_operator.py
[2023-12-16T21:10:42.273+0000] {processor.py:839} INFO - DAG(s) dict_keys(['example_bash_operator']) retrieved from /home/airflow/.local/lib/python3.8/site-packages/airflow/example_dags/example_bash_operator.py
[2023-12-16T21:10:42.323+0000] {logging_mixin.py:154} INFO - [2023-12-16T21:10:42.322+0000] {dag.py:2941} INFO - Sync 1 DAGs
[2023-12-16T21:10:42.360+0000] {logging_mixin.py:154} INFO - [2023-12-16T21:10:42.360+0000] {dag.py:3722} INFO - Setting next_dagrun for example_bash_operator to 2023-12-15T00:00:00+00:00, run_after=2023-12-16T00:00:00+00:00
[2023-12-16T21:10:42.390+0000] {processor.py:179} INFO - Processing /home/airflow/.local/lib/python3.8/site-packages/airflow/example_dags/example_bash_operator.py took 0.169 seconds
[2023-12-16T21:11:12.655+0000] {processor.py:157} INFO - Started process (PID=500) to work on /home/airflow/.local/lib/python3.8/site-packages/airflow/example_dags/example_bash_operator.py
[2023-12-16T21:11:12.658+0000] {processor.py:829} INFO - Processing file /home/airflow/.local/lib/python3.8/site-packages/airflow/example_dags/example_bash_operator.py for tasks to queue
[2023-12-16T21:11:12.661+0000] {logging_mixin.py:154} INFO - [2023-12-16T21:11:12.661+0000] {dagbag.py:536} INFO - Filling up the DagBag from /home/airflow/.local/lib/python3.8/site-packages/airflow/example_dags/example_bash_operator.py
[2023-12-16T21:11:12.682+0000] {processor.py:839} INFO - DAG(s) dict_keys(['example_bash_operator']) retrieved from /home/airflow/.local/lib/python3.8/site-packages/airflow/example_dags/example_bash_operator.py
[2023-12-16T21:11:12.811+0000] {logging_mixin.py:154} INFO - [2023-12-16T21:11:12.810+0000] {dag.py:2941} INFO - Sync 1 DAGs
[2023-12-16T21:11:12.914+0000] {logging_mixin.py:154} INFO - [2023-12-16T21:11:12.914+0000] {dag.py:3722} INFO - Setting next_dagrun for example_bash_operator to 2023-12-15T00:00:00+00:00, run_after=2023-12-16T00:00:00+00:00
[2023-12-16T21:11:12.972+0000] {processor.py:179} INFO - Processing /home/airflow/.local/lib/python3.8/site-packages/airflow/example_dags/example_bash_operator.py took 0.325 seconds
[2023-12-16T21:11:43.720+0000] {processor.py:157} INFO - Started process (PID=553) to work on /home/airflow/.local/lib/python3.8/site-packages/airflow/example_dags/example_bash_operator.py
[2023-12-16T21:11:43.722+0000] {processor.py:829} INFO - Processing file /home/airflow/.local/lib/python3.8/site-packages/airflow/example_dags/example_bash_operator.py for tasks to queue
[2023-12-16T21:11:43.729+0000] {logging_mixin.py:154} INFO - [2023-12-16T21:11:43.728+0000] {dagbag.py:536} INFO - Filling up the DagBag from /home/airflow/.local/lib/python3.8/site-packages/airflow/example_dags/example_bash_operator.py
[2023-12-16T21:11:43.758+0000] {processor.py:839} INFO - DAG(s) dict_keys(['example_bash_operator']) retrieved from /home/airflow/.local/lib/python3.8/site-packages/airflow/example_dags/example_bash_operator.py
[2023-12-16T21:11:43.835+0000] {logging_mixin.py:154} INFO - [2023-12-16T21:11:43.835+0000] {dag.py:2941} INFO - Sync 1 DAGs
[2023-12-16T21:11:43.898+0000] {logging_mixin.py:154} INFO - [2023-12-16T21:11:43.898+0000] {dag.py:3722} INFO - Setting next_dagrun for example_bash_operator to 2023-12-15T00:00:00+00:00, run_after=2023-12-16T00:00:00+00:00
[2023-12-16T21:11:43.938+0000] {processor.py:179} INFO - Processing /home/airflow/.local/lib/python3.8/site-packages/airflow/example_dags/example_bash_operator.py took 0.223 seconds
[2023-12-16T21:12:14.752+0000] {processor.py:157} INFO - Started process (PID=607) to work on /home/airflow/.local/lib/python3.8/site-packages/airflow/example_dags/example_bash_operator.py
[2023-12-16T21:12:14.754+0000] {processor.py:829} INFO - Processing file /home/airflow/.local/lib/python3.8/site-packages/airflow/example_dags/example_bash_operator.py for tasks to queue
[2023-12-16T21:12:14.760+0000] {logging_mixin.py:154} INFO - [2023-12-16T21:12:14.759+0000] {dagbag.py:536} INFO - Filling up the DagBag from /home/airflow/.local/lib/python3.8/site-packages/airflow/example_dags/example_bash_operator.py
[2023-12-16T21:12:14.786+0000] {processor.py:839} INFO - DAG(s) dict_keys(['example_bash_operator']) retrieved from /home/airflow/.local/lib/python3.8/site-packages/airflow/example_dags/example_bash_operator.py
[2023-12-16T21:12:14.863+0000] {logging_mixin.py:154} INFO - [2023-12-16T21:12:14.862+0000] {dag.py:2941} INFO - Sync 1 DAGs
[2023-12-16T21:12:14.917+0000] {logging_mixin.py:154} INFO - [2023-12-16T21:12:14.917+0000] {dag.py:3722} INFO - Setting next_dagrun for example_bash_operator to 2023-12-15T00:00:00+00:00, run_after=2023-12-16T00:00:00+00:00
[2023-12-16T21:12:14.962+0000] {processor.py:179} INFO - Processing /home/airflow/.local/lib/python3.8/site-packages/airflow/example_dags/example_bash_operator.py took 0.217 seconds
[2023-12-16T21:12:45.909+0000] {processor.py:157} INFO - Started process (PID=661) to work on /home/airflow/.local/lib/python3.8/site-packages/airflow/example_dags/example_bash_operator.py
[2023-12-16T21:12:45.911+0000] {processor.py:829} INFO - Processing file /home/airflow/.local/lib/python3.8/site-packages/airflow/example_dags/example_bash_operator.py for tasks to queue
[2023-12-16T21:12:45.917+0000] {logging_mixin.py:154} INFO - [2023-12-16T21:12:45.916+0000] {dagbag.py:536} INFO - Filling up the DagBag from /home/airflow/.local/lib/python3.8/site-packages/airflow/example_dags/example_bash_operator.py
[2023-12-16T21:12:45.941+0000] {processor.py:839} INFO - DAG(s) dict_keys(['example_bash_operator']) retrieved from /home/airflow/.local/lib/python3.8/site-packages/airflow/example_dags/example_bash_operator.py
[2023-12-16T21:12:46.004+0000] {logging_mixin.py:154} INFO - [2023-12-16T21:12:46.004+0000] {dag.py:2941} INFO - Sync 1 DAGs
[2023-12-16T21:12:46.050+0000] {logging_mixin.py:154} INFO - [2023-12-16T21:12:46.049+0000] {dag.py:3722} INFO - Setting next_dagrun for example_bash_operator to 2023-12-15T00:00:00+00:00, run_after=2023-12-16T00:00:00+00:00
[2023-12-16T21:12:46.084+0000] {processor.py:179} INFO - Processing /home/airflow/.local/lib/python3.8/site-packages/airflow/example_dags/example_bash_operator.py took 0.180 seconds
