[2023-12-16T19:21:56.492+0000] {processor.py:157} INFO - Started process (PID=53) to work on /home/airflow/.local/lib/python3.8/site-packages/airflow/example_dags/example_dynamic_task_mapping_with_no_taskflow_operators.py
[2023-12-16T19:21:56.508+0000] {processor.py:829} INFO - Processing file /home/airflow/.local/lib/python3.8/site-packages/airflow/example_dags/example_dynamic_task_mapping_with_no_taskflow_operators.py for tasks to queue
[2023-12-16T19:21:56.536+0000] {logging_mixin.py:154} INFO - [2023-12-16T19:21:56.535+0000] {dagbag.py:536} INFO - Filling up the DagBag from /home/airflow/.local/lib/python3.8/site-packages/airflow/example_dags/example_dynamic_task_mapping_with_no_taskflow_operators.py
[2023-12-16T19:21:56.599+0000] {processor.py:839} INFO - DAG(s) dict_keys(['example_dynamic_task_mapping_with_no_taskflow_operators']) retrieved from /home/airflow/.local/lib/python3.8/site-packages/airflow/example_dags/example_dynamic_task_mapping_with_no_taskflow_operators.py
[2023-12-16T19:21:57.049+0000] {logging_mixin.py:154} INFO - [2023-12-16T19:21:57.048+0000] {dag.py:2941} INFO - Sync 1 DAGs
[2023-12-16T19:21:57.219+0000] {logging_mixin.py:154} INFO - [2023-12-16T19:21:57.218+0000] {dag.py:3722} INFO - Setting next_dagrun for example_dynamic_task_mapping_with_no_taskflow_operators to 2023-12-15T19:21:57.212538+00:00, run_after=2023-12-16T19:21:57.212538+00:00
[2023-12-16T19:21:57.381+0000] {processor.py:179} INFO - Processing /home/airflow/.local/lib/python3.8/site-packages/airflow/example_dags/example_dynamic_task_mapping_with_no_taskflow_operators.py took 0.911 seconds
[2023-12-16T19:23:19.310+0000] {processor.py:157} INFO - Started process (PID=106) to work on /home/airflow/.local/lib/python3.8/site-packages/airflow/example_dags/example_dynamic_task_mapping_with_no_taskflow_operators.py
[2023-12-16T19:23:19.328+0000] {processor.py:829} INFO - Processing file /home/airflow/.local/lib/python3.8/site-packages/airflow/example_dags/example_dynamic_task_mapping_with_no_taskflow_operators.py for tasks to queue
[2023-12-16T19:23:19.338+0000] {logging_mixin.py:154} INFO - [2023-12-16T19:23:19.337+0000] {dagbag.py:536} INFO - Filling up the DagBag from /home/airflow/.local/lib/python3.8/site-packages/airflow/example_dags/example_dynamic_task_mapping_with_no_taskflow_operators.py
[2023-12-16T19:23:19.362+0000] {processor.py:839} INFO - DAG(s) dict_keys(['example_dynamic_task_mapping_with_no_taskflow_operators']) retrieved from /home/airflow/.local/lib/python3.8/site-packages/airflow/example_dags/example_dynamic_task_mapping_with_no_taskflow_operators.py
[2023-12-16T19:23:19.425+0000] {logging_mixin.py:154} INFO - [2023-12-16T19:23:19.425+0000] {dag.py:2941} INFO - Sync 1 DAGs
[2023-12-16T19:23:19.496+0000] {logging_mixin.py:154} INFO - [2023-12-16T19:23:19.496+0000] {dag.py:3722} INFO - Setting next_dagrun for example_dynamic_task_mapping_with_no_taskflow_operators to 2023-12-15T19:23:19.495536+00:00, run_after=2023-12-16T19:23:19.495536+00:00
[2023-12-16T19:23:19.571+0000] {processor.py:179} INFO - Processing /home/airflow/.local/lib/python3.8/site-packages/airflow/example_dags/example_dynamic_task_mapping_with_no_taskflow_operators.py took 0.273 seconds
[2023-12-16T19:23:50.835+0000] {processor.py:157} INFO - Started process (PID=158) to work on /home/airflow/.local/lib/python3.8/site-packages/airflow/example_dags/example_dynamic_task_mapping_with_no_taskflow_operators.py
[2023-12-16T19:23:50.839+0000] {processor.py:829} INFO - Processing file /home/airflow/.local/lib/python3.8/site-packages/airflow/example_dags/example_dynamic_task_mapping_with_no_taskflow_operators.py for tasks to queue
[2023-12-16T19:23:50.860+0000] {logging_mixin.py:154} INFO - [2023-12-16T19:23:50.859+0000] {dagbag.py:536} INFO - Filling up the DagBag from /home/airflow/.local/lib/python3.8/site-packages/airflow/example_dags/example_dynamic_task_mapping_with_no_taskflow_operators.py
[2023-12-16T19:23:50.898+0000] {processor.py:839} INFO - DAG(s) dict_keys(['example_dynamic_task_mapping_with_no_taskflow_operators']) retrieved from /home/airflow/.local/lib/python3.8/site-packages/airflow/example_dags/example_dynamic_task_mapping_with_no_taskflow_operators.py
[2023-12-16T19:23:51.046+0000] {logging_mixin.py:154} INFO - [2023-12-16T19:23:51.045+0000] {dag.py:2941} INFO - Sync 1 DAGs
[2023-12-16T19:23:51.121+0000] {logging_mixin.py:154} INFO - [2023-12-16T19:23:51.120+0000] {dag.py:3722} INFO - Setting next_dagrun for example_dynamic_task_mapping_with_no_taskflow_operators to 2023-12-15T19:23:51.120246+00:00, run_after=2023-12-16T19:23:51.120246+00:00
[2023-12-16T19:23:51.216+0000] {processor.py:179} INFO - Processing /home/airflow/.local/lib/python3.8/site-packages/airflow/example_dags/example_dynamic_task_mapping_with_no_taskflow_operators.py took 0.406 seconds
[2023-12-16T19:28:37.585+0000] {processor.py:157} INFO - Started process (PID=212) to work on /home/airflow/.local/lib/python3.8/site-packages/airflow/example_dags/example_dynamic_task_mapping_with_no_taskflow_operators.py
[2023-12-16T19:28:37.714+0000] {processor.py:829} INFO - Processing file /home/airflow/.local/lib/python3.8/site-packages/airflow/example_dags/example_dynamic_task_mapping_with_no_taskflow_operators.py for tasks to queue
[2023-12-16T19:28:38.520+0000] {logging_mixin.py:154} INFO - [2023-12-16T19:28:38.432+0000] {dagbag.py:536} INFO - Filling up the DagBag from /home/airflow/.local/lib/python3.8/site-packages/airflow/example_dags/example_dynamic_task_mapping_with_no_taskflow_operators.py
[2023-12-16T19:28:40.965+0000] {processor.py:839} INFO - DAG(s) dict_keys(['example_dynamic_task_mapping_with_no_taskflow_operators']) retrieved from /home/airflow/.local/lib/python3.8/site-packages/airflow/example_dags/example_dynamic_task_mapping_with_no_taskflow_operators.py
[2023-12-16T19:35:42.047+0000] {processor.py:157} INFO - Started process (PID=60) to work on /home/airflow/.local/lib/python3.8/site-packages/airflow/example_dags/example_dynamic_task_mapping_with_no_taskflow_operators.py
[2023-12-16T19:35:42.083+0000] {processor.py:829} INFO - Processing file /home/airflow/.local/lib/python3.8/site-packages/airflow/example_dags/example_dynamic_task_mapping_with_no_taskflow_operators.py for tasks to queue
[2023-12-16T19:35:42.106+0000] {logging_mixin.py:154} INFO - [2023-12-16T19:35:42.105+0000] {dagbag.py:536} INFO - Filling up the DagBag from /home/airflow/.local/lib/python3.8/site-packages/airflow/example_dags/example_dynamic_task_mapping_with_no_taskflow_operators.py
[2023-12-16T19:35:42.219+0000] {processor.py:839} INFO - DAG(s) dict_keys(['example_dynamic_task_mapping_with_no_taskflow_operators']) retrieved from /home/airflow/.local/lib/python3.8/site-packages/airflow/example_dags/example_dynamic_task_mapping_with_no_taskflow_operators.py
[2023-12-16T19:35:44.832+0000] {logging_mixin.py:154} INFO - [2023-12-16T19:35:44.831+0000] {dag.py:2941} INFO - Sync 1 DAGs
[2023-12-16T19:35:45.241+0000] {logging_mixin.py:154} INFO - [2023-12-16T19:35:45.241+0000] {dag.py:3722} INFO - Setting next_dagrun for example_dynamic_task_mapping_with_no_taskflow_operators to 2023-12-15T19:35:45.238483+00:00, run_after=2023-12-16T19:35:45.238483+00:00
[2023-12-16T19:35:45.374+0000] {processor.py:179} INFO - Processing /home/airflow/.local/lib/python3.8/site-packages/airflow/example_dags/example_dynamic_task_mapping_with_no_taskflow_operators.py took 3.344 seconds
[2023-12-16T19:36:36.745+0000] {processor.py:157} INFO - Started process (PID=113) to work on /home/airflow/.local/lib/python3.8/site-packages/airflow/example_dags/example_dynamic_task_mapping_with_no_taskflow_operators.py
[2023-12-16T19:36:36.749+0000] {processor.py:829} INFO - Processing file /home/airflow/.local/lib/python3.8/site-packages/airflow/example_dags/example_dynamic_task_mapping_with_no_taskflow_operators.py for tasks to queue
[2023-12-16T19:36:36.757+0000] {logging_mixin.py:154} INFO - [2023-12-16T19:36:36.756+0000] {dagbag.py:536} INFO - Filling up the DagBag from /home/airflow/.local/lib/python3.8/site-packages/airflow/example_dags/example_dynamic_task_mapping_with_no_taskflow_operators.py
[2023-12-16T19:36:36.783+0000] {processor.py:839} INFO - DAG(s) dict_keys(['example_dynamic_task_mapping_with_no_taskflow_operators']) retrieved from /home/airflow/.local/lib/python3.8/site-packages/airflow/example_dags/example_dynamic_task_mapping_with_no_taskflow_operators.py
[2023-12-16T19:36:36.888+0000] {logging_mixin.py:154} INFO - [2023-12-16T19:36:36.888+0000] {dag.py:2941} INFO - Sync 1 DAGs
[2023-12-16T19:36:37.185+0000] {logging_mixin.py:154} INFO - [2023-12-16T19:36:37.185+0000] {dag.py:3722} INFO - Setting next_dagrun for example_dynamic_task_mapping_with_no_taskflow_operators to 2023-12-15T19:36:37.151225+00:00, run_after=2023-12-16T19:36:37.151225+00:00
[2023-12-16T19:36:37.390+0000] {processor.py:179} INFO - Processing /home/airflow/.local/lib/python3.8/site-packages/airflow/example_dags/example_dynamic_task_mapping_with_no_taskflow_operators.py took 0.653 seconds
[2023-12-16T19:37:08.252+0000] {processor.py:157} INFO - Started process (PID=165) to work on /home/airflow/.local/lib/python3.8/site-packages/airflow/example_dags/example_dynamic_task_mapping_with_no_taskflow_operators.py
[2023-12-16T19:37:08.265+0000] {processor.py:829} INFO - Processing file /home/airflow/.local/lib/python3.8/site-packages/airflow/example_dags/example_dynamic_task_mapping_with_no_taskflow_operators.py for tasks to queue
[2023-12-16T19:37:08.293+0000] {logging_mixin.py:154} INFO - [2023-12-16T19:37:08.292+0000] {dagbag.py:536} INFO - Filling up the DagBag from /home/airflow/.local/lib/python3.8/site-packages/airflow/example_dags/example_dynamic_task_mapping_with_no_taskflow_operators.py
[2023-12-16T19:37:08.347+0000] {processor.py:839} INFO - DAG(s) dict_keys(['example_dynamic_task_mapping_with_no_taskflow_operators']) retrieved from /home/airflow/.local/lib/python3.8/site-packages/airflow/example_dags/example_dynamic_task_mapping_with_no_taskflow_operators.py
[2023-12-16T19:37:08.530+0000] {logging_mixin.py:154} INFO - [2023-12-16T19:37:08.530+0000] {dag.py:2941} INFO - Sync 1 DAGs
[2023-12-16T19:37:08.735+0000] {logging_mixin.py:154} INFO - [2023-12-16T19:37:08.734+0000] {dag.py:3722} INFO - Setting next_dagrun for example_dynamic_task_mapping_with_no_taskflow_operators to 2023-12-15T19:37:08.733696+00:00, run_after=2023-12-16T19:37:08.733696+00:00
[2023-12-16T19:37:08.830+0000] {processor.py:179} INFO - Processing /home/airflow/.local/lib/python3.8/site-packages/airflow/example_dags/example_dynamic_task_mapping_with_no_taskflow_operators.py took 0.617 seconds
[2023-12-16T19:38:11.329+0000] {processor.py:157} INFO - Started process (PID=226) to work on /home/airflow/.local/lib/python3.8/site-packages/airflow/example_dags/example_dynamic_task_mapping_with_no_taskflow_operators.py
[2023-12-16T19:38:11.346+0000] {processor.py:829} INFO - Processing file /home/airflow/.local/lib/python3.8/site-packages/airflow/example_dags/example_dynamic_task_mapping_with_no_taskflow_operators.py for tasks to queue
[2023-12-16T19:38:11.384+0000] {logging_mixin.py:154} INFO - [2023-12-16T19:38:11.383+0000] {dagbag.py:536} INFO - Filling up the DagBag from /home/airflow/.local/lib/python3.8/site-packages/airflow/example_dags/example_dynamic_task_mapping_with_no_taskflow_operators.py
[2023-12-16T19:38:11.457+0000] {processor.py:839} INFO - DAG(s) dict_keys(['example_dynamic_task_mapping_with_no_taskflow_operators']) retrieved from /home/airflow/.local/lib/python3.8/site-packages/airflow/example_dags/example_dynamic_task_mapping_with_no_taskflow_operators.py
[2023-12-16T19:38:11.558+0000] {logging_mixin.py:154} INFO - [2023-12-16T19:38:11.547+0000] {dag.py:2941} INFO - Sync 1 DAGs
[2023-12-16T19:38:11.745+0000] {logging_mixin.py:154} INFO - [2023-12-16T19:38:11.744+0000] {dag.py:3722} INFO - Setting next_dagrun for example_dynamic_task_mapping_with_no_taskflow_operators to 2023-12-15T19:38:11.744144+00:00, run_after=2023-12-16T19:38:11.744144+00:00
[2023-12-16T19:38:11.988+0000] {processor.py:179} INFO - Processing /home/airflow/.local/lib/python3.8/site-packages/airflow/example_dags/example_dynamic_task_mapping_with_no_taskflow_operators.py took 0.697 seconds
[2023-12-16T19:43:29.079+0000] {processor.py:157} INFO - Started process (PID=53) to work on /home/airflow/.local/lib/python3.8/site-packages/airflow/example_dags/example_dynamic_task_mapping_with_no_taskflow_operators.py
[2023-12-16T19:43:29.195+0000] {processor.py:829} INFO - Processing file /home/airflow/.local/lib/python3.8/site-packages/airflow/example_dags/example_dynamic_task_mapping_with_no_taskflow_operators.py for tasks to queue
[2023-12-16T19:43:29.395+0000] {logging_mixin.py:154} INFO - [2023-12-16T19:43:29.394+0000] {dagbag.py:536} INFO - Filling up the DagBag from /home/airflow/.local/lib/python3.8/site-packages/airflow/example_dags/example_dynamic_task_mapping_with_no_taskflow_operators.py
[2023-12-16T19:43:30.464+0000] {processor.py:839} INFO - DAG(s) dict_keys(['example_dynamic_task_mapping_with_no_taskflow_operators']) retrieved from /home/airflow/.local/lib/python3.8/site-packages/airflow/example_dags/example_dynamic_task_mapping_with_no_taskflow_operators.py
[2023-12-16T19:43:32.723+0000] {logging_mixin.py:154} INFO - [2023-12-16T19:43:32.723+0000] {dag.py:2941} INFO - Sync 1 DAGs
[2023-12-16T19:43:33.445+0000] {logging_mixin.py:154} INFO - [2023-12-16T19:43:33.444+0000] {dag.py:3722} INFO - Setting next_dagrun for example_dynamic_task_mapping_with_no_taskflow_operators to 2023-12-15T19:43:33.422074+00:00, run_after=2023-12-16T19:43:33.422074+00:00
[2023-12-16T19:43:33.704+0000] {processor.py:179} INFO - Processing /home/airflow/.local/lib/python3.8/site-packages/airflow/example_dags/example_dynamic_task_mapping_with_no_taskflow_operators.py took 5.074 seconds
[2023-12-16T19:44:21.159+0000] {processor.py:157} INFO - Started process (PID=113) to work on /home/airflow/.local/lib/python3.8/site-packages/airflow/example_dags/example_dynamic_task_mapping_with_no_taskflow_operators.py
[2023-12-16T19:44:21.193+0000] {processor.py:829} INFO - Processing file /home/airflow/.local/lib/python3.8/site-packages/airflow/example_dags/example_dynamic_task_mapping_with_no_taskflow_operators.py for tasks to queue
[2023-12-16T19:44:21.201+0000] {logging_mixin.py:154} INFO - [2023-12-16T19:44:21.200+0000] {dagbag.py:536} INFO - Filling up the DagBag from /home/airflow/.local/lib/python3.8/site-packages/airflow/example_dags/example_dynamic_task_mapping_with_no_taskflow_operators.py
[2023-12-16T19:44:21.321+0000] {processor.py:839} INFO - DAG(s) dict_keys(['example_dynamic_task_mapping_with_no_taskflow_operators']) retrieved from /home/airflow/.local/lib/python3.8/site-packages/airflow/example_dags/example_dynamic_task_mapping_with_no_taskflow_operators.py
[2023-12-16T19:44:21.704+0000] {logging_mixin.py:154} INFO - [2023-12-16T19:44:21.704+0000] {dag.py:2941} INFO - Sync 1 DAGs
[2023-12-16T19:44:21.959+0000] {logging_mixin.py:154} INFO - [2023-12-16T19:44:21.958+0000] {dag.py:3722} INFO - Setting next_dagrun for example_dynamic_task_mapping_with_no_taskflow_operators to 2023-12-15T19:44:21.958041+00:00, run_after=2023-12-16T19:44:21.958041+00:00
[2023-12-16T19:44:22.245+0000] {processor.py:179} INFO - Processing /home/airflow/.local/lib/python3.8/site-packages/airflow/example_dags/example_dynamic_task_mapping_with_no_taskflow_operators.py took 1.117 seconds
[2023-12-16T19:44:53.894+0000] {processor.py:157} INFO - Started process (PID=165) to work on /home/airflow/.local/lib/python3.8/site-packages/airflow/example_dags/example_dynamic_task_mapping_with_no_taskflow_operators.py
[2023-12-16T19:44:53.909+0000] {processor.py:829} INFO - Processing file /home/airflow/.local/lib/python3.8/site-packages/airflow/example_dags/example_dynamic_task_mapping_with_no_taskflow_operators.py for tasks to queue
[2023-12-16T19:44:53.922+0000] {logging_mixin.py:154} INFO - [2023-12-16T19:44:53.921+0000] {dagbag.py:536} INFO - Filling up the DagBag from /home/airflow/.local/lib/python3.8/site-packages/airflow/example_dags/example_dynamic_task_mapping_with_no_taskflow_operators.py
[2023-12-16T19:44:53.971+0000] {processor.py:839} INFO - DAG(s) dict_keys(['example_dynamic_task_mapping_with_no_taskflow_operators']) retrieved from /home/airflow/.local/lib/python3.8/site-packages/airflow/example_dags/example_dynamic_task_mapping_with_no_taskflow_operators.py
[2023-12-16T19:44:54.144+0000] {logging_mixin.py:154} INFO - [2023-12-16T19:44:54.143+0000] {dag.py:2941} INFO - Sync 1 DAGs
[2023-12-16T19:44:54.560+0000] {logging_mixin.py:154} INFO - [2023-12-16T19:44:54.559+0000] {dag.py:3722} INFO - Setting next_dagrun for example_dynamic_task_mapping_with_no_taskflow_operators to 2023-12-15T19:44:54.558847+00:00, run_after=2023-12-16T19:44:54.558847+00:00
[2023-12-16T19:44:54.806+0000] {processor.py:179} INFO - Processing /home/airflow/.local/lib/python3.8/site-packages/airflow/example_dags/example_dynamic_task_mapping_with_no_taskflow_operators.py took 0.941 seconds
[2023-12-16T19:45:30.486+0000] {processor.py:157} INFO - Started process (PID=218) to work on /home/airflow/.local/lib/python3.8/site-packages/airflow/example_dags/example_dynamic_task_mapping_with_no_taskflow_operators.py
[2023-12-16T19:45:30.491+0000] {processor.py:829} INFO - Processing file /home/airflow/.local/lib/python3.8/site-packages/airflow/example_dags/example_dynamic_task_mapping_with_no_taskflow_operators.py for tasks to queue
[2023-12-16T19:45:30.498+0000] {logging_mixin.py:154} INFO - [2023-12-16T19:45:30.494+0000] {dagbag.py:536} INFO - Filling up the DagBag from /home/airflow/.local/lib/python3.8/site-packages/airflow/example_dags/example_dynamic_task_mapping_with_no_taskflow_operators.py
[2023-12-16T19:45:30.533+0000] {processor.py:839} INFO - DAG(s) dict_keys(['example_dynamic_task_mapping_with_no_taskflow_operators']) retrieved from /home/airflow/.local/lib/python3.8/site-packages/airflow/example_dags/example_dynamic_task_mapping_with_no_taskflow_operators.py
[2023-12-16T19:45:30.666+0000] {logging_mixin.py:154} INFO - [2023-12-16T19:45:30.665+0000] {dag.py:2941} INFO - Sync 1 DAGs
[2023-12-16T19:45:30.915+0000] {logging_mixin.py:154} INFO - [2023-12-16T19:45:30.914+0000] {dag.py:3722} INFO - Setting next_dagrun for example_dynamic_task_mapping_with_no_taskflow_operators to 2023-12-15T19:45:30.914259+00:00, run_after=2023-12-16T19:45:30.914259+00:00
[2023-12-16T19:45:31.174+0000] {processor.py:179} INFO - Processing /home/airflow/.local/lib/python3.8/site-packages/airflow/example_dags/example_dynamic_task_mapping_with_no_taskflow_operators.py took 0.702 seconds
[2023-12-16T20:04:39.289+0000] {processor.py:157} INFO - Started process (PID=122) to work on /home/airflow/.local/lib/python3.8/site-packages/airflow/example_dags/example_dynamic_task_mapping_with_no_taskflow_operators.py
[2023-12-16T20:04:39.298+0000] {processor.py:829} INFO - Processing file /home/airflow/.local/lib/python3.8/site-packages/airflow/example_dags/example_dynamic_task_mapping_with_no_taskflow_operators.py for tasks to queue
[2023-12-16T20:04:39.307+0000] {logging_mixin.py:154} INFO - [2023-12-16T20:04:39.307+0000] {dagbag.py:536} INFO - Filling up the DagBag from /home/airflow/.local/lib/python3.8/site-packages/airflow/example_dags/example_dynamic_task_mapping_with_no_taskflow_operators.py
[2023-12-16T20:04:39.334+0000] {processor.py:839} INFO - DAG(s) dict_keys(['example_dynamic_task_mapping_with_no_taskflow_operators']) retrieved from /home/airflow/.local/lib/python3.8/site-packages/airflow/example_dags/example_dynamic_task_mapping_with_no_taskflow_operators.py
[2023-12-16T20:04:39.498+0000] {logging_mixin.py:154} INFO - [2023-12-16T20:04:39.498+0000] {dag.py:2941} INFO - Sync 1 DAGs
[2023-12-16T20:04:39.652+0000] {logging_mixin.py:154} INFO - [2023-12-16T20:04:39.652+0000] {dag.py:3722} INFO - Setting next_dagrun for example_dynamic_task_mapping_with_no_taskflow_operators to 2023-12-15T20:04:39.651814+00:00, run_after=2023-12-16T20:04:39.651814+00:00
[2023-12-16T20:04:39.753+0000] {processor.py:179} INFO - Processing /home/airflow/.local/lib/python3.8/site-packages/airflow/example_dags/example_dynamic_task_mapping_with_no_taskflow_operators.py took 0.474 seconds
[2023-12-16T20:05:11.503+0000] {processor.py:157} INFO - Started process (PID=191) to work on /home/airflow/.local/lib/python3.8/site-packages/airflow/example_dags/example_dynamic_task_mapping_with_no_taskflow_operators.py
[2023-12-16T20:05:11.547+0000] {processor.py:829} INFO - Processing file /home/airflow/.local/lib/python3.8/site-packages/airflow/example_dags/example_dynamic_task_mapping_with_no_taskflow_operators.py for tasks to queue
[2023-12-16T20:05:11.571+0000] {logging_mixin.py:154} INFO - [2023-12-16T20:05:11.570+0000] {dagbag.py:536} INFO - Filling up the DagBag from /home/airflow/.local/lib/python3.8/site-packages/airflow/example_dags/example_dynamic_task_mapping_with_no_taskflow_operators.py
[2023-12-16T20:05:11.608+0000] {processor.py:839} INFO - DAG(s) dict_keys(['example_dynamic_task_mapping_with_no_taskflow_operators']) retrieved from /home/airflow/.local/lib/python3.8/site-packages/airflow/example_dags/example_dynamic_task_mapping_with_no_taskflow_operators.py
[2023-12-16T20:05:11.729+0000] {logging_mixin.py:154} INFO - [2023-12-16T20:05:11.729+0000] {dag.py:2941} INFO - Sync 1 DAGs
[2023-12-16T20:05:11.883+0000] {logging_mixin.py:154} INFO - [2023-12-16T20:05:11.881+0000] {dag.py:3722} INFO - Setting next_dagrun for example_dynamic_task_mapping_with_no_taskflow_operators to 2023-12-15T20:05:11.881140+00:00, run_after=2023-12-16T20:05:11.881140+00:00
[2023-12-16T20:05:12.738+0000] {processor.py:179} INFO - Processing /home/airflow/.local/lib/python3.8/site-packages/airflow/example_dags/example_dynamic_task_mapping_with_no_taskflow_operators.py took 1.264 seconds
[2023-12-16T20:05:43.170+0000] {processor.py:157} INFO - Started process (PID=258) to work on /home/airflow/.local/lib/python3.8/site-packages/airflow/example_dags/example_dynamic_task_mapping_with_no_taskflow_operators.py
[2023-12-16T20:05:43.172+0000] {processor.py:829} INFO - Processing file /home/airflow/.local/lib/python3.8/site-packages/airflow/example_dags/example_dynamic_task_mapping_with_no_taskflow_operators.py for tasks to queue
[2023-12-16T20:05:43.179+0000] {logging_mixin.py:154} INFO - [2023-12-16T20:05:43.178+0000] {dagbag.py:536} INFO - Filling up the DagBag from /home/airflow/.local/lib/python3.8/site-packages/airflow/example_dags/example_dynamic_task_mapping_with_no_taskflow_operators.py
[2023-12-16T20:05:43.198+0000] {processor.py:839} INFO - DAG(s) dict_keys(['example_dynamic_task_mapping_with_no_taskflow_operators']) retrieved from /home/airflow/.local/lib/python3.8/site-packages/airflow/example_dags/example_dynamic_task_mapping_with_no_taskflow_operators.py
[2023-12-16T20:05:43.248+0000] {logging_mixin.py:154} INFO - [2023-12-16T20:05:43.248+0000] {dag.py:2941} INFO - Sync 1 DAGs
[2023-12-16T20:05:43.307+0000] {logging_mixin.py:154} INFO - [2023-12-16T20:05:43.306+0000] {dag.py:3722} INFO - Setting next_dagrun for example_dynamic_task_mapping_with_no_taskflow_operators to 2023-12-15T20:05:43.305719+00:00, run_after=2023-12-16T20:05:43.305719+00:00
[2023-12-16T20:05:43.360+0000] {processor.py:179} INFO - Processing /home/airflow/.local/lib/python3.8/site-packages/airflow/example_dags/example_dynamic_task_mapping_with_no_taskflow_operators.py took 0.198 seconds
[2023-12-16T20:20:36.323+0000] {processor.py:157} INFO - Started process (PID=54) to work on /home/airflow/.local/lib/python3.8/site-packages/airflow/example_dags/example_dynamic_task_mapping_with_no_taskflow_operators.py
[2023-12-16T20:20:36.332+0000] {processor.py:829} INFO - Processing file /home/airflow/.local/lib/python3.8/site-packages/airflow/example_dags/example_dynamic_task_mapping_with_no_taskflow_operators.py for tasks to queue
[2023-12-16T20:20:36.346+0000] {logging_mixin.py:154} INFO - [2023-12-16T20:20:36.346+0000] {dagbag.py:536} INFO - Filling up the DagBag from /home/airflow/.local/lib/python3.8/site-packages/airflow/example_dags/example_dynamic_task_mapping_with_no_taskflow_operators.py
[2023-12-16T20:20:36.444+0000] {processor.py:839} INFO - DAG(s) dict_keys(['example_dynamic_task_mapping_with_no_taskflow_operators']) retrieved from /home/airflow/.local/lib/python3.8/site-packages/airflow/example_dags/example_dynamic_task_mapping_with_no_taskflow_operators.py
[2023-12-16T20:20:37.005+0000] {logging_mixin.py:154} INFO - [2023-12-16T20:20:37.004+0000] {dag.py:2941} INFO - Sync 1 DAGs
[2023-12-16T20:20:37.354+0000] {logging_mixin.py:154} INFO - [2023-12-16T20:20:37.354+0000] {dag.py:3722} INFO - Setting next_dagrun for example_dynamic_task_mapping_with_no_taskflow_operators to 2023-12-15T20:20:37.347765+00:00, run_after=2023-12-16T20:20:37.347765+00:00
[2023-12-16T20:20:37.687+0000] {processor.py:179} INFO - Processing /home/airflow/.local/lib/python3.8/site-packages/airflow/example_dags/example_dynamic_task_mapping_with_no_taskflow_operators.py took 1.382 seconds
[2023-12-16T20:21:15.594+0000] {processor.py:157} INFO - Started process (PID=107) to work on /home/airflow/.local/lib/python3.8/site-packages/airflow/example_dags/example_dynamic_task_mapping_with_no_taskflow_operators.py
[2023-12-16T20:21:15.597+0000] {processor.py:829} INFO - Processing file /home/airflow/.local/lib/python3.8/site-packages/airflow/example_dags/example_dynamic_task_mapping_with_no_taskflow_operators.py for tasks to queue
[2023-12-16T20:21:15.629+0000] {logging_mixin.py:154} INFO - [2023-12-16T20:21:15.615+0000] {dagbag.py:536} INFO - Filling up the DagBag from /home/airflow/.local/lib/python3.8/site-packages/airflow/example_dags/example_dynamic_task_mapping_with_no_taskflow_operators.py
[2023-12-16T20:21:15.675+0000] {processor.py:839} INFO - DAG(s) dict_keys(['example_dynamic_task_mapping_with_no_taskflow_operators']) retrieved from /home/airflow/.local/lib/python3.8/site-packages/airflow/example_dags/example_dynamic_task_mapping_with_no_taskflow_operators.py
[2023-12-16T20:21:15.904+0000] {logging_mixin.py:154} INFO - [2023-12-16T20:21:15.903+0000] {dag.py:2941} INFO - Sync 1 DAGs
[2023-12-16T20:21:16.096+0000] {logging_mixin.py:154} INFO - [2023-12-16T20:21:16.095+0000] {dag.py:3722} INFO - Setting next_dagrun for example_dynamic_task_mapping_with_no_taskflow_operators to 2023-12-15T20:21:16.095164+00:00, run_after=2023-12-16T20:21:16.095164+00:00
[2023-12-16T20:21:16.218+0000] {processor.py:179} INFO - Processing /home/airflow/.local/lib/python3.8/site-packages/airflow/example_dags/example_dynamic_task_mapping_with_no_taskflow_operators.py took 0.653 seconds
[2023-12-16T20:31:19.299+0000] {processor.py:157} INFO - Started process (PID=55) to work on /home/airflow/.local/lib/python3.8/site-packages/airflow/example_dags/example_dynamic_task_mapping_with_no_taskflow_operators.py
[2023-12-16T20:31:19.303+0000] {processor.py:829} INFO - Processing file /home/airflow/.local/lib/python3.8/site-packages/airflow/example_dags/example_dynamic_task_mapping_with_no_taskflow_operators.py for tasks to queue
[2023-12-16T20:31:19.335+0000] {logging_mixin.py:154} INFO - [2023-12-16T20:31:19.334+0000] {dagbag.py:536} INFO - Filling up the DagBag from /home/airflow/.local/lib/python3.8/site-packages/airflow/example_dags/example_dynamic_task_mapping_with_no_taskflow_operators.py
[2023-12-16T20:31:19.412+0000] {processor.py:839} INFO - DAG(s) dict_keys(['example_dynamic_task_mapping_with_no_taskflow_operators']) retrieved from /home/airflow/.local/lib/python3.8/site-packages/airflow/example_dags/example_dynamic_task_mapping_with_no_taskflow_operators.py
[2023-12-16T20:31:19.673+0000] {logging_mixin.py:154} INFO - [2023-12-16T20:31:19.672+0000] {dag.py:2941} INFO - Sync 1 DAGs
[2023-12-16T20:31:19.968+0000] {logging_mixin.py:154} INFO - [2023-12-16T20:31:19.968+0000] {dag.py:3722} INFO - Setting next_dagrun for example_dynamic_task_mapping_with_no_taskflow_operators to 2023-12-15T20:31:19.961748+00:00, run_after=2023-12-16T20:31:19.961748+00:00
[2023-12-16T20:31:20.503+0000] {processor.py:179} INFO - Processing /home/airflow/.local/lib/python3.8/site-packages/airflow/example_dags/example_dynamic_task_mapping_with_no_taskflow_operators.py took 1.259 seconds
[2023-12-16T20:31:51.043+0000] {processor.py:157} INFO - Started process (PID=109) to work on /home/airflow/.local/lib/python3.8/site-packages/airflow/example_dags/example_dynamic_task_mapping_with_no_taskflow_operators.py
[2023-12-16T20:31:51.046+0000] {processor.py:829} INFO - Processing file /home/airflow/.local/lib/python3.8/site-packages/airflow/example_dags/example_dynamic_task_mapping_with_no_taskflow_operators.py for tasks to queue
[2023-12-16T20:31:51.067+0000] {logging_mixin.py:154} INFO - [2023-12-16T20:31:51.066+0000] {dagbag.py:536} INFO - Filling up the DagBag from /home/airflow/.local/lib/python3.8/site-packages/airflow/example_dags/example_dynamic_task_mapping_with_no_taskflow_operators.py
[2023-12-16T20:31:51.100+0000] {processor.py:839} INFO - DAG(s) dict_keys(['example_dynamic_task_mapping_with_no_taskflow_operators']) retrieved from /home/airflow/.local/lib/python3.8/site-packages/airflow/example_dags/example_dynamic_task_mapping_with_no_taskflow_operators.py
[2023-12-16T20:31:51.177+0000] {logging_mixin.py:154} INFO - [2023-12-16T20:31:51.177+0000] {dag.py:2941} INFO - Sync 1 DAGs
[2023-12-16T20:31:51.330+0000] {logging_mixin.py:154} INFO - [2023-12-16T20:31:51.329+0000] {dag.py:3722} INFO - Setting next_dagrun for example_dynamic_task_mapping_with_no_taskflow_operators to 2023-12-15T20:31:51.329116+00:00, run_after=2023-12-16T20:31:51.329116+00:00
[2023-12-16T20:31:51.440+0000] {processor.py:179} INFO - Processing /home/airflow/.local/lib/python3.8/site-packages/airflow/example_dags/example_dynamic_task_mapping_with_no_taskflow_operators.py took 0.405 seconds
[2023-12-16T20:32:21.838+0000] {processor.py:157} INFO - Started process (PID=161) to work on /home/airflow/.local/lib/python3.8/site-packages/airflow/example_dags/example_dynamic_task_mapping_with_no_taskflow_operators.py
[2023-12-16T20:32:21.840+0000] {processor.py:829} INFO - Processing file /home/airflow/.local/lib/python3.8/site-packages/airflow/example_dags/example_dynamic_task_mapping_with_no_taskflow_operators.py for tasks to queue
[2023-12-16T20:32:21.847+0000] {logging_mixin.py:154} INFO - [2023-12-16T20:32:21.846+0000] {dagbag.py:536} INFO - Filling up the DagBag from /home/airflow/.local/lib/python3.8/site-packages/airflow/example_dags/example_dynamic_task_mapping_with_no_taskflow_operators.py
[2023-12-16T20:32:21.871+0000] {processor.py:839} INFO - DAG(s) dict_keys(['example_dynamic_task_mapping_with_no_taskflow_operators']) retrieved from /home/airflow/.local/lib/python3.8/site-packages/airflow/example_dags/example_dynamic_task_mapping_with_no_taskflow_operators.py
[2023-12-16T20:32:21.924+0000] {logging_mixin.py:154} INFO - [2023-12-16T20:32:21.923+0000] {dag.py:2941} INFO - Sync 1 DAGs
[2023-12-16T20:32:21.974+0000] {logging_mixin.py:154} INFO - [2023-12-16T20:32:21.974+0000] {dag.py:3722} INFO - Setting next_dagrun for example_dynamic_task_mapping_with_no_taskflow_operators to 2023-12-15T20:32:21.974283+00:00, run_after=2023-12-16T20:32:21.974283+00:00
[2023-12-16T20:32:22.228+0000] {processor.py:179} INFO - Processing /home/airflow/.local/lib/python3.8/site-packages/airflow/example_dags/example_dynamic_task_mapping_with_no_taskflow_operators.py took 0.396 seconds
[2023-12-16T20:34:26.698+0000] {processor.py:157} INFO - Started process (PID=47) to work on /home/airflow/.local/lib/python3.8/site-packages/airflow/example_dags/example_dynamic_task_mapping_with_no_taskflow_operators.py
[2023-12-16T20:34:26.711+0000] {processor.py:829} INFO - Processing file /home/airflow/.local/lib/python3.8/site-packages/airflow/example_dags/example_dynamic_task_mapping_with_no_taskflow_operators.py for tasks to queue
[2023-12-16T20:34:26.727+0000] {logging_mixin.py:154} INFO - [2023-12-16T20:34:26.726+0000] {dagbag.py:536} INFO - Filling up the DagBag from /home/airflow/.local/lib/python3.8/site-packages/airflow/example_dags/example_dynamic_task_mapping_with_no_taskflow_operators.py
[2023-12-16T20:34:26.754+0000] {processor.py:839} INFO - DAG(s) dict_keys(['example_dynamic_task_mapping_with_no_taskflow_operators']) retrieved from /home/airflow/.local/lib/python3.8/site-packages/airflow/example_dags/example_dynamic_task_mapping_with_no_taskflow_operators.py
[2023-12-16T20:34:26.864+0000] {logging_mixin.py:154} INFO - [2023-12-16T20:34:26.863+0000] {dag.py:2941} INFO - Sync 1 DAGs
[2023-12-16T20:34:26.958+0000] {logging_mixin.py:154} INFO - [2023-12-16T20:34:26.957+0000] {dag.py:3722} INFO - Setting next_dagrun for example_dynamic_task_mapping_with_no_taskflow_operators to 2023-12-15T20:34:26.957328+00:00, run_after=2023-12-16T20:34:26.957328+00:00
[2023-12-16T20:34:27.019+0000] {processor.py:179} INFO - Processing /home/airflow/.local/lib/python3.8/site-packages/airflow/example_dags/example_dynamic_task_mapping_with_no_taskflow_operators.py took 0.353 seconds
[2023-12-16T20:34:57.288+0000] {processor.py:157} INFO - Started process (PID=99) to work on /home/airflow/.local/lib/python3.8/site-packages/airflow/example_dags/example_dynamic_task_mapping_with_no_taskflow_operators.py
[2023-12-16T20:34:57.291+0000] {processor.py:829} INFO - Processing file /home/airflow/.local/lib/python3.8/site-packages/airflow/example_dags/example_dynamic_task_mapping_with_no_taskflow_operators.py for tasks to queue
[2023-12-16T20:34:57.296+0000] {logging_mixin.py:154} INFO - [2023-12-16T20:34:57.296+0000] {dagbag.py:536} INFO - Filling up the DagBag from /home/airflow/.local/lib/python3.8/site-packages/airflow/example_dags/example_dynamic_task_mapping_with_no_taskflow_operators.py
[2023-12-16T20:34:57.321+0000] {processor.py:839} INFO - DAG(s) dict_keys(['example_dynamic_task_mapping_with_no_taskflow_operators']) retrieved from /home/airflow/.local/lib/python3.8/site-packages/airflow/example_dags/example_dynamic_task_mapping_with_no_taskflow_operators.py
[2023-12-16T20:34:57.393+0000] {logging_mixin.py:154} INFO - [2023-12-16T20:34:57.392+0000] {dag.py:2941} INFO - Sync 1 DAGs
[2023-12-16T20:34:57.464+0000] {logging_mixin.py:154} INFO - [2023-12-16T20:34:57.463+0000] {dag.py:3722} INFO - Setting next_dagrun for example_dynamic_task_mapping_with_no_taskflow_operators to 2023-12-15T20:34:57.463265+00:00, run_after=2023-12-16T20:34:57.463265+00:00
[2023-12-16T20:34:57.515+0000] {processor.py:179} INFO - Processing /home/airflow/.local/lib/python3.8/site-packages/airflow/example_dags/example_dynamic_task_mapping_with_no_taskflow_operators.py took 0.236 seconds
[2023-12-16T21:00:48.195+0000] {processor.py:157} INFO - Started process (PID=54) to work on /home/airflow/.local/lib/python3.8/site-packages/airflow/example_dags/example_dynamic_task_mapping_with_no_taskflow_operators.py
[2023-12-16T21:00:48.236+0000] {processor.py:829} INFO - Processing file /home/airflow/.local/lib/python3.8/site-packages/airflow/example_dags/example_dynamic_task_mapping_with_no_taskflow_operators.py for tasks to queue
[2023-12-16T21:00:48.246+0000] {logging_mixin.py:154} INFO - [2023-12-16T21:00:48.245+0000] {dagbag.py:536} INFO - Filling up the DagBag from /home/airflow/.local/lib/python3.8/site-packages/airflow/example_dags/example_dynamic_task_mapping_with_no_taskflow_operators.py
[2023-12-16T21:00:48.351+0000] {processor.py:839} INFO - DAG(s) dict_keys(['example_dynamic_task_mapping_with_no_taskflow_operators']) retrieved from /home/airflow/.local/lib/python3.8/site-packages/airflow/example_dags/example_dynamic_task_mapping_with_no_taskflow_operators.py
[2023-12-16T21:00:48.703+0000] {logging_mixin.py:154} INFO - [2023-12-16T21:00:48.702+0000] {dag.py:2941} INFO - Sync 1 DAGs
[2023-12-16T21:00:49.168+0000] {logging_mixin.py:154} INFO - [2023-12-16T21:00:49.167+0000] {dag.py:3722} INFO - Setting next_dagrun for example_dynamic_task_mapping_with_no_taskflow_operators to 2023-12-15T21:00:49.155983+00:00, run_after=2023-12-16T21:00:49.155983+00:00
[2023-12-16T21:00:49.551+0000] {processor.py:179} INFO - Processing /home/airflow/.local/lib/python3.8/site-packages/airflow/example_dags/example_dynamic_task_mapping_with_no_taskflow_operators.py took 1.384 seconds
[2023-12-16T21:01:19.781+0000] {processor.py:157} INFO - Started process (PID=107) to work on /home/airflow/.local/lib/python3.8/site-packages/airflow/example_dags/example_dynamic_task_mapping_with_no_taskflow_operators.py
[2023-12-16T21:01:19.785+0000] {processor.py:829} INFO - Processing file /home/airflow/.local/lib/python3.8/site-packages/airflow/example_dags/example_dynamic_task_mapping_with_no_taskflow_operators.py for tasks to queue
[2023-12-16T21:01:19.794+0000] {logging_mixin.py:154} INFO - [2023-12-16T21:01:19.793+0000] {dagbag.py:536} INFO - Filling up the DagBag from /home/airflow/.local/lib/python3.8/site-packages/airflow/example_dags/example_dynamic_task_mapping_with_no_taskflow_operators.py
[2023-12-16T21:01:19.812+0000] {processor.py:839} INFO - DAG(s) dict_keys(['example_dynamic_task_mapping_with_no_taskflow_operators']) retrieved from /home/airflow/.local/lib/python3.8/site-packages/airflow/example_dags/example_dynamic_task_mapping_with_no_taskflow_operators.py
[2023-12-16T21:01:19.871+0000] {logging_mixin.py:154} INFO - [2023-12-16T21:01:19.870+0000] {dag.py:2941} INFO - Sync 1 DAGs
[2023-12-16T21:01:19.977+0000] {logging_mixin.py:154} INFO - [2023-12-16T21:01:19.977+0000] {dag.py:3722} INFO - Setting next_dagrun for example_dynamic_task_mapping_with_no_taskflow_operators to 2023-12-15T21:01:19.976633+00:00, run_after=2023-12-16T21:01:19.976633+00:00
[2023-12-16T21:01:20.213+0000] {processor.py:179} INFO - Processing /home/airflow/.local/lib/python3.8/site-packages/airflow/example_dags/example_dynamic_task_mapping_with_no_taskflow_operators.py took 0.440 seconds
[2023-12-16T21:01:50.545+0000] {processor.py:157} INFO - Started process (PID=161) to work on /home/airflow/.local/lib/python3.8/site-packages/airflow/example_dags/example_dynamic_task_mapping_with_no_taskflow_operators.py
[2023-12-16T21:01:50.547+0000] {processor.py:829} INFO - Processing file /home/airflow/.local/lib/python3.8/site-packages/airflow/example_dags/example_dynamic_task_mapping_with_no_taskflow_operators.py for tasks to queue
[2023-12-16T21:01:50.553+0000] {logging_mixin.py:154} INFO - [2023-12-16T21:01:50.552+0000] {dagbag.py:536} INFO - Filling up the DagBag from /home/airflow/.local/lib/python3.8/site-packages/airflow/example_dags/example_dynamic_task_mapping_with_no_taskflow_operators.py
[2023-12-16T21:01:50.577+0000] {processor.py:839} INFO - DAG(s) dict_keys(['example_dynamic_task_mapping_with_no_taskflow_operators']) retrieved from /home/airflow/.local/lib/python3.8/site-packages/airflow/example_dags/example_dynamic_task_mapping_with_no_taskflow_operators.py
[2023-12-16T21:01:50.650+0000] {logging_mixin.py:154} INFO - [2023-12-16T21:01:50.649+0000] {dag.py:2941} INFO - Sync 1 DAGs
[2023-12-16T21:01:50.745+0000] {logging_mixin.py:154} INFO - [2023-12-16T21:01:50.745+0000] {dag.py:3722} INFO - Setting next_dagrun for example_dynamic_task_mapping_with_no_taskflow_operators to 2023-12-15T21:01:50.744855+00:00, run_after=2023-12-16T21:01:50.744855+00:00
[2023-12-16T21:01:50.830+0000] {processor.py:179} INFO - Processing /home/airflow/.local/lib/python3.8/site-packages/airflow/example_dags/example_dynamic_task_mapping_with_no_taskflow_operators.py took 0.292 seconds
[2023-12-16T21:07:00.455+0000] {processor.py:157} INFO - Started process (PID=48) to work on /home/airflow/.local/lib/python3.8/site-packages/airflow/example_dags/example_dynamic_task_mapping_with_no_taskflow_operators.py
[2023-12-16T21:07:00.480+0000] {processor.py:829} INFO - Processing file /home/airflow/.local/lib/python3.8/site-packages/airflow/example_dags/example_dynamic_task_mapping_with_no_taskflow_operators.py for tasks to queue
[2023-12-16T21:07:00.518+0000] {logging_mixin.py:154} INFO - [2023-12-16T21:07:00.517+0000] {dagbag.py:536} INFO - Filling up the DagBag from /home/airflow/.local/lib/python3.8/site-packages/airflow/example_dags/example_dynamic_task_mapping_with_no_taskflow_operators.py
[2023-12-16T21:07:00.670+0000] {processor.py:839} INFO - DAG(s) dict_keys(['example_dynamic_task_mapping_with_no_taskflow_operators']) retrieved from /home/airflow/.local/lib/python3.8/site-packages/airflow/example_dags/example_dynamic_task_mapping_with_no_taskflow_operators.py
[2023-12-16T21:07:00.911+0000] {logging_mixin.py:154} INFO - [2023-12-16T21:07:00.903+0000] {dag.py:2941} INFO - Sync 1 DAGs
[2023-12-16T21:07:01.026+0000] {logging_mixin.py:154} INFO - [2023-12-16T21:07:01.026+0000] {dag.py:3722} INFO - Setting next_dagrun for example_dynamic_task_mapping_with_no_taskflow_operators to 2023-12-15T21:07:01.025624+00:00, run_after=2023-12-16T21:07:01.025624+00:00
[2023-12-16T21:07:01.130+0000] {processor.py:179} INFO - Processing /home/airflow/.local/lib/python3.8/site-packages/airflow/example_dags/example_dynamic_task_mapping_with_no_taskflow_operators.py took 0.697 seconds
[2023-12-16T21:07:31.686+0000] {processor.py:157} INFO - Started process (PID=102) to work on /home/airflow/.local/lib/python3.8/site-packages/airflow/example_dags/example_dynamic_task_mapping_with_no_taskflow_operators.py
[2023-12-16T21:07:31.689+0000] {processor.py:829} INFO - Processing file /home/airflow/.local/lib/python3.8/site-packages/airflow/example_dags/example_dynamic_task_mapping_with_no_taskflow_operators.py for tasks to queue
[2023-12-16T21:07:31.695+0000] {logging_mixin.py:154} INFO - [2023-12-16T21:07:31.694+0000] {dagbag.py:536} INFO - Filling up the DagBag from /home/airflow/.local/lib/python3.8/site-packages/airflow/example_dags/example_dynamic_task_mapping_with_no_taskflow_operators.py
[2023-12-16T21:07:31.708+0000] {processor.py:839} INFO - DAG(s) dict_keys(['example_dynamic_task_mapping_with_no_taskflow_operators']) retrieved from /home/airflow/.local/lib/python3.8/site-packages/airflow/example_dags/example_dynamic_task_mapping_with_no_taskflow_operators.py
[2023-12-16T21:07:31.754+0000] {logging_mixin.py:154} INFO - [2023-12-16T21:07:31.754+0000] {dag.py:2941} INFO - Sync 1 DAGs
[2023-12-16T21:07:31.851+0000] {logging_mixin.py:154} INFO - [2023-12-16T21:07:31.846+0000] {dag.py:3722} INFO - Setting next_dagrun for example_dynamic_task_mapping_with_no_taskflow_operators to 2023-12-15T21:07:31.845611+00:00, run_after=2023-12-16T21:07:31.845611+00:00
[2023-12-16T21:07:31.925+0000] {processor.py:179} INFO - Processing /home/airflow/.local/lib/python3.8/site-packages/airflow/example_dags/example_dynamic_task_mapping_with_no_taskflow_operators.py took 0.246 seconds
[2023-12-16T21:08:02.053+0000] {processor.py:157} INFO - Started process (PID=155) to work on /home/airflow/.local/lib/python3.8/site-packages/airflow/example_dags/example_dynamic_task_mapping_with_no_taskflow_operators.py
[2023-12-16T21:08:02.055+0000] {processor.py:829} INFO - Processing file /home/airflow/.local/lib/python3.8/site-packages/airflow/example_dags/example_dynamic_task_mapping_with_no_taskflow_operators.py for tasks to queue
[2023-12-16T21:08:02.059+0000] {logging_mixin.py:154} INFO - [2023-12-16T21:08:02.059+0000] {dagbag.py:536} INFO - Filling up the DagBag from /home/airflow/.local/lib/python3.8/site-packages/airflow/example_dags/example_dynamic_task_mapping_with_no_taskflow_operators.py
[2023-12-16T21:08:02.070+0000] {processor.py:839} INFO - DAG(s) dict_keys(['example_dynamic_task_mapping_with_no_taskflow_operators']) retrieved from /home/airflow/.local/lib/python3.8/site-packages/airflow/example_dags/example_dynamic_task_mapping_with_no_taskflow_operators.py
[2023-12-16T21:08:02.105+0000] {logging_mixin.py:154} INFO - [2023-12-16T21:08:02.105+0000] {dag.py:2941} INFO - Sync 1 DAGs
[2023-12-16T21:08:02.141+0000] {logging_mixin.py:154} INFO - [2023-12-16T21:08:02.140+0000] {dag.py:3722} INFO - Setting next_dagrun for example_dynamic_task_mapping_with_no_taskflow_operators to 2023-12-15T21:08:02.140352+00:00, run_after=2023-12-16T21:08:02.140352+00:00
[2023-12-16T21:08:02.170+0000] {processor.py:179} INFO - Processing /home/airflow/.local/lib/python3.8/site-packages/airflow/example_dags/example_dynamic_task_mapping_with_no_taskflow_operators.py took 0.123 seconds
[2023-12-16T21:08:32.649+0000] {processor.py:157} INFO - Started process (PID=209) to work on /home/airflow/.local/lib/python3.8/site-packages/airflow/example_dags/example_dynamic_task_mapping_with_no_taskflow_operators.py
[2023-12-16T21:08:32.652+0000] {processor.py:829} INFO - Processing file /home/airflow/.local/lib/python3.8/site-packages/airflow/example_dags/example_dynamic_task_mapping_with_no_taskflow_operators.py for tasks to queue
[2023-12-16T21:08:32.655+0000] {logging_mixin.py:154} INFO - [2023-12-16T21:08:32.655+0000] {dagbag.py:536} INFO - Filling up the DagBag from /home/airflow/.local/lib/python3.8/site-packages/airflow/example_dags/example_dynamic_task_mapping_with_no_taskflow_operators.py
[2023-12-16T21:08:32.669+0000] {processor.py:839} INFO - DAG(s) dict_keys(['example_dynamic_task_mapping_with_no_taskflow_operators']) retrieved from /home/airflow/.local/lib/python3.8/site-packages/airflow/example_dags/example_dynamic_task_mapping_with_no_taskflow_operators.py
[2023-12-16T21:08:32.738+0000] {logging_mixin.py:154} INFO - [2023-12-16T21:08:32.736+0000] {dag.py:2941} INFO - Sync 1 DAGs
[2023-12-16T21:08:32.930+0000] {logging_mixin.py:154} INFO - [2023-12-16T21:08:32.930+0000] {dag.py:3722} INFO - Setting next_dagrun for example_dynamic_task_mapping_with_no_taskflow_operators to 2023-12-15T21:08:32.925553+00:00, run_after=2023-12-16T21:08:32.925553+00:00
[2023-12-16T21:08:33.007+0000] {processor.py:179} INFO - Processing /home/airflow/.local/lib/python3.8/site-packages/airflow/example_dags/example_dynamic_task_mapping_with_no_taskflow_operators.py took 0.365 seconds
[2023-12-16T21:09:03.783+0000] {processor.py:157} INFO - Started process (PID=263) to work on /home/airflow/.local/lib/python3.8/site-packages/airflow/example_dags/example_dynamic_task_mapping_with_no_taskflow_operators.py
[2023-12-16T21:09:03.793+0000] {processor.py:829} INFO - Processing file /home/airflow/.local/lib/python3.8/site-packages/airflow/example_dags/example_dynamic_task_mapping_with_no_taskflow_operators.py for tasks to queue
[2023-12-16T21:09:03.800+0000] {logging_mixin.py:154} INFO - [2023-12-16T21:09:03.799+0000] {dagbag.py:536} INFO - Filling up the DagBag from /home/airflow/.local/lib/python3.8/site-packages/airflow/example_dags/example_dynamic_task_mapping_with_no_taskflow_operators.py
[2023-12-16T21:09:03.842+0000] {processor.py:839} INFO - DAG(s) dict_keys(['example_dynamic_task_mapping_with_no_taskflow_operators']) retrieved from /home/airflow/.local/lib/python3.8/site-packages/airflow/example_dags/example_dynamic_task_mapping_with_no_taskflow_operators.py
[2023-12-16T21:09:03.906+0000] {logging_mixin.py:154} INFO - [2023-12-16T21:09:03.905+0000] {dag.py:2941} INFO - Sync 1 DAGs
[2023-12-16T21:09:03.959+0000] {logging_mixin.py:154} INFO - [2023-12-16T21:09:03.959+0000] {dag.py:3722} INFO - Setting next_dagrun for example_dynamic_task_mapping_with_no_taskflow_operators to 2023-12-15T21:09:03.959203+00:00, run_after=2023-12-16T21:09:03.959203+00:00
[2023-12-16T21:09:04.011+0000] {processor.py:179} INFO - Processing /home/airflow/.local/lib/python3.8/site-packages/airflow/example_dags/example_dynamic_task_mapping_with_no_taskflow_operators.py took 0.237 seconds
[2023-12-16T21:09:34.831+0000] {processor.py:157} INFO - Started process (PID=317) to work on /home/airflow/.local/lib/python3.8/site-packages/airflow/example_dags/example_dynamic_task_mapping_with_no_taskflow_operators.py
[2023-12-16T21:09:34.833+0000] {processor.py:829} INFO - Processing file /home/airflow/.local/lib/python3.8/site-packages/airflow/example_dags/example_dynamic_task_mapping_with_no_taskflow_operators.py for tasks to queue
[2023-12-16T21:09:34.837+0000] {logging_mixin.py:154} INFO - [2023-12-16T21:09:34.837+0000] {dagbag.py:536} INFO - Filling up the DagBag from /home/airflow/.local/lib/python3.8/site-packages/airflow/example_dags/example_dynamic_task_mapping_with_no_taskflow_operators.py
[2023-12-16T21:09:34.853+0000] {processor.py:839} INFO - DAG(s) dict_keys(['example_dynamic_task_mapping_with_no_taskflow_operators']) retrieved from /home/airflow/.local/lib/python3.8/site-packages/airflow/example_dags/example_dynamic_task_mapping_with_no_taskflow_operators.py
[2023-12-16T21:09:34.903+0000] {logging_mixin.py:154} INFO - [2023-12-16T21:09:34.902+0000] {dag.py:2941} INFO - Sync 1 DAGs
[2023-12-16T21:09:34.974+0000] {logging_mixin.py:154} INFO - [2023-12-16T21:09:34.973+0000] {dag.py:3722} INFO - Setting next_dagrun for example_dynamic_task_mapping_with_no_taskflow_operators to 2023-12-15T21:09:34.973333+00:00, run_after=2023-12-16T21:09:34.973333+00:00
[2023-12-16T21:09:35.051+0000] {processor.py:179} INFO - Processing /home/airflow/.local/lib/python3.8/site-packages/airflow/example_dags/example_dynamic_task_mapping_with_no_taskflow_operators.py took 0.225 seconds
[2023-12-16T21:10:05.743+0000] {processor.py:157} INFO - Started process (PID=371) to work on /home/airflow/.local/lib/python3.8/site-packages/airflow/example_dags/example_dynamic_task_mapping_with_no_taskflow_operators.py
[2023-12-16T21:10:05.744+0000] {processor.py:829} INFO - Processing file /home/airflow/.local/lib/python3.8/site-packages/airflow/example_dags/example_dynamic_task_mapping_with_no_taskflow_operators.py for tasks to queue
[2023-12-16T21:10:05.748+0000] {logging_mixin.py:154} INFO - [2023-12-16T21:10:05.748+0000] {dagbag.py:536} INFO - Filling up the DagBag from /home/airflow/.local/lib/python3.8/site-packages/airflow/example_dags/example_dynamic_task_mapping_with_no_taskflow_operators.py
[2023-12-16T21:10:05.759+0000] {processor.py:839} INFO - DAG(s) dict_keys(['example_dynamic_task_mapping_with_no_taskflow_operators']) retrieved from /home/airflow/.local/lib/python3.8/site-packages/airflow/example_dags/example_dynamic_task_mapping_with_no_taskflow_operators.py
[2023-12-16T21:10:05.803+0000] {logging_mixin.py:154} INFO - [2023-12-16T21:10:05.803+0000] {dag.py:2941} INFO - Sync 1 DAGs
[2023-12-16T21:10:05.839+0000] {logging_mixin.py:154} INFO - [2023-12-16T21:10:05.839+0000] {dag.py:3722} INFO - Setting next_dagrun for example_dynamic_task_mapping_with_no_taskflow_operators to 2023-12-15T21:10:05.838634+00:00, run_after=2023-12-16T21:10:05.838634+00:00
[2023-12-16T21:10:05.868+0000] {processor.py:179} INFO - Processing /home/airflow/.local/lib/python3.8/site-packages/airflow/example_dags/example_dynamic_task_mapping_with_no_taskflow_operators.py took 0.131 seconds
[2023-12-16T21:10:36.350+0000] {processor.py:157} INFO - Started process (PID=425) to work on /home/airflow/.local/lib/python3.8/site-packages/airflow/example_dags/example_dynamic_task_mapping_with_no_taskflow_operators.py
[2023-12-16T21:10:36.352+0000] {processor.py:829} INFO - Processing file /home/airflow/.local/lib/python3.8/site-packages/airflow/example_dags/example_dynamic_task_mapping_with_no_taskflow_operators.py for tasks to queue
[2023-12-16T21:10:36.356+0000] {logging_mixin.py:154} INFO - [2023-12-16T21:10:36.355+0000] {dagbag.py:536} INFO - Filling up the DagBag from /home/airflow/.local/lib/python3.8/site-packages/airflow/example_dags/example_dynamic_task_mapping_with_no_taskflow_operators.py
[2023-12-16T21:10:36.372+0000] {processor.py:839} INFO - DAG(s) dict_keys(['example_dynamic_task_mapping_with_no_taskflow_operators']) retrieved from /home/airflow/.local/lib/python3.8/site-packages/airflow/example_dags/example_dynamic_task_mapping_with_no_taskflow_operators.py
[2023-12-16T21:10:36.416+0000] {logging_mixin.py:154} INFO - [2023-12-16T21:10:36.416+0000] {dag.py:2941} INFO - Sync 1 DAGs
[2023-12-16T21:10:36.477+0000] {logging_mixin.py:154} INFO - [2023-12-16T21:10:36.476+0000] {dag.py:3722} INFO - Setting next_dagrun for example_dynamic_task_mapping_with_no_taskflow_operators to 2023-12-15T21:10:36.476097+00:00, run_after=2023-12-16T21:10:36.476097+00:00
[2023-12-16T21:10:36.505+0000] {processor.py:179} INFO - Processing /home/airflow/.local/lib/python3.8/site-packages/airflow/example_dags/example_dynamic_task_mapping_with_no_taskflow_operators.py took 0.159 seconds
[2023-12-16T21:11:06.908+0000] {processor.py:157} INFO - Started process (PID=480) to work on /home/airflow/.local/lib/python3.8/site-packages/airflow/example_dags/example_dynamic_task_mapping_with_no_taskflow_operators.py
[2023-12-16T21:11:06.915+0000] {processor.py:829} INFO - Processing file /home/airflow/.local/lib/python3.8/site-packages/airflow/example_dags/example_dynamic_task_mapping_with_no_taskflow_operators.py for tasks to queue
[2023-12-16T21:11:06.921+0000] {logging_mixin.py:154} INFO - [2023-12-16T21:11:06.920+0000] {dagbag.py:536} INFO - Filling up the DagBag from /home/airflow/.local/lib/python3.8/site-packages/airflow/example_dags/example_dynamic_task_mapping_with_no_taskflow_operators.py
[2023-12-16T21:11:06.938+0000] {processor.py:839} INFO - DAG(s) dict_keys(['example_dynamic_task_mapping_with_no_taskflow_operators']) retrieved from /home/airflow/.local/lib/python3.8/site-packages/airflow/example_dags/example_dynamic_task_mapping_with_no_taskflow_operators.py
[2023-12-16T21:11:06.992+0000] {logging_mixin.py:154} INFO - [2023-12-16T21:11:06.992+0000] {dag.py:2941} INFO - Sync 1 DAGs
[2023-12-16T21:11:07.050+0000] {logging_mixin.py:154} INFO - [2023-12-16T21:11:07.049+0000] {dag.py:3722} INFO - Setting next_dagrun for example_dynamic_task_mapping_with_no_taskflow_operators to 2023-12-15T21:11:07.049363+00:00, run_after=2023-12-16T21:11:07.049363+00:00
[2023-12-16T21:11:07.122+0000] {processor.py:179} INFO - Processing /home/airflow/.local/lib/python3.8/site-packages/airflow/example_dags/example_dynamic_task_mapping_with_no_taskflow_operators.py took 0.221 seconds
[2023-12-16T21:11:37.731+0000] {processor.py:157} INFO - Started process (PID=534) to work on /home/airflow/.local/lib/python3.8/site-packages/airflow/example_dags/example_dynamic_task_mapping_with_no_taskflow_operators.py
[2023-12-16T21:11:37.733+0000] {processor.py:829} INFO - Processing file /home/airflow/.local/lib/python3.8/site-packages/airflow/example_dags/example_dynamic_task_mapping_with_no_taskflow_operators.py for tasks to queue
[2023-12-16T21:11:37.736+0000] {logging_mixin.py:154} INFO - [2023-12-16T21:11:37.736+0000] {dagbag.py:536} INFO - Filling up the DagBag from /home/airflow/.local/lib/python3.8/site-packages/airflow/example_dags/example_dynamic_task_mapping_with_no_taskflow_operators.py
[2023-12-16T21:11:37.746+0000] {processor.py:839} INFO - DAG(s) dict_keys(['example_dynamic_task_mapping_with_no_taskflow_operators']) retrieved from /home/airflow/.local/lib/python3.8/site-packages/airflow/example_dags/example_dynamic_task_mapping_with_no_taskflow_operators.py
[2023-12-16T21:11:37.777+0000] {logging_mixin.py:154} INFO - [2023-12-16T21:11:37.776+0000] {dag.py:2941} INFO - Sync 1 DAGs
[2023-12-16T21:11:37.812+0000] {logging_mixin.py:154} INFO - [2023-12-16T21:11:37.811+0000] {dag.py:3722} INFO - Setting next_dagrun for example_dynamic_task_mapping_with_no_taskflow_operators to 2023-12-15T21:11:37.811486+00:00, run_after=2023-12-16T21:11:37.811486+00:00
[2023-12-16T21:11:37.843+0000] {processor.py:179} INFO - Processing /home/airflow/.local/lib/python3.8/site-packages/airflow/example_dags/example_dynamic_task_mapping_with_no_taskflow_operators.py took 0.116 seconds
[2023-12-16T21:12:08.477+0000] {processor.py:157} INFO - Started process (PID=588) to work on /home/airflow/.local/lib/python3.8/site-packages/airflow/example_dags/example_dynamic_task_mapping_with_no_taskflow_operators.py
[2023-12-16T21:12:08.478+0000] {processor.py:829} INFO - Processing file /home/airflow/.local/lib/python3.8/site-packages/airflow/example_dags/example_dynamic_task_mapping_with_no_taskflow_operators.py for tasks to queue
[2023-12-16T21:12:08.482+0000] {logging_mixin.py:154} INFO - [2023-12-16T21:12:08.481+0000] {dagbag.py:536} INFO - Filling up the DagBag from /home/airflow/.local/lib/python3.8/site-packages/airflow/example_dags/example_dynamic_task_mapping_with_no_taskflow_operators.py
[2023-12-16T21:12:08.491+0000] {processor.py:839} INFO - DAG(s) dict_keys(['example_dynamic_task_mapping_with_no_taskflow_operators']) retrieved from /home/airflow/.local/lib/python3.8/site-packages/airflow/example_dags/example_dynamic_task_mapping_with_no_taskflow_operators.py
[2023-12-16T21:12:08.523+0000] {logging_mixin.py:154} INFO - [2023-12-16T21:12:08.523+0000] {dag.py:2941} INFO - Sync 1 DAGs
[2023-12-16T21:12:08.566+0000] {logging_mixin.py:154} INFO - [2023-12-16T21:12:08.565+0000] {dag.py:3722} INFO - Setting next_dagrun for example_dynamic_task_mapping_with_no_taskflow_operators to 2023-12-15T21:12:08.565188+00:00, run_after=2023-12-16T21:12:08.565188+00:00
[2023-12-16T21:12:08.606+0000] {processor.py:179} INFO - Processing /home/airflow/.local/lib/python3.8/site-packages/airflow/example_dags/example_dynamic_task_mapping_with_no_taskflow_operators.py took 0.133 seconds
[2023-12-16T21:12:39.428+0000] {processor.py:157} INFO - Started process (PID=642) to work on /home/airflow/.local/lib/python3.8/site-packages/airflow/example_dags/example_dynamic_task_mapping_with_no_taskflow_operators.py
[2023-12-16T21:12:39.429+0000] {processor.py:829} INFO - Processing file /home/airflow/.local/lib/python3.8/site-packages/airflow/example_dags/example_dynamic_task_mapping_with_no_taskflow_operators.py for tasks to queue
[2023-12-16T21:12:39.433+0000] {logging_mixin.py:154} INFO - [2023-12-16T21:12:39.433+0000] {dagbag.py:536} INFO - Filling up the DagBag from /home/airflow/.local/lib/python3.8/site-packages/airflow/example_dags/example_dynamic_task_mapping_with_no_taskflow_operators.py
[2023-12-16T21:12:39.444+0000] {processor.py:839} INFO - DAG(s) dict_keys(['example_dynamic_task_mapping_with_no_taskflow_operators']) retrieved from /home/airflow/.local/lib/python3.8/site-packages/airflow/example_dags/example_dynamic_task_mapping_with_no_taskflow_operators.py
[2023-12-16T21:12:39.474+0000] {logging_mixin.py:154} INFO - [2023-12-16T21:12:39.473+0000] {dag.py:2941} INFO - Sync 1 DAGs
[2023-12-16T21:12:39.512+0000] {logging_mixin.py:154} INFO - [2023-12-16T21:12:39.512+0000] {dag.py:3722} INFO - Setting next_dagrun for example_dynamic_task_mapping_with_no_taskflow_operators to 2023-12-15T21:12:39.512068+00:00, run_after=2023-12-16T21:12:39.512068+00:00
[2023-12-16T21:12:39.556+0000] {processor.py:179} INFO - Processing /home/airflow/.local/lib/python3.8/site-packages/airflow/example_dags/example_dynamic_task_mapping_with_no_taskflow_operators.py took 0.133 seconds
