[2023-12-16T19:22:03.180+0000] {processor.py:157} INFO - Started process (PID=61) to work on /home/airflow/.local/lib/python3.8/site-packages/airflow/example_dags/example_python_operator.py
[2023-12-16T19:22:03.204+0000] {processor.py:829} INFO - Processing file /home/airflow/.local/lib/python3.8/site-packages/airflow/example_dags/example_python_operator.py for tasks to queue
[2023-12-16T19:22:03.220+0000] {logging_mixin.py:154} INFO - [2023-12-16T19:22:03.219+0000] {dagbag.py:536} INFO - Filling up the DagBag from /home/airflow/.local/lib/python3.8/site-packages/airflow/example_dags/example_python_operator.py
[2023-12-16T19:22:03.437+0000] {processor.py:839} INFO - DAG(s) dict_keys(['example_python_operator']) retrieved from /home/airflow/.local/lib/python3.8/site-packages/airflow/example_dags/example_python_operator.py
[2023-12-16T19:22:05.092+0000] {logging_mixin.py:154} INFO - [2023-12-16T19:22:05.090+0000] {dag.py:2941} INFO - Sync 1 DAGs
[2023-12-16T19:22:05.254+0000] {logging_mixin.py:154} INFO - [2023-12-16T19:22:05.253+0000] {dag.py:3722} INFO - Setting next_dagrun for example_python_operator to None, run_after=None
[2023-12-16T19:22:05.424+0000] {processor.py:179} INFO - Processing /home/airflow/.local/lib/python3.8/site-packages/airflow/example_dags/example_python_operator.py took 2.314 seconds
[2023-12-16T19:23:23.355+0000] {processor.py:157} INFO - Started process (PID=121) to work on /home/airflow/.local/lib/python3.8/site-packages/airflow/example_dags/example_python_operator.py
[2023-12-16T19:23:23.364+0000] {processor.py:829} INFO - Processing file /home/airflow/.local/lib/python3.8/site-packages/airflow/example_dags/example_python_operator.py for tasks to queue
[2023-12-16T19:23:23.374+0000] {logging_mixin.py:154} INFO - [2023-12-16T19:23:23.373+0000] {dagbag.py:536} INFO - Filling up the DagBag from /home/airflow/.local/lib/python3.8/site-packages/airflow/example_dags/example_python_operator.py
[2023-12-16T19:23:23.437+0000] {processor.py:839} INFO - DAG(s) dict_keys(['example_python_operator']) retrieved from /home/airflow/.local/lib/python3.8/site-packages/airflow/example_dags/example_python_operator.py
[2023-12-16T19:23:23.552+0000] {logging_mixin.py:154} INFO - [2023-12-16T19:23:23.551+0000] {dag.py:2941} INFO - Sync 1 DAGs
[2023-12-16T19:23:23.615+0000] {logging_mixin.py:154} INFO - [2023-12-16T19:23:23.615+0000] {dag.py:3722} INFO - Setting next_dagrun for example_python_operator to None, run_after=None
[2023-12-16T19:23:23.695+0000] {processor.py:179} INFO - Processing /home/airflow/.local/lib/python3.8/site-packages/airflow/example_dags/example_python_operator.py took 0.359 seconds
[2023-12-16T19:23:53.945+0000] {processor.py:157} INFO - Started process (PID=173) to work on /home/airflow/.local/lib/python3.8/site-packages/airflow/example_dags/example_python_operator.py
[2023-12-16T19:23:53.947+0000] {processor.py:829} INFO - Processing file /home/airflow/.local/lib/python3.8/site-packages/airflow/example_dags/example_python_operator.py for tasks to queue
[2023-12-16T19:23:53.952+0000] {logging_mixin.py:154} INFO - [2023-12-16T19:23:53.951+0000] {dagbag.py:536} INFO - Filling up the DagBag from /home/airflow/.local/lib/python3.8/site-packages/airflow/example_dags/example_python_operator.py
[2023-12-16T19:23:53.974+0000] {processor.py:839} INFO - DAG(s) dict_keys(['example_python_operator']) retrieved from /home/airflow/.local/lib/python3.8/site-packages/airflow/example_dags/example_python_operator.py
[2023-12-16T19:23:54.032+0000] {logging_mixin.py:154} INFO - [2023-12-16T19:23:54.031+0000] {dag.py:2941} INFO - Sync 1 DAGs
[2023-12-16T19:23:54.060+0000] {logging_mixin.py:154} INFO - [2023-12-16T19:23:54.059+0000] {dag.py:3722} INFO - Setting next_dagrun for example_python_operator to None, run_after=None
[2023-12-16T19:23:54.108+0000] {processor.py:179} INFO - Processing /home/airflow/.local/lib/python3.8/site-packages/airflow/example_dags/example_python_operator.py took 0.169 seconds
[2023-12-16T19:35:50.038+0000] {processor.py:157} INFO - Started process (PID=68) to work on /home/airflow/.local/lib/python3.8/site-packages/airflow/example_dags/example_python_operator.py
[2023-12-16T19:35:50.061+0000] {processor.py:829} INFO - Processing file /home/airflow/.local/lib/python3.8/site-packages/airflow/example_dags/example_python_operator.py for tasks to queue
[2023-12-16T19:35:50.073+0000] {logging_mixin.py:154} INFO - [2023-12-16T19:35:50.066+0000] {dagbag.py:536} INFO - Filling up the DagBag from /home/airflow/.local/lib/python3.8/site-packages/airflow/example_dags/example_python_operator.py
[2023-12-16T19:35:50.134+0000] {processor.py:839} INFO - DAG(s) dict_keys(['example_python_operator']) retrieved from /home/airflow/.local/lib/python3.8/site-packages/airflow/example_dags/example_python_operator.py
[2023-12-16T19:35:50.829+0000] {logging_mixin.py:154} INFO - [2023-12-16T19:35:50.828+0000] {dag.py:2941} INFO - Sync 1 DAGs
[2023-12-16T19:35:50.916+0000] {logging_mixin.py:154} INFO - [2023-12-16T19:35:50.915+0000] {dag.py:3722} INFO - Setting next_dagrun for example_python_operator to None, run_after=None
[2023-12-16T19:35:51.046+0000] {processor.py:179} INFO - Processing /home/airflow/.local/lib/python3.8/site-packages/airflow/example_dags/example_python_operator.py took 1.016 seconds
[2023-12-16T19:36:42.662+0000] {processor.py:157} INFO - Started process (PID=128) to work on /home/airflow/.local/lib/python3.8/site-packages/airflow/example_dags/example_python_operator.py
[2023-12-16T19:36:42.723+0000] {processor.py:829} INFO - Processing file /home/airflow/.local/lib/python3.8/site-packages/airflow/example_dags/example_python_operator.py for tasks to queue
[2023-12-16T19:36:42.760+0000] {logging_mixin.py:154} INFO - [2023-12-16T19:36:42.760+0000] {dagbag.py:536} INFO - Filling up the DagBag from /home/airflow/.local/lib/python3.8/site-packages/airflow/example_dags/example_python_operator.py
[2023-12-16T19:36:42.961+0000] {processor.py:839} INFO - DAG(s) dict_keys(['example_python_operator']) retrieved from /home/airflow/.local/lib/python3.8/site-packages/airflow/example_dags/example_python_operator.py
[2023-12-16T19:36:43.076+0000] {logging_mixin.py:154} INFO - [2023-12-16T19:36:43.075+0000] {dag.py:2941} INFO - Sync 1 DAGs
[2023-12-16T19:36:43.208+0000] {logging_mixin.py:154} INFO - [2023-12-16T19:36:43.208+0000] {dag.py:3722} INFO - Setting next_dagrun for example_python_operator to None, run_after=None
[2023-12-16T19:36:43.419+0000] {processor.py:179} INFO - Processing /home/airflow/.local/lib/python3.8/site-packages/airflow/example_dags/example_python_operator.py took 0.810 seconds
[2023-12-16T19:37:14.467+0000] {processor.py:157} INFO - Started process (PID=182) to work on /home/airflow/.local/lib/python3.8/site-packages/airflow/example_dags/example_python_operator.py
[2023-12-16T19:37:14.475+0000] {processor.py:829} INFO - Processing file /home/airflow/.local/lib/python3.8/site-packages/airflow/example_dags/example_python_operator.py for tasks to queue
[2023-12-16T19:37:14.491+0000] {logging_mixin.py:154} INFO - [2023-12-16T19:37:14.482+0000] {dagbag.py:536} INFO - Filling up the DagBag from /home/airflow/.local/lib/python3.8/site-packages/airflow/example_dags/example_python_operator.py
[2023-12-16T19:37:14.608+0000] {processor.py:839} INFO - DAG(s) dict_keys(['example_python_operator']) retrieved from /home/airflow/.local/lib/python3.8/site-packages/airflow/example_dags/example_python_operator.py
[2023-12-16T19:37:15.864+0000] {logging_mixin.py:154} INFO - [2023-12-16T19:37:15.863+0000] {dag.py:2941} INFO - Sync 1 DAGs
[2023-12-16T19:37:15.963+0000] {logging_mixin.py:154} INFO - [2023-12-16T19:37:15.963+0000] {dag.py:3722} INFO - Setting next_dagrun for example_python_operator to None, run_after=None
[2023-12-16T19:37:16.407+0000] {processor.py:179} INFO - Processing /home/airflow/.local/lib/python3.8/site-packages/airflow/example_dags/example_python_operator.py took 1.956 seconds
[2023-12-16T19:38:21.239+0000] {processor.py:157} INFO - Started process (PID=240) to work on /home/airflow/.local/lib/python3.8/site-packages/airflow/example_dags/example_python_operator.py
[2023-12-16T19:38:21.274+0000] {processor.py:829} INFO - Processing file /home/airflow/.local/lib/python3.8/site-packages/airflow/example_dags/example_python_operator.py for tasks to queue
[2023-12-16T19:38:21.290+0000] {logging_mixin.py:154} INFO - [2023-12-16T19:38:21.290+0000] {dagbag.py:536} INFO - Filling up the DagBag from /home/airflow/.local/lib/python3.8/site-packages/airflow/example_dags/example_python_operator.py
[2023-12-16T19:38:21.390+0000] {processor.py:839} INFO - DAG(s) dict_keys(['example_python_operator']) retrieved from /home/airflow/.local/lib/python3.8/site-packages/airflow/example_dags/example_python_operator.py
[2023-12-16T19:43:42.900+0000] {processor.py:157} INFO - Started process (PID=68) to work on /home/airflow/.local/lib/python3.8/site-packages/airflow/example_dags/example_python_operator.py
[2023-12-16T19:43:42.939+0000] {processor.py:829} INFO - Processing file /home/airflow/.local/lib/python3.8/site-packages/airflow/example_dags/example_python_operator.py for tasks to queue
[2023-12-16T19:43:42.951+0000] {logging_mixin.py:154} INFO - [2023-12-16T19:43:42.950+0000] {dagbag.py:536} INFO - Filling up the DagBag from /home/airflow/.local/lib/python3.8/site-packages/airflow/example_dags/example_python_operator.py
[2023-12-16T19:43:43.630+0000] {processor.py:839} INFO - DAG(s) dict_keys(['example_python_operator']) retrieved from /home/airflow/.local/lib/python3.8/site-packages/airflow/example_dags/example_python_operator.py
[2023-12-16T19:43:48.604+0000] {logging_mixin.py:154} INFO - [2023-12-16T19:43:48.604+0000] {dag.py:2941} INFO - Sync 1 DAGs
[2023-12-16T19:43:48.782+0000] {logging_mixin.py:154} INFO - [2023-12-16T19:43:48.781+0000] {dag.py:3722} INFO - Setting next_dagrun for example_python_operator to None, run_after=None
[2023-12-16T19:43:48.950+0000] {processor.py:179} INFO - Processing /home/airflow/.local/lib/python3.8/site-packages/airflow/example_dags/example_python_operator.py took 6.157 seconds
[2023-12-16T19:44:33.017+0000] {processor.py:157} INFO - Started process (PID=123) to work on /home/airflow/.local/lib/python3.8/site-packages/airflow/example_dags/example_python_operator.py
[2023-12-16T19:44:33.025+0000] {processor.py:829} INFO - Processing file /home/airflow/.local/lib/python3.8/site-packages/airflow/example_dags/example_python_operator.py for tasks to queue
[2023-12-16T19:44:33.043+0000] {logging_mixin.py:154} INFO - [2023-12-16T19:44:33.036+0000] {dagbag.py:536} INFO - Filling up the DagBag from /home/airflow/.local/lib/python3.8/site-packages/airflow/example_dags/example_python_operator.py
[2023-12-16T19:44:33.087+0000] {processor.py:839} INFO - DAG(s) dict_keys(['example_python_operator']) retrieved from /home/airflow/.local/lib/python3.8/site-packages/airflow/example_dags/example_python_operator.py
[2023-12-16T19:44:33.444+0000] {logging_mixin.py:154} INFO - [2023-12-16T19:44:33.444+0000] {dag.py:2941} INFO - Sync 1 DAGs
[2023-12-16T19:44:33.628+0000] {logging_mixin.py:154} INFO - [2023-12-16T19:44:33.627+0000] {dag.py:3722} INFO - Setting next_dagrun for example_python_operator to None, run_after=None
[2023-12-16T19:44:33.830+0000] {processor.py:179} INFO - Processing /home/airflow/.local/lib/python3.8/site-packages/airflow/example_dags/example_python_operator.py took 0.871 seconds
[2023-12-16T19:45:07.875+0000] {processor.py:157} INFO - Started process (PID=177) to work on /home/airflow/.local/lib/python3.8/site-packages/airflow/example_dags/example_python_operator.py
[2023-12-16T19:45:07.881+0000] {processor.py:829} INFO - Processing file /home/airflow/.local/lib/python3.8/site-packages/airflow/example_dags/example_python_operator.py for tasks to queue
[2023-12-16T19:45:07.895+0000] {logging_mixin.py:154} INFO - [2023-12-16T19:45:07.894+0000] {dagbag.py:536} INFO - Filling up the DagBag from /home/airflow/.local/lib/python3.8/site-packages/airflow/example_dags/example_python_operator.py
[2023-12-16T19:45:08.273+0000] {processor.py:839} INFO - DAG(s) dict_keys(['example_python_operator']) retrieved from /home/airflow/.local/lib/python3.8/site-packages/airflow/example_dags/example_python_operator.py
[2023-12-16T19:45:08.667+0000] {logging_mixin.py:154} INFO - [2023-12-16T19:45:08.666+0000] {dag.py:2941} INFO - Sync 1 DAGs
[2023-12-16T19:45:09.101+0000] {logging_mixin.py:154} INFO - [2023-12-16T19:45:09.100+0000] {dag.py:3722} INFO - Setting next_dagrun for example_python_operator to None, run_after=None
[2023-12-16T19:45:09.561+0000] {processor.py:179} INFO - Processing /home/airflow/.local/lib/python3.8/site-packages/airflow/example_dags/example_python_operator.py took 1.751 seconds
[2023-12-16T19:45:49.983+0000] {processor.py:157} INFO - Started process (PID=236) to work on /home/airflow/.local/lib/python3.8/site-packages/airflow/example_dags/example_python_operator.py
[2023-12-16T19:45:49.993+0000] {processor.py:829} INFO - Processing file /home/airflow/.local/lib/python3.8/site-packages/airflow/example_dags/example_python_operator.py for tasks to queue
[2023-12-16T19:45:49.995+0000] {logging_mixin.py:154} INFO - [2023-12-16T19:45:49.995+0000] {dagbag.py:536} INFO - Filling up the DagBag from /home/airflow/.local/lib/python3.8/site-packages/airflow/example_dags/example_python_operator.py
[2023-12-16T19:45:50.159+0000] {processor.py:839} INFO - DAG(s) dict_keys(['example_python_operator']) retrieved from /home/airflow/.local/lib/python3.8/site-packages/airflow/example_dags/example_python_operator.py
[2023-12-16T19:45:50.769+0000] {logging_mixin.py:154} INFO - [2023-12-16T19:45:50.763+0000] {dag.py:2941} INFO - Sync 1 DAGs
[2023-12-16T19:45:51.179+0000] {logging_mixin.py:154} INFO - [2023-12-16T19:45:51.036+0000] {dag.py:3722} INFO - Setting next_dagrun for example_python_operator to None, run_after=None
[2023-12-16T19:45:55.788+0000] {processor.py:179} INFO - Processing /home/airflow/.local/lib/python3.8/site-packages/airflow/example_dags/example_python_operator.py took 5.931 seconds
[2023-12-16T20:04:42.436+0000] {processor.py:157} INFO - Started process (PID=130) to work on /home/airflow/.local/lib/python3.8/site-packages/airflow/example_dags/example_python_operator.py
[2023-12-16T20:04:42.450+0000] {processor.py:829} INFO - Processing file /home/airflow/.local/lib/python3.8/site-packages/airflow/example_dags/example_python_operator.py for tasks to queue
[2023-12-16T20:04:42.466+0000] {logging_mixin.py:154} INFO - [2023-12-16T20:04:42.466+0000] {dagbag.py:536} INFO - Filling up the DagBag from /home/airflow/.local/lib/python3.8/site-packages/airflow/example_dags/example_python_operator.py
[2023-12-16T20:04:42.541+0000] {processor.py:839} INFO - DAG(s) dict_keys(['example_python_operator']) retrieved from /home/airflow/.local/lib/python3.8/site-packages/airflow/example_dags/example_python_operator.py
[2023-12-16T20:04:44.687+0000] {logging_mixin.py:154} INFO - [2023-12-16T20:04:44.686+0000] {dag.py:2941} INFO - Sync 1 DAGs
[2023-12-16T20:04:44.761+0000] {logging_mixin.py:154} INFO - [2023-12-16T20:04:44.760+0000] {dag.py:3722} INFO - Setting next_dagrun for example_python_operator to None, run_after=None
[2023-12-16T20:04:44.868+0000] {processor.py:179} INFO - Processing /home/airflow/.local/lib/python3.8/site-packages/airflow/example_dags/example_python_operator.py took 2.450 seconds
[2023-12-16T20:05:17.215+0000] {processor.py:157} INFO - Started process (PID=199) to work on /home/airflow/.local/lib/python3.8/site-packages/airflow/example_dags/example_python_operator.py
[2023-12-16T20:05:17.220+0000] {processor.py:829} INFO - Processing file /home/airflow/.local/lib/python3.8/site-packages/airflow/example_dags/example_python_operator.py for tasks to queue
[2023-12-16T20:05:17.233+0000] {logging_mixin.py:154} INFO - [2023-12-16T20:05:17.233+0000] {dagbag.py:536} INFO - Filling up the DagBag from /home/airflow/.local/lib/python3.8/site-packages/airflow/example_dags/example_python_operator.py
[2023-12-16T20:05:17.282+0000] {processor.py:839} INFO - DAG(s) dict_keys(['example_python_operator']) retrieved from /home/airflow/.local/lib/python3.8/site-packages/airflow/example_dags/example_python_operator.py
[2023-12-16T20:05:17.457+0000] {logging_mixin.py:154} INFO - [2023-12-16T20:05:17.456+0000] {dag.py:2941} INFO - Sync 1 DAGs
[2023-12-16T20:05:17.525+0000] {logging_mixin.py:154} INFO - [2023-12-16T20:05:17.505+0000] {dag.py:3722} INFO - Setting next_dagrun for example_python_operator to None, run_after=None
[2023-12-16T20:05:18.202+0000] {processor.py:179} INFO - Processing /home/airflow/.local/lib/python3.8/site-packages/airflow/example_dags/example_python_operator.py took 1.002 seconds
[2023-12-16T20:05:48.661+0000] {processor.py:157} INFO - Started process (PID=267) to work on /home/airflow/.local/lib/python3.8/site-packages/airflow/example_dags/example_python_operator.py
[2023-12-16T20:05:48.666+0000] {processor.py:829} INFO - Processing file /home/airflow/.local/lib/python3.8/site-packages/airflow/example_dags/example_python_operator.py for tasks to queue
[2023-12-16T20:05:48.676+0000] {logging_mixin.py:154} INFO - [2023-12-16T20:05:48.676+0000] {dagbag.py:536} INFO - Filling up the DagBag from /home/airflow/.local/lib/python3.8/site-packages/airflow/example_dags/example_python_operator.py
[2023-12-16T20:05:48.711+0000] {processor.py:839} INFO - DAG(s) dict_keys(['example_python_operator']) retrieved from /home/airflow/.local/lib/python3.8/site-packages/airflow/example_dags/example_python_operator.py
[2023-12-16T20:05:48.852+0000] {logging_mixin.py:154} INFO - [2023-12-16T20:05:48.851+0000] {dag.py:2941} INFO - Sync 1 DAGs
[2023-12-16T20:05:48.920+0000] {logging_mixin.py:154} INFO - [2023-12-16T20:05:48.920+0000] {dag.py:3722} INFO - Setting next_dagrun for example_python_operator to None, run_after=None
[2023-12-16T20:05:49.508+0000] {processor.py:179} INFO - Processing /home/airflow/.local/lib/python3.8/site-packages/airflow/example_dags/example_python_operator.py took 0.854 seconds
[2023-12-16T20:20:42.627+0000] {processor.py:157} INFO - Started process (PID=62) to work on /home/airflow/.local/lib/python3.8/site-packages/airflow/example_dags/example_python_operator.py
[2023-12-16T20:20:42.651+0000] {processor.py:829} INFO - Processing file /home/airflow/.local/lib/python3.8/site-packages/airflow/example_dags/example_python_operator.py for tasks to queue
[2023-12-16T20:20:42.682+0000] {logging_mixin.py:154} INFO - [2023-12-16T20:20:42.681+0000] {dagbag.py:536} INFO - Filling up the DagBag from /home/airflow/.local/lib/python3.8/site-packages/airflow/example_dags/example_python_operator.py
[2023-12-16T20:20:42.839+0000] {processor.py:839} INFO - DAG(s) dict_keys(['example_python_operator']) retrieved from /home/airflow/.local/lib/python3.8/site-packages/airflow/example_dags/example_python_operator.py
[2023-12-16T20:20:45.023+0000] {logging_mixin.py:154} INFO - [2023-12-16T20:20:45.023+0000] {dag.py:2941} INFO - Sync 1 DAGs
[2023-12-16T20:20:45.371+0000] {logging_mixin.py:154} INFO - [2023-12-16T20:20:45.371+0000] {dag.py:3722} INFO - Setting next_dagrun for example_python_operator to None, run_after=None
[2023-12-16T20:20:45.925+0000] {processor.py:179} INFO - Processing /home/airflow/.local/lib/python3.8/site-packages/airflow/example_dags/example_python_operator.py took 3.340 seconds
[2023-12-16T20:21:18.742+0000] {processor.py:157} INFO - Started process (PID=115) to work on /home/airflow/.local/lib/python3.8/site-packages/airflow/example_dags/example_python_operator.py
[2023-12-16T20:21:18.747+0000] {processor.py:829} INFO - Processing file /home/airflow/.local/lib/python3.8/site-packages/airflow/example_dags/example_python_operator.py for tasks to queue
[2023-12-16T20:21:18.763+0000] {logging_mixin.py:154} INFO - [2023-12-16T20:21:18.761+0000] {dagbag.py:536} INFO - Filling up the DagBag from /home/airflow/.local/lib/python3.8/site-packages/airflow/example_dags/example_python_operator.py
[2023-12-16T20:21:18.865+0000] {processor.py:839} INFO - DAG(s) dict_keys(['example_python_operator']) retrieved from /home/airflow/.local/lib/python3.8/site-packages/airflow/example_dags/example_python_operator.py
[2023-12-16T20:21:19.106+0000] {logging_mixin.py:154} INFO - [2023-12-16T20:21:19.105+0000] {dag.py:2941} INFO - Sync 1 DAGs
[2023-12-16T20:21:19.218+0000] {logging_mixin.py:154} INFO - [2023-12-16T20:21:19.218+0000] {dag.py:3722} INFO - Setting next_dagrun for example_python_operator to None, run_after=None
[2023-12-16T20:21:19.579+0000] {processor.py:179} INFO - Processing /home/airflow/.local/lib/python3.8/site-packages/airflow/example_dags/example_python_operator.py took 0.900 seconds
[2023-12-16T20:31:24.735+0000] {processor.py:157} INFO - Started process (PID=63) to work on /home/airflow/.local/lib/python3.8/site-packages/airflow/example_dags/example_python_operator.py
[2023-12-16T20:31:24.739+0000] {processor.py:829} INFO - Processing file /home/airflow/.local/lib/python3.8/site-packages/airflow/example_dags/example_python_operator.py for tasks to queue
[2023-12-16T20:31:24.782+0000] {logging_mixin.py:154} INFO - [2023-12-16T20:31:24.782+0000] {dagbag.py:536} INFO - Filling up the DagBag from /home/airflow/.local/lib/python3.8/site-packages/airflow/example_dags/example_python_operator.py
[2023-12-16T20:31:24.890+0000] {processor.py:839} INFO - DAG(s) dict_keys(['example_python_operator']) retrieved from /home/airflow/.local/lib/python3.8/site-packages/airflow/example_dags/example_python_operator.py
[2023-12-16T20:31:26.904+0000] {logging_mixin.py:154} INFO - [2023-12-16T20:31:26.904+0000] {dag.py:2941} INFO - Sync 1 DAGs
[2023-12-16T20:31:27.125+0000] {logging_mixin.py:154} INFO - [2023-12-16T20:31:27.124+0000] {dag.py:3722} INFO - Setting next_dagrun for example_python_operator to None, run_after=None
[2023-12-16T20:31:42.962+0000] {processor.py:179} INFO - Processing /home/airflow/.local/lib/python3.8/site-packages/airflow/example_dags/example_python_operator.py took 18.249 seconds
[2023-12-16T20:32:13.148+0000] {processor.py:157} INFO - Started process (PID=146) to work on /home/airflow/.local/lib/python3.8/site-packages/airflow/example_dags/example_python_operator.py
[2023-12-16T20:32:13.150+0000] {processor.py:829} INFO - Processing file /home/airflow/.local/lib/python3.8/site-packages/airflow/example_dags/example_python_operator.py for tasks to queue
[2023-12-16T20:32:13.155+0000] {logging_mixin.py:154} INFO - [2023-12-16T20:32:13.155+0000] {dagbag.py:536} INFO - Filling up the DagBag from /home/airflow/.local/lib/python3.8/site-packages/airflow/example_dags/example_python_operator.py
[2023-12-16T20:32:13.185+0000] {processor.py:839} INFO - DAG(s) dict_keys(['example_python_operator']) retrieved from /home/airflow/.local/lib/python3.8/site-packages/airflow/example_dags/example_python_operator.py
[2023-12-16T20:32:13.252+0000] {logging_mixin.py:154} INFO - [2023-12-16T20:32:13.252+0000] {dag.py:2941} INFO - Sync 1 DAGs
[2023-12-16T20:32:13.288+0000] {logging_mixin.py:154} INFO - [2023-12-16T20:32:13.288+0000] {dag.py:3722} INFO - Setting next_dagrun for example_python_operator to None, run_after=None
[2023-12-16T20:32:13.344+0000] {processor.py:179} INFO - Processing /home/airflow/.local/lib/python3.8/site-packages/airflow/example_dags/example_python_operator.py took 0.205 seconds
[2023-12-16T20:34:30.283+0000] {processor.py:157} INFO - Started process (PID=61) to work on /home/airflow/.local/lib/python3.8/site-packages/airflow/example_dags/example_python_operator.py
[2023-12-16T20:34:30.292+0000] {processor.py:829} INFO - Processing file /home/airflow/.local/lib/python3.8/site-packages/airflow/example_dags/example_python_operator.py for tasks to queue
[2023-12-16T20:34:30.303+0000] {logging_mixin.py:154} INFO - [2023-12-16T20:34:30.301+0000] {dagbag.py:536} INFO - Filling up the DagBag from /home/airflow/.local/lib/python3.8/site-packages/airflow/example_dags/example_python_operator.py
[2023-12-16T20:34:30.356+0000] {processor.py:839} INFO - DAG(s) dict_keys(['example_python_operator']) retrieved from /home/airflow/.local/lib/python3.8/site-packages/airflow/example_dags/example_python_operator.py
[2023-12-16T20:34:30.677+0000] {logging_mixin.py:154} INFO - [2023-12-16T20:34:30.674+0000] {dag.py:2941} INFO - Sync 1 DAGs
[2023-12-16T20:34:30.714+0000] {logging_mixin.py:154} INFO - [2023-12-16T20:34:30.714+0000] {dag.py:3722} INFO - Setting next_dagrun for example_python_operator to None, run_after=None
[2023-12-16T20:34:30.777+0000] {processor.py:179} INFO - Processing /home/airflow/.local/lib/python3.8/site-packages/airflow/example_dags/example_python_operator.py took 0.504 seconds
[2023-12-16T20:35:01.276+0000] {processor.py:157} INFO - Started process (PID=115) to work on /home/airflow/.local/lib/python3.8/site-packages/airflow/example_dags/example_python_operator.py
[2023-12-16T20:35:01.288+0000] {processor.py:829} INFO - Processing file /home/airflow/.local/lib/python3.8/site-packages/airflow/example_dags/example_python_operator.py for tasks to queue
[2023-12-16T20:35:01.310+0000] {logging_mixin.py:154} INFO - [2023-12-16T20:35:01.309+0000] {dagbag.py:536} INFO - Filling up the DagBag from /home/airflow/.local/lib/python3.8/site-packages/airflow/example_dags/example_python_operator.py
[2023-12-16T20:35:01.359+0000] {processor.py:839} INFO - DAG(s) dict_keys(['example_python_operator']) retrieved from /home/airflow/.local/lib/python3.8/site-packages/airflow/example_dags/example_python_operator.py
[2023-12-16T20:35:01.490+0000] {logging_mixin.py:154} INFO - [2023-12-16T20:35:01.480+0000] {dag.py:2941} INFO - Sync 1 DAGs
[2023-12-16T20:35:01.566+0000] {logging_mixin.py:154} INFO - [2023-12-16T20:35:01.565+0000] {dag.py:3722} INFO - Setting next_dagrun for example_python_operator to None, run_after=None
[2023-12-16T20:35:01.665+0000] {processor.py:179} INFO - Processing /home/airflow/.local/lib/python3.8/site-packages/airflow/example_dags/example_python_operator.py took 0.402 seconds
[2023-12-16T21:01:00.190+0000] {processor.py:157} INFO - Started process (PID=62) to work on /home/airflow/.local/lib/python3.8/site-packages/airflow/example_dags/example_python_operator.py
[2023-12-16T21:01:00.198+0000] {processor.py:829} INFO - Processing file /home/airflow/.local/lib/python3.8/site-packages/airflow/example_dags/example_python_operator.py for tasks to queue
[2023-12-16T21:01:00.213+0000] {logging_mixin.py:154} INFO - [2023-12-16T21:01:00.212+0000] {dagbag.py:536} INFO - Filling up the DagBag from /home/airflow/.local/lib/python3.8/site-packages/airflow/example_dags/example_python_operator.py
[2023-12-16T21:01:00.457+0000] {processor.py:839} INFO - DAG(s) dict_keys(['example_python_operator']) retrieved from /home/airflow/.local/lib/python3.8/site-packages/airflow/example_dags/example_python_operator.py
[2023-12-16T21:01:01.560+0000] {logging_mixin.py:154} INFO - [2023-12-16T21:01:01.559+0000] {dag.py:2941} INFO - Sync 1 DAGs
[2023-12-16T21:01:01.645+0000] {logging_mixin.py:154} INFO - [2023-12-16T21:01:01.644+0000] {dag.py:3722} INFO - Setting next_dagrun for example_python_operator to None, run_after=None
[2023-12-16T21:01:01.814+0000] {processor.py:179} INFO - Processing /home/airflow/.local/lib/python3.8/site-packages/airflow/example_dags/example_python_operator.py took 1.654 seconds
[2023-12-16T21:01:32.418+0000] {processor.py:157} INFO - Started process (PID=117) to work on /home/airflow/.local/lib/python3.8/site-packages/airflow/example_dags/example_python_operator.py
[2023-12-16T21:01:32.422+0000] {processor.py:829} INFO - Processing file /home/airflow/.local/lib/python3.8/site-packages/airflow/example_dags/example_python_operator.py for tasks to queue
[2023-12-16T21:01:32.429+0000] {logging_mixin.py:154} INFO - [2023-12-16T21:01:32.429+0000] {dagbag.py:536} INFO - Filling up the DagBag from /home/airflow/.local/lib/python3.8/site-packages/airflow/example_dags/example_python_operator.py
[2023-12-16T21:01:32.463+0000] {processor.py:839} INFO - DAG(s) dict_keys(['example_python_operator']) retrieved from /home/airflow/.local/lib/python3.8/site-packages/airflow/example_dags/example_python_operator.py
[2023-12-16T21:01:32.659+0000] {logging_mixin.py:154} INFO - [2023-12-16T21:01:32.659+0000] {dag.py:2941} INFO - Sync 1 DAGs
[2023-12-16T21:01:32.702+0000] {logging_mixin.py:154} INFO - [2023-12-16T21:01:32.701+0000] {dag.py:3722} INFO - Setting next_dagrun for example_python_operator to None, run_after=None
[2023-12-16T21:01:32.778+0000] {processor.py:179} INFO - Processing /home/airflow/.local/lib/python3.8/site-packages/airflow/example_dags/example_python_operator.py took 0.370 seconds
[2023-12-16T21:02:02.894+0000] {processor.py:157} INFO - Started process (PID=170) to work on /home/airflow/.local/lib/python3.8/site-packages/airflow/example_dags/example_python_operator.py
[2023-12-16T21:02:02.902+0000] {processor.py:829} INFO - Processing file /home/airflow/.local/lib/python3.8/site-packages/airflow/example_dags/example_python_operator.py for tasks to queue
[2023-12-16T21:02:02.922+0000] {logging_mixin.py:154} INFO - [2023-12-16T21:02:02.922+0000] {dagbag.py:536} INFO - Filling up the DagBag from /home/airflow/.local/lib/python3.8/site-packages/airflow/example_dags/example_python_operator.py
[2023-12-16T21:02:02.972+0000] {processor.py:839} INFO - DAG(s) dict_keys(['example_python_operator']) retrieved from /home/airflow/.local/lib/python3.8/site-packages/airflow/example_dags/example_python_operator.py
[2023-12-16T21:02:03.124+0000] {logging_mixin.py:154} INFO - [2023-12-16T21:02:03.124+0000] {dag.py:2941} INFO - Sync 1 DAGs
[2023-12-16T21:02:03.166+0000] {logging_mixin.py:154} INFO - [2023-12-16T21:02:03.166+0000] {dag.py:3722} INFO - Setting next_dagrun for example_python_operator to None, run_after=None
[2023-12-16T21:02:03.216+0000] {processor.py:179} INFO - Processing /home/airflow/.local/lib/python3.8/site-packages/airflow/example_dags/example_python_operator.py took 0.333 seconds
[2023-12-16T21:07:03.248+0000] {processor.py:157} INFO - Started process (PID=56) to work on /home/airflow/.local/lib/python3.8/site-packages/airflow/example_dags/example_python_operator.py
[2023-12-16T21:07:03.274+0000] {processor.py:829} INFO - Processing file /home/airflow/.local/lib/python3.8/site-packages/airflow/example_dags/example_python_operator.py for tasks to queue
[2023-12-16T21:07:03.286+0000] {logging_mixin.py:154} INFO - [2023-12-16T21:07:03.286+0000] {dagbag.py:536} INFO - Filling up the DagBag from /home/airflow/.local/lib/python3.8/site-packages/airflow/example_dags/example_python_operator.py
[2023-12-16T21:07:03.379+0000] {processor.py:839} INFO - DAG(s) dict_keys(['example_python_operator']) retrieved from /home/airflow/.local/lib/python3.8/site-packages/airflow/example_dags/example_python_operator.py
[2023-12-16T21:07:03.731+0000] {logging_mixin.py:154} INFO - [2023-12-16T21:07:03.731+0000] {dag.py:2941} INFO - Sync 1 DAGs
[2023-12-16T21:07:03.758+0000] {logging_mixin.py:154} INFO - [2023-12-16T21:07:03.758+0000] {dag.py:3722} INFO - Setting next_dagrun for example_python_operator to None, run_after=None
[2023-12-16T21:07:03.805+0000] {processor.py:179} INFO - Processing /home/airflow/.local/lib/python3.8/site-packages/airflow/example_dags/example_python_operator.py took 0.571 seconds
[2023-12-16T21:07:34.634+0000] {processor.py:157} INFO - Started process (PID=110) to work on /home/airflow/.local/lib/python3.8/site-packages/airflow/example_dags/example_python_operator.py
[2023-12-16T21:07:34.636+0000] {processor.py:829} INFO - Processing file /home/airflow/.local/lib/python3.8/site-packages/airflow/example_dags/example_python_operator.py for tasks to queue
[2023-12-16T21:07:34.642+0000] {logging_mixin.py:154} INFO - [2023-12-16T21:07:34.641+0000] {dagbag.py:536} INFO - Filling up the DagBag from /home/airflow/.local/lib/python3.8/site-packages/airflow/example_dags/example_python_operator.py
[2023-12-16T21:07:34.661+0000] {processor.py:839} INFO - DAG(s) dict_keys(['example_python_operator']) retrieved from /home/airflow/.local/lib/python3.8/site-packages/airflow/example_dags/example_python_operator.py
[2023-12-16T21:07:34.718+0000] {logging_mixin.py:154} INFO - [2023-12-16T21:07:34.718+0000] {dag.py:2941} INFO - Sync 1 DAGs
[2023-12-16T21:07:34.743+0000] {logging_mixin.py:154} INFO - [2023-12-16T21:07:34.742+0000] {dag.py:3722} INFO - Setting next_dagrun for example_python_operator to None, run_after=None
[2023-12-16T21:07:34.792+0000] {processor.py:179} INFO - Processing /home/airflow/.local/lib/python3.8/site-packages/airflow/example_dags/example_python_operator.py took 0.164 seconds
[2023-12-16T21:08:05.040+0000] {processor.py:157} INFO - Started process (PID=164) to work on /home/airflow/.local/lib/python3.8/site-packages/airflow/example_dags/example_python_operator.py
[2023-12-16T21:08:05.042+0000] {processor.py:829} INFO - Processing file /home/airflow/.local/lib/python3.8/site-packages/airflow/example_dags/example_python_operator.py for tasks to queue
[2023-12-16T21:08:05.049+0000] {logging_mixin.py:154} INFO - [2023-12-16T21:08:05.048+0000] {dagbag.py:536} INFO - Filling up the DagBag from /home/airflow/.local/lib/python3.8/site-packages/airflow/example_dags/example_python_operator.py
[2023-12-16T21:08:05.079+0000] {processor.py:839} INFO - DAG(s) dict_keys(['example_python_operator']) retrieved from /home/airflow/.local/lib/python3.8/site-packages/airflow/example_dags/example_python_operator.py
[2023-12-16T21:08:05.136+0000] {logging_mixin.py:154} INFO - [2023-12-16T21:08:05.135+0000] {dag.py:2941} INFO - Sync 1 DAGs
[2023-12-16T21:08:05.174+0000] {logging_mixin.py:154} INFO - [2023-12-16T21:08:05.173+0000] {dag.py:3722} INFO - Setting next_dagrun for example_python_operator to None, run_after=None
[2023-12-16T21:08:05.240+0000] {processor.py:179} INFO - Processing /home/airflow/.local/lib/python3.8/site-packages/airflow/example_dags/example_python_operator.py took 0.208 seconds
[2023-12-16T21:08:36.668+0000] {processor.py:157} INFO - Started process (PID=218) to work on /home/airflow/.local/lib/python3.8/site-packages/airflow/example_dags/example_python_operator.py
[2023-12-16T21:08:36.671+0000] {processor.py:829} INFO - Processing file /home/airflow/.local/lib/python3.8/site-packages/airflow/example_dags/example_python_operator.py for tasks to queue
[2023-12-16T21:08:36.677+0000] {logging_mixin.py:154} INFO - [2023-12-16T21:08:36.677+0000] {dagbag.py:536} INFO - Filling up the DagBag from /home/airflow/.local/lib/python3.8/site-packages/airflow/example_dags/example_python_operator.py
[2023-12-16T21:08:36.722+0000] {processor.py:839} INFO - DAG(s) dict_keys(['example_python_operator']) retrieved from /home/airflow/.local/lib/python3.8/site-packages/airflow/example_dags/example_python_operator.py
[2023-12-16T21:08:36.787+0000] {logging_mixin.py:154} INFO - [2023-12-16T21:08:36.787+0000] {dag.py:2941} INFO - Sync 1 DAGs
[2023-12-16T21:08:36.824+0000] {logging_mixin.py:154} INFO - [2023-12-16T21:08:36.824+0000] {dag.py:3722} INFO - Setting next_dagrun for example_python_operator to None, run_after=None
[2023-12-16T21:08:36.875+0000] {processor.py:179} INFO - Processing /home/airflow/.local/lib/python3.8/site-packages/airflow/example_dags/example_python_operator.py took 0.215 seconds
[2023-12-16T21:09:07.116+0000] {processor.py:157} INFO - Started process (PID=272) to work on /home/airflow/.local/lib/python3.8/site-packages/airflow/example_dags/example_python_operator.py
[2023-12-16T21:09:07.120+0000] {processor.py:829} INFO - Processing file /home/airflow/.local/lib/python3.8/site-packages/airflow/example_dags/example_python_operator.py for tasks to queue
[2023-12-16T21:09:07.125+0000] {logging_mixin.py:154} INFO - [2023-12-16T21:09:07.124+0000] {dagbag.py:536} INFO - Filling up the DagBag from /home/airflow/.local/lib/python3.8/site-packages/airflow/example_dags/example_python_operator.py
[2023-12-16T21:09:07.145+0000] {processor.py:839} INFO - DAG(s) dict_keys(['example_python_operator']) retrieved from /home/airflow/.local/lib/python3.8/site-packages/airflow/example_dags/example_python_operator.py
[2023-12-16T21:09:07.224+0000] {logging_mixin.py:154} INFO - [2023-12-16T21:09:07.224+0000] {dag.py:2941} INFO - Sync 1 DAGs
[2023-12-16T21:09:07.273+0000] {logging_mixin.py:154} INFO - [2023-12-16T21:09:07.270+0000] {dag.py:3722} INFO - Setting next_dagrun for example_python_operator to None, run_after=None
[2023-12-16T21:09:07.341+0000] {processor.py:179} INFO - Processing /home/airflow/.local/lib/python3.8/site-packages/airflow/example_dags/example_python_operator.py took 0.232 seconds
[2023-12-16T21:09:37.841+0000] {processor.py:157} INFO - Started process (PID=326) to work on /home/airflow/.local/lib/python3.8/site-packages/airflow/example_dags/example_python_operator.py
[2023-12-16T21:09:37.842+0000] {processor.py:829} INFO - Processing file /home/airflow/.local/lib/python3.8/site-packages/airflow/example_dags/example_python_operator.py for tasks to queue
[2023-12-16T21:09:37.847+0000] {logging_mixin.py:154} INFO - [2023-12-16T21:09:37.846+0000] {dagbag.py:536} INFO - Filling up the DagBag from /home/airflow/.local/lib/python3.8/site-packages/airflow/example_dags/example_python_operator.py
[2023-12-16T21:09:37.863+0000] {processor.py:839} INFO - DAG(s) dict_keys(['example_python_operator']) retrieved from /home/airflow/.local/lib/python3.8/site-packages/airflow/example_dags/example_python_operator.py
[2023-12-16T21:09:37.902+0000] {logging_mixin.py:154} INFO - [2023-12-16T21:09:37.901+0000] {dag.py:2941} INFO - Sync 1 DAGs
[2023-12-16T21:09:37.922+0000] {logging_mixin.py:154} INFO - [2023-12-16T21:09:37.921+0000] {dag.py:3722} INFO - Setting next_dagrun for example_python_operator to None, run_after=None
[2023-12-16T21:09:37.951+0000] {processor.py:179} INFO - Processing /home/airflow/.local/lib/python3.8/site-packages/airflow/example_dags/example_python_operator.py took 0.117 seconds
[2023-12-16T21:10:09.983+0000] {processor.py:157} INFO - Started process (PID=387) to work on /home/airflow/.local/lib/python3.8/site-packages/airflow/example_dags/example_python_operator.py
[2023-12-16T21:10:09.985+0000] {processor.py:829} INFO - Processing file /home/airflow/.local/lib/python3.8/site-packages/airflow/example_dags/example_python_operator.py for tasks to queue
[2023-12-16T21:10:09.992+0000] {logging_mixin.py:154} INFO - [2023-12-16T21:10:09.991+0000] {dagbag.py:536} INFO - Filling up the DagBag from /home/airflow/.local/lib/python3.8/site-packages/airflow/example_dags/example_python_operator.py
[2023-12-16T21:10:10.025+0000] {processor.py:839} INFO - DAG(s) dict_keys(['example_python_operator']) retrieved from /home/airflow/.local/lib/python3.8/site-packages/airflow/example_dags/example_python_operator.py
[2023-12-16T21:10:10.114+0000] {logging_mixin.py:154} INFO - [2023-12-16T21:10:10.113+0000] {dag.py:2941} INFO - Sync 1 DAGs
[2023-12-16T21:10:10.158+0000] {logging_mixin.py:154} INFO - [2023-12-16T21:10:10.158+0000] {dag.py:3722} INFO - Setting next_dagrun for example_python_operator to None, run_after=None
[2023-12-16T21:10:10.237+0000] {processor.py:179} INFO - Processing /home/airflow/.local/lib/python3.8/site-packages/airflow/example_dags/example_python_operator.py took 0.261 seconds
[2023-12-16T21:10:40.482+0000] {processor.py:157} INFO - Started process (PID=441) to work on /home/airflow/.local/lib/python3.8/site-packages/airflow/example_dags/example_python_operator.py
[2023-12-16T21:10:40.483+0000] {processor.py:829} INFO - Processing file /home/airflow/.local/lib/python3.8/site-packages/airflow/example_dags/example_python_operator.py for tasks to queue
[2023-12-16T21:10:40.488+0000] {logging_mixin.py:154} INFO - [2023-12-16T21:10:40.487+0000] {dagbag.py:536} INFO - Filling up the DagBag from /home/airflow/.local/lib/python3.8/site-packages/airflow/example_dags/example_python_operator.py
[2023-12-16T21:10:40.510+0000] {processor.py:839} INFO - DAG(s) dict_keys(['example_python_operator']) retrieved from /home/airflow/.local/lib/python3.8/site-packages/airflow/example_dags/example_python_operator.py
[2023-12-16T21:10:40.547+0000] {logging_mixin.py:154} INFO - [2023-12-16T21:10:40.547+0000] {dag.py:2941} INFO - Sync 1 DAGs
[2023-12-16T21:10:40.568+0000] {logging_mixin.py:154} INFO - [2023-12-16T21:10:40.568+0000] {dag.py:3722} INFO - Setting next_dagrun for example_python_operator to None, run_after=None
[2023-12-16T21:10:40.598+0000] {processor.py:179} INFO - Processing /home/airflow/.local/lib/python3.8/site-packages/airflow/example_dags/example_python_operator.py took 0.122 seconds
[2023-12-16T21:11:10.962+0000] {processor.py:157} INFO - Started process (PID=495) to work on /home/airflow/.local/lib/python3.8/site-packages/airflow/example_dags/example_python_operator.py
[2023-12-16T21:11:10.967+0000] {processor.py:829} INFO - Processing file /home/airflow/.local/lib/python3.8/site-packages/airflow/example_dags/example_python_operator.py for tasks to queue
[2023-12-16T21:11:10.974+0000] {logging_mixin.py:154} INFO - [2023-12-16T21:11:10.973+0000] {dagbag.py:536} INFO - Filling up the DagBag from /home/airflow/.local/lib/python3.8/site-packages/airflow/example_dags/example_python_operator.py
[2023-12-16T21:11:11.010+0000] {processor.py:839} INFO - DAG(s) dict_keys(['example_python_operator']) retrieved from /home/airflow/.local/lib/python3.8/site-packages/airflow/example_dags/example_python_operator.py
[2023-12-16T21:11:11.061+0000] {logging_mixin.py:154} INFO - [2023-12-16T21:11:11.061+0000] {dag.py:2941} INFO - Sync 1 DAGs
[2023-12-16T21:11:11.093+0000] {logging_mixin.py:154} INFO - [2023-12-16T21:11:11.092+0000] {dag.py:3722} INFO - Setting next_dagrun for example_python_operator to None, run_after=None
[2023-12-16T21:11:11.139+0000] {processor.py:179} INFO - Processing /home/airflow/.local/lib/python3.8/site-packages/airflow/example_dags/example_python_operator.py took 0.188 seconds
[2023-12-16T21:11:41.926+0000] {processor.py:157} INFO - Started process (PID=549) to work on /home/airflow/.local/lib/python3.8/site-packages/airflow/example_dags/example_python_operator.py
[2023-12-16T21:11:41.929+0000] {processor.py:829} INFO - Processing file /home/airflow/.local/lib/python3.8/site-packages/airflow/example_dags/example_python_operator.py for tasks to queue
[2023-12-16T21:11:41.934+0000] {logging_mixin.py:154} INFO - [2023-12-16T21:11:41.934+0000] {dagbag.py:536} INFO - Filling up the DagBag from /home/airflow/.local/lib/python3.8/site-packages/airflow/example_dags/example_python_operator.py
[2023-12-16T21:11:41.959+0000] {processor.py:839} INFO - DAG(s) dict_keys(['example_python_operator']) retrieved from /home/airflow/.local/lib/python3.8/site-packages/airflow/example_dags/example_python_operator.py
[2023-12-16T21:11:42.028+0000] {logging_mixin.py:154} INFO - [2023-12-16T21:11:42.028+0000] {dag.py:2941} INFO - Sync 1 DAGs
[2023-12-16T21:11:42.069+0000] {logging_mixin.py:154} INFO - [2023-12-16T21:11:42.068+0000] {dag.py:3722} INFO - Setting next_dagrun for example_python_operator to None, run_after=None
[2023-12-16T21:11:42.106+0000] {processor.py:179} INFO - Processing /home/airflow/.local/lib/python3.8/site-packages/airflow/example_dags/example_python_operator.py took 0.191 seconds
[2023-12-16T21:12:12.211+0000] {processor.py:157} INFO - Started process (PID=603) to work on /home/airflow/.local/lib/python3.8/site-packages/airflow/example_dags/example_python_operator.py
[2023-12-16T21:12:12.214+0000] {processor.py:829} INFO - Processing file /home/airflow/.local/lib/python3.8/site-packages/airflow/example_dags/example_python_operator.py for tasks to queue
[2023-12-16T21:12:12.219+0000] {logging_mixin.py:154} INFO - [2023-12-16T21:12:12.218+0000] {dagbag.py:536} INFO - Filling up the DagBag from /home/airflow/.local/lib/python3.8/site-packages/airflow/example_dags/example_python_operator.py
[2023-12-16T21:12:12.242+0000] {processor.py:839} INFO - DAG(s) dict_keys(['example_python_operator']) retrieved from /home/airflow/.local/lib/python3.8/site-packages/airflow/example_dags/example_python_operator.py
[2023-12-16T21:12:12.286+0000] {logging_mixin.py:154} INFO - [2023-12-16T21:12:12.286+0000] {dag.py:2941} INFO - Sync 1 DAGs
[2023-12-16T21:12:12.310+0000] {logging_mixin.py:154} INFO - [2023-12-16T21:12:12.309+0000] {dag.py:3722} INFO - Setting next_dagrun for example_python_operator to None, run_after=None
[2023-12-16T21:12:12.341+0000] {processor.py:179} INFO - Processing /home/airflow/.local/lib/python3.8/site-packages/airflow/example_dags/example_python_operator.py took 0.139 seconds
[2023-12-16T21:12:43.059+0000] {processor.py:157} INFO - Started process (PID=657) to work on /home/airflow/.local/lib/python3.8/site-packages/airflow/example_dags/example_python_operator.py
[2023-12-16T21:12:43.061+0000] {processor.py:829} INFO - Processing file /home/airflow/.local/lib/python3.8/site-packages/airflow/example_dags/example_python_operator.py for tasks to queue
[2023-12-16T21:12:43.067+0000] {logging_mixin.py:154} INFO - [2023-12-16T21:12:43.067+0000] {dagbag.py:536} INFO - Filling up the DagBag from /home/airflow/.local/lib/python3.8/site-packages/airflow/example_dags/example_python_operator.py
[2023-12-16T21:12:43.088+0000] {processor.py:839} INFO - DAG(s) dict_keys(['example_python_operator']) retrieved from /home/airflow/.local/lib/python3.8/site-packages/airflow/example_dags/example_python_operator.py
[2023-12-16T21:12:43.134+0000] {logging_mixin.py:154} INFO - [2023-12-16T21:12:43.133+0000] {dag.py:2941} INFO - Sync 1 DAGs
[2023-12-16T21:12:43.165+0000] {logging_mixin.py:154} INFO - [2023-12-16T21:12:43.164+0000] {dag.py:3722} INFO - Setting next_dagrun for example_python_operator to None, run_after=None
[2023-12-16T21:12:43.200+0000] {processor.py:179} INFO - Processing /home/airflow/.local/lib/python3.8/site-packages/airflow/example_dags/example_python_operator.py took 0.147 seconds
