[2023-12-16T19:22:05.148+0000] {processor.py:157} INFO - Started process (PID=63) to work on /home/airflow/.local/lib/python3.8/site-packages/airflow/example_dags/example_params_ui_tutorial.py
[2023-12-16T19:22:05.160+0000] {processor.py:829} INFO - Processing file /home/airflow/.local/lib/python3.8/site-packages/airflow/example_dags/example_params_ui_tutorial.py for tasks to queue
[2023-12-16T19:22:05.182+0000] {logging_mixin.py:154} INFO - [2023-12-16T19:22:05.181+0000] {dagbag.py:536} INFO - Filling up the DagBag from /home/airflow/.local/lib/python3.8/site-packages/airflow/example_dags/example_params_ui_tutorial.py
[2023-12-16T19:22:05.526+0000] {processor.py:839} INFO - DAG(s) dict_keys(['example_params_ui_tutorial']) retrieved from /home/airflow/.local/lib/python3.8/site-packages/airflow/example_dags/example_params_ui_tutorial.py
[2023-12-16T19:22:06.025+0000] {logging_mixin.py:154} INFO - [2023-12-16T19:22:06.025+0000] {dag.py:2941} INFO - Sync 1 DAGs
[2023-12-16T19:22:06.455+0000] {logging_mixin.py:154} INFO - [2023-12-16T19:22:06.438+0000] {dag.py:3722} INFO - Setting next_dagrun for example_params_ui_tutorial to None, run_after=None
[2023-12-16T19:22:06.685+0000] {processor.py:179} INFO - Processing /home/airflow/.local/lib/python3.8/site-packages/airflow/example_dags/example_params_ui_tutorial.py took 1.563 seconds
[2023-12-16T19:23:24.302+0000] {processor.py:157} INFO - Started process (PID=123) to work on /home/airflow/.local/lib/python3.8/site-packages/airflow/example_dags/example_params_ui_tutorial.py
[2023-12-16T19:23:24.311+0000] {processor.py:829} INFO - Processing file /home/airflow/.local/lib/python3.8/site-packages/airflow/example_dags/example_params_ui_tutorial.py for tasks to queue
[2023-12-16T19:23:24.317+0000] {logging_mixin.py:154} INFO - [2023-12-16T19:23:24.316+0000] {dagbag.py:536} INFO - Filling up the DagBag from /home/airflow/.local/lib/python3.8/site-packages/airflow/example_dags/example_params_ui_tutorial.py
[2023-12-16T19:23:24.485+0000] {processor.py:839} INFO - DAG(s) dict_keys(['example_params_ui_tutorial']) retrieved from /home/airflow/.local/lib/python3.8/site-packages/airflow/example_dags/example_params_ui_tutorial.py
[2023-12-16T19:23:24.829+0000] {logging_mixin.py:154} INFO - [2023-12-16T19:23:24.828+0000] {dag.py:2941} INFO - Sync 1 DAGs
[2023-12-16T19:23:24.918+0000] {logging_mixin.py:154} INFO - [2023-12-16T19:23:24.918+0000] {dag.py:3722} INFO - Setting next_dagrun for example_params_ui_tutorial to None, run_after=None
[2023-12-16T19:23:25.143+0000] {processor.py:179} INFO - Processing /home/airflow/.local/lib/python3.8/site-packages/airflow/example_dags/example_params_ui_tutorial.py took 0.860 seconds
[2023-12-16T19:23:55.412+0000] {processor.py:157} INFO - Started process (PID=175) to work on /home/airflow/.local/lib/python3.8/site-packages/airflow/example_dags/example_params_ui_tutorial.py
[2023-12-16T19:23:55.415+0000] {processor.py:829} INFO - Processing file /home/airflow/.local/lib/python3.8/site-packages/airflow/example_dags/example_params_ui_tutorial.py for tasks to queue
[2023-12-16T19:23:55.423+0000] {logging_mixin.py:154} INFO - [2023-12-16T19:23:55.422+0000] {dagbag.py:536} INFO - Filling up the DagBag from /home/airflow/.local/lib/python3.8/site-packages/airflow/example_dags/example_params_ui_tutorial.py
[2023-12-16T19:23:55.534+0000] {processor.py:839} INFO - DAG(s) dict_keys(['example_params_ui_tutorial']) retrieved from /home/airflow/.local/lib/python3.8/site-packages/airflow/example_dags/example_params_ui_tutorial.py
[2023-12-16T19:23:55.683+0000] {logging_mixin.py:154} INFO - [2023-12-16T19:23:55.683+0000] {dag.py:2941} INFO - Sync 1 DAGs
[2023-12-16T19:23:55.712+0000] {logging_mixin.py:154} INFO - [2023-12-16T19:23:55.712+0000] {dag.py:3722} INFO - Setting next_dagrun for example_params_ui_tutorial to None, run_after=None
[2023-12-16T19:23:55.746+0000] {processor.py:179} INFO - Processing /home/airflow/.local/lib/python3.8/site-packages/airflow/example_dags/example_params_ui_tutorial.py took 0.341 seconds
[2023-12-16T19:35:51.172+0000] {processor.py:157} INFO - Started process (PID=70) to work on /home/airflow/.local/lib/python3.8/site-packages/airflow/example_dags/example_params_ui_tutorial.py
[2023-12-16T19:35:51.191+0000] {processor.py:829} INFO - Processing file /home/airflow/.local/lib/python3.8/site-packages/airflow/example_dags/example_params_ui_tutorial.py for tasks to queue
[2023-12-16T19:35:51.205+0000] {logging_mixin.py:154} INFO - [2023-12-16T19:35:51.205+0000] {dagbag.py:536} INFO - Filling up the DagBag from /home/airflow/.local/lib/python3.8/site-packages/airflow/example_dags/example_params_ui_tutorial.py
[2023-12-16T19:35:51.649+0000] {processor.py:839} INFO - DAG(s) dict_keys(['example_params_ui_tutorial']) retrieved from /home/airflow/.local/lib/python3.8/site-packages/airflow/example_dags/example_params_ui_tutorial.py
[2023-12-16T19:35:52.066+0000] {logging_mixin.py:154} INFO - [2023-12-16T19:35:52.065+0000] {dag.py:2941} INFO - Sync 1 DAGs
[2023-12-16T19:35:52.177+0000] {logging_mixin.py:154} INFO - [2023-12-16T19:35:52.177+0000] {dag.py:3722} INFO - Setting next_dagrun for example_params_ui_tutorial to None, run_after=None
[2023-12-16T19:35:52.500+0000] {processor.py:179} INFO - Processing /home/airflow/.local/lib/python3.8/site-packages/airflow/example_dags/example_params_ui_tutorial.py took 1.338 seconds
[2023-12-16T19:36:43.720+0000] {processor.py:157} INFO - Started process (PID=130) to work on /home/airflow/.local/lib/python3.8/site-packages/airflow/example_dags/example_params_ui_tutorial.py
[2023-12-16T19:36:43.733+0000] {processor.py:829} INFO - Processing file /home/airflow/.local/lib/python3.8/site-packages/airflow/example_dags/example_params_ui_tutorial.py for tasks to queue
[2023-12-16T19:36:43.754+0000] {logging_mixin.py:154} INFO - [2023-12-16T19:36:43.754+0000] {dagbag.py:536} INFO - Filling up the DagBag from /home/airflow/.local/lib/python3.8/site-packages/airflow/example_dags/example_params_ui_tutorial.py
[2023-12-16T19:36:44.142+0000] {processor.py:839} INFO - DAG(s) dict_keys(['example_params_ui_tutorial']) retrieved from /home/airflow/.local/lib/python3.8/site-packages/airflow/example_dags/example_params_ui_tutorial.py
[2023-12-16T19:36:44.322+0000] {logging_mixin.py:154} INFO - [2023-12-16T19:36:44.322+0000] {dag.py:2941} INFO - Sync 1 DAGs
[2023-12-16T19:36:44.358+0000] {logging_mixin.py:154} INFO - [2023-12-16T19:36:44.358+0000] {dag.py:3722} INFO - Setting next_dagrun for example_params_ui_tutorial to None, run_after=None
[2023-12-16T19:36:44.404+0000] {processor.py:179} INFO - Processing /home/airflow/.local/lib/python3.8/site-packages/airflow/example_dags/example_params_ui_tutorial.py took 0.725 seconds
[2023-12-16T19:37:17.284+0000] {processor.py:157} INFO - Started process (PID=184) to work on /home/airflow/.local/lib/python3.8/site-packages/airflow/example_dags/example_params_ui_tutorial.py
[2023-12-16T19:37:17.286+0000] {processor.py:829} INFO - Processing file /home/airflow/.local/lib/python3.8/site-packages/airflow/example_dags/example_params_ui_tutorial.py for tasks to queue
[2023-12-16T19:37:17.304+0000] {logging_mixin.py:154} INFO - [2023-12-16T19:37:17.303+0000] {dagbag.py:536} INFO - Filling up the DagBag from /home/airflow/.local/lib/python3.8/site-packages/airflow/example_dags/example_params_ui_tutorial.py
[2023-12-16T19:37:17.557+0000] {processor.py:839} INFO - DAG(s) dict_keys(['example_params_ui_tutorial']) retrieved from /home/airflow/.local/lib/python3.8/site-packages/airflow/example_dags/example_params_ui_tutorial.py
[2023-12-16T19:37:18.005+0000] {logging_mixin.py:154} INFO - [2023-12-16T19:37:18.004+0000] {dag.py:2941} INFO - Sync 1 DAGs
[2023-12-16T19:37:18.123+0000] {logging_mixin.py:154} INFO - [2023-12-16T19:37:18.123+0000] {dag.py:3722} INFO - Setting next_dagrun for example_params_ui_tutorial to None, run_after=None
[2023-12-16T19:37:18.275+0000] {processor.py:179} INFO - Processing /home/airflow/.local/lib/python3.8/site-packages/airflow/example_dags/example_params_ui_tutorial.py took 1.020 seconds
[2023-12-16T19:43:46.686+0000] {processor.py:157} INFO - Started process (PID=70) to work on /home/airflow/.local/lib/python3.8/site-packages/airflow/example_dags/example_params_ui_tutorial.py
[2023-12-16T19:43:46.693+0000] {processor.py:829} INFO - Processing file /home/airflow/.local/lib/python3.8/site-packages/airflow/example_dags/example_params_ui_tutorial.py for tasks to queue
[2023-12-16T19:43:46.702+0000] {logging_mixin.py:154} INFO - [2023-12-16T19:43:46.701+0000] {dagbag.py:536} INFO - Filling up the DagBag from /home/airflow/.local/lib/python3.8/site-packages/airflow/example_dags/example_params_ui_tutorial.py
[2023-12-16T19:43:47.118+0000] {processor.py:839} INFO - DAG(s) dict_keys(['example_params_ui_tutorial']) retrieved from /home/airflow/.local/lib/python3.8/site-packages/airflow/example_dags/example_params_ui_tutorial.py
[2023-12-16T19:43:47.853+0000] {logging_mixin.py:154} INFO - [2023-12-16T19:43:47.852+0000] {dag.py:2941} INFO - Sync 1 DAGs
[2023-12-16T19:43:47.918+0000] {logging_mixin.py:154} INFO - [2023-12-16T19:43:47.917+0000] {dag.py:3722} INFO - Setting next_dagrun for example_params_ui_tutorial to None, run_after=None
[2023-12-16T19:43:48.065+0000] {processor.py:179} INFO - Processing /home/airflow/.local/lib/python3.8/site-packages/airflow/example_dags/example_params_ui_tutorial.py took 1.469 seconds
[2023-12-16T19:44:31.888+0000] {processor.py:157} INFO - Started process (PID=122) to work on /home/airflow/.local/lib/python3.8/site-packages/airflow/example_dags/example_params_ui_tutorial.py
[2023-12-16T19:44:31.904+0000] {processor.py:829} INFO - Processing file /home/airflow/.local/lib/python3.8/site-packages/airflow/example_dags/example_params_ui_tutorial.py for tasks to queue
[2023-12-16T19:44:31.912+0000] {logging_mixin.py:154} INFO - [2023-12-16T19:44:31.908+0000] {dagbag.py:536} INFO - Filling up the DagBag from /home/airflow/.local/lib/python3.8/site-packages/airflow/example_dags/example_params_ui_tutorial.py
[2023-12-16T19:44:32.335+0000] {processor.py:839} INFO - DAG(s) dict_keys(['example_params_ui_tutorial']) retrieved from /home/airflow/.local/lib/python3.8/site-packages/airflow/example_dags/example_params_ui_tutorial.py
[2023-12-16T19:44:33.443+0000] {logging_mixin.py:154} INFO - [2023-12-16T19:44:33.442+0000] {dag.py:2941} INFO - Sync 1 DAGs
[2023-12-16T19:44:33.577+0000] {logging_mixin.py:154} INFO - [2023-12-16T19:44:33.576+0000] {dag.py:3722} INFO - Setting next_dagrun for example_params_ui_tutorial to None, run_after=None
[2023-12-16T19:44:33.771+0000] {processor.py:179} INFO - Processing /home/airflow/.local/lib/python3.8/site-packages/airflow/example_dags/example_params_ui_tutorial.py took 1.916 seconds
[2023-12-16T19:45:07.694+0000] {processor.py:157} INFO - Started process (PID=176) to work on /home/airflow/.local/lib/python3.8/site-packages/airflow/example_dags/example_params_ui_tutorial.py
[2023-12-16T19:45:07.733+0000] {processor.py:829} INFO - Processing file /home/airflow/.local/lib/python3.8/site-packages/airflow/example_dags/example_params_ui_tutorial.py for tasks to queue
[2023-12-16T19:45:07.784+0000] {logging_mixin.py:154} INFO - [2023-12-16T19:45:07.737+0000] {dagbag.py:536} INFO - Filling up the DagBag from /home/airflow/.local/lib/python3.8/site-packages/airflow/example_dags/example_params_ui_tutorial.py
[2023-12-16T19:45:08.600+0000] {processor.py:839} INFO - DAG(s) dict_keys(['example_params_ui_tutorial']) retrieved from /home/airflow/.local/lib/python3.8/site-packages/airflow/example_dags/example_params_ui_tutorial.py
[2023-12-16T19:45:10.057+0000] {logging_mixin.py:154} INFO - [2023-12-16T19:45:10.056+0000] {dag.py:2941} INFO - Sync 1 DAGs
[2023-12-16T19:45:10.867+0000] {logging_mixin.py:154} INFO - [2023-12-16T19:45:10.866+0000] {dag.py:3722} INFO - Setting next_dagrun for example_params_ui_tutorial to None, run_after=None
[2023-12-16T19:45:12.105+0000] {processor.py:179} INFO - Processing /home/airflow/.local/lib/python3.8/site-packages/airflow/example_dags/example_params_ui_tutorial.py took 4.445 seconds
[2023-12-16T19:45:56.276+0000] {processor.py:157} INFO - Started process (PID=237) to work on /home/airflow/.local/lib/python3.8/site-packages/airflow/example_dags/example_params_ui_tutorial.py
[2023-12-16T19:45:56.288+0000] {processor.py:829} INFO - Processing file /home/airflow/.local/lib/python3.8/site-packages/airflow/example_dags/example_params_ui_tutorial.py for tasks to queue
[2023-12-16T19:45:56.291+0000] {logging_mixin.py:154} INFO - [2023-12-16T19:45:56.290+0000] {dagbag.py:536} INFO - Filling up the DagBag from /home/airflow/.local/lib/python3.8/site-packages/airflow/example_dags/example_params_ui_tutorial.py
[2023-12-16T19:45:57.022+0000] {processor.py:839} INFO - DAG(s) dict_keys(['example_params_ui_tutorial']) retrieved from /home/airflow/.local/lib/python3.8/site-packages/airflow/example_dags/example_params_ui_tutorial.py
[2023-12-16T20:04:44.142+0000] {processor.py:157} INFO - Started process (PID=132) to work on /home/airflow/.local/lib/python3.8/site-packages/airflow/example_dags/example_params_ui_tutorial.py
[2023-12-16T20:04:44.157+0000] {processor.py:829} INFO - Processing file /home/airflow/.local/lib/python3.8/site-packages/airflow/example_dags/example_params_ui_tutorial.py for tasks to queue
[2023-12-16T20:04:44.206+0000] {logging_mixin.py:154} INFO - [2023-12-16T20:04:44.206+0000] {dagbag.py:536} INFO - Filling up the DagBag from /home/airflow/.local/lib/python3.8/site-packages/airflow/example_dags/example_params_ui_tutorial.py
[2023-12-16T20:04:44.503+0000] {processor.py:839} INFO - DAG(s) dict_keys(['example_params_ui_tutorial']) retrieved from /home/airflow/.local/lib/python3.8/site-packages/airflow/example_dags/example_params_ui_tutorial.py
[2023-12-16T20:04:44.961+0000] {logging_mixin.py:154} INFO - [2023-12-16T20:04:44.959+0000] {dag.py:2941} INFO - Sync 1 DAGs
[2023-12-16T20:04:45.011+0000] {logging_mixin.py:154} INFO - [2023-12-16T20:04:45.006+0000] {dag.py:3722} INFO - Setting next_dagrun for example_params_ui_tutorial to None, run_after=None
[2023-12-16T20:04:45.133+0000] {processor.py:179} INFO - Processing /home/airflow/.local/lib/python3.8/site-packages/airflow/example_dags/example_params_ui_tutorial.py took 1.001 seconds
[2023-12-16T20:05:18.404+0000] {processor.py:157} INFO - Started process (PID=201) to work on /home/airflow/.local/lib/python3.8/site-packages/airflow/example_dags/example_params_ui_tutorial.py
[2023-12-16T20:05:18.414+0000] {processor.py:829} INFO - Processing file /home/airflow/.local/lib/python3.8/site-packages/airflow/example_dags/example_params_ui_tutorial.py for tasks to queue
[2023-12-16T20:05:18.427+0000] {logging_mixin.py:154} INFO - [2023-12-16T20:05:18.426+0000] {dagbag.py:536} INFO - Filling up the DagBag from /home/airflow/.local/lib/python3.8/site-packages/airflow/example_dags/example_params_ui_tutorial.py
[2023-12-16T20:05:18.711+0000] {processor.py:839} INFO - DAG(s) dict_keys(['example_params_ui_tutorial']) retrieved from /home/airflow/.local/lib/python3.8/site-packages/airflow/example_dags/example_params_ui_tutorial.py
[2023-12-16T20:05:19.168+0000] {logging_mixin.py:154} INFO - [2023-12-16T20:05:19.168+0000] {dag.py:2941} INFO - Sync 1 DAGs
[2023-12-16T20:05:19.252+0000] {logging_mixin.py:154} INFO - [2023-12-16T20:05:19.252+0000] {dag.py:3722} INFO - Setting next_dagrun for example_params_ui_tutorial to None, run_after=None
[2023-12-16T20:05:19.492+0000] {processor.py:179} INFO - Processing /home/airflow/.local/lib/python3.8/site-packages/airflow/example_dags/example_params_ui_tutorial.py took 1.103 seconds
[2023-12-16T20:05:50.437+0000] {processor.py:157} INFO - Started process (PID=269) to work on /home/airflow/.local/lib/python3.8/site-packages/airflow/example_dags/example_params_ui_tutorial.py
[2023-12-16T20:05:50.440+0000] {processor.py:829} INFO - Processing file /home/airflow/.local/lib/python3.8/site-packages/airflow/example_dags/example_params_ui_tutorial.py for tasks to queue
[2023-12-16T20:05:50.447+0000] {logging_mixin.py:154} INFO - [2023-12-16T20:05:50.447+0000] {dagbag.py:536} INFO - Filling up the DagBag from /home/airflow/.local/lib/python3.8/site-packages/airflow/example_dags/example_params_ui_tutorial.py
[2023-12-16T20:05:50.659+0000] {processor.py:839} INFO - DAG(s) dict_keys(['example_params_ui_tutorial']) retrieved from /home/airflow/.local/lib/python3.8/site-packages/airflow/example_dags/example_params_ui_tutorial.py
[2023-12-16T20:05:50.905+0000] {logging_mixin.py:154} INFO - [2023-12-16T20:05:50.904+0000] {dag.py:2941} INFO - Sync 1 DAGs
[2023-12-16T20:05:50.945+0000] {logging_mixin.py:154} INFO - [2023-12-16T20:05:50.945+0000] {dag.py:3722} INFO - Setting next_dagrun for example_params_ui_tutorial to None, run_after=None
[2023-12-16T20:05:51.033+0000] {processor.py:179} INFO - Processing /home/airflow/.local/lib/python3.8/site-packages/airflow/example_dags/example_params_ui_tutorial.py took 0.603 seconds
[2023-12-16T20:20:44.774+0000] {processor.py:157} INFO - Started process (PID=64) to work on /home/airflow/.local/lib/python3.8/site-packages/airflow/example_dags/example_params_ui_tutorial.py
[2023-12-16T20:20:44.781+0000] {processor.py:829} INFO - Processing file /home/airflow/.local/lib/python3.8/site-packages/airflow/example_dags/example_params_ui_tutorial.py for tasks to queue
[2023-12-16T20:20:44.792+0000] {logging_mixin.py:154} INFO - [2023-12-16T20:20:44.791+0000] {dagbag.py:536} INFO - Filling up the DagBag from /home/airflow/.local/lib/python3.8/site-packages/airflow/example_dags/example_params_ui_tutorial.py
[2023-12-16T20:20:45.266+0000] {processor.py:839} INFO - DAG(s) dict_keys(['example_params_ui_tutorial']) retrieved from /home/airflow/.local/lib/python3.8/site-packages/airflow/example_dags/example_params_ui_tutorial.py
[2023-12-16T20:20:46.206+0000] {logging_mixin.py:154} INFO - [2023-12-16T20:20:46.204+0000] {dag.py:2941} INFO - Sync 1 DAGs
[2023-12-16T20:20:46.559+0000] {logging_mixin.py:154} INFO - [2023-12-16T20:20:46.558+0000] {dag.py:3722} INFO - Setting next_dagrun for example_params_ui_tutorial to None, run_after=None
[2023-12-16T20:20:47.211+0000] {processor.py:179} INFO - Processing /home/airflow/.local/lib/python3.8/site-packages/airflow/example_dags/example_params_ui_tutorial.py took 2.464 seconds
[2023-12-16T20:21:19.783+0000] {processor.py:157} INFO - Started process (PID=117) to work on /home/airflow/.local/lib/python3.8/site-packages/airflow/example_dags/example_params_ui_tutorial.py
[2023-12-16T20:21:19.787+0000] {processor.py:829} INFO - Processing file /home/airflow/.local/lib/python3.8/site-packages/airflow/example_dags/example_params_ui_tutorial.py for tasks to queue
[2023-12-16T20:21:19.808+0000] {logging_mixin.py:154} INFO - [2023-12-16T20:21:19.806+0000] {dagbag.py:536} INFO - Filling up the DagBag from /home/airflow/.local/lib/python3.8/site-packages/airflow/example_dags/example_params_ui_tutorial.py
[2023-12-16T20:21:20.149+0000] {processor.py:839} INFO - DAG(s) dict_keys(['example_params_ui_tutorial']) retrieved from /home/airflow/.local/lib/python3.8/site-packages/airflow/example_dags/example_params_ui_tutorial.py
[2023-12-16T20:21:20.608+0000] {logging_mixin.py:154} INFO - [2023-12-16T20:21:20.607+0000] {dag.py:2941} INFO - Sync 1 DAGs
[2023-12-16T20:21:20.655+0000] {logging_mixin.py:154} INFO - [2023-12-16T20:21:20.654+0000] {dag.py:3722} INFO - Setting next_dagrun for example_params_ui_tutorial to None, run_after=None
[2023-12-16T20:21:20.763+0000] {processor.py:179} INFO - Processing /home/airflow/.local/lib/python3.8/site-packages/airflow/example_dags/example_params_ui_tutorial.py took 1.010 seconds
[2023-12-16T20:31:26.579+0000] {processor.py:157} INFO - Started process (PID=65) to work on /home/airflow/.local/lib/python3.8/site-packages/airflow/example_dags/example_params_ui_tutorial.py
[2023-12-16T20:31:26.698+0000] {processor.py:829} INFO - Processing file /home/airflow/.local/lib/python3.8/site-packages/airflow/example_dags/example_params_ui_tutorial.py for tasks to queue
[2023-12-16T20:31:26.803+0000] {logging_mixin.py:154} INFO - [2023-12-16T20:31:26.800+0000] {dagbag.py:536} INFO - Filling up the DagBag from /home/airflow/.local/lib/python3.8/site-packages/airflow/example_dags/example_params_ui_tutorial.py
[2023-12-16T20:31:27.388+0000] {processor.py:839} INFO - DAG(s) dict_keys(['example_params_ui_tutorial']) retrieved from /home/airflow/.local/lib/python3.8/site-packages/airflow/example_dags/example_params_ui_tutorial.py
[2023-12-16T20:31:27.917+0000] {logging_mixin.py:154} INFO - [2023-12-16T20:31:27.917+0000] {dag.py:2941} INFO - Sync 1 DAGs
[2023-12-16T20:31:28.054+0000] {logging_mixin.py:154} INFO - [2023-12-16T20:31:28.053+0000] {dag.py:3722} INFO - Setting next_dagrun for example_params_ui_tutorial to None, run_after=None
[2023-12-16T20:31:28.253+0000] {processor.py:179} INFO - Processing /home/airflow/.local/lib/python3.8/site-packages/airflow/example_dags/example_params_ui_tutorial.py took 1.749 seconds
[2023-12-16T20:31:58.868+0000] {processor.py:157} INFO - Started process (PID=118) to work on /home/airflow/.local/lib/python3.8/site-packages/airflow/example_dags/example_params_ui_tutorial.py
[2023-12-16T20:31:58.882+0000] {processor.py:829} INFO - Processing file /home/airflow/.local/lib/python3.8/site-packages/airflow/example_dags/example_params_ui_tutorial.py for tasks to queue
[2023-12-16T20:31:58.899+0000] {logging_mixin.py:154} INFO - [2023-12-16T20:31:58.898+0000] {dagbag.py:536} INFO - Filling up the DagBag from /home/airflow/.local/lib/python3.8/site-packages/airflow/example_dags/example_params_ui_tutorial.py
[2023-12-16T20:31:59.136+0000] {processor.py:839} INFO - DAG(s) dict_keys(['example_params_ui_tutorial']) retrieved from /home/airflow/.local/lib/python3.8/site-packages/airflow/example_dags/example_params_ui_tutorial.py
[2023-12-16T20:31:59.650+0000] {logging_mixin.py:154} INFO - [2023-12-16T20:31:59.649+0000] {dag.py:2941} INFO - Sync 1 DAGs
[2023-12-16T20:31:59.706+0000] {logging_mixin.py:154} INFO - [2023-12-16T20:31:59.706+0000] {dag.py:3722} INFO - Setting next_dagrun for example_params_ui_tutorial to None, run_after=None
[2023-12-16T20:31:59.809+0000] {processor.py:179} INFO - Processing /home/airflow/.local/lib/python3.8/site-packages/airflow/example_dags/example_params_ui_tutorial.py took 0.950 seconds
[2023-12-16T20:32:30.045+0000] {processor.py:157} INFO - Started process (PID=171) to work on /home/airflow/.local/lib/python3.8/site-packages/airflow/example_dags/example_params_ui_tutorial.py
[2023-12-16T20:32:30.056+0000] {processor.py:829} INFO - Processing file /home/airflow/.local/lib/python3.8/site-packages/airflow/example_dags/example_params_ui_tutorial.py for tasks to queue
[2023-12-16T20:32:30.074+0000] {logging_mixin.py:154} INFO - [2023-12-16T20:32:30.073+0000] {dagbag.py:536} INFO - Filling up the DagBag from /home/airflow/.local/lib/python3.8/site-packages/airflow/example_dags/example_params_ui_tutorial.py
[2023-12-16T20:32:30.361+0000] {processor.py:839} INFO - DAG(s) dict_keys(['example_params_ui_tutorial']) retrieved from /home/airflow/.local/lib/python3.8/site-packages/airflow/example_dags/example_params_ui_tutorial.py
[2023-12-16T20:32:31.273+0000] {logging_mixin.py:154} INFO - [2023-12-16T20:32:31.273+0000] {dag.py:2941} INFO - Sync 1 DAGs
[2023-12-16T20:32:31.517+0000] {logging_mixin.py:154} INFO - [2023-12-16T20:32:31.516+0000] {dag.py:3722} INFO - Setting next_dagrun for example_params_ui_tutorial to None, run_after=None
[2023-12-16T20:32:31.910+0000] {processor.py:179} INFO - Processing /home/airflow/.local/lib/python3.8/site-packages/airflow/example_dags/example_params_ui_tutorial.py took 1.881 seconds
[2023-12-16T20:34:30.933+0000] {processor.py:157} INFO - Started process (PID=63) to work on /home/airflow/.local/lib/python3.8/site-packages/airflow/example_dags/example_params_ui_tutorial.py
[2023-12-16T20:34:30.947+0000] {processor.py:829} INFO - Processing file /home/airflow/.local/lib/python3.8/site-packages/airflow/example_dags/example_params_ui_tutorial.py for tasks to queue
[2023-12-16T20:34:30.954+0000] {logging_mixin.py:154} INFO - [2023-12-16T20:34:30.953+0000] {dagbag.py:536} INFO - Filling up the DagBag from /home/airflow/.local/lib/python3.8/site-packages/airflow/example_dags/example_params_ui_tutorial.py
[2023-12-16T20:34:31.197+0000] {processor.py:839} INFO - DAG(s) dict_keys(['example_params_ui_tutorial']) retrieved from /home/airflow/.local/lib/python3.8/site-packages/airflow/example_dags/example_params_ui_tutorial.py
[2023-12-16T20:34:31.671+0000] {logging_mixin.py:154} INFO - [2023-12-16T20:34:31.671+0000] {dag.py:2941} INFO - Sync 1 DAGs
[2023-12-16T20:34:31.768+0000] {logging_mixin.py:154} INFO - [2023-12-16T20:34:31.767+0000] {dag.py:3722} INFO - Setting next_dagrun for example_params_ui_tutorial to None, run_after=None
[2023-12-16T20:34:31.883+0000] {processor.py:179} INFO - Processing /home/airflow/.local/lib/python3.8/site-packages/airflow/example_dags/example_params_ui_tutorial.py took 0.987 seconds
[2023-12-16T20:35:02.797+0000] {processor.py:157} INFO - Started process (PID=117) to work on /home/airflow/.local/lib/python3.8/site-packages/airflow/example_dags/example_params_ui_tutorial.py
[2023-12-16T20:35:02.807+0000] {processor.py:829} INFO - Processing file /home/airflow/.local/lib/python3.8/site-packages/airflow/example_dags/example_params_ui_tutorial.py for tasks to queue
[2023-12-16T20:35:02.816+0000] {logging_mixin.py:154} INFO - [2023-12-16T20:35:02.815+0000] {dagbag.py:536} INFO - Filling up the DagBag from /home/airflow/.local/lib/python3.8/site-packages/airflow/example_dags/example_params_ui_tutorial.py
[2023-12-16T20:35:03.033+0000] {processor.py:839} INFO - DAG(s) dict_keys(['example_params_ui_tutorial']) retrieved from /home/airflow/.local/lib/python3.8/site-packages/airflow/example_dags/example_params_ui_tutorial.py
[2023-12-16T20:35:03.305+0000] {logging_mixin.py:154} INFO - [2023-12-16T20:35:03.305+0000] {dag.py:2941} INFO - Sync 1 DAGs
[2023-12-16T20:35:03.365+0000] {logging_mixin.py:154} INFO - [2023-12-16T20:35:03.365+0000] {dag.py:3722} INFO - Setting next_dagrun for example_params_ui_tutorial to None, run_after=None
[2023-12-16T20:35:03.496+0000] {processor.py:179} INFO - Processing /home/airflow/.local/lib/python3.8/site-packages/airflow/example_dags/example_params_ui_tutorial.py took 0.713 seconds
[2023-12-16T21:01:01.489+0000] {processor.py:157} INFO - Started process (PID=71) to work on /home/airflow/.local/lib/python3.8/site-packages/airflow/example_dags/example_params_ui_tutorial.py
[2023-12-16T21:01:01.508+0000] {processor.py:829} INFO - Processing file /home/airflow/.local/lib/python3.8/site-packages/airflow/example_dags/example_params_ui_tutorial.py for tasks to queue
[2023-12-16T21:01:01.532+0000] {logging_mixin.py:154} INFO - [2023-12-16T21:01:01.530+0000] {dagbag.py:536} INFO - Filling up the DagBag from /home/airflow/.local/lib/python3.8/site-packages/airflow/example_dags/example_params_ui_tutorial.py
[2023-12-16T21:01:01.902+0000] {processor.py:839} INFO - DAG(s) dict_keys(['example_params_ui_tutorial']) retrieved from /home/airflow/.local/lib/python3.8/site-packages/airflow/example_dags/example_params_ui_tutorial.py
[2023-12-16T21:01:02.128+0000] {logging_mixin.py:154} INFO - [2023-12-16T21:01:02.128+0000] {dag.py:2941} INFO - Sync 1 DAGs
[2023-12-16T21:01:02.216+0000] {logging_mixin.py:154} INFO - [2023-12-16T21:01:02.216+0000] {dag.py:3722} INFO - Setting next_dagrun for example_params_ui_tutorial to None, run_after=None
[2023-12-16T21:01:02.364+0000] {processor.py:179} INFO - Processing /home/airflow/.local/lib/python3.8/site-packages/airflow/example_dags/example_params_ui_tutorial.py took 0.938 seconds
[2023-12-16T21:01:32.967+0000] {processor.py:157} INFO - Started process (PID=118) to work on /home/airflow/.local/lib/python3.8/site-packages/airflow/example_dags/example_params_ui_tutorial.py
[2023-12-16T21:01:32.988+0000] {processor.py:829} INFO - Processing file /home/airflow/.local/lib/python3.8/site-packages/airflow/example_dags/example_params_ui_tutorial.py for tasks to queue
[2023-12-16T21:01:32.993+0000] {logging_mixin.py:154} INFO - [2023-12-16T21:01:32.992+0000] {dagbag.py:536} INFO - Filling up the DagBag from /home/airflow/.local/lib/python3.8/site-packages/airflow/example_dags/example_params_ui_tutorial.py
[2023-12-16T21:01:33.449+0000] {processor.py:839} INFO - DAG(s) dict_keys(['example_params_ui_tutorial']) retrieved from /home/airflow/.local/lib/python3.8/site-packages/airflow/example_dags/example_params_ui_tutorial.py
[2023-12-16T21:01:33.905+0000] {logging_mixin.py:154} INFO - [2023-12-16T21:01:33.904+0000] {dag.py:2941} INFO - Sync 1 DAGs
[2023-12-16T21:01:34.026+0000] {logging_mixin.py:154} INFO - [2023-12-16T21:01:34.026+0000] {dag.py:3722} INFO - Setting next_dagrun for example_params_ui_tutorial to None, run_after=None
[2023-12-16T21:01:34.154+0000] {processor.py:179} INFO - Processing /home/airflow/.local/lib/python3.8/site-packages/airflow/example_dags/example_params_ui_tutorial.py took 1.225 seconds
[2023-12-16T21:02:04.495+0000] {processor.py:157} INFO - Started process (PID=173) to work on /home/airflow/.local/lib/python3.8/site-packages/airflow/example_dags/example_params_ui_tutorial.py
[2023-12-16T21:02:04.532+0000] {processor.py:829} INFO - Processing file /home/airflow/.local/lib/python3.8/site-packages/airflow/example_dags/example_params_ui_tutorial.py for tasks to queue
[2023-12-16T21:02:04.550+0000] {logging_mixin.py:154} INFO - [2023-12-16T21:02:04.549+0000] {dagbag.py:536} INFO - Filling up the DagBag from /home/airflow/.local/lib/python3.8/site-packages/airflow/example_dags/example_params_ui_tutorial.py
[2023-12-16T21:02:04.939+0000] {processor.py:839} INFO - DAG(s) dict_keys(['example_params_ui_tutorial']) retrieved from /home/airflow/.local/lib/python3.8/site-packages/airflow/example_dags/example_params_ui_tutorial.py
[2023-12-16T21:02:05.146+0000] {logging_mixin.py:154} INFO - [2023-12-16T21:02:05.146+0000] {dag.py:2941} INFO - Sync 1 DAGs
[2023-12-16T21:02:05.175+0000] {logging_mixin.py:154} INFO - [2023-12-16T21:02:05.174+0000] {dag.py:3722} INFO - Setting next_dagrun for example_params_ui_tutorial to None, run_after=None
[2023-12-16T21:02:05.312+0000] {processor.py:179} INFO - Processing /home/airflow/.local/lib/python3.8/site-packages/airflow/example_dags/example_params_ui_tutorial.py took 0.828 seconds
[2023-12-16T21:07:04.491+0000] {processor.py:157} INFO - Started process (PID=58) to work on /home/airflow/.local/lib/python3.8/site-packages/airflow/example_dags/example_params_ui_tutorial.py
[2023-12-16T21:07:04.564+0000] {processor.py:829} INFO - Processing file /home/airflow/.local/lib/python3.8/site-packages/airflow/example_dags/example_params_ui_tutorial.py for tasks to queue
[2023-12-16T21:07:04.573+0000] {logging_mixin.py:154} INFO - [2023-12-16T21:07:04.572+0000] {dagbag.py:536} INFO - Filling up the DagBag from /home/airflow/.local/lib/python3.8/site-packages/airflow/example_dags/example_params_ui_tutorial.py
[2023-12-16T21:07:04.962+0000] {processor.py:839} INFO - DAG(s) dict_keys(['example_params_ui_tutorial']) retrieved from /home/airflow/.local/lib/python3.8/site-packages/airflow/example_dags/example_params_ui_tutorial.py
[2023-12-16T21:07:05.567+0000] {logging_mixin.py:154} INFO - [2023-12-16T21:07:05.566+0000] {dag.py:2941} INFO - Sync 1 DAGs
[2023-12-16T21:07:05.696+0000] {logging_mixin.py:154} INFO - [2023-12-16T21:07:05.696+0000] {dag.py:3722} INFO - Setting next_dagrun for example_params_ui_tutorial to None, run_after=None
[2023-12-16T21:07:06.304+0000] {processor.py:179} INFO - Processing /home/airflow/.local/lib/python3.8/site-packages/airflow/example_dags/example_params_ui_tutorial.py took 1.907 seconds
[2023-12-16T21:07:36.886+0000] {processor.py:157} INFO - Started process (PID=112) to work on /home/airflow/.local/lib/python3.8/site-packages/airflow/example_dags/example_params_ui_tutorial.py
[2023-12-16T21:07:36.888+0000] {processor.py:829} INFO - Processing file /home/airflow/.local/lib/python3.8/site-packages/airflow/example_dags/example_params_ui_tutorial.py for tasks to queue
[2023-12-16T21:07:36.894+0000] {logging_mixin.py:154} INFO - [2023-12-16T21:07:36.894+0000] {dagbag.py:536} INFO - Filling up the DagBag from /home/airflow/.local/lib/python3.8/site-packages/airflow/example_dags/example_params_ui_tutorial.py
[2023-12-16T21:07:36.994+0000] {processor.py:839} INFO - DAG(s) dict_keys(['example_params_ui_tutorial']) retrieved from /home/airflow/.local/lib/python3.8/site-packages/airflow/example_dags/example_params_ui_tutorial.py
[2023-12-16T21:07:37.198+0000] {logging_mixin.py:154} INFO - [2023-12-16T21:07:37.198+0000] {dag.py:2941} INFO - Sync 1 DAGs
[2023-12-16T21:07:37.224+0000] {logging_mixin.py:154} INFO - [2023-12-16T21:07:37.223+0000] {dag.py:3722} INFO - Setting next_dagrun for example_params_ui_tutorial to None, run_after=None
[2023-12-16T21:07:37.291+0000] {processor.py:179} INFO - Processing /home/airflow/.local/lib/python3.8/site-packages/airflow/example_dags/example_params_ui_tutorial.py took 0.412 seconds
[2023-12-16T21:08:07.459+0000] {processor.py:157} INFO - Started process (PID=166) to work on /home/airflow/.local/lib/python3.8/site-packages/airflow/example_dags/example_params_ui_tutorial.py
[2023-12-16T21:08:07.463+0000] {processor.py:829} INFO - Processing file /home/airflow/.local/lib/python3.8/site-packages/airflow/example_dags/example_params_ui_tutorial.py for tasks to queue
[2023-12-16T21:08:07.479+0000] {logging_mixin.py:154} INFO - [2023-12-16T21:08:07.479+0000] {dagbag.py:536} INFO - Filling up the DagBag from /home/airflow/.local/lib/python3.8/site-packages/airflow/example_dags/example_params_ui_tutorial.py
[2023-12-16T21:08:07.601+0000] {processor.py:839} INFO - DAG(s) dict_keys(['example_params_ui_tutorial']) retrieved from /home/airflow/.local/lib/python3.8/site-packages/airflow/example_dags/example_params_ui_tutorial.py
[2023-12-16T21:08:07.723+0000] {logging_mixin.py:154} INFO - [2023-12-16T21:08:07.723+0000] {dag.py:2941} INFO - Sync 1 DAGs
[2023-12-16T21:08:07.746+0000] {logging_mixin.py:154} INFO - [2023-12-16T21:08:07.746+0000] {dag.py:3722} INFO - Setting next_dagrun for example_params_ui_tutorial to None, run_after=None
[2023-12-16T21:08:07.778+0000] {processor.py:179} INFO - Processing /home/airflow/.local/lib/python3.8/site-packages/airflow/example_dags/example_params_ui_tutorial.py took 0.337 seconds
[2023-12-16T21:08:37.908+0000] {processor.py:157} INFO - Started process (PID=220) to work on /home/airflow/.local/lib/python3.8/site-packages/airflow/example_dags/example_params_ui_tutorial.py
[2023-12-16T21:08:37.912+0000] {processor.py:829} INFO - Processing file /home/airflow/.local/lib/python3.8/site-packages/airflow/example_dags/example_params_ui_tutorial.py for tasks to queue
[2023-12-16T21:08:37.917+0000] {logging_mixin.py:154} INFO - [2023-12-16T21:08:37.916+0000] {dagbag.py:536} INFO - Filling up the DagBag from /home/airflow/.local/lib/python3.8/site-packages/airflow/example_dags/example_params_ui_tutorial.py
[2023-12-16T21:08:38.001+0000] {processor.py:839} INFO - DAG(s) dict_keys(['example_params_ui_tutorial']) retrieved from /home/airflow/.local/lib/python3.8/site-packages/airflow/example_dags/example_params_ui_tutorial.py
[2023-12-16T21:08:38.174+0000] {logging_mixin.py:154} INFO - [2023-12-16T21:08:38.173+0000] {dag.py:2941} INFO - Sync 1 DAGs
[2023-12-16T21:08:38.204+0000] {logging_mixin.py:154} INFO - [2023-12-16T21:08:38.203+0000] {dag.py:3722} INFO - Setting next_dagrun for example_params_ui_tutorial to None, run_after=None
[2023-12-16T21:08:38.243+0000] {processor.py:179} INFO - Processing /home/airflow/.local/lib/python3.8/site-packages/airflow/example_dags/example_params_ui_tutorial.py took 0.346 seconds
[2023-12-16T21:09:08.468+0000] {processor.py:157} INFO - Started process (PID=274) to work on /home/airflow/.local/lib/python3.8/site-packages/airflow/example_dags/example_params_ui_tutorial.py
[2023-12-16T21:09:08.476+0000] {processor.py:829} INFO - Processing file /home/airflow/.local/lib/python3.8/site-packages/airflow/example_dags/example_params_ui_tutorial.py for tasks to queue
[2023-12-16T21:09:08.485+0000] {logging_mixin.py:154} INFO - [2023-12-16T21:09:08.484+0000] {dagbag.py:536} INFO - Filling up the DagBag from /home/airflow/.local/lib/python3.8/site-packages/airflow/example_dags/example_params_ui_tutorial.py
[2023-12-16T21:09:08.842+0000] {processor.py:839} INFO - DAG(s) dict_keys(['example_params_ui_tutorial']) retrieved from /home/airflow/.local/lib/python3.8/site-packages/airflow/example_dags/example_params_ui_tutorial.py
[2023-12-16T21:09:09.038+0000] {logging_mixin.py:154} INFO - [2023-12-16T21:09:09.038+0000] {dag.py:2941} INFO - Sync 1 DAGs
[2023-12-16T21:09:09.078+0000] {logging_mixin.py:154} INFO - [2023-12-16T21:09:09.078+0000] {dag.py:3722} INFO - Setting next_dagrun for example_params_ui_tutorial to None, run_after=None
[2023-12-16T21:09:09.158+0000] {processor.py:179} INFO - Processing /home/airflow/.local/lib/python3.8/site-packages/airflow/example_dags/example_params_ui_tutorial.py took 0.700 seconds
[2023-12-16T21:09:39.230+0000] {processor.py:157} INFO - Started process (PID=336) to work on /home/airflow/.local/lib/python3.8/site-packages/airflow/example_dags/example_params_ui_tutorial.py
[2023-12-16T21:09:39.232+0000] {processor.py:829} INFO - Processing file /home/airflow/.local/lib/python3.8/site-packages/airflow/example_dags/example_params_ui_tutorial.py for tasks to queue
[2023-12-16T21:09:39.236+0000] {logging_mixin.py:154} INFO - [2023-12-16T21:09:39.236+0000] {dagbag.py:536} INFO - Filling up the DagBag from /home/airflow/.local/lib/python3.8/site-packages/airflow/example_dags/example_params_ui_tutorial.py
[2023-12-16T21:09:39.326+0000] {processor.py:839} INFO - DAG(s) dict_keys(['example_params_ui_tutorial']) retrieved from /home/airflow/.local/lib/python3.8/site-packages/airflow/example_dags/example_params_ui_tutorial.py
[2023-12-16T21:09:39.442+0000] {logging_mixin.py:154} INFO - [2023-12-16T21:09:39.441+0000] {dag.py:2941} INFO - Sync 1 DAGs
[2023-12-16T21:09:39.465+0000] {logging_mixin.py:154} INFO - [2023-12-16T21:09:39.465+0000] {dag.py:3722} INFO - Setting next_dagrun for example_params_ui_tutorial to None, run_after=None
[2023-12-16T21:09:39.503+0000] {processor.py:179} INFO - Processing /home/airflow/.local/lib/python3.8/site-packages/airflow/example_dags/example_params_ui_tutorial.py took 0.279 seconds
[2023-12-16T21:10:10.691+0000] {processor.py:157} INFO - Started process (PID=389) to work on /home/airflow/.local/lib/python3.8/site-packages/airflow/example_dags/example_params_ui_tutorial.py
[2023-12-16T21:10:10.694+0000] {processor.py:829} INFO - Processing file /home/airflow/.local/lib/python3.8/site-packages/airflow/example_dags/example_params_ui_tutorial.py for tasks to queue
[2023-12-16T21:10:10.708+0000] {logging_mixin.py:154} INFO - [2023-12-16T21:10:10.708+0000] {dagbag.py:536} INFO - Filling up the DagBag from /home/airflow/.local/lib/python3.8/site-packages/airflow/example_dags/example_params_ui_tutorial.py
[2023-12-16T21:10:10.847+0000] {processor.py:839} INFO - DAG(s) dict_keys(['example_params_ui_tutorial']) retrieved from /home/airflow/.local/lib/python3.8/site-packages/airflow/example_dags/example_params_ui_tutorial.py
[2023-12-16T21:10:10.984+0000] {logging_mixin.py:154} INFO - [2023-12-16T21:10:10.984+0000] {dag.py:2941} INFO - Sync 1 DAGs
[2023-12-16T21:10:11.011+0000] {logging_mixin.py:154} INFO - [2023-12-16T21:10:11.011+0000] {dag.py:3722} INFO - Setting next_dagrun for example_params_ui_tutorial to None, run_after=None
[2023-12-16T21:10:11.047+0000] {processor.py:179} INFO - Processing /home/airflow/.local/lib/python3.8/site-packages/airflow/example_dags/example_params_ui_tutorial.py took 0.364 seconds
[2023-12-16T21:10:41.702+0000] {processor.py:157} INFO - Started process (PID=444) to work on /home/airflow/.local/lib/python3.8/site-packages/airflow/example_dags/example_params_ui_tutorial.py
[2023-12-16T21:10:41.705+0000] {processor.py:829} INFO - Processing file /home/airflow/.local/lib/python3.8/site-packages/airflow/example_dags/example_params_ui_tutorial.py for tasks to queue
[2023-12-16T21:10:41.709+0000] {logging_mixin.py:154} INFO - [2023-12-16T21:10:41.708+0000] {dagbag.py:536} INFO - Filling up the DagBag from /home/airflow/.local/lib/python3.8/site-packages/airflow/example_dags/example_params_ui_tutorial.py
[2023-12-16T21:10:41.791+0000] {processor.py:839} INFO - DAG(s) dict_keys(['example_params_ui_tutorial']) retrieved from /home/airflow/.local/lib/python3.8/site-packages/airflow/example_dags/example_params_ui_tutorial.py
[2023-12-16T21:10:41.939+0000] {logging_mixin.py:154} INFO - [2023-12-16T21:10:41.938+0000] {dag.py:2941} INFO - Sync 1 DAGs
[2023-12-16T21:10:41.969+0000] {logging_mixin.py:154} INFO - [2023-12-16T21:10:41.969+0000] {dag.py:3722} INFO - Setting next_dagrun for example_params_ui_tutorial to None, run_after=None
[2023-12-16T21:10:42.024+0000] {processor.py:179} INFO - Processing /home/airflow/.local/lib/python3.8/site-packages/airflow/example_dags/example_params_ui_tutorial.py took 0.330 seconds
[2023-12-16T21:11:12.168+0000] {processor.py:157} INFO - Started process (PID=497) to work on /home/airflow/.local/lib/python3.8/site-packages/airflow/example_dags/example_params_ui_tutorial.py
[2023-12-16T21:11:12.171+0000] {processor.py:829} INFO - Processing file /home/airflow/.local/lib/python3.8/site-packages/airflow/example_dags/example_params_ui_tutorial.py for tasks to queue
[2023-12-16T21:11:12.175+0000] {logging_mixin.py:154} INFO - [2023-12-16T21:11:12.174+0000] {dagbag.py:536} INFO - Filling up the DagBag from /home/airflow/.local/lib/python3.8/site-packages/airflow/example_dags/example_params_ui_tutorial.py
[2023-12-16T21:11:12.254+0000] {processor.py:839} INFO - DAG(s) dict_keys(['example_params_ui_tutorial']) retrieved from /home/airflow/.local/lib/python3.8/site-packages/airflow/example_dags/example_params_ui_tutorial.py
[2023-12-16T21:11:12.382+0000] {logging_mixin.py:154} INFO - [2023-12-16T21:11:12.382+0000] {dag.py:2941} INFO - Sync 1 DAGs
[2023-12-16T21:11:12.407+0000] {logging_mixin.py:154} INFO - [2023-12-16T21:11:12.407+0000] {dag.py:3722} INFO - Setting next_dagrun for example_params_ui_tutorial to None, run_after=None
[2023-12-16T21:11:12.447+0000] {processor.py:179} INFO - Processing /home/airflow/.local/lib/python3.8/site-packages/airflow/example_dags/example_params_ui_tutorial.py took 0.287 seconds
[2023-12-16T21:11:43.168+0000] {processor.py:157} INFO - Started process (PID=551) to work on /home/airflow/.local/lib/python3.8/site-packages/airflow/example_dags/example_params_ui_tutorial.py
[2023-12-16T21:11:43.170+0000] {processor.py:829} INFO - Processing file /home/airflow/.local/lib/python3.8/site-packages/airflow/example_dags/example_params_ui_tutorial.py for tasks to queue
[2023-12-16T21:11:43.180+0000] {logging_mixin.py:154} INFO - [2023-12-16T21:11:43.175+0000] {dagbag.py:536} INFO - Filling up the DagBag from /home/airflow/.local/lib/python3.8/site-packages/airflow/example_dags/example_params_ui_tutorial.py
[2023-12-16T21:11:43.364+0000] {processor.py:839} INFO - DAG(s) dict_keys(['example_params_ui_tutorial']) retrieved from /home/airflow/.local/lib/python3.8/site-packages/airflow/example_dags/example_params_ui_tutorial.py
[2023-12-16T21:11:43.551+0000] {logging_mixin.py:154} INFO - [2023-12-16T21:11:43.550+0000] {dag.py:2941} INFO - Sync 1 DAGs
[2023-12-16T21:11:43.597+0000] {logging_mixin.py:154} INFO - [2023-12-16T21:11:43.596+0000] {dag.py:3722} INFO - Setting next_dagrun for example_params_ui_tutorial to None, run_after=None
[2023-12-16T21:11:43.660+0000] {processor.py:179} INFO - Processing /home/airflow/.local/lib/python3.8/site-packages/airflow/example_dags/example_params_ui_tutorial.py took 0.504 seconds
[2023-12-16T21:12:14.387+0000] {processor.py:157} INFO - Started process (PID=605) to work on /home/airflow/.local/lib/python3.8/site-packages/airflow/example_dags/example_params_ui_tutorial.py
[2023-12-16T21:12:14.389+0000] {processor.py:829} INFO - Processing file /home/airflow/.local/lib/python3.8/site-packages/airflow/example_dags/example_params_ui_tutorial.py for tasks to queue
[2023-12-16T21:12:14.393+0000] {logging_mixin.py:154} INFO - [2023-12-16T21:12:14.393+0000] {dagbag.py:536} INFO - Filling up the DagBag from /home/airflow/.local/lib/python3.8/site-packages/airflow/example_dags/example_params_ui_tutorial.py
[2023-12-16T21:12:14.489+0000] {processor.py:839} INFO - DAG(s) dict_keys(['example_params_ui_tutorial']) retrieved from /home/airflow/.local/lib/python3.8/site-packages/airflow/example_dags/example_params_ui_tutorial.py
[2023-12-16T21:12:14.625+0000] {logging_mixin.py:154} INFO - [2023-12-16T21:12:14.625+0000] {dag.py:2941} INFO - Sync 1 DAGs
[2023-12-16T21:12:14.656+0000] {logging_mixin.py:154} INFO - [2023-12-16T21:12:14.656+0000] {dag.py:3722} INFO - Setting next_dagrun for example_params_ui_tutorial to None, run_after=None
[2023-12-16T21:12:14.700+0000] {processor.py:179} INFO - Processing /home/airflow/.local/lib/python3.8/site-packages/airflow/example_dags/example_params_ui_tutorial.py took 0.318 seconds
[2023-12-16T21:12:45.303+0000] {processor.py:157} INFO - Started process (PID=659) to work on /home/airflow/.local/lib/python3.8/site-packages/airflow/example_dags/example_params_ui_tutorial.py
[2023-12-16T21:12:45.317+0000] {processor.py:829} INFO - Processing file /home/airflow/.local/lib/python3.8/site-packages/airflow/example_dags/example_params_ui_tutorial.py for tasks to queue
[2023-12-16T21:12:45.331+0000] {logging_mixin.py:154} INFO - [2023-12-16T21:12:45.329+0000] {dagbag.py:536} INFO - Filling up the DagBag from /home/airflow/.local/lib/python3.8/site-packages/airflow/example_dags/example_params_ui_tutorial.py
[2023-12-16T21:12:45.455+0000] {processor.py:839} INFO - DAG(s) dict_keys(['example_params_ui_tutorial']) retrieved from /home/airflow/.local/lib/python3.8/site-packages/airflow/example_dags/example_params_ui_tutorial.py
[2023-12-16T21:12:45.644+0000] {logging_mixin.py:154} INFO - [2023-12-16T21:12:45.643+0000] {dag.py:2941} INFO - Sync 1 DAGs
[2023-12-16T21:12:45.666+0000] {logging_mixin.py:154} INFO - [2023-12-16T21:12:45.666+0000] {dag.py:3722} INFO - Setting next_dagrun for example_params_ui_tutorial to None, run_after=None
[2023-12-16T21:12:45.857+0000] {processor.py:179} INFO - Processing /home/airflow/.local/lib/python3.8/site-packages/airflow/example_dags/example_params_ui_tutorial.py took 0.561 seconds
