[2023-12-16T19:22:03.885+0000] {processor.py:157} INFO - Started process (PID=62) to work on /home/airflow/.local/lib/python3.8/site-packages/airflow/example_dags/example_setup_teardown_taskflow.py
[2023-12-16T19:22:03.895+0000] {processor.py:829} INFO - Processing file /home/airflow/.local/lib/python3.8/site-packages/airflow/example_dags/example_setup_teardown_taskflow.py for tasks to queue
[2023-12-16T19:22:03.917+0000] {logging_mixin.py:154} INFO - [2023-12-16T19:22:03.916+0000] {dagbag.py:536} INFO - Filling up the DagBag from /home/airflow/.local/lib/python3.8/site-packages/airflow/example_dags/example_setup_teardown_taskflow.py
[2023-12-16T19:22:04.075+0000] {processor.py:839} INFO - DAG(s) dict_keys(['example_setup_teardown_taskflow']) retrieved from /home/airflow/.local/lib/python3.8/site-packages/airflow/example_dags/example_setup_teardown_taskflow.py
[2023-12-16T19:22:04.315+0000] {logging_mixin.py:154} INFO - [2023-12-16T19:22:04.314+0000] {dag.py:2941} INFO - Sync 1 DAGs
[2023-12-16T19:22:04.633+0000] {logging_mixin.py:154} INFO - [2023-12-16T19:22:04.633+0000] {dag.py:3722} INFO - Setting next_dagrun for example_setup_teardown_taskflow to 2023-12-15T19:22:04.632653+00:00, run_after=2023-12-16T19:22:04.632653+00:00
[2023-12-16T19:22:04.921+0000] {processor.py:179} INFO - Processing /home/airflow/.local/lib/python3.8/site-packages/airflow/example_dags/example_setup_teardown_taskflow.py took 1.083 seconds
[2023-12-16T19:23:23.801+0000] {processor.py:157} INFO - Started process (PID=122) to work on /home/airflow/.local/lib/python3.8/site-packages/airflow/example_dags/example_setup_teardown_taskflow.py
[2023-12-16T19:23:23.805+0000] {processor.py:829} INFO - Processing file /home/airflow/.local/lib/python3.8/site-packages/airflow/example_dags/example_setup_teardown_taskflow.py for tasks to queue
[2023-12-16T19:23:23.823+0000] {logging_mixin.py:154} INFO - [2023-12-16T19:23:23.822+0000] {dagbag.py:536} INFO - Filling up the DagBag from /home/airflow/.local/lib/python3.8/site-packages/airflow/example_dags/example_setup_teardown_taskflow.py
[2023-12-16T19:23:23.888+0000] {processor.py:839} INFO - DAG(s) dict_keys(['example_setup_teardown_taskflow']) retrieved from /home/airflow/.local/lib/python3.8/site-packages/airflow/example_dags/example_setup_teardown_taskflow.py
[2023-12-16T19:23:24.004+0000] {logging_mixin.py:154} INFO - [2023-12-16T19:23:24.004+0000] {dag.py:2941} INFO - Sync 1 DAGs
[2023-12-16T19:23:24.102+0000] {logging_mixin.py:154} INFO - [2023-12-16T19:23:24.102+0000] {dag.py:3722} INFO - Setting next_dagrun for example_setup_teardown_taskflow to 2023-12-15T19:23:24.101723+00:00, run_after=2023-12-16T19:23:24.101723+00:00
[2023-12-16T19:23:24.192+0000] {processor.py:179} INFO - Processing /home/airflow/.local/lib/python3.8/site-packages/airflow/example_dags/example_setup_teardown_taskflow.py took 0.408 seconds
[2023-12-16T19:23:55.156+0000] {processor.py:157} INFO - Started process (PID=174) to work on /home/airflow/.local/lib/python3.8/site-packages/airflow/example_dags/example_setup_teardown_taskflow.py
[2023-12-16T19:23:55.157+0000] {processor.py:829} INFO - Processing file /home/airflow/.local/lib/python3.8/site-packages/airflow/example_dags/example_setup_teardown_taskflow.py for tasks to queue
[2023-12-16T19:23:55.162+0000] {logging_mixin.py:154} INFO - [2023-12-16T19:23:55.161+0000] {dagbag.py:536} INFO - Filling up the DagBag from /home/airflow/.local/lib/python3.8/site-packages/airflow/example_dags/example_setup_teardown_taskflow.py
[2023-12-16T19:23:55.183+0000] {processor.py:839} INFO - DAG(s) dict_keys(['example_setup_teardown_taskflow']) retrieved from /home/airflow/.local/lib/python3.8/site-packages/airflow/example_dags/example_setup_teardown_taskflow.py
[2023-12-16T19:23:55.229+0000] {logging_mixin.py:154} INFO - [2023-12-16T19:23:55.229+0000] {dag.py:2941} INFO - Sync 1 DAGs
[2023-12-16T19:23:55.288+0000] {logging_mixin.py:154} INFO - [2023-12-16T19:23:55.288+0000] {dag.py:3722} INFO - Setting next_dagrun for example_setup_teardown_taskflow to 2023-12-15T19:23:55.287628+00:00, run_after=2023-12-16T19:23:55.287628+00:00
[2023-12-16T19:23:55.337+0000] {processor.py:179} INFO - Processing /home/airflow/.local/lib/python3.8/site-packages/airflow/example_dags/example_setup_teardown_taskflow.py took 0.186 seconds
[2023-12-16T19:35:50.625+0000] {processor.py:157} INFO - Started process (PID=69) to work on /home/airflow/.local/lib/python3.8/site-packages/airflow/example_dags/example_setup_teardown_taskflow.py
[2023-12-16T19:35:50.634+0000] {processor.py:829} INFO - Processing file /home/airflow/.local/lib/python3.8/site-packages/airflow/example_dags/example_setup_teardown_taskflow.py for tasks to queue
[2023-12-16T19:35:50.645+0000] {logging_mixin.py:154} INFO - [2023-12-16T19:35:50.645+0000] {dagbag.py:536} INFO - Filling up the DagBag from /home/airflow/.local/lib/python3.8/site-packages/airflow/example_dags/example_setup_teardown_taskflow.py
[2023-12-16T19:35:50.775+0000] {processor.py:839} INFO - DAG(s) dict_keys(['example_setup_teardown_taskflow']) retrieved from /home/airflow/.local/lib/python3.8/site-packages/airflow/example_dags/example_setup_teardown_taskflow.py
[2023-12-16T19:35:50.952+0000] {logging_mixin.py:154} INFO - [2023-12-16T19:35:50.951+0000] {dag.py:2941} INFO - Sync 1 DAGs
[2023-12-16T19:35:51.091+0000] {logging_mixin.py:154} INFO - [2023-12-16T19:35:51.090+0000] {dag.py:3722} INFO - Setting next_dagrun for example_setup_teardown_taskflow to 2023-12-15T19:35:51.090160+00:00, run_after=2023-12-16T19:35:51.090160+00:00
[2023-12-16T19:35:51.287+0000] {processor.py:179} INFO - Processing /home/airflow/.local/lib/python3.8/site-packages/airflow/example_dags/example_setup_teardown_taskflow.py took 0.717 seconds
[2023-12-16T19:36:42.794+0000] {processor.py:157} INFO - Started process (PID=129) to work on /home/airflow/.local/lib/python3.8/site-packages/airflow/example_dags/example_setup_teardown_taskflow.py
[2023-12-16T19:36:42.804+0000] {processor.py:829} INFO - Processing file /home/airflow/.local/lib/python3.8/site-packages/airflow/example_dags/example_setup_teardown_taskflow.py for tasks to queue
[2023-12-16T19:36:42.811+0000] {logging_mixin.py:154} INFO - [2023-12-16T19:36:42.810+0000] {dagbag.py:536} INFO - Filling up the DagBag from /home/airflow/.local/lib/python3.8/site-packages/airflow/example_dags/example_setup_teardown_taskflow.py
[2023-12-16T19:36:42.993+0000] {processor.py:839} INFO - DAG(s) dict_keys(['example_setup_teardown_taskflow']) retrieved from /home/airflow/.local/lib/python3.8/site-packages/airflow/example_dags/example_setup_teardown_taskflow.py
[2023-12-16T19:36:43.193+0000] {logging_mixin.py:154} INFO - [2023-12-16T19:36:43.193+0000] {dag.py:2941} INFO - Sync 1 DAGs
[2023-12-16T19:36:43.505+0000] {logging_mixin.py:154} INFO - [2023-12-16T19:36:43.505+0000] {dag.py:3722} INFO - Setting next_dagrun for example_setup_teardown_taskflow to 2023-12-15T19:36:43.504195+00:00, run_after=2023-12-16T19:36:43.504195+00:00
[2023-12-16T19:36:43.783+0000] {processor.py:179} INFO - Processing /home/airflow/.local/lib/python3.8/site-packages/airflow/example_dags/example_setup_teardown_taskflow.py took 1.073 seconds
[2023-12-16T19:37:16.619+0000] {processor.py:157} INFO - Started process (PID=183) to work on /home/airflow/.local/lib/python3.8/site-packages/airflow/example_dags/example_setup_teardown_taskflow.py
[2023-12-16T19:37:16.623+0000] {processor.py:829} INFO - Processing file /home/airflow/.local/lib/python3.8/site-packages/airflow/example_dags/example_setup_teardown_taskflow.py for tasks to queue
[2023-12-16T19:37:16.634+0000] {logging_mixin.py:154} INFO - [2023-12-16T19:37:16.633+0000] {dagbag.py:536} INFO - Filling up the DagBag from /home/airflow/.local/lib/python3.8/site-packages/airflow/example_dags/example_setup_teardown_taskflow.py
[2023-12-16T19:37:16.701+0000] {processor.py:839} INFO - DAG(s) dict_keys(['example_setup_teardown_taskflow']) retrieved from /home/airflow/.local/lib/python3.8/site-packages/airflow/example_dags/example_setup_teardown_taskflow.py
[2023-12-16T19:37:16.842+0000] {logging_mixin.py:154} INFO - [2023-12-16T19:37:16.842+0000] {dag.py:2941} INFO - Sync 1 DAGs
[2023-12-16T19:37:16.936+0000] {logging_mixin.py:154} INFO - [2023-12-16T19:37:16.936+0000] {dag.py:3722} INFO - Setting next_dagrun for example_setup_teardown_taskflow to 2023-12-15T19:37:16.935581+00:00, run_after=2023-12-16T19:37:16.935581+00:00
[2023-12-16T19:37:17.071+0000] {processor.py:179} INFO - Processing /home/airflow/.local/lib/python3.8/site-packages/airflow/example_dags/example_setup_teardown_taskflow.py took 0.478 seconds
[2023-12-16T19:43:44.661+0000] {processor.py:157} INFO - Started process (PID=69) to work on /home/airflow/.local/lib/python3.8/site-packages/airflow/example_dags/example_setup_teardown_taskflow.py
[2023-12-16T19:43:44.682+0000] {processor.py:829} INFO - Processing file /home/airflow/.local/lib/python3.8/site-packages/airflow/example_dags/example_setup_teardown_taskflow.py for tasks to queue
[2023-12-16T19:43:44.685+0000] {logging_mixin.py:154} INFO - [2023-12-16T19:43:44.685+0000] {dagbag.py:536} INFO - Filling up the DagBag from /home/airflow/.local/lib/python3.8/site-packages/airflow/example_dags/example_setup_teardown_taskflow.py
[2023-12-16T19:43:44.936+0000] {processor.py:839} INFO - DAG(s) dict_keys(['example_setup_teardown_taskflow']) retrieved from /home/airflow/.local/lib/python3.8/site-packages/airflow/example_dags/example_setup_teardown_taskflow.py
[2023-12-16T19:43:45.546+0000] {logging_mixin.py:154} INFO - [2023-12-16T19:43:45.545+0000] {dag.py:2941} INFO - Sync 1 DAGs
[2023-12-16T19:43:45.917+0000] {logging_mixin.py:154} INFO - [2023-12-16T19:43:45.917+0000] {dag.py:3722} INFO - Setting next_dagrun for example_setup_teardown_taskflow to 2023-12-15T19:43:45.916459+00:00, run_after=2023-12-16T19:43:45.916459+00:00
[2023-12-16T19:43:46.285+0000] {processor.py:179} INFO - Processing /home/airflow/.local/lib/python3.8/site-packages/airflow/example_dags/example_setup_teardown_taskflow.py took 1.669 seconds
[2023-12-16T19:44:31.876+0000] {processor.py:157} INFO - Started process (PID=121) to work on /home/airflow/.local/lib/python3.8/site-packages/airflow/example_dags/example_setup_teardown_taskflow.py
[2023-12-16T19:44:31.883+0000] {processor.py:829} INFO - Processing file /home/airflow/.local/lib/python3.8/site-packages/airflow/example_dags/example_setup_teardown_taskflow.py for tasks to queue
[2023-12-16T19:44:31.894+0000] {logging_mixin.py:154} INFO - [2023-12-16T19:44:31.893+0000] {dagbag.py:536} INFO - Filling up the DagBag from /home/airflow/.local/lib/python3.8/site-packages/airflow/example_dags/example_setup_teardown_taskflow.py
[2023-12-16T19:44:32.008+0000] {processor.py:839} INFO - DAG(s) dict_keys(['example_setup_teardown_taskflow']) retrieved from /home/airflow/.local/lib/python3.8/site-packages/airflow/example_dags/example_setup_teardown_taskflow.py
[2023-12-16T19:44:32.161+0000] {logging_mixin.py:154} INFO - [2023-12-16T19:44:32.161+0000] {dag.py:2941} INFO - Sync 1 DAGs
[2023-12-16T19:44:32.299+0000] {logging_mixin.py:154} INFO - [2023-12-16T19:44:32.298+0000] {dag.py:3722} INFO - Setting next_dagrun for example_setup_teardown_taskflow to 2023-12-15T19:44:32.297627+00:00, run_after=2023-12-16T19:44:32.297627+00:00
[2023-12-16T19:44:32.631+0000] {processor.py:179} INFO - Processing /home/airflow/.local/lib/python3.8/site-packages/airflow/example_dags/example_setup_teardown_taskflow.py took 0.812 seconds
[2023-12-16T19:45:05.860+0000] {processor.py:157} INFO - Started process (PID=175) to work on /home/airflow/.local/lib/python3.8/site-packages/airflow/example_dags/example_setup_teardown_taskflow.py
[2023-12-16T19:45:05.893+0000] {processor.py:829} INFO - Processing file /home/airflow/.local/lib/python3.8/site-packages/airflow/example_dags/example_setup_teardown_taskflow.py for tasks to queue
[2023-12-16T19:45:05.905+0000] {logging_mixin.py:154} INFO - [2023-12-16T19:45:05.901+0000] {dagbag.py:536} INFO - Filling up the DagBag from /home/airflow/.local/lib/python3.8/site-packages/airflow/example_dags/example_setup_teardown_taskflow.py
[2023-12-16T19:45:06.142+0000] {processor.py:839} INFO - DAG(s) dict_keys(['example_setup_teardown_taskflow']) retrieved from /home/airflow/.local/lib/python3.8/site-packages/airflow/example_dags/example_setup_teardown_taskflow.py
[2023-12-16T19:45:06.532+0000] {logging_mixin.py:154} INFO - [2023-12-16T19:45:06.532+0000] {dag.py:2941} INFO - Sync 1 DAGs
[2023-12-16T19:45:07.117+0000] {logging_mixin.py:154} INFO - [2023-12-16T19:45:07.116+0000] {dag.py:3722} INFO - Setting next_dagrun for example_setup_teardown_taskflow to 2023-12-15T19:45:07.115991+00:00, run_after=2023-12-16T19:45:07.115991+00:00
[2023-12-16T19:45:07.456+0000] {processor.py:179} INFO - Processing /home/airflow/.local/lib/python3.8/site-packages/airflow/example_dags/example_setup_teardown_taskflow.py took 1.621 seconds
[2023-12-16T19:45:39.768+0000] {processor.py:157} INFO - Started process (PID=226) to work on /home/airflow/.local/lib/python3.8/site-packages/airflow/example_dags/example_setup_teardown_taskflow.py
[2023-12-16T19:45:39.787+0000] {processor.py:829} INFO - Processing file /home/airflow/.local/lib/python3.8/site-packages/airflow/example_dags/example_setup_teardown_taskflow.py for tasks to queue
[2023-12-16T19:45:39.803+0000] {logging_mixin.py:154} INFO - [2023-12-16T19:45:39.802+0000] {dagbag.py:536} INFO - Filling up the DagBag from /home/airflow/.local/lib/python3.8/site-packages/airflow/example_dags/example_setup_teardown_taskflow.py
[2023-12-16T19:45:39.944+0000] {processor.py:839} INFO - DAG(s) dict_keys(['example_setup_teardown_taskflow']) retrieved from /home/airflow/.local/lib/python3.8/site-packages/airflow/example_dags/example_setup_teardown_taskflow.py
[2023-12-16T19:45:40.158+0000] {logging_mixin.py:154} INFO - [2023-12-16T19:45:40.155+0000] {dag.py:2941} INFO - Sync 1 DAGs
[2023-12-16T19:45:40.345+0000] {logging_mixin.py:154} INFO - [2023-12-16T19:45:40.344+0000] {dag.py:3722} INFO - Setting next_dagrun for example_setup_teardown_taskflow to 2023-12-15T19:45:40.344057+00:00, run_after=2023-12-16T19:45:40.344057+00:00
[2023-12-16T19:45:40.513+0000] {processor.py:179} INFO - Processing /home/airflow/.local/lib/python3.8/site-packages/airflow/example_dags/example_setup_teardown_taskflow.py took 0.755 seconds
[2023-12-16T20:04:43.250+0000] {processor.py:157} INFO - Started process (PID=131) to work on /home/airflow/.local/lib/python3.8/site-packages/airflow/example_dags/example_setup_teardown_taskflow.py
[2023-12-16T20:04:43.255+0000] {processor.py:829} INFO - Processing file /home/airflow/.local/lib/python3.8/site-packages/airflow/example_dags/example_setup_teardown_taskflow.py for tasks to queue
[2023-12-16T20:04:43.261+0000] {logging_mixin.py:154} INFO - [2023-12-16T20:04:43.260+0000] {dagbag.py:536} INFO - Filling up the DagBag from /home/airflow/.local/lib/python3.8/site-packages/airflow/example_dags/example_setup_teardown_taskflow.py
[2023-12-16T20:04:43.289+0000] {processor.py:839} INFO - DAG(s) dict_keys(['example_setup_teardown_taskflow']) retrieved from /home/airflow/.local/lib/python3.8/site-packages/airflow/example_dags/example_setup_teardown_taskflow.py
[2023-12-16T20:04:43.449+0000] {logging_mixin.py:154} INFO - [2023-12-16T20:04:43.448+0000] {dag.py:2941} INFO - Sync 1 DAGs
[2023-12-16T20:04:43.784+0000] {logging_mixin.py:154} INFO - [2023-12-16T20:04:43.783+0000] {dag.py:3722} INFO - Setting next_dagrun for example_setup_teardown_taskflow to 2023-12-15T20:04:43.774369+00:00, run_after=2023-12-16T20:04:43.774369+00:00
[2023-12-16T20:04:43.898+0000] {processor.py:179} INFO - Processing /home/airflow/.local/lib/python3.8/site-packages/airflow/example_dags/example_setup_teardown_taskflow.py took 0.659 seconds
[2023-12-16T20:05:17.453+0000] {processor.py:157} INFO - Started process (PID=200) to work on /home/airflow/.local/lib/python3.8/site-packages/airflow/example_dags/example_setup_teardown_taskflow.py
[2023-12-16T20:05:17.456+0000] {processor.py:829} INFO - Processing file /home/airflow/.local/lib/python3.8/site-packages/airflow/example_dags/example_setup_teardown_taskflow.py for tasks to queue
[2023-12-16T20:05:17.478+0000] {logging_mixin.py:154} INFO - [2023-12-16T20:05:17.477+0000] {dagbag.py:536} INFO - Filling up the DagBag from /home/airflow/.local/lib/python3.8/site-packages/airflow/example_dags/example_setup_teardown_taskflow.py
[2023-12-16T20:05:17.556+0000] {processor.py:839} INFO - DAG(s) dict_keys(['example_setup_teardown_taskflow']) retrieved from /home/airflow/.local/lib/python3.8/site-packages/airflow/example_dags/example_setup_teardown_taskflow.py
[2023-12-16T20:05:17.635+0000] {logging_mixin.py:154} INFO - [2023-12-16T20:05:17.635+0000] {dag.py:2941} INFO - Sync 1 DAGs
[2023-12-16T20:05:18.812+0000] {logging_mixin.py:154} INFO - [2023-12-16T20:05:18.811+0000] {dag.py:3722} INFO - Setting next_dagrun for example_setup_teardown_taskflow to 2023-12-15T20:05:18.811235+00:00, run_after=2023-12-16T20:05:18.811235+00:00
[2023-12-16T20:05:18.869+0000] {processor.py:179} INFO - Processing /home/airflow/.local/lib/python3.8/site-packages/airflow/example_dags/example_setup_teardown_taskflow.py took 1.434 seconds
[2023-12-16T20:05:49.634+0000] {processor.py:157} INFO - Started process (PID=268) to work on /home/airflow/.local/lib/python3.8/site-packages/airflow/example_dags/example_setup_teardown_taskflow.py
[2023-12-16T20:05:49.646+0000] {processor.py:829} INFO - Processing file /home/airflow/.local/lib/python3.8/site-packages/airflow/example_dags/example_setup_teardown_taskflow.py for tasks to queue
[2023-12-16T20:05:49.651+0000] {logging_mixin.py:154} INFO - [2023-12-16T20:05:49.650+0000] {dagbag.py:536} INFO - Filling up the DagBag from /home/airflow/.local/lib/python3.8/site-packages/airflow/example_dags/example_setup_teardown_taskflow.py
[2023-12-16T20:05:49.680+0000] {processor.py:839} INFO - DAG(s) dict_keys(['example_setup_teardown_taskflow']) retrieved from /home/airflow/.local/lib/python3.8/site-packages/airflow/example_dags/example_setup_teardown_taskflow.py
[2023-12-16T20:05:49.904+0000] {logging_mixin.py:154} INFO - [2023-12-16T20:05:49.904+0000] {dag.py:2941} INFO - Sync 1 DAGs
[2023-12-16T20:05:50.219+0000] {logging_mixin.py:154} INFO - [2023-12-16T20:05:50.219+0000] {dag.py:3722} INFO - Setting next_dagrun for example_setup_teardown_taskflow to 2023-12-15T20:05:50.218470+00:00, run_after=2023-12-16T20:05:50.218470+00:00
[2023-12-16T20:05:50.342+0000] {processor.py:179} INFO - Processing /home/airflow/.local/lib/python3.8/site-packages/airflow/example_dags/example_setup_teardown_taskflow.py took 0.717 seconds
[2023-12-16T20:20:42.689+0000] {processor.py:157} INFO - Started process (PID=63) to work on /home/airflow/.local/lib/python3.8/site-packages/airflow/example_dags/example_setup_teardown_taskflow.py
[2023-12-16T20:20:42.720+0000] {processor.py:829} INFO - Processing file /home/airflow/.local/lib/python3.8/site-packages/airflow/example_dags/example_setup_teardown_taskflow.py for tasks to queue
[2023-12-16T20:20:42.726+0000] {logging_mixin.py:154} INFO - [2023-12-16T20:20:42.725+0000] {dagbag.py:536} INFO - Filling up the DagBag from /home/airflow/.local/lib/python3.8/site-packages/airflow/example_dags/example_setup_teardown_taskflow.py
[2023-12-16T20:20:42.918+0000] {processor.py:839} INFO - DAG(s) dict_keys(['example_setup_teardown_taskflow']) retrieved from /home/airflow/.local/lib/python3.8/site-packages/airflow/example_dags/example_setup_teardown_taskflow.py
[2023-12-16T20:20:43.267+0000] {logging_mixin.py:154} INFO - [2023-12-16T20:20:43.266+0000] {dag.py:2941} INFO - Sync 1 DAGs
[2023-12-16T20:20:44.194+0000] {logging_mixin.py:154} INFO - [2023-12-16T20:20:44.146+0000] {dag.py:3722} INFO - Setting next_dagrun for example_setup_teardown_taskflow to 2023-12-15T20:20:44.145653+00:00, run_after=2023-12-16T20:20:44.145653+00:00
[2023-12-16T20:20:44.606+0000] {processor.py:179} INFO - Processing /home/airflow/.local/lib/python3.8/site-packages/airflow/example_dags/example_setup_teardown_taskflow.py took 1.944 seconds
[2023-12-16T20:21:19.260+0000] {processor.py:157} INFO - Started process (PID=116) to work on /home/airflow/.local/lib/python3.8/site-packages/airflow/example_dags/example_setup_teardown_taskflow.py
[2023-12-16T20:21:19.264+0000] {processor.py:829} INFO - Processing file /home/airflow/.local/lib/python3.8/site-packages/airflow/example_dags/example_setup_teardown_taskflow.py for tasks to queue
[2023-12-16T20:21:19.270+0000] {logging_mixin.py:154} INFO - [2023-12-16T20:21:19.269+0000] {dagbag.py:536} INFO - Filling up the DagBag from /home/airflow/.local/lib/python3.8/site-packages/airflow/example_dags/example_setup_teardown_taskflow.py
[2023-12-16T20:21:19.338+0000] {processor.py:839} INFO - DAG(s) dict_keys(['example_setup_teardown_taskflow']) retrieved from /home/airflow/.local/lib/python3.8/site-packages/airflow/example_dags/example_setup_teardown_taskflow.py
[2023-12-16T20:21:19.464+0000] {logging_mixin.py:154} INFO - [2023-12-16T20:21:19.463+0000] {dag.py:2941} INFO - Sync 1 DAGs
[2023-12-16T20:21:19.661+0000] {logging_mixin.py:154} INFO - [2023-12-16T20:21:19.650+0000] {dag.py:3722} INFO - Setting next_dagrun for example_setup_teardown_taskflow to 2023-12-15T20:21:19.650258+00:00, run_after=2023-12-16T20:21:19.650258+00:00
[2023-12-16T20:21:19.772+0000] {processor.py:179} INFO - Processing /home/airflow/.local/lib/python3.8/site-packages/airflow/example_dags/example_setup_teardown_taskflow.py took 0.521 seconds
[2023-12-16T20:31:24.792+0000] {processor.py:157} INFO - Started process (PID=64) to work on /home/airflow/.local/lib/python3.8/site-packages/airflow/example_dags/example_setup_teardown_taskflow.py
[2023-12-16T20:31:24.802+0000] {processor.py:829} INFO - Processing file /home/airflow/.local/lib/python3.8/site-packages/airflow/example_dags/example_setup_teardown_taskflow.py for tasks to queue
[2023-12-16T20:31:24.815+0000] {logging_mixin.py:154} INFO - [2023-12-16T20:31:24.814+0000] {dagbag.py:536} INFO - Filling up the DagBag from /home/airflow/.local/lib/python3.8/site-packages/airflow/example_dags/example_setup_teardown_taskflow.py
[2023-12-16T20:31:24.923+0000] {processor.py:839} INFO - DAG(s) dict_keys(['example_setup_teardown_taskflow']) retrieved from /home/airflow/.local/lib/python3.8/site-packages/airflow/example_dags/example_setup_teardown_taskflow.py
[2023-12-16T20:31:25.221+0000] {logging_mixin.py:154} INFO - [2023-12-16T20:31:25.220+0000] {dag.py:2941} INFO - Sync 1 DAGs
[2023-12-16T20:31:25.722+0000] {logging_mixin.py:154} INFO - [2023-12-16T20:31:25.682+0000] {dag.py:3722} INFO - Setting next_dagrun for example_setup_teardown_taskflow to 2023-12-15T20:31:25.682300+00:00, run_after=2023-12-16T20:31:25.682300+00:00
[2023-12-16T20:31:26.233+0000] {processor.py:179} INFO - Processing /home/airflow/.local/lib/python3.8/site-packages/airflow/example_dags/example_setup_teardown_taskflow.py took 1.465 seconds
[2023-12-16T20:31:56.848+0000] {processor.py:157} INFO - Started process (PID=117) to work on /home/airflow/.local/lib/python3.8/site-packages/airflow/example_dags/example_setup_teardown_taskflow.py
[2023-12-16T20:31:56.851+0000] {processor.py:829} INFO - Processing file /home/airflow/.local/lib/python3.8/site-packages/airflow/example_dags/example_setup_teardown_taskflow.py for tasks to queue
[2023-12-16T20:31:56.856+0000] {logging_mixin.py:154} INFO - [2023-12-16T20:31:56.856+0000] {dagbag.py:536} INFO - Filling up the DagBag from /home/airflow/.local/lib/python3.8/site-packages/airflow/example_dags/example_setup_teardown_taskflow.py
[2023-12-16T20:31:57.203+0000] {processor.py:839} INFO - DAG(s) dict_keys(['example_setup_teardown_taskflow']) retrieved from /home/airflow/.local/lib/python3.8/site-packages/airflow/example_dags/example_setup_teardown_taskflow.py
[2023-12-16T20:31:57.431+0000] {logging_mixin.py:154} INFO - [2023-12-16T20:31:57.431+0000] {dag.py:2941} INFO - Sync 1 DAGs
[2023-12-16T20:31:57.556+0000] {logging_mixin.py:154} INFO - [2023-12-16T20:31:57.555+0000] {dag.py:3722} INFO - Setting next_dagrun for example_setup_teardown_taskflow to 2023-12-15T20:31:57.554809+00:00, run_after=2023-12-16T20:31:57.554809+00:00
[2023-12-16T20:31:57.727+0000] {processor.py:179} INFO - Processing /home/airflow/.local/lib/python3.8/site-packages/airflow/example_dags/example_setup_teardown_taskflow.py took 0.884 seconds
[2023-12-16T20:32:28.433+0000] {processor.py:157} INFO - Started process (PID=170) to work on /home/airflow/.local/lib/python3.8/site-packages/airflow/example_dags/example_setup_teardown_taskflow.py
[2023-12-16T20:32:28.459+0000] {processor.py:829} INFO - Processing file /home/airflow/.local/lib/python3.8/site-packages/airflow/example_dags/example_setup_teardown_taskflow.py for tasks to queue
[2023-12-16T20:32:28.476+0000] {logging_mixin.py:154} INFO - [2023-12-16T20:32:28.475+0000] {dagbag.py:536} INFO - Filling up the DagBag from /home/airflow/.local/lib/python3.8/site-packages/airflow/example_dags/example_setup_teardown_taskflow.py
[2023-12-16T20:32:28.529+0000] {processor.py:839} INFO - DAG(s) dict_keys(['example_setup_teardown_taskflow']) retrieved from /home/airflow/.local/lib/python3.8/site-packages/airflow/example_dags/example_setup_teardown_taskflow.py
[2023-12-16T20:32:28.691+0000] {logging_mixin.py:154} INFO - [2023-12-16T20:32:28.691+0000] {dag.py:2941} INFO - Sync 1 DAGs
[2023-12-16T20:32:28.794+0000] {logging_mixin.py:154} INFO - [2023-12-16T20:32:28.793+0000] {dag.py:3722} INFO - Setting next_dagrun for example_setup_teardown_taskflow to 2023-12-15T20:32:28.793216+00:00, run_after=2023-12-16T20:32:28.793216+00:00
[2023-12-16T20:32:28.893+0000] {processor.py:179} INFO - Processing /home/airflow/.local/lib/python3.8/site-packages/airflow/example_dags/example_setup_teardown_taskflow.py took 0.467 seconds
[2023-12-16T20:34:30.711+0000] {processor.py:157} INFO - Started process (PID=62) to work on /home/airflow/.local/lib/python3.8/site-packages/airflow/example_dags/example_setup_teardown_taskflow.py
[2023-12-16T20:34:30.714+0000] {processor.py:829} INFO - Processing file /home/airflow/.local/lib/python3.8/site-packages/airflow/example_dags/example_setup_teardown_taskflow.py for tasks to queue
[2023-12-16T20:34:30.722+0000] {logging_mixin.py:154} INFO - [2023-12-16T20:34:30.721+0000] {dagbag.py:536} INFO - Filling up the DagBag from /home/airflow/.local/lib/python3.8/site-packages/airflow/example_dags/example_setup_teardown_taskflow.py
[2023-12-16T20:34:30.757+0000] {processor.py:839} INFO - DAG(s) dict_keys(['example_setup_teardown_taskflow']) retrieved from /home/airflow/.local/lib/python3.8/site-packages/airflow/example_dags/example_setup_teardown_taskflow.py
[2023-12-16T20:34:30.831+0000] {logging_mixin.py:154} INFO - [2023-12-16T20:34:30.830+0000] {dag.py:2941} INFO - Sync 1 DAGs
[2023-12-16T20:34:30.983+0000] {logging_mixin.py:154} INFO - [2023-12-16T20:34:30.983+0000] {dag.py:3722} INFO - Setting next_dagrun for example_setup_teardown_taskflow to 2023-12-15T20:34:30.982425+00:00, run_after=2023-12-16T20:34:30.982425+00:00
[2023-12-16T20:34:31.050+0000] {processor.py:179} INFO - Processing /home/airflow/.local/lib/python3.8/site-packages/airflow/example_dags/example_setup_teardown_taskflow.py took 0.348 seconds
[2023-12-16T20:35:01.273+0000] {processor.py:157} INFO - Started process (PID=116) to work on /home/airflow/.local/lib/python3.8/site-packages/airflow/example_dags/example_setup_teardown_taskflow.py
[2023-12-16T20:35:01.275+0000] {processor.py:829} INFO - Processing file /home/airflow/.local/lib/python3.8/site-packages/airflow/example_dags/example_setup_teardown_taskflow.py for tasks to queue
[2023-12-16T20:35:01.283+0000] {logging_mixin.py:154} INFO - [2023-12-16T20:35:01.281+0000] {dagbag.py:536} INFO - Filling up the DagBag from /home/airflow/.local/lib/python3.8/site-packages/airflow/example_dags/example_setup_teardown_taskflow.py
[2023-12-16T20:35:01.320+0000] {processor.py:839} INFO - DAG(s) dict_keys(['example_setup_teardown_taskflow']) retrieved from /home/airflow/.local/lib/python3.8/site-packages/airflow/example_dags/example_setup_teardown_taskflow.py
[2023-12-16T20:35:01.379+0000] {logging_mixin.py:154} INFO - [2023-12-16T20:35:01.377+0000] {dag.py:2941} INFO - Sync 1 DAGs
[2023-12-16T20:35:01.518+0000] {logging_mixin.py:154} INFO - [2023-12-16T20:35:01.517+0000] {dag.py:3722} INFO - Setting next_dagrun for example_setup_teardown_taskflow to 2023-12-15T20:35:01.516911+00:00, run_after=2023-12-16T20:35:01.516911+00:00
[2023-12-16T20:35:01.646+0000] {processor.py:179} INFO - Processing /home/airflow/.local/lib/python3.8/site-packages/airflow/example_dags/example_setup_teardown_taskflow.py took 0.381 seconds
[2023-12-16T21:01:00.410+0000] {processor.py:157} INFO - Started process (PID=64) to work on /home/airflow/.local/lib/python3.8/site-packages/airflow/example_dags/example_setup_teardown_taskflow.py
[2023-12-16T21:01:00.432+0000] {processor.py:829} INFO - Processing file /home/airflow/.local/lib/python3.8/site-packages/airflow/example_dags/example_setup_teardown_taskflow.py for tasks to queue
[2023-12-16T21:01:00.458+0000] {logging_mixin.py:154} INFO - [2023-12-16T21:01:00.457+0000] {dagbag.py:536} INFO - Filling up the DagBag from /home/airflow/.local/lib/python3.8/site-packages/airflow/example_dags/example_setup_teardown_taskflow.py
[2023-12-16T21:01:00.537+0000] {processor.py:839} INFO - DAG(s) dict_keys(['example_setup_teardown_taskflow']) retrieved from /home/airflow/.local/lib/python3.8/site-packages/airflow/example_dags/example_setup_teardown_taskflow.py
[2023-12-16T21:01:00.722+0000] {logging_mixin.py:154} INFO - [2023-12-16T21:01:00.722+0000] {dag.py:2941} INFO - Sync 1 DAGs
[2023-12-16T21:01:00.964+0000] {logging_mixin.py:154} INFO - [2023-12-16T21:01:00.964+0000] {dag.py:3722} INFO - Setting next_dagrun for example_setup_teardown_taskflow to 2023-12-15T21:01:00.963931+00:00, run_after=2023-12-16T21:01:00.963931+00:00
[2023-12-16T21:01:01.147+0000] {processor.py:179} INFO - Processing /home/airflow/.local/lib/python3.8/site-packages/airflow/example_dags/example_setup_teardown_taskflow.py took 0.744 seconds
[2023-12-16T21:01:31.659+0000] {processor.py:157} INFO - Started process (PID=116) to work on /home/airflow/.local/lib/python3.8/site-packages/airflow/example_dags/example_setup_teardown_taskflow.py
[2023-12-16T21:01:31.663+0000] {processor.py:829} INFO - Processing file /home/airflow/.local/lib/python3.8/site-packages/airflow/example_dags/example_setup_teardown_taskflow.py for tasks to queue
[2023-12-16T21:01:31.675+0000] {logging_mixin.py:154} INFO - [2023-12-16T21:01:31.673+0000] {dagbag.py:536} INFO - Filling up the DagBag from /home/airflow/.local/lib/python3.8/site-packages/airflow/example_dags/example_setup_teardown_taskflow.py
[2023-12-16T21:01:31.712+0000] {processor.py:839} INFO - DAG(s) dict_keys(['example_setup_teardown_taskflow']) retrieved from /home/airflow/.local/lib/python3.8/site-packages/airflow/example_dags/example_setup_teardown_taskflow.py
[2023-12-16T21:01:31.897+0000] {logging_mixin.py:154} INFO - [2023-12-16T21:01:31.896+0000] {dag.py:2941} INFO - Sync 1 DAGs
[2023-12-16T21:01:32.024+0000] {logging_mixin.py:154} INFO - [2023-12-16T21:01:32.024+0000] {dag.py:3722} INFO - Setting next_dagrun for example_setup_teardown_taskflow to 2023-12-15T21:01:32.022727+00:00, run_after=2023-12-16T21:01:32.022727+00:00
[2023-12-16T21:01:32.169+0000] {processor.py:179} INFO - Processing /home/airflow/.local/lib/python3.8/site-packages/airflow/example_dags/example_setup_teardown_taskflow.py took 0.519 seconds
[2023-12-16T21:02:02.894+0000] {processor.py:157} INFO - Started process (PID=171) to work on /home/airflow/.local/lib/python3.8/site-packages/airflow/example_dags/example_setup_teardown_taskflow.py
[2023-12-16T21:02:02.898+0000] {processor.py:829} INFO - Processing file /home/airflow/.local/lib/python3.8/site-packages/airflow/example_dags/example_setup_teardown_taskflow.py for tasks to queue
[2023-12-16T21:02:02.904+0000] {logging_mixin.py:154} INFO - [2023-12-16T21:02:02.903+0000] {dagbag.py:536} INFO - Filling up the DagBag from /home/airflow/.local/lib/python3.8/site-packages/airflow/example_dags/example_setup_teardown_taskflow.py
[2023-12-16T21:02:02.928+0000] {processor.py:839} INFO - DAG(s) dict_keys(['example_setup_teardown_taskflow']) retrieved from /home/airflow/.local/lib/python3.8/site-packages/airflow/example_dags/example_setup_teardown_taskflow.py
[2023-12-16T21:02:03.027+0000] {logging_mixin.py:154} INFO - [2023-12-16T21:02:03.027+0000] {dag.py:2941} INFO - Sync 1 DAGs
[2023-12-16T21:02:03.132+0000] {logging_mixin.py:154} INFO - [2023-12-16T21:02:03.131+0000] {dag.py:3722} INFO - Setting next_dagrun for example_setup_teardown_taskflow to 2023-12-15T21:02:03.130489+00:00, run_after=2023-12-16T21:02:03.130489+00:00
[2023-12-16T21:02:03.192+0000] {processor.py:179} INFO - Processing /home/airflow/.local/lib/python3.8/site-packages/airflow/example_dags/example_setup_teardown_taskflow.py took 0.307 seconds
[2023-12-16T21:07:03.947+0000] {processor.py:157} INFO - Started process (PID=57) to work on /home/airflow/.local/lib/python3.8/site-packages/airflow/example_dags/example_setup_teardown_taskflow.py
[2023-12-16T21:07:03.951+0000] {processor.py:829} INFO - Processing file /home/airflow/.local/lib/python3.8/site-packages/airflow/example_dags/example_setup_teardown_taskflow.py for tasks to queue
[2023-12-16T21:07:03.962+0000] {logging_mixin.py:154} INFO - [2023-12-16T21:07:03.960+0000] {dagbag.py:536} INFO - Filling up the DagBag from /home/airflow/.local/lib/python3.8/site-packages/airflow/example_dags/example_setup_teardown_taskflow.py
[2023-12-16T21:07:04.014+0000] {processor.py:839} INFO - DAG(s) dict_keys(['example_setup_teardown_taskflow']) retrieved from /home/airflow/.local/lib/python3.8/site-packages/airflow/example_dags/example_setup_teardown_taskflow.py
[2023-12-16T21:07:04.142+0000] {logging_mixin.py:154} INFO - [2023-12-16T21:07:04.142+0000] {dag.py:2941} INFO - Sync 1 DAGs
[2023-12-16T21:07:04.580+0000] {logging_mixin.py:154} INFO - [2023-12-16T21:07:04.420+0000] {dag.py:3722} INFO - Setting next_dagrun for example_setup_teardown_taskflow to 2023-12-15T21:07:04.418917+00:00, run_after=2023-12-16T21:07:04.418917+00:00
[2023-12-16T21:07:04.955+0000] {processor.py:179} INFO - Processing /home/airflow/.local/lib/python3.8/site-packages/airflow/example_dags/example_setup_teardown_taskflow.py took 1.020 seconds
[2023-12-16T21:07:35.838+0000] {processor.py:157} INFO - Started process (PID=111) to work on /home/airflow/.local/lib/python3.8/site-packages/airflow/example_dags/example_setup_teardown_taskflow.py
[2023-12-16T21:07:35.839+0000] {processor.py:829} INFO - Processing file /home/airflow/.local/lib/python3.8/site-packages/airflow/example_dags/example_setup_teardown_taskflow.py for tasks to queue
[2023-12-16T21:07:35.844+0000] {logging_mixin.py:154} INFO - [2023-12-16T21:07:35.843+0000] {dagbag.py:536} INFO - Filling up the DagBag from /home/airflow/.local/lib/python3.8/site-packages/airflow/example_dags/example_setup_teardown_taskflow.py
[2023-12-16T21:07:35.862+0000] {processor.py:839} INFO - DAG(s) dict_keys(['example_setup_teardown_taskflow']) retrieved from /home/airflow/.local/lib/python3.8/site-packages/airflow/example_dags/example_setup_teardown_taskflow.py
[2023-12-16T21:07:35.901+0000] {logging_mixin.py:154} INFO - [2023-12-16T21:07:35.900+0000] {dag.py:2941} INFO - Sync 1 DAGs
[2023-12-16T21:07:35.942+0000] {logging_mixin.py:154} INFO - [2023-12-16T21:07:35.942+0000] {dag.py:3722} INFO - Setting next_dagrun for example_setup_teardown_taskflow to 2023-12-15T21:07:35.941020+00:00, run_after=2023-12-16T21:07:35.941020+00:00
[2023-12-16T21:07:35.995+0000] {processor.py:179} INFO - Processing /home/airflow/.local/lib/python3.8/site-packages/airflow/example_dags/example_setup_teardown_taskflow.py took 0.162 seconds
[2023-12-16T21:08:06.491+0000] {processor.py:157} INFO - Started process (PID=165) to work on /home/airflow/.local/lib/python3.8/site-packages/airflow/example_dags/example_setup_teardown_taskflow.py
[2023-12-16T21:08:06.513+0000] {processor.py:829} INFO - Processing file /home/airflow/.local/lib/python3.8/site-packages/airflow/example_dags/example_setup_teardown_taskflow.py for tasks to queue
[2023-12-16T21:08:06.524+0000] {logging_mixin.py:154} INFO - [2023-12-16T21:08:06.524+0000] {dagbag.py:536} INFO - Filling up the DagBag from /home/airflow/.local/lib/python3.8/site-packages/airflow/example_dags/example_setup_teardown_taskflow.py
[2023-12-16T21:08:06.582+0000] {processor.py:839} INFO - DAG(s) dict_keys(['example_setup_teardown_taskflow']) retrieved from /home/airflow/.local/lib/python3.8/site-packages/airflow/example_dags/example_setup_teardown_taskflow.py
[2023-12-16T21:08:06.664+0000] {logging_mixin.py:154} INFO - [2023-12-16T21:08:06.663+0000] {dag.py:2941} INFO - Sync 1 DAGs
[2023-12-16T21:08:06.817+0000] {logging_mixin.py:154} INFO - [2023-12-16T21:08:06.816+0000] {dag.py:3722} INFO - Setting next_dagrun for example_setup_teardown_taskflow to 2023-12-15T21:08:06.808069+00:00, run_after=2023-12-16T21:08:06.808069+00:00
[2023-12-16T21:08:06.960+0000] {processor.py:179} INFO - Processing /home/airflow/.local/lib/python3.8/site-packages/airflow/example_dags/example_setup_teardown_taskflow.py took 0.476 seconds
[2023-12-16T21:08:37.905+0000] {processor.py:157} INFO - Started process (PID=219) to work on /home/airflow/.local/lib/python3.8/site-packages/airflow/example_dags/example_setup_teardown_taskflow.py
[2023-12-16T21:08:37.909+0000] {processor.py:829} INFO - Processing file /home/airflow/.local/lib/python3.8/site-packages/airflow/example_dags/example_setup_teardown_taskflow.py for tasks to queue
[2023-12-16T21:08:37.914+0000] {logging_mixin.py:154} INFO - [2023-12-16T21:08:37.914+0000] {dagbag.py:536} INFO - Filling up the DagBag from /home/airflow/.local/lib/python3.8/site-packages/airflow/example_dags/example_setup_teardown_taskflow.py
[2023-12-16T21:08:37.933+0000] {processor.py:839} INFO - DAG(s) dict_keys(['example_setup_teardown_taskflow']) retrieved from /home/airflow/.local/lib/python3.8/site-packages/airflow/example_dags/example_setup_teardown_taskflow.py
[2023-12-16T21:08:37.976+0000] {logging_mixin.py:154} INFO - [2023-12-16T21:08:37.975+0000] {dag.py:2941} INFO - Sync 1 DAGs
[2023-12-16T21:08:38.034+0000] {logging_mixin.py:154} INFO - [2023-12-16T21:08:38.033+0000] {dag.py:3722} INFO - Setting next_dagrun for example_setup_teardown_taskflow to 2023-12-15T21:08:38.033312+00:00, run_after=2023-12-16T21:08:38.033312+00:00
[2023-12-16T21:08:38.090+0000] {processor.py:179} INFO - Processing /home/airflow/.local/lib/python3.8/site-packages/airflow/example_dags/example_setup_teardown_taskflow.py took 0.197 seconds
[2023-12-16T21:09:08.277+0000] {processor.py:157} INFO - Started process (PID=273) to work on /home/airflow/.local/lib/python3.8/site-packages/airflow/example_dags/example_setup_teardown_taskflow.py
[2023-12-16T21:09:08.279+0000] {processor.py:829} INFO - Processing file /home/airflow/.local/lib/python3.8/site-packages/airflow/example_dags/example_setup_teardown_taskflow.py for tasks to queue
[2023-12-16T21:09:08.285+0000] {logging_mixin.py:154} INFO - [2023-12-16T21:09:08.285+0000] {dagbag.py:536} INFO - Filling up the DagBag from /home/airflow/.local/lib/python3.8/site-packages/airflow/example_dags/example_setup_teardown_taskflow.py
[2023-12-16T21:09:08.313+0000] {processor.py:839} INFO - DAG(s) dict_keys(['example_setup_teardown_taskflow']) retrieved from /home/airflow/.local/lib/python3.8/site-packages/airflow/example_dags/example_setup_teardown_taskflow.py
[2023-12-16T21:09:08.361+0000] {logging_mixin.py:154} INFO - [2023-12-16T21:09:08.360+0000] {dag.py:2941} INFO - Sync 1 DAGs
[2023-12-16T21:09:08.466+0000] {logging_mixin.py:154} INFO - [2023-12-16T21:09:08.466+0000] {dag.py:3722} INFO - Setting next_dagrun for example_setup_teardown_taskflow to 2023-12-15T21:09:08.460745+00:00, run_after=2023-12-16T21:09:08.460745+00:00
[2023-12-16T21:09:08.556+0000] {processor.py:179} INFO - Processing /home/airflow/.local/lib/python3.8/site-packages/airflow/example_dags/example_setup_teardown_taskflow.py took 0.289 seconds
[2023-12-16T21:09:38.907+0000] {processor.py:157} INFO - Started process (PID=334) to work on /home/airflow/.local/lib/python3.8/site-packages/airflow/example_dags/example_setup_teardown_taskflow.py
[2023-12-16T21:09:38.912+0000] {processor.py:829} INFO - Processing file /home/airflow/.local/lib/python3.8/site-packages/airflow/example_dags/example_setup_teardown_taskflow.py for tasks to queue
[2023-12-16T21:09:38.918+0000] {logging_mixin.py:154} INFO - [2023-12-16T21:09:38.918+0000] {dagbag.py:536} INFO - Filling up the DagBag from /home/airflow/.local/lib/python3.8/site-packages/airflow/example_dags/example_setup_teardown_taskflow.py
[2023-12-16T21:09:38.936+0000] {processor.py:839} INFO - DAG(s) dict_keys(['example_setup_teardown_taskflow']) retrieved from /home/airflow/.local/lib/python3.8/site-packages/airflow/example_dags/example_setup_teardown_taskflow.py
[2023-12-16T21:09:38.998+0000] {logging_mixin.py:154} INFO - [2023-12-16T21:09:38.997+0000] {dag.py:2941} INFO - Sync 1 DAGs
[2023-12-16T21:09:39.060+0000] {logging_mixin.py:154} INFO - [2023-12-16T21:09:39.059+0000] {dag.py:3722} INFO - Setting next_dagrun for example_setup_teardown_taskflow to 2023-12-15T21:09:39.059442+00:00, run_after=2023-12-16T21:09:39.059442+00:00
[2023-12-16T21:09:39.120+0000] {processor.py:179} INFO - Processing /home/airflow/.local/lib/python3.8/site-packages/airflow/example_dags/example_setup_teardown_taskflow.py took 0.222 seconds
[2023-12-16T21:10:10.318+0000] {processor.py:157} INFO - Started process (PID=388) to work on /home/airflow/.local/lib/python3.8/site-packages/airflow/example_dags/example_setup_teardown_taskflow.py
[2023-12-16T21:10:10.322+0000] {processor.py:829} INFO - Processing file /home/airflow/.local/lib/python3.8/site-packages/airflow/example_dags/example_setup_teardown_taskflow.py for tasks to queue
[2023-12-16T21:10:10.327+0000] {logging_mixin.py:154} INFO - [2023-12-16T21:10:10.327+0000] {dagbag.py:536} INFO - Filling up the DagBag from /home/airflow/.local/lib/python3.8/site-packages/airflow/example_dags/example_setup_teardown_taskflow.py
[2023-12-16T21:10:10.387+0000] {processor.py:839} INFO - DAG(s) dict_keys(['example_setup_teardown_taskflow']) retrieved from /home/airflow/.local/lib/python3.8/site-packages/airflow/example_dags/example_setup_teardown_taskflow.py
[2023-12-16T21:10:10.481+0000] {logging_mixin.py:154} INFO - [2023-12-16T21:10:10.480+0000] {dag.py:2941} INFO - Sync 1 DAGs
[2023-12-16T21:10:10.547+0000] {logging_mixin.py:154} INFO - [2023-12-16T21:10:10.546+0000] {dag.py:3722} INFO - Setting next_dagrun for example_setup_teardown_taskflow to 2023-12-15T21:10:10.545057+00:00, run_after=2023-12-16T21:10:10.545057+00:00
[2023-12-16T21:10:10.622+0000] {processor.py:179} INFO - Processing /home/airflow/.local/lib/python3.8/site-packages/airflow/example_dags/example_setup_teardown_taskflow.py took 0.320 seconds
[2023-12-16T21:10:41.493+0000] {processor.py:157} INFO - Started process (PID=443) to work on /home/airflow/.local/lib/python3.8/site-packages/airflow/example_dags/example_setup_teardown_taskflow.py
[2023-12-16T21:10:41.496+0000] {processor.py:829} INFO - Processing file /home/airflow/.local/lib/python3.8/site-packages/airflow/example_dags/example_setup_teardown_taskflow.py for tasks to queue
[2023-12-16T21:10:41.502+0000] {logging_mixin.py:154} INFO - [2023-12-16T21:10:41.501+0000] {dagbag.py:536} INFO - Filling up the DagBag from /home/airflow/.local/lib/python3.8/site-packages/airflow/example_dags/example_setup_teardown_taskflow.py
[2023-12-16T21:10:41.525+0000] {processor.py:839} INFO - DAG(s) dict_keys(['example_setup_teardown_taskflow']) retrieved from /home/airflow/.local/lib/python3.8/site-packages/airflow/example_dags/example_setup_teardown_taskflow.py
[2023-12-16T21:10:41.564+0000] {logging_mixin.py:154} INFO - [2023-12-16T21:10:41.564+0000] {dag.py:2941} INFO - Sync 1 DAGs
[2023-12-16T21:10:41.618+0000] {logging_mixin.py:154} INFO - [2023-12-16T21:10:41.618+0000] {dag.py:3722} INFO - Setting next_dagrun for example_setup_teardown_taskflow to 2023-12-15T21:10:41.618272+00:00, run_after=2023-12-16T21:10:41.618272+00:00
[2023-12-16T21:10:41.653+0000] {processor.py:179} INFO - Processing /home/airflow/.local/lib/python3.8/site-packages/airflow/example_dags/example_setup_teardown_taskflow.py took 0.167 seconds
[2023-12-16T21:11:12.164+0000] {processor.py:157} INFO - Started process (PID=496) to work on /home/airflow/.local/lib/python3.8/site-packages/airflow/example_dags/example_setup_teardown_taskflow.py
[2023-12-16T21:11:12.166+0000] {processor.py:829} INFO - Processing file /home/airflow/.local/lib/python3.8/site-packages/airflow/example_dags/example_setup_teardown_taskflow.py for tasks to queue
[2023-12-16T21:11:12.172+0000] {logging_mixin.py:154} INFO - [2023-12-16T21:11:12.171+0000] {dagbag.py:536} INFO - Filling up the DagBag from /home/airflow/.local/lib/python3.8/site-packages/airflow/example_dags/example_setup_teardown_taskflow.py
[2023-12-16T21:11:12.196+0000] {processor.py:839} INFO - DAG(s) dict_keys(['example_setup_teardown_taskflow']) retrieved from /home/airflow/.local/lib/python3.8/site-packages/airflow/example_dags/example_setup_teardown_taskflow.py
[2023-12-16T21:11:12.236+0000] {logging_mixin.py:154} INFO - [2023-12-16T21:11:12.236+0000] {dag.py:2941} INFO - Sync 1 DAGs
[2023-12-16T21:11:12.281+0000] {logging_mixin.py:154} INFO - [2023-12-16T21:11:12.280+0000] {dag.py:3722} INFO - Setting next_dagrun for example_setup_teardown_taskflow to 2023-12-15T21:11:12.280381+00:00, run_after=2023-12-16T21:11:12.280381+00:00
[2023-12-16T21:11:12.317+0000] {processor.py:179} INFO - Processing /home/airflow/.local/lib/python3.8/site-packages/airflow/example_dags/example_setup_teardown_taskflow.py took 0.158 seconds
[2023-12-16T21:11:43.179+0000] {processor.py:157} INFO - Started process (PID=550) to work on /home/airflow/.local/lib/python3.8/site-packages/airflow/example_dags/example_setup_teardown_taskflow.py
[2023-12-16T21:11:43.191+0000] {processor.py:829} INFO - Processing file /home/airflow/.local/lib/python3.8/site-packages/airflow/example_dags/example_setup_teardown_taskflow.py for tasks to queue
[2023-12-16T21:11:43.198+0000] {logging_mixin.py:154} INFO - [2023-12-16T21:11:43.197+0000] {dagbag.py:536} INFO - Filling up the DagBag from /home/airflow/.local/lib/python3.8/site-packages/airflow/example_dags/example_setup_teardown_taskflow.py
[2023-12-16T21:11:43.224+0000] {processor.py:839} INFO - DAG(s) dict_keys(['example_setup_teardown_taskflow']) retrieved from /home/airflow/.local/lib/python3.8/site-packages/airflow/example_dags/example_setup_teardown_taskflow.py
[2023-12-16T21:11:43.299+0000] {logging_mixin.py:154} INFO - [2023-12-16T21:11:43.299+0000] {dag.py:2941} INFO - Sync 1 DAGs
[2023-12-16T21:11:43.400+0000] {logging_mixin.py:154} INFO - [2023-12-16T21:11:43.399+0000] {dag.py:3722} INFO - Setting next_dagrun for example_setup_teardown_taskflow to 2023-12-15T21:11:43.398524+00:00, run_after=2023-12-16T21:11:43.398524+00:00
[2023-12-16T21:11:43.451+0000] {processor.py:179} INFO - Processing /home/airflow/.local/lib/python3.8/site-packages/airflow/example_dags/example_setup_teardown_taskflow.py took 0.280 seconds
[2023-12-16T21:12:14.385+0000] {processor.py:157} INFO - Started process (PID=604) to work on /home/airflow/.local/lib/python3.8/site-packages/airflow/example_dags/example_setup_teardown_taskflow.py
[2023-12-16T21:12:14.387+0000] {processor.py:829} INFO - Processing file /home/airflow/.local/lib/python3.8/site-packages/airflow/example_dags/example_setup_teardown_taskflow.py for tasks to queue
[2023-12-16T21:12:14.392+0000] {logging_mixin.py:154} INFO - [2023-12-16T21:12:14.391+0000] {dagbag.py:536} INFO - Filling up the DagBag from /home/airflow/.local/lib/python3.8/site-packages/airflow/example_dags/example_setup_teardown_taskflow.py
[2023-12-16T21:12:14.409+0000] {processor.py:839} INFO - DAG(s) dict_keys(['example_setup_teardown_taskflow']) retrieved from /home/airflow/.local/lib/python3.8/site-packages/airflow/example_dags/example_setup_teardown_taskflow.py
[2023-12-16T21:12:14.464+0000] {logging_mixin.py:154} INFO - [2023-12-16T21:12:14.464+0000] {dag.py:2941} INFO - Sync 1 DAGs
[2023-12-16T21:12:14.511+0000] {logging_mixin.py:154} INFO - [2023-12-16T21:12:14.511+0000] {dag.py:3722} INFO - Setting next_dagrun for example_setup_teardown_taskflow to 2023-12-15T21:12:14.510521+00:00, run_after=2023-12-16T21:12:14.510521+00:00
[2023-12-16T21:12:14.554+0000] {processor.py:179} INFO - Processing /home/airflow/.local/lib/python3.8/site-packages/airflow/example_dags/example_setup_teardown_taskflow.py took 0.177 seconds
[2023-12-16T21:12:45.296+0000] {processor.py:157} INFO - Started process (PID=658) to work on /home/airflow/.local/lib/python3.8/site-packages/airflow/example_dags/example_setup_teardown_taskflow.py
[2023-12-16T21:12:45.304+0000] {processor.py:829} INFO - Processing file /home/airflow/.local/lib/python3.8/site-packages/airflow/example_dags/example_setup_teardown_taskflow.py for tasks to queue
[2023-12-16T21:12:45.316+0000] {logging_mixin.py:154} INFO - [2023-12-16T21:12:45.315+0000] {dagbag.py:536} INFO - Filling up the DagBag from /home/airflow/.local/lib/python3.8/site-packages/airflow/example_dags/example_setup_teardown_taskflow.py
[2023-12-16T21:12:45.366+0000] {processor.py:839} INFO - DAG(s) dict_keys(['example_setup_teardown_taskflow']) retrieved from /home/airflow/.local/lib/python3.8/site-packages/airflow/example_dags/example_setup_teardown_taskflow.py
[2023-12-16T21:12:45.436+0000] {logging_mixin.py:154} INFO - [2023-12-16T21:12:45.436+0000] {dag.py:2941} INFO - Sync 1 DAGs
[2023-12-16T21:12:45.523+0000] {logging_mixin.py:154} INFO - [2023-12-16T21:12:45.523+0000] {dag.py:3722} INFO - Setting next_dagrun for example_setup_teardown_taskflow to 2023-12-15T21:12:45.522591+00:00, run_after=2023-12-16T21:12:45.522591+00:00
[2023-12-16T21:12:45.582+0000] {processor.py:179} INFO - Processing /home/airflow/.local/lib/python3.8/site-packages/airflow/example_dags/example_setup_teardown_taskflow.py took 0.298 seconds
