[2023-12-16T19:21:58.694+0000] {processor.py:157} INFO - Started process (PID=55) to work on /home/airflow/.local/lib/python3.8/site-packages/airflow/example_dags/example_branch_python_dop_operator_3.py
[2023-12-16T19:21:58.704+0000] {processor.py:829} INFO - Processing file /home/airflow/.local/lib/python3.8/site-packages/airflow/example_dags/example_branch_python_dop_operator_3.py for tasks to queue
[2023-12-16T19:21:58.738+0000] {logging_mixin.py:154} INFO - [2023-12-16T19:21:58.736+0000] {dagbag.py:536} INFO - Filling up the DagBag from /home/airflow/.local/lib/python3.8/site-packages/airflow/example_dags/example_branch_python_dop_operator_3.py
[2023-12-16T19:21:58.803+0000] {processor.py:839} INFO - DAG(s) dict_keys(['example_branch_dop_operator_v3']) retrieved from /home/airflow/.local/lib/python3.8/site-packages/airflow/example_dags/example_branch_python_dop_operator_3.py
[2023-12-16T19:21:58.910+0000] {logging_mixin.py:154} INFO - [2023-12-16T19:21:58.909+0000] {dag.py:2941} INFO - Sync 1 DAGs
[2023-12-16T19:21:59.188+0000] {logging_mixin.py:154} INFO - [2023-12-16T19:21:59.187+0000] {dag.py:3722} INFO - Setting next_dagrun for example_branch_dop_operator_v3 to 2023-12-16T19:20:00+00:00, run_after=2023-12-16T19:21:00+00:00
[2023-12-16T19:21:59.338+0000] {processor.py:179} INFO - Processing /home/airflow/.local/lib/python3.8/site-packages/airflow/example_dags/example_branch_python_dop_operator_3.py took 0.683 seconds
[2023-12-16T19:23:20.120+0000] {processor.py:157} INFO - Started process (PID=108) to work on /home/airflow/.local/lib/python3.8/site-packages/airflow/example_dags/example_branch_python_dop_operator_3.py
[2023-12-16T19:23:20.122+0000] {processor.py:829} INFO - Processing file /home/airflow/.local/lib/python3.8/site-packages/airflow/example_dags/example_branch_python_dop_operator_3.py for tasks to queue
[2023-12-16T19:23:20.135+0000] {logging_mixin.py:154} INFO - [2023-12-16T19:23:20.135+0000] {dagbag.py:536} INFO - Filling up the DagBag from /home/airflow/.local/lib/python3.8/site-packages/airflow/example_dags/example_branch_python_dop_operator_3.py
[2023-12-16T19:23:20.220+0000] {processor.py:839} INFO - DAG(s) dict_keys(['example_branch_dop_operator_v3']) retrieved from /home/airflow/.local/lib/python3.8/site-packages/airflow/example_dags/example_branch_python_dop_operator_3.py
[2023-12-16T19:23:20.355+0000] {logging_mixin.py:154} INFO - [2023-12-16T19:23:20.354+0000] {dag.py:2941} INFO - Sync 1 DAGs
[2023-12-16T19:23:20.536+0000] {logging_mixin.py:154} INFO - [2023-12-16T19:23:20.536+0000] {dag.py:3722} INFO - Setting next_dagrun for example_branch_dop_operator_v3 to 2023-12-16T19:22:00+00:00, run_after=2023-12-16T19:23:00+00:00
[2023-12-16T19:23:20.653+0000] {processor.py:179} INFO - Processing /home/airflow/.local/lib/python3.8/site-packages/airflow/example_dags/example_branch_python_dop_operator_3.py took 0.583 seconds
[2023-12-16T19:23:51.829+0000] {processor.py:157} INFO - Started process (PID=166) to work on /home/airflow/.local/lib/python3.8/site-packages/airflow/example_dags/example_branch_python_dop_operator_3.py
[2023-12-16T19:23:51.832+0000] {processor.py:829} INFO - Processing file /home/airflow/.local/lib/python3.8/site-packages/airflow/example_dags/example_branch_python_dop_operator_3.py for tasks to queue
[2023-12-16T19:23:51.838+0000] {logging_mixin.py:154} INFO - [2023-12-16T19:23:51.837+0000] {dagbag.py:536} INFO - Filling up the DagBag from /home/airflow/.local/lib/python3.8/site-packages/airflow/example_dags/example_branch_python_dop_operator_3.py
[2023-12-16T19:23:51.877+0000] {processor.py:839} INFO - DAG(s) dict_keys(['example_branch_dop_operator_v3']) retrieved from /home/airflow/.local/lib/python3.8/site-packages/airflow/example_dags/example_branch_python_dop_operator_3.py
[2023-12-16T19:23:51.960+0000] {logging_mixin.py:154} INFO - [2023-12-16T19:23:51.958+0000] {dag.py:2941} INFO - Sync 1 DAGs
[2023-12-16T19:23:52.112+0000] {logging_mixin.py:154} INFO - [2023-12-16T19:23:52.111+0000] {dag.py:3722} INFO - Setting next_dagrun for example_branch_dop_operator_v3 to 2023-12-16T19:22:00+00:00, run_after=2023-12-16T19:23:00+00:00
[2023-12-16T19:23:52.166+0000] {processor.py:179} INFO - Processing /home/airflow/.local/lib/python3.8/site-packages/airflow/example_dags/example_branch_python_dop_operator_3.py took 0.346 seconds
[2023-12-16T19:35:45.596+0000] {processor.py:157} INFO - Started process (PID=62) to work on /home/airflow/.local/lib/python3.8/site-packages/airflow/example_dags/example_branch_python_dop_operator_3.py
[2023-12-16T19:35:45.613+0000] {processor.py:829} INFO - Processing file /home/airflow/.local/lib/python3.8/site-packages/airflow/example_dags/example_branch_python_dop_operator_3.py for tasks to queue
[2023-12-16T19:35:45.624+0000] {logging_mixin.py:154} INFO - [2023-12-16T19:35:45.623+0000] {dagbag.py:536} INFO - Filling up the DagBag from /home/airflow/.local/lib/python3.8/site-packages/airflow/example_dags/example_branch_python_dop_operator_3.py
[2023-12-16T19:35:45.730+0000] {processor.py:839} INFO - DAG(s) dict_keys(['example_branch_dop_operator_v3']) retrieved from /home/airflow/.local/lib/python3.8/site-packages/airflow/example_dags/example_branch_python_dop_operator_3.py
[2023-12-16T19:35:45.944+0000] {logging_mixin.py:154} INFO - [2023-12-16T19:35:45.944+0000] {dag.py:2941} INFO - Sync 1 DAGs
[2023-12-16T19:35:46.277+0000] {logging_mixin.py:154} INFO - [2023-12-16T19:35:46.276+0000] {dag.py:3722} INFO - Setting next_dagrun for example_branch_dop_operator_v3 to 2023-12-16T19:34:00+00:00, run_after=2023-12-16T19:35:00+00:00
[2023-12-16T19:35:46.636+0000] {processor.py:179} INFO - Processing /home/airflow/.local/lib/python3.8/site-packages/airflow/example_dags/example_branch_python_dop_operator_3.py took 1.053 seconds
[2023-12-16T19:36:38.151+0000] {processor.py:157} INFO - Started process (PID=115) to work on /home/airflow/.local/lib/python3.8/site-packages/airflow/example_dags/example_branch_python_dop_operator_3.py
[2023-12-16T19:36:38.163+0000] {processor.py:829} INFO - Processing file /home/airflow/.local/lib/python3.8/site-packages/airflow/example_dags/example_branch_python_dop_operator_3.py for tasks to queue
[2023-12-16T19:36:38.176+0000] {logging_mixin.py:154} INFO - [2023-12-16T19:36:38.176+0000] {dagbag.py:536} INFO - Filling up the DagBag from /home/airflow/.local/lib/python3.8/site-packages/airflow/example_dags/example_branch_python_dop_operator_3.py
[2023-12-16T19:36:38.229+0000] {processor.py:839} INFO - DAG(s) dict_keys(['example_branch_dop_operator_v3']) retrieved from /home/airflow/.local/lib/python3.8/site-packages/airflow/example_dags/example_branch_python_dop_operator_3.py
[2023-12-16T19:36:38.324+0000] {logging_mixin.py:154} INFO - [2023-12-16T19:36:38.323+0000] {dag.py:2941} INFO - Sync 1 DAGs
[2023-12-16T19:36:38.482+0000] {logging_mixin.py:154} INFO - [2023-12-16T19:36:38.482+0000] {dag.py:3722} INFO - Setting next_dagrun for example_branch_dop_operator_v3 to 2023-12-16T19:35:00+00:00, run_after=2023-12-16T19:36:00+00:00
[2023-12-16T19:36:38.572+0000] {processor.py:179} INFO - Processing /home/airflow/.local/lib/python3.8/site-packages/airflow/example_dags/example_branch_python_dop_operator_3.py took 0.429 seconds
[2023-12-16T19:37:09.110+0000] {processor.py:157} INFO - Started process (PID=167) to work on /home/airflow/.local/lib/python3.8/site-packages/airflow/example_dags/example_branch_python_dop_operator_3.py
[2023-12-16T19:37:09.127+0000] {processor.py:829} INFO - Processing file /home/airflow/.local/lib/python3.8/site-packages/airflow/example_dags/example_branch_python_dop_operator_3.py for tasks to queue
[2023-12-16T19:37:09.181+0000] {logging_mixin.py:154} INFO - [2023-12-16T19:37:09.181+0000] {dagbag.py:536} INFO - Filling up the DagBag from /home/airflow/.local/lib/python3.8/site-packages/airflow/example_dags/example_branch_python_dop_operator_3.py
[2023-12-16T19:37:09.256+0000] {processor.py:839} INFO - DAG(s) dict_keys(['example_branch_dop_operator_v3']) retrieved from /home/airflow/.local/lib/python3.8/site-packages/airflow/example_dags/example_branch_python_dop_operator_3.py
[2023-12-16T19:37:09.614+0000] {logging_mixin.py:154} INFO - [2023-12-16T19:37:09.613+0000] {dag.py:2941} INFO - Sync 1 DAGs
[2023-12-16T19:37:10.048+0000] {logging_mixin.py:154} INFO - [2023-12-16T19:37:10.047+0000] {dag.py:3722} INFO - Setting next_dagrun for example_branch_dop_operator_v3 to 2023-12-16T19:36:00+00:00, run_after=2023-12-16T19:37:00+00:00
[2023-12-16T19:37:10.174+0000] {processor.py:179} INFO - Processing /home/airflow/.local/lib/python3.8/site-packages/airflow/example_dags/example_branch_python_dop_operator_3.py took 1.079 seconds
[2023-12-16T19:38:13.937+0000] {processor.py:157} INFO - Started process (PID=228) to work on /home/airflow/.local/lib/python3.8/site-packages/airflow/example_dags/example_branch_python_dop_operator_3.py
[2023-12-16T19:38:13.952+0000] {processor.py:829} INFO - Processing file /home/airflow/.local/lib/python3.8/site-packages/airflow/example_dags/example_branch_python_dop_operator_3.py for tasks to queue
[2023-12-16T19:38:14.015+0000] {logging_mixin.py:154} INFO - [2023-12-16T19:38:14.015+0000] {dagbag.py:536} INFO - Filling up the DagBag from /home/airflow/.local/lib/python3.8/site-packages/airflow/example_dags/example_branch_python_dop_operator_3.py
[2023-12-16T19:38:14.200+0000] {processor.py:839} INFO - DAG(s) dict_keys(['example_branch_dop_operator_v3']) retrieved from /home/airflow/.local/lib/python3.8/site-packages/airflow/example_dags/example_branch_python_dop_operator_3.py
[2023-12-16T19:38:14.763+0000] {logging_mixin.py:154} INFO - [2023-12-16T19:38:14.763+0000] {dag.py:2941} INFO - Sync 1 DAGs
[2023-12-16T19:38:15.916+0000] {logging_mixin.py:154} INFO - [2023-12-16T19:38:15.915+0000] {dag.py:3722} INFO - Setting next_dagrun for example_branch_dop_operator_v3 to 2023-12-16T19:37:00+00:00, run_after=2023-12-16T19:38:00+00:00
[2023-12-16T19:38:16.476+0000] {processor.py:179} INFO - Processing /home/airflow/.local/lib/python3.8/site-packages/airflow/example_dags/example_branch_python_dop_operator_3.py took 2.563 seconds
[2023-12-16T19:43:34.311+0000] {processor.py:157} INFO - Started process (PID=61) to work on /home/airflow/.local/lib/python3.8/site-packages/airflow/example_dags/example_branch_python_dop_operator_3.py
[2023-12-16T19:43:34.328+0000] {processor.py:829} INFO - Processing file /home/airflow/.local/lib/python3.8/site-packages/airflow/example_dags/example_branch_python_dop_operator_3.py for tasks to queue
[2023-12-16T19:43:34.414+0000] {logging_mixin.py:154} INFO - [2023-12-16T19:43:34.342+0000] {dagbag.py:536} INFO - Filling up the DagBag from /home/airflow/.local/lib/python3.8/site-packages/airflow/example_dags/example_branch_python_dop_operator_3.py
[2023-12-16T19:43:36.247+0000] {processor.py:839} INFO - DAG(s) dict_keys(['example_branch_dop_operator_v3']) retrieved from /home/airflow/.local/lib/python3.8/site-packages/airflow/example_dags/example_branch_python_dop_operator_3.py
[2023-12-16T19:43:37.587+0000] {logging_mixin.py:154} INFO - [2023-12-16T19:43:37.584+0000] {dag.py:2941} INFO - Sync 1 DAGs
[2023-12-16T19:43:38.296+0000] {logging_mixin.py:154} INFO - [2023-12-16T19:43:38.289+0000] {dag.py:3722} INFO - Setting next_dagrun for example_branch_dop_operator_v3 to 2023-12-16T19:42:00+00:00, run_after=2023-12-16T19:43:00+00:00
[2023-12-16T19:43:38.486+0000] {processor.py:179} INFO - Processing /home/airflow/.local/lib/python3.8/site-packages/airflow/example_dags/example_branch_python_dop_operator_3.py took 4.406 seconds
[2023-12-16T19:44:23.984+0000] {processor.py:157} INFO - Started process (PID=115) to work on /home/airflow/.local/lib/python3.8/site-packages/airflow/example_dags/example_branch_python_dop_operator_3.py
[2023-12-16T19:44:23.990+0000] {processor.py:829} INFO - Processing file /home/airflow/.local/lib/python3.8/site-packages/airflow/example_dags/example_branch_python_dop_operator_3.py for tasks to queue
[2023-12-16T19:44:24.004+0000] {logging_mixin.py:154} INFO - [2023-12-16T19:44:24.003+0000] {dagbag.py:536} INFO - Filling up the DagBag from /home/airflow/.local/lib/python3.8/site-packages/airflow/example_dags/example_branch_python_dop_operator_3.py
[2023-12-16T19:44:24.116+0000] {processor.py:839} INFO - DAG(s) dict_keys(['example_branch_dop_operator_v3']) retrieved from /home/airflow/.local/lib/python3.8/site-packages/airflow/example_dags/example_branch_python_dop_operator_3.py
[2023-12-16T19:44:24.416+0000] {logging_mixin.py:154} INFO - [2023-12-16T19:44:24.413+0000] {dag.py:2941} INFO - Sync 1 DAGs
[2023-12-16T19:44:24.767+0000] {logging_mixin.py:154} INFO - [2023-12-16T19:44:24.765+0000] {dag.py:3722} INFO - Setting next_dagrun for example_branch_dop_operator_v3 to 2023-12-16T19:43:00+00:00, run_after=2023-12-16T19:44:00+00:00
[2023-12-16T19:44:25.025+0000] {processor.py:179} INFO - Processing /home/airflow/.local/lib/python3.8/site-packages/airflow/example_dags/example_branch_python_dop_operator_3.py took 1.069 seconds
[2023-12-16T19:44:57.374+0000] {processor.py:157} INFO - Started process (PID=167) to work on /home/airflow/.local/lib/python3.8/site-packages/airflow/example_dags/example_branch_python_dop_operator_3.py
[2023-12-16T19:44:57.394+0000] {processor.py:829} INFO - Processing file /home/airflow/.local/lib/python3.8/site-packages/airflow/example_dags/example_branch_python_dop_operator_3.py for tasks to queue
[2023-12-16T19:44:57.397+0000] {logging_mixin.py:154} INFO - [2023-12-16T19:44:57.396+0000] {dagbag.py:536} INFO - Filling up the DagBag from /home/airflow/.local/lib/python3.8/site-packages/airflow/example_dags/example_branch_python_dop_operator_3.py
[2023-12-16T19:44:57.451+0000] {processor.py:839} INFO - DAG(s) dict_keys(['example_branch_dop_operator_v3']) retrieved from /home/airflow/.local/lib/python3.8/site-packages/airflow/example_dags/example_branch_python_dop_operator_3.py
[2023-12-16T19:44:57.745+0000] {logging_mixin.py:154} INFO - [2023-12-16T19:44:57.744+0000] {dag.py:2941} INFO - Sync 1 DAGs
[2023-12-16T19:44:58.218+0000] {logging_mixin.py:154} INFO - [2023-12-16T19:44:58.217+0000] {dag.py:3722} INFO - Setting next_dagrun for example_branch_dop_operator_v3 to 2023-12-16T19:43:00+00:00, run_after=2023-12-16T19:44:00+00:00
[2023-12-16T19:44:58.526+0000] {processor.py:179} INFO - Processing /home/airflow/.local/lib/python3.8/site-packages/airflow/example_dags/example_branch_python_dop_operator_3.py took 1.184 seconds
[2023-12-16T19:45:32.740+0000] {processor.py:157} INFO - Started process (PID=220) to work on /home/airflow/.local/lib/python3.8/site-packages/airflow/example_dags/example_branch_python_dop_operator_3.py
[2023-12-16T19:45:32.797+0000] {processor.py:829} INFO - Processing file /home/airflow/.local/lib/python3.8/site-packages/airflow/example_dags/example_branch_python_dop_operator_3.py for tasks to queue
[2023-12-16T19:45:32.826+0000] {logging_mixin.py:154} INFO - [2023-12-16T19:45:32.821+0000] {dagbag.py:536} INFO - Filling up the DagBag from /home/airflow/.local/lib/python3.8/site-packages/airflow/example_dags/example_branch_python_dop_operator_3.py
[2023-12-16T19:45:32.882+0000] {processor.py:839} INFO - DAG(s) dict_keys(['example_branch_dop_operator_v3']) retrieved from /home/airflow/.local/lib/python3.8/site-packages/airflow/example_dags/example_branch_python_dop_operator_3.py
[2023-12-16T19:45:33.062+0000] {logging_mixin.py:154} INFO - [2023-12-16T19:45:33.062+0000] {dag.py:2941} INFO - Sync 1 DAGs
[2023-12-16T19:45:33.191+0000] {logging_mixin.py:154} INFO - [2023-12-16T19:45:33.191+0000] {dag.py:3722} INFO - Setting next_dagrun for example_branch_dop_operator_v3 to 2023-12-16T19:44:00+00:00, run_after=2023-12-16T19:45:00+00:00
[2023-12-16T19:45:33.343+0000] {processor.py:179} INFO - Processing /home/airflow/.local/lib/python3.8/site-packages/airflow/example_dags/example_branch_python_dop_operator_3.py took 0.713 seconds
[2023-12-16T20:04:40.679+0000] {processor.py:157} INFO - Started process (PID=124) to work on /home/airflow/.local/lib/python3.8/site-packages/airflow/example_dags/example_branch_python_dop_operator_3.py
[2023-12-16T20:04:40.711+0000] {processor.py:829} INFO - Processing file /home/airflow/.local/lib/python3.8/site-packages/airflow/example_dags/example_branch_python_dop_operator_3.py for tasks to queue
[2023-12-16T20:04:40.735+0000] {logging_mixin.py:154} INFO - [2023-12-16T20:04:40.734+0000] {dagbag.py:536} INFO - Filling up the DagBag from /home/airflow/.local/lib/python3.8/site-packages/airflow/example_dags/example_branch_python_dop_operator_3.py
[2023-12-16T20:04:40.849+0000] {processor.py:839} INFO - DAG(s) dict_keys(['example_branch_dop_operator_v3']) retrieved from /home/airflow/.local/lib/python3.8/site-packages/airflow/example_dags/example_branch_python_dop_operator_3.py
[2023-12-16T20:04:40.991+0000] {logging_mixin.py:154} INFO - [2023-12-16T20:04:40.991+0000] {dag.py:2941} INFO - Sync 1 DAGs
[2023-12-16T20:04:41.142+0000] {logging_mixin.py:154} INFO - [2023-12-16T20:04:41.141+0000] {dag.py:3722} INFO - Setting next_dagrun for example_branch_dop_operator_v3 to 2023-12-16T20:03:00+00:00, run_after=2023-12-16T20:04:00+00:00
[2023-12-16T20:04:41.269+0000] {processor.py:179} INFO - Processing /home/airflow/.local/lib/python3.8/site-packages/airflow/example_dags/example_branch_python_dop_operator_3.py took 0.641 seconds
[2023-12-16T20:05:13.372+0000] {processor.py:157} INFO - Started process (PID=193) to work on /home/airflow/.local/lib/python3.8/site-packages/airflow/example_dags/example_branch_python_dop_operator_3.py
[2023-12-16T20:05:13.375+0000] {processor.py:829} INFO - Processing file /home/airflow/.local/lib/python3.8/site-packages/airflow/example_dags/example_branch_python_dop_operator_3.py for tasks to queue
[2023-12-16T20:05:13.385+0000] {logging_mixin.py:154} INFO - [2023-12-16T20:05:13.384+0000] {dagbag.py:536} INFO - Filling up the DagBag from /home/airflow/.local/lib/python3.8/site-packages/airflow/example_dags/example_branch_python_dop_operator_3.py
[2023-12-16T20:05:13.427+0000] {processor.py:839} INFO - DAG(s) dict_keys(['example_branch_dop_operator_v3']) retrieved from /home/airflow/.local/lib/python3.8/site-packages/airflow/example_dags/example_branch_python_dop_operator_3.py
[2023-12-16T20:05:13.507+0000] {logging_mixin.py:154} INFO - [2023-12-16T20:05:13.506+0000] {dag.py:2941} INFO - Sync 1 DAGs
[2023-12-16T20:05:13.694+0000] {logging_mixin.py:154} INFO - [2023-12-16T20:05:13.693+0000] {dag.py:3722} INFO - Setting next_dagrun for example_branch_dop_operator_v3 to 2023-12-16T20:04:00+00:00, run_after=2023-12-16T20:05:00+00:00
[2023-12-16T20:05:14.607+0000] {processor.py:179} INFO - Processing /home/airflow/.local/lib/python3.8/site-packages/airflow/example_dags/example_branch_python_dop_operator_3.py took 1.254 seconds
[2023-12-16T20:05:44.797+0000] {processor.py:157} INFO - Started process (PID=261) to work on /home/airflow/.local/lib/python3.8/site-packages/airflow/example_dags/example_branch_python_dop_operator_3.py
[2023-12-16T20:05:44.805+0000] {processor.py:829} INFO - Processing file /home/airflow/.local/lib/python3.8/site-packages/airflow/example_dags/example_branch_python_dop_operator_3.py for tasks to queue
[2023-12-16T20:05:44.827+0000] {logging_mixin.py:154} INFO - [2023-12-16T20:05:44.825+0000] {dagbag.py:536} INFO - Filling up the DagBag from /home/airflow/.local/lib/python3.8/site-packages/airflow/example_dags/example_branch_python_dop_operator_3.py
[2023-12-16T20:05:44.887+0000] {processor.py:839} INFO - DAG(s) dict_keys(['example_branch_dop_operator_v3']) retrieved from /home/airflow/.local/lib/python3.8/site-packages/airflow/example_dags/example_branch_python_dop_operator_3.py
[2023-12-16T20:05:44.996+0000] {logging_mixin.py:154} INFO - [2023-12-16T20:05:44.995+0000] {dag.py:2941} INFO - Sync 1 DAGs
[2023-12-16T20:05:45.239+0000] {logging_mixin.py:154} INFO - [2023-12-16T20:05:45.236+0000] {dag.py:3722} INFO - Setting next_dagrun for example_branch_dop_operator_v3 to 2023-12-16T20:04:00+00:00, run_after=2023-12-16T20:05:00+00:00
[2023-12-16T20:05:45.390+0000] {processor.py:179} INFO - Processing /home/airflow/.local/lib/python3.8/site-packages/airflow/example_dags/example_branch_python_dop_operator_3.py took 0.625 seconds
[2023-12-16T20:20:38.326+0000] {processor.py:157} INFO - Started process (PID=56) to work on /home/airflow/.local/lib/python3.8/site-packages/airflow/example_dags/example_branch_python_dop_operator_3.py
[2023-12-16T20:20:38.339+0000] {processor.py:829} INFO - Processing file /home/airflow/.local/lib/python3.8/site-packages/airflow/example_dags/example_branch_python_dop_operator_3.py for tasks to queue
[2023-12-16T20:20:38.407+0000] {logging_mixin.py:154} INFO - [2023-12-16T20:20:38.407+0000] {dagbag.py:536} INFO - Filling up the DagBag from /home/airflow/.local/lib/python3.8/site-packages/airflow/example_dags/example_branch_python_dop_operator_3.py
[2023-12-16T20:20:38.710+0000] {processor.py:839} INFO - DAG(s) dict_keys(['example_branch_dop_operator_v3']) retrieved from /home/airflow/.local/lib/python3.8/site-packages/airflow/example_dags/example_branch_python_dop_operator_3.py
[2023-12-16T20:20:39.063+0000] {logging_mixin.py:154} INFO - [2023-12-16T20:20:39.063+0000] {dag.py:2941} INFO - Sync 1 DAGs
[2023-12-16T20:20:39.458+0000] {logging_mixin.py:154} INFO - [2023-12-16T20:20:39.457+0000] {dag.py:3722} INFO - Setting next_dagrun for example_branch_dop_operator_v3 to 2023-12-16T20:19:00+00:00, run_after=2023-12-16T20:20:00+00:00
[2023-12-16T20:20:40.049+0000] {processor.py:179} INFO - Processing /home/airflow/.local/lib/python3.8/site-packages/airflow/example_dags/example_branch_python_dop_operator_3.py took 1.822 seconds
[2023-12-16T20:21:16.440+0000] {processor.py:157} INFO - Started process (PID=109) to work on /home/airflow/.local/lib/python3.8/site-packages/airflow/example_dags/example_branch_python_dop_operator_3.py
[2023-12-16T20:21:16.466+0000] {processor.py:829} INFO - Processing file /home/airflow/.local/lib/python3.8/site-packages/airflow/example_dags/example_branch_python_dop_operator_3.py for tasks to queue
[2023-12-16T20:21:16.488+0000] {logging_mixin.py:154} INFO - [2023-12-16T20:21:16.483+0000] {dagbag.py:536} INFO - Filling up the DagBag from /home/airflow/.local/lib/python3.8/site-packages/airflow/example_dags/example_branch_python_dop_operator_3.py
[2023-12-16T20:21:16.581+0000] {processor.py:839} INFO - DAG(s) dict_keys(['example_branch_dop_operator_v3']) retrieved from /home/airflow/.local/lib/python3.8/site-packages/airflow/example_dags/example_branch_python_dop_operator_3.py
[2023-12-16T20:21:16.713+0000] {logging_mixin.py:154} INFO - [2023-12-16T20:21:16.712+0000] {dag.py:2941} INFO - Sync 1 DAGs
[2023-12-16T20:21:16.936+0000] {logging_mixin.py:154} INFO - [2023-12-16T20:21:16.936+0000] {dag.py:3722} INFO - Setting next_dagrun for example_branch_dop_operator_v3 to 2023-12-16T20:20:00+00:00, run_after=2023-12-16T20:21:00+00:00
[2023-12-16T20:21:17.061+0000] {processor.py:179} INFO - Processing /home/airflow/.local/lib/python3.8/site-packages/airflow/example_dags/example_branch_python_dop_operator_3.py took 0.628 seconds
[2023-12-16T20:31:21.050+0000] {processor.py:157} INFO - Started process (PID=57) to work on /home/airflow/.local/lib/python3.8/site-packages/airflow/example_dags/example_branch_python_dop_operator_3.py
[2023-12-16T20:31:21.079+0000] {processor.py:829} INFO - Processing file /home/airflow/.local/lib/python3.8/site-packages/airflow/example_dags/example_branch_python_dop_operator_3.py for tasks to queue
[2023-12-16T20:31:21.097+0000] {logging_mixin.py:154} INFO - [2023-12-16T20:31:21.096+0000] {dagbag.py:536} INFO - Filling up the DagBag from /home/airflow/.local/lib/python3.8/site-packages/airflow/example_dags/example_branch_python_dop_operator_3.py
[2023-12-16T20:31:21.232+0000] {processor.py:839} INFO - DAG(s) dict_keys(['example_branch_dop_operator_v3']) retrieved from /home/airflow/.local/lib/python3.8/site-packages/airflow/example_dags/example_branch_python_dop_operator_3.py
[2023-12-16T20:31:21.439+0000] {logging_mixin.py:154} INFO - [2023-12-16T20:31:21.439+0000] {dag.py:2941} INFO - Sync 1 DAGs
[2023-12-16T20:31:21.853+0000] {logging_mixin.py:154} INFO - [2023-12-16T20:31:21.853+0000] {dag.py:3722} INFO - Setting next_dagrun for example_branch_dop_operator_v3 to 2023-12-16T20:30:00+00:00, run_after=2023-12-16T20:31:00+00:00
[2023-12-16T20:31:22.082+0000] {processor.py:179} INFO - Processing /home/airflow/.local/lib/python3.8/site-packages/airflow/example_dags/example_branch_python_dop_operator_3.py took 1.079 seconds
[2023-12-16T20:31:52.328+0000] {processor.py:157} INFO - Started process (PID=111) to work on /home/airflow/.local/lib/python3.8/site-packages/airflow/example_dags/example_branch_python_dop_operator_3.py
[2023-12-16T20:31:52.337+0000] {processor.py:829} INFO - Processing file /home/airflow/.local/lib/python3.8/site-packages/airflow/example_dags/example_branch_python_dop_operator_3.py for tasks to queue
[2023-12-16T20:31:52.347+0000] {logging_mixin.py:154} INFO - [2023-12-16T20:31:52.346+0000] {dagbag.py:536} INFO - Filling up the DagBag from /home/airflow/.local/lib/python3.8/site-packages/airflow/example_dags/example_branch_python_dop_operator_3.py
[2023-12-16T20:31:52.379+0000] {processor.py:839} INFO - DAG(s) dict_keys(['example_branch_dop_operator_v3']) retrieved from /home/airflow/.local/lib/python3.8/site-packages/airflow/example_dags/example_branch_python_dop_operator_3.py
[2023-12-16T20:31:52.452+0000] {logging_mixin.py:154} INFO - [2023-12-16T20:31:52.450+0000] {dag.py:2941} INFO - Sync 1 DAGs
[2023-12-16T20:31:52.561+0000] {logging_mixin.py:154} INFO - [2023-12-16T20:31:52.551+0000] {dag.py:3722} INFO - Setting next_dagrun for example_branch_dop_operator_v3 to 2023-12-16T20:30:00+00:00, run_after=2023-12-16T20:31:00+00:00
[2023-12-16T20:31:52.667+0000] {processor.py:179} INFO - Processing /home/airflow/.local/lib/python3.8/site-packages/airflow/example_dags/example_branch_python_dop_operator_3.py took 0.348 seconds
[2023-12-16T20:32:23.657+0000] {processor.py:157} INFO - Started process (PID=164) to work on /home/airflow/.local/lib/python3.8/site-packages/airflow/example_dags/example_branch_python_dop_operator_3.py
[2023-12-16T20:32:23.661+0000] {processor.py:829} INFO - Processing file /home/airflow/.local/lib/python3.8/site-packages/airflow/example_dags/example_branch_python_dop_operator_3.py for tasks to queue
[2023-12-16T20:32:23.675+0000] {logging_mixin.py:154} INFO - [2023-12-16T20:32:23.675+0000] {dagbag.py:536} INFO - Filling up the DagBag from /home/airflow/.local/lib/python3.8/site-packages/airflow/example_dags/example_branch_python_dop_operator_3.py
[2023-12-16T20:32:23.718+0000] {processor.py:839} INFO - DAG(s) dict_keys(['example_branch_dop_operator_v3']) retrieved from /home/airflow/.local/lib/python3.8/site-packages/airflow/example_dags/example_branch_python_dop_operator_3.py
[2023-12-16T20:32:23.793+0000] {logging_mixin.py:154} INFO - [2023-12-16T20:32:23.792+0000] {dag.py:2941} INFO - Sync 1 DAGs
[2023-12-16T20:32:23.874+0000] {logging_mixin.py:154} INFO - [2023-12-16T20:32:23.874+0000] {dag.py:3722} INFO - Setting next_dagrun for example_branch_dop_operator_v3 to 2023-12-16T20:31:00+00:00, run_after=2023-12-16T20:32:00+00:00
[2023-12-16T20:32:23.967+0000] {processor.py:179} INFO - Processing /home/airflow/.local/lib/python3.8/site-packages/airflow/example_dags/example_branch_python_dop_operator_3.py took 0.320 seconds
[2023-12-16T20:34:27.534+0000] {processor.py:157} INFO - Started process (PID=49) to work on /home/airflow/.local/lib/python3.8/site-packages/airflow/example_dags/example_branch_python_dop_operator_3.py
[2023-12-16T20:34:27.537+0000] {processor.py:829} INFO - Processing file /home/airflow/.local/lib/python3.8/site-packages/airflow/example_dags/example_branch_python_dop_operator_3.py for tasks to queue
[2023-12-16T20:34:27.544+0000] {logging_mixin.py:154} INFO - [2023-12-16T20:34:27.544+0000] {dagbag.py:536} INFO - Filling up the DagBag from /home/airflow/.local/lib/python3.8/site-packages/airflow/example_dags/example_branch_python_dop_operator_3.py
[2023-12-16T20:34:27.582+0000] {processor.py:839} INFO - DAG(s) dict_keys(['example_branch_dop_operator_v3']) retrieved from /home/airflow/.local/lib/python3.8/site-packages/airflow/example_dags/example_branch_python_dop_operator_3.py
[2023-12-16T20:34:27.733+0000] {logging_mixin.py:154} INFO - [2023-12-16T20:34:27.732+0000] {dag.py:2941} INFO - Sync 1 DAGs
[2023-12-16T20:34:27.849+0000] {logging_mixin.py:154} INFO - [2023-12-16T20:34:27.848+0000] {dag.py:3722} INFO - Setting next_dagrun for example_branch_dop_operator_v3 to 2023-12-16T20:33:00+00:00, run_after=2023-12-16T20:34:00+00:00
[2023-12-16T20:34:27.931+0000] {processor.py:179} INFO - Processing /home/airflow/.local/lib/python3.8/site-packages/airflow/example_dags/example_branch_python_dop_operator_3.py took 0.408 seconds
[2023-12-16T20:34:58.637+0000] {processor.py:157} INFO - Started process (PID=101) to work on /home/airflow/.local/lib/python3.8/site-packages/airflow/example_dags/example_branch_python_dop_operator_3.py
[2023-12-16T20:34:58.645+0000] {processor.py:829} INFO - Processing file /home/airflow/.local/lib/python3.8/site-packages/airflow/example_dags/example_branch_python_dop_operator_3.py for tasks to queue
[2023-12-16T20:34:58.652+0000] {logging_mixin.py:154} INFO - [2023-12-16T20:34:58.650+0000] {dagbag.py:536} INFO - Filling up the DagBag from /home/airflow/.local/lib/python3.8/site-packages/airflow/example_dags/example_branch_python_dop_operator_3.py
[2023-12-16T20:34:58.678+0000] {processor.py:839} INFO - DAG(s) dict_keys(['example_branch_dop_operator_v3']) retrieved from /home/airflow/.local/lib/python3.8/site-packages/airflow/example_dags/example_branch_python_dop_operator_3.py
[2023-12-16T20:34:58.740+0000] {logging_mixin.py:154} INFO - [2023-12-16T20:34:58.739+0000] {dag.py:2941} INFO - Sync 1 DAGs
[2023-12-16T20:34:58.851+0000] {logging_mixin.py:154} INFO - [2023-12-16T20:34:58.850+0000] {dag.py:3722} INFO - Setting next_dagrun for example_branch_dop_operator_v3 to 2023-12-16T20:33:00+00:00, run_after=2023-12-16T20:34:00+00:00
[2023-12-16T20:34:58.939+0000] {processor.py:179} INFO - Processing /home/airflow/.local/lib/python3.8/site-packages/airflow/example_dags/example_branch_python_dop_operator_3.py took 0.313 seconds
[2023-12-16T21:00:52.714+0000] {processor.py:157} INFO - Started process (PID=56) to work on /home/airflow/.local/lib/python3.8/site-packages/airflow/example_dags/example_branch_python_dop_operator_3.py
[2023-12-16T21:00:52.731+0000] {processor.py:829} INFO - Processing file /home/airflow/.local/lib/python3.8/site-packages/airflow/example_dags/example_branch_python_dop_operator_3.py for tasks to queue
[2023-12-16T21:00:52.739+0000] {logging_mixin.py:154} INFO - [2023-12-16T21:00:52.739+0000] {dagbag.py:536} INFO - Filling up the DagBag from /home/airflow/.local/lib/python3.8/site-packages/airflow/example_dags/example_branch_python_dop_operator_3.py
[2023-12-16T21:00:52.790+0000] {processor.py:839} INFO - DAG(s) dict_keys(['example_branch_dop_operator_v3']) retrieved from /home/airflow/.local/lib/python3.8/site-packages/airflow/example_dags/example_branch_python_dop_operator_3.py
[2023-12-16T21:00:52.940+0000] {logging_mixin.py:154} INFO - [2023-12-16T21:00:52.939+0000] {dag.py:2941} INFO - Sync 1 DAGs
[2023-12-16T21:00:54.292+0000] {logging_mixin.py:154} INFO - [2023-12-16T21:00:54.291+0000] {dag.py:3722} INFO - Setting next_dagrun for example_branch_dop_operator_v3 to 2023-12-16T20:59:00+00:00, run_after=2023-12-16T21:00:00+00:00
[2023-12-16T21:00:54.846+0000] {processor.py:179} INFO - Processing /home/airflow/.local/lib/python3.8/site-packages/airflow/example_dags/example_branch_python_dop_operator_3.py took 2.159 seconds
[2023-12-16T21:01:25.172+0000] {processor.py:157} INFO - Started process (PID=110) to work on /home/airflow/.local/lib/python3.8/site-packages/airflow/example_dags/example_branch_python_dop_operator_3.py
[2023-12-16T21:01:25.190+0000] {processor.py:829} INFO - Processing file /home/airflow/.local/lib/python3.8/site-packages/airflow/example_dags/example_branch_python_dop_operator_3.py for tasks to queue
[2023-12-16T21:01:25.202+0000] {logging_mixin.py:154} INFO - [2023-12-16T21:01:25.201+0000] {dagbag.py:536} INFO - Filling up the DagBag from /home/airflow/.local/lib/python3.8/site-packages/airflow/example_dags/example_branch_python_dop_operator_3.py
[2023-12-16T21:01:25.276+0000] {processor.py:839} INFO - DAG(s) dict_keys(['example_branch_dop_operator_v3']) retrieved from /home/airflow/.local/lib/python3.8/site-packages/airflow/example_dags/example_branch_python_dop_operator_3.py
[2023-12-16T21:01:25.555+0000] {logging_mixin.py:154} INFO - [2023-12-16T21:01:25.555+0000] {dag.py:2941} INFO - Sync 1 DAGs
[2023-12-16T21:01:25.729+0000] {logging_mixin.py:154} INFO - [2023-12-16T21:01:25.729+0000] {dag.py:3722} INFO - Setting next_dagrun for example_branch_dop_operator_v3 to 2023-12-16T21:00:00+00:00, run_after=2023-12-16T21:01:00+00:00
[2023-12-16T21:01:25.804+0000] {processor.py:179} INFO - Processing /home/airflow/.local/lib/python3.8/site-packages/airflow/example_dags/example_branch_python_dop_operator_3.py took 0.651 seconds
[2023-12-16T21:01:56.226+0000] {processor.py:157} INFO - Started process (PID=164) to work on /home/airflow/.local/lib/python3.8/site-packages/airflow/example_dags/example_branch_python_dop_operator_3.py
[2023-12-16T21:01:56.230+0000] {processor.py:829} INFO - Processing file /home/airflow/.local/lib/python3.8/site-packages/airflow/example_dags/example_branch_python_dop_operator_3.py for tasks to queue
[2023-12-16T21:01:56.236+0000] {logging_mixin.py:154} INFO - [2023-12-16T21:01:56.235+0000] {dagbag.py:536} INFO - Filling up the DagBag from /home/airflow/.local/lib/python3.8/site-packages/airflow/example_dags/example_branch_python_dop_operator_3.py
[2023-12-16T21:01:56.254+0000] {processor.py:839} INFO - DAG(s) dict_keys(['example_branch_dop_operator_v3']) retrieved from /home/airflow/.local/lib/python3.8/site-packages/airflow/example_dags/example_branch_python_dop_operator_3.py
[2023-12-16T21:01:56.302+0000] {logging_mixin.py:154} INFO - [2023-12-16T21:01:56.301+0000] {dag.py:2941} INFO - Sync 1 DAGs
[2023-12-16T21:01:56.382+0000] {logging_mixin.py:154} INFO - [2023-12-16T21:01:56.382+0000] {dag.py:3722} INFO - Setting next_dagrun for example_branch_dop_operator_v3 to 2023-12-16T21:00:00+00:00, run_after=2023-12-16T21:01:00+00:00
[2023-12-16T21:01:56.419+0000] {processor.py:179} INFO - Processing /home/airflow/.local/lib/python3.8/site-packages/airflow/example_dags/example_branch_python_dop_operator_3.py took 0.200 seconds
[2023-12-16T21:07:01.674+0000] {processor.py:157} INFO - Started process (PID=50) to work on /home/airflow/.local/lib/python3.8/site-packages/airflow/example_dags/example_branch_python_dop_operator_3.py
[2023-12-16T21:07:01.684+0000] {processor.py:829} INFO - Processing file /home/airflow/.local/lib/python3.8/site-packages/airflow/example_dags/example_branch_python_dop_operator_3.py for tasks to queue
[2023-12-16T21:07:01.696+0000] {logging_mixin.py:154} INFO - [2023-12-16T21:07:01.695+0000] {dagbag.py:536} INFO - Filling up the DagBag from /home/airflow/.local/lib/python3.8/site-packages/airflow/example_dags/example_branch_python_dop_operator_3.py
[2023-12-16T21:07:01.755+0000] {processor.py:839} INFO - DAG(s) dict_keys(['example_branch_dop_operator_v3']) retrieved from /home/airflow/.local/lib/python3.8/site-packages/airflow/example_dags/example_branch_python_dop_operator_3.py
[2023-12-16T21:07:01.861+0000] {logging_mixin.py:154} INFO - [2023-12-16T21:07:01.861+0000] {dag.py:2941} INFO - Sync 1 DAGs
[2023-12-16T21:07:02.039+0000] {logging_mixin.py:154} INFO - [2023-12-16T21:07:02.038+0000] {dag.py:3722} INFO - Setting next_dagrun for example_branch_dop_operator_v3 to 2023-12-16T21:06:00+00:00, run_after=2023-12-16T21:07:00+00:00
[2023-12-16T21:07:02.143+0000] {processor.py:179} INFO - Processing /home/airflow/.local/lib/python3.8/site-packages/airflow/example_dags/example_branch_python_dop_operator_3.py took 0.476 seconds
[2023-12-16T21:07:32.463+0000] {processor.py:157} INFO - Started process (PID=104) to work on /home/airflow/.local/lib/python3.8/site-packages/airflow/example_dags/example_branch_python_dop_operator_3.py
[2023-12-16T21:07:32.481+0000] {processor.py:829} INFO - Processing file /home/airflow/.local/lib/python3.8/site-packages/airflow/example_dags/example_branch_python_dop_operator_3.py for tasks to queue
[2023-12-16T21:07:32.491+0000] {logging_mixin.py:154} INFO - [2023-12-16T21:07:32.486+0000] {dagbag.py:536} INFO - Filling up the DagBag from /home/airflow/.local/lib/python3.8/site-packages/airflow/example_dags/example_branch_python_dop_operator_3.py
[2023-12-16T21:07:32.540+0000] {processor.py:839} INFO - DAG(s) dict_keys(['example_branch_dop_operator_v3']) retrieved from /home/airflow/.local/lib/python3.8/site-packages/airflow/example_dags/example_branch_python_dop_operator_3.py
[2023-12-16T21:07:32.583+0000] {logging_mixin.py:154} INFO - [2023-12-16T21:07:32.583+0000] {dag.py:2941} INFO - Sync 1 DAGs
[2023-12-16T21:07:32.635+0000] {logging_mixin.py:154} INFO - [2023-12-16T21:07:32.634+0000] {dag.py:3722} INFO - Setting next_dagrun for example_branch_dop_operator_v3 to 2023-12-16T21:06:00+00:00, run_after=2023-12-16T21:07:00+00:00
[2023-12-16T21:07:32.670+0000] {processor.py:179} INFO - Processing /home/airflow/.local/lib/python3.8/site-packages/airflow/example_dags/example_branch_python_dop_operator_3.py took 0.214 seconds
[2023-12-16T21:08:03.235+0000] {processor.py:157} INFO - Started process (PID=158) to work on /home/airflow/.local/lib/python3.8/site-packages/airflow/example_dags/example_branch_python_dop_operator_3.py
[2023-12-16T21:08:03.237+0000] {processor.py:829} INFO - Processing file /home/airflow/.local/lib/python3.8/site-packages/airflow/example_dags/example_branch_python_dop_operator_3.py for tasks to queue
[2023-12-16T21:08:03.240+0000] {logging_mixin.py:154} INFO - [2023-12-16T21:08:03.240+0000] {dagbag.py:536} INFO - Filling up the DagBag from /home/airflow/.local/lib/python3.8/site-packages/airflow/example_dags/example_branch_python_dop_operator_3.py
[2023-12-16T21:08:03.257+0000] {processor.py:839} INFO - DAG(s) dict_keys(['example_branch_dop_operator_v3']) retrieved from /home/airflow/.local/lib/python3.8/site-packages/airflow/example_dags/example_branch_python_dop_operator_3.py
[2023-12-16T21:08:03.293+0000] {logging_mixin.py:154} INFO - [2023-12-16T21:08:03.292+0000] {dag.py:2941} INFO - Sync 1 DAGs
[2023-12-16T21:08:03.351+0000] {logging_mixin.py:154} INFO - [2023-12-16T21:08:03.351+0000] {dag.py:3722} INFO - Setting next_dagrun for example_branch_dop_operator_v3 to 2023-12-16T21:07:00+00:00, run_after=2023-12-16T21:08:00+00:00
[2023-12-16T21:08:03.386+0000] {processor.py:179} INFO - Processing /home/airflow/.local/lib/python3.8/site-packages/airflow/example_dags/example_branch_python_dop_operator_3.py took 0.159 seconds
[2023-12-16T21:08:35.680+0000] {processor.py:157} INFO - Started process (PID=212) to work on /home/airflow/.local/lib/python3.8/site-packages/airflow/example_dags/example_branch_python_dop_operator_3.py
[2023-12-16T21:08:35.683+0000] {processor.py:829} INFO - Processing file /home/airflow/.local/lib/python3.8/site-packages/airflow/example_dags/example_branch_python_dop_operator_3.py for tasks to queue
[2023-12-16T21:08:35.698+0000] {logging_mixin.py:154} INFO - [2023-12-16T21:08:35.697+0000] {dagbag.py:536} INFO - Filling up the DagBag from /home/airflow/.local/lib/python3.8/site-packages/airflow/example_dags/example_branch_python_dop_operator_3.py
[2023-12-16T21:08:35.722+0000] {processor.py:839} INFO - DAG(s) dict_keys(['example_branch_dop_operator_v3']) retrieved from /home/airflow/.local/lib/python3.8/site-packages/airflow/example_dags/example_branch_python_dop_operator_3.py
[2023-12-16T21:08:35.778+0000] {logging_mixin.py:154} INFO - [2023-12-16T21:08:35.778+0000] {dag.py:2941} INFO - Sync 1 DAGs
[2023-12-16T21:08:35.877+0000] {logging_mixin.py:154} INFO - [2023-12-16T21:08:35.877+0000] {dag.py:3722} INFO - Setting next_dagrun for example_branch_dop_operator_v3 to 2023-12-16T21:07:00+00:00, run_after=2023-12-16T21:08:00+00:00
[2023-12-16T21:08:35.922+0000] {processor.py:179} INFO - Processing /home/airflow/.local/lib/python3.8/site-packages/airflow/example_dags/example_branch_python_dop_operator_3.py took 0.260 seconds
[2023-12-16T21:09:06.088+0000] {processor.py:157} INFO - Started process (PID=265) to work on /home/airflow/.local/lib/python3.8/site-packages/airflow/example_dags/example_branch_python_dop_operator_3.py
[2023-12-16T21:09:06.090+0000] {processor.py:829} INFO - Processing file /home/airflow/.local/lib/python3.8/site-packages/airflow/example_dags/example_branch_python_dop_operator_3.py for tasks to queue
[2023-12-16T21:09:06.096+0000] {logging_mixin.py:154} INFO - [2023-12-16T21:09:06.095+0000] {dagbag.py:536} INFO - Filling up the DagBag from /home/airflow/.local/lib/python3.8/site-packages/airflow/example_dags/example_branch_python_dop_operator_3.py
[2023-12-16T21:09:06.120+0000] {processor.py:839} INFO - DAG(s) dict_keys(['example_branch_dop_operator_v3']) retrieved from /home/airflow/.local/lib/python3.8/site-packages/airflow/example_dags/example_branch_python_dop_operator_3.py
[2023-12-16T21:09:06.163+0000] {logging_mixin.py:154} INFO - [2023-12-16T21:09:06.163+0000] {dag.py:2941} INFO - Sync 1 DAGs
[2023-12-16T21:09:06.236+0000] {logging_mixin.py:154} INFO - [2023-12-16T21:09:06.235+0000] {dag.py:3722} INFO - Setting next_dagrun for example_branch_dop_operator_v3 to 2023-12-16T21:08:00+00:00, run_after=2023-12-16T21:09:00+00:00
[2023-12-16T21:09:06.292+0000] {processor.py:179} INFO - Processing /home/airflow/.local/lib/python3.8/site-packages/airflow/example_dags/example_branch_python_dop_operator_3.py took 0.211 seconds
[2023-12-16T21:09:36.918+0000] {processor.py:157} INFO - Started process (PID=319) to work on /home/airflow/.local/lib/python3.8/site-packages/airflow/example_dags/example_branch_python_dop_operator_3.py
[2023-12-16T21:09:36.920+0000] {processor.py:829} INFO - Processing file /home/airflow/.local/lib/python3.8/site-packages/airflow/example_dags/example_branch_python_dop_operator_3.py for tasks to queue
[2023-12-16T21:09:36.925+0000] {logging_mixin.py:154} INFO - [2023-12-16T21:09:36.925+0000] {dagbag.py:536} INFO - Filling up the DagBag from /home/airflow/.local/lib/python3.8/site-packages/airflow/example_dags/example_branch_python_dop_operator_3.py
[2023-12-16T21:09:36.943+0000] {processor.py:839} INFO - DAG(s) dict_keys(['example_branch_dop_operator_v3']) retrieved from /home/airflow/.local/lib/python3.8/site-packages/airflow/example_dags/example_branch_python_dop_operator_3.py
[2023-12-16T21:09:36.985+0000] {logging_mixin.py:154} INFO - [2023-12-16T21:09:36.984+0000] {dag.py:2941} INFO - Sync 1 DAGs
[2023-12-16T21:09:37.045+0000] {logging_mixin.py:154} INFO - [2023-12-16T21:09:37.045+0000] {dag.py:3722} INFO - Setting next_dagrun for example_branch_dop_operator_v3 to 2023-12-16T21:08:00+00:00, run_after=2023-12-16T21:09:00+00:00
[2023-12-16T21:09:37.117+0000] {processor.py:179} INFO - Processing /home/airflow/.local/lib/python3.8/site-packages/airflow/example_dags/example_branch_python_dop_operator_3.py took 0.205 seconds
[2023-12-16T21:10:07.842+0000] {processor.py:157} INFO - Started process (PID=373) to work on /home/airflow/.local/lib/python3.8/site-packages/airflow/example_dags/example_branch_python_dop_operator_3.py
[2023-12-16T21:10:07.845+0000] {processor.py:829} INFO - Processing file /home/airflow/.local/lib/python3.8/site-packages/airflow/example_dags/example_branch_python_dop_operator_3.py for tasks to queue
[2023-12-16T21:10:07.850+0000] {logging_mixin.py:154} INFO - [2023-12-16T21:10:07.849+0000] {dagbag.py:536} INFO - Filling up the DagBag from /home/airflow/.local/lib/python3.8/site-packages/airflow/example_dags/example_branch_python_dop_operator_3.py
[2023-12-16T21:10:07.882+0000] {processor.py:839} INFO - DAG(s) dict_keys(['example_branch_dop_operator_v3']) retrieved from /home/airflow/.local/lib/python3.8/site-packages/airflow/example_dags/example_branch_python_dop_operator_3.py
[2023-12-16T21:10:07.936+0000] {logging_mixin.py:154} INFO - [2023-12-16T21:10:07.935+0000] {dag.py:2941} INFO - Sync 1 DAGs
[2023-12-16T21:10:08.007+0000] {logging_mixin.py:154} INFO - [2023-12-16T21:10:08.007+0000] {dag.py:3722} INFO - Setting next_dagrun for example_branch_dop_operator_v3 to 2023-12-16T21:09:00+00:00, run_after=2023-12-16T21:10:00+00:00
[2023-12-16T21:10:08.063+0000] {processor.py:179} INFO - Processing /home/airflow/.local/lib/python3.8/site-packages/airflow/example_dags/example_branch_python_dop_operator_3.py took 0.227 seconds
[2023-12-16T21:10:38.434+0000] {processor.py:157} INFO - Started process (PID=427) to work on /home/airflow/.local/lib/python3.8/site-packages/airflow/example_dags/example_branch_python_dop_operator_3.py
[2023-12-16T21:10:38.437+0000] {processor.py:829} INFO - Processing file /home/airflow/.local/lib/python3.8/site-packages/airflow/example_dags/example_branch_python_dop_operator_3.py for tasks to queue
[2023-12-16T21:10:38.443+0000] {logging_mixin.py:154} INFO - [2023-12-16T21:10:38.442+0000] {dagbag.py:536} INFO - Filling up the DagBag from /home/airflow/.local/lib/python3.8/site-packages/airflow/example_dags/example_branch_python_dop_operator_3.py
[2023-12-16T21:10:38.460+0000] {processor.py:839} INFO - DAG(s) dict_keys(['example_branch_dop_operator_v3']) retrieved from /home/airflow/.local/lib/python3.8/site-packages/airflow/example_dags/example_branch_python_dop_operator_3.py
[2023-12-16T21:10:38.513+0000] {logging_mixin.py:154} INFO - [2023-12-16T21:10:38.513+0000] {dag.py:2941} INFO - Sync 1 DAGs
[2023-12-16T21:10:38.568+0000] {logging_mixin.py:154} INFO - [2023-12-16T21:10:38.568+0000] {dag.py:3722} INFO - Setting next_dagrun for example_branch_dop_operator_v3 to 2023-12-16T21:09:00+00:00, run_after=2023-12-16T21:10:00+00:00
[2023-12-16T21:10:38.610+0000] {processor.py:179} INFO - Processing /home/airflow/.local/lib/python3.8/site-packages/airflow/example_dags/example_branch_python_dop_operator_3.py took 0.181 seconds
[2023-12-16T21:11:08.971+0000] {processor.py:157} INFO - Started process (PID=482) to work on /home/airflow/.local/lib/python3.8/site-packages/airflow/example_dags/example_branch_python_dop_operator_3.py
[2023-12-16T21:11:08.974+0000] {processor.py:829} INFO - Processing file /home/airflow/.local/lib/python3.8/site-packages/airflow/example_dags/example_branch_python_dop_operator_3.py for tasks to queue
[2023-12-16T21:11:08.979+0000] {logging_mixin.py:154} INFO - [2023-12-16T21:11:08.978+0000] {dagbag.py:536} INFO - Filling up the DagBag from /home/airflow/.local/lib/python3.8/site-packages/airflow/example_dags/example_branch_python_dop_operator_3.py
[2023-12-16T21:11:08.993+0000] {processor.py:839} INFO - DAG(s) dict_keys(['example_branch_dop_operator_v3']) retrieved from /home/airflow/.local/lib/python3.8/site-packages/airflow/example_dags/example_branch_python_dop_operator_3.py
[2023-12-16T21:11:09.134+0000] {logging_mixin.py:154} INFO - [2023-12-16T21:11:09.133+0000] {dag.py:2941} INFO - Sync 1 DAGs
[2023-12-16T21:11:09.288+0000] {logging_mixin.py:154} INFO - [2023-12-16T21:11:09.287+0000] {dag.py:3722} INFO - Setting next_dagrun for example_branch_dop_operator_v3 to 2023-12-16T21:10:00+00:00, run_after=2023-12-16T21:11:00+00:00
[2023-12-16T21:11:09.365+0000] {processor.py:179} INFO - Processing /home/airflow/.local/lib/python3.8/site-packages/airflow/example_dags/example_branch_python_dop_operator_3.py took 0.405 seconds
[2023-12-16T21:11:39.784+0000] {processor.py:157} INFO - Started process (PID=543) to work on /home/airflow/.local/lib/python3.8/site-packages/airflow/example_dags/example_branch_python_dop_operator_3.py
[2023-12-16T21:11:39.786+0000] {processor.py:829} INFO - Processing file /home/airflow/.local/lib/python3.8/site-packages/airflow/example_dags/example_branch_python_dop_operator_3.py for tasks to queue
[2023-12-16T21:11:39.793+0000] {logging_mixin.py:154} INFO - [2023-12-16T21:11:39.792+0000] {dagbag.py:536} INFO - Filling up the DagBag from /home/airflow/.local/lib/python3.8/site-packages/airflow/example_dags/example_branch_python_dop_operator_3.py
[2023-12-16T21:11:39.814+0000] {processor.py:839} INFO - DAG(s) dict_keys(['example_branch_dop_operator_v3']) retrieved from /home/airflow/.local/lib/python3.8/site-packages/airflow/example_dags/example_branch_python_dop_operator_3.py
[2023-12-16T21:11:39.863+0000] {logging_mixin.py:154} INFO - [2023-12-16T21:11:39.862+0000] {dag.py:2941} INFO - Sync 1 DAGs
[2023-12-16T21:11:40.075+0000] {logging_mixin.py:154} INFO - [2023-12-16T21:11:40.075+0000] {dag.py:3722} INFO - Setting next_dagrun for example_branch_dop_operator_v3 to 2023-12-16T21:10:00+00:00, run_after=2023-12-16T21:11:00+00:00
[2023-12-16T21:11:40.177+0000] {processor.py:179} INFO - Processing /home/airflow/.local/lib/python3.8/site-packages/airflow/example_dags/example_branch_python_dop_operator_3.py took 0.402 seconds
[2023-12-16T21:12:10.552+0000] {processor.py:157} INFO - Started process (PID=597) to work on /home/airflow/.local/lib/python3.8/site-packages/airflow/example_dags/example_branch_python_dop_operator_3.py
[2023-12-16T21:12:10.554+0000] {processor.py:829} INFO - Processing file /home/airflow/.local/lib/python3.8/site-packages/airflow/example_dags/example_branch_python_dop_operator_3.py for tasks to queue
[2023-12-16T21:12:10.560+0000] {logging_mixin.py:154} INFO - [2023-12-16T21:12:10.559+0000] {dagbag.py:536} INFO - Filling up the DagBag from /home/airflow/.local/lib/python3.8/site-packages/airflow/example_dags/example_branch_python_dop_operator_3.py
[2023-12-16T21:12:10.584+0000] {processor.py:839} INFO - DAG(s) dict_keys(['example_branch_dop_operator_v3']) retrieved from /home/airflow/.local/lib/python3.8/site-packages/airflow/example_dags/example_branch_python_dop_operator_3.py
[2023-12-16T21:12:10.622+0000] {logging_mixin.py:154} INFO - [2023-12-16T21:12:10.622+0000] {dag.py:2941} INFO - Sync 1 DAGs
[2023-12-16T21:12:10.679+0000] {logging_mixin.py:154} INFO - [2023-12-16T21:12:10.678+0000] {dag.py:3722} INFO - Setting next_dagrun for example_branch_dop_operator_v3 to 2023-12-16T21:11:00+00:00, run_after=2023-12-16T21:12:00+00:00
[2023-12-16T21:12:10.715+0000] {processor.py:179} INFO - Processing /home/airflow/.local/lib/python3.8/site-packages/airflow/example_dags/example_branch_python_dop_operator_3.py took 0.171 seconds
[2023-12-16T21:12:41.453+0000] {processor.py:157} INFO - Started process (PID=651) to work on /home/airflow/.local/lib/python3.8/site-packages/airflow/example_dags/example_branch_python_dop_operator_3.py
[2023-12-16T21:12:41.455+0000] {processor.py:829} INFO - Processing file /home/airflow/.local/lib/python3.8/site-packages/airflow/example_dags/example_branch_python_dop_operator_3.py for tasks to queue
[2023-12-16T21:12:41.460+0000] {logging_mixin.py:154} INFO - [2023-12-16T21:12:41.459+0000] {dagbag.py:536} INFO - Filling up the DagBag from /home/airflow/.local/lib/python3.8/site-packages/airflow/example_dags/example_branch_python_dop_operator_3.py
[2023-12-16T21:12:41.478+0000] {processor.py:839} INFO - DAG(s) dict_keys(['example_branch_dop_operator_v3']) retrieved from /home/airflow/.local/lib/python3.8/site-packages/airflow/example_dags/example_branch_python_dop_operator_3.py
[2023-12-16T21:12:41.516+0000] {logging_mixin.py:154} INFO - [2023-12-16T21:12:41.515+0000] {dag.py:2941} INFO - Sync 1 DAGs
[2023-12-16T21:12:41.571+0000] {logging_mixin.py:154} INFO - [2023-12-16T21:12:41.570+0000] {dag.py:3722} INFO - Setting next_dagrun for example_branch_dop_operator_v3 to 2023-12-16T21:11:00+00:00, run_after=2023-12-16T21:12:00+00:00
[2023-12-16T21:12:41.606+0000] {processor.py:179} INFO - Processing /home/airflow/.local/lib/python3.8/site-packages/airflow/example_dags/example_branch_python_dop_operator_3.py took 0.159 seconds
