[2023-12-16T19:22:51.916+0000] {processor.py:157} INFO - Started process (PID=85) to work on /home/airflow/.local/lib/python3.8/site-packages/airflow/example_dags/example_datasets.py
[2023-12-16T19:22:51.974+0000] {processor.py:829} INFO - Processing file /home/airflow/.local/lib/python3.8/site-packages/airflow/example_dags/example_datasets.py for tasks to queue
[2023-12-16T19:22:52.006+0000] {logging_mixin.py:154} INFO - [2023-12-16T19:22:52.004+0000] {dagbag.py:536} INFO - Filling up the DagBag from /home/airflow/.local/lib/python3.8/site-packages/airflow/example_dags/example_datasets.py
[2023-12-16T19:22:52.393+0000] {processor.py:839} INFO - DAG(s) dict_keys(['dataset_produces_1', 'dataset_consumes_unknown_never_scheduled', 'dataset_produces_2', 'dataset_consumes_1', 'dataset_consumes_1_and_2', 'dataset_consumes_1_never_scheduled']) retrieved from /home/airflow/.local/lib/python3.8/site-packages/airflow/example_dags/example_datasets.py
[2023-12-16T19:22:53.410+0000] {logging_mixin.py:154} INFO - [2023-12-16T19:22:53.408+0000] {dag.py:2941} INFO - Sync 6 DAGs
[2023-12-16T19:22:54.408+0000] {logging_mixin.py:154} INFO - [2023-12-16T19:22:54.408+0000] {dag.py:3722} INFO - Setting next_dagrun for dataset_consumes_1 to None, run_after=None
[2023-12-16T19:22:54.427+0000] {logging_mixin.py:154} INFO - [2023-12-16T19:22:54.426+0000] {dag.py:3722} INFO - Setting next_dagrun for dataset_consumes_1_and_2 to None, run_after=None
[2023-12-16T19:22:54.431+0000] {logging_mixin.py:154} INFO - [2023-12-16T19:22:54.431+0000] {dag.py:3722} INFO - Setting next_dagrun for dataset_consumes_1_never_scheduled to None, run_after=None
[2023-12-16T19:22:54.434+0000] {logging_mixin.py:154} INFO - [2023-12-16T19:22:54.434+0000] {dag.py:3722} INFO - Setting next_dagrun for dataset_consumes_unknown_never_scheduled to None, run_after=None
[2023-12-16T19:22:54.462+0000] {logging_mixin.py:154} INFO - [2023-12-16T19:22:54.461+0000] {dag.py:3722} INFO - Setting next_dagrun for dataset_produces_1 to 2023-12-15T00:00:00+00:00, run_after=2023-12-16T00:00:00+00:00
[2023-12-16T19:22:54.471+0000] {logging_mixin.py:154} INFO - [2023-12-16T19:22:54.471+0000] {dag.py:3722} INFO - Setting next_dagrun for dataset_produces_2 to None, run_after=None
[2023-12-16T19:22:55.036+0000] {processor.py:179} INFO - Processing /home/airflow/.local/lib/python3.8/site-packages/airflow/example_dags/example_datasets.py took 3.194 seconds
[2023-12-16T19:23:31.345+0000] {processor.py:157} INFO - Started process (PID=139) to work on /home/airflow/.local/lib/python3.8/site-packages/airflow/example_dags/example_datasets.py
[2023-12-16T19:23:31.347+0000] {processor.py:829} INFO - Processing file /home/airflow/.local/lib/python3.8/site-packages/airflow/example_dags/example_datasets.py for tasks to queue
[2023-12-16T19:23:31.352+0000] {logging_mixin.py:154} INFO - [2023-12-16T19:23:31.352+0000] {dagbag.py:536} INFO - Filling up the DagBag from /home/airflow/.local/lib/python3.8/site-packages/airflow/example_dags/example_datasets.py
[2023-12-16T19:23:31.376+0000] {processor.py:839} INFO - DAG(s) dict_keys(['dataset_produces_2', 'dataset_produces_1', 'dataset_consumes_unknown_never_scheduled', 'dataset_consumes_1', 'dataset_consumes_1_and_2', 'dataset_consumes_1_never_scheduled']) retrieved from /home/airflow/.local/lib/python3.8/site-packages/airflow/example_dags/example_datasets.py
[2023-12-16T19:23:31.479+0000] {logging_mixin.py:154} INFO - [2023-12-16T19:23:31.479+0000] {dag.py:2941} INFO - Sync 6 DAGs
[2023-12-16T19:23:31.538+0000] {logging_mixin.py:154} INFO - [2023-12-16T19:23:31.537+0000] {dag.py:3722} INFO - Setting next_dagrun for dataset_consumes_1 to None, run_after=None
[2023-12-16T19:23:31.547+0000] {logging_mixin.py:154} INFO - [2023-12-16T19:23:31.547+0000] {dag.py:3722} INFO - Setting next_dagrun for dataset_consumes_1_and_2 to None, run_after=None
[2023-12-16T19:23:31.551+0000] {logging_mixin.py:154} INFO - [2023-12-16T19:23:31.551+0000] {dag.py:3722} INFO - Setting next_dagrun for dataset_consumes_1_never_scheduled to None, run_after=None
[2023-12-16T19:23:31.556+0000] {logging_mixin.py:154} INFO - [2023-12-16T19:23:31.555+0000] {dag.py:3722} INFO - Setting next_dagrun for dataset_consumes_unknown_never_scheduled to None, run_after=None
[2023-12-16T19:23:31.565+0000] {logging_mixin.py:154} INFO - [2023-12-16T19:23:31.565+0000] {dag.py:3722} INFO - Setting next_dagrun for dataset_produces_1 to 2023-12-15T00:00:00+00:00, run_after=2023-12-16T00:00:00+00:00
[2023-12-16T19:23:31.570+0000] {logging_mixin.py:154} INFO - [2023-12-16T19:23:31.570+0000] {dag.py:3722} INFO - Setting next_dagrun for dataset_produces_2 to None, run_after=None
[2023-12-16T19:23:31.673+0000] {processor.py:179} INFO - Processing /home/airflow/.local/lib/python3.8/site-packages/airflow/example_dags/example_datasets.py took 0.334 seconds
[2023-12-16T19:24:03.496+0000] {processor.py:157} INFO - Started process (PID=193) to work on /home/airflow/.local/lib/python3.8/site-packages/airflow/example_dags/example_datasets.py
[2023-12-16T19:24:03.498+0000] {processor.py:829} INFO - Processing file /home/airflow/.local/lib/python3.8/site-packages/airflow/example_dags/example_datasets.py for tasks to queue
[2023-12-16T19:24:03.503+0000] {logging_mixin.py:154} INFO - [2023-12-16T19:24:03.502+0000] {dagbag.py:536} INFO - Filling up the DagBag from /home/airflow/.local/lib/python3.8/site-packages/airflow/example_dags/example_datasets.py
[2023-12-16T19:24:03.537+0000] {processor.py:839} INFO - DAG(s) dict_keys(['dataset_produces_2', 'dataset_consumes_1_and_2', 'dataset_consumes_1', 'dataset_consumes_1_never_scheduled', 'dataset_produces_1', 'dataset_consumes_unknown_never_scheduled']) retrieved from /home/airflow/.local/lib/python3.8/site-packages/airflow/example_dags/example_datasets.py
[2023-12-16T19:24:03.627+0000] {logging_mixin.py:154} INFO - [2023-12-16T19:24:03.626+0000] {dag.py:2941} INFO - Sync 6 DAGs
[2023-12-16T19:24:03.690+0000] {logging_mixin.py:154} INFO - [2023-12-16T19:24:03.689+0000] {dag.py:3722} INFO - Setting next_dagrun for dataset_consumes_1 to None, run_after=None
[2023-12-16T19:24:03.700+0000] {logging_mixin.py:154} INFO - [2023-12-16T19:24:03.700+0000] {dag.py:3722} INFO - Setting next_dagrun for dataset_consumes_1_and_2 to None, run_after=None
[2023-12-16T19:24:03.704+0000] {logging_mixin.py:154} INFO - [2023-12-16T19:24:03.703+0000] {dag.py:3722} INFO - Setting next_dagrun for dataset_consumes_1_never_scheduled to None, run_after=None
[2023-12-16T19:24:03.707+0000] {logging_mixin.py:154} INFO - [2023-12-16T19:24:03.706+0000] {dag.py:3722} INFO - Setting next_dagrun for dataset_consumes_unknown_never_scheduled to None, run_after=None
[2023-12-16T19:24:03.715+0000] {logging_mixin.py:154} INFO - [2023-12-16T19:24:03.715+0000] {dag.py:3722} INFO - Setting next_dagrun for dataset_produces_1 to 2023-12-15T00:00:00+00:00, run_after=2023-12-16T00:00:00+00:00
[2023-12-16T19:24:03.718+0000] {logging_mixin.py:154} INFO - [2023-12-16T19:24:03.718+0000] {dag.py:3722} INFO - Setting next_dagrun for dataset_produces_2 to None, run_after=None
[2023-12-16T19:24:03.778+0000] {processor.py:179} INFO - Processing /home/airflow/.local/lib/python3.8/site-packages/airflow/example_dags/example_datasets.py took 0.289 seconds
[2023-12-16T19:36:04.477+0000] {processor.py:157} INFO - Started process (PID=86) to work on /home/airflow/.local/lib/python3.8/site-packages/airflow/example_dags/example_datasets.py
[2023-12-16T19:36:04.484+0000] {processor.py:829} INFO - Processing file /home/airflow/.local/lib/python3.8/site-packages/airflow/example_dags/example_datasets.py for tasks to queue
[2023-12-16T19:36:04.523+0000] {logging_mixin.py:154} INFO - [2023-12-16T19:36:04.523+0000] {dagbag.py:536} INFO - Filling up the DagBag from /home/airflow/.local/lib/python3.8/site-packages/airflow/example_dags/example_datasets.py
[2023-12-16T19:36:04.719+0000] {processor.py:839} INFO - DAG(s) dict_keys(['dataset_produces_1', 'dataset_produces_2', 'dataset_consumes_unknown_never_scheduled', 'dataset_consumes_1_never_scheduled', 'dataset_consumes_1_and_2', 'dataset_consumes_1']) retrieved from /home/airflow/.local/lib/python3.8/site-packages/airflow/example_dags/example_datasets.py
[2023-12-16T19:36:05.316+0000] {logging_mixin.py:154} INFO - [2023-12-16T19:36:05.315+0000] {dag.py:2941} INFO - Sync 6 DAGs
[2023-12-16T19:36:06.002+0000] {logging_mixin.py:154} INFO - [2023-12-16T19:36:06.002+0000] {dag.py:3722} INFO - Setting next_dagrun for dataset_consumes_1 to None, run_after=None
[2023-12-16T19:36:06.100+0000] {logging_mixin.py:154} INFO - [2023-12-16T19:36:06.051+0000] {dag.py:3722} INFO - Setting next_dagrun for dataset_consumes_1_and_2 to None, run_after=None
[2023-12-16T19:36:06.212+0000] {logging_mixin.py:154} INFO - [2023-12-16T19:36:06.211+0000] {dag.py:3722} INFO - Setting next_dagrun for dataset_consumes_1_never_scheduled to None, run_after=None
[2023-12-16T19:36:06.323+0000] {logging_mixin.py:154} INFO - [2023-12-16T19:36:06.295+0000] {dag.py:3722} INFO - Setting next_dagrun for dataset_consumes_unknown_never_scheduled to None, run_after=None
[2023-12-16T19:36:06.396+0000] {logging_mixin.py:154} INFO - [2023-12-16T19:36:06.395+0000] {dag.py:3722} INFO - Setting next_dagrun for dataset_produces_1 to 2023-12-15T00:00:00+00:00, run_after=2023-12-16T00:00:00+00:00
[2023-12-16T19:36:06.427+0000] {logging_mixin.py:154} INFO - [2023-12-16T19:36:06.426+0000] {dag.py:3722} INFO - Setting next_dagrun for dataset_produces_2 to None, run_after=None
[2023-12-16T19:36:06.990+0000] {processor.py:179} INFO - Processing /home/airflow/.local/lib/python3.8/site-packages/airflow/example_dags/example_datasets.py took 2.535 seconds
[2023-12-16T19:36:55.518+0000] {processor.py:157} INFO - Started process (PID=147) to work on /home/airflow/.local/lib/python3.8/site-packages/airflow/example_dags/example_datasets.py
[2023-12-16T19:36:55.534+0000] {processor.py:829} INFO - Processing file /home/airflow/.local/lib/python3.8/site-packages/airflow/example_dags/example_datasets.py for tasks to queue
[2023-12-16T19:36:55.636+0000] {logging_mixin.py:154} INFO - [2023-12-16T19:36:55.635+0000] {dagbag.py:536} INFO - Filling up the DagBag from /home/airflow/.local/lib/python3.8/site-packages/airflow/example_dags/example_datasets.py
[2023-12-16T19:36:55.813+0000] {processor.py:839} INFO - DAG(s) dict_keys(['dataset_produces_1', 'dataset_consumes_unknown_never_scheduled', 'dataset_produces_2', 'dataset_consumes_1_and_2', 'dataset_consumes_1', 'dataset_consumes_1_never_scheduled']) retrieved from /home/airflow/.local/lib/python3.8/site-packages/airflow/example_dags/example_datasets.py
[2023-12-16T19:36:56.349+0000] {logging_mixin.py:154} INFO - [2023-12-16T19:36:56.340+0000] {dag.py:2941} INFO - Sync 6 DAGs
[2023-12-16T19:36:56.644+0000] {logging_mixin.py:154} INFO - [2023-12-16T19:36:56.644+0000] {dag.py:3722} INFO - Setting next_dagrun for dataset_consumes_1 to None, run_after=None
[2023-12-16T19:36:56.663+0000] {logging_mixin.py:154} INFO - [2023-12-16T19:36:56.662+0000] {dag.py:3722} INFO - Setting next_dagrun for dataset_consumes_1_and_2 to None, run_after=None
[2023-12-16T19:36:56.684+0000] {logging_mixin.py:154} INFO - [2023-12-16T19:36:56.683+0000] {dag.py:3722} INFO - Setting next_dagrun for dataset_consumes_1_never_scheduled to None, run_after=None
[2023-12-16T19:36:56.693+0000] {logging_mixin.py:154} INFO - [2023-12-16T19:36:56.692+0000] {dag.py:3722} INFO - Setting next_dagrun for dataset_consumes_unknown_never_scheduled to None, run_after=None
[2023-12-16T19:36:56.711+0000] {logging_mixin.py:154} INFO - [2023-12-16T19:36:56.711+0000] {dag.py:3722} INFO - Setting next_dagrun for dataset_produces_1 to 2023-12-15T00:00:00+00:00, run_after=2023-12-16T00:00:00+00:00
[2023-12-16T19:36:56.747+0000] {logging_mixin.py:154} INFO - [2023-12-16T19:36:56.746+0000] {dag.py:3722} INFO - Setting next_dagrun for dataset_produces_2 to None, run_after=None
[2023-12-16T19:36:57.168+0000] {processor.py:179} INFO - Processing /home/airflow/.local/lib/python3.8/site-packages/airflow/example_dags/example_datasets.py took 1.693 seconds
[2023-12-16T19:37:55.699+0000] {processor.py:157} INFO - Started process (PID=217) to work on /home/airflow/.local/lib/python3.8/site-packages/airflow/example_dags/example_datasets.py
[2023-12-16T19:37:55.710+0000] {processor.py:829} INFO - Processing file /home/airflow/.local/lib/python3.8/site-packages/airflow/example_dags/example_datasets.py for tasks to queue
[2023-12-16T19:37:55.748+0000] {logging_mixin.py:154} INFO - [2023-12-16T19:37:55.748+0000] {dagbag.py:536} INFO - Filling up the DagBag from /home/airflow/.local/lib/python3.8/site-packages/airflow/example_dags/example_datasets.py
[2023-12-16T19:37:55.893+0000] {processor.py:839} INFO - DAG(s) dict_keys(['dataset_consumes_1_never_scheduled', 'dataset_consumes_1_and_2', 'dataset_consumes_1', 'dataset_consumes_unknown_never_scheduled', 'dataset_produces_2', 'dataset_produces_1']) retrieved from /home/airflow/.local/lib/python3.8/site-packages/airflow/example_dags/example_datasets.py
[2023-12-16T19:37:56.968+0000] {logging_mixin.py:154} INFO - [2023-12-16T19:37:56.967+0000] {dag.py:2941} INFO - Sync 6 DAGs
[2023-12-16T19:37:57.561+0000] {logging_mixin.py:154} INFO - [2023-12-16T19:37:57.561+0000] {dag.py:3722} INFO - Setting next_dagrun for dataset_consumes_1 to None, run_after=None
[2023-12-16T19:37:57.687+0000] {logging_mixin.py:154} INFO - [2023-12-16T19:37:57.686+0000] {dag.py:3722} INFO - Setting next_dagrun for dataset_consumes_1_and_2 to None, run_after=None
[2023-12-16T19:37:57.766+0000] {logging_mixin.py:154} INFO - [2023-12-16T19:37:57.707+0000] {dag.py:3722} INFO - Setting next_dagrun for dataset_consumes_1_never_scheduled to None, run_after=None
[2023-12-16T19:37:57.783+0000] {logging_mixin.py:154} INFO - [2023-12-16T19:37:57.783+0000] {dag.py:3722} INFO - Setting next_dagrun for dataset_consumes_unknown_never_scheduled to None, run_after=None
[2023-12-16T19:37:57.965+0000] {logging_mixin.py:154} INFO - [2023-12-16T19:37:57.962+0000] {dag.py:3722} INFO - Setting next_dagrun for dataset_produces_1 to 2023-12-15T00:00:00+00:00, run_after=2023-12-16T00:00:00+00:00
[2023-12-16T19:37:58.025+0000] {logging_mixin.py:154} INFO - [2023-12-16T19:37:58.025+0000] {dag.py:3722} INFO - Setting next_dagrun for dataset_produces_2 to None, run_after=None
[2023-12-16T19:37:59.006+0000] {processor.py:179} INFO - Processing /home/airflow/.local/lib/python3.8/site-packages/airflow/example_dags/example_datasets.py took 3.357 seconds
[2023-12-16T19:43:58.016+0000] {processor.py:157} INFO - Started process (PID=86) to work on /home/airflow/.local/lib/python3.8/site-packages/airflow/example_dags/example_datasets.py
[2023-12-16T19:43:58.020+0000] {processor.py:829} INFO - Processing file /home/airflow/.local/lib/python3.8/site-packages/airflow/example_dags/example_datasets.py for tasks to queue
[2023-12-16T19:43:58.053+0000] {logging_mixin.py:154} INFO - [2023-12-16T19:43:58.045+0000] {dagbag.py:536} INFO - Filling up the DagBag from /home/airflow/.local/lib/python3.8/site-packages/airflow/example_dags/example_datasets.py
[2023-12-16T19:43:58.134+0000] {processor.py:839} INFO - DAG(s) dict_keys(['dataset_produces_1', 'dataset_produces_2', 'dataset_consumes_1', 'dataset_consumes_1_and_2', 'dataset_consumes_1_never_scheduled', 'dataset_consumes_unknown_never_scheduled']) retrieved from /home/airflow/.local/lib/python3.8/site-packages/airflow/example_dags/example_datasets.py
[2023-12-16T19:43:58.714+0000] {logging_mixin.py:154} INFO - [2023-12-16T19:43:58.713+0000] {dag.py:2941} INFO - Sync 6 DAGs
[2023-12-16T19:43:59.217+0000] {logging_mixin.py:154} INFO - [2023-12-16T19:43:59.217+0000] {dag.py:3722} INFO - Setting next_dagrun for dataset_consumes_1 to None, run_after=None
[2023-12-16T19:43:59.243+0000] {logging_mixin.py:154} INFO - [2023-12-16T19:43:59.243+0000] {dag.py:3722} INFO - Setting next_dagrun for dataset_consumes_1_and_2 to None, run_after=None
[2023-12-16T19:43:59.252+0000] {logging_mixin.py:154} INFO - [2023-12-16T19:43:59.251+0000] {dag.py:3722} INFO - Setting next_dagrun for dataset_consumes_1_never_scheduled to None, run_after=None
[2023-12-16T19:43:59.257+0000] {logging_mixin.py:154} INFO - [2023-12-16T19:43:59.256+0000] {dag.py:3722} INFO - Setting next_dagrun for dataset_consumes_unknown_never_scheduled to None, run_after=None
[2023-12-16T19:43:59.270+0000] {logging_mixin.py:154} INFO - [2023-12-16T19:43:59.270+0000] {dag.py:3722} INFO - Setting next_dagrun for dataset_produces_1 to 2023-12-15T00:00:00+00:00, run_after=2023-12-16T00:00:00+00:00
[2023-12-16T19:43:59.274+0000] {logging_mixin.py:154} INFO - [2023-12-16T19:43:59.274+0000] {dag.py:3722} INFO - Setting next_dagrun for dataset_produces_2 to None, run_after=None
[2023-12-16T19:43:59.621+0000] {processor.py:179} INFO - Processing /home/airflow/.local/lib/python3.8/site-packages/airflow/example_dags/example_datasets.py took 1.655 seconds
[2023-12-16T19:44:43.601+0000] {processor.py:157} INFO - Started process (PID=146) to work on /home/airflow/.local/lib/python3.8/site-packages/airflow/example_dags/example_datasets.py
[2023-12-16T19:44:43.605+0000] {processor.py:829} INFO - Processing file /home/airflow/.local/lib/python3.8/site-packages/airflow/example_dags/example_datasets.py for tasks to queue
[2023-12-16T19:44:43.611+0000] {logging_mixin.py:154} INFO - [2023-12-16T19:44:43.608+0000] {dagbag.py:536} INFO - Filling up the DagBag from /home/airflow/.local/lib/python3.8/site-packages/airflow/example_dags/example_datasets.py
[2023-12-16T19:44:43.688+0000] {processor.py:839} INFO - DAG(s) dict_keys(['dataset_consumes_unknown_never_scheduled', 'dataset_produces_2', 'dataset_consumes_1', 'dataset_consumes_1_never_scheduled', 'dataset_consumes_1_and_2', 'dataset_produces_1']) retrieved from /home/airflow/.local/lib/python3.8/site-packages/airflow/example_dags/example_datasets.py
[2023-12-16T19:44:43.947+0000] {logging_mixin.py:154} INFO - [2023-12-16T19:44:43.947+0000] {dag.py:2941} INFO - Sync 6 DAGs
[2023-12-16T19:44:44.202+0000] {logging_mixin.py:154} INFO - [2023-12-16T19:44:44.202+0000] {dag.py:3722} INFO - Setting next_dagrun for dataset_consumes_1 to None, run_after=None
[2023-12-16T19:44:44.226+0000] {logging_mixin.py:154} INFO - [2023-12-16T19:44:44.225+0000] {dag.py:3722} INFO - Setting next_dagrun for dataset_consumes_1_and_2 to None, run_after=None
[2023-12-16T19:44:44.265+0000] {logging_mixin.py:154} INFO - [2023-12-16T19:44:44.265+0000] {dag.py:3722} INFO - Setting next_dagrun for dataset_consumes_1_never_scheduled to None, run_after=None
[2023-12-16T19:44:44.294+0000] {logging_mixin.py:154} INFO - [2023-12-16T19:44:44.294+0000] {dag.py:3722} INFO - Setting next_dagrun for dataset_consumes_unknown_never_scheduled to None, run_after=None
[2023-12-16T19:44:44.326+0000] {logging_mixin.py:154} INFO - [2023-12-16T19:44:44.326+0000] {dag.py:3722} INFO - Setting next_dagrun for dataset_produces_1 to 2023-12-15T00:00:00+00:00, run_after=2023-12-16T00:00:00+00:00
[2023-12-16T19:44:44.345+0000] {logging_mixin.py:154} INFO - [2023-12-16T19:44:44.344+0000] {dag.py:3722} INFO - Setting next_dagrun for dataset_produces_2 to None, run_after=None
[2023-12-16T19:44:44.685+0000] {processor.py:179} INFO - Processing /home/airflow/.local/lib/python3.8/site-packages/airflow/example_dags/example_datasets.py took 1.098 seconds
[2023-12-16T19:45:26.539+0000] {processor.py:157} INFO - Started process (PID=208) to work on /home/airflow/.local/lib/python3.8/site-packages/airflow/example_dags/example_datasets.py
[2023-12-16T19:45:26.542+0000] {processor.py:829} INFO - Processing file /home/airflow/.local/lib/python3.8/site-packages/airflow/example_dags/example_datasets.py for tasks to queue
[2023-12-16T19:45:26.554+0000] {logging_mixin.py:154} INFO - [2023-12-16T19:45:26.554+0000] {dagbag.py:536} INFO - Filling up the DagBag from /home/airflow/.local/lib/python3.8/site-packages/airflow/example_dags/example_datasets.py
[2023-12-16T19:45:26.631+0000] {processor.py:839} INFO - DAG(s) dict_keys(['dataset_produces_1', 'dataset_consumes_unknown_never_scheduled', 'dataset_consumes_1_and_2', 'dataset_produces_2', 'dataset_consumes_1', 'dataset_consumes_1_never_scheduled']) retrieved from /home/airflow/.local/lib/python3.8/site-packages/airflow/example_dags/example_datasets.py
[2023-12-16T19:45:26.894+0000] {logging_mixin.py:154} INFO - [2023-12-16T19:45:26.894+0000] {dag.py:2941} INFO - Sync 6 DAGs
[2023-12-16T19:45:27.061+0000] {logging_mixin.py:154} INFO - [2023-12-16T19:45:27.059+0000] {dag.py:3722} INFO - Setting next_dagrun for dataset_consumes_1 to None, run_after=None
[2023-12-16T19:45:27.082+0000] {logging_mixin.py:154} INFO - [2023-12-16T19:45:27.082+0000] {dag.py:3722} INFO - Setting next_dagrun for dataset_consumes_1_and_2 to None, run_after=None
[2023-12-16T19:45:27.099+0000] {logging_mixin.py:154} INFO - [2023-12-16T19:45:27.098+0000] {dag.py:3722} INFO - Setting next_dagrun for dataset_consumes_1_never_scheduled to None, run_after=None
[2023-12-16T19:45:27.104+0000] {logging_mixin.py:154} INFO - [2023-12-16T19:45:27.104+0000] {dag.py:3722} INFO - Setting next_dagrun for dataset_consumes_unknown_never_scheduled to None, run_after=None
[2023-12-16T19:45:27.153+0000] {logging_mixin.py:154} INFO - [2023-12-16T19:45:27.152+0000] {dag.py:3722} INFO - Setting next_dagrun for dataset_produces_1 to 2023-12-15T00:00:00+00:00, run_after=2023-12-16T00:00:00+00:00
[2023-12-16T19:45:27.174+0000] {logging_mixin.py:154} INFO - [2023-12-16T19:45:27.174+0000] {dag.py:3722} INFO - Setting next_dagrun for dataset_produces_2 to None, run_after=None
[2023-12-16T19:45:27.352+0000] {processor.py:179} INFO - Processing /home/airflow/.local/lib/python3.8/site-packages/airflow/example_dags/example_datasets.py took 0.823 seconds
[2023-12-16T20:04:49.444+0000] {processor.py:157} INFO - Started process (PID=148) to work on /home/airflow/.local/lib/python3.8/site-packages/airflow/example_dags/example_datasets.py
[2023-12-16T20:04:49.464+0000] {processor.py:829} INFO - Processing file /home/airflow/.local/lib/python3.8/site-packages/airflow/example_dags/example_datasets.py for tasks to queue
[2023-12-16T20:04:49.482+0000] {logging_mixin.py:154} INFO - [2023-12-16T20:04:49.482+0000] {dagbag.py:536} INFO - Filling up the DagBag from /home/airflow/.local/lib/python3.8/site-packages/airflow/example_dags/example_datasets.py
[2023-12-16T20:04:49.576+0000] {processor.py:839} INFO - DAG(s) dict_keys(['dataset_consumes_1_never_scheduled', 'dataset_produces_1', 'dataset_consumes_unknown_never_scheduled', 'dataset_consumes_1_and_2', 'dataset_produces_2', 'dataset_consumes_1']) retrieved from /home/airflow/.local/lib/python3.8/site-packages/airflow/example_dags/example_datasets.py
[2023-12-16T20:04:49.776+0000] {logging_mixin.py:154} INFO - [2023-12-16T20:04:49.775+0000] {dag.py:2941} INFO - Sync 6 DAGs
[2023-12-16T20:04:49.858+0000] {logging_mixin.py:154} INFO - [2023-12-16T20:04:49.857+0000] {dag.py:3722} INFO - Setting next_dagrun for dataset_consumes_1 to None, run_after=None
[2023-12-16T20:04:49.871+0000] {logging_mixin.py:154} INFO - [2023-12-16T20:04:49.871+0000] {dag.py:3722} INFO - Setting next_dagrun for dataset_consumes_1_and_2 to None, run_after=None
[2023-12-16T20:04:49.888+0000] {logging_mixin.py:154} INFO - [2023-12-16T20:04:49.887+0000] {dag.py:3722} INFO - Setting next_dagrun for dataset_consumes_1_never_scheduled to None, run_after=None
[2023-12-16T20:04:49.900+0000] {logging_mixin.py:154} INFO - [2023-12-16T20:04:49.899+0000] {dag.py:3722} INFO - Setting next_dagrun for dataset_consumes_unknown_never_scheduled to None, run_after=None
[2023-12-16T20:04:49.923+0000] {logging_mixin.py:154} INFO - [2023-12-16T20:04:49.922+0000] {dag.py:3722} INFO - Setting next_dagrun for dataset_produces_1 to 2023-12-15T00:00:00+00:00, run_after=2023-12-16T00:00:00+00:00
[2023-12-16T20:04:49.938+0000] {logging_mixin.py:154} INFO - [2023-12-16T20:04:49.937+0000] {dag.py:3722} INFO - Setting next_dagrun for dataset_produces_2 to None, run_after=None
[2023-12-16T20:04:50.191+0000] {processor.py:179} INFO - Processing /home/airflow/.local/lib/python3.8/site-packages/airflow/example_dags/example_datasets.py took 0.757 seconds
[2023-12-16T20:05:30.563+0000] {processor.py:157} INFO - Started process (PID=217) to work on /home/airflow/.local/lib/python3.8/site-packages/airflow/example_dags/example_datasets.py
[2023-12-16T20:05:30.575+0000] {processor.py:829} INFO - Processing file /home/airflow/.local/lib/python3.8/site-packages/airflow/example_dags/example_datasets.py for tasks to queue
[2023-12-16T20:05:30.597+0000] {logging_mixin.py:154} INFO - [2023-12-16T20:05:30.596+0000] {dagbag.py:536} INFO - Filling up the DagBag from /home/airflow/.local/lib/python3.8/site-packages/airflow/example_dags/example_datasets.py
[2023-12-16T20:05:30.661+0000] {processor.py:839} INFO - DAG(s) dict_keys(['dataset_produces_2', 'dataset_consumes_1_and_2', 'dataset_consumes_1', 'dataset_consumes_unknown_never_scheduled', 'dataset_consumes_1_never_scheduled', 'dataset_produces_1']) retrieved from /home/airflow/.local/lib/python3.8/site-packages/airflow/example_dags/example_datasets.py
[2023-12-16T20:05:30.783+0000] {logging_mixin.py:154} INFO - [2023-12-16T20:05:30.782+0000] {dag.py:2941} INFO - Sync 6 DAGs
[2023-12-16T20:05:30.907+0000] {logging_mixin.py:154} INFO - [2023-12-16T20:05:30.906+0000] {dag.py:3722} INFO - Setting next_dagrun for dataset_consumes_1 to None, run_after=None
[2023-12-16T20:05:30.922+0000] {logging_mixin.py:154} INFO - [2023-12-16T20:05:30.921+0000] {dag.py:3722} INFO - Setting next_dagrun for dataset_consumes_1_and_2 to None, run_after=None
[2023-12-16T20:05:30.926+0000] {logging_mixin.py:154} INFO - [2023-12-16T20:05:30.926+0000] {dag.py:3722} INFO - Setting next_dagrun for dataset_consumes_1_never_scheduled to None, run_after=None
[2023-12-16T20:05:30.932+0000] {logging_mixin.py:154} INFO - [2023-12-16T20:05:30.932+0000] {dag.py:3722} INFO - Setting next_dagrun for dataset_consumes_unknown_never_scheduled to None, run_after=None
[2023-12-16T20:05:30.949+0000] {logging_mixin.py:154} INFO - [2023-12-16T20:05:30.949+0000] {dag.py:3722} INFO - Setting next_dagrun for dataset_produces_1 to 2023-12-15T00:00:00+00:00, run_after=2023-12-16T00:00:00+00:00
[2023-12-16T20:05:30.967+0000] {logging_mixin.py:154} INFO - [2023-12-16T20:05:30.967+0000] {dag.py:3722} INFO - Setting next_dagrun for dataset_produces_2 to None, run_after=None
[2023-12-16T20:05:31.121+0000] {processor.py:179} INFO - Processing /home/airflow/.local/lib/python3.8/site-packages/airflow/example_dags/example_datasets.py took 0.569 seconds
[2023-12-16T20:06:03.236+0000] {processor.py:157} INFO - Started process (PID=285) to work on /home/airflow/.local/lib/python3.8/site-packages/airflow/example_dags/example_datasets.py
[2023-12-16T20:06:03.238+0000] {processor.py:829} INFO - Processing file /home/airflow/.local/lib/python3.8/site-packages/airflow/example_dags/example_datasets.py for tasks to queue
[2023-12-16T20:06:03.247+0000] {logging_mixin.py:154} INFO - [2023-12-16T20:06:03.243+0000] {dagbag.py:536} INFO - Filling up the DagBag from /home/airflow/.local/lib/python3.8/site-packages/airflow/example_dags/example_datasets.py
[2023-12-16T20:06:03.301+0000] {processor.py:839} INFO - DAG(s) dict_keys(['dataset_consumes_1', 'dataset_produces_1', 'dataset_produces_2', 'dataset_consumes_unknown_never_scheduled', 'dataset_consumes_1_never_scheduled', 'dataset_consumes_1_and_2']) retrieved from /home/airflow/.local/lib/python3.8/site-packages/airflow/example_dags/example_datasets.py
[2023-12-16T20:06:03.568+0000] {logging_mixin.py:154} INFO - [2023-12-16T20:06:03.568+0000] {dag.py:2941} INFO - Sync 6 DAGs
[2023-12-16T20:06:04.582+0000] {logging_mixin.py:154} INFO - [2023-12-16T20:06:04.581+0000] {dag.py:3722} INFO - Setting next_dagrun for dataset_consumes_1 to None, run_after=None
[2023-12-16T20:06:04.597+0000] {logging_mixin.py:154} INFO - [2023-12-16T20:06:04.596+0000] {dag.py:3722} INFO - Setting next_dagrun for dataset_consumes_1_and_2 to None, run_after=None
[2023-12-16T20:06:04.601+0000] {logging_mixin.py:154} INFO - [2023-12-16T20:06:04.601+0000] {dag.py:3722} INFO - Setting next_dagrun for dataset_consumes_1_never_scheduled to None, run_after=None
[2023-12-16T20:06:04.606+0000] {logging_mixin.py:154} INFO - [2023-12-16T20:06:04.605+0000] {dag.py:3722} INFO - Setting next_dagrun for dataset_consumes_unknown_never_scheduled to None, run_after=None
[2023-12-16T20:06:04.616+0000] {logging_mixin.py:154} INFO - [2023-12-16T20:06:04.615+0000] {dag.py:3722} INFO - Setting next_dagrun for dataset_produces_1 to 2023-12-15T00:00:00+00:00, run_after=2023-12-16T00:00:00+00:00
[2023-12-16T20:06:04.622+0000] {logging_mixin.py:154} INFO - [2023-12-16T20:06:04.622+0000] {dag.py:3722} INFO - Setting next_dagrun for dataset_produces_2 to None, run_after=None
[2023-12-16T20:06:04.911+0000] {processor.py:179} INFO - Processing /home/airflow/.local/lib/python3.8/site-packages/airflow/example_dags/example_datasets.py took 1.690 seconds
[2023-12-16T20:21:02.847+0000] {processor.py:157} INFO - Started process (PID=86) to work on /home/airflow/.local/lib/python3.8/site-packages/airflow/example_dags/example_datasets.py
[2023-12-16T20:21:02.874+0000] {processor.py:829} INFO - Processing file /home/airflow/.local/lib/python3.8/site-packages/airflow/example_dags/example_datasets.py for tasks to queue
[2023-12-16T20:21:02.941+0000] {logging_mixin.py:154} INFO - [2023-12-16T20:21:02.918+0000] {dagbag.py:536} INFO - Filling up the DagBag from /home/airflow/.local/lib/python3.8/site-packages/airflow/example_dags/example_datasets.py
[2023-12-16T20:21:03.053+0000] {processor.py:839} INFO - DAG(s) dict_keys(['dataset_consumes_unknown_never_scheduled', 'dataset_consumes_1_and_2', 'dataset_produces_2', 'dataset_consumes_1', 'dataset_produces_1', 'dataset_consumes_1_never_scheduled']) retrieved from /home/airflow/.local/lib/python3.8/site-packages/airflow/example_dags/example_datasets.py
[2023-12-16T20:21:03.206+0000] {logging_mixin.py:154} INFO - [2023-12-16T20:21:03.205+0000] {dag.py:2941} INFO - Sync 6 DAGs
[2023-12-16T20:21:03.297+0000] {logging_mixin.py:154} INFO - [2023-12-16T20:21:03.297+0000] {dag.py:3722} INFO - Setting next_dagrun for dataset_consumes_1 to None, run_after=None
[2023-12-16T20:21:03.309+0000] {logging_mixin.py:154} INFO - [2023-12-16T20:21:03.309+0000] {dag.py:3722} INFO - Setting next_dagrun for dataset_consumes_1_and_2 to None, run_after=None
[2023-12-16T20:21:03.313+0000] {logging_mixin.py:154} INFO - [2023-12-16T20:21:03.313+0000] {dag.py:3722} INFO - Setting next_dagrun for dataset_consumes_1_never_scheduled to None, run_after=None
[2023-12-16T20:21:03.320+0000] {logging_mixin.py:154} INFO - [2023-12-16T20:21:03.320+0000] {dag.py:3722} INFO - Setting next_dagrun for dataset_consumes_unknown_never_scheduled to None, run_after=None
[2023-12-16T20:21:03.330+0000] {logging_mixin.py:154} INFO - [2023-12-16T20:21:03.330+0000] {dag.py:3722} INFO - Setting next_dagrun for dataset_produces_1 to 2023-12-15T00:00:00+00:00, run_after=2023-12-16T00:00:00+00:00
[2023-12-16T20:21:03.341+0000] {logging_mixin.py:154} INFO - [2023-12-16T20:21:03.340+0000] {dag.py:3722} INFO - Setting next_dagrun for dataset_produces_2 to None, run_after=None
[2023-12-16T20:21:03.978+0000] {processor.py:179} INFO - Processing /home/airflow/.local/lib/python3.8/site-packages/airflow/example_dags/example_datasets.py took 1.218 seconds
[2023-12-16T20:21:35.096+0000] {processor.py:157} INFO - Started process (PID=139) to work on /home/airflow/.local/lib/python3.8/site-packages/airflow/example_dags/example_datasets.py
[2023-12-16T20:21:35.098+0000] {processor.py:829} INFO - Processing file /home/airflow/.local/lib/python3.8/site-packages/airflow/example_dags/example_datasets.py for tasks to queue
[2023-12-16T20:21:35.118+0000] {logging_mixin.py:154} INFO - [2023-12-16T20:21:35.116+0000] {dagbag.py:536} INFO - Filling up the DagBag from /home/airflow/.local/lib/python3.8/site-packages/airflow/example_dags/example_datasets.py
[2023-12-16T20:21:35.293+0000] {processor.py:839} INFO - DAG(s) dict_keys(['dataset_consumes_1_never_scheduled', 'dataset_consumes_1_and_2', 'dataset_consumes_1', 'dataset_consumes_unknown_never_scheduled', 'dataset_produces_2', 'dataset_produces_1']) retrieved from /home/airflow/.local/lib/python3.8/site-packages/airflow/example_dags/example_datasets.py
[2023-12-16T20:21:35.479+0000] {logging_mixin.py:154} INFO - [2023-12-16T20:21:35.478+0000] {dag.py:2941} INFO - Sync 6 DAGs
[2023-12-16T20:21:35.563+0000] {logging_mixin.py:154} INFO - [2023-12-16T20:21:35.562+0000] {dag.py:3722} INFO - Setting next_dagrun for dataset_consumes_1 to None, run_after=None
[2023-12-16T20:21:35.577+0000] {logging_mixin.py:154} INFO - [2023-12-16T20:21:35.576+0000] {dag.py:3722} INFO - Setting next_dagrun for dataset_consumes_1_and_2 to None, run_after=None
[2023-12-16T20:21:35.581+0000] {logging_mixin.py:154} INFO - [2023-12-16T20:21:35.580+0000] {dag.py:3722} INFO - Setting next_dagrun for dataset_consumes_1_never_scheduled to None, run_after=None
[2023-12-16T20:21:35.585+0000] {logging_mixin.py:154} INFO - [2023-12-16T20:21:35.585+0000] {dag.py:3722} INFO - Setting next_dagrun for dataset_consumes_unknown_never_scheduled to None, run_after=None
[2023-12-16T20:21:35.596+0000] {logging_mixin.py:154} INFO - [2023-12-16T20:21:35.596+0000] {dag.py:3722} INFO - Setting next_dagrun for dataset_produces_1 to 2023-12-15T00:00:00+00:00, run_after=2023-12-16T00:00:00+00:00
[2023-12-16T20:21:35.600+0000] {logging_mixin.py:154} INFO - [2023-12-16T20:21:35.600+0000] {dag.py:3722} INFO - Setting next_dagrun for dataset_produces_2 to None, run_after=None
[2023-12-16T20:21:35.693+0000] {processor.py:179} INFO - Processing /home/airflow/.local/lib/python3.8/site-packages/airflow/example_dags/example_datasets.py took 0.613 seconds
[2023-12-16T20:31:37.951+0000] {processor.py:157} INFO - Started process (PID=88) to work on /home/airflow/.local/lib/python3.8/site-packages/airflow/example_dags/example_datasets.py
[2023-12-16T20:31:37.954+0000] {processor.py:829} INFO - Processing file /home/airflow/.local/lib/python3.8/site-packages/airflow/example_dags/example_datasets.py for tasks to queue
[2023-12-16T20:31:37.963+0000] {logging_mixin.py:154} INFO - [2023-12-16T20:31:37.962+0000] {dagbag.py:536} INFO - Filling up the DagBag from /home/airflow/.local/lib/python3.8/site-packages/airflow/example_dags/example_datasets.py
[2023-12-16T20:31:38.012+0000] {processor.py:839} INFO - DAG(s) dict_keys(['dataset_consumes_1', 'dataset_consumes_unknown_never_scheduled', 'dataset_produces_1', 'dataset_consumes_1_and_2', 'dataset_produces_2', 'dataset_consumes_1_never_scheduled']) retrieved from /home/airflow/.local/lib/python3.8/site-packages/airflow/example_dags/example_datasets.py
[2023-12-16T20:31:38.186+0000] {logging_mixin.py:154} INFO - [2023-12-16T20:31:38.185+0000] {dag.py:2941} INFO - Sync 6 DAGs
[2023-12-16T20:31:38.279+0000] {logging_mixin.py:154} INFO - [2023-12-16T20:31:38.278+0000] {dag.py:3722} INFO - Setting next_dagrun for dataset_consumes_1 to None, run_after=None
[2023-12-16T20:31:38.296+0000] {logging_mixin.py:154} INFO - [2023-12-16T20:31:38.295+0000] {dag.py:3722} INFO - Setting next_dagrun for dataset_consumes_1_and_2 to None, run_after=None
[2023-12-16T20:31:38.300+0000] {logging_mixin.py:154} INFO - [2023-12-16T20:31:38.300+0000] {dag.py:3722} INFO - Setting next_dagrun for dataset_consumes_1_never_scheduled to None, run_after=None
[2023-12-16T20:31:38.306+0000] {logging_mixin.py:154} INFO - [2023-12-16T20:31:38.305+0000] {dag.py:3722} INFO - Setting next_dagrun for dataset_consumes_unknown_never_scheduled to None, run_after=None
[2023-12-16T20:31:38.315+0000] {logging_mixin.py:154} INFO - [2023-12-16T20:31:38.315+0000] {dag.py:3722} INFO - Setting next_dagrun for dataset_produces_1 to 2023-12-15T00:00:00+00:00, run_after=2023-12-16T00:00:00+00:00
[2023-12-16T20:31:38.319+0000] {logging_mixin.py:154} INFO - [2023-12-16T20:31:38.318+0000] {dag.py:3722} INFO - Setting next_dagrun for dataset_produces_2 to None, run_after=None
[2023-12-16T20:31:38.518+0000] {processor.py:179} INFO - Processing /home/airflow/.local/lib/python3.8/site-packages/airflow/example_dags/example_datasets.py took 0.575 seconds
[2023-12-16T20:32:09.042+0000] {processor.py:157} INFO - Started process (PID=140) to work on /home/airflow/.local/lib/python3.8/site-packages/airflow/example_dags/example_datasets.py
[2023-12-16T20:32:09.045+0000] {processor.py:829} INFO - Processing file /home/airflow/.local/lib/python3.8/site-packages/airflow/example_dags/example_datasets.py for tasks to queue
[2023-12-16T20:32:09.052+0000] {logging_mixin.py:154} INFO - [2023-12-16T20:32:09.051+0000] {dagbag.py:536} INFO - Filling up the DagBag from /home/airflow/.local/lib/python3.8/site-packages/airflow/example_dags/example_datasets.py
[2023-12-16T20:32:09.081+0000] {processor.py:839} INFO - DAG(s) dict_keys(['dataset_consumes_1_never_scheduled', 'dataset_consumes_unknown_never_scheduled', 'dataset_consumes_1', 'dataset_produces_1', 'dataset_produces_2', 'dataset_consumes_1_and_2']) retrieved from /home/airflow/.local/lib/python3.8/site-packages/airflow/example_dags/example_datasets.py
[2023-12-16T20:32:09.356+0000] {logging_mixin.py:154} INFO - [2023-12-16T20:32:09.355+0000] {dag.py:2941} INFO - Sync 6 DAGs
[2023-12-16T20:32:09.551+0000] {logging_mixin.py:154} INFO - [2023-12-16T20:32:09.550+0000] {dag.py:3722} INFO - Setting next_dagrun for dataset_consumes_1 to None, run_after=None
[2023-12-16T20:32:09.583+0000] {logging_mixin.py:154} INFO - [2023-12-16T20:32:09.582+0000] {dag.py:3722} INFO - Setting next_dagrun for dataset_consumes_1_and_2 to None, run_after=None
[2023-12-16T20:32:09.602+0000] {logging_mixin.py:154} INFO - [2023-12-16T20:32:09.602+0000] {dag.py:3722} INFO - Setting next_dagrun for dataset_consumes_1_never_scheduled to None, run_after=None
[2023-12-16T20:32:09.606+0000] {logging_mixin.py:154} INFO - [2023-12-16T20:32:09.605+0000] {dag.py:3722} INFO - Setting next_dagrun for dataset_consumes_unknown_never_scheduled to None, run_after=None
[2023-12-16T20:32:09.630+0000] {logging_mixin.py:154} INFO - [2023-12-16T20:32:09.630+0000] {dag.py:3722} INFO - Setting next_dagrun for dataset_produces_1 to 2023-12-15T00:00:00+00:00, run_after=2023-12-16T00:00:00+00:00
[2023-12-16T20:32:09.644+0000] {logging_mixin.py:154} INFO - [2023-12-16T20:32:09.644+0000] {dag.py:3722} INFO - Setting next_dagrun for dataset_produces_2 to None, run_after=None
[2023-12-16T20:32:09.865+0000] {processor.py:179} INFO - Processing /home/airflow/.local/lib/python3.8/site-packages/airflow/example_dags/example_datasets.py took 0.830 seconds
[2023-12-16T20:34:41.442+0000] {processor.py:157} INFO - Started process (PID=79) to work on /home/airflow/.local/lib/python3.8/site-packages/airflow/example_dags/example_datasets.py
[2023-12-16T20:34:41.449+0000] {processor.py:829} INFO - Processing file /home/airflow/.local/lib/python3.8/site-packages/airflow/example_dags/example_datasets.py for tasks to queue
[2023-12-16T20:34:41.460+0000] {logging_mixin.py:154} INFO - [2023-12-16T20:34:41.459+0000] {dagbag.py:536} INFO - Filling up the DagBag from /home/airflow/.local/lib/python3.8/site-packages/airflow/example_dags/example_datasets.py
[2023-12-16T20:34:41.527+0000] {processor.py:839} INFO - DAG(s) dict_keys(['dataset_consumes_1', 'dataset_consumes_1_never_scheduled', 'dataset_produces_1', 'dataset_consumes_unknown_never_scheduled', 'dataset_consumes_1_and_2', 'dataset_produces_2']) retrieved from /home/airflow/.local/lib/python3.8/site-packages/airflow/example_dags/example_datasets.py
[2023-12-16T20:34:41.746+0000] {logging_mixin.py:154} INFO - [2023-12-16T20:34:41.745+0000] {dag.py:2941} INFO - Sync 6 DAGs
[2023-12-16T20:34:41.936+0000] {logging_mixin.py:154} INFO - [2023-12-16T20:34:41.936+0000] {dag.py:3722} INFO - Setting next_dagrun for dataset_consumes_1 to None, run_after=None
[2023-12-16T20:34:41.952+0000] {logging_mixin.py:154} INFO - [2023-12-16T20:34:41.952+0000] {dag.py:3722} INFO - Setting next_dagrun for dataset_consumes_1_and_2 to None, run_after=None
[2023-12-16T20:34:41.958+0000] {logging_mixin.py:154} INFO - [2023-12-16T20:34:41.958+0000] {dag.py:3722} INFO - Setting next_dagrun for dataset_consumes_1_never_scheduled to None, run_after=None
[2023-12-16T20:34:41.971+0000] {logging_mixin.py:154} INFO - [2023-12-16T20:34:41.971+0000] {dag.py:3722} INFO - Setting next_dagrun for dataset_consumes_unknown_never_scheduled to None, run_after=None
[2023-12-16T20:34:42.044+0000] {logging_mixin.py:154} INFO - [2023-12-16T20:34:42.044+0000] {dag.py:3722} INFO - Setting next_dagrun for dataset_produces_1 to 2023-12-15T00:00:00+00:00, run_after=2023-12-16T00:00:00+00:00
[2023-12-16T20:34:42.049+0000] {logging_mixin.py:154} INFO - [2023-12-16T20:34:42.049+0000] {dag.py:3722} INFO - Setting next_dagrun for dataset_produces_2 to None, run_after=None
[2023-12-16T20:34:42.327+0000] {processor.py:179} INFO - Processing /home/airflow/.local/lib/python3.8/site-packages/airflow/example_dags/example_datasets.py took 0.911 seconds
[2023-12-16T20:35:34.393+0000] {processor.py:157} INFO - Started process (PID=133) to work on /home/airflow/.local/lib/python3.8/site-packages/airflow/example_dags/example_datasets.py
[2023-12-16T20:35:34.409+0000] {processor.py:829} INFO - Processing file /home/airflow/.local/lib/python3.8/site-packages/airflow/example_dags/example_datasets.py for tasks to queue
[2023-12-16T20:35:34.478+0000] {logging_mixin.py:154} INFO - [2023-12-16T20:35:34.446+0000] {dagbag.py:536} INFO - Filling up the DagBag from /home/airflow/.local/lib/python3.8/site-packages/airflow/example_dags/example_datasets.py
[2023-12-16T20:35:40.726+0000] {processor.py:839} INFO - DAG(s) dict_keys(['dataset_consumes_1_and_2', 'dataset_consumes_unknown_never_scheduled', 'dataset_produces_2', 'dataset_consumes_1', 'dataset_produces_1', 'dataset_consumes_1_never_scheduled']) retrieved from /home/airflow/.local/lib/python3.8/site-packages/airflow/example_dags/example_datasets.py
[2023-12-16T20:36:05.770+0000] {logging_mixin.py:154} INFO - [2023-12-16T20:36:05.697+0000] {dag.py:2941} INFO - Sync 6 DAGs
[2023-12-16T21:01:07.905+0000] {processor.py:157} INFO - Started process (PID=87) to work on /home/airflow/.local/lib/python3.8/site-packages/airflow/example_dags/example_datasets.py
[2023-12-16T21:01:07.908+0000] {processor.py:829} INFO - Processing file /home/airflow/.local/lib/python3.8/site-packages/airflow/example_dags/example_datasets.py for tasks to queue
[2023-12-16T21:01:07.914+0000] {logging_mixin.py:154} INFO - [2023-12-16T21:01:07.914+0000] {dagbag.py:536} INFO - Filling up the DagBag from /home/airflow/.local/lib/python3.8/site-packages/airflow/example_dags/example_datasets.py
[2023-12-16T21:01:07.943+0000] {processor.py:839} INFO - DAG(s) dict_keys(['dataset_consumes_1_never_scheduled', 'dataset_consumes_1_and_2', 'dataset_consumes_unknown_never_scheduled', 'dataset_consumes_1', 'dataset_produces_2', 'dataset_produces_1']) retrieved from /home/airflow/.local/lib/python3.8/site-packages/airflow/example_dags/example_datasets.py
[2023-12-16T21:01:08.411+0000] {logging_mixin.py:154} INFO - [2023-12-16T21:01:08.410+0000] {dag.py:2941} INFO - Sync 6 DAGs
[2023-12-16T21:01:08.469+0000] {logging_mixin.py:154} INFO - [2023-12-16T21:01:08.468+0000] {dag.py:3722} INFO - Setting next_dagrun for dataset_consumes_1 to None, run_after=None
[2023-12-16T21:01:08.476+0000] {logging_mixin.py:154} INFO - [2023-12-16T21:01:08.476+0000] {dag.py:3722} INFO - Setting next_dagrun for dataset_consumes_1_and_2 to None, run_after=None
[2023-12-16T21:01:08.480+0000] {logging_mixin.py:154} INFO - [2023-12-16T21:01:08.480+0000] {dag.py:3722} INFO - Setting next_dagrun for dataset_consumes_1_never_scheduled to None, run_after=None
[2023-12-16T21:01:08.484+0000] {logging_mixin.py:154} INFO - [2023-12-16T21:01:08.483+0000] {dag.py:3722} INFO - Setting next_dagrun for dataset_consumes_unknown_never_scheduled to None, run_after=None
[2023-12-16T21:01:08.495+0000] {logging_mixin.py:154} INFO - [2023-12-16T21:01:08.494+0000] {dag.py:3722} INFO - Setting next_dagrun for dataset_produces_1 to 2023-12-15T00:00:00+00:00, run_after=2023-12-16T00:00:00+00:00
[2023-12-16T21:01:08.499+0000] {logging_mixin.py:154} INFO - [2023-12-16T21:01:08.499+0000] {dag.py:3722} INFO - Setting next_dagrun for dataset_produces_2 to None, run_after=None
[2023-12-16T21:01:08.956+0000] {processor.py:179} INFO - Processing /home/airflow/.local/lib/python3.8/site-packages/airflow/example_dags/example_datasets.py took 1.059 seconds
[2023-12-16T21:01:40.518+0000] {processor.py:157} INFO - Started process (PID=141) to work on /home/airflow/.local/lib/python3.8/site-packages/airflow/example_dags/example_datasets.py
[2023-12-16T21:01:40.522+0000] {processor.py:829} INFO - Processing file /home/airflow/.local/lib/python3.8/site-packages/airflow/example_dags/example_datasets.py for tasks to queue
[2023-12-16T21:01:40.542+0000] {logging_mixin.py:154} INFO - [2023-12-16T21:01:40.540+0000] {dagbag.py:536} INFO - Filling up the DagBag from /home/airflow/.local/lib/python3.8/site-packages/airflow/example_dags/example_datasets.py
[2023-12-16T21:01:40.691+0000] {processor.py:839} INFO - DAG(s) dict_keys(['dataset_consumes_1_never_scheduled', 'dataset_produces_2', 'dataset_consumes_1_and_2', 'dataset_consumes_unknown_never_scheduled', 'dataset_consumes_1', 'dataset_produces_1']) retrieved from /home/airflow/.local/lib/python3.8/site-packages/airflow/example_dags/example_datasets.py
[2023-12-16T21:01:40.915+0000] {logging_mixin.py:154} INFO - [2023-12-16T21:01:40.915+0000] {dag.py:2941} INFO - Sync 6 DAGs
[2023-12-16T21:01:40.990+0000] {logging_mixin.py:154} INFO - [2023-12-16T21:01:40.989+0000] {dag.py:3722} INFO - Setting next_dagrun for dataset_consumes_1 to None, run_after=None
[2023-12-16T21:01:41.066+0000] {logging_mixin.py:154} INFO - [2023-12-16T21:01:41.066+0000] {dag.py:3722} INFO - Setting next_dagrun for dataset_consumes_1_and_2 to None, run_after=None
[2023-12-16T21:01:41.105+0000] {logging_mixin.py:154} INFO - [2023-12-16T21:01:41.103+0000] {dag.py:3722} INFO - Setting next_dagrun for dataset_consumes_1_never_scheduled to None, run_after=None
[2023-12-16T21:01:41.137+0000] {logging_mixin.py:154} INFO - [2023-12-16T21:01:41.136+0000] {dag.py:3722} INFO - Setting next_dagrun for dataset_consumes_unknown_never_scheduled to None, run_after=None
[2023-12-16T21:01:41.262+0000] {logging_mixin.py:154} INFO - [2023-12-16T21:01:41.227+0000] {dag.py:3722} INFO - Setting next_dagrun for dataset_produces_1 to 2023-12-15T00:00:00+00:00, run_after=2023-12-16T00:00:00+00:00
[2023-12-16T21:01:41.274+0000] {logging_mixin.py:154} INFO - [2023-12-16T21:01:41.273+0000] {dag.py:3722} INFO - Setting next_dagrun for dataset_produces_2 to None, run_after=None
[2023-12-16T21:01:41.473+0000] {processor.py:179} INFO - Processing /home/airflow/.local/lib/python3.8/site-packages/airflow/example_dags/example_datasets.py took 0.976 seconds
[2023-12-16T21:07:11.678+0000] {processor.py:157} INFO - Started process (PID=81) to work on /home/airflow/.local/lib/python3.8/site-packages/airflow/example_dags/example_datasets.py
[2023-12-16T21:07:11.682+0000] {processor.py:829} INFO - Processing file /home/airflow/.local/lib/python3.8/site-packages/airflow/example_dags/example_datasets.py for tasks to queue
[2023-12-16T21:07:11.688+0000] {logging_mixin.py:154} INFO - [2023-12-16T21:07:11.688+0000] {dagbag.py:536} INFO - Filling up the DagBag from /home/airflow/.local/lib/python3.8/site-packages/airflow/example_dags/example_datasets.py
[2023-12-16T21:07:11.725+0000] {processor.py:839} INFO - DAG(s) dict_keys(['dataset_consumes_unknown_never_scheduled', 'dataset_produces_2', 'dataset_consumes_1_never_scheduled', 'dataset_consumes_1', 'dataset_produces_1', 'dataset_consumes_1_and_2']) retrieved from /home/airflow/.local/lib/python3.8/site-packages/airflow/example_dags/example_datasets.py
[2023-12-16T21:07:11.824+0000] {logging_mixin.py:154} INFO - [2023-12-16T21:07:11.824+0000] {dag.py:2941} INFO - Sync 6 DAGs
[2023-12-16T21:07:11.879+0000] {logging_mixin.py:154} INFO - [2023-12-16T21:07:11.879+0000] {dag.py:3722} INFO - Setting next_dagrun for dataset_consumes_1 to None, run_after=None
[2023-12-16T21:07:11.887+0000] {logging_mixin.py:154} INFO - [2023-12-16T21:07:11.887+0000] {dag.py:3722} INFO - Setting next_dagrun for dataset_consumes_1_and_2 to None, run_after=None
[2023-12-16T21:07:11.891+0000] {logging_mixin.py:154} INFO - [2023-12-16T21:07:11.891+0000] {dag.py:3722} INFO - Setting next_dagrun for dataset_consumes_1_never_scheduled to None, run_after=None
[2023-12-16T21:07:11.895+0000] {logging_mixin.py:154} INFO - [2023-12-16T21:07:11.894+0000] {dag.py:3722} INFO - Setting next_dagrun for dataset_consumes_unknown_never_scheduled to None, run_after=None
[2023-12-16T21:07:11.902+0000] {logging_mixin.py:154} INFO - [2023-12-16T21:07:11.902+0000] {dag.py:3722} INFO - Setting next_dagrun for dataset_produces_1 to 2023-12-15T00:00:00+00:00, run_after=2023-12-16T00:00:00+00:00
[2023-12-16T21:07:11.906+0000] {logging_mixin.py:154} INFO - [2023-12-16T21:07:11.906+0000] {dag.py:3722} INFO - Setting next_dagrun for dataset_produces_2 to None, run_after=None
[2023-12-16T21:07:11.991+0000] {processor.py:179} INFO - Processing /home/airflow/.local/lib/python3.8/site-packages/airflow/example_dags/example_datasets.py took 0.322 seconds
[2023-12-16T21:07:42.728+0000] {processor.py:157} INFO - Started process (PID=135) to work on /home/airflow/.local/lib/python3.8/site-packages/airflow/example_dags/example_datasets.py
[2023-12-16T21:07:42.732+0000] {processor.py:829} INFO - Processing file /home/airflow/.local/lib/python3.8/site-packages/airflow/example_dags/example_datasets.py for tasks to queue
[2023-12-16T21:07:42.737+0000] {logging_mixin.py:154} INFO - [2023-12-16T21:07:42.736+0000] {dagbag.py:536} INFO - Filling up the DagBag from /home/airflow/.local/lib/python3.8/site-packages/airflow/example_dags/example_datasets.py
[2023-12-16T21:07:42.760+0000] {processor.py:839} INFO - DAG(s) dict_keys(['dataset_produces_2', 'dataset_produces_1', 'dataset_consumes_1_never_scheduled', 'dataset_consumes_1_and_2', 'dataset_consumes_unknown_never_scheduled', 'dataset_consumes_1']) retrieved from /home/airflow/.local/lib/python3.8/site-packages/airflow/example_dags/example_datasets.py
[2023-12-16T21:07:42.838+0000] {logging_mixin.py:154} INFO - [2023-12-16T21:07:42.838+0000] {dag.py:2941} INFO - Sync 6 DAGs
[2023-12-16T21:07:42.884+0000] {logging_mixin.py:154} INFO - [2023-12-16T21:07:42.884+0000] {dag.py:3722} INFO - Setting next_dagrun for dataset_consumes_1 to None, run_after=None
[2023-12-16T21:07:42.893+0000] {logging_mixin.py:154} INFO - [2023-12-16T21:07:42.893+0000] {dag.py:3722} INFO - Setting next_dagrun for dataset_consumes_1_and_2 to None, run_after=None
[2023-12-16T21:07:42.896+0000] {logging_mixin.py:154} INFO - [2023-12-16T21:07:42.896+0000] {dag.py:3722} INFO - Setting next_dagrun for dataset_consumes_1_never_scheduled to None, run_after=None
[2023-12-16T21:07:42.899+0000] {logging_mixin.py:154} INFO - [2023-12-16T21:07:42.898+0000] {dag.py:3722} INFO - Setting next_dagrun for dataset_consumes_unknown_never_scheduled to None, run_after=None
[2023-12-16T21:07:42.908+0000] {logging_mixin.py:154} INFO - [2023-12-16T21:07:42.908+0000] {dag.py:3722} INFO - Setting next_dagrun for dataset_produces_1 to 2023-12-15T00:00:00+00:00, run_after=2023-12-16T00:00:00+00:00
[2023-12-16T21:07:42.911+0000] {logging_mixin.py:154} INFO - [2023-12-16T21:07:42.911+0000] {dag.py:3722} INFO - Setting next_dagrun for dataset_produces_2 to None, run_after=None
[2023-12-16T21:07:42.992+0000] {processor.py:179} INFO - Processing /home/airflow/.local/lib/python3.8/site-packages/airflow/example_dags/example_datasets.py took 0.270 seconds
[2023-12-16T21:08:13.905+0000] {processor.py:157} INFO - Started process (PID=189) to work on /home/airflow/.local/lib/python3.8/site-packages/airflow/example_dags/example_datasets.py
[2023-12-16T21:08:13.917+0000] {processor.py:829} INFO - Processing file /home/airflow/.local/lib/python3.8/site-packages/airflow/example_dags/example_datasets.py for tasks to queue
[2023-12-16T21:08:13.933+0000] {logging_mixin.py:154} INFO - [2023-12-16T21:08:13.933+0000] {dagbag.py:536} INFO - Filling up the DagBag from /home/airflow/.local/lib/python3.8/site-packages/airflow/example_dags/example_datasets.py
[2023-12-16T21:08:13.966+0000] {processor.py:839} INFO - DAG(s) dict_keys(['dataset_produces_1', 'dataset_consumes_unknown_never_scheduled', 'dataset_consumes_1', 'dataset_produces_2', 'dataset_consumes_1_never_scheduled', 'dataset_consumes_1_and_2']) retrieved from /home/airflow/.local/lib/python3.8/site-packages/airflow/example_dags/example_datasets.py
[2023-12-16T21:08:14.163+0000] {logging_mixin.py:154} INFO - [2023-12-16T21:08:14.163+0000] {dag.py:2941} INFO - Sync 6 DAGs
[2023-12-16T21:08:14.259+0000] {logging_mixin.py:154} INFO - [2023-12-16T21:08:14.259+0000] {dag.py:3722} INFO - Setting next_dagrun for dataset_consumes_1 to None, run_after=None
[2023-12-16T21:08:14.273+0000] {logging_mixin.py:154} INFO - [2023-12-16T21:08:14.273+0000] {dag.py:3722} INFO - Setting next_dagrun for dataset_consumes_1_and_2 to None, run_after=None
[2023-12-16T21:08:14.278+0000] {logging_mixin.py:154} INFO - [2023-12-16T21:08:14.277+0000] {dag.py:3722} INFO - Setting next_dagrun for dataset_consumes_1_never_scheduled to None, run_after=None
[2023-12-16T21:08:14.281+0000] {logging_mixin.py:154} INFO - [2023-12-16T21:08:14.281+0000] {dag.py:3722} INFO - Setting next_dagrun for dataset_consumes_unknown_never_scheduled to None, run_after=None
[2023-12-16T21:08:14.295+0000] {logging_mixin.py:154} INFO - [2023-12-16T21:08:14.295+0000] {dag.py:3722} INFO - Setting next_dagrun for dataset_produces_1 to 2023-12-15T00:00:00+00:00, run_after=2023-12-16T00:00:00+00:00
[2023-12-16T21:08:14.299+0000] {logging_mixin.py:154} INFO - [2023-12-16T21:08:14.299+0000] {dag.py:3722} INFO - Setting next_dagrun for dataset_produces_2 to None, run_after=None
[2023-12-16T21:08:14.368+0000] {processor.py:179} INFO - Processing /home/airflow/.local/lib/python3.8/site-packages/airflow/example_dags/example_datasets.py took 0.484 seconds
[2023-12-16T21:08:47.898+0000] {processor.py:157} INFO - Started process (PID=243) to work on /home/airflow/.local/lib/python3.8/site-packages/airflow/example_dags/example_datasets.py
[2023-12-16T21:08:47.969+0000] {processor.py:829} INFO - Processing file /home/airflow/.local/lib/python3.8/site-packages/airflow/example_dags/example_datasets.py for tasks to queue
[2023-12-16T21:08:47.989+0000] {logging_mixin.py:154} INFO - [2023-12-16T21:08:47.988+0000] {dagbag.py:536} INFO - Filling up the DagBag from /home/airflow/.local/lib/python3.8/site-packages/airflow/example_dags/example_datasets.py
[2023-12-16T21:08:48.075+0000] {processor.py:839} INFO - DAG(s) dict_keys(['dataset_consumes_unknown_never_scheduled', 'dataset_consumes_1', 'dataset_produces_1', 'dataset_consumes_1_never_scheduled', 'dataset_produces_2', 'dataset_consumes_1_and_2']) retrieved from /home/airflow/.local/lib/python3.8/site-packages/airflow/example_dags/example_datasets.py
[2023-12-16T21:08:48.440+0000] {logging_mixin.py:154} INFO - [2023-12-16T21:08:48.440+0000] {dag.py:2941} INFO - Sync 6 DAGs
[2023-12-16T21:08:48.693+0000] {logging_mixin.py:154} INFO - [2023-12-16T21:08:48.693+0000] {dag.py:3722} INFO - Setting next_dagrun for dataset_consumes_1 to None, run_after=None
[2023-12-16T21:08:48.739+0000] {logging_mixin.py:154} INFO - [2023-12-16T21:08:48.728+0000] {dag.py:3722} INFO - Setting next_dagrun for dataset_consumes_1_and_2 to None, run_after=None
[2023-12-16T21:08:48.749+0000] {logging_mixin.py:154} INFO - [2023-12-16T21:08:48.749+0000] {dag.py:3722} INFO - Setting next_dagrun for dataset_consumes_1_never_scheduled to None, run_after=None
[2023-12-16T21:08:48.769+0000] {logging_mixin.py:154} INFO - [2023-12-16T21:08:48.768+0000] {dag.py:3722} INFO - Setting next_dagrun for dataset_consumes_unknown_never_scheduled to None, run_after=None
[2023-12-16T21:08:48.807+0000] {logging_mixin.py:154} INFO - [2023-12-16T21:08:48.807+0000] {dag.py:3722} INFO - Setting next_dagrun for dataset_produces_1 to 2023-12-15T00:00:00+00:00, run_after=2023-12-16T00:00:00+00:00
[2023-12-16T21:08:48.811+0000] {logging_mixin.py:154} INFO - [2023-12-16T21:08:48.811+0000] {dag.py:3722} INFO - Setting next_dagrun for dataset_produces_2 to None, run_after=None
[2023-12-16T21:08:49.146+0000] {processor.py:179} INFO - Processing /home/airflow/.local/lib/python3.8/site-packages/airflow/example_dags/example_datasets.py took 1.255 seconds
[2023-12-16T21:09:19.740+0000] {processor.py:157} INFO - Started process (PID=297) to work on /home/airflow/.local/lib/python3.8/site-packages/airflow/example_dags/example_datasets.py
[2023-12-16T21:09:19.742+0000] {processor.py:829} INFO - Processing file /home/airflow/.local/lib/python3.8/site-packages/airflow/example_dags/example_datasets.py for tasks to queue
[2023-12-16T21:09:19.747+0000] {logging_mixin.py:154} INFO - [2023-12-16T21:09:19.747+0000] {dagbag.py:536} INFO - Filling up the DagBag from /home/airflow/.local/lib/python3.8/site-packages/airflow/example_dags/example_datasets.py
[2023-12-16T21:09:19.769+0000] {processor.py:839} INFO - DAG(s) dict_keys(['dataset_produces_1', 'dataset_produces_2', 'dataset_consumes_1_and_2', 'dataset_consumes_unknown_never_scheduled', 'dataset_consumes_1_never_scheduled', 'dataset_consumes_1']) retrieved from /home/airflow/.local/lib/python3.8/site-packages/airflow/example_dags/example_datasets.py
[2023-12-16T21:09:19.853+0000] {logging_mixin.py:154} INFO - [2023-12-16T21:09:19.853+0000] {dag.py:2941} INFO - Sync 6 DAGs
[2023-12-16T21:09:19.898+0000] {logging_mixin.py:154} INFO - [2023-12-16T21:09:19.898+0000] {dag.py:3722} INFO - Setting next_dagrun for dataset_consumes_1 to None, run_after=None
[2023-12-16T21:09:19.907+0000] {logging_mixin.py:154} INFO - [2023-12-16T21:09:19.907+0000] {dag.py:3722} INFO - Setting next_dagrun for dataset_consumes_1_and_2 to None, run_after=None
[2023-12-16T21:09:19.910+0000] {logging_mixin.py:154} INFO - [2023-12-16T21:09:19.909+0000] {dag.py:3722} INFO - Setting next_dagrun for dataset_consumes_1_never_scheduled to None, run_after=None
[2023-12-16T21:09:19.912+0000] {logging_mixin.py:154} INFO - [2023-12-16T21:09:19.912+0000] {dag.py:3722} INFO - Setting next_dagrun for dataset_consumes_unknown_never_scheduled to None, run_after=None
[2023-12-16T21:09:19.918+0000] {logging_mixin.py:154} INFO - [2023-12-16T21:09:19.918+0000] {dag.py:3722} INFO - Setting next_dagrun for dataset_produces_1 to 2023-12-15T00:00:00+00:00, run_after=2023-12-16T00:00:00+00:00
[2023-12-16T21:09:19.922+0000] {logging_mixin.py:154} INFO - [2023-12-16T21:09:19.922+0000] {dag.py:3722} INFO - Setting next_dagrun for dataset_produces_2 to None, run_after=None
[2023-12-16T21:09:19.997+0000] {processor.py:179} INFO - Processing /home/airflow/.local/lib/python3.8/site-packages/airflow/example_dags/example_datasets.py took 0.264 seconds
[2023-12-16T21:09:50.808+0000] {processor.py:157} INFO - Started process (PID=351) to work on /home/airflow/.local/lib/python3.8/site-packages/airflow/example_dags/example_datasets.py
[2023-12-16T21:09:50.836+0000] {processor.py:829} INFO - Processing file /home/airflow/.local/lib/python3.8/site-packages/airflow/example_dags/example_datasets.py for tasks to queue
[2023-12-16T21:09:50.882+0000] {logging_mixin.py:154} INFO - [2023-12-16T21:09:50.881+0000] {dagbag.py:536} INFO - Filling up the DagBag from /home/airflow/.local/lib/python3.8/site-packages/airflow/example_dags/example_datasets.py
[2023-12-16T21:09:50.998+0000] {processor.py:839} INFO - DAG(s) dict_keys(['dataset_consumes_unknown_never_scheduled', 'dataset_consumes_1_and_2', 'dataset_produces_2', 'dataset_consumes_1_never_scheduled', 'dataset_produces_1', 'dataset_consumes_1']) retrieved from /home/airflow/.local/lib/python3.8/site-packages/airflow/example_dags/example_datasets.py
[2023-12-16T21:09:55.111+0000] {logging_mixin.py:154} INFO - [2023-12-16T21:09:55.109+0000] {dag.py:2941} INFO - Sync 6 DAGs
[2023-12-16T21:09:55.304+0000] {logging_mixin.py:154} INFO - [2023-12-16T21:09:55.304+0000] {dag.py:3722} INFO - Setting next_dagrun for dataset_consumes_1 to None, run_after=None
[2023-12-16T21:09:55.320+0000] {logging_mixin.py:154} INFO - [2023-12-16T21:09:55.320+0000] {dag.py:3722} INFO - Setting next_dagrun for dataset_consumes_1_and_2 to None, run_after=None
[2023-12-16T21:09:55.333+0000] {logging_mixin.py:154} INFO - [2023-12-16T21:09:55.332+0000] {dag.py:3722} INFO - Setting next_dagrun for dataset_consumes_1_never_scheduled to None, run_after=None
[2023-12-16T21:09:55.341+0000] {logging_mixin.py:154} INFO - [2023-12-16T21:09:55.341+0000] {dag.py:3722} INFO - Setting next_dagrun for dataset_consumes_unknown_never_scheduled to None, run_after=None
[2023-12-16T21:09:55.363+0000] {logging_mixin.py:154} INFO - [2023-12-16T21:09:55.362+0000] {dag.py:3722} INFO - Setting next_dagrun for dataset_produces_1 to 2023-12-15T00:00:00+00:00, run_after=2023-12-16T00:00:00+00:00
[2023-12-16T21:09:55.382+0000] {logging_mixin.py:154} INFO - [2023-12-16T21:09:55.382+0000] {dag.py:3722} INFO - Setting next_dagrun for dataset_produces_2 to None, run_after=None
[2023-12-16T21:09:55.572+0000] {processor.py:179} INFO - Processing /home/airflow/.local/lib/python3.8/site-packages/airflow/example_dags/example_datasets.py took 4.784 seconds
[2023-12-16T21:10:25.711+0000] {processor.py:157} INFO - Started process (PID=405) to work on /home/airflow/.local/lib/python3.8/site-packages/airflow/example_dags/example_datasets.py
[2023-12-16T21:10:25.714+0000] {processor.py:829} INFO - Processing file /home/airflow/.local/lib/python3.8/site-packages/airflow/example_dags/example_datasets.py for tasks to queue
[2023-12-16T21:10:25.723+0000] {logging_mixin.py:154} INFO - [2023-12-16T21:10:25.722+0000] {dagbag.py:536} INFO - Filling up the DagBag from /home/airflow/.local/lib/python3.8/site-packages/airflow/example_dags/example_datasets.py
[2023-12-16T21:10:25.773+0000] {processor.py:839} INFO - DAG(s) dict_keys(['dataset_consumes_1_never_scheduled', 'dataset_produces_2', 'dataset_consumes_1', 'dataset_consumes_1_and_2', 'dataset_produces_1', 'dataset_consumes_unknown_never_scheduled']) retrieved from /home/airflow/.local/lib/python3.8/site-packages/airflow/example_dags/example_datasets.py
[2023-12-16T21:10:25.899+0000] {logging_mixin.py:154} INFO - [2023-12-16T21:10:25.899+0000] {dag.py:2941} INFO - Sync 6 DAGs
[2023-12-16T21:10:25.980+0000] {logging_mixin.py:154} INFO - [2023-12-16T21:10:25.979+0000] {dag.py:3722} INFO - Setting next_dagrun for dataset_consumes_1 to None, run_after=None
[2023-12-16T21:10:25.993+0000] {logging_mixin.py:154} INFO - [2023-12-16T21:10:25.993+0000] {dag.py:3722} INFO - Setting next_dagrun for dataset_consumes_1_and_2 to None, run_after=None
[2023-12-16T21:10:25.997+0000] {logging_mixin.py:154} INFO - [2023-12-16T21:10:25.996+0000] {dag.py:3722} INFO - Setting next_dagrun for dataset_consumes_1_never_scheduled to None, run_after=None
[2023-12-16T21:10:26.001+0000] {logging_mixin.py:154} INFO - [2023-12-16T21:10:26.000+0000] {dag.py:3722} INFO - Setting next_dagrun for dataset_consumes_unknown_never_scheduled to None, run_after=None
[2023-12-16T21:10:26.010+0000] {logging_mixin.py:154} INFO - [2023-12-16T21:10:26.010+0000] {dag.py:3722} INFO - Setting next_dagrun for dataset_produces_1 to 2023-12-15T00:00:00+00:00, run_after=2023-12-16T00:00:00+00:00
[2023-12-16T21:10:26.014+0000] {logging_mixin.py:154} INFO - [2023-12-16T21:10:26.013+0000] {dag.py:3722} INFO - Setting next_dagrun for dataset_produces_2 to None, run_after=None
[2023-12-16T21:10:26.176+0000] {processor.py:179} INFO - Processing /home/airflow/.local/lib/python3.8/site-packages/airflow/example_dags/example_datasets.py took 0.471 seconds
[2023-12-16T21:10:56.514+0000] {processor.py:157} INFO - Started process (PID=461) to work on /home/airflow/.local/lib/python3.8/site-packages/airflow/example_dags/example_datasets.py
[2023-12-16T21:10:56.517+0000] {processor.py:829} INFO - Processing file /home/airflow/.local/lib/python3.8/site-packages/airflow/example_dags/example_datasets.py for tasks to queue
[2023-12-16T21:10:56.524+0000] {logging_mixin.py:154} INFO - [2023-12-16T21:10:56.523+0000] {dagbag.py:536} INFO - Filling up the DagBag from /home/airflow/.local/lib/python3.8/site-packages/airflow/example_dags/example_datasets.py
[2023-12-16T21:10:56.565+0000] {processor.py:839} INFO - DAG(s) dict_keys(['dataset_produces_1', 'dataset_consumes_unknown_never_scheduled', 'dataset_consumes_1_and_2', 'dataset_consumes_1', 'dataset_produces_2', 'dataset_consumes_1_never_scheduled']) retrieved from /home/airflow/.local/lib/python3.8/site-packages/airflow/example_dags/example_datasets.py
[2023-12-16T21:10:56.662+0000] {logging_mixin.py:154} INFO - [2023-12-16T21:10:56.661+0000] {dag.py:2941} INFO - Sync 6 DAGs
[2023-12-16T21:10:56.705+0000] {logging_mixin.py:154} INFO - [2023-12-16T21:10:56.705+0000] {dag.py:3722} INFO - Setting next_dagrun for dataset_consumes_1 to None, run_after=None
[2023-12-16T21:10:56.711+0000] {logging_mixin.py:154} INFO - [2023-12-16T21:10:56.711+0000] {dag.py:3722} INFO - Setting next_dagrun for dataset_consumes_1_and_2 to None, run_after=None
[2023-12-16T21:10:56.714+0000] {logging_mixin.py:154} INFO - [2023-12-16T21:10:56.713+0000] {dag.py:3722} INFO - Setting next_dagrun for dataset_consumes_1_never_scheduled to None, run_after=None
[2023-12-16T21:10:56.716+0000] {logging_mixin.py:154} INFO - [2023-12-16T21:10:56.716+0000] {dag.py:3722} INFO - Setting next_dagrun for dataset_consumes_unknown_never_scheduled to None, run_after=None
[2023-12-16T21:10:56.721+0000] {logging_mixin.py:154} INFO - [2023-12-16T21:10:56.721+0000] {dag.py:3722} INFO - Setting next_dagrun for dataset_produces_1 to 2023-12-15T00:00:00+00:00, run_after=2023-12-16T00:00:00+00:00
[2023-12-16T21:10:56.724+0000] {logging_mixin.py:154} INFO - [2023-12-16T21:10:56.723+0000] {dag.py:3722} INFO - Setting next_dagrun for dataset_produces_2 to None, run_after=None
[2023-12-16T21:10:56.781+0000] {processor.py:179} INFO - Processing /home/airflow/.local/lib/python3.8/site-packages/airflow/example_dags/example_datasets.py took 0.275 seconds
[2023-12-16T21:11:26.857+0000] {processor.py:157} INFO - Started process (PID=515) to work on /home/airflow/.local/lib/python3.8/site-packages/airflow/example_dags/example_datasets.py
[2023-12-16T21:11:26.860+0000] {processor.py:829} INFO - Processing file /home/airflow/.local/lib/python3.8/site-packages/airflow/example_dags/example_datasets.py for tasks to queue
[2023-12-16T21:11:26.868+0000] {logging_mixin.py:154} INFO - [2023-12-16T21:11:26.866+0000] {dagbag.py:536} INFO - Filling up the DagBag from /home/airflow/.local/lib/python3.8/site-packages/airflow/example_dags/example_datasets.py
[2023-12-16T21:11:26.907+0000] {processor.py:839} INFO - DAG(s) dict_keys(['dataset_consumes_1_never_scheduled', 'dataset_consumes_1', 'dataset_produces_1', 'dataset_consumes_1_and_2', 'dataset_produces_2', 'dataset_consumes_unknown_never_scheduled']) retrieved from /home/airflow/.local/lib/python3.8/site-packages/airflow/example_dags/example_datasets.py
[2023-12-16T21:11:27.006+0000] {logging_mixin.py:154} INFO - [2023-12-16T21:11:27.006+0000] {dag.py:2941} INFO - Sync 6 DAGs
[2023-12-16T21:11:27.084+0000] {logging_mixin.py:154} INFO - [2023-12-16T21:11:27.083+0000] {dag.py:3722} INFO - Setting next_dagrun for dataset_consumes_1 to None, run_after=None
[2023-12-16T21:11:27.096+0000] {logging_mixin.py:154} INFO - [2023-12-16T21:11:27.096+0000] {dag.py:3722} INFO - Setting next_dagrun for dataset_consumes_1_and_2 to None, run_after=None
[2023-12-16T21:11:27.101+0000] {logging_mixin.py:154} INFO - [2023-12-16T21:11:27.100+0000] {dag.py:3722} INFO - Setting next_dagrun for dataset_consumes_1_never_scheduled to None, run_after=None
[2023-12-16T21:11:27.106+0000] {logging_mixin.py:154} INFO - [2023-12-16T21:11:27.105+0000] {dag.py:3722} INFO - Setting next_dagrun for dataset_consumes_unknown_never_scheduled to None, run_after=None
[2023-12-16T21:11:27.118+0000] {logging_mixin.py:154} INFO - [2023-12-16T21:11:27.117+0000] {dag.py:3722} INFO - Setting next_dagrun for dataset_produces_1 to 2023-12-15T00:00:00+00:00, run_after=2023-12-16T00:00:00+00:00
[2023-12-16T21:11:27.124+0000] {logging_mixin.py:154} INFO - [2023-12-16T21:11:27.123+0000] {dag.py:3722} INFO - Setting next_dagrun for dataset_produces_2 to None, run_after=None
[2023-12-16T21:11:27.231+0000] {processor.py:179} INFO - Processing /home/airflow/.local/lib/python3.8/site-packages/airflow/example_dags/example_datasets.py took 0.385 seconds
[2023-12-16T21:11:57.380+0000] {processor.py:157} INFO - Started process (PID=569) to work on /home/airflow/.local/lib/python3.8/site-packages/airflow/example_dags/example_datasets.py
[2023-12-16T21:11:57.382+0000] {processor.py:829} INFO - Processing file /home/airflow/.local/lib/python3.8/site-packages/airflow/example_dags/example_datasets.py for tasks to queue
[2023-12-16T21:11:57.385+0000] {logging_mixin.py:154} INFO - [2023-12-16T21:11:57.385+0000] {dagbag.py:536} INFO - Filling up the DagBag from /home/airflow/.local/lib/python3.8/site-packages/airflow/example_dags/example_datasets.py
[2023-12-16T21:11:57.404+0000] {processor.py:839} INFO - DAG(s) dict_keys(['dataset_consumes_1', 'dataset_consumes_1_and_2', 'dataset_produces_1', 'dataset_consumes_1_never_scheduled', 'dataset_consumes_unknown_never_scheduled', 'dataset_produces_2']) retrieved from /home/airflow/.local/lib/python3.8/site-packages/airflow/example_dags/example_datasets.py
[2023-12-16T21:11:57.482+0000] {logging_mixin.py:154} INFO - [2023-12-16T21:11:57.482+0000] {dag.py:2941} INFO - Sync 6 DAGs
[2023-12-16T21:11:57.530+0000] {logging_mixin.py:154} INFO - [2023-12-16T21:11:57.529+0000] {dag.py:3722} INFO - Setting next_dagrun for dataset_consumes_1 to None, run_after=None
[2023-12-16T21:11:57.538+0000] {logging_mixin.py:154} INFO - [2023-12-16T21:11:57.538+0000] {dag.py:3722} INFO - Setting next_dagrun for dataset_consumes_1_and_2 to None, run_after=None
[2023-12-16T21:11:57.541+0000] {logging_mixin.py:154} INFO - [2023-12-16T21:11:57.541+0000] {dag.py:3722} INFO - Setting next_dagrun for dataset_consumes_1_never_scheduled to None, run_after=None
[2023-12-16T21:11:57.544+0000] {logging_mixin.py:154} INFO - [2023-12-16T21:11:57.544+0000] {dag.py:3722} INFO - Setting next_dagrun for dataset_consumes_unknown_never_scheduled to None, run_after=None
[2023-12-16T21:11:57.552+0000] {logging_mixin.py:154} INFO - [2023-12-16T21:11:57.552+0000] {dag.py:3722} INFO - Setting next_dagrun for dataset_produces_1 to 2023-12-15T00:00:00+00:00, run_after=2023-12-16T00:00:00+00:00
[2023-12-16T21:11:57.555+0000] {logging_mixin.py:154} INFO - [2023-12-16T21:11:57.555+0000] {dag.py:3722} INFO - Setting next_dagrun for dataset_produces_2 to None, run_after=None
[2023-12-16T21:11:57.626+0000] {processor.py:179} INFO - Processing /home/airflow/.local/lib/python3.8/site-packages/airflow/example_dags/example_datasets.py took 0.253 seconds
[2023-12-16T21:12:27.736+0000] {processor.py:157} INFO - Started process (PID=622) to work on /home/airflow/.local/lib/python3.8/site-packages/airflow/example_dags/example_datasets.py
[2023-12-16T21:12:27.738+0000] {processor.py:829} INFO - Processing file /home/airflow/.local/lib/python3.8/site-packages/airflow/example_dags/example_datasets.py for tasks to queue
[2023-12-16T21:12:27.742+0000] {logging_mixin.py:154} INFO - [2023-12-16T21:12:27.742+0000] {dagbag.py:536} INFO - Filling up the DagBag from /home/airflow/.local/lib/python3.8/site-packages/airflow/example_dags/example_datasets.py
[2023-12-16T21:12:27.761+0000] {processor.py:839} INFO - DAG(s) dict_keys(['dataset_consumes_1_and_2', 'dataset_produces_2', 'dataset_consumes_unknown_never_scheduled', 'dataset_consumes_1_never_scheduled', 'dataset_produces_1', 'dataset_consumes_1']) retrieved from /home/airflow/.local/lib/python3.8/site-packages/airflow/example_dags/example_datasets.py
[2023-12-16T21:12:27.831+0000] {logging_mixin.py:154} INFO - [2023-12-16T21:12:27.830+0000] {dag.py:2941} INFO - Sync 6 DAGs
[2023-12-16T21:12:27.874+0000] {logging_mixin.py:154} INFO - [2023-12-16T21:12:27.873+0000] {dag.py:3722} INFO - Setting next_dagrun for dataset_consumes_1 to None, run_after=None
[2023-12-16T21:12:27.880+0000] {logging_mixin.py:154} INFO - [2023-12-16T21:12:27.880+0000] {dag.py:3722} INFO - Setting next_dagrun for dataset_consumes_1_and_2 to None, run_after=None
[2023-12-16T21:12:27.883+0000] {logging_mixin.py:154} INFO - [2023-12-16T21:12:27.883+0000] {dag.py:3722} INFO - Setting next_dagrun for dataset_consumes_1_never_scheduled to None, run_after=None
[2023-12-16T21:12:27.886+0000] {logging_mixin.py:154} INFO - [2023-12-16T21:12:27.886+0000] {dag.py:3722} INFO - Setting next_dagrun for dataset_consumes_unknown_never_scheduled to None, run_after=None
[2023-12-16T21:12:27.893+0000] {logging_mixin.py:154} INFO - [2023-12-16T21:12:27.893+0000] {dag.py:3722} INFO - Setting next_dagrun for dataset_produces_1 to 2023-12-15T00:00:00+00:00, run_after=2023-12-16T00:00:00+00:00
[2023-12-16T21:12:27.896+0000] {logging_mixin.py:154} INFO - [2023-12-16T21:12:27.896+0000] {dag.py:3722} INFO - Setting next_dagrun for dataset_produces_2 to None, run_after=None
[2023-12-16T21:12:27.961+0000] {processor.py:179} INFO - Processing /home/airflow/.local/lib/python3.8/site-packages/airflow/example_dags/example_datasets.py took 0.230 seconds
