[2023-12-16T19:21:54.076+0000] {processor.py:157} INFO - Started process (PID=50) to work on /home/airflow/.local/lib/python3.8/site-packages/airflow/example_dags/example_branch_operator.py
[2023-12-16T19:21:54.120+0000] {processor.py:829} INFO - Processing file /home/airflow/.local/lib/python3.8/site-packages/airflow/example_dags/example_branch_operator.py for tasks to queue
[2023-12-16T19:21:54.139+0000] {logging_mixin.py:154} INFO - [2023-12-16T19:21:54.139+0000] {dagbag.py:536} INFO - Filling up the DagBag from /home/airflow/.local/lib/python3.8/site-packages/airflow/example_dags/example_branch_operator.py
[2023-12-16T19:21:54.334+0000] {processor.py:839} INFO - DAG(s) dict_keys(['example_branch_operator']) retrieved from /home/airflow/.local/lib/python3.8/site-packages/airflow/example_dags/example_branch_operator.py
[2023-12-16T19:21:54.505+0000] {logging_mixin.py:154} INFO - [2023-12-16T19:21:54.504+0000] {dag.py:2941} INFO - Sync 1 DAGs
[2023-12-16T19:21:54.737+0000] {logging_mixin.py:154} INFO - [2023-12-16T19:21:54.737+0000] {dag.py:3722} INFO - Setting next_dagrun for example_branch_operator to 2023-12-15T00:00:00+00:00, run_after=2023-12-16T00:00:00+00:00
[2023-12-16T19:21:54.945+0000] {processor.py:179} INFO - Processing /home/airflow/.local/lib/python3.8/site-packages/airflow/example_dags/example_branch_operator.py took 0.877 seconds
[2023-12-16T19:23:10.066+0000] {processor.py:157} INFO - Started process (PID=103) to work on /home/airflow/.local/lib/python3.8/site-packages/airflow/example_dags/example_branch_operator.py
[2023-12-16T19:23:10.076+0000] {processor.py:829} INFO - Processing file /home/airflow/.local/lib/python3.8/site-packages/airflow/example_dags/example_branch_operator.py for tasks to queue
[2023-12-16T19:23:10.082+0000] {logging_mixin.py:154} INFO - [2023-12-16T19:23:10.081+0000] {dagbag.py:536} INFO - Filling up the DagBag from /home/airflow/.local/lib/python3.8/site-packages/airflow/example_dags/example_branch_operator.py
[2023-12-16T19:23:10.117+0000] {processor.py:839} INFO - DAG(s) dict_keys(['example_branch_operator']) retrieved from /home/airflow/.local/lib/python3.8/site-packages/airflow/example_dags/example_branch_operator.py
[2023-12-16T19:23:10.199+0000] {logging_mixin.py:154} INFO - [2023-12-16T19:23:10.199+0000] {dag.py:2941} INFO - Sync 1 DAGs
[2023-12-16T19:23:10.367+0000] {logging_mixin.py:154} INFO - [2023-12-16T19:23:10.364+0000] {dag.py:3722} INFO - Setting next_dagrun for example_branch_operator to 2023-12-15T00:00:00+00:00, run_after=2023-12-16T00:00:00+00:00
[2023-12-16T19:23:10.653+0000] {processor.py:179} INFO - Processing /home/airflow/.local/lib/python3.8/site-packages/airflow/example_dags/example_branch_operator.py took 0.616 seconds
[2023-12-16T19:23:41.136+0000] {processor.py:157} INFO - Started process (PID=155) to work on /home/airflow/.local/lib/python3.8/site-packages/airflow/example_dags/example_branch_operator.py
[2023-12-16T19:23:41.155+0000] {processor.py:829} INFO - Processing file /home/airflow/.local/lib/python3.8/site-packages/airflow/example_dags/example_branch_operator.py for tasks to queue
[2023-12-16T19:23:41.180+0000] {logging_mixin.py:154} INFO - [2023-12-16T19:23:41.179+0000] {dagbag.py:536} INFO - Filling up the DagBag from /home/airflow/.local/lib/python3.8/site-packages/airflow/example_dags/example_branch_operator.py
[2023-12-16T19:23:41.321+0000] {processor.py:839} INFO - DAG(s) dict_keys(['example_branch_operator']) retrieved from /home/airflow/.local/lib/python3.8/site-packages/airflow/example_dags/example_branch_operator.py
[2023-12-16T19:23:41.434+0000] {logging_mixin.py:154} INFO - [2023-12-16T19:23:41.433+0000] {dag.py:2941} INFO - Sync 1 DAGs
[2023-12-16T19:23:41.573+0000] {logging_mixin.py:154} INFO - [2023-12-16T19:23:41.573+0000] {dag.py:3722} INFO - Setting next_dagrun for example_branch_operator to 2023-12-15T00:00:00+00:00, run_after=2023-12-16T00:00:00+00:00
[2023-12-16T19:23:41.677+0000] {processor.py:179} INFO - Processing /home/airflow/.local/lib/python3.8/site-packages/airflow/example_dags/example_branch_operator.py took 0.606 seconds
[2023-12-16T19:24:12.489+0000] {processor.py:157} INFO - Started process (PID=209) to work on /home/airflow/.local/lib/python3.8/site-packages/airflow/example_dags/example_branch_operator.py
[2023-12-16T19:24:12.496+0000] {processor.py:829} INFO - Processing file /home/airflow/.local/lib/python3.8/site-packages/airflow/example_dags/example_branch_operator.py for tasks to queue
[2023-12-16T19:24:12.507+0000] {logging_mixin.py:154} INFO - [2023-12-16T19:24:12.506+0000] {dagbag.py:536} INFO - Filling up the DagBag from /home/airflow/.local/lib/python3.8/site-packages/airflow/example_dags/example_branch_operator.py
[2023-12-16T19:24:12.569+0000] {processor.py:839} INFO - DAG(s) dict_keys(['example_branch_operator']) retrieved from /home/airflow/.local/lib/python3.8/site-packages/airflow/example_dags/example_branch_operator.py
[2023-12-16T19:24:12.711+0000] {logging_mixin.py:154} INFO - [2023-12-16T19:24:12.709+0000] {dag.py:2941} INFO - Sync 1 DAGs
[2023-12-16T19:24:12.814+0000] {logging_mixin.py:154} INFO - [2023-12-16T19:24:12.814+0000] {dag.py:3722} INFO - Setting next_dagrun for example_branch_operator to 2023-12-15T00:00:00+00:00, run_after=2023-12-16T00:00:00+00:00
[2023-12-16T19:24:12.987+0000] {processor.py:179} INFO - Processing /home/airflow/.local/lib/python3.8/site-packages/airflow/example_dags/example_branch_operator.py took 0.514 seconds
[2023-12-16T19:35:37.925+0000] {processor.py:157} INFO - Started process (PID=52) to work on /home/airflow/.local/lib/python3.8/site-packages/airflow/example_dags/example_branch_operator.py
[2023-12-16T19:35:37.958+0000] {processor.py:829} INFO - Processing file /home/airflow/.local/lib/python3.8/site-packages/airflow/example_dags/example_branch_operator.py for tasks to queue
[2023-12-16T19:35:37.967+0000] {logging_mixin.py:154} INFO - [2023-12-16T19:35:37.963+0000] {dagbag.py:536} INFO - Filling up the DagBag from /home/airflow/.local/lib/python3.8/site-packages/airflow/example_dags/example_branch_operator.py
[2023-12-16T19:35:38.480+0000] {processor.py:839} INFO - DAG(s) dict_keys(['example_branch_operator']) retrieved from /home/airflow/.local/lib/python3.8/site-packages/airflow/example_dags/example_branch_operator.py
[2023-12-16T19:35:39.205+0000] {logging_mixin.py:154} INFO - [2023-12-16T19:35:39.202+0000] {dag.py:2941} INFO - Sync 1 DAGs
[2023-12-16T19:35:39.714+0000] {logging_mixin.py:154} INFO - [2023-12-16T19:35:39.696+0000] {dag.py:3722} INFO - Setting next_dagrun for example_branch_operator to 2023-12-15T00:00:00+00:00, run_after=2023-12-16T00:00:00+00:00
[2023-12-16T19:35:40.150+0000] {processor.py:179} INFO - Processing /home/airflow/.local/lib/python3.8/site-packages/airflow/example_dags/example_branch_operator.py took 2.477 seconds
[2023-12-16T19:36:22.283+0000] {processor.py:157} INFO - Started process (PID=110) to work on /home/airflow/.local/lib/python3.8/site-packages/airflow/example_dags/example_branch_operator.py
[2023-12-16T19:36:22.286+0000] {processor.py:829} INFO - Processing file /home/airflow/.local/lib/python3.8/site-packages/airflow/example_dags/example_branch_operator.py for tasks to queue
[2023-12-16T19:36:22.292+0000] {logging_mixin.py:154} INFO - [2023-12-16T19:36:22.291+0000] {dagbag.py:536} INFO - Filling up the DagBag from /home/airflow/.local/lib/python3.8/site-packages/airflow/example_dags/example_branch_operator.py
[2023-12-16T19:36:22.325+0000] {processor.py:839} INFO - DAG(s) dict_keys(['example_branch_operator']) retrieved from /home/airflow/.local/lib/python3.8/site-packages/airflow/example_dags/example_branch_operator.py
[2023-12-16T19:36:22.503+0000] {logging_mixin.py:154} INFO - [2023-12-16T19:36:22.502+0000] {dag.py:2941} INFO - Sync 1 DAGs
[2023-12-16T19:36:22.689+0000] {logging_mixin.py:154} INFO - [2023-12-16T19:36:22.681+0000] {dag.py:3722} INFO - Setting next_dagrun for example_branch_operator to 2023-12-15T00:00:00+00:00, run_after=2023-12-16T00:00:00+00:00
[2023-12-16T19:36:22.890+0000] {processor.py:179} INFO - Processing /home/airflow/.local/lib/python3.8/site-packages/airflow/example_dags/example_branch_operator.py took 0.620 seconds
[2023-12-16T19:37:04.442+0000] {processor.py:157} INFO - Started process (PID=162) to work on /home/airflow/.local/lib/python3.8/site-packages/airflow/example_dags/example_branch_operator.py
[2023-12-16T19:37:04.464+0000] {processor.py:829} INFO - Processing file /home/airflow/.local/lib/python3.8/site-packages/airflow/example_dags/example_branch_operator.py for tasks to queue
[2023-12-16T19:37:04.485+0000] {logging_mixin.py:154} INFO - [2023-12-16T19:37:04.484+0000] {dagbag.py:536} INFO - Filling up the DagBag from /home/airflow/.local/lib/python3.8/site-packages/airflow/example_dags/example_branch_operator.py
[2023-12-16T19:37:04.585+0000] {processor.py:839} INFO - DAG(s) dict_keys(['example_branch_operator']) retrieved from /home/airflow/.local/lib/python3.8/site-packages/airflow/example_dags/example_branch_operator.py
[2023-12-16T19:37:04.757+0000] {logging_mixin.py:154} INFO - [2023-12-16T19:37:04.757+0000] {dag.py:2941} INFO - Sync 1 DAGs
[2023-12-16T19:37:04.911+0000] {logging_mixin.py:154} INFO - [2023-12-16T19:37:04.910+0000] {dag.py:3722} INFO - Setting next_dagrun for example_branch_operator to 2023-12-15T00:00:00+00:00, run_after=2023-12-16T00:00:00+00:00
[2023-12-16T19:37:05.055+0000] {processor.py:179} INFO - Processing /home/airflow/.local/lib/python3.8/site-packages/airflow/example_dags/example_branch_operator.py took 0.620 seconds
[2023-12-16T19:37:49.546+0000] {processor.py:157} INFO - Started process (PID=215) to work on /home/airflow/.local/lib/python3.8/site-packages/airflow/example_dags/example_branch_operator.py
[2023-12-16T19:37:49.549+0000] {processor.py:829} INFO - Processing file /home/airflow/.local/lib/python3.8/site-packages/airflow/example_dags/example_branch_operator.py for tasks to queue
[2023-12-16T19:37:49.600+0000] {logging_mixin.py:154} INFO - [2023-12-16T19:37:49.600+0000] {dagbag.py:536} INFO - Filling up the DagBag from /home/airflow/.local/lib/python3.8/site-packages/airflow/example_dags/example_branch_operator.py
[2023-12-16T19:37:50.168+0000] {processor.py:839} INFO - DAG(s) dict_keys(['example_branch_operator']) retrieved from /home/airflow/.local/lib/python3.8/site-packages/airflow/example_dags/example_branch_operator.py
[2023-12-16T19:37:50.629+0000] {logging_mixin.py:154} INFO - [2023-12-16T19:37:50.628+0000] {dag.py:2941} INFO - Sync 1 DAGs
[2023-12-16T19:37:51.538+0000] {logging_mixin.py:154} INFO - [2023-12-16T19:37:51.537+0000] {dag.py:3722} INFO - Setting next_dagrun for example_branch_operator to 2023-12-15T00:00:00+00:00, run_after=2023-12-16T00:00:00+00:00
[2023-12-16T19:37:52.809+0000] {processor.py:179} INFO - Processing /home/airflow/.local/lib/python3.8/site-packages/airflow/example_dags/example_branch_operator.py took 3.308 seconds
[2023-12-16T19:40:53.637+0000] {processor.py:157} INFO - Started process (PID=50) to work on /home/airflow/.local/lib/python3.8/site-packages/airflow/example_dags/example_branch_operator.py
[2023-12-16T19:40:53.652+0000] {processor.py:829} INFO - Processing file /home/airflow/.local/lib/python3.8/site-packages/airflow/example_dags/example_branch_operator.py for tasks to queue
[2023-12-16T19:40:53.663+0000] {logging_mixin.py:154} INFO - [2023-12-16T19:40:53.662+0000] {dagbag.py:536} INFO - Filling up the DagBag from /home/airflow/.local/lib/python3.8/site-packages/airflow/example_dags/example_branch_operator.py
[2023-12-16T19:40:53.732+0000] {processor.py:839} INFO - DAG(s) dict_keys(['example_branch_operator']) retrieved from /home/airflow/.local/lib/python3.8/site-packages/airflow/example_dags/example_branch_operator.py
[2023-12-16T19:40:54.835+0000] {logging_mixin.py:154} INFO - [2023-12-16T19:40:54.834+0000] {dag.py:2941} INFO - Sync 1 DAGs
[2023-12-16T19:40:55.453+0000] {logging_mixin.py:154} INFO - [2023-12-16T19:40:55.402+0000] {dag.py:3722} INFO - Setting next_dagrun for example_branch_operator to 2023-12-15T00:00:00+00:00, run_after=2023-12-16T00:00:00+00:00
[2023-12-16T19:40:55.681+0000] {processor.py:179} INFO - Processing /home/airflow/.local/lib/python3.8/site-packages/airflow/example_dags/example_branch_operator.py took 2.079 seconds
[2023-12-16T19:44:11.304+0000] {processor.py:157} INFO - Started process (PID=110) to work on /home/airflow/.local/lib/python3.8/site-packages/airflow/example_dags/example_branch_operator.py
[2023-12-16T19:44:11.317+0000] {processor.py:829} INFO - Processing file /home/airflow/.local/lib/python3.8/site-packages/airflow/example_dags/example_branch_operator.py for tasks to queue
[2023-12-16T19:44:11.320+0000] {logging_mixin.py:154} INFO - [2023-12-16T19:44:11.319+0000] {dagbag.py:536} INFO - Filling up the DagBag from /home/airflow/.local/lib/python3.8/site-packages/airflow/example_dags/example_branch_operator.py
[2023-12-16T19:44:11.493+0000] {processor.py:839} INFO - DAG(s) dict_keys(['example_branch_operator']) retrieved from /home/airflow/.local/lib/python3.8/site-packages/airflow/example_dags/example_branch_operator.py
[2023-12-16T19:44:11.891+0000] {logging_mixin.py:154} INFO - [2023-12-16T19:44:11.891+0000] {dag.py:2941} INFO - Sync 1 DAGs
[2023-12-16T19:44:12.237+0000] {logging_mixin.py:154} INFO - [2023-12-16T19:44:12.236+0000] {dag.py:3722} INFO - Setting next_dagrun for example_branch_operator to 2023-12-15T00:00:00+00:00, run_after=2023-12-16T00:00:00+00:00
[2023-12-16T19:44:12.466+0000] {processor.py:179} INFO - Processing /home/airflow/.local/lib/python3.8/site-packages/airflow/example_dags/example_branch_operator.py took 1.181 seconds
[2023-12-16T19:44:50.262+0000] {processor.py:157} INFO - Started process (PID=162) to work on /home/airflow/.local/lib/python3.8/site-packages/airflow/example_dags/example_branch_operator.py
[2023-12-16T19:44:50.276+0000] {processor.py:829} INFO - Processing file /home/airflow/.local/lib/python3.8/site-packages/airflow/example_dags/example_branch_operator.py for tasks to queue
[2023-12-16T19:44:50.279+0000] {logging_mixin.py:154} INFO - [2023-12-16T19:44:50.279+0000] {dagbag.py:536} INFO - Filling up the DagBag from /home/airflow/.local/lib/python3.8/site-packages/airflow/example_dags/example_branch_operator.py
[2023-12-16T19:44:50.391+0000] {processor.py:839} INFO - DAG(s) dict_keys(['example_branch_operator']) retrieved from /home/airflow/.local/lib/python3.8/site-packages/airflow/example_dags/example_branch_operator.py
[2023-12-16T19:44:50.707+0000] {logging_mixin.py:154} INFO - [2023-12-16T19:44:50.706+0000] {dag.py:2941} INFO - Sync 1 DAGs
[2023-12-16T19:44:50.888+0000] {logging_mixin.py:154} INFO - [2023-12-16T19:44:50.888+0000] {dag.py:3722} INFO - Setting next_dagrun for example_branch_operator to 2023-12-15T00:00:00+00:00, run_after=2023-12-16T00:00:00+00:00
[2023-12-16T19:44:51.310+0000] {processor.py:179} INFO - Processing /home/airflow/.local/lib/python3.8/site-packages/airflow/example_dags/example_branch_operator.py took 1.058 seconds
[2023-12-16T19:45:26.143+0000] {processor.py:157} INFO - Started process (PID=207) to work on /home/airflow/.local/lib/python3.8/site-packages/airflow/example_dags/example_branch_operator.py
[2023-12-16T19:45:26.146+0000] {processor.py:829} INFO - Processing file /home/airflow/.local/lib/python3.8/site-packages/airflow/example_dags/example_branch_operator.py for tasks to queue
[2023-12-16T19:45:26.155+0000] {logging_mixin.py:154} INFO - [2023-12-16T19:45:26.154+0000] {dagbag.py:536} INFO - Filling up the DagBag from /home/airflow/.local/lib/python3.8/site-packages/airflow/example_dags/example_branch_operator.py
[2023-12-16T19:45:26.243+0000] {processor.py:839} INFO - DAG(s) dict_keys(['example_branch_operator']) retrieved from /home/airflow/.local/lib/python3.8/site-packages/airflow/example_dags/example_branch_operator.py
[2023-12-16T19:45:26.438+0000] {logging_mixin.py:154} INFO - [2023-12-16T19:45:26.437+0000] {dag.py:2941} INFO - Sync 1 DAGs
[2023-12-16T19:45:26.547+0000] {logging_mixin.py:154} INFO - [2023-12-16T19:45:26.547+0000] {dag.py:3722} INFO - Setting next_dagrun for example_branch_operator to 2023-12-15T00:00:00+00:00, run_after=2023-12-16T00:00:00+00:00
[2023-12-16T19:45:26.648+0000] {processor.py:179} INFO - Processing /home/airflow/.local/lib/python3.8/site-packages/airflow/example_dags/example_branch_operator.py took 0.557 seconds
[2023-12-16T20:04:33.628+0000] {processor.py:157} INFO - Started process (PID=112) to work on /home/airflow/.local/lib/python3.8/site-packages/airflow/example_dags/example_branch_operator.py
[2023-12-16T20:04:33.636+0000] {processor.py:829} INFO - Processing file /home/airflow/.local/lib/python3.8/site-packages/airflow/example_dags/example_branch_operator.py for tasks to queue
[2023-12-16T20:04:33.647+0000] {logging_mixin.py:154} INFO - [2023-12-16T20:04:33.646+0000] {dagbag.py:536} INFO - Filling up the DagBag from /home/airflow/.local/lib/python3.8/site-packages/airflow/example_dags/example_branch_operator.py
[2023-12-16T20:04:33.726+0000] {processor.py:839} INFO - DAG(s) dict_keys(['example_branch_operator']) retrieved from /home/airflow/.local/lib/python3.8/site-packages/airflow/example_dags/example_branch_operator.py
[2023-12-16T20:04:33.902+0000] {logging_mixin.py:154} INFO - [2023-12-16T20:04:33.901+0000] {dag.py:2941} INFO - Sync 1 DAGs
[2023-12-16T20:04:33.990+0000] {logging_mixin.py:154} INFO - [2023-12-16T20:04:33.990+0000] {dag.py:3722} INFO - Setting next_dagrun for example_branch_operator to 2023-12-15T00:00:00+00:00, run_after=2023-12-16T00:00:00+00:00
[2023-12-16T20:04:34.052+0000] {processor.py:179} INFO - Processing /home/airflow/.local/lib/python3.8/site-packages/airflow/example_dags/example_branch_operator.py took 0.487 seconds
[2023-12-16T20:05:04.508+0000] {processor.py:157} INFO - Started process (PID=179) to work on /home/airflow/.local/lib/python3.8/site-packages/airflow/example_dags/example_branch_operator.py
[2023-12-16T20:05:04.531+0000] {processor.py:829} INFO - Processing file /home/airflow/.local/lib/python3.8/site-packages/airflow/example_dags/example_branch_operator.py for tasks to queue
[2023-12-16T20:05:04.579+0000] {logging_mixin.py:154} INFO - [2023-12-16T20:05:04.578+0000] {dagbag.py:536} INFO - Filling up the DagBag from /home/airflow/.local/lib/python3.8/site-packages/airflow/example_dags/example_branch_operator.py
[2023-12-16T20:05:04.629+0000] {processor.py:839} INFO - DAG(s) dict_keys(['example_branch_operator']) retrieved from /home/airflow/.local/lib/python3.8/site-packages/airflow/example_dags/example_branch_operator.py
[2023-12-16T20:05:04.843+0000] {logging_mixin.py:154} INFO - [2023-12-16T20:05:04.842+0000] {dag.py:2941} INFO - Sync 1 DAGs
[2023-12-16T20:05:05.084+0000] {logging_mixin.py:154} INFO - [2023-12-16T20:05:05.083+0000] {dag.py:3722} INFO - Setting next_dagrun for example_branch_operator to 2023-12-15T00:00:00+00:00, run_after=2023-12-16T00:00:00+00:00
[2023-12-16T20:05:05.270+0000] {processor.py:179} INFO - Processing /home/airflow/.local/lib/python3.8/site-packages/airflow/example_dags/example_branch_operator.py took 0.782 seconds
[2023-12-16T20:05:37.572+0000] {processor.py:157} INFO - Started process (PID=248) to work on /home/airflow/.local/lib/python3.8/site-packages/airflow/example_dags/example_branch_operator.py
[2023-12-16T20:05:37.574+0000] {processor.py:829} INFO - Processing file /home/airflow/.local/lib/python3.8/site-packages/airflow/example_dags/example_branch_operator.py for tasks to queue
[2023-12-16T20:05:37.581+0000] {logging_mixin.py:154} INFO - [2023-12-16T20:05:37.580+0000] {dagbag.py:536} INFO - Filling up the DagBag from /home/airflow/.local/lib/python3.8/site-packages/airflow/example_dags/example_branch_operator.py
[2023-12-16T20:05:37.606+0000] {processor.py:839} INFO - DAG(s) dict_keys(['example_branch_operator']) retrieved from /home/airflow/.local/lib/python3.8/site-packages/airflow/example_dags/example_branch_operator.py
[2023-12-16T20:05:37.670+0000] {logging_mixin.py:154} INFO - [2023-12-16T20:05:37.669+0000] {dag.py:2941} INFO - Sync 1 DAGs
[2023-12-16T20:05:37.734+0000] {logging_mixin.py:154} INFO - [2023-12-16T20:05:37.733+0000] {dag.py:3722} INFO - Setting next_dagrun for example_branch_operator to 2023-12-15T00:00:00+00:00, run_after=2023-12-16T00:00:00+00:00
[2023-12-16T20:05:37.784+0000] {processor.py:179} INFO - Processing /home/airflow/.local/lib/python3.8/site-packages/airflow/example_dags/example_branch_operator.py took 0.222 seconds
[2023-12-16T20:09:46.498+0000] {processor.py:157} INFO - Started process (PID=319) to work on /home/airflow/.local/lib/python3.8/site-packages/airflow/example_dags/example_branch_operator.py
[2023-12-16T20:09:46.532+0000] {processor.py:829} INFO - Processing file /home/airflow/.local/lib/python3.8/site-packages/airflow/example_dags/example_branch_operator.py for tasks to queue
[2023-12-16T20:09:48.376+0000] {logging_mixin.py:154} INFO - [2023-12-16T20:09:46.533+0000] {dagbag.py:536} INFO - Filling up the DagBag from /home/airflow/.local/lib/python3.8/site-packages/airflow/example_dags/example_branch_operator.py
[2023-12-16T20:09:53.977+0000] {processor.py:839} INFO - DAG(s) dict_keys(['example_branch_operator']) retrieved from /home/airflow/.local/lib/python3.8/site-packages/airflow/example_dags/example_branch_operator.py
[2023-12-16T20:10:31.702+0000] {processor.py:182} ERROR - Got an exception! Propagating...
Traceback (most recent call last):
  File "/home/airflow/.local/lib/python3.8/site-packages/sqlalchemy/engine/base.py", line 3371, in _wrap_pool_connect
    return fn()
  File "/home/airflow/.local/lib/python3.8/site-packages/sqlalchemy/pool/base.py", line 327, in connect
    return _ConnectionFairy._checkout(self)
  File "/home/airflow/.local/lib/python3.8/site-packages/sqlalchemy/pool/base.py", line 894, in _checkout
    fairy = _ConnectionRecord.checkout(pool)
  File "/home/airflow/.local/lib/python3.8/site-packages/sqlalchemy/pool/base.py", line 493, in checkout
    rec = pool._do_get()
  File "/home/airflow/.local/lib/python3.8/site-packages/sqlalchemy/pool/impl.py", line 146, in _do_get
    self._dec_overflow()
  File "/home/airflow/.local/lib/python3.8/site-packages/sqlalchemy/util/langhelpers.py", line 70, in __exit__
    compat.raise_(
  File "/home/airflow/.local/lib/python3.8/site-packages/sqlalchemy/util/compat.py", line 211, in raise_
    raise exception
  File "/home/airflow/.local/lib/python3.8/site-packages/sqlalchemy/pool/impl.py", line 143, in _do_get
    return self._create_connection()
  File "/home/airflow/.local/lib/python3.8/site-packages/sqlalchemy/pool/base.py", line 273, in _create_connection
    return _ConnectionRecord(self)
  File "/home/airflow/.local/lib/python3.8/site-packages/sqlalchemy/pool/base.py", line 388, in __init__
    self.__connect()
  File "/home/airflow/.local/lib/python3.8/site-packages/sqlalchemy/pool/base.py", line 691, in __connect
    pool.logger.debug("Error on connect(): %s", e)
  File "/home/airflow/.local/lib/python3.8/site-packages/sqlalchemy/util/langhelpers.py", line 70, in __exit__
    compat.raise_(
  File "/home/airflow/.local/lib/python3.8/site-packages/sqlalchemy/util/compat.py", line 211, in raise_
    raise exception
  File "/home/airflow/.local/lib/python3.8/site-packages/sqlalchemy/pool/base.py", line 686, in __connect
    self.dbapi_connection = connection = pool._invoke_creator(self)
  File "/home/airflow/.local/lib/python3.8/site-packages/sqlalchemy/engine/create.py", line 574, in connect
    return dialect.connect(*cargs, **cparams)
  File "/home/airflow/.local/lib/python3.8/site-packages/sqlalchemy/engine/default.py", line 598, in connect
    return self.dbapi.connect(*cargs, **cparams)
  File "/home/airflow/.local/lib/python3.8/site-packages/psycopg2/__init__.py", line 122, in connect
    conn = _connect(dsn, connection_factory=connection_factory, **kwasync)
psycopg2.OperationalError: could not translate host name "postgres" to address: Temporary failure in name resolution


The above exception was the direct cause of the following exception:

Traceback (most recent call last):
  File "/home/airflow/.local/lib/python3.8/site-packages/airflow/dag_processing/processor.py", line 178, in _run_file_processor
    _handle_dag_file_processing()
  File "/home/airflow/.local/lib/python3.8/site-packages/airflow/dag_processing/processor.py", line 159, in _handle_dag_file_processing
    result: tuple[int, int] = dag_file_processor.process_file(
  File "/home/airflow/.local/lib/python3.8/site-packages/airflow/utils/session.py", line 79, in wrapper
    return func(*args, session=session, **kwargs)
  File "/home/airflow/.local/lib/python3.8/site-packages/airflow/dag_processing/processor.py", line 857, in process_file
    serialize_errors = DagFileProcessor.save_dag_to_db(
  File "/home/airflow/.local/lib/python3.8/site-packages/airflow/api_internal/internal_api_call.py", line 114, in wrapper
    return func(*args, **kwargs)
  File "/home/airflow/.local/lib/python3.8/site-packages/airflow/utils/session.py", line 79, in wrapper
    return func(*args, session=session, **kwargs)
  File "/home/airflow/.local/lib/python3.8/site-packages/airflow/dag_processing/processor.py", line 893, in save_dag_to_db
    import_errors = DagBag._sync_to_db(dags=dags, processor_subdir=dag_directory, session=session)
  File "/home/airflow/.local/lib/python3.8/site-packages/airflow/utils/session.py", line 76, in wrapper
    return func(*args, **kwargs)
  File "/home/airflow/.local/lib/python3.8/site-packages/airflow/models/dagbag.py", line 654, in _sync_to_db
    for attempt in run_with_db_retries(logger=log):
  File "/home/airflow/.local/lib/python3.8/site-packages/tenacity/__init__.py", line 347, in __iter__
    do = self.iter(retry_state=retry_state)
  File "/home/airflow/.local/lib/python3.8/site-packages/tenacity/__init__.py", line 325, in iter
    raise retry_exc.reraise()
  File "/home/airflow/.local/lib/python3.8/site-packages/tenacity/__init__.py", line 158, in reraise
    raise self.last_attempt.result()
  File "/usr/local/lib/python3.8/concurrent/futures/_base.py", line 437, in result
    return self.__get_result()
  File "/usr/local/lib/python3.8/concurrent/futures/_base.py", line 389, in __get_result
    raise self._exception
  File "/home/airflow/.local/lib/python3.8/site-packages/airflow/models/dagbag.py", line 666, in _sync_to_db
    serialize_errors.extend(_serialize_dag_capturing_errors(dag, session))
  File "/home/airflow/.local/lib/python3.8/site-packages/airflow/models/dagbag.py", line 633, in _serialize_dag_capturing_errors
    dag_was_updated = SerializedDagModel.write_dag(
  File "/home/airflow/.local/lib/python3.8/site-packages/airflow/utils/session.py", line 76, in wrapper
    return func(*args, **kwargs)
  File "/home/airflow/.local/lib/python3.8/site-packages/airflow/models/serialized_dag.py", line 147, in write_dag
    if session.scalar(
  File "/home/airflow/.local/lib/python3.8/site-packages/sqlalchemy/orm/session.py", line 1747, in scalar
    return self.execute(
  File "/home/airflow/.local/lib/python3.8/site-packages/sqlalchemy/orm/session.py", line 1716, in execute
    conn = self._connection_for_bind(bind)
  File "/home/airflow/.local/lib/python3.8/site-packages/sqlalchemy/orm/session.py", line 1555, in _connection_for_bind
    return self._transaction._connection_for_bind(
  File "/home/airflow/.local/lib/python3.8/site-packages/sqlalchemy/orm/session.py", line 750, in _connection_for_bind
    conn = bind.connect()
  File "/home/airflow/.local/lib/python3.8/site-packages/sqlalchemy/future/engine.py", line 406, in connect
    return super(Engine, self).connect()
  File "/home/airflow/.local/lib/python3.8/site-packages/sqlalchemy/engine/base.py", line 3325, in connect
    return self._connection_cls(self, close_with_result=close_with_result)
  File "/home/airflow/.local/lib/python3.8/site-packages/sqlalchemy/engine/base.py", line 96, in __init__
    else engine.raw_connection()
  File "/home/airflow/.local/lib/python3.8/site-packages/sqlalchemy/engine/base.py", line 3404, in raw_connection
    return self._wrap_pool_connect(self.pool.connect, _connection)
  File "/home/airflow/.local/lib/python3.8/site-packages/sqlalchemy/engine/base.py", line 3374, in _wrap_pool_connect
    Connection._handle_dbapi_exception_noconnection(
  File "/home/airflow/.local/lib/python3.8/site-packages/sqlalchemy/engine/base.py", line 2208, in _handle_dbapi_exception_noconnection
    util.raise_(
  File "/home/airflow/.local/lib/python3.8/site-packages/sqlalchemy/util/compat.py", line 211, in raise_
    raise exception
  File "/home/airflow/.local/lib/python3.8/site-packages/sqlalchemy/engine/base.py", line 3371, in _wrap_pool_connect
    return fn()
  File "/home/airflow/.local/lib/python3.8/site-packages/sqlalchemy/pool/base.py", line 327, in connect
    return _ConnectionFairy._checkout(self)
  File "/home/airflow/.local/lib/python3.8/site-packages/sqlalchemy/pool/base.py", line 894, in _checkout
    fairy = _ConnectionRecord.checkout(pool)
  File "/home/airflow/.local/lib/python3.8/site-packages/sqlalchemy/pool/base.py", line 493, in checkout
    rec = pool._do_get()
  File "/home/airflow/.local/lib/python3.8/site-packages/sqlalchemy/pool/impl.py", line 146, in _do_get
    self._dec_overflow()
  File "/home/airflow/.local/lib/python3.8/site-packages/sqlalchemy/util/langhelpers.py", line 70, in __exit__
    compat.raise_(
  File "/home/airflow/.local/lib/python3.8/site-packages/sqlalchemy/util/compat.py", line 211, in raise_
    raise exception
  File "/home/airflow/.local/lib/python3.8/site-packages/sqlalchemy/pool/impl.py", line 143, in _do_get
    return self._create_connection()
  File "/home/airflow/.local/lib/python3.8/site-packages/sqlalchemy/pool/base.py", line 273, in _create_connection
    return _ConnectionRecord(self)
  File "/home/airflow/.local/lib/python3.8/site-packages/sqlalchemy/pool/base.py", line 388, in __init__
    self.__connect()
  File "/home/airflow/.local/lib/python3.8/site-packages/sqlalchemy/pool/base.py", line 691, in __connect
    pool.logger.debug("Error on connect(): %s", e)
  File "/home/airflow/.local/lib/python3.8/site-packages/sqlalchemy/util/langhelpers.py", line 70, in __exit__
    compat.raise_(
  File "/home/airflow/.local/lib/python3.8/site-packages/sqlalchemy/util/compat.py", line 211, in raise_
    raise exception
  File "/home/airflow/.local/lib/python3.8/site-packages/sqlalchemy/pool/base.py", line 686, in __connect
    self.dbapi_connection = connection = pool._invoke_creator(self)
  File "/home/airflow/.local/lib/python3.8/site-packages/sqlalchemy/engine/create.py", line 574, in connect
    return dialect.connect(*cargs, **cparams)
  File "/home/airflow/.local/lib/python3.8/site-packages/sqlalchemy/engine/default.py", line 598, in connect
    return self.dbapi.connect(*cargs, **cparams)
  File "/home/airflow/.local/lib/python3.8/site-packages/psycopg2/__init__.py", line 122, in connect
    conn = _connect(dsn, connection_factory=connection_factory, **kwasync)
sqlalchemy.exc.OperationalError: (psycopg2.OperationalError) could not translate host name "postgres" to address: Temporary failure in name resolution

(Background on this error at: https://sqlalche.me/e/14/e3q8)
[2023-12-16T20:20:32.295+0000] {processor.py:157} INFO - Started process (PID=51) to work on /home/airflow/.local/lib/python3.8/site-packages/airflow/example_dags/example_branch_operator.py
[2023-12-16T20:20:32.329+0000] {processor.py:829} INFO - Processing file /home/airflow/.local/lib/python3.8/site-packages/airflow/example_dags/example_branch_operator.py for tasks to queue
[2023-12-16T20:20:32.355+0000] {logging_mixin.py:154} INFO - [2023-12-16T20:20:32.355+0000] {dagbag.py:536} INFO - Filling up the DagBag from /home/airflow/.local/lib/python3.8/site-packages/airflow/example_dags/example_branch_operator.py
[2023-12-16T20:20:32.557+0000] {processor.py:839} INFO - DAG(s) dict_keys(['example_branch_operator']) retrieved from /home/airflow/.local/lib/python3.8/site-packages/airflow/example_dags/example_branch_operator.py
[2023-12-16T20:20:32.870+0000] {logging_mixin.py:154} INFO - [2023-12-16T20:20:32.868+0000] {dag.py:2941} INFO - Sync 1 DAGs
[2023-12-16T20:20:33.176+0000] {logging_mixin.py:154} INFO - [2023-12-16T20:20:33.175+0000] {dag.py:3722} INFO - Setting next_dagrun for example_branch_operator to 2023-12-15T00:00:00+00:00, run_after=2023-12-16T00:00:00+00:00
[2023-12-16T20:20:33.520+0000] {processor.py:179} INFO - Processing /home/airflow/.local/lib/python3.8/site-packages/airflow/example_dags/example_branch_operator.py took 1.250 seconds
[2023-12-16T20:21:12.470+0000] {processor.py:157} INFO - Started process (PID=104) to work on /home/airflow/.local/lib/python3.8/site-packages/airflow/example_dags/example_branch_operator.py
[2023-12-16T20:21:12.474+0000] {processor.py:829} INFO - Processing file /home/airflow/.local/lib/python3.8/site-packages/airflow/example_dags/example_branch_operator.py for tasks to queue
[2023-12-16T20:21:12.483+0000] {logging_mixin.py:154} INFO - [2023-12-16T20:21:12.479+0000] {dagbag.py:536} INFO - Filling up the DagBag from /home/airflow/.local/lib/python3.8/site-packages/airflow/example_dags/example_branch_operator.py
[2023-12-16T20:21:12.521+0000] {processor.py:839} INFO - DAG(s) dict_keys(['example_branch_operator']) retrieved from /home/airflow/.local/lib/python3.8/site-packages/airflow/example_dags/example_branch_operator.py
[2023-12-16T20:21:12.756+0000] {logging_mixin.py:154} INFO - [2023-12-16T20:21:12.756+0000] {dag.py:2941} INFO - Sync 1 DAGs
[2023-12-16T20:21:13.290+0000] {logging_mixin.py:154} INFO - [2023-12-16T20:21:13.290+0000] {dag.py:3722} INFO - Setting next_dagrun for example_branch_operator to 2023-12-15T00:00:00+00:00, run_after=2023-12-16T00:00:00+00:00
[2023-12-16T20:21:13.404+0000] {processor.py:179} INFO - Processing /home/airflow/.local/lib/python3.8/site-packages/airflow/example_dags/example_branch_operator.py took 0.944 seconds
[2023-12-16T20:21:43.790+0000] {processor.py:157} INFO - Started process (PID=155) to work on /home/airflow/.local/lib/python3.8/site-packages/airflow/example_dags/example_branch_operator.py
[2023-12-16T20:21:43.793+0000] {processor.py:829} INFO - Processing file /home/airflow/.local/lib/python3.8/site-packages/airflow/example_dags/example_branch_operator.py for tasks to queue
[2023-12-16T20:21:43.798+0000] {logging_mixin.py:154} INFO - [2023-12-16T20:21:43.798+0000] {dagbag.py:536} INFO - Filling up the DagBag from /home/airflow/.local/lib/python3.8/site-packages/airflow/example_dags/example_branch_operator.py
[2023-12-16T20:21:43.824+0000] {processor.py:839} INFO - DAG(s) dict_keys(['example_branch_operator']) retrieved from /home/airflow/.local/lib/python3.8/site-packages/airflow/example_dags/example_branch_operator.py
[2023-12-16T20:21:43.882+0000] {logging_mixin.py:154} INFO - [2023-12-16T20:21:43.881+0000] {dag.py:2941} INFO - Sync 1 DAGs
[2023-12-16T20:21:43.967+0000] {logging_mixin.py:154} INFO - [2023-12-16T20:21:43.967+0000] {dag.py:3722} INFO - Setting next_dagrun for example_branch_operator to 2023-12-15T00:00:00+00:00, run_after=2023-12-16T00:00:00+00:00
[2023-12-16T20:21:44.166+0000] {processor.py:179} INFO - Processing /home/airflow/.local/lib/python3.8/site-packages/airflow/example_dags/example_branch_operator.py took 0.383 seconds
[2023-12-16T20:31:13.702+0000] {processor.py:157} INFO - Started process (PID=52) to work on /home/airflow/.local/lib/python3.8/site-packages/airflow/example_dags/example_branch_operator.py
[2023-12-16T20:31:13.732+0000] {processor.py:829} INFO - Processing file /home/airflow/.local/lib/python3.8/site-packages/airflow/example_dags/example_branch_operator.py for tasks to queue
[2023-12-16T20:31:13.745+0000] {logging_mixin.py:154} INFO - [2023-12-16T20:31:13.744+0000] {dagbag.py:536} INFO - Filling up the DagBag from /home/airflow/.local/lib/python3.8/site-packages/airflow/example_dags/example_branch_operator.py
[2023-12-16T20:31:13.917+0000] {processor.py:839} INFO - DAG(s) dict_keys(['example_branch_operator']) retrieved from /home/airflow/.local/lib/python3.8/site-packages/airflow/example_dags/example_branch_operator.py
[2023-12-16T20:31:14.232+0000] {logging_mixin.py:154} INFO - [2023-12-16T20:31:14.231+0000] {dag.py:2941} INFO - Sync 1 DAGs
[2023-12-16T20:31:14.532+0000] {logging_mixin.py:154} INFO - [2023-12-16T20:31:14.531+0000] {dag.py:3722} INFO - Setting next_dagrun for example_branch_operator to 2023-12-15T00:00:00+00:00, run_after=2023-12-16T00:00:00+00:00
[2023-12-16T20:31:14.821+0000] {processor.py:179} INFO - Processing /home/airflow/.local/lib/python3.8/site-packages/airflow/example_dags/example_branch_operator.py took 1.138 seconds
[2023-12-16T20:31:46.648+0000] {processor.py:157} INFO - Started process (PID=106) to work on /home/airflow/.local/lib/python3.8/site-packages/airflow/example_dags/example_branch_operator.py
[2023-12-16T20:31:46.653+0000] {processor.py:829} INFO - Processing file /home/airflow/.local/lib/python3.8/site-packages/airflow/example_dags/example_branch_operator.py for tasks to queue
[2023-12-16T20:31:46.660+0000] {logging_mixin.py:154} INFO - [2023-12-16T20:31:46.659+0000] {dagbag.py:536} INFO - Filling up the DagBag from /home/airflow/.local/lib/python3.8/site-packages/airflow/example_dags/example_branch_operator.py
[2023-12-16T20:31:46.737+0000] {processor.py:839} INFO - DAG(s) dict_keys(['example_branch_operator']) retrieved from /home/airflow/.local/lib/python3.8/site-packages/airflow/example_dags/example_branch_operator.py
[2023-12-16T20:31:46.808+0000] {logging_mixin.py:154} INFO - [2023-12-16T20:31:46.808+0000] {dag.py:2941} INFO - Sync 1 DAGs
[2023-12-16T20:31:46.876+0000] {logging_mixin.py:154} INFO - [2023-12-16T20:31:46.875+0000] {dag.py:3722} INFO - Setting next_dagrun for example_branch_operator to 2023-12-15T00:00:00+00:00, run_after=2023-12-16T00:00:00+00:00
[2023-12-16T20:31:46.933+0000] {processor.py:179} INFO - Processing /home/airflow/.local/lib/python3.8/site-packages/airflow/example_dags/example_branch_operator.py took 0.300 seconds
[2023-12-16T20:32:17.435+0000] {processor.py:157} INFO - Started process (PID=157) to work on /home/airflow/.local/lib/python3.8/site-packages/airflow/example_dags/example_branch_operator.py
[2023-12-16T20:32:17.437+0000] {processor.py:829} INFO - Processing file /home/airflow/.local/lib/python3.8/site-packages/airflow/example_dags/example_branch_operator.py for tasks to queue
[2023-12-16T20:32:17.444+0000] {logging_mixin.py:154} INFO - [2023-12-16T20:32:17.443+0000] {dagbag.py:536} INFO - Filling up the DagBag from /home/airflow/.local/lib/python3.8/site-packages/airflow/example_dags/example_branch_operator.py
[2023-12-16T20:32:17.470+0000] {processor.py:839} INFO - DAG(s) dict_keys(['example_branch_operator']) retrieved from /home/airflow/.local/lib/python3.8/site-packages/airflow/example_dags/example_branch_operator.py
[2023-12-16T20:32:17.554+0000] {logging_mixin.py:154} INFO - [2023-12-16T20:32:17.554+0000] {dag.py:2941} INFO - Sync 1 DAGs
[2023-12-16T20:32:17.629+0000] {logging_mixin.py:154} INFO - [2023-12-16T20:32:17.629+0000] {dag.py:3722} INFO - Setting next_dagrun for example_branch_operator to 2023-12-15T00:00:00+00:00, run_after=2023-12-16T00:00:00+00:00
[2023-12-16T20:32:17.679+0000] {processor.py:179} INFO - Processing /home/airflow/.local/lib/python3.8/site-packages/airflow/example_dags/example_branch_operator.py took 0.252 seconds
[2023-12-16T20:34:25.527+0000] {processor.py:157} INFO - Started process (PID=44) to work on /home/airflow/.local/lib/python3.8/site-packages/airflow/example_dags/example_branch_operator.py
[2023-12-16T20:34:25.551+0000] {processor.py:829} INFO - Processing file /home/airflow/.local/lib/python3.8/site-packages/airflow/example_dags/example_branch_operator.py for tasks to queue
[2023-12-16T20:34:25.580+0000] {logging_mixin.py:154} INFO - [2023-12-16T20:34:25.579+0000] {dagbag.py:536} INFO - Filling up the DagBag from /home/airflow/.local/lib/python3.8/site-packages/airflow/example_dags/example_branch_operator.py
[2023-12-16T20:34:25.659+0000] {processor.py:839} INFO - DAG(s) dict_keys(['example_branch_operator']) retrieved from /home/airflow/.local/lib/python3.8/site-packages/airflow/example_dags/example_branch_operator.py
[2023-12-16T20:34:25.788+0000] {logging_mixin.py:154} INFO - [2023-12-16T20:34:25.787+0000] {dag.py:2941} INFO - Sync 1 DAGs
[2023-12-16T20:34:25.874+0000] {logging_mixin.py:154} INFO - [2023-12-16T20:34:25.874+0000] {dag.py:3722} INFO - Setting next_dagrun for example_branch_operator to 2023-12-15T00:00:00+00:00, run_after=2023-12-16T00:00:00+00:00
[2023-12-16T20:34:25.959+0000] {processor.py:179} INFO - Processing /home/airflow/.local/lib/python3.8/site-packages/airflow/example_dags/example_branch_operator.py took 0.440 seconds
[2023-12-16T20:34:56.730+0000] {processor.py:157} INFO - Started process (PID=97) to work on /home/airflow/.local/lib/python3.8/site-packages/airflow/example_dags/example_branch_operator.py
[2023-12-16T20:34:56.735+0000] {processor.py:829} INFO - Processing file /home/airflow/.local/lib/python3.8/site-packages/airflow/example_dags/example_branch_operator.py for tasks to queue
[2023-12-16T20:34:56.741+0000] {logging_mixin.py:154} INFO - [2023-12-16T20:34:56.740+0000] {dagbag.py:536} INFO - Filling up the DagBag from /home/airflow/.local/lib/python3.8/site-packages/airflow/example_dags/example_branch_operator.py
[2023-12-16T20:34:56.767+0000] {processor.py:839} INFO - DAG(s) dict_keys(['example_branch_operator']) retrieved from /home/airflow/.local/lib/python3.8/site-packages/airflow/example_dags/example_branch_operator.py
[2023-12-16T20:34:56.830+0000] {logging_mixin.py:154} INFO - [2023-12-16T20:34:56.829+0000] {dag.py:2941} INFO - Sync 1 DAGs
[2023-12-16T20:34:56.896+0000] {logging_mixin.py:154} INFO - [2023-12-16T20:34:56.896+0000] {dag.py:3722} INFO - Setting next_dagrun for example_branch_operator to 2023-12-15T00:00:00+00:00, run_after=2023-12-16T00:00:00+00:00
[2023-12-16T20:34:56.948+0000] {processor.py:179} INFO - Processing /home/airflow/.local/lib/python3.8/site-packages/airflow/example_dags/example_branch_operator.py took 0.226 seconds
[2023-12-16T20:53:39.006+0000] {processor.py:157} INFO - Started process (PID=163) to work on /home/airflow/.local/lib/python3.8/site-packages/airflow/example_dags/example_branch_operator.py
[2023-12-16T20:53:39.066+0000] {processor.py:829} INFO - Processing file /home/airflow/.local/lib/python3.8/site-packages/airflow/example_dags/example_branch_operator.py for tasks to queue
[2023-12-16T20:53:39.259+0000] {logging_mixin.py:154} INFO - [2023-12-16T20:53:39.158+0000] {dagbag.py:536} INFO - Filling up the DagBag from /home/airflow/.local/lib/python3.8/site-packages/airflow/example_dags/example_branch_operator.py
[2023-12-16T20:53:43.561+0000] {processor.py:839} INFO - DAG(s) dict_keys(['example_branch_operator']) retrieved from /home/airflow/.local/lib/python3.8/site-packages/airflow/example_dags/example_branch_operator.py
[2023-12-16T21:00:45.907+0000] {processor.py:157} INFO - Started process (PID=51) to work on /home/airflow/.local/lib/python3.8/site-packages/airflow/example_dags/example_branch_operator.py
[2023-12-16T21:00:45.962+0000] {processor.py:829} INFO - Processing file /home/airflow/.local/lib/python3.8/site-packages/airflow/example_dags/example_branch_operator.py for tasks to queue
[2023-12-16T21:00:45.968+0000] {logging_mixin.py:154} INFO - [2023-12-16T21:00:45.967+0000] {dagbag.py:536} INFO - Filling up the DagBag from /home/airflow/.local/lib/python3.8/site-packages/airflow/example_dags/example_branch_operator.py
[2023-12-16T21:00:46.014+0000] {processor.py:839} INFO - DAG(s) dict_keys(['example_branch_operator']) retrieved from /home/airflow/.local/lib/python3.8/site-packages/airflow/example_dags/example_branch_operator.py
[2023-12-16T21:00:46.259+0000] {logging_mixin.py:154} INFO - [2023-12-16T21:00:46.259+0000] {dag.py:2941} INFO - Sync 1 DAGs
[2023-12-16T21:00:46.521+0000] {logging_mixin.py:154} INFO - [2023-12-16T21:00:46.520+0000] {dag.py:3722} INFO - Setting next_dagrun for example_branch_operator to 2023-12-15T00:00:00+00:00, run_after=2023-12-16T00:00:00+00:00
[2023-12-16T21:00:46.805+0000] {processor.py:179} INFO - Processing /home/airflow/.local/lib/python3.8/site-packages/airflow/example_dags/example_branch_operator.py took 0.906 seconds
[2023-12-16T21:01:17.109+0000] {processor.py:157} INFO - Started process (PID=105) to work on /home/airflow/.local/lib/python3.8/site-packages/airflow/example_dags/example_branch_operator.py
[2023-12-16T21:01:17.115+0000] {processor.py:829} INFO - Processing file /home/airflow/.local/lib/python3.8/site-packages/airflow/example_dags/example_branch_operator.py for tasks to queue
[2023-12-16T21:01:17.144+0000] {logging_mixin.py:154} INFO - [2023-12-16T21:01:17.143+0000] {dagbag.py:536} INFO - Filling up the DagBag from /home/airflow/.local/lib/python3.8/site-packages/airflow/example_dags/example_branch_operator.py
[2023-12-16T21:01:17.195+0000] {processor.py:839} INFO - DAG(s) dict_keys(['example_branch_operator']) retrieved from /home/airflow/.local/lib/python3.8/site-packages/airflow/example_dags/example_branch_operator.py
[2023-12-16T21:01:17.261+0000] {logging_mixin.py:154} INFO - [2023-12-16T21:01:17.261+0000] {dag.py:2941} INFO - Sync 1 DAGs
[2023-12-16T21:01:17.332+0000] {logging_mixin.py:154} INFO - [2023-12-16T21:01:17.332+0000] {dag.py:3722} INFO - Setting next_dagrun for example_branch_operator to 2023-12-15T00:00:00+00:00, run_after=2023-12-16T00:00:00+00:00
[2023-12-16T21:01:17.390+0000] {processor.py:179} INFO - Processing /home/airflow/.local/lib/python3.8/site-packages/airflow/example_dags/example_branch_operator.py took 0.297 seconds
[2023-12-16T21:01:48.251+0000] {processor.py:157} INFO - Started process (PID=159) to work on /home/airflow/.local/lib/python3.8/site-packages/airflow/example_dags/example_branch_operator.py
[2023-12-16T21:01:48.253+0000] {processor.py:829} INFO - Processing file /home/airflow/.local/lib/python3.8/site-packages/airflow/example_dags/example_branch_operator.py for tasks to queue
[2023-12-16T21:01:48.258+0000] {logging_mixin.py:154} INFO - [2023-12-16T21:01:48.258+0000] {dagbag.py:536} INFO - Filling up the DagBag from /home/airflow/.local/lib/python3.8/site-packages/airflow/example_dags/example_branch_operator.py
[2023-12-16T21:01:48.294+0000] {processor.py:839} INFO - DAG(s) dict_keys(['example_branch_operator']) retrieved from /home/airflow/.local/lib/python3.8/site-packages/airflow/example_dags/example_branch_operator.py
[2023-12-16T21:01:48.360+0000] {logging_mixin.py:154} INFO - [2023-12-16T21:01:48.359+0000] {dag.py:2941} INFO - Sync 1 DAGs
[2023-12-16T21:01:48.410+0000] {logging_mixin.py:154} INFO - [2023-12-16T21:01:48.410+0000] {dag.py:3722} INFO - Setting next_dagrun for example_branch_operator to 2023-12-15T00:00:00+00:00, run_after=2023-12-16T00:00:00+00:00
[2023-12-16T21:01:48.461+0000] {processor.py:179} INFO - Processing /home/airflow/.local/lib/python3.8/site-packages/airflow/example_dags/example_branch_operator.py took 0.218 seconds
[2023-12-16T21:06:58.637+0000] {processor.py:157} INFO - Started process (PID=45) to work on /home/airflow/.local/lib/python3.8/site-packages/airflow/example_dags/example_branch_operator.py
[2023-12-16T21:06:58.639+0000] {processor.py:829} INFO - Processing file /home/airflow/.local/lib/python3.8/site-packages/airflow/example_dags/example_branch_operator.py for tasks to queue
[2023-12-16T21:06:58.646+0000] {logging_mixin.py:154} INFO - [2023-12-16T21:06:58.645+0000] {dagbag.py:536} INFO - Filling up the DagBag from /home/airflow/.local/lib/python3.8/site-packages/airflow/example_dags/example_branch_operator.py
[2023-12-16T21:06:58.688+0000] {processor.py:839} INFO - DAG(s) dict_keys(['example_branch_operator']) retrieved from /home/airflow/.local/lib/python3.8/site-packages/airflow/example_dags/example_branch_operator.py
[2023-12-16T21:06:58.768+0000] {logging_mixin.py:154} INFO - [2023-12-16T21:06:58.767+0000] {dag.py:2941} INFO - Sync 1 DAGs
[2023-12-16T21:06:58.837+0000] {logging_mixin.py:154} INFO - [2023-12-16T21:06:58.836+0000] {dag.py:3722} INFO - Setting next_dagrun for example_branch_operator to 2023-12-15T00:00:00+00:00, run_after=2023-12-16T00:00:00+00:00
[2023-12-16T21:06:58.911+0000] {processor.py:179} INFO - Processing /home/airflow/.local/lib/python3.8/site-packages/airflow/example_dags/example_branch_operator.py took 0.283 seconds
[2023-12-16T21:07:29.895+0000] {processor.py:157} INFO - Started process (PID=99) to work on /home/airflow/.local/lib/python3.8/site-packages/airflow/example_dags/example_branch_operator.py
[2023-12-16T21:07:29.898+0000] {processor.py:829} INFO - Processing file /home/airflow/.local/lib/python3.8/site-packages/airflow/example_dags/example_branch_operator.py for tasks to queue
[2023-12-16T21:07:29.903+0000] {logging_mixin.py:154} INFO - [2023-12-16T21:07:29.902+0000] {dagbag.py:536} INFO - Filling up the DagBag from /home/airflow/.local/lib/python3.8/site-packages/airflow/example_dags/example_branch_operator.py
[2023-12-16T21:07:29.930+0000] {processor.py:839} INFO - DAG(s) dict_keys(['example_branch_operator']) retrieved from /home/airflow/.local/lib/python3.8/site-packages/airflow/example_dags/example_branch_operator.py
[2023-12-16T21:07:29.995+0000] {logging_mixin.py:154} INFO - [2023-12-16T21:07:29.995+0000] {dag.py:2941} INFO - Sync 1 DAGs
[2023-12-16T21:07:30.139+0000] {logging_mixin.py:154} INFO - [2023-12-16T21:07:30.139+0000] {dag.py:3722} INFO - Setting next_dagrun for example_branch_operator to 2023-12-15T00:00:00+00:00, run_after=2023-12-16T00:00:00+00:00
[2023-12-16T21:07:30.265+0000] {processor.py:179} INFO - Processing /home/airflow/.local/lib/python3.8/site-packages/airflow/example_dags/example_branch_operator.py took 0.377 seconds
[2023-12-16T21:08:00.467+0000] {processor.py:157} INFO - Started process (PID=152) to work on /home/airflow/.local/lib/python3.8/site-packages/airflow/example_dags/example_branch_operator.py
[2023-12-16T21:08:00.469+0000] {processor.py:829} INFO - Processing file /home/airflow/.local/lib/python3.8/site-packages/airflow/example_dags/example_branch_operator.py for tasks to queue
[2023-12-16T21:08:00.473+0000] {logging_mixin.py:154} INFO - [2023-12-16T21:08:00.472+0000] {dagbag.py:536} INFO - Filling up the DagBag from /home/airflow/.local/lib/python3.8/site-packages/airflow/example_dags/example_branch_operator.py
[2023-12-16T21:08:00.500+0000] {processor.py:839} INFO - DAG(s) dict_keys(['example_branch_operator']) retrieved from /home/airflow/.local/lib/python3.8/site-packages/airflow/example_dags/example_branch_operator.py
[2023-12-16T21:08:00.537+0000] {logging_mixin.py:154} INFO - [2023-12-16T21:08:00.537+0000] {dag.py:2941} INFO - Sync 1 DAGs
[2023-12-16T21:08:00.574+0000] {logging_mixin.py:154} INFO - [2023-12-16T21:08:00.573+0000] {dag.py:3722} INFO - Setting next_dagrun for example_branch_operator to 2023-12-15T00:00:00+00:00, run_after=2023-12-16T00:00:00+00:00
[2023-12-16T21:08:00.603+0000] {processor.py:179} INFO - Processing /home/airflow/.local/lib/python3.8/site-packages/airflow/example_dags/example_branch_operator.py took 0.142 seconds
[2023-12-16T21:08:31.261+0000] {processor.py:157} INFO - Started process (PID=207) to work on /home/airflow/.local/lib/python3.8/site-packages/airflow/example_dags/example_branch_operator.py
[2023-12-16T21:08:31.264+0000] {processor.py:829} INFO - Processing file /home/airflow/.local/lib/python3.8/site-packages/airflow/example_dags/example_branch_operator.py for tasks to queue
[2023-12-16T21:08:31.270+0000] {logging_mixin.py:154} INFO - [2023-12-16T21:08:31.269+0000] {dagbag.py:536} INFO - Filling up the DagBag from /home/airflow/.local/lib/python3.8/site-packages/airflow/example_dags/example_branch_operator.py
[2023-12-16T21:08:31.292+0000] {processor.py:839} INFO - DAG(s) dict_keys(['example_branch_operator']) retrieved from /home/airflow/.local/lib/python3.8/site-packages/airflow/example_dags/example_branch_operator.py
[2023-12-16T21:08:31.360+0000] {logging_mixin.py:154} INFO - [2023-12-16T21:08:31.360+0000] {dag.py:2941} INFO - Sync 1 DAGs
[2023-12-16T21:08:31.429+0000] {logging_mixin.py:154} INFO - [2023-12-16T21:08:31.429+0000] {dag.py:3722} INFO - Setting next_dagrun for example_branch_operator to 2023-12-15T00:00:00+00:00, run_after=2023-12-16T00:00:00+00:00
[2023-12-16T21:08:31.488+0000] {processor.py:179} INFO - Processing /home/airflow/.local/lib/python3.8/site-packages/airflow/example_dags/example_branch_operator.py took 0.236 seconds
[2023-12-16T21:09:02.658+0000] {processor.py:157} INFO - Started process (PID=261) to work on /home/airflow/.local/lib/python3.8/site-packages/airflow/example_dags/example_branch_operator.py
[2023-12-16T21:09:02.669+0000] {processor.py:829} INFO - Processing file /home/airflow/.local/lib/python3.8/site-packages/airflow/example_dags/example_branch_operator.py for tasks to queue
[2023-12-16T21:09:02.675+0000] {logging_mixin.py:154} INFO - [2023-12-16T21:09:02.675+0000] {dagbag.py:536} INFO - Filling up the DagBag from /home/airflow/.local/lib/python3.8/site-packages/airflow/example_dags/example_branch_operator.py
[2023-12-16T21:09:02.696+0000] {processor.py:839} INFO - DAG(s) dict_keys(['example_branch_operator']) retrieved from /home/airflow/.local/lib/python3.8/site-packages/airflow/example_dags/example_branch_operator.py
[2023-12-16T21:09:02.747+0000] {logging_mixin.py:154} INFO - [2023-12-16T21:09:02.746+0000] {dag.py:2941} INFO - Sync 1 DAGs
[2023-12-16T21:09:02.800+0000] {logging_mixin.py:154} INFO - [2023-12-16T21:09:02.800+0000] {dag.py:3722} INFO - Setting next_dagrun for example_branch_operator to 2023-12-15T00:00:00+00:00, run_after=2023-12-16T00:00:00+00:00
[2023-12-16T21:09:03.160+0000] {processor.py:179} INFO - Processing /home/airflow/.local/lib/python3.8/site-packages/airflow/example_dags/example_branch_operator.py took 0.510 seconds
[2023-12-16T21:09:33.605+0000] {processor.py:157} INFO - Started process (PID=315) to work on /home/airflow/.local/lib/python3.8/site-packages/airflow/example_dags/example_branch_operator.py
[2023-12-16T21:09:33.607+0000] {processor.py:829} INFO - Processing file /home/airflow/.local/lib/python3.8/site-packages/airflow/example_dags/example_branch_operator.py for tasks to queue
[2023-12-16T21:09:33.612+0000] {logging_mixin.py:154} INFO - [2023-12-16T21:09:33.612+0000] {dagbag.py:536} INFO - Filling up the DagBag from /home/airflow/.local/lib/python3.8/site-packages/airflow/example_dags/example_branch_operator.py
[2023-12-16T21:09:33.632+0000] {processor.py:839} INFO - DAG(s) dict_keys(['example_branch_operator']) retrieved from /home/airflow/.local/lib/python3.8/site-packages/airflow/example_dags/example_branch_operator.py
[2023-12-16T21:09:33.676+0000] {logging_mixin.py:154} INFO - [2023-12-16T21:09:33.676+0000] {dag.py:2941} INFO - Sync 1 DAGs
[2023-12-16T21:09:33.722+0000] {logging_mixin.py:154} INFO - [2023-12-16T21:09:33.722+0000] {dag.py:3722} INFO - Setting next_dagrun for example_branch_operator to 2023-12-15T00:00:00+00:00, run_after=2023-12-16T00:00:00+00:00
[2023-12-16T21:09:33.754+0000] {processor.py:179} INFO - Processing /home/airflow/.local/lib/python3.8/site-packages/airflow/example_dags/example_branch_operator.py took 0.156 seconds
[2023-12-16T21:10:04.481+0000] {processor.py:157} INFO - Started process (PID=369) to work on /home/airflow/.local/lib/python3.8/site-packages/airflow/example_dags/example_branch_operator.py
[2023-12-16T21:10:04.483+0000] {processor.py:829} INFO - Processing file /home/airflow/.local/lib/python3.8/site-packages/airflow/example_dags/example_branch_operator.py for tasks to queue
[2023-12-16T21:10:04.488+0000] {logging_mixin.py:154} INFO - [2023-12-16T21:10:04.488+0000] {dagbag.py:536} INFO - Filling up the DagBag from /home/airflow/.local/lib/python3.8/site-packages/airflow/example_dags/example_branch_operator.py
[2023-12-16T21:10:04.508+0000] {processor.py:839} INFO - DAG(s) dict_keys(['example_branch_operator']) retrieved from /home/airflow/.local/lib/python3.8/site-packages/airflow/example_dags/example_branch_operator.py
[2023-12-16T21:10:04.554+0000] {logging_mixin.py:154} INFO - [2023-12-16T21:10:04.553+0000] {dag.py:2941} INFO - Sync 1 DAGs
[2023-12-16T21:10:04.631+0000] {logging_mixin.py:154} INFO - [2023-12-16T21:10:04.631+0000] {dag.py:3722} INFO - Setting next_dagrun for example_branch_operator to 2023-12-15T00:00:00+00:00, run_after=2023-12-16T00:00:00+00:00
[2023-12-16T21:10:04.669+0000] {processor.py:179} INFO - Processing /home/airflow/.local/lib/python3.8/site-packages/airflow/example_dags/example_branch_operator.py took 0.197 seconds
[2023-12-16T21:10:34.956+0000] {processor.py:157} INFO - Started process (PID=423) to work on /home/airflow/.local/lib/python3.8/site-packages/airflow/example_dags/example_branch_operator.py
[2023-12-16T21:10:34.958+0000] {processor.py:829} INFO - Processing file /home/airflow/.local/lib/python3.8/site-packages/airflow/example_dags/example_branch_operator.py for tasks to queue
[2023-12-16T21:10:34.967+0000] {logging_mixin.py:154} INFO - [2023-12-16T21:10:34.966+0000] {dagbag.py:536} INFO - Filling up the DagBag from /home/airflow/.local/lib/python3.8/site-packages/airflow/example_dags/example_branch_operator.py
[2023-12-16T21:10:34.990+0000] {processor.py:839} INFO - DAG(s) dict_keys(['example_branch_operator']) retrieved from /home/airflow/.local/lib/python3.8/site-packages/airflow/example_dags/example_branch_operator.py
[2023-12-16T21:10:35.074+0000] {logging_mixin.py:154} INFO - [2023-12-16T21:10:35.073+0000] {dag.py:2941} INFO - Sync 1 DAGs
[2023-12-16T21:10:35.180+0000] {logging_mixin.py:154} INFO - [2023-12-16T21:10:35.180+0000] {dag.py:3722} INFO - Setting next_dagrun for example_branch_operator to 2023-12-15T00:00:00+00:00, run_after=2023-12-16T00:00:00+00:00
[2023-12-16T21:10:35.236+0000] {processor.py:179} INFO - Processing /home/airflow/.local/lib/python3.8/site-packages/airflow/example_dags/example_branch_operator.py took 0.289 seconds
[2023-12-16T21:11:05.592+0000] {processor.py:157} INFO - Started process (PID=478) to work on /home/airflow/.local/lib/python3.8/site-packages/airflow/example_dags/example_branch_operator.py
[2023-12-16T21:11:05.594+0000] {processor.py:829} INFO - Processing file /home/airflow/.local/lib/python3.8/site-packages/airflow/example_dags/example_branch_operator.py for tasks to queue
[2023-12-16T21:11:05.599+0000] {logging_mixin.py:154} INFO - [2023-12-16T21:11:05.599+0000] {dagbag.py:536} INFO - Filling up the DagBag from /home/airflow/.local/lib/python3.8/site-packages/airflow/example_dags/example_branch_operator.py
[2023-12-16T21:11:05.650+0000] {processor.py:839} INFO - DAG(s) dict_keys(['example_branch_operator']) retrieved from /home/airflow/.local/lib/python3.8/site-packages/airflow/example_dags/example_branch_operator.py
[2023-12-16T21:11:05.710+0000] {logging_mixin.py:154} INFO - [2023-12-16T21:11:05.710+0000] {dag.py:2941} INFO - Sync 1 DAGs
[2023-12-16T21:11:05.772+0000] {logging_mixin.py:154} INFO - [2023-12-16T21:11:05.771+0000] {dag.py:3722} INFO - Setting next_dagrun for example_branch_operator to 2023-12-15T00:00:00+00:00, run_after=2023-12-16T00:00:00+00:00
[2023-12-16T21:11:05.818+0000] {processor.py:179} INFO - Processing /home/airflow/.local/lib/python3.8/site-packages/airflow/example_dags/example_branch_operator.py took 0.239 seconds
[2023-12-16T21:11:36.469+0000] {processor.py:157} INFO - Started process (PID=532) to work on /home/airflow/.local/lib/python3.8/site-packages/airflow/example_dags/example_branch_operator.py
[2023-12-16T21:11:36.471+0000] {processor.py:829} INFO - Processing file /home/airflow/.local/lib/python3.8/site-packages/airflow/example_dags/example_branch_operator.py for tasks to queue
[2023-12-16T21:11:36.481+0000] {logging_mixin.py:154} INFO - [2023-12-16T21:11:36.479+0000] {dagbag.py:536} INFO - Filling up the DagBag from /home/airflow/.local/lib/python3.8/site-packages/airflow/example_dags/example_branch_operator.py
[2023-12-16T21:11:36.508+0000] {processor.py:839} INFO - DAG(s) dict_keys(['example_branch_operator']) retrieved from /home/airflow/.local/lib/python3.8/site-packages/airflow/example_dags/example_branch_operator.py
[2023-12-16T21:11:36.577+0000] {logging_mixin.py:154} INFO - [2023-12-16T21:11:36.576+0000] {dag.py:2941} INFO - Sync 1 DAGs
[2023-12-16T21:11:36.635+0000] {logging_mixin.py:154} INFO - [2023-12-16T21:11:36.635+0000] {dag.py:3722} INFO - Setting next_dagrun for example_branch_operator to 2023-12-15T00:00:00+00:00, run_after=2023-12-16T00:00:00+00:00
[2023-12-16T21:11:36.667+0000] {processor.py:179} INFO - Processing /home/airflow/.local/lib/python3.8/site-packages/airflow/example_dags/example_branch_operator.py took 0.206 seconds
[2023-12-16T21:12:06.983+0000] {processor.py:157} INFO - Started process (PID=586) to work on /home/airflow/.local/lib/python3.8/site-packages/airflow/example_dags/example_branch_operator.py
[2023-12-16T21:12:06.986+0000] {processor.py:829} INFO - Processing file /home/airflow/.local/lib/python3.8/site-packages/airflow/example_dags/example_branch_operator.py for tasks to queue
[2023-12-16T21:12:06.994+0000] {logging_mixin.py:154} INFO - [2023-12-16T21:12:06.993+0000] {dagbag.py:536} INFO - Filling up the DagBag from /home/airflow/.local/lib/python3.8/site-packages/airflow/example_dags/example_branch_operator.py
[2023-12-16T21:12:07.025+0000] {processor.py:839} INFO - DAG(s) dict_keys(['example_branch_operator']) retrieved from /home/airflow/.local/lib/python3.8/site-packages/airflow/example_dags/example_branch_operator.py
[2023-12-16T21:12:07.143+0000] {logging_mixin.py:154} INFO - [2023-12-16T21:12:07.143+0000] {dag.py:2941} INFO - Sync 1 DAGs
[2023-12-16T21:12:07.299+0000] {logging_mixin.py:154} INFO - [2023-12-16T21:12:07.298+0000] {dag.py:3722} INFO - Setting next_dagrun for example_branch_operator to 2023-12-15T00:00:00+00:00, run_after=2023-12-16T00:00:00+00:00
[2023-12-16T21:12:07.383+0000] {processor.py:179} INFO - Processing /home/airflow/.local/lib/python3.8/site-packages/airflow/example_dags/example_branch_operator.py took 0.409 seconds
[2023-12-16T21:12:38.212+0000] {processor.py:157} INFO - Started process (PID=640) to work on /home/airflow/.local/lib/python3.8/site-packages/airflow/example_dags/example_branch_operator.py
[2023-12-16T21:12:38.214+0000] {processor.py:829} INFO - Processing file /home/airflow/.local/lib/python3.8/site-packages/airflow/example_dags/example_branch_operator.py for tasks to queue
[2023-12-16T21:12:38.218+0000] {logging_mixin.py:154} INFO - [2023-12-16T21:12:38.217+0000] {dagbag.py:536} INFO - Filling up the DagBag from /home/airflow/.local/lib/python3.8/site-packages/airflow/example_dags/example_branch_operator.py
[2023-12-16T21:12:38.236+0000] {processor.py:839} INFO - DAG(s) dict_keys(['example_branch_operator']) retrieved from /home/airflow/.local/lib/python3.8/site-packages/airflow/example_dags/example_branch_operator.py
[2023-12-16T21:12:38.280+0000] {logging_mixin.py:154} INFO - [2023-12-16T21:12:38.280+0000] {dag.py:2941} INFO - Sync 1 DAGs
[2023-12-16T21:12:38.327+0000] {logging_mixin.py:154} INFO - [2023-12-16T21:12:38.327+0000] {dag.py:3722} INFO - Setting next_dagrun for example_branch_operator to 2023-12-15T00:00:00+00:00, run_after=2023-12-16T00:00:00+00:00
[2023-12-16T21:12:38.360+0000] {processor.py:179} INFO - Processing /home/airflow/.local/lib/python3.8/site-packages/airflow/example_dags/example_branch_operator.py took 0.156 seconds
