[2023-12-16T19:22:08.905+0000] {processor.py:157} INFO - Started process (PID=67) to work on /home/airflow/.local/lib/python3.8/site-packages/airflow/example_dags/example_sla_dag.py
[2023-12-16T19:22:08.913+0000] {processor.py:829} INFO - Processing file /home/airflow/.local/lib/python3.8/site-packages/airflow/example_dags/example_sla_dag.py for tasks to queue
[2023-12-16T19:22:08.966+0000] {logging_mixin.py:154} INFO - [2023-12-16T19:22:08.955+0000] {dagbag.py:536} INFO - Filling up the DagBag from /home/airflow/.local/lib/python3.8/site-packages/airflow/example_dags/example_sla_dag.py
[2023-12-16T19:22:09.134+0000] {processor.py:839} INFO - DAG(s) dict_keys(['example_sla_dag']) retrieved from /home/airflow/.local/lib/python3.8/site-packages/airflow/example_dags/example_sla_dag.py
[2023-12-16T19:22:09.388+0000] {logging_mixin.py:154} INFO - [2023-12-16T19:22:09.387+0000] {dag.py:2941} INFO - Sync 1 DAGs
[2023-12-16T19:22:09.666+0000] {logging_mixin.py:154} INFO - [2023-12-16T19:22:09.666+0000] {dag.py:3722} INFO - Setting next_dagrun for example_sla_dag to 2023-12-16T19:20:00+00:00, run_after=2023-12-16T19:22:00+00:00
[2023-12-16T19:22:09.851+0000] {processor.py:179} INFO - Processing /home/airflow/.local/lib/python3.8/site-packages/airflow/example_dags/example_sla_dag.py took 1.002 seconds
[2023-12-16T19:23:27.673+0000] {processor.py:157} INFO - Started process (PID=127) to work on /home/airflow/.local/lib/python3.8/site-packages/airflow/example_dags/example_sla_dag.py
[2023-12-16T19:23:27.676+0000] {processor.py:829} INFO - Processing file /home/airflow/.local/lib/python3.8/site-packages/airflow/example_dags/example_sla_dag.py for tasks to queue
[2023-12-16T19:23:27.684+0000] {logging_mixin.py:154} INFO - [2023-12-16T19:23:27.682+0000] {dagbag.py:536} INFO - Filling up the DagBag from /home/airflow/.local/lib/python3.8/site-packages/airflow/example_dags/example_sla_dag.py
[2023-12-16T19:23:27.754+0000] {processor.py:839} INFO - DAG(s) dict_keys(['example_sla_dag']) retrieved from /home/airflow/.local/lib/python3.8/site-packages/airflow/example_dags/example_sla_dag.py
[2023-12-16T19:23:27.880+0000] {logging_mixin.py:154} INFO - [2023-12-16T19:23:27.879+0000] {dag.py:2941} INFO - Sync 1 DAGs
[2023-12-16T19:23:28.054+0000] {logging_mixin.py:154} INFO - [2023-12-16T19:23:28.053+0000] {dag.py:3722} INFO - Setting next_dagrun for example_sla_dag to 2023-12-16T19:20:00+00:00, run_after=2023-12-16T19:22:00+00:00
[2023-12-16T19:23:28.192+0000] {processor.py:179} INFO - Processing /home/airflow/.local/lib/python3.8/site-packages/airflow/example_dags/example_sla_dag.py took 0.529 seconds
[2023-12-16T19:23:58.950+0000] {processor.py:157} INFO - Started process (PID=179) to work on /home/airflow/.local/lib/python3.8/site-packages/airflow/example_dags/example_sla_dag.py
[2023-12-16T19:23:58.953+0000] {processor.py:829} INFO - Processing file /home/airflow/.local/lib/python3.8/site-packages/airflow/example_dags/example_sla_dag.py for tasks to queue
[2023-12-16T19:23:58.959+0000] {logging_mixin.py:154} INFO - [2023-12-16T19:23:58.959+0000] {dagbag.py:536} INFO - Filling up the DagBag from /home/airflow/.local/lib/python3.8/site-packages/airflow/example_dags/example_sla_dag.py
[2023-12-16T19:23:58.983+0000] {processor.py:839} INFO - DAG(s) dict_keys(['example_sla_dag']) retrieved from /home/airflow/.local/lib/python3.8/site-packages/airflow/example_dags/example_sla_dag.py
[2023-12-16T19:23:59.038+0000] {logging_mixin.py:154} INFO - [2023-12-16T19:23:59.037+0000] {dag.py:2941} INFO - Sync 1 DAGs
[2023-12-16T19:23:59.163+0000] {logging_mixin.py:154} INFO - [2023-12-16T19:23:59.162+0000] {dag.py:3722} INFO - Setting next_dagrun for example_sla_dag to 2023-12-16T19:20:00+00:00, run_after=2023-12-16T19:22:00+00:00
[2023-12-16T19:23:59.214+0000] {processor.py:179} INFO - Processing /home/airflow/.local/lib/python3.8/site-packages/airflow/example_dags/example_sla_dag.py took 0.272 seconds
[2023-12-16T19:35:53.435+0000] {processor.py:157} INFO - Started process (PID=74) to work on /home/airflow/.local/lib/python3.8/site-packages/airflow/example_dags/example_sla_dag.py
[2023-12-16T19:35:53.439+0000] {processor.py:829} INFO - Processing file /home/airflow/.local/lib/python3.8/site-packages/airflow/example_dags/example_sla_dag.py for tasks to queue
[2023-12-16T19:35:53.480+0000] {logging_mixin.py:154} INFO - [2023-12-16T19:35:53.479+0000] {dagbag.py:536} INFO - Filling up the DagBag from /home/airflow/.local/lib/python3.8/site-packages/airflow/example_dags/example_sla_dag.py
[2023-12-16T19:35:53.557+0000] {processor.py:839} INFO - DAG(s) dict_keys(['example_sla_dag']) retrieved from /home/airflow/.local/lib/python3.8/site-packages/airflow/example_dags/example_sla_dag.py
[2023-12-16T19:35:53.694+0000] {logging_mixin.py:154} INFO - [2023-12-16T19:35:53.694+0000] {dag.py:2941} INFO - Sync 1 DAGs
[2023-12-16T19:35:53.912+0000] {logging_mixin.py:154} INFO - [2023-12-16T19:35:53.912+0000] {dag.py:3722} INFO - Setting next_dagrun for example_sla_dag to 2023-12-16T19:32:00+00:00, run_after=2023-12-16T19:34:00+00:00
[2023-12-16T19:35:54.282+0000] {processor.py:179} INFO - Processing /home/airflow/.local/lib/python3.8/site-packages/airflow/example_dags/example_sla_dag.py took 0.938 seconds
[2023-12-16T19:36:47.131+0000] {processor.py:157} INFO - Started process (PID=135) to work on /home/airflow/.local/lib/python3.8/site-packages/airflow/example_dags/example_sla_dag.py
[2023-12-16T19:36:47.143+0000] {processor.py:829} INFO - Processing file /home/airflow/.local/lib/python3.8/site-packages/airflow/example_dags/example_sla_dag.py for tasks to queue
[2023-12-16T19:36:47.189+0000] {logging_mixin.py:154} INFO - [2023-12-16T19:36:47.189+0000] {dagbag.py:536} INFO - Filling up the DagBag from /home/airflow/.local/lib/python3.8/site-packages/airflow/example_dags/example_sla_dag.py
[2023-12-16T19:36:47.292+0000] {processor.py:839} INFO - DAG(s) dict_keys(['example_sla_dag']) retrieved from /home/airflow/.local/lib/python3.8/site-packages/airflow/example_dags/example_sla_dag.py
[2023-12-16T19:36:47.824+0000] {logging_mixin.py:154} INFO - [2023-12-16T19:36:47.824+0000] {dag.py:2941} INFO - Sync 1 DAGs
[2023-12-16T19:36:48.120+0000] {logging_mixin.py:154} INFO - [2023-12-16T19:36:48.119+0000] {dag.py:3722} INFO - Setting next_dagrun for example_sla_dag to 2023-12-16T19:34:00+00:00, run_after=2023-12-16T19:36:00+00:00
[2023-12-16T19:36:48.507+0000] {processor.py:179} INFO - Processing /home/airflow/.local/lib/python3.8/site-packages/airflow/example_dags/example_sla_dag.py took 1.395 seconds
[2023-12-16T19:37:21.982+0000] {processor.py:157} INFO - Started process (PID=189) to work on /home/airflow/.local/lib/python3.8/site-packages/airflow/example_dags/example_sla_dag.py
[2023-12-16T19:37:21.989+0000] {processor.py:829} INFO - Processing file /home/airflow/.local/lib/python3.8/site-packages/airflow/example_dags/example_sla_dag.py for tasks to queue
[2023-12-16T19:37:21.998+0000] {logging_mixin.py:154} INFO - [2023-12-16T19:37:21.998+0000] {dagbag.py:536} INFO - Filling up the DagBag from /home/airflow/.local/lib/python3.8/site-packages/airflow/example_dags/example_sla_dag.py
[2023-12-16T19:37:22.065+0000] {processor.py:839} INFO - DAG(s) dict_keys(['example_sla_dag']) retrieved from /home/airflow/.local/lib/python3.8/site-packages/airflow/example_dags/example_sla_dag.py
[2023-12-16T19:37:22.234+0000] {logging_mixin.py:154} INFO - [2023-12-16T19:37:22.233+0000] {dag.py:2941} INFO - Sync 1 DAGs
[2023-12-16T19:37:22.542+0000] {logging_mixin.py:154} INFO - [2023-12-16T19:37:22.542+0000] {dag.py:3722} INFO - Setting next_dagrun for example_sla_dag to 2023-12-16T19:34:00+00:00, run_after=2023-12-16T19:36:00+00:00
[2023-12-16T19:37:22.831+0000] {processor.py:179} INFO - Processing /home/airflow/.local/lib/python3.8/site-packages/airflow/example_dags/example_sla_dag.py took 0.860 seconds
[2023-12-16T19:43:50.709+0000] {processor.py:157} INFO - Started process (PID=74) to work on /home/airflow/.local/lib/python3.8/site-packages/airflow/example_dags/example_sla_dag.py
[2023-12-16T19:43:50.714+0000] {processor.py:829} INFO - Processing file /home/airflow/.local/lib/python3.8/site-packages/airflow/example_dags/example_sla_dag.py for tasks to queue
[2023-12-16T19:43:50.731+0000] {logging_mixin.py:154} INFO - [2023-12-16T19:43:50.719+0000] {dagbag.py:536} INFO - Filling up the DagBag from /home/airflow/.local/lib/python3.8/site-packages/airflow/example_dags/example_sla_dag.py
[2023-12-16T19:43:50.838+0000] {processor.py:839} INFO - DAG(s) dict_keys(['example_sla_dag']) retrieved from /home/airflow/.local/lib/python3.8/site-packages/airflow/example_dags/example_sla_dag.py
[2023-12-16T19:43:51.078+0000] {logging_mixin.py:154} INFO - [2023-12-16T19:43:51.078+0000] {dag.py:2941} INFO - Sync 1 DAGs
[2023-12-16T19:43:51.450+0000] {logging_mixin.py:154} INFO - [2023-12-16T19:43:51.449+0000] {dag.py:3722} INFO - Setting next_dagrun for example_sla_dag to 2023-12-16T19:40:00+00:00, run_after=2023-12-16T19:42:00+00:00
[2023-12-16T19:43:51.632+0000] {processor.py:179} INFO - Processing /home/airflow/.local/lib/python3.8/site-packages/airflow/example_dags/example_sla_dag.py took 0.948 seconds
[2023-12-16T19:44:36.312+0000] {processor.py:157} INFO - Started process (PID=127) to work on /home/airflow/.local/lib/python3.8/site-packages/airflow/example_dags/example_sla_dag.py
[2023-12-16T19:44:36.329+0000] {processor.py:829} INFO - Processing file /home/airflow/.local/lib/python3.8/site-packages/airflow/example_dags/example_sla_dag.py for tasks to queue
[2023-12-16T19:44:36.348+0000] {logging_mixin.py:154} INFO - [2023-12-16T19:44:36.348+0000] {dagbag.py:536} INFO - Filling up the DagBag from /home/airflow/.local/lib/python3.8/site-packages/airflow/example_dags/example_sla_dag.py
[2023-12-16T19:44:36.558+0000] {processor.py:839} INFO - DAG(s) dict_keys(['example_sla_dag']) retrieved from /home/airflow/.local/lib/python3.8/site-packages/airflow/example_dags/example_sla_dag.py
[2023-12-16T19:44:37.030+0000] {logging_mixin.py:154} INFO - [2023-12-16T19:44:37.027+0000] {dag.py:2941} INFO - Sync 1 DAGs
[2023-12-16T19:44:37.563+0000] {logging_mixin.py:154} INFO - [2023-12-16T19:44:37.563+0000] {dag.py:3722} INFO - Setting next_dagrun for example_sla_dag to 2023-12-16T19:42:00+00:00, run_after=2023-12-16T19:44:00+00:00
[2023-12-16T19:44:38.262+0000] {processor.py:179} INFO - Processing /home/airflow/.local/lib/python3.8/site-packages/airflow/example_dags/example_sla_dag.py took 2.002 seconds
[2023-12-16T19:45:15.199+0000] {processor.py:157} INFO - Started process (PID=187) to work on /home/airflow/.local/lib/python3.8/site-packages/airflow/example_dags/example_sla_dag.py
[2023-12-16T19:45:15.213+0000] {processor.py:829} INFO - Processing file /home/airflow/.local/lib/python3.8/site-packages/airflow/example_dags/example_sla_dag.py for tasks to queue
[2023-12-16T19:45:15.227+0000] {logging_mixin.py:154} INFO - [2023-12-16T19:45:15.226+0000] {dagbag.py:536} INFO - Filling up the DagBag from /home/airflow/.local/lib/python3.8/site-packages/airflow/example_dags/example_sla_dag.py
[2023-12-16T19:45:15.320+0000] {processor.py:839} INFO - DAG(s) dict_keys(['example_sla_dag']) retrieved from /home/airflow/.local/lib/python3.8/site-packages/airflow/example_dags/example_sla_dag.py
[2023-12-16T19:45:15.590+0000] {logging_mixin.py:154} INFO - [2023-12-16T19:45:15.590+0000] {dag.py:2941} INFO - Sync 1 DAGs
[2023-12-16T19:45:16.156+0000] {logging_mixin.py:154} INFO - [2023-12-16T19:45:16.132+0000] {dag.py:3722} INFO - Setting next_dagrun for example_sla_dag to 2023-12-16T19:42:00+00:00, run_after=2023-12-16T19:44:00+00:00
[2023-12-16T19:45:16.280+0000] {processor.py:179} INFO - Processing /home/airflow/.local/lib/python3.8/site-packages/airflow/example_dags/example_sla_dag.py took 1.102 seconds
[2023-12-16T19:50:42.123+0000] {processor.py:157} INFO - Started process (PID=241) to work on /home/airflow/.local/lib/python3.8/site-packages/airflow/example_dags/example_sla_dag.py
[2023-12-16T19:50:42.152+0000] {processor.py:829} INFO - Processing file /home/airflow/.local/lib/python3.8/site-packages/airflow/example_dags/example_sla_dag.py for tasks to queue
[2023-12-16T19:50:42.252+0000] {logging_mixin.py:154} INFO - [2023-12-16T19:50:42.180+0000] {dagbag.py:536} INFO - Filling up the DagBag from /home/airflow/.local/lib/python3.8/site-packages/airflow/example_dags/example_sla_dag.py
[2023-12-16T19:50:42.814+0000] {processor.py:839} INFO - DAG(s) dict_keys(['example_sla_dag']) retrieved from /home/airflow/.local/lib/python3.8/site-packages/airflow/example_dags/example_sla_dag.py
[2023-12-16T19:51:20.479+0000] {processor.py:182} ERROR - Got an exception! Propagating...
Traceback (most recent call last):
  File "/home/airflow/.local/lib/python3.8/site-packages/sqlalchemy/engine/base.py", line 3371, in _wrap_pool_connect
    return fn()
  File "/home/airflow/.local/lib/python3.8/site-packages/sqlalchemy/pool/base.py", line 327, in connect
    return _ConnectionFairy._checkout(self)
  File "/home/airflow/.local/lib/python3.8/site-packages/sqlalchemy/pool/base.py", line 894, in _checkout
    fairy = _ConnectionRecord.checkout(pool)
  File "/home/airflow/.local/lib/python3.8/site-packages/sqlalchemy/pool/base.py", line 493, in checkout
    rec = pool._do_get()
  File "/home/airflow/.local/lib/python3.8/site-packages/sqlalchemy/pool/impl.py", line 146, in _do_get
    self._dec_overflow()
  File "/home/airflow/.local/lib/python3.8/site-packages/sqlalchemy/util/langhelpers.py", line 70, in __exit__
    compat.raise_(
  File "/home/airflow/.local/lib/python3.8/site-packages/sqlalchemy/util/compat.py", line 211, in raise_
    raise exception
  File "/home/airflow/.local/lib/python3.8/site-packages/sqlalchemy/pool/impl.py", line 143, in _do_get
    return self._create_connection()
  File "/home/airflow/.local/lib/python3.8/site-packages/sqlalchemy/pool/base.py", line 273, in _create_connection
    return _ConnectionRecord(self)
  File "/home/airflow/.local/lib/python3.8/site-packages/sqlalchemy/pool/base.py", line 388, in __init__
    self.__connect()
  File "/home/airflow/.local/lib/python3.8/site-packages/sqlalchemy/pool/base.py", line 691, in __connect
    pool.logger.debug("Error on connect(): %s", e)
  File "/home/airflow/.local/lib/python3.8/site-packages/sqlalchemy/util/langhelpers.py", line 70, in __exit__
    compat.raise_(
  File "/home/airflow/.local/lib/python3.8/site-packages/sqlalchemy/util/compat.py", line 211, in raise_
    raise exception
  File "/home/airflow/.local/lib/python3.8/site-packages/sqlalchemy/pool/base.py", line 686, in __connect
    self.dbapi_connection = connection = pool._invoke_creator(self)
  File "/home/airflow/.local/lib/python3.8/site-packages/sqlalchemy/engine/create.py", line 574, in connect
    return dialect.connect(*cargs, **cparams)
  File "/home/airflow/.local/lib/python3.8/site-packages/sqlalchemy/engine/default.py", line 598, in connect
    return self.dbapi.connect(*cargs, **cparams)
  File "/home/airflow/.local/lib/python3.8/site-packages/psycopg2/__init__.py", line 122, in connect
    conn = _connect(dsn, connection_factory=connection_factory, **kwasync)
psycopg2.OperationalError: could not translate host name "postgres" to address: Temporary failure in name resolution


The above exception was the direct cause of the following exception:

Traceback (most recent call last):
  File "/home/airflow/.local/lib/python3.8/site-packages/airflow/dag_processing/processor.py", line 178, in _run_file_processor
    _handle_dag_file_processing()
  File "/home/airflow/.local/lib/python3.8/site-packages/airflow/dag_processing/processor.py", line 159, in _handle_dag_file_processing
    result: tuple[int, int] = dag_file_processor.process_file(
  File "/home/airflow/.local/lib/python3.8/site-packages/airflow/utils/session.py", line 79, in wrapper
    return func(*args, session=session, **kwargs)
  File "/home/airflow/.local/lib/python3.8/site-packages/airflow/dag_processing/processor.py", line 857, in process_file
    serialize_errors = DagFileProcessor.save_dag_to_db(
  File "/home/airflow/.local/lib/python3.8/site-packages/airflow/api_internal/internal_api_call.py", line 114, in wrapper
    return func(*args, **kwargs)
  File "/home/airflow/.local/lib/python3.8/site-packages/airflow/utils/session.py", line 79, in wrapper
    return func(*args, session=session, **kwargs)
  File "/home/airflow/.local/lib/python3.8/site-packages/airflow/dag_processing/processor.py", line 893, in save_dag_to_db
    import_errors = DagBag._sync_to_db(dags=dags, processor_subdir=dag_directory, session=session)
  File "/home/airflow/.local/lib/python3.8/site-packages/airflow/utils/session.py", line 76, in wrapper
    return func(*args, **kwargs)
  File "/home/airflow/.local/lib/python3.8/site-packages/airflow/models/dagbag.py", line 654, in _sync_to_db
    for attempt in run_with_db_retries(logger=log):
  File "/home/airflow/.local/lib/python3.8/site-packages/tenacity/__init__.py", line 347, in __iter__
    do = self.iter(retry_state=retry_state)
  File "/home/airflow/.local/lib/python3.8/site-packages/tenacity/__init__.py", line 325, in iter
    raise retry_exc.reraise()
  File "/home/airflow/.local/lib/python3.8/site-packages/tenacity/__init__.py", line 158, in reraise
    raise self.last_attempt.result()
  File "/usr/local/lib/python3.8/concurrent/futures/_base.py", line 437, in result
    return self.__get_result()
  File "/usr/local/lib/python3.8/concurrent/futures/_base.py", line 389, in __get_result
    raise self._exception
  File "/home/airflow/.local/lib/python3.8/site-packages/airflow/models/dagbag.py", line 666, in _sync_to_db
    serialize_errors.extend(_serialize_dag_capturing_errors(dag, session))
  File "/home/airflow/.local/lib/python3.8/site-packages/airflow/models/dagbag.py", line 633, in _serialize_dag_capturing_errors
    dag_was_updated = SerializedDagModel.write_dag(
  File "/home/airflow/.local/lib/python3.8/site-packages/airflow/utils/session.py", line 76, in wrapper
    return func(*args, **kwargs)
  File "/home/airflow/.local/lib/python3.8/site-packages/airflow/models/serialized_dag.py", line 147, in write_dag
    if session.scalar(
  File "/home/airflow/.local/lib/python3.8/site-packages/sqlalchemy/orm/session.py", line 1747, in scalar
    return self.execute(
  File "/home/airflow/.local/lib/python3.8/site-packages/sqlalchemy/orm/session.py", line 1716, in execute
    conn = self._connection_for_bind(bind)
  File "/home/airflow/.local/lib/python3.8/site-packages/sqlalchemy/orm/session.py", line 1555, in _connection_for_bind
    return self._transaction._connection_for_bind(
  File "/home/airflow/.local/lib/python3.8/site-packages/sqlalchemy/orm/session.py", line 750, in _connection_for_bind
    conn = bind.connect()
  File "/home/airflow/.local/lib/python3.8/site-packages/sqlalchemy/future/engine.py", line 406, in connect
    return super(Engine, self).connect()
  File "/home/airflow/.local/lib/python3.8/site-packages/sqlalchemy/engine/base.py", line 3325, in connect
    return self._connection_cls(self, close_with_result=close_with_result)
  File "/home/airflow/.local/lib/python3.8/site-packages/sqlalchemy/engine/base.py", line 96, in __init__
    else engine.raw_connection()
  File "/home/airflow/.local/lib/python3.8/site-packages/sqlalchemy/engine/base.py", line 3404, in raw_connection
    return self._wrap_pool_connect(self.pool.connect, _connection)
  File "/home/airflow/.local/lib/python3.8/site-packages/sqlalchemy/engine/base.py", line 3374, in _wrap_pool_connect
    Connection._handle_dbapi_exception_noconnection(
  File "/home/airflow/.local/lib/python3.8/site-packages/sqlalchemy/engine/base.py", line 2208, in _handle_dbapi_exception_noconnection
    util.raise_(
  File "/home/airflow/.local/lib/python3.8/site-packages/sqlalchemy/util/compat.py", line 211, in raise_
    raise exception
  File "/home/airflow/.local/lib/python3.8/site-packages/sqlalchemy/engine/base.py", line 3371, in _wrap_pool_connect
    return fn()
  File "/home/airflow/.local/lib/python3.8/site-packages/sqlalchemy/pool/base.py", line 327, in connect
    return _ConnectionFairy._checkout(self)
  File "/home/airflow/.local/lib/python3.8/site-packages/sqlalchemy/pool/base.py", line 894, in _checkout
    fairy = _ConnectionRecord.checkout(pool)
  File "/home/airflow/.local/lib/python3.8/site-packages/sqlalchemy/pool/base.py", line 493, in checkout
    rec = pool._do_get()
  File "/home/airflow/.local/lib/python3.8/site-packages/sqlalchemy/pool/impl.py", line 146, in _do_get
    self._dec_overflow()
  File "/home/airflow/.local/lib/python3.8/site-packages/sqlalchemy/util/langhelpers.py", line 70, in __exit__
    compat.raise_(
  File "/home/airflow/.local/lib/python3.8/site-packages/sqlalchemy/util/compat.py", line 211, in raise_
    raise exception
  File "/home/airflow/.local/lib/python3.8/site-packages/sqlalchemy/pool/impl.py", line 143, in _do_get
    return self._create_connection()
  File "/home/airflow/.local/lib/python3.8/site-packages/sqlalchemy/pool/base.py", line 273, in _create_connection
    return _ConnectionRecord(self)
  File "/home/airflow/.local/lib/python3.8/site-packages/sqlalchemy/pool/base.py", line 388, in __init__
    self.__connect()
  File "/home/airflow/.local/lib/python3.8/site-packages/sqlalchemy/pool/base.py", line 691, in __connect
    pool.logger.debug("Error on connect(): %s", e)
  File "/home/airflow/.local/lib/python3.8/site-packages/sqlalchemy/util/langhelpers.py", line 70, in __exit__
    compat.raise_(
  File "/home/airflow/.local/lib/python3.8/site-packages/sqlalchemy/util/compat.py", line 211, in raise_
    raise exception
  File "/home/airflow/.local/lib/python3.8/site-packages/sqlalchemy/pool/base.py", line 686, in __connect
    self.dbapi_connection = connection = pool._invoke_creator(self)
  File "/home/airflow/.local/lib/python3.8/site-packages/sqlalchemy/engine/create.py", line 574, in connect
    return dialect.connect(*cargs, **cparams)
  File "/home/airflow/.local/lib/python3.8/site-packages/sqlalchemy/engine/default.py", line 598, in connect
    return self.dbapi.connect(*cargs, **cparams)
  File "/home/airflow/.local/lib/python3.8/site-packages/psycopg2/__init__.py", line 122, in connect
    conn = _connect(dsn, connection_factory=connection_factory, **kwasync)
sqlalchemy.exc.OperationalError: (psycopg2.OperationalError) could not translate host name "postgres" to address: Temporary failure in name resolution

(Background on this error at: https://sqlalche.me/e/14/e3q8)
[2023-12-16T20:04:45.916+0000] {processor.py:157} INFO - Started process (PID=136) to work on /home/airflow/.local/lib/python3.8/site-packages/airflow/example_dags/example_sla_dag.py
[2023-12-16T20:04:45.918+0000] {processor.py:829} INFO - Processing file /home/airflow/.local/lib/python3.8/site-packages/airflow/example_dags/example_sla_dag.py for tasks to queue
[2023-12-16T20:04:45.925+0000] {logging_mixin.py:154} INFO - [2023-12-16T20:04:45.924+0000] {dagbag.py:536} INFO - Filling up the DagBag from /home/airflow/.local/lib/python3.8/site-packages/airflow/example_dags/example_sla_dag.py
[2023-12-16T20:04:45.952+0000] {processor.py:839} INFO - DAG(s) dict_keys(['example_sla_dag']) retrieved from /home/airflow/.local/lib/python3.8/site-packages/airflow/example_dags/example_sla_dag.py
[2023-12-16T20:04:46.000+0000] {logging_mixin.py:154} INFO - [2023-12-16T20:04:45.999+0000] {dag.py:2941} INFO - Sync 1 DAGs
[2023-12-16T20:04:46.075+0000] {logging_mixin.py:154} INFO - [2023-12-16T20:04:46.075+0000] {dag.py:3722} INFO - Setting next_dagrun for example_sla_dag to 2023-12-16T20:02:00+00:00, run_after=2023-12-16T20:04:00+00:00
[2023-12-16T20:04:46.131+0000] {processor.py:179} INFO - Processing /home/airflow/.local/lib/python3.8/site-packages/airflow/example_dags/example_sla_dag.py took 0.225 seconds
[2023-12-16T20:05:21.999+0000] {processor.py:157} INFO - Started process (PID=205) to work on /home/airflow/.local/lib/python3.8/site-packages/airflow/example_dags/example_sla_dag.py
[2023-12-16T20:05:22.001+0000] {processor.py:829} INFO - Processing file /home/airflow/.local/lib/python3.8/site-packages/airflow/example_dags/example_sla_dag.py for tasks to queue
[2023-12-16T20:05:22.011+0000] {logging_mixin.py:154} INFO - [2023-12-16T20:05:22.011+0000] {dagbag.py:536} INFO - Filling up the DagBag from /home/airflow/.local/lib/python3.8/site-packages/airflow/example_dags/example_sla_dag.py
[2023-12-16T20:05:22.038+0000] {processor.py:839} INFO - DAG(s) dict_keys(['example_sla_dag']) retrieved from /home/airflow/.local/lib/python3.8/site-packages/airflow/example_dags/example_sla_dag.py
[2023-12-16T20:05:22.177+0000] {logging_mixin.py:154} INFO - [2023-12-16T20:05:22.177+0000] {dag.py:2941} INFO - Sync 1 DAGs
[2023-12-16T20:05:23.893+0000] {logging_mixin.py:154} INFO - [2023-12-16T20:05:23.892+0000] {dag.py:3722} INFO - Setting next_dagrun for example_sla_dag to 2023-12-16T20:02:00+00:00, run_after=2023-12-16T20:04:00+00:00
[2023-12-16T20:05:24.074+0000] {processor.py:179} INFO - Processing /home/airflow/.local/lib/python3.8/site-packages/airflow/example_dags/example_sla_dag.py took 2.102 seconds
[2023-12-16T20:05:54.448+0000] {processor.py:157} INFO - Started process (PID=273) to work on /home/airflow/.local/lib/python3.8/site-packages/airflow/example_dags/example_sla_dag.py
[2023-12-16T20:05:54.450+0000] {processor.py:829} INFO - Processing file /home/airflow/.local/lib/python3.8/site-packages/airflow/example_dags/example_sla_dag.py for tasks to queue
[2023-12-16T20:05:54.454+0000] {logging_mixin.py:154} INFO - [2023-12-16T20:05:54.453+0000] {dagbag.py:536} INFO - Filling up the DagBag from /home/airflow/.local/lib/python3.8/site-packages/airflow/example_dags/example_sla_dag.py
[2023-12-16T20:05:54.480+0000] {processor.py:839} INFO - DAG(s) dict_keys(['example_sla_dag']) retrieved from /home/airflow/.local/lib/python3.8/site-packages/airflow/example_dags/example_sla_dag.py
[2023-12-16T20:05:54.525+0000] {logging_mixin.py:154} INFO - [2023-12-16T20:05:54.524+0000] {dag.py:2941} INFO - Sync 1 DAGs
[2023-12-16T20:05:54.918+0000] {logging_mixin.py:154} INFO - [2023-12-16T20:05:54.917+0000] {dag.py:3722} INFO - Setting next_dagrun for example_sla_dag to 2023-12-16T20:02:00+00:00, run_after=2023-12-16T20:04:00+00:00
[2023-12-16T20:05:54.988+0000] {processor.py:179} INFO - Processing /home/airflow/.local/lib/python3.8/site-packages/airflow/example_dags/example_sla_dag.py took 0.548 seconds
[2023-12-16T20:20:51.462+0000] {processor.py:157} INFO - Started process (PID=68) to work on /home/airflow/.local/lib/python3.8/site-packages/airflow/example_dags/example_sla_dag.py
[2023-12-16T20:20:51.489+0000] {processor.py:829} INFO - Processing file /home/airflow/.local/lib/python3.8/site-packages/airflow/example_dags/example_sla_dag.py for tasks to queue
[2023-12-16T20:20:51.544+0000] {logging_mixin.py:154} INFO - [2023-12-16T20:20:51.543+0000] {dagbag.py:536} INFO - Filling up the DagBag from /home/airflow/.local/lib/python3.8/site-packages/airflow/example_dags/example_sla_dag.py
[2023-12-16T20:20:51.843+0000] {processor.py:839} INFO - DAG(s) dict_keys(['example_sla_dag']) retrieved from /home/airflow/.local/lib/python3.8/site-packages/airflow/example_dags/example_sla_dag.py
[2023-12-16T20:20:52.702+0000] {logging_mixin.py:154} INFO - [2023-12-16T20:20:52.701+0000] {dag.py:2941} INFO - Sync 1 DAGs
[2023-12-16T20:20:53.629+0000] {logging_mixin.py:154} INFO - [2023-12-16T20:20:53.628+0000] {dag.py:3722} INFO - Setting next_dagrun for example_sla_dag to 2023-12-16T20:18:00+00:00, run_after=2023-12-16T20:20:00+00:00
[2023-12-16T20:20:54.192+0000] {processor.py:179} INFO - Processing /home/airflow/.local/lib/python3.8/site-packages/airflow/example_dags/example_sla_dag.py took 2.956 seconds
[2023-12-16T20:21:25.108+0000] {processor.py:157} INFO - Started process (PID=122) to work on /home/airflow/.local/lib/python3.8/site-packages/airflow/example_dags/example_sla_dag.py
[2023-12-16T20:21:25.115+0000] {processor.py:829} INFO - Processing file /home/airflow/.local/lib/python3.8/site-packages/airflow/example_dags/example_sla_dag.py for tasks to queue
[2023-12-16T20:21:25.231+0000] {logging_mixin.py:154} INFO - [2023-12-16T20:21:25.126+0000] {dagbag.py:536} INFO - Filling up the DagBag from /home/airflow/.local/lib/python3.8/site-packages/airflow/example_dags/example_sla_dag.py
[2023-12-16T20:21:25.308+0000] {processor.py:839} INFO - DAG(s) dict_keys(['example_sla_dag']) retrieved from /home/airflow/.local/lib/python3.8/site-packages/airflow/example_dags/example_sla_dag.py
[2023-12-16T20:21:25.451+0000] {logging_mixin.py:154} INFO - [2023-12-16T20:21:25.451+0000] {dag.py:2941} INFO - Sync 1 DAGs
[2023-12-16T20:21:25.671+0000] {logging_mixin.py:154} INFO - [2023-12-16T20:21:25.659+0000] {dag.py:3722} INFO - Setting next_dagrun for example_sla_dag to 2023-12-16T20:18:00+00:00, run_after=2023-12-16T20:20:00+00:00
[2023-12-16T20:21:25.764+0000] {processor.py:179} INFO - Processing /home/airflow/.local/lib/python3.8/site-packages/airflow/example_dags/example_sla_dag.py took 0.728 seconds
[2023-12-16T20:31:30.710+0000] {processor.py:157} INFO - Started process (PID=76) to work on /home/airflow/.local/lib/python3.8/site-packages/airflow/example_dags/example_sla_dag.py
[2023-12-16T20:31:30.727+0000] {processor.py:829} INFO - Processing file /home/airflow/.local/lib/python3.8/site-packages/airflow/example_dags/example_sla_dag.py for tasks to queue
[2023-12-16T20:31:30.749+0000] {logging_mixin.py:154} INFO - [2023-12-16T20:31:30.749+0000] {dagbag.py:536} INFO - Filling up the DagBag from /home/airflow/.local/lib/python3.8/site-packages/airflow/example_dags/example_sla_dag.py
[2023-12-16T20:31:30.902+0000] {processor.py:839} INFO - DAG(s) dict_keys(['example_sla_dag']) retrieved from /home/airflow/.local/lib/python3.8/site-packages/airflow/example_dags/example_sla_dag.py
[2023-12-16T20:31:31.028+0000] {logging_mixin.py:154} INFO - [2023-12-16T20:31:31.027+0000] {dag.py:2941} INFO - Sync 1 DAGs
[2023-12-16T20:31:31.368+0000] {logging_mixin.py:154} INFO - [2023-12-16T20:31:31.368+0000] {dag.py:3722} INFO - Setting next_dagrun for example_sla_dag to 2023-12-16T20:28:00+00:00, run_after=2023-12-16T20:30:00+00:00
[2023-12-16T20:31:31.901+0000] {processor.py:179} INFO - Processing /home/airflow/.local/lib/python3.8/site-packages/airflow/example_dags/example_sla_dag.py took 1.222 seconds
[2023-12-16T20:32:02.521+0000] {processor.py:157} INFO - Started process (PID=122) to work on /home/airflow/.local/lib/python3.8/site-packages/airflow/example_dags/example_sla_dag.py
[2023-12-16T20:32:02.532+0000] {processor.py:829} INFO - Processing file /home/airflow/.local/lib/python3.8/site-packages/airflow/example_dags/example_sla_dag.py for tasks to queue
[2023-12-16T20:32:02.594+0000] {logging_mixin.py:154} INFO - [2023-12-16T20:32:02.593+0000] {dagbag.py:536} INFO - Filling up the DagBag from /home/airflow/.local/lib/python3.8/site-packages/airflow/example_dags/example_sla_dag.py
[2023-12-16T20:32:02.800+0000] {processor.py:839} INFO - DAG(s) dict_keys(['example_sla_dag']) retrieved from /home/airflow/.local/lib/python3.8/site-packages/airflow/example_dags/example_sla_dag.py
[2023-12-16T20:32:02.984+0000] {logging_mixin.py:154} INFO - [2023-12-16T20:32:02.983+0000] {dag.py:2941} INFO - Sync 1 DAGs
[2023-12-16T20:32:03.201+0000] {logging_mixin.py:154} INFO - [2023-12-16T20:32:03.200+0000] {dag.py:3722} INFO - Setting next_dagrun for example_sla_dag to 2023-12-16T20:30:00+00:00, run_after=2023-12-16T20:32:00+00:00
[2023-12-16T20:32:03.296+0000] {processor.py:179} INFO - Processing /home/airflow/.local/lib/python3.8/site-packages/airflow/example_dags/example_sla_dag.py took 0.809 seconds
[2023-12-16T20:34:32.613+0000] {processor.py:157} INFO - Started process (PID=67) to work on /home/airflow/.local/lib/python3.8/site-packages/airflow/example_dags/example_sla_dag.py
[2023-12-16T20:34:32.634+0000] {processor.py:829} INFO - Processing file /home/airflow/.local/lib/python3.8/site-packages/airflow/example_dags/example_sla_dag.py for tasks to queue
[2023-12-16T20:34:32.666+0000] {logging_mixin.py:154} INFO - [2023-12-16T20:34:32.665+0000] {dagbag.py:536} INFO - Filling up the DagBag from /home/airflow/.local/lib/python3.8/site-packages/airflow/example_dags/example_sla_dag.py
[2023-12-16T20:34:32.817+0000] {processor.py:839} INFO - DAG(s) dict_keys(['example_sla_dag']) retrieved from /home/airflow/.local/lib/python3.8/site-packages/airflow/example_dags/example_sla_dag.py
[2023-12-16T20:34:32.926+0000] {logging_mixin.py:154} INFO - [2023-12-16T20:34:32.926+0000] {dag.py:2941} INFO - Sync 1 DAGs
[2023-12-16T20:34:33.077+0000] {logging_mixin.py:154} INFO - [2023-12-16T20:34:33.077+0000] {dag.py:3722} INFO - Setting next_dagrun for example_sla_dag to 2023-12-16T20:32:00+00:00, run_after=2023-12-16T20:34:00+00:00
[2023-12-16T20:34:33.128+0000] {processor.py:179} INFO - Processing /home/airflow/.local/lib/python3.8/site-packages/airflow/example_dags/example_sla_dag.py took 0.534 seconds
[2023-12-16T20:35:03.913+0000] {processor.py:157} INFO - Started process (PID=121) to work on /home/airflow/.local/lib/python3.8/site-packages/airflow/example_dags/example_sla_dag.py
[2023-12-16T20:35:03.917+0000] {processor.py:829} INFO - Processing file /home/airflow/.local/lib/python3.8/site-packages/airflow/example_dags/example_sla_dag.py for tasks to queue
[2023-12-16T20:35:03.922+0000] {logging_mixin.py:154} INFO - [2023-12-16T20:35:03.922+0000] {dagbag.py:536} INFO - Filling up the DagBag from /home/airflow/.local/lib/python3.8/site-packages/airflow/example_dags/example_sla_dag.py
[2023-12-16T20:35:03.953+0000] {processor.py:839} INFO - DAG(s) dict_keys(['example_sla_dag']) retrieved from /home/airflow/.local/lib/python3.8/site-packages/airflow/example_dags/example_sla_dag.py
[2023-12-16T20:35:04.031+0000] {logging_mixin.py:154} INFO - [2023-12-16T20:35:04.026+0000] {dag.py:2941} INFO - Sync 1 DAGs
[2023-12-16T20:35:04.121+0000] {logging_mixin.py:154} INFO - [2023-12-16T20:35:04.121+0000] {dag.py:3722} INFO - Setting next_dagrun for example_sla_dag to 2023-12-16T20:32:00+00:00, run_after=2023-12-16T20:34:00+00:00
[2023-12-16T20:35:04.207+0000] {processor.py:179} INFO - Processing /home/airflow/.local/lib/python3.8/site-packages/airflow/example_dags/example_sla_dag.py took 0.322 seconds
[2023-12-16T21:01:03.314+0000] {processor.py:157} INFO - Started process (PID=75) to work on /home/airflow/.local/lib/python3.8/site-packages/airflow/example_dags/example_sla_dag.py
[2023-12-16T21:01:03.342+0000] {processor.py:829} INFO - Processing file /home/airflow/.local/lib/python3.8/site-packages/airflow/example_dags/example_sla_dag.py for tasks to queue
[2023-12-16T21:01:03.396+0000] {logging_mixin.py:154} INFO - [2023-12-16T21:01:03.391+0000] {dagbag.py:536} INFO - Filling up the DagBag from /home/airflow/.local/lib/python3.8/site-packages/airflow/example_dags/example_sla_dag.py
[2023-12-16T21:01:03.576+0000] {processor.py:839} INFO - DAG(s) dict_keys(['example_sla_dag']) retrieved from /home/airflow/.local/lib/python3.8/site-packages/airflow/example_dags/example_sla_dag.py
[2023-12-16T21:01:04.158+0000] {logging_mixin.py:154} INFO - [2023-12-16T21:01:04.157+0000] {dag.py:2941} INFO - Sync 1 DAGs
[2023-12-16T21:01:05.394+0000] {logging_mixin.py:154} INFO - [2023-12-16T21:01:05.394+0000] {dag.py:3722} INFO - Setting next_dagrun for example_sla_dag to 2023-12-16T20:58:00+00:00, run_after=2023-12-16T21:00:00+00:00
[2023-12-16T21:01:05.534+0000] {processor.py:179} INFO - Processing /home/airflow/.local/lib/python3.8/site-packages/airflow/example_dags/example_sla_dag.py took 2.240 seconds
[2023-12-16T21:01:35.925+0000] {processor.py:157} INFO - Started process (PID=122) to work on /home/airflow/.local/lib/python3.8/site-packages/airflow/example_dags/example_sla_dag.py
[2023-12-16T21:01:35.976+0000] {processor.py:829} INFO - Processing file /home/airflow/.local/lib/python3.8/site-packages/airflow/example_dags/example_sla_dag.py for tasks to queue
[2023-12-16T21:01:36.001+0000] {logging_mixin.py:154} INFO - [2023-12-16T21:01:36.000+0000] {dagbag.py:536} INFO - Filling up the DagBag from /home/airflow/.local/lib/python3.8/site-packages/airflow/example_dags/example_sla_dag.py
[2023-12-16T21:01:36.087+0000] {processor.py:839} INFO - DAG(s) dict_keys(['example_sla_dag']) retrieved from /home/airflow/.local/lib/python3.8/site-packages/airflow/example_dags/example_sla_dag.py
[2023-12-16T21:01:36.374+0000] {logging_mixin.py:154} INFO - [2023-12-16T21:01:36.374+0000] {dag.py:2941} INFO - Sync 1 DAGs
[2023-12-16T21:01:36.604+0000] {logging_mixin.py:154} INFO - [2023-12-16T21:01:36.601+0000] {dag.py:3722} INFO - Setting next_dagrun for example_sla_dag to 2023-12-16T20:58:00+00:00, run_after=2023-12-16T21:00:00+00:00
[2023-12-16T21:01:36.803+0000] {processor.py:179} INFO - Processing /home/airflow/.local/lib/python3.8/site-packages/airflow/example_dags/example_sla_dag.py took 1.030 seconds
[2023-12-16T21:02:06.946+0000] {processor.py:157} INFO - Started process (PID=176) to work on /home/airflow/.local/lib/python3.8/site-packages/airflow/example_dags/example_sla_dag.py
[2023-12-16T21:02:06.951+0000] {processor.py:829} INFO - Processing file /home/airflow/.local/lib/python3.8/site-packages/airflow/example_dags/example_sla_dag.py for tasks to queue
[2023-12-16T21:02:06.957+0000] {logging_mixin.py:154} INFO - [2023-12-16T21:02:06.956+0000] {dagbag.py:536} INFO - Filling up the DagBag from /home/airflow/.local/lib/python3.8/site-packages/airflow/example_dags/example_sla_dag.py
[2023-12-16T21:02:06.976+0000] {processor.py:839} INFO - DAG(s) dict_keys(['example_sla_dag']) retrieved from /home/airflow/.local/lib/python3.8/site-packages/airflow/example_dags/example_sla_dag.py
[2023-12-16T21:02:07.042+0000] {logging_mixin.py:154} INFO - [2023-12-16T21:02:07.042+0000] {dag.py:2941} INFO - Sync 1 DAGs
[2023-12-16T21:02:07.284+0000] {logging_mixin.py:154} INFO - [2023-12-16T21:02:07.284+0000] {dag.py:3722} INFO - Setting next_dagrun for example_sla_dag to 2023-12-16T21:00:00+00:00, run_after=2023-12-16T21:02:00+00:00
[2023-12-16T21:02:07.399+0000] {processor.py:179} INFO - Processing /home/airflow/.local/lib/python3.8/site-packages/airflow/example_dags/example_sla_dag.py took 0.461 seconds
[2023-12-16T21:07:08.054+0000] {processor.py:157} INFO - Started process (PID=69) to work on /home/airflow/.local/lib/python3.8/site-packages/airflow/example_dags/example_sla_dag.py
[2023-12-16T21:07:08.064+0000] {processor.py:829} INFO - Processing file /home/airflow/.local/lib/python3.8/site-packages/airflow/example_dags/example_sla_dag.py for tasks to queue
[2023-12-16T21:07:08.079+0000] {logging_mixin.py:154} INFO - [2023-12-16T21:07:08.079+0000] {dagbag.py:536} INFO - Filling up the DagBag from /home/airflow/.local/lib/python3.8/site-packages/airflow/example_dags/example_sla_dag.py
[2023-12-16T21:07:08.151+0000] {processor.py:839} INFO - DAG(s) dict_keys(['example_sla_dag']) retrieved from /home/airflow/.local/lib/python3.8/site-packages/airflow/example_dags/example_sla_dag.py
[2023-12-16T21:07:08.314+0000] {logging_mixin.py:154} INFO - [2023-12-16T21:07:08.314+0000] {dag.py:2941} INFO - Sync 1 DAGs
[2023-12-16T21:07:08.689+0000] {logging_mixin.py:154} INFO - [2023-12-16T21:07:08.689+0000] {dag.py:3722} INFO - Setting next_dagrun for example_sla_dag to 2023-12-16T21:04:00+00:00, run_after=2023-12-16T21:06:00+00:00
[2023-12-16T21:07:09.230+0000] {processor.py:179} INFO - Processing /home/airflow/.local/lib/python3.8/site-packages/airflow/example_dags/example_sla_dag.py took 1.196 seconds
[2023-12-16T21:07:39.390+0000] {processor.py:157} INFO - Started process (PID=123) to work on /home/airflow/.local/lib/python3.8/site-packages/airflow/example_dags/example_sla_dag.py
[2023-12-16T21:07:39.393+0000] {processor.py:829} INFO - Processing file /home/airflow/.local/lib/python3.8/site-packages/airflow/example_dags/example_sla_dag.py for tasks to queue
[2023-12-16T21:07:39.397+0000] {logging_mixin.py:154} INFO - [2023-12-16T21:07:39.396+0000] {dagbag.py:536} INFO - Filling up the DagBag from /home/airflow/.local/lib/python3.8/site-packages/airflow/example_dags/example_sla_dag.py
[2023-12-16T21:07:39.417+0000] {processor.py:839} INFO - DAG(s) dict_keys(['example_sla_dag']) retrieved from /home/airflow/.local/lib/python3.8/site-packages/airflow/example_dags/example_sla_dag.py
[2023-12-16T21:07:39.514+0000] {logging_mixin.py:154} INFO - [2023-12-16T21:07:39.513+0000] {dag.py:2941} INFO - Sync 1 DAGs
[2023-12-16T21:07:39.674+0000] {logging_mixin.py:154} INFO - [2023-12-16T21:07:39.673+0000] {dag.py:3722} INFO - Setting next_dagrun for example_sla_dag to 2023-12-16T21:04:00+00:00, run_after=2023-12-16T21:06:00+00:00
[2023-12-16T21:07:39.741+0000] {processor.py:179} INFO - Processing /home/airflow/.local/lib/python3.8/site-packages/airflow/example_dags/example_sla_dag.py took 0.357 seconds
[2023-12-16T21:08:10.180+0000] {processor.py:157} INFO - Started process (PID=177) to work on /home/airflow/.local/lib/python3.8/site-packages/airflow/example_dags/example_sla_dag.py
[2023-12-16T21:08:10.183+0000] {processor.py:829} INFO - Processing file /home/airflow/.local/lib/python3.8/site-packages/airflow/example_dags/example_sla_dag.py for tasks to queue
[2023-12-16T21:08:10.188+0000] {logging_mixin.py:154} INFO - [2023-12-16T21:08:10.187+0000] {dagbag.py:536} INFO - Filling up the DagBag from /home/airflow/.local/lib/python3.8/site-packages/airflow/example_dags/example_sla_dag.py
[2023-12-16T21:08:10.215+0000] {processor.py:839} INFO - DAG(s) dict_keys(['example_sla_dag']) retrieved from /home/airflow/.local/lib/python3.8/site-packages/airflow/example_dags/example_sla_dag.py
[2023-12-16T21:08:10.258+0000] {logging_mixin.py:154} INFO - [2023-12-16T21:08:10.258+0000] {dag.py:2941} INFO - Sync 1 DAGs
[2023-12-16T21:08:10.330+0000] {logging_mixin.py:154} INFO - [2023-12-16T21:08:10.329+0000] {dag.py:3722} INFO - Setting next_dagrun for example_sla_dag to 2023-12-16T21:06:00+00:00, run_after=2023-12-16T21:08:00+00:00
[2023-12-16T21:08:10.398+0000] {processor.py:179} INFO - Processing /home/airflow/.local/lib/python3.8/site-packages/airflow/example_dags/example_sla_dag.py took 0.228 seconds
[2023-12-16T21:08:40.562+0000] {processor.py:157} INFO - Started process (PID=231) to work on /home/airflow/.local/lib/python3.8/site-packages/airflow/example_dags/example_sla_dag.py
[2023-12-16T21:08:40.566+0000] {processor.py:829} INFO - Processing file /home/airflow/.local/lib/python3.8/site-packages/airflow/example_dags/example_sla_dag.py for tasks to queue
[2023-12-16T21:08:40.571+0000] {logging_mixin.py:154} INFO - [2023-12-16T21:08:40.571+0000] {dagbag.py:536} INFO - Filling up the DagBag from /home/airflow/.local/lib/python3.8/site-packages/airflow/example_dags/example_sla_dag.py
[2023-12-16T21:08:40.593+0000] {processor.py:839} INFO - DAG(s) dict_keys(['example_sla_dag']) retrieved from /home/airflow/.local/lib/python3.8/site-packages/airflow/example_dags/example_sla_dag.py
[2023-12-16T21:08:40.630+0000] {logging_mixin.py:154} INFO - [2023-12-16T21:08:40.630+0000] {dag.py:2941} INFO - Sync 1 DAGs
[2023-12-16T21:08:40.677+0000] {logging_mixin.py:154} INFO - [2023-12-16T21:08:40.676+0000] {dag.py:3722} INFO - Setting next_dagrun for example_sla_dag to 2023-12-16T21:06:00+00:00, run_after=2023-12-16T21:08:00+00:00
[2023-12-16T21:08:40.706+0000] {processor.py:179} INFO - Processing /home/airflow/.local/lib/python3.8/site-packages/airflow/example_dags/example_sla_dag.py took 0.151 seconds
[2023-12-16T21:09:11.389+0000] {processor.py:157} INFO - Started process (PID=285) to work on /home/airflow/.local/lib/python3.8/site-packages/airflow/example_dags/example_sla_dag.py
[2023-12-16T21:09:11.400+0000] {processor.py:829} INFO - Processing file /home/airflow/.local/lib/python3.8/site-packages/airflow/example_dags/example_sla_dag.py for tasks to queue
[2023-12-16T21:09:11.560+0000] {logging_mixin.py:154} INFO - [2023-12-16T21:09:11.560+0000] {dagbag.py:536} INFO - Filling up the DagBag from /home/airflow/.local/lib/python3.8/site-packages/airflow/example_dags/example_sla_dag.py
[2023-12-16T21:09:11.693+0000] {processor.py:839} INFO - DAG(s) dict_keys(['example_sla_dag']) retrieved from /home/airflow/.local/lib/python3.8/site-packages/airflow/example_dags/example_sla_dag.py
[2023-12-16T21:09:11.881+0000] {logging_mixin.py:154} INFO - [2023-12-16T21:09:11.880+0000] {dag.py:2941} INFO - Sync 1 DAGs
[2023-12-16T21:09:11.983+0000] {logging_mixin.py:154} INFO - [2023-12-16T21:09:11.983+0000] {dag.py:3722} INFO - Setting next_dagrun for example_sla_dag to 2023-12-16T21:06:00+00:00, run_after=2023-12-16T21:08:00+00:00
[2023-12-16T21:09:12.151+0000] {processor.py:179} INFO - Processing /home/airflow/.local/lib/python3.8/site-packages/airflow/example_dags/example_sla_dag.py took 0.772 seconds
[2023-12-16T21:09:42.607+0000] {processor.py:157} INFO - Started process (PID=339) to work on /home/airflow/.local/lib/python3.8/site-packages/airflow/example_dags/example_sla_dag.py
[2023-12-16T21:09:42.610+0000] {processor.py:829} INFO - Processing file /home/airflow/.local/lib/python3.8/site-packages/airflow/example_dags/example_sla_dag.py for tasks to queue
[2023-12-16T21:09:42.617+0000] {logging_mixin.py:154} INFO - [2023-12-16T21:09:42.616+0000] {dagbag.py:536} INFO - Filling up the DagBag from /home/airflow/.local/lib/python3.8/site-packages/airflow/example_dags/example_sla_dag.py
[2023-12-16T21:09:42.640+0000] {processor.py:839} INFO - DAG(s) dict_keys(['example_sla_dag']) retrieved from /home/airflow/.local/lib/python3.8/site-packages/airflow/example_dags/example_sla_dag.py
[2023-12-16T21:09:42.696+0000] {logging_mixin.py:154} INFO - [2023-12-16T21:09:42.695+0000] {dag.py:2941} INFO - Sync 1 DAGs
[2023-12-16T21:09:42.790+0000] {logging_mixin.py:154} INFO - [2023-12-16T21:09:42.790+0000] {dag.py:3722} INFO - Setting next_dagrun for example_sla_dag to 2023-12-16T21:06:00+00:00, run_after=2023-12-16T21:08:00+00:00
[2023-12-16T21:09:42.839+0000] {processor.py:179} INFO - Processing /home/airflow/.local/lib/python3.8/site-packages/airflow/example_dags/example_sla_dag.py took 0.239 seconds
[2023-12-16T21:10:13.150+0000] {processor.py:157} INFO - Started process (PID=393) to work on /home/airflow/.local/lib/python3.8/site-packages/airflow/example_dags/example_sla_dag.py
[2023-12-16T21:10:13.153+0000] {processor.py:829} INFO - Processing file /home/airflow/.local/lib/python3.8/site-packages/airflow/example_dags/example_sla_dag.py for tasks to queue
[2023-12-16T21:10:13.158+0000] {logging_mixin.py:154} INFO - [2023-12-16T21:10:13.158+0000] {dagbag.py:536} INFO - Filling up the DagBag from /home/airflow/.local/lib/python3.8/site-packages/airflow/example_dags/example_sla_dag.py
[2023-12-16T21:10:13.174+0000] {processor.py:839} INFO - DAG(s) dict_keys(['example_sla_dag']) retrieved from /home/airflow/.local/lib/python3.8/site-packages/airflow/example_dags/example_sla_dag.py
[2023-12-16T21:10:13.212+0000] {logging_mixin.py:154} INFO - [2023-12-16T21:10:13.211+0000] {dag.py:2941} INFO - Sync 1 DAGs
[2023-12-16T21:10:13.261+0000] {logging_mixin.py:154} INFO - [2023-12-16T21:10:13.260+0000] {dag.py:3722} INFO - Setting next_dagrun for example_sla_dag to 2023-12-16T21:08:00+00:00, run_after=2023-12-16T21:10:00+00:00
[2023-12-16T21:10:13.296+0000] {processor.py:179} INFO - Processing /home/airflow/.local/lib/python3.8/site-packages/airflow/example_dags/example_sla_dag.py took 0.154 seconds
[2023-12-16T21:10:43.485+0000] {processor.py:157} INFO - Started process (PID=448) to work on /home/airflow/.local/lib/python3.8/site-packages/airflow/example_dags/example_sla_dag.py
[2023-12-16T21:10:43.487+0000] {processor.py:829} INFO - Processing file /home/airflow/.local/lib/python3.8/site-packages/airflow/example_dags/example_sla_dag.py for tasks to queue
[2023-12-16T21:10:43.497+0000] {logging_mixin.py:154} INFO - [2023-12-16T21:10:43.493+0000] {dagbag.py:536} INFO - Filling up the DagBag from /home/airflow/.local/lib/python3.8/site-packages/airflow/example_dags/example_sla_dag.py
[2023-12-16T21:10:43.523+0000] {processor.py:839} INFO - DAG(s) dict_keys(['example_sla_dag']) retrieved from /home/airflow/.local/lib/python3.8/site-packages/airflow/example_dags/example_sla_dag.py
[2023-12-16T21:10:43.564+0000] {logging_mixin.py:154} INFO - [2023-12-16T21:10:43.564+0000] {dag.py:2941} INFO - Sync 1 DAGs
[2023-12-16T21:10:43.615+0000] {logging_mixin.py:154} INFO - [2023-12-16T21:10:43.615+0000] {dag.py:3722} INFO - Setting next_dagrun for example_sla_dag to 2023-12-16T21:08:00+00:00, run_after=2023-12-16T21:10:00+00:00
[2023-12-16T21:10:43.661+0000] {processor.py:179} INFO - Processing /home/airflow/.local/lib/python3.8/site-packages/airflow/example_dags/example_sla_dag.py took 0.183 seconds
[2023-12-16T21:11:14.097+0000] {processor.py:157} INFO - Started process (PID=502) to work on /home/airflow/.local/lib/python3.8/site-packages/airflow/example_dags/example_sla_dag.py
[2023-12-16T21:11:14.100+0000] {processor.py:829} INFO - Processing file /home/airflow/.local/lib/python3.8/site-packages/airflow/example_dags/example_sla_dag.py for tasks to queue
[2023-12-16T21:11:14.118+0000] {logging_mixin.py:154} INFO - [2023-12-16T21:11:14.117+0000] {dagbag.py:536} INFO - Filling up the DagBag from /home/airflow/.local/lib/python3.8/site-packages/airflow/example_dags/example_sla_dag.py
[2023-12-16T21:11:14.140+0000] {processor.py:839} INFO - DAG(s) dict_keys(['example_sla_dag']) retrieved from /home/airflow/.local/lib/python3.8/site-packages/airflow/example_dags/example_sla_dag.py
[2023-12-16T21:11:14.199+0000] {logging_mixin.py:154} INFO - [2023-12-16T21:11:14.198+0000] {dag.py:2941} INFO - Sync 1 DAGs
[2023-12-16T21:11:14.250+0000] {logging_mixin.py:154} INFO - [2023-12-16T21:11:14.250+0000] {dag.py:3722} INFO - Setting next_dagrun for example_sla_dag to 2023-12-16T21:08:00+00:00, run_after=2023-12-16T21:10:00+00:00
[2023-12-16T21:11:14.284+0000] {processor.py:179} INFO - Processing /home/airflow/.local/lib/python3.8/site-packages/airflow/example_dags/example_sla_dag.py took 0.205 seconds
[2023-12-16T21:11:44.744+0000] {processor.py:157} INFO - Started process (PID=556) to work on /home/airflow/.local/lib/python3.8/site-packages/airflow/example_dags/example_sla_dag.py
[2023-12-16T21:11:44.753+0000] {processor.py:829} INFO - Processing file /home/airflow/.local/lib/python3.8/site-packages/airflow/example_dags/example_sla_dag.py for tasks to queue
[2023-12-16T21:11:44.758+0000] {logging_mixin.py:154} INFO - [2023-12-16T21:11:44.758+0000] {dagbag.py:536} INFO - Filling up the DagBag from /home/airflow/.local/lib/python3.8/site-packages/airflow/example_dags/example_sla_dag.py
[2023-12-16T21:11:44.789+0000] {processor.py:839} INFO - DAG(s) dict_keys(['example_sla_dag']) retrieved from /home/airflow/.local/lib/python3.8/site-packages/airflow/example_dags/example_sla_dag.py
[2023-12-16T21:11:44.867+0000] {logging_mixin.py:154} INFO - [2023-12-16T21:11:44.867+0000] {dag.py:2941} INFO - Sync 1 DAGs
[2023-12-16T21:11:44.985+0000] {logging_mixin.py:154} INFO - [2023-12-16T21:11:44.984+0000] {dag.py:3722} INFO - Setting next_dagrun for example_sla_dag to 2023-12-16T21:08:00+00:00, run_after=2023-12-16T21:10:00+00:00
[2023-12-16T21:11:45.057+0000] {processor.py:179} INFO - Processing /home/airflow/.local/lib/python3.8/site-packages/airflow/example_dags/example_sla_dag.py took 0.318 seconds
[2023-12-16T21:12:15.518+0000] {processor.py:157} INFO - Started process (PID=610) to work on /home/airflow/.local/lib/python3.8/site-packages/airflow/example_dags/example_sla_dag.py
[2023-12-16T21:12:15.520+0000] {processor.py:829} INFO - Processing file /home/airflow/.local/lib/python3.8/site-packages/airflow/example_dags/example_sla_dag.py for tasks to queue
[2023-12-16T21:12:15.526+0000] {logging_mixin.py:154} INFO - [2023-12-16T21:12:15.526+0000] {dagbag.py:536} INFO - Filling up the DagBag from /home/airflow/.local/lib/python3.8/site-packages/airflow/example_dags/example_sla_dag.py
[2023-12-16T21:12:15.551+0000] {processor.py:839} INFO - DAG(s) dict_keys(['example_sla_dag']) retrieved from /home/airflow/.local/lib/python3.8/site-packages/airflow/example_dags/example_sla_dag.py
[2023-12-16T21:12:15.596+0000] {logging_mixin.py:154} INFO - [2023-12-16T21:12:15.596+0000] {dag.py:2941} INFO - Sync 1 DAGs
[2023-12-16T21:12:15.655+0000] {logging_mixin.py:154} INFO - [2023-12-16T21:12:15.654+0000] {dag.py:3722} INFO - Setting next_dagrun for example_sla_dag to 2023-12-16T21:10:00+00:00, run_after=2023-12-16T21:12:00+00:00
[2023-12-16T21:12:15.694+0000] {processor.py:179} INFO - Processing /home/airflow/.local/lib/python3.8/site-packages/airflow/example_dags/example_sla_dag.py took 0.185 seconds
[2023-12-16T21:12:46.344+0000] {processor.py:157} INFO - Started process (PID=664) to work on /home/airflow/.local/lib/python3.8/site-packages/airflow/example_dags/example_sla_dag.py
[2023-12-16T21:12:46.346+0000] {processor.py:829} INFO - Processing file /home/airflow/.local/lib/python3.8/site-packages/airflow/example_dags/example_sla_dag.py for tasks to queue
[2023-12-16T21:12:46.352+0000] {logging_mixin.py:154} INFO - [2023-12-16T21:12:46.351+0000] {dagbag.py:536} INFO - Filling up the DagBag from /home/airflow/.local/lib/python3.8/site-packages/airflow/example_dags/example_sla_dag.py
[2023-12-16T21:12:46.366+0000] {processor.py:839} INFO - DAG(s) dict_keys(['example_sla_dag']) retrieved from /home/airflow/.local/lib/python3.8/site-packages/airflow/example_dags/example_sla_dag.py
[2023-12-16T21:12:46.401+0000] {logging_mixin.py:154} INFO - [2023-12-16T21:12:46.400+0000] {dag.py:2941} INFO - Sync 1 DAGs
[2023-12-16T21:12:46.449+0000] {logging_mixin.py:154} INFO - [2023-12-16T21:12:46.448+0000] {dag.py:3722} INFO - Setting next_dagrun for example_sla_dag to 2023-12-16T21:10:00+00:00, run_after=2023-12-16T21:12:00+00:00
[2023-12-16T21:12:46.478+0000] {processor.py:179} INFO - Processing /home/airflow/.local/lib/python3.8/site-packages/airflow/example_dags/example_sla_dag.py took 0.148 seconds
