[2023-12-16T19:21:50.640+0000] {processor.py:157} INFO - Started process (PID=45) to work on /home/airflow/.local/lib/python3.8/site-packages/airflow/example_dags/example_short_circuit_operator.py
[2023-12-16T19:21:50.683+0000] {processor.py:829} INFO - Processing file /home/airflow/.local/lib/python3.8/site-packages/airflow/example_dags/example_short_circuit_operator.py for tasks to queue
[2023-12-16T19:21:50.789+0000] {logging_mixin.py:154} INFO - [2023-12-16T19:21:50.759+0000] {dagbag.py:536} INFO - Filling up the DagBag from /home/airflow/.local/lib/python3.8/site-packages/airflow/example_dags/example_short_circuit_operator.py
[2023-12-16T19:21:50.941+0000] {processor.py:839} INFO - DAG(s) dict_keys(['example_short_circuit_operator']) retrieved from /home/airflow/.local/lib/python3.8/site-packages/airflow/example_dags/example_short_circuit_operator.py
[2023-12-16T19:21:51.341+0000] {logging_mixin.py:154} INFO - [2023-12-16T19:21:51.338+0000] {dag.py:2941} INFO - Sync 1 DAGs
[2023-12-16T19:21:51.944+0000] {logging_mixin.py:154} INFO - [2023-12-16T19:21:51.944+0000] {dag.py:3722} INFO - Setting next_dagrun for example_short_circuit_operator to 2023-12-15T19:21:51.919275+00:00, run_after=2023-12-16T19:21:51.919275+00:00
[2023-12-16T19:21:52.169+0000] {processor.py:179} INFO - Processing /home/airflow/.local/lib/python3.8/site-packages/airflow/example_dags/example_short_circuit_operator.py took 1.606 seconds
[2023-12-16T19:23:04.346+0000] {processor.py:157} INFO - Started process (PID=98) to work on /home/airflow/.local/lib/python3.8/site-packages/airflow/example_dags/example_short_circuit_operator.py
[2023-12-16T19:23:04.351+0000] {processor.py:829} INFO - Processing file /home/airflow/.local/lib/python3.8/site-packages/airflow/example_dags/example_short_circuit_operator.py for tasks to queue
[2023-12-16T19:23:04.366+0000] {logging_mixin.py:154} INFO - [2023-12-16T19:23:04.365+0000] {dagbag.py:536} INFO - Filling up the DagBag from /home/airflow/.local/lib/python3.8/site-packages/airflow/example_dags/example_short_circuit_operator.py
[2023-12-16T19:23:04.441+0000] {processor.py:839} INFO - DAG(s) dict_keys(['example_short_circuit_operator']) retrieved from /home/airflow/.local/lib/python3.8/site-packages/airflow/example_dags/example_short_circuit_operator.py
[2023-12-16T19:23:04.545+0000] {logging_mixin.py:154} INFO - [2023-12-16T19:23:04.545+0000] {dag.py:2941} INFO - Sync 1 DAGs
[2023-12-16T19:23:04.661+0000] {logging_mixin.py:154} INFO - [2023-12-16T19:23:04.660+0000] {dag.py:3722} INFO - Setting next_dagrun for example_short_circuit_operator to 2023-12-15T19:23:04.659808+00:00, run_after=2023-12-16T19:23:04.659808+00:00
[2023-12-16T19:23:05.618+0000] {processor.py:179} INFO - Processing /home/airflow/.local/lib/python3.8/site-packages/airflow/example_dags/example_short_circuit_operator.py took 1.283 seconds
[2023-12-16T19:23:36.081+0000] {processor.py:157} INFO - Started process (PID=150) to work on /home/airflow/.local/lib/python3.8/site-packages/airflow/example_dags/example_short_circuit_operator.py
[2023-12-16T19:23:36.089+0000] {processor.py:829} INFO - Processing file /home/airflow/.local/lib/python3.8/site-packages/airflow/example_dags/example_short_circuit_operator.py for tasks to queue
[2023-12-16T19:23:36.111+0000] {logging_mixin.py:154} INFO - [2023-12-16T19:23:36.110+0000] {dagbag.py:536} INFO - Filling up the DagBag from /home/airflow/.local/lib/python3.8/site-packages/airflow/example_dags/example_short_circuit_operator.py
[2023-12-16T19:23:36.141+0000] {processor.py:839} INFO - DAG(s) dict_keys(['example_short_circuit_operator']) retrieved from /home/airflow/.local/lib/python3.8/site-packages/airflow/example_dags/example_short_circuit_operator.py
[2023-12-16T19:23:36.258+0000] {logging_mixin.py:154} INFO - [2023-12-16T19:23:36.257+0000] {dag.py:2941} INFO - Sync 1 DAGs
[2023-12-16T19:23:36.317+0000] {logging_mixin.py:154} INFO - [2023-12-16T19:23:36.316+0000] {dag.py:3722} INFO - Setting next_dagrun for example_short_circuit_operator to 2023-12-15T19:23:36.316332+00:00, run_after=2023-12-16T19:23:36.316332+00:00
[2023-12-16T19:23:36.360+0000] {processor.py:179} INFO - Processing /home/airflow/.local/lib/python3.8/site-packages/airflow/example_dags/example_short_circuit_operator.py took 0.286 seconds
[2023-12-16T19:24:06.809+0000] {processor.py:157} INFO - Started process (PID=204) to work on /home/airflow/.local/lib/python3.8/site-packages/airflow/example_dags/example_short_circuit_operator.py
[2023-12-16T19:24:06.810+0000] {processor.py:829} INFO - Processing file /home/airflow/.local/lib/python3.8/site-packages/airflow/example_dags/example_short_circuit_operator.py for tasks to queue
[2023-12-16T19:24:06.815+0000] {logging_mixin.py:154} INFO - [2023-12-16T19:24:06.814+0000] {dagbag.py:536} INFO - Filling up the DagBag from /home/airflow/.local/lib/python3.8/site-packages/airflow/example_dags/example_short_circuit_operator.py
[2023-12-16T19:24:06.831+0000] {processor.py:839} INFO - DAG(s) dict_keys(['example_short_circuit_operator']) retrieved from /home/airflow/.local/lib/python3.8/site-packages/airflow/example_dags/example_short_circuit_operator.py
[2023-12-16T19:24:06.870+0000] {logging_mixin.py:154} INFO - [2023-12-16T19:24:06.870+0000] {dag.py:2941} INFO - Sync 1 DAGs
[2023-12-16T19:24:06.907+0000] {logging_mixin.py:154} INFO - [2023-12-16T19:24:06.906+0000] {dag.py:3722} INFO - Setting next_dagrun for example_short_circuit_operator to 2023-12-15T19:24:06.906364+00:00, run_after=2023-12-16T19:24:06.906364+00:00
[2023-12-16T19:24:06.940+0000] {processor.py:179} INFO - Processing /home/airflow/.local/lib/python3.8/site-packages/airflow/example_dags/example_short_circuit_operator.py took 0.138 seconds
[2023-12-16T19:31:02.758+0000] {processor.py:157} INFO - Started process (PID=217) to work on /home/airflow/.local/lib/python3.8/site-packages/airflow/example_dags/example_short_circuit_operator.py
[2023-12-16T19:31:02.976+0000] {processor.py:829} INFO - Processing file /home/airflow/.local/lib/python3.8/site-packages/airflow/example_dags/example_short_circuit_operator.py for tasks to queue
[2023-12-16T19:31:03.339+0000] {logging_mixin.py:154} INFO - [2023-12-16T19:31:03.253+0000] {dagbag.py:536} INFO - Filling up the DagBag from /home/airflow/.local/lib/python3.8/site-packages/airflow/example_dags/example_short_circuit_operator.py
[2023-12-16T19:31:06.296+0000] {processor.py:839} INFO - DAG(s) dict_keys(['example_short_circuit_operator']) retrieved from /home/airflow/.local/lib/python3.8/site-packages/airflow/example_dags/example_short_circuit_operator.py
[2023-12-16T19:35:31.185+0000] {processor.py:157} INFO - Started process (PID=46) to work on /home/airflow/.local/lib/python3.8/site-packages/airflow/example_dags/example_short_circuit_operator.py
[2023-12-16T19:35:31.197+0000] {processor.py:829} INFO - Processing file /home/airflow/.local/lib/python3.8/site-packages/airflow/example_dags/example_short_circuit_operator.py for tasks to queue
[2023-12-16T19:35:31.347+0000] {logging_mixin.py:154} INFO - [2023-12-16T19:35:31.346+0000] {dagbag.py:536} INFO - Filling up the DagBag from /home/airflow/.local/lib/python3.8/site-packages/airflow/example_dags/example_short_circuit_operator.py
[2023-12-16T19:35:31.749+0000] {processor.py:839} INFO - DAG(s) dict_keys(['example_short_circuit_operator']) retrieved from /home/airflow/.local/lib/python3.8/site-packages/airflow/example_dags/example_short_circuit_operator.py
[2023-12-16T19:35:32.591+0000] {logging_mixin.py:154} INFO - [2023-12-16T19:35:32.590+0000] {dag.py:2941} INFO - Sync 1 DAGs
[2023-12-16T19:35:32.855+0000] {logging_mixin.py:154} INFO - [2023-12-16T19:35:32.854+0000] {dag.py:3722} INFO - Setting next_dagrun for example_short_circuit_operator to 2023-12-15T19:35:32.854098+00:00, run_after=2023-12-16T19:35:32.854098+00:00
[2023-12-16T19:35:33.035+0000] {processor.py:179} INFO - Processing /home/airflow/.local/lib/python3.8/site-packages/airflow/example_dags/example_short_circuit_operator.py took 2.018 seconds
[2023-12-16T19:36:17.598+0000] {processor.py:157} INFO - Started process (PID=105) to work on /home/airflow/.local/lib/python3.8/site-packages/airflow/example_dags/example_short_circuit_operator.py
[2023-12-16T19:36:17.611+0000] {processor.py:829} INFO - Processing file /home/airflow/.local/lib/python3.8/site-packages/airflow/example_dags/example_short_circuit_operator.py for tasks to queue
[2023-12-16T19:36:17.621+0000] {logging_mixin.py:154} INFO - [2023-12-16T19:36:17.617+0000] {dagbag.py:536} INFO - Filling up the DagBag from /home/airflow/.local/lib/python3.8/site-packages/airflow/example_dags/example_short_circuit_operator.py
[2023-12-16T19:36:17.768+0000] {processor.py:839} INFO - DAG(s) dict_keys(['example_short_circuit_operator']) retrieved from /home/airflow/.local/lib/python3.8/site-packages/airflow/example_dags/example_short_circuit_operator.py
[2023-12-16T19:36:17.974+0000] {logging_mixin.py:154} INFO - [2023-12-16T19:36:17.973+0000] {dag.py:2941} INFO - Sync 1 DAGs
[2023-12-16T19:36:18.118+0000] {logging_mixin.py:154} INFO - [2023-12-16T19:36:18.118+0000] {dag.py:3722} INFO - Setting next_dagrun for example_short_circuit_operator to 2023-12-15T19:36:18.102804+00:00, run_after=2023-12-16T19:36:18.102804+00:00
[2023-12-16T19:36:18.320+0000] {processor.py:179} INFO - Processing /home/airflow/.local/lib/python3.8/site-packages/airflow/example_dags/example_short_circuit_operator.py took 0.755 seconds
[2023-12-16T19:37:00.267+0000] {processor.py:157} INFO - Started process (PID=157) to work on /home/airflow/.local/lib/python3.8/site-packages/airflow/example_dags/example_short_circuit_operator.py
[2023-12-16T19:37:00.270+0000] {processor.py:829} INFO - Processing file /home/airflow/.local/lib/python3.8/site-packages/airflow/example_dags/example_short_circuit_operator.py for tasks to queue
[2023-12-16T19:37:00.304+0000] {logging_mixin.py:154} INFO - [2023-12-16T19:37:00.303+0000] {dagbag.py:536} INFO - Filling up the DagBag from /home/airflow/.local/lib/python3.8/site-packages/airflow/example_dags/example_short_circuit_operator.py
[2023-12-16T19:37:00.380+0000] {processor.py:839} INFO - DAG(s) dict_keys(['example_short_circuit_operator']) retrieved from /home/airflow/.local/lib/python3.8/site-packages/airflow/example_dags/example_short_circuit_operator.py
[2023-12-16T19:37:00.556+0000] {logging_mixin.py:154} INFO - [2023-12-16T19:37:00.555+0000] {dag.py:2941} INFO - Sync 1 DAGs
[2023-12-16T19:37:00.905+0000] {logging_mixin.py:154} INFO - [2023-12-16T19:37:00.904+0000] {dag.py:3722} INFO - Setting next_dagrun for example_short_circuit_operator to 2023-12-15T19:37:00.904224+00:00, run_after=2023-12-16T19:37:00.904224+00:00
[2023-12-16T19:37:01.096+0000] {processor.py:179} INFO - Processing /home/airflow/.local/lib/python3.8/site-packages/airflow/example_dags/example_short_circuit_operator.py took 0.859 seconds
[2023-12-16T19:37:41.052+0000] {processor.py:157} INFO - Started process (PID=204) to work on /home/airflow/.local/lib/python3.8/site-packages/airflow/example_dags/example_short_circuit_operator.py
[2023-12-16T19:37:41.066+0000] {processor.py:829} INFO - Processing file /home/airflow/.local/lib/python3.8/site-packages/airflow/example_dags/example_short_circuit_operator.py for tasks to queue
[2023-12-16T19:37:41.098+0000] {logging_mixin.py:154} INFO - [2023-12-16T19:37:41.085+0000] {dagbag.py:536} INFO - Filling up the DagBag from /home/airflow/.local/lib/python3.8/site-packages/airflow/example_dags/example_short_circuit_operator.py
[2023-12-16T19:37:41.667+0000] {processor.py:839} INFO - DAG(s) dict_keys(['example_short_circuit_operator']) retrieved from /home/airflow/.local/lib/python3.8/site-packages/airflow/example_dags/example_short_circuit_operator.py
[2023-12-16T19:37:43.221+0000] {logging_mixin.py:154} INFO - [2023-12-16T19:37:43.221+0000] {dag.py:2941} INFO - Sync 1 DAGs
[2023-12-16T19:37:44.567+0000] {logging_mixin.py:154} INFO - [2023-12-16T19:37:44.566+0000] {dag.py:3722} INFO - Setting next_dagrun for example_short_circuit_operator to 2023-12-15T19:37:44.565664+00:00, run_after=2023-12-16T19:37:44.565664+00:00
[2023-12-16T19:37:45.013+0000] {processor.py:179} INFO - Processing /home/airflow/.local/lib/python3.8/site-packages/airflow/example_dags/example_short_circuit_operator.py took 4.027 seconds
[2023-12-16T19:40:47.690+0000] {processor.py:157} INFO - Started process (PID=45) to work on /home/airflow/.local/lib/python3.8/site-packages/airflow/example_dags/example_short_circuit_operator.py
[2023-12-16T19:40:47.713+0000] {processor.py:829} INFO - Processing file /home/airflow/.local/lib/python3.8/site-packages/airflow/example_dags/example_short_circuit_operator.py for tasks to queue
[2023-12-16T19:40:47.730+0000] {logging_mixin.py:154} INFO - [2023-12-16T19:40:47.730+0000] {dagbag.py:536} INFO - Filling up the DagBag from /home/airflow/.local/lib/python3.8/site-packages/airflow/example_dags/example_short_circuit_operator.py
[2023-12-16T19:40:47.925+0000] {processor.py:839} INFO - DAG(s) dict_keys(['example_short_circuit_operator']) retrieved from /home/airflow/.local/lib/python3.8/site-packages/airflow/example_dags/example_short_circuit_operator.py
[2023-12-16T19:40:48.720+0000] {logging_mixin.py:154} INFO - [2023-12-16T19:40:48.719+0000] {dag.py:2941} INFO - Sync 1 DAGs
[2023-12-16T19:40:49.071+0000] {logging_mixin.py:154} INFO - [2023-12-16T19:40:49.071+0000] {dag.py:3722} INFO - Setting next_dagrun for example_short_circuit_operator to 2023-12-15T19:40:49.070420+00:00, run_after=2023-12-16T19:40:49.070420+00:00
[2023-12-16T19:40:49.488+0000] {processor.py:179} INFO - Processing /home/airflow/.local/lib/python3.8/site-packages/airflow/example_dags/example_short_circuit_operator.py took 1.885 seconds
[2023-12-16T19:44:06.424+0000] {processor.py:157} INFO - Started process (PID=99) to work on /home/airflow/.local/lib/python3.8/site-packages/airflow/example_dags/example_short_circuit_operator.py
[2023-12-16T19:44:06.457+0000] {processor.py:829} INFO - Processing file /home/airflow/.local/lib/python3.8/site-packages/airflow/example_dags/example_short_circuit_operator.py for tasks to queue
[2023-12-16T19:44:06.463+0000] {logging_mixin.py:154} INFO - [2023-12-16T19:44:06.462+0000] {dagbag.py:536} INFO - Filling up the DagBag from /home/airflow/.local/lib/python3.8/site-packages/airflow/example_dags/example_short_circuit_operator.py
[2023-12-16T19:44:06.550+0000] {processor.py:839} INFO - DAG(s) dict_keys(['example_short_circuit_operator']) retrieved from /home/airflow/.local/lib/python3.8/site-packages/airflow/example_dags/example_short_circuit_operator.py
[2023-12-16T19:44:06.664+0000] {logging_mixin.py:154} INFO - [2023-12-16T19:44:06.663+0000] {dag.py:2941} INFO - Sync 1 DAGs
[2023-12-16T19:44:06.871+0000] {logging_mixin.py:154} INFO - [2023-12-16T19:44:06.858+0000] {dag.py:3722} INFO - Setting next_dagrun for example_short_circuit_operator to 2023-12-15T19:44:06.858288+00:00, run_after=2023-12-16T19:44:06.858288+00:00
[2023-12-16T19:44:07.044+0000] {processor.py:179} INFO - Processing /home/airflow/.local/lib/python3.8/site-packages/airflow/example_dags/example_short_circuit_operator.py took 0.690 seconds
[2023-12-16T19:44:48.004+0000] {processor.py:157} INFO - Started process (PID=157) to work on /home/airflow/.local/lib/python3.8/site-packages/airflow/example_dags/example_short_circuit_operator.py
[2023-12-16T19:44:48.019+0000] {processor.py:829} INFO - Processing file /home/airflow/.local/lib/python3.8/site-packages/airflow/example_dags/example_short_circuit_operator.py for tasks to queue
[2023-12-16T19:44:48.027+0000] {logging_mixin.py:154} INFO - [2023-12-16T19:44:48.026+0000] {dagbag.py:536} INFO - Filling up the DagBag from /home/airflow/.local/lib/python3.8/site-packages/airflow/example_dags/example_short_circuit_operator.py
[2023-12-16T19:44:48.070+0000] {processor.py:839} INFO - DAG(s) dict_keys(['example_short_circuit_operator']) retrieved from /home/airflow/.local/lib/python3.8/site-packages/airflow/example_dags/example_short_circuit_operator.py
[2023-12-16T19:44:48.236+0000] {logging_mixin.py:154} INFO - [2023-12-16T19:44:48.235+0000] {dag.py:2941} INFO - Sync 1 DAGs
[2023-12-16T19:44:48.415+0000] {logging_mixin.py:154} INFO - [2023-12-16T19:44:48.414+0000] {dag.py:3722} INFO - Setting next_dagrun for example_short_circuit_operator to 2023-12-15T19:44:48.414230+00:00, run_after=2023-12-16T19:44:48.414230+00:00
[2023-12-16T19:44:48.534+0000] {processor.py:179} INFO - Processing /home/airflow/.local/lib/python3.8/site-packages/airflow/example_dags/example_short_circuit_operator.py took 0.558 seconds
[2023-12-16T19:45:23.290+0000] {processor.py:157} INFO - Started process (PID=202) to work on /home/airflow/.local/lib/python3.8/site-packages/airflow/example_dags/example_short_circuit_operator.py
[2023-12-16T19:45:23.303+0000] {processor.py:829} INFO - Processing file /home/airflow/.local/lib/python3.8/site-packages/airflow/example_dags/example_short_circuit_operator.py for tasks to queue
[2023-12-16T19:45:23.306+0000] {logging_mixin.py:154} INFO - [2023-12-16T19:45:23.305+0000] {dagbag.py:536} INFO - Filling up the DagBag from /home/airflow/.local/lib/python3.8/site-packages/airflow/example_dags/example_short_circuit_operator.py
[2023-12-16T19:45:23.359+0000] {processor.py:839} INFO - DAG(s) dict_keys(['example_short_circuit_operator']) retrieved from /home/airflow/.local/lib/python3.8/site-packages/airflow/example_dags/example_short_circuit_operator.py
[2023-12-16T19:45:23.558+0000] {logging_mixin.py:154} INFO - [2023-12-16T19:45:23.558+0000] {dag.py:2941} INFO - Sync 1 DAGs
[2023-12-16T19:45:23.696+0000] {logging_mixin.py:154} INFO - [2023-12-16T19:45:23.695+0000] {dag.py:3722} INFO - Setting next_dagrun for example_short_circuit_operator to 2023-12-15T19:45:23.695177+00:00, run_after=2023-12-16T19:45:23.695177+00:00
[2023-12-16T19:45:23.921+0000] {processor.py:179} INFO - Processing /home/airflow/.local/lib/python3.8/site-packages/airflow/example_dags/example_short_circuit_operator.py took 0.644 seconds
[2023-12-16T20:04:30.249+0000] {processor.py:157} INFO - Started process (PID=107) to work on /home/airflow/.local/lib/python3.8/site-packages/airflow/example_dags/example_short_circuit_operator.py
[2023-12-16T20:04:30.252+0000] {processor.py:829} INFO - Processing file /home/airflow/.local/lib/python3.8/site-packages/airflow/example_dags/example_short_circuit_operator.py for tasks to queue
[2023-12-16T20:04:30.258+0000] {logging_mixin.py:154} INFO - [2023-12-16T20:04:30.257+0000] {dagbag.py:536} INFO - Filling up the DagBag from /home/airflow/.local/lib/python3.8/site-packages/airflow/example_dags/example_short_circuit_operator.py
[2023-12-16T20:04:30.295+0000] {processor.py:839} INFO - DAG(s) dict_keys(['example_short_circuit_operator']) retrieved from /home/airflow/.local/lib/python3.8/site-packages/airflow/example_dags/example_short_circuit_operator.py
[2023-12-16T20:04:30.564+0000] {logging_mixin.py:154} INFO - [2023-12-16T20:04:30.563+0000] {dag.py:2941} INFO - Sync 1 DAGs
[2023-12-16T20:04:30.654+0000] {logging_mixin.py:154} INFO - [2023-12-16T20:04:30.654+0000] {dag.py:3722} INFO - Setting next_dagrun for example_short_circuit_operator to 2023-12-15T20:04:30.650917+00:00, run_after=2023-12-16T20:04:30.650917+00:00
[2023-12-16T20:04:38.516+0000] {processor.py:179} INFO - Processing /home/airflow/.local/lib/python3.8/site-packages/airflow/example_dags/example_short_circuit_operator.py took 8.278 seconds
[2023-12-16T20:05:09.403+0000] {processor.py:157} INFO - Started process (PID=188) to work on /home/airflow/.local/lib/python3.8/site-packages/airflow/example_dags/example_short_circuit_operator.py
[2023-12-16T20:05:09.420+0000] {processor.py:829} INFO - Processing file /home/airflow/.local/lib/python3.8/site-packages/airflow/example_dags/example_short_circuit_operator.py for tasks to queue
[2023-12-16T20:05:09.448+0000] {logging_mixin.py:154} INFO - [2023-12-16T20:05:09.446+0000] {dagbag.py:536} INFO - Filling up the DagBag from /home/airflow/.local/lib/python3.8/site-packages/airflow/example_dags/example_short_circuit_operator.py
[2023-12-16T20:05:09.540+0000] {processor.py:839} INFO - DAG(s) dict_keys(['example_short_circuit_operator']) retrieved from /home/airflow/.local/lib/python3.8/site-packages/airflow/example_dags/example_short_circuit_operator.py
[2023-12-16T20:05:09.947+0000] {logging_mixin.py:154} INFO - [2023-12-16T20:05:09.946+0000] {dag.py:2941} INFO - Sync 1 DAGs
[2023-12-16T20:05:10.180+0000] {logging_mixin.py:154} INFO - [2023-12-16T20:05:10.180+0000] {dag.py:3722} INFO - Setting next_dagrun for example_short_circuit_operator to 2023-12-15T20:05:10.180108+00:00, run_after=2023-12-16T20:05:10.180108+00:00
[2023-12-16T20:05:11.081+0000] {processor.py:179} INFO - Processing /home/airflow/.local/lib/python3.8/site-packages/airflow/example_dags/example_short_circuit_operator.py took 1.690 seconds
[2023-12-16T20:05:41.948+0000] {processor.py:157} INFO - Started process (PID=256) to work on /home/airflow/.local/lib/python3.8/site-packages/airflow/example_dags/example_short_circuit_operator.py
[2023-12-16T20:05:41.951+0000] {processor.py:829} INFO - Processing file /home/airflow/.local/lib/python3.8/site-packages/airflow/example_dags/example_short_circuit_operator.py for tasks to queue
[2023-12-16T20:05:41.957+0000] {logging_mixin.py:154} INFO - [2023-12-16T20:05:41.957+0000] {dagbag.py:536} INFO - Filling up the DagBag from /home/airflow/.local/lib/python3.8/site-packages/airflow/example_dags/example_short_circuit_operator.py
[2023-12-16T20:05:41.977+0000] {processor.py:839} INFO - DAG(s) dict_keys(['example_short_circuit_operator']) retrieved from /home/airflow/.local/lib/python3.8/site-packages/airflow/example_dags/example_short_circuit_operator.py
[2023-12-16T20:05:42.049+0000] {logging_mixin.py:154} INFO - [2023-12-16T20:05:42.048+0000] {dag.py:2941} INFO - Sync 1 DAGs
[2023-12-16T20:05:42.142+0000] {logging_mixin.py:154} INFO - [2023-12-16T20:05:42.142+0000] {dag.py:3722} INFO - Setting next_dagrun for example_short_circuit_operator to 2023-12-15T20:05:42.141721+00:00, run_after=2023-12-16T20:05:42.141721+00:00
[2023-12-16T20:05:42.198+0000] {processor.py:179} INFO - Processing /home/airflow/.local/lib/python3.8/site-packages/airflow/example_dags/example_short_circuit_operator.py took 0.259 seconds
[2023-12-16T20:20:28.653+0000] {processor.py:157} INFO - Started process (PID=46) to work on /home/airflow/.local/lib/python3.8/site-packages/airflow/example_dags/example_short_circuit_operator.py
[2023-12-16T20:20:28.671+0000] {processor.py:829} INFO - Processing file /home/airflow/.local/lib/python3.8/site-packages/airflow/example_dags/example_short_circuit_operator.py for tasks to queue
[2023-12-16T20:20:28.677+0000] {logging_mixin.py:154} INFO - [2023-12-16T20:20:28.676+0000] {dagbag.py:536} INFO - Filling up the DagBag from /home/airflow/.local/lib/python3.8/site-packages/airflow/example_dags/example_short_circuit_operator.py
[2023-12-16T20:20:28.765+0000] {processor.py:839} INFO - DAG(s) dict_keys(['example_short_circuit_operator']) retrieved from /home/airflow/.local/lib/python3.8/site-packages/airflow/example_dags/example_short_circuit_operator.py
[2023-12-16T20:20:28.893+0000] {logging_mixin.py:154} INFO - [2023-12-16T20:20:28.893+0000] {dag.py:2941} INFO - Sync 1 DAGs
[2023-12-16T20:20:29.072+0000] {logging_mixin.py:154} INFO - [2023-12-16T20:20:29.072+0000] {dag.py:3722} INFO - Setting next_dagrun for example_short_circuit_operator to 2023-12-15T20:20:29.071596+00:00, run_after=2023-12-16T20:20:29.071596+00:00
[2023-12-16T20:20:29.440+0000] {processor.py:179} INFO - Processing /home/airflow/.local/lib/python3.8/site-packages/airflow/example_dags/example_short_circuit_operator.py took 0.804 seconds
[2023-12-16T20:21:08.511+0000] {processor.py:157} INFO - Started process (PID=99) to work on /home/airflow/.local/lib/python3.8/site-packages/airflow/example_dags/example_short_circuit_operator.py
[2023-12-16T20:21:08.515+0000] {processor.py:829} INFO - Processing file /home/airflow/.local/lib/python3.8/site-packages/airflow/example_dags/example_short_circuit_operator.py for tasks to queue
[2023-12-16T20:21:08.538+0000] {logging_mixin.py:154} INFO - [2023-12-16T20:21:08.521+0000] {dagbag.py:536} INFO - Filling up the DagBag from /home/airflow/.local/lib/python3.8/site-packages/airflow/example_dags/example_short_circuit_operator.py
[2023-12-16T20:21:08.572+0000] {processor.py:839} INFO - DAG(s) dict_keys(['example_short_circuit_operator']) retrieved from /home/airflow/.local/lib/python3.8/site-packages/airflow/example_dags/example_short_circuit_operator.py
[2023-12-16T20:21:08.685+0000] {logging_mixin.py:154} INFO - [2023-12-16T20:21:08.685+0000] {dag.py:2941} INFO - Sync 1 DAGs
[2023-12-16T20:21:08.796+0000] {logging_mixin.py:154} INFO - [2023-12-16T20:21:08.795+0000] {dag.py:3722} INFO - Setting next_dagrun for example_short_circuit_operator to 2023-12-15T20:21:08.795106+00:00, run_after=2023-12-16T20:21:08.795106+00:00
[2023-12-16T20:21:08.908+0000] {processor.py:179} INFO - Processing /home/airflow/.local/lib/python3.8/site-packages/airflow/example_dags/example_short_circuit_operator.py took 0.413 seconds
[2023-12-16T20:21:39.194+0000] {processor.py:157} INFO - Started process (PID=150) to work on /home/airflow/.local/lib/python3.8/site-packages/airflow/example_dags/example_short_circuit_operator.py
[2023-12-16T20:21:39.198+0000] {processor.py:829} INFO - Processing file /home/airflow/.local/lib/python3.8/site-packages/airflow/example_dags/example_short_circuit_operator.py for tasks to queue
[2023-12-16T20:21:39.205+0000] {logging_mixin.py:154} INFO - [2023-12-16T20:21:39.204+0000] {dagbag.py:536} INFO - Filling up the DagBag from /home/airflow/.local/lib/python3.8/site-packages/airflow/example_dags/example_short_circuit_operator.py
[2023-12-16T20:21:39.226+0000] {processor.py:839} INFO - DAG(s) dict_keys(['example_short_circuit_operator']) retrieved from /home/airflow/.local/lib/python3.8/site-packages/airflow/example_dags/example_short_circuit_operator.py
[2023-12-16T20:21:39.303+0000] {logging_mixin.py:154} INFO - [2023-12-16T20:21:39.302+0000] {dag.py:2941} INFO - Sync 1 DAGs
[2023-12-16T20:21:39.355+0000] {logging_mixin.py:154} INFO - [2023-12-16T20:21:39.355+0000] {dag.py:3722} INFO - Setting next_dagrun for example_short_circuit_operator to 2023-12-15T20:21:39.354728+00:00, run_after=2023-12-16T20:21:39.354728+00:00
[2023-12-16T20:21:39.434+0000] {processor.py:179} INFO - Processing /home/airflow/.local/lib/python3.8/site-packages/airflow/example_dags/example_short_circuit_operator.py took 0.247 seconds
[2023-12-16T20:24:46.986+0000] {processor.py:157} INFO - Started process (PID=170) to work on /home/airflow/.local/lib/python3.8/site-packages/airflow/example_dags/example_short_circuit_operator.py
[2023-12-16T20:24:47.025+0000] {processor.py:829} INFO - Processing file /home/airflow/.local/lib/python3.8/site-packages/airflow/example_dags/example_short_circuit_operator.py for tasks to queue
[2023-12-16T20:24:47.102+0000] {logging_mixin.py:154} INFO - [2023-12-16T20:24:47.073+0000] {dagbag.py:536} INFO - Filling up the DagBag from /home/airflow/.local/lib/python3.8/site-packages/airflow/example_dags/example_short_circuit_operator.py
[2023-12-16T20:24:47.336+0000] {processor.py:839} INFO - DAG(s) dict_keys(['example_short_circuit_operator']) retrieved from /home/airflow/.local/lib/python3.8/site-packages/airflow/example_dags/example_short_circuit_operator.py
[2023-12-16T20:25:04.523+0000] {logging_mixin.py:154} INFO - [2023-12-16T20:25:03.937+0000] {dag.py:2941} INFO - Sync 1 DAGs
[2023-12-16T20:26:24.350+0000] {logging_mixin.py:154} INFO - [2023-12-16T20:26:24.301+0000] {dag.py:3722} INFO - Setting next_dagrun for example_short_circuit_operator to 2023-12-15T20:26:24.211015+00:00, run_after=2023-12-16T20:26:24.211015+00:00
[2023-12-16T20:26:28.127+0000] {processor.py:179} INFO - Processing /home/airflow/.local/lib/python3.8/site-packages/airflow/example_dags/example_short_circuit_operator.py took 101.186 seconds
[2023-12-16T20:31:07.721+0000] {processor.py:157} INFO - Started process (PID=47) to work on /home/airflow/.local/lib/python3.8/site-packages/airflow/example_dags/example_short_circuit_operator.py
[2023-12-16T20:31:07.809+0000] {processor.py:829} INFO - Processing file /home/airflow/.local/lib/python3.8/site-packages/airflow/example_dags/example_short_circuit_operator.py for tasks to queue
[2023-12-16T20:31:07.847+0000] {logging_mixin.py:154} INFO - [2023-12-16T20:31:07.846+0000] {dagbag.py:536} INFO - Filling up the DagBag from /home/airflow/.local/lib/python3.8/site-packages/airflow/example_dags/example_short_circuit_operator.py
[2023-12-16T20:31:08.069+0000] {processor.py:839} INFO - DAG(s) dict_keys(['example_short_circuit_operator']) retrieved from /home/airflow/.local/lib/python3.8/site-packages/airflow/example_dags/example_short_circuit_operator.py
[2023-12-16T20:31:08.930+0000] {logging_mixin.py:154} INFO - [2023-12-16T20:31:08.926+0000] {dag.py:2941} INFO - Sync 1 DAGs
[2023-12-16T20:31:09.165+0000] {logging_mixin.py:154} INFO - [2023-12-16T20:31:09.164+0000] {dag.py:3722} INFO - Setting next_dagrun for example_short_circuit_operator to 2023-12-15T20:31:09.162941+00:00, run_after=2023-12-16T20:31:09.162941+00:00
[2023-12-16T20:31:09.393+0000] {processor.py:179} INFO - Processing /home/airflow/.local/lib/python3.8/site-packages/airflow/example_dags/example_short_circuit_operator.py took 1.700 seconds
[2023-12-16T20:31:44.885+0000] {processor.py:157} INFO - Started process (PID=101) to work on /home/airflow/.local/lib/python3.8/site-packages/airflow/example_dags/example_short_circuit_operator.py
[2023-12-16T20:31:44.888+0000] {processor.py:829} INFO - Processing file /home/airflow/.local/lib/python3.8/site-packages/airflow/example_dags/example_short_circuit_operator.py for tasks to queue
[2023-12-16T20:31:44.898+0000] {logging_mixin.py:154} INFO - [2023-12-16T20:31:44.897+0000] {dagbag.py:536} INFO - Filling up the DagBag from /home/airflow/.local/lib/python3.8/site-packages/airflow/example_dags/example_short_circuit_operator.py
[2023-12-16T20:31:44.925+0000] {processor.py:839} INFO - DAG(s) dict_keys(['example_short_circuit_operator']) retrieved from /home/airflow/.local/lib/python3.8/site-packages/airflow/example_dags/example_short_circuit_operator.py
[2023-12-16T20:31:45.007+0000] {logging_mixin.py:154} INFO - [2023-12-16T20:31:45.006+0000] {dag.py:2941} INFO - Sync 1 DAGs
[2023-12-16T20:31:45.078+0000] {logging_mixin.py:154} INFO - [2023-12-16T20:31:45.076+0000] {dag.py:3722} INFO - Setting next_dagrun for example_short_circuit_operator to 2023-12-15T20:31:45.072449+00:00, run_after=2023-12-16T20:31:45.072449+00:00
[2023-12-16T20:31:45.129+0000] {processor.py:179} INFO - Processing /home/airflow/.local/lib/python3.8/site-packages/airflow/example_dags/example_short_circuit_operator.py took 0.265 seconds
[2023-12-16T20:32:15.605+0000] {processor.py:157} INFO - Started process (PID=152) to work on /home/airflow/.local/lib/python3.8/site-packages/airflow/example_dags/example_short_circuit_operator.py
[2023-12-16T20:32:15.619+0000] {processor.py:829} INFO - Processing file /home/airflow/.local/lib/python3.8/site-packages/airflow/example_dags/example_short_circuit_operator.py for tasks to queue
[2023-12-16T20:32:15.624+0000] {logging_mixin.py:154} INFO - [2023-12-16T20:32:15.623+0000] {dagbag.py:536} INFO - Filling up the DagBag from /home/airflow/.local/lib/python3.8/site-packages/airflow/example_dags/example_short_circuit_operator.py
[2023-12-16T20:32:15.661+0000] {processor.py:839} INFO - DAG(s) dict_keys(['example_short_circuit_operator']) retrieved from /home/airflow/.local/lib/python3.8/site-packages/airflow/example_dags/example_short_circuit_operator.py
[2023-12-16T20:32:15.764+0000] {logging_mixin.py:154} INFO - [2023-12-16T20:32:15.764+0000] {dag.py:2941} INFO - Sync 1 DAGs
[2023-12-16T20:32:15.846+0000] {logging_mixin.py:154} INFO - [2023-12-16T20:32:15.845+0000] {dag.py:3722} INFO - Setting next_dagrun for example_short_circuit_operator to 2023-12-15T20:32:15.844986+00:00, run_after=2023-12-16T20:32:15.844986+00:00
[2023-12-16T20:32:15.899+0000] {processor.py:179} INFO - Processing /home/airflow/.local/lib/python3.8/site-packages/airflow/example_dags/example_short_circuit_operator.py took 0.312 seconds
[2023-12-16T20:34:24.278+0000] {processor.py:157} INFO - Started process (PID=39) to work on /home/airflow/.local/lib/python3.8/site-packages/airflow/example_dags/example_short_circuit_operator.py
[2023-12-16T20:34:24.288+0000] {processor.py:829} INFO - Processing file /home/airflow/.local/lib/python3.8/site-packages/airflow/example_dags/example_short_circuit_operator.py for tasks to queue
[2023-12-16T20:34:24.295+0000] {logging_mixin.py:154} INFO - [2023-12-16T20:34:24.294+0000] {dagbag.py:536} INFO - Filling up the DagBag from /home/airflow/.local/lib/python3.8/site-packages/airflow/example_dags/example_short_circuit_operator.py
[2023-12-16T20:34:24.366+0000] {processor.py:839} INFO - DAG(s) dict_keys(['example_short_circuit_operator']) retrieved from /home/airflow/.local/lib/python3.8/site-packages/airflow/example_dags/example_short_circuit_operator.py
[2023-12-16T20:34:24.443+0000] {logging_mixin.py:154} INFO - [2023-12-16T20:34:24.442+0000] {dag.py:2941} INFO - Sync 1 DAGs
[2023-12-16T20:34:24.573+0000] {logging_mixin.py:154} INFO - [2023-12-16T20:34:24.572+0000] {dag.py:3722} INFO - Setting next_dagrun for example_short_circuit_operator to 2023-12-15T20:34:24.572256+00:00, run_after=2023-12-16T20:34:24.572256+00:00
[2023-12-16T20:34:24.626+0000] {processor.py:179} INFO - Processing /home/airflow/.local/lib/python3.8/site-packages/airflow/example_dags/example_short_circuit_operator.py took 0.356 seconds
[2023-12-16T20:34:55.185+0000] {processor.py:157} INFO - Started process (PID=92) to work on /home/airflow/.local/lib/python3.8/site-packages/airflow/example_dags/example_short_circuit_operator.py
[2023-12-16T20:34:55.188+0000] {processor.py:829} INFO - Processing file /home/airflow/.local/lib/python3.8/site-packages/airflow/example_dags/example_short_circuit_operator.py for tasks to queue
[2023-12-16T20:34:55.196+0000] {logging_mixin.py:154} INFO - [2023-12-16T20:34:55.195+0000] {dagbag.py:536} INFO - Filling up the DagBag from /home/airflow/.local/lib/python3.8/site-packages/airflow/example_dags/example_short_circuit_operator.py
[2023-12-16T20:34:55.253+0000] {processor.py:839} INFO - DAG(s) dict_keys(['example_short_circuit_operator']) retrieved from /home/airflow/.local/lib/python3.8/site-packages/airflow/example_dags/example_short_circuit_operator.py
[2023-12-16T20:34:55.436+0000] {logging_mixin.py:154} INFO - [2023-12-16T20:34:55.436+0000] {dag.py:2941} INFO - Sync 1 DAGs
[2023-12-16T20:34:55.615+0000] {logging_mixin.py:154} INFO - [2023-12-16T20:34:55.614+0000] {dag.py:3722} INFO - Setting next_dagrun for example_short_circuit_operator to 2023-12-15T20:34:55.609051+00:00, run_after=2023-12-16T20:34:55.609051+00:00
[2023-12-16T20:34:55.671+0000] {processor.py:179} INFO - Processing /home/airflow/.local/lib/python3.8/site-packages/airflow/example_dags/example_short_circuit_operator.py took 0.505 seconds
[2023-12-16T20:39:41.429+0000] {processor.py:157} INFO - Started process (PID=158) to work on /home/airflow/.local/lib/python3.8/site-packages/airflow/example_dags/example_short_circuit_operator.py
[2023-12-16T20:39:41.434+0000] {processor.py:829} INFO - Processing file /home/airflow/.local/lib/python3.8/site-packages/airflow/example_dags/example_short_circuit_operator.py for tasks to queue
[2023-12-16T20:39:41.491+0000] {logging_mixin.py:154} INFO - [2023-12-16T20:39:41.481+0000] {dagbag.py:536} INFO - Filling up the DagBag from /home/airflow/.local/lib/python3.8/site-packages/airflow/example_dags/example_short_circuit_operator.py
[2023-12-16T20:39:41.810+0000] {processor.py:839} INFO - DAG(s) dict_keys(['example_short_circuit_operator']) retrieved from /home/airflow/.local/lib/python3.8/site-packages/airflow/example_dags/example_short_circuit_operator.py
[2023-12-16T20:39:45.353+0000] {logging_mixin.py:154} INFO - [2023-12-16T20:39:45.237+0000] {dag.py:2941} INFO - Sync 1 DAGs
[2023-12-16T21:00:37.803+0000] {processor.py:157} INFO - Started process (PID=46) to work on /home/airflow/.local/lib/python3.8/site-packages/airflow/example_dags/example_short_circuit_operator.py
[2023-12-16T21:00:37.806+0000] {processor.py:829} INFO - Processing file /home/airflow/.local/lib/python3.8/site-packages/airflow/example_dags/example_short_circuit_operator.py for tasks to queue
[2023-12-16T21:00:37.816+0000] {logging_mixin.py:154} INFO - [2023-12-16T21:00:37.815+0000] {dagbag.py:536} INFO - Filling up the DagBag from /home/airflow/.local/lib/python3.8/site-packages/airflow/example_dags/example_short_circuit_operator.py
[2023-12-16T21:00:37.846+0000] {processor.py:839} INFO - DAG(s) dict_keys(['example_short_circuit_operator']) retrieved from /home/airflow/.local/lib/python3.8/site-packages/airflow/example_dags/example_short_circuit_operator.py
[2023-12-16T21:00:38.852+0000] {logging_mixin.py:154} INFO - [2023-12-16T21:00:38.851+0000] {dag.py:2941} INFO - Sync 1 DAGs
[2023-12-16T21:00:39.387+0000] {logging_mixin.py:154} INFO - [2023-12-16T21:00:39.386+0000] {dag.py:3722} INFO - Setting next_dagrun for example_short_circuit_operator to 2023-12-15T21:00:39.385737+00:00, run_after=2023-12-16T21:00:39.385737+00:00
[2023-12-16T21:00:40.531+0000] {processor.py:179} INFO - Processing /home/airflow/.local/lib/python3.8/site-packages/airflow/example_dags/example_short_circuit_operator.py took 2.739 seconds
[2023-12-16T21:01:12.258+0000] {processor.py:157} INFO - Started process (PID=100) to work on /home/airflow/.local/lib/python3.8/site-packages/airflow/example_dags/example_short_circuit_operator.py
[2023-12-16T21:01:12.262+0000] {processor.py:829} INFO - Processing file /home/airflow/.local/lib/python3.8/site-packages/airflow/example_dags/example_short_circuit_operator.py for tasks to queue
[2023-12-16T21:01:12.267+0000] {logging_mixin.py:154} INFO - [2023-12-16T21:01:12.266+0000] {dagbag.py:536} INFO - Filling up the DagBag from /home/airflow/.local/lib/python3.8/site-packages/airflow/example_dags/example_short_circuit_operator.py
[2023-12-16T21:01:12.309+0000] {processor.py:839} INFO - DAG(s) dict_keys(['example_short_circuit_operator']) retrieved from /home/airflow/.local/lib/python3.8/site-packages/airflow/example_dags/example_short_circuit_operator.py
[2023-12-16T21:01:12.417+0000] {logging_mixin.py:154} INFO - [2023-12-16T21:01:12.416+0000] {dag.py:2941} INFO - Sync 1 DAGs
[2023-12-16T21:01:12.487+0000] {logging_mixin.py:154} INFO - [2023-12-16T21:01:12.487+0000] {dag.py:3722} INFO - Setting next_dagrun for example_short_circuit_operator to 2023-12-15T21:01:12.485136+00:00, run_after=2023-12-16T21:01:12.485136+00:00
[2023-12-16T21:01:12.561+0000] {processor.py:179} INFO - Processing /home/airflow/.local/lib/python3.8/site-packages/airflow/example_dags/example_short_circuit_operator.py took 0.311 seconds
[2023-12-16T21:01:43.827+0000] {processor.py:157} INFO - Started process (PID=152) to work on /home/airflow/.local/lib/python3.8/site-packages/airflow/example_dags/example_short_circuit_operator.py
[2023-12-16T21:01:43.830+0000] {processor.py:829} INFO - Processing file /home/airflow/.local/lib/python3.8/site-packages/airflow/example_dags/example_short_circuit_operator.py for tasks to queue
[2023-12-16T21:01:43.838+0000] {logging_mixin.py:154} INFO - [2023-12-16T21:01:43.836+0000] {dagbag.py:536} INFO - Filling up the DagBag from /home/airflow/.local/lib/python3.8/site-packages/airflow/example_dags/example_short_circuit_operator.py
[2023-12-16T21:01:43.866+0000] {processor.py:839} INFO - DAG(s) dict_keys(['example_short_circuit_operator']) retrieved from /home/airflow/.local/lib/python3.8/site-packages/airflow/example_dags/example_short_circuit_operator.py
[2023-12-16T21:01:43.923+0000] {logging_mixin.py:154} INFO - [2023-12-16T21:01:43.922+0000] {dag.py:2941} INFO - Sync 1 DAGs
[2023-12-16T21:01:43.985+0000] {logging_mixin.py:154} INFO - [2023-12-16T21:01:43.985+0000] {dag.py:3722} INFO - Setting next_dagrun for example_short_circuit_operator to 2023-12-15T21:01:43.982914+00:00, run_after=2023-12-16T21:01:43.982914+00:00
[2023-12-16T21:01:44.033+0000] {processor.py:179} INFO - Processing /home/airflow/.local/lib/python3.8/site-packages/airflow/example_dags/example_short_circuit_operator.py took 0.214 seconds
[2023-12-16T21:06:57.893+0000] {processor.py:157} INFO - Started process (PID=40) to work on /home/airflow/.local/lib/python3.8/site-packages/airflow/example_dags/example_short_circuit_operator.py
[2023-12-16T21:06:57.899+0000] {processor.py:829} INFO - Processing file /home/airflow/.local/lib/python3.8/site-packages/airflow/example_dags/example_short_circuit_operator.py for tasks to queue
[2023-12-16T21:06:57.908+0000] {logging_mixin.py:154} INFO - [2023-12-16T21:06:57.907+0000] {dagbag.py:536} INFO - Filling up the DagBag from /home/airflow/.local/lib/python3.8/site-packages/airflow/example_dags/example_short_circuit_operator.py
[2023-12-16T21:06:57.943+0000] {processor.py:839} INFO - DAG(s) dict_keys(['example_short_circuit_operator']) retrieved from /home/airflow/.local/lib/python3.8/site-packages/airflow/example_dags/example_short_circuit_operator.py
[2023-12-16T21:06:58.017+0000] {logging_mixin.py:154} INFO - [2023-12-16T21:06:58.017+0000] {dag.py:2941} INFO - Sync 1 DAGs
[2023-12-16T21:06:58.076+0000] {logging_mixin.py:154} INFO - [2023-12-16T21:06:58.076+0000] {dag.py:3722} INFO - Setting next_dagrun for example_short_circuit_operator to 2023-12-15T21:06:58.075844+00:00, run_after=2023-12-16T21:06:58.075844+00:00
[2023-12-16T21:06:58.118+0000] {processor.py:179} INFO - Processing /home/airflow/.local/lib/python3.8/site-packages/airflow/example_dags/example_short_circuit_operator.py took 0.234 seconds
[2023-12-16T21:07:28.382+0000] {processor.py:157} INFO - Started process (PID=94) to work on /home/airflow/.local/lib/python3.8/site-packages/airflow/example_dags/example_short_circuit_operator.py
[2023-12-16T21:07:28.386+0000] {processor.py:829} INFO - Processing file /home/airflow/.local/lib/python3.8/site-packages/airflow/example_dags/example_short_circuit_operator.py for tasks to queue
[2023-12-16T21:07:28.393+0000] {logging_mixin.py:154} INFO - [2023-12-16T21:07:28.392+0000] {dagbag.py:536} INFO - Filling up the DagBag from /home/airflow/.local/lib/python3.8/site-packages/airflow/example_dags/example_short_circuit_operator.py
[2023-12-16T21:07:28.417+0000] {processor.py:839} INFO - DAG(s) dict_keys(['example_short_circuit_operator']) retrieved from /home/airflow/.local/lib/python3.8/site-packages/airflow/example_dags/example_short_circuit_operator.py
[2023-12-16T21:07:28.482+0000] {logging_mixin.py:154} INFO - [2023-12-16T21:07:28.482+0000] {dag.py:2941} INFO - Sync 1 DAGs
[2023-12-16T21:07:28.536+0000] {logging_mixin.py:154} INFO - [2023-12-16T21:07:28.536+0000] {dag.py:3722} INFO - Setting next_dagrun for example_short_circuit_operator to 2023-12-15T21:07:28.535829+00:00, run_after=2023-12-16T21:07:28.535829+00:00
[2023-12-16T21:07:28.595+0000] {processor.py:179} INFO - Processing /home/airflow/.local/lib/python3.8/site-packages/airflow/example_dags/example_short_circuit_operator.py took 0.218 seconds
[2023-12-16T21:07:58.942+0000] {processor.py:157} INFO - Started process (PID=148) to work on /home/airflow/.local/lib/python3.8/site-packages/airflow/example_dags/example_short_circuit_operator.py
[2023-12-16T21:07:58.944+0000] {processor.py:829} INFO - Processing file /home/airflow/.local/lib/python3.8/site-packages/airflow/example_dags/example_short_circuit_operator.py for tasks to queue
[2023-12-16T21:07:58.948+0000] {logging_mixin.py:154} INFO - [2023-12-16T21:07:58.947+0000] {dagbag.py:536} INFO - Filling up the DagBag from /home/airflow/.local/lib/python3.8/site-packages/airflow/example_dags/example_short_circuit_operator.py
[2023-12-16T21:07:58.962+0000] {processor.py:839} INFO - DAG(s) dict_keys(['example_short_circuit_operator']) retrieved from /home/airflow/.local/lib/python3.8/site-packages/airflow/example_dags/example_short_circuit_operator.py
[2023-12-16T21:07:59.006+0000] {logging_mixin.py:154} INFO - [2023-12-16T21:07:59.006+0000] {dag.py:2941} INFO - Sync 1 DAGs
[2023-12-16T21:07:59.049+0000] {logging_mixin.py:154} INFO - [2023-12-16T21:07:59.049+0000] {dag.py:3722} INFO - Setting next_dagrun for example_short_circuit_operator to 2023-12-15T21:07:59.048594+00:00, run_after=2023-12-16T21:07:59.048594+00:00
[2023-12-16T21:07:59.082+0000] {processor.py:179} INFO - Processing /home/airflow/.local/lib/python3.8/site-packages/airflow/example_dags/example_short_circuit_operator.py took 0.145 seconds
[2023-12-16T21:08:30.432+0000] {processor.py:157} INFO - Started process (PID=202) to work on /home/airflow/.local/lib/python3.8/site-packages/airflow/example_dags/example_short_circuit_operator.py
[2023-12-16T21:08:30.440+0000] {processor.py:829} INFO - Processing file /home/airflow/.local/lib/python3.8/site-packages/airflow/example_dags/example_short_circuit_operator.py for tasks to queue
[2023-12-16T21:08:30.446+0000] {logging_mixin.py:154} INFO - [2023-12-16T21:08:30.445+0000] {dagbag.py:536} INFO - Filling up the DagBag from /home/airflow/.local/lib/python3.8/site-packages/airflow/example_dags/example_short_circuit_operator.py
[2023-12-16T21:08:30.480+0000] {processor.py:839} INFO - DAG(s) dict_keys(['example_short_circuit_operator']) retrieved from /home/airflow/.local/lib/python3.8/site-packages/airflow/example_dags/example_short_circuit_operator.py
[2023-12-16T21:08:30.612+0000] {logging_mixin.py:154} INFO - [2023-12-16T21:08:30.610+0000] {dag.py:2941} INFO - Sync 1 DAGs
[2023-12-16T21:08:30.713+0000] {logging_mixin.py:154} INFO - [2023-12-16T21:08:30.713+0000] {dag.py:3722} INFO - Setting next_dagrun for example_short_circuit_operator to 2023-12-15T21:08:30.712660+00:00, run_after=2023-12-16T21:08:30.712660+00:00
[2023-12-16T21:08:30.773+0000] {processor.py:179} INFO - Processing /home/airflow/.local/lib/python3.8/site-packages/airflow/example_dags/example_short_circuit_operator.py took 0.350 seconds
[2023-12-16T21:09:00.858+0000] {processor.py:157} INFO - Started process (PID=256) to work on /home/airflow/.local/lib/python3.8/site-packages/airflow/example_dags/example_short_circuit_operator.py
[2023-12-16T21:09:00.866+0000] {processor.py:829} INFO - Processing file /home/airflow/.local/lib/python3.8/site-packages/airflow/example_dags/example_short_circuit_operator.py for tasks to queue
[2023-12-16T21:09:00.870+0000] {logging_mixin.py:154} INFO - [2023-12-16T21:09:00.870+0000] {dagbag.py:536} INFO - Filling up the DagBag from /home/airflow/.local/lib/python3.8/site-packages/airflow/example_dags/example_short_circuit_operator.py
[2023-12-16T21:09:00.883+0000] {processor.py:839} INFO - DAG(s) dict_keys(['example_short_circuit_operator']) retrieved from /home/airflow/.local/lib/python3.8/site-packages/airflow/example_dags/example_short_circuit_operator.py
[2023-12-16T21:09:00.930+0000] {logging_mixin.py:154} INFO - [2023-12-16T21:09:00.929+0000] {dag.py:2941} INFO - Sync 1 DAGs
[2023-12-16T21:09:01.077+0000] {logging_mixin.py:154} INFO - [2023-12-16T21:09:01.077+0000] {dag.py:3722} INFO - Setting next_dagrun for example_short_circuit_operator to 2023-12-15T21:09:01.076813+00:00, run_after=2023-12-16T21:09:01.076813+00:00
[2023-12-16T21:09:01.437+0000] {processor.py:179} INFO - Processing /home/airflow/.local/lib/python3.8/site-packages/airflow/example_dags/example_short_circuit_operator.py took 0.584 seconds
[2023-12-16T21:09:31.961+0000] {processor.py:157} INFO - Started process (PID=310) to work on /home/airflow/.local/lib/python3.8/site-packages/airflow/example_dags/example_short_circuit_operator.py
[2023-12-16T21:09:31.964+0000] {processor.py:829} INFO - Processing file /home/airflow/.local/lib/python3.8/site-packages/airflow/example_dags/example_short_circuit_operator.py for tasks to queue
[2023-12-16T21:09:31.973+0000] {logging_mixin.py:154} INFO - [2023-12-16T21:09:31.972+0000] {dagbag.py:536} INFO - Filling up the DagBag from /home/airflow/.local/lib/python3.8/site-packages/airflow/example_dags/example_short_circuit_operator.py
[2023-12-16T21:09:31.986+0000] {processor.py:839} INFO - DAG(s) dict_keys(['example_short_circuit_operator']) retrieved from /home/airflow/.local/lib/python3.8/site-packages/airflow/example_dags/example_short_circuit_operator.py
[2023-12-16T21:09:32.038+0000] {logging_mixin.py:154} INFO - [2023-12-16T21:09:32.038+0000] {dag.py:2941} INFO - Sync 1 DAGs
[2023-12-16T21:09:32.084+0000] {logging_mixin.py:154} INFO - [2023-12-16T21:09:32.084+0000] {dag.py:3722} INFO - Setting next_dagrun for example_short_circuit_operator to 2023-12-15T21:09:32.083684+00:00, run_after=2023-12-16T21:09:32.083684+00:00
[2023-12-16T21:09:32.122+0000] {processor.py:179} INFO - Processing /home/airflow/.local/lib/python3.8/site-packages/airflow/example_dags/example_short_circuit_operator.py took 0.168 seconds
[2023-12-16T21:10:02.905+0000] {processor.py:157} INFO - Started process (PID=364) to work on /home/airflow/.local/lib/python3.8/site-packages/airflow/example_dags/example_short_circuit_operator.py
[2023-12-16T21:10:02.907+0000] {processor.py:829} INFO - Processing file /home/airflow/.local/lib/python3.8/site-packages/airflow/example_dags/example_short_circuit_operator.py for tasks to queue
[2023-12-16T21:10:02.914+0000] {logging_mixin.py:154} INFO - [2023-12-16T21:10:02.913+0000] {dagbag.py:536} INFO - Filling up the DagBag from /home/airflow/.local/lib/python3.8/site-packages/airflow/example_dags/example_short_circuit_operator.py
[2023-12-16T21:10:02.934+0000] {processor.py:839} INFO - DAG(s) dict_keys(['example_short_circuit_operator']) retrieved from /home/airflow/.local/lib/python3.8/site-packages/airflow/example_dags/example_short_circuit_operator.py
[2023-12-16T21:10:02.988+0000] {logging_mixin.py:154} INFO - [2023-12-16T21:10:02.987+0000] {dag.py:2941} INFO - Sync 1 DAGs
[2023-12-16T21:10:03.077+0000] {logging_mixin.py:154} INFO - [2023-12-16T21:10:03.076+0000] {dag.py:3722} INFO - Setting next_dagrun for example_short_circuit_operator to 2023-12-15T21:10:03.075990+00:00, run_after=2023-12-16T21:10:03.075990+00:00
[2023-12-16T21:10:03.154+0000] {processor.py:179} INFO - Processing /home/airflow/.local/lib/python3.8/site-packages/airflow/example_dags/example_short_circuit_operator.py took 0.257 seconds
[2023-12-16T21:10:33.317+0000] {processor.py:157} INFO - Started process (PID=418) to work on /home/airflow/.local/lib/python3.8/site-packages/airflow/example_dags/example_short_circuit_operator.py
[2023-12-16T21:10:33.320+0000] {processor.py:829} INFO - Processing file /home/airflow/.local/lib/python3.8/site-packages/airflow/example_dags/example_short_circuit_operator.py for tasks to queue
[2023-12-16T21:10:33.326+0000] {logging_mixin.py:154} INFO - [2023-12-16T21:10:33.325+0000] {dagbag.py:536} INFO - Filling up the DagBag from /home/airflow/.local/lib/python3.8/site-packages/airflow/example_dags/example_short_circuit_operator.py
[2023-12-16T21:10:33.367+0000] {processor.py:839} INFO - DAG(s) dict_keys(['example_short_circuit_operator']) retrieved from /home/airflow/.local/lib/python3.8/site-packages/airflow/example_dags/example_short_circuit_operator.py
[2023-12-16T21:10:33.500+0000] {logging_mixin.py:154} INFO - [2023-12-16T21:10:33.487+0000] {dag.py:2941} INFO - Sync 1 DAGs
[2023-12-16T21:10:33.580+0000] {logging_mixin.py:154} INFO - [2023-12-16T21:10:33.580+0000] {dag.py:3722} INFO - Setting next_dagrun for example_short_circuit_operator to 2023-12-15T21:10:33.579760+00:00, run_after=2023-12-16T21:10:33.579760+00:00
[2023-12-16T21:10:33.668+0000] {processor.py:179} INFO - Processing /home/airflow/.local/lib/python3.8/site-packages/airflow/example_dags/example_short_circuit_operator.py took 0.359 seconds
[2023-12-16T21:11:04.382+0000] {processor.py:157} INFO - Started process (PID=473) to work on /home/airflow/.local/lib/python3.8/site-packages/airflow/example_dags/example_short_circuit_operator.py
[2023-12-16T21:11:04.384+0000] {processor.py:829} INFO - Processing file /home/airflow/.local/lib/python3.8/site-packages/airflow/example_dags/example_short_circuit_operator.py for tasks to queue
[2023-12-16T21:11:04.388+0000] {logging_mixin.py:154} INFO - [2023-12-16T21:11:04.388+0000] {dagbag.py:536} INFO - Filling up the DagBag from /home/airflow/.local/lib/python3.8/site-packages/airflow/example_dags/example_short_circuit_operator.py
[2023-12-16T21:11:04.406+0000] {processor.py:839} INFO - DAG(s) dict_keys(['example_short_circuit_operator']) retrieved from /home/airflow/.local/lib/python3.8/site-packages/airflow/example_dags/example_short_circuit_operator.py
[2023-12-16T21:11:04.457+0000] {logging_mixin.py:154} INFO - [2023-12-16T21:11:04.456+0000] {dag.py:2941} INFO - Sync 1 DAGs
[2023-12-16T21:11:04.512+0000] {logging_mixin.py:154} INFO - [2023-12-16T21:11:04.512+0000] {dag.py:3722} INFO - Setting next_dagrun for example_short_circuit_operator to 2023-12-15T21:11:04.512040+00:00, run_after=2023-12-16T21:11:04.512040+00:00
[2023-12-16T21:11:04.546+0000] {processor.py:179} INFO - Processing /home/airflow/.local/lib/python3.8/site-packages/airflow/example_dags/example_short_circuit_operator.py took 0.169 seconds
[2023-12-16T21:11:34.810+0000] {processor.py:157} INFO - Started process (PID=527) to work on /home/airflow/.local/lib/python3.8/site-packages/airflow/example_dags/example_short_circuit_operator.py
[2023-12-16T21:11:34.812+0000] {processor.py:829} INFO - Processing file /home/airflow/.local/lib/python3.8/site-packages/airflow/example_dags/example_short_circuit_operator.py for tasks to queue
[2023-12-16T21:11:34.818+0000] {logging_mixin.py:154} INFO - [2023-12-16T21:11:34.817+0000] {dagbag.py:536} INFO - Filling up the DagBag from /home/airflow/.local/lib/python3.8/site-packages/airflow/example_dags/example_short_circuit_operator.py
[2023-12-16T21:11:34.836+0000] {processor.py:839} INFO - DAG(s) dict_keys(['example_short_circuit_operator']) retrieved from /home/airflow/.local/lib/python3.8/site-packages/airflow/example_dags/example_short_circuit_operator.py
[2023-12-16T21:11:34.903+0000] {logging_mixin.py:154} INFO - [2023-12-16T21:11:34.902+0000] {dag.py:2941} INFO - Sync 1 DAGs
[2023-12-16T21:11:34.952+0000] {logging_mixin.py:154} INFO - [2023-12-16T21:11:34.952+0000] {dag.py:3722} INFO - Setting next_dagrun for example_short_circuit_operator to 2023-12-15T21:11:34.951516+00:00, run_after=2023-12-16T21:11:34.951516+00:00
[2023-12-16T21:11:34.992+0000] {processor.py:179} INFO - Processing /home/airflow/.local/lib/python3.8/site-packages/airflow/example_dags/example_short_circuit_operator.py took 0.191 seconds
[2023-12-16T21:12:05.085+0000] {processor.py:157} INFO - Started process (PID=580) to work on /home/airflow/.local/lib/python3.8/site-packages/airflow/example_dags/example_short_circuit_operator.py
[2023-12-16T21:12:05.087+0000] {processor.py:829} INFO - Processing file /home/airflow/.local/lib/python3.8/site-packages/airflow/example_dags/example_short_circuit_operator.py for tasks to queue
[2023-12-16T21:12:05.092+0000] {logging_mixin.py:154} INFO - [2023-12-16T21:12:05.091+0000] {dagbag.py:536} INFO - Filling up the DagBag from /home/airflow/.local/lib/python3.8/site-packages/airflow/example_dags/example_short_circuit_operator.py
[2023-12-16T21:12:05.107+0000] {processor.py:839} INFO - DAG(s) dict_keys(['example_short_circuit_operator']) retrieved from /home/airflow/.local/lib/python3.8/site-packages/airflow/example_dags/example_short_circuit_operator.py
[2023-12-16T21:12:05.146+0000] {logging_mixin.py:154} INFO - [2023-12-16T21:12:05.146+0000] {dag.py:2941} INFO - Sync 1 DAGs
[2023-12-16T21:12:05.181+0000] {logging_mixin.py:154} INFO - [2023-12-16T21:12:05.181+0000] {dag.py:3722} INFO - Setting next_dagrun for example_short_circuit_operator to 2023-12-15T21:12:05.180486+00:00, run_after=2023-12-16T21:12:05.180486+00:00
[2023-12-16T21:12:05.212+0000] {processor.py:179} INFO - Processing /home/airflow/.local/lib/python3.8/site-packages/airflow/example_dags/example_short_circuit_operator.py took 0.132 seconds
[2023-12-16T21:12:35.539+0000] {processor.py:157} INFO - Started process (PID=635) to work on /home/airflow/.local/lib/python3.8/site-packages/airflow/example_dags/example_short_circuit_operator.py
[2023-12-16T21:12:35.542+0000] {processor.py:829} INFO - Processing file /home/airflow/.local/lib/python3.8/site-packages/airflow/example_dags/example_short_circuit_operator.py for tasks to queue
[2023-12-16T21:12:35.546+0000] {logging_mixin.py:154} INFO - [2023-12-16T21:12:35.546+0000] {dagbag.py:536} INFO - Filling up the DagBag from /home/airflow/.local/lib/python3.8/site-packages/airflow/example_dags/example_short_circuit_operator.py
[2023-12-16T21:12:35.563+0000] {processor.py:839} INFO - DAG(s) dict_keys(['example_short_circuit_operator']) retrieved from /home/airflow/.local/lib/python3.8/site-packages/airflow/example_dags/example_short_circuit_operator.py
[2023-12-16T21:12:35.612+0000] {logging_mixin.py:154} INFO - [2023-12-16T21:12:35.612+0000] {dag.py:2941} INFO - Sync 1 DAGs
[2023-12-16T21:12:35.651+0000] {logging_mixin.py:154} INFO - [2023-12-16T21:12:35.651+0000] {dag.py:3722} INFO - Setting next_dagrun for example_short_circuit_operator to 2023-12-15T21:12:35.651188+00:00, run_after=2023-12-16T21:12:35.651188+00:00
[2023-12-16T21:12:35.682+0000] {processor.py:179} INFO - Processing /home/airflow/.local/lib/python3.8/site-packages/airflow/example_dags/example_short_circuit_operator.py took 0.151 seconds
