[2023-12-16T19:22:14.174+0000] {processor.py:157} INFO - Started process (PID=80) to work on /home/airflow/.local/lib/python3.8/site-packages/airflow/example_dags/example_xcomargs.py
[2023-12-16T19:22:14.185+0000] {processor.py:829} INFO - Processing file /home/airflow/.local/lib/python3.8/site-packages/airflow/example_dags/example_xcomargs.py for tasks to queue
[2023-12-16T19:22:14.203+0000] {logging_mixin.py:154} INFO - [2023-12-16T19:22:14.196+0000] {dagbag.py:536} INFO - Filling up the DagBag from /home/airflow/.local/lib/python3.8/site-packages/airflow/example_dags/example_xcomargs.py
[2023-12-16T19:22:14.320+0000] {processor.py:839} INFO - DAG(s) dict_keys(['example_xcom_args', 'example_xcom_args_with_operators']) retrieved from /home/airflow/.local/lib/python3.8/site-packages/airflow/example_dags/example_xcomargs.py
[2023-12-16T19:22:14.492+0000] {logging_mixin.py:154} INFO - [2023-12-16T19:22:14.492+0000] {dag.py:2941} INFO - Sync 2 DAGs
[2023-12-16T19:22:14.576+0000] {logging_mixin.py:154} INFO - [2023-12-16T19:22:14.576+0000] {dag.py:3722} INFO - Setting next_dagrun for example_xcom_args to None, run_after=None
[2023-12-16T19:22:14.612+0000] {logging_mixin.py:154} INFO - [2023-12-16T19:22:14.611+0000] {dag.py:3722} INFO - Setting next_dagrun for example_xcom_args_with_operators to None, run_after=None
[2023-12-16T19:22:14.858+0000] {processor.py:179} INFO - Processing /home/airflow/.local/lib/python3.8/site-packages/airflow/example_dags/example_xcomargs.py took 0.688 seconds
[2023-12-16T19:23:30.424+0000] {processor.py:157} INFO - Started process (PID=134) to work on /home/airflow/.local/lib/python3.8/site-packages/airflow/example_dags/example_xcomargs.py
[2023-12-16T19:23:30.427+0000] {processor.py:829} INFO - Processing file /home/airflow/.local/lib/python3.8/site-packages/airflow/example_dags/example_xcomargs.py for tasks to queue
[2023-12-16T19:23:30.439+0000] {logging_mixin.py:154} INFO - [2023-12-16T19:23:30.438+0000] {dagbag.py:536} INFO - Filling up the DagBag from /home/airflow/.local/lib/python3.8/site-packages/airflow/example_dags/example_xcomargs.py
[2023-12-16T19:23:30.471+0000] {processor.py:839} INFO - DAG(s) dict_keys(['example_xcom_args_with_operators', 'example_xcom_args']) retrieved from /home/airflow/.local/lib/python3.8/site-packages/airflow/example_dags/example_xcomargs.py
[2023-12-16T19:23:30.610+0000] {logging_mixin.py:154} INFO - [2023-12-16T19:23:30.610+0000] {dag.py:2941} INFO - Sync 2 DAGs
[2023-12-16T19:23:30.655+0000] {logging_mixin.py:154} INFO - [2023-12-16T19:23:30.655+0000] {dag.py:3722} INFO - Setting next_dagrun for example_xcom_args to None, run_after=None
[2023-12-16T19:23:30.674+0000] {logging_mixin.py:154} INFO - [2023-12-16T19:23:30.673+0000] {dag.py:3722} INFO - Setting next_dagrun for example_xcom_args_with_operators to None, run_after=None
[2023-12-16T19:23:30.739+0000] {processor.py:179} INFO - Processing /home/airflow/.local/lib/python3.8/site-packages/airflow/example_dags/example_xcomargs.py took 0.326 seconds
[2023-12-16T19:24:02.699+0000] {processor.py:157} INFO - Started process (PID=188) to work on /home/airflow/.local/lib/python3.8/site-packages/airflow/example_dags/example_xcomargs.py
[2023-12-16T19:24:02.701+0000] {processor.py:829} INFO - Processing file /home/airflow/.local/lib/python3.8/site-packages/airflow/example_dags/example_xcomargs.py for tasks to queue
[2023-12-16T19:24:02.708+0000] {logging_mixin.py:154} INFO - [2023-12-16T19:24:02.707+0000] {dagbag.py:536} INFO - Filling up the DagBag from /home/airflow/.local/lib/python3.8/site-packages/airflow/example_dags/example_xcomargs.py
[2023-12-16T19:24:02.728+0000] {processor.py:839} INFO - DAG(s) dict_keys(['example_xcom_args', 'example_xcom_args_with_operators']) retrieved from /home/airflow/.local/lib/python3.8/site-packages/airflow/example_dags/example_xcomargs.py
[2023-12-16T19:24:02.793+0000] {logging_mixin.py:154} INFO - [2023-12-16T19:24:02.793+0000] {dag.py:2941} INFO - Sync 2 DAGs
[2023-12-16T19:24:02.832+0000] {logging_mixin.py:154} INFO - [2023-12-16T19:24:02.831+0000] {dag.py:3722} INFO - Setting next_dagrun for example_xcom_args to None, run_after=None
[2023-12-16T19:24:02.845+0000] {logging_mixin.py:154} INFO - [2023-12-16T19:24:02.845+0000] {dag.py:3722} INFO - Setting next_dagrun for example_xcom_args_with_operators to None, run_after=None
[2023-12-16T19:24:02.890+0000] {processor.py:179} INFO - Processing /home/airflow/.local/lib/python3.8/site-packages/airflow/example_dags/example_xcomargs.py took 0.196 seconds
[2023-12-16T19:35:59.923+0000] {processor.py:157} INFO - Started process (PID=81) to work on /home/airflow/.local/lib/python3.8/site-packages/airflow/example_dags/example_xcomargs.py
[2023-12-16T19:35:59.925+0000] {processor.py:829} INFO - Processing file /home/airflow/.local/lib/python3.8/site-packages/airflow/example_dags/example_xcomargs.py for tasks to queue
[2023-12-16T19:35:59.982+0000] {logging_mixin.py:154} INFO - [2023-12-16T19:35:59.981+0000] {dagbag.py:536} INFO - Filling up the DagBag from /home/airflow/.local/lib/python3.8/site-packages/airflow/example_dags/example_xcomargs.py
[2023-12-16T19:36:00.102+0000] {processor.py:839} INFO - DAG(s) dict_keys(['example_xcom_args_with_operators', 'example_xcom_args']) retrieved from /home/airflow/.local/lib/python3.8/site-packages/airflow/example_dags/example_xcomargs.py
[2023-12-16T19:36:00.696+0000] {logging_mixin.py:154} INFO - [2023-12-16T19:36:00.696+0000] {dag.py:2941} INFO - Sync 2 DAGs
[2023-12-16T19:36:01.252+0000] {logging_mixin.py:154} INFO - [2023-12-16T19:36:01.249+0000] {dag.py:3722} INFO - Setting next_dagrun for example_xcom_args to None, run_after=None
[2023-12-16T19:36:01.356+0000] {logging_mixin.py:154} INFO - [2023-12-16T19:36:01.356+0000] {dag.py:3722} INFO - Setting next_dagrun for example_xcom_args_with_operators to None, run_after=None
[2023-12-16T19:36:01.651+0000] {processor.py:179} INFO - Processing /home/airflow/.local/lib/python3.8/site-packages/airflow/example_dags/example_xcomargs.py took 1.767 seconds
[2023-12-16T19:36:53.226+0000] {processor.py:157} INFO - Started process (PID=142) to work on /home/airflow/.local/lib/python3.8/site-packages/airflow/example_dags/example_xcomargs.py
[2023-12-16T19:36:53.229+0000] {processor.py:829} INFO - Processing file /home/airflow/.local/lib/python3.8/site-packages/airflow/example_dags/example_xcomargs.py for tasks to queue
[2023-12-16T19:36:53.254+0000] {logging_mixin.py:154} INFO - [2023-12-16T19:36:53.253+0000] {dagbag.py:536} INFO - Filling up the DagBag from /home/airflow/.local/lib/python3.8/site-packages/airflow/example_dags/example_xcomargs.py
[2023-12-16T19:36:53.303+0000] {processor.py:839} INFO - DAG(s) dict_keys(['example_xcom_args_with_operators', 'example_xcom_args']) retrieved from /home/airflow/.local/lib/python3.8/site-packages/airflow/example_dags/example_xcomargs.py
[2023-12-16T19:36:53.426+0000] {logging_mixin.py:154} INFO - [2023-12-16T19:36:53.425+0000] {dag.py:2941} INFO - Sync 2 DAGs
[2023-12-16T19:36:53.467+0000] {logging_mixin.py:154} INFO - [2023-12-16T19:36:53.466+0000] {dag.py:3722} INFO - Setting next_dagrun for example_xcom_args to None, run_after=None
[2023-12-16T19:36:53.476+0000] {logging_mixin.py:154} INFO - [2023-12-16T19:36:53.476+0000] {dag.py:3722} INFO - Setting next_dagrun for example_xcom_args_with_operators to None, run_after=None
[2023-12-16T19:36:53.600+0000] {processor.py:179} INFO - Processing /home/airflow/.local/lib/python3.8/site-packages/airflow/example_dags/example_xcomargs.py took 0.382 seconds
[2023-12-16T19:37:29.531+0000] {processor.py:157} INFO - Started process (PID=196) to work on /home/airflow/.local/lib/python3.8/site-packages/airflow/example_dags/example_xcomargs.py
[2023-12-16T19:37:29.538+0000] {processor.py:829} INFO - Processing file /home/airflow/.local/lib/python3.8/site-packages/airflow/example_dags/example_xcomargs.py for tasks to queue
[2023-12-16T19:37:29.548+0000] {logging_mixin.py:154} INFO - [2023-12-16T19:37:29.547+0000] {dagbag.py:536} INFO - Filling up the DagBag from /home/airflow/.local/lib/python3.8/site-packages/airflow/example_dags/example_xcomargs.py
[2023-12-16T19:37:29.678+0000] {processor.py:839} INFO - DAG(s) dict_keys(['example_xcom_args', 'example_xcom_args_with_operators']) retrieved from /home/airflow/.local/lib/python3.8/site-packages/airflow/example_dags/example_xcomargs.py
[2023-12-16T19:37:30.412+0000] {logging_mixin.py:154} INFO - [2023-12-16T19:37:30.314+0000] {dag.py:2941} INFO - Sync 2 DAGs
[2023-12-16T19:37:30.790+0000] {logging_mixin.py:154} INFO - [2023-12-16T19:37:30.790+0000] {dag.py:3722} INFO - Setting next_dagrun for example_xcom_args to None, run_after=None
[2023-12-16T19:37:30.906+0000] {logging_mixin.py:154} INFO - [2023-12-16T19:37:30.906+0000] {dag.py:3722} INFO - Setting next_dagrun for example_xcom_args_with_operators to None, run_after=None
[2023-12-16T19:37:31.745+0000] {processor.py:179} INFO - Processing /home/airflow/.local/lib/python3.8/site-packages/airflow/example_dags/example_xcomargs.py took 2.229 seconds
[2023-12-16T19:43:55.520+0000] {processor.py:157} INFO - Started process (PID=81) to work on /home/airflow/.local/lib/python3.8/site-packages/airflow/example_dags/example_xcomargs.py
[2023-12-16T19:43:55.537+0000] {processor.py:829} INFO - Processing file /home/airflow/.local/lib/python3.8/site-packages/airflow/example_dags/example_xcomargs.py for tasks to queue
[2023-12-16T19:43:55.564+0000] {logging_mixin.py:154} INFO - [2023-12-16T19:43:55.564+0000] {dagbag.py:536} INFO - Filling up the DagBag from /home/airflow/.local/lib/python3.8/site-packages/airflow/example_dags/example_xcomargs.py
[2023-12-16T19:43:55.663+0000] {processor.py:839} INFO - DAG(s) dict_keys(['example_xcom_args', 'example_xcom_args_with_operators']) retrieved from /home/airflow/.local/lib/python3.8/site-packages/airflow/example_dags/example_xcomargs.py
[2023-12-16T19:43:55.975+0000] {logging_mixin.py:154} INFO - [2023-12-16T19:43:55.974+0000] {dag.py:2941} INFO - Sync 2 DAGs
[2023-12-16T19:43:56.057+0000] {logging_mixin.py:154} INFO - [2023-12-16T19:43:56.056+0000] {dag.py:3722} INFO - Setting next_dagrun for example_xcom_args to None, run_after=None
[2023-12-16T19:43:56.112+0000] {logging_mixin.py:154} INFO - [2023-12-16T19:43:56.104+0000] {dag.py:3722} INFO - Setting next_dagrun for example_xcom_args_with_operators to None, run_after=None
[2023-12-16T19:43:56.443+0000] {processor.py:179} INFO - Processing /home/airflow/.local/lib/python3.8/site-packages/airflow/example_dags/example_xcomargs.py took 0.936 seconds
[2023-12-16T19:44:41.988+0000] {processor.py:157} INFO - Started process (PID=141) to work on /home/airflow/.local/lib/python3.8/site-packages/airflow/example_dags/example_xcomargs.py
[2023-12-16T19:44:41.991+0000] {processor.py:829} INFO - Processing file /home/airflow/.local/lib/python3.8/site-packages/airflow/example_dags/example_xcomargs.py for tasks to queue
[2023-12-16T19:44:42.008+0000] {logging_mixin.py:154} INFO - [2023-12-16T19:44:42.001+0000] {dagbag.py:536} INFO - Filling up the DagBag from /home/airflow/.local/lib/python3.8/site-packages/airflow/example_dags/example_xcomargs.py
[2023-12-16T19:44:42.088+0000] {processor.py:839} INFO - DAG(s) dict_keys(['example_xcom_args', 'example_xcom_args_with_operators']) retrieved from /home/airflow/.local/lib/python3.8/site-packages/airflow/example_dags/example_xcomargs.py
[2023-12-16T19:44:42.197+0000] {logging_mixin.py:154} INFO - [2023-12-16T19:44:42.196+0000] {dag.py:2941} INFO - Sync 2 DAGs
[2023-12-16T19:44:42.280+0000] {logging_mixin.py:154} INFO - [2023-12-16T19:44:42.279+0000] {dag.py:3722} INFO - Setting next_dagrun for example_xcom_args to None, run_after=None
[2023-12-16T19:44:42.305+0000] {logging_mixin.py:154} INFO - [2023-12-16T19:44:42.304+0000] {dag.py:3722} INFO - Setting next_dagrun for example_xcom_args_with_operators to None, run_after=None
[2023-12-16T19:44:42.444+0000] {processor.py:179} INFO - Processing /home/airflow/.local/lib/python3.8/site-packages/airflow/example_dags/example_xcomargs.py took 0.470 seconds
[2023-12-16T19:45:19.858+0000] {processor.py:157} INFO - Started process (PID=194) to work on /home/airflow/.local/lib/python3.8/site-packages/airflow/example_dags/example_xcomargs.py
[2023-12-16T19:45:19.874+0000] {processor.py:829} INFO - Processing file /home/airflow/.local/lib/python3.8/site-packages/airflow/example_dags/example_xcomargs.py for tasks to queue
[2023-12-16T19:45:19.884+0000] {logging_mixin.py:154} INFO - [2023-12-16T19:45:19.883+0000] {dagbag.py:536} INFO - Filling up the DagBag from /home/airflow/.local/lib/python3.8/site-packages/airflow/example_dags/example_xcomargs.py
[2023-12-16T19:45:19.958+0000] {processor.py:839} INFO - DAG(s) dict_keys(['example_xcom_args_with_operators', 'example_xcom_args']) retrieved from /home/airflow/.local/lib/python3.8/site-packages/airflow/example_dags/example_xcomargs.py
[2023-12-16T19:45:20.526+0000] {logging_mixin.py:154} INFO - [2023-12-16T19:45:20.525+0000] {dag.py:2941} INFO - Sync 2 DAGs
[2023-12-16T19:45:20.699+0000] {logging_mixin.py:154} INFO - [2023-12-16T19:45:20.698+0000] {dag.py:3722} INFO - Setting next_dagrun for example_xcom_args to None, run_after=None
[2023-12-16T19:45:20.768+0000] {logging_mixin.py:154} INFO - [2023-12-16T19:45:20.768+0000] {dag.py:3722} INFO - Setting next_dagrun for example_xcom_args_with_operators to None, run_after=None
[2023-12-16T19:45:21.003+0000] {processor.py:179} INFO - Processing /home/airflow/.local/lib/python3.8/site-packages/airflow/example_dags/example_xcomargs.py took 1.192 seconds
[2023-12-16T20:04:47.961+0000] {processor.py:157} INFO - Started process (PID=143) to work on /home/airflow/.local/lib/python3.8/site-packages/airflow/example_dags/example_xcomargs.py
[2023-12-16T20:04:47.967+0000] {processor.py:829} INFO - Processing file /home/airflow/.local/lib/python3.8/site-packages/airflow/example_dags/example_xcomargs.py for tasks to queue
[2023-12-16T20:04:47.994+0000] {logging_mixin.py:154} INFO - [2023-12-16T20:04:47.994+0000] {dagbag.py:536} INFO - Filling up the DagBag from /home/airflow/.local/lib/python3.8/site-packages/airflow/example_dags/example_xcomargs.py
[2023-12-16T20:04:48.097+0000] {processor.py:839} INFO - DAG(s) dict_keys(['example_xcom_args', 'example_xcom_args_with_operators']) retrieved from /home/airflow/.local/lib/python3.8/site-packages/airflow/example_dags/example_xcomargs.py
[2023-12-16T20:04:48.284+0000] {logging_mixin.py:154} INFO - [2023-12-16T20:04:48.284+0000] {dag.py:2941} INFO - Sync 2 DAGs
[2023-12-16T20:04:48.360+0000] {logging_mixin.py:154} INFO - [2023-12-16T20:04:48.359+0000] {dag.py:3722} INFO - Setting next_dagrun for example_xcom_args to None, run_after=None
[2023-12-16T20:04:48.384+0000] {logging_mixin.py:154} INFO - [2023-12-16T20:04:48.384+0000] {dag.py:3722} INFO - Setting next_dagrun for example_xcom_args_with_operators to None, run_after=None
[2023-12-16T20:04:48.480+0000] {processor.py:179} INFO - Processing /home/airflow/.local/lib/python3.8/site-packages/airflow/example_dags/example_xcomargs.py took 0.572 seconds
[2023-12-16T20:05:28.865+0000] {processor.py:157} INFO - Started process (PID=212) to work on /home/airflow/.local/lib/python3.8/site-packages/airflow/example_dags/example_xcomargs.py
[2023-12-16T20:05:28.906+0000] {processor.py:829} INFO - Processing file /home/airflow/.local/lib/python3.8/site-packages/airflow/example_dags/example_xcomargs.py for tasks to queue
[2023-12-16T20:05:28.929+0000] {logging_mixin.py:154} INFO - [2023-12-16T20:05:28.928+0000] {dagbag.py:536} INFO - Filling up the DagBag from /home/airflow/.local/lib/python3.8/site-packages/airflow/example_dags/example_xcomargs.py
[2023-12-16T20:05:29.024+0000] {processor.py:839} INFO - DAG(s) dict_keys(['example_xcom_args', 'example_xcom_args_with_operators']) retrieved from /home/airflow/.local/lib/python3.8/site-packages/airflow/example_dags/example_xcomargs.py
[2023-12-16T20:05:29.311+0000] {logging_mixin.py:154} INFO - [2023-12-16T20:05:29.311+0000] {dag.py:2941} INFO - Sync 2 DAGs
[2023-12-16T20:05:29.363+0000] {logging_mixin.py:154} INFO - [2023-12-16T20:05:29.362+0000] {dag.py:3722} INFO - Setting next_dagrun for example_xcom_args to None, run_after=None
[2023-12-16T20:05:29.372+0000] {logging_mixin.py:154} INFO - [2023-12-16T20:05:29.371+0000] {dag.py:3722} INFO - Setting next_dagrun for example_xcom_args_with_operators to None, run_after=None
[2023-12-16T20:05:29.774+0000] {processor.py:179} INFO - Processing /home/airflow/.local/lib/python3.8/site-packages/airflow/example_dags/example_xcomargs.py took 0.931 seconds
[2023-12-16T20:06:00.416+0000] {processor.py:157} INFO - Started process (PID=280) to work on /home/airflow/.local/lib/python3.8/site-packages/airflow/example_dags/example_xcomargs.py
[2023-12-16T20:06:00.421+0000] {processor.py:829} INFO - Processing file /home/airflow/.local/lib/python3.8/site-packages/airflow/example_dags/example_xcomargs.py for tasks to queue
[2023-12-16T20:06:00.428+0000] {logging_mixin.py:154} INFO - [2023-12-16T20:06:00.427+0000] {dagbag.py:536} INFO - Filling up the DagBag from /home/airflow/.local/lib/python3.8/site-packages/airflow/example_dags/example_xcomargs.py
[2023-12-16T20:06:00.460+0000] {processor.py:839} INFO - DAG(s) dict_keys(['example_xcom_args_with_operators', 'example_xcom_args']) retrieved from /home/airflow/.local/lib/python3.8/site-packages/airflow/example_dags/example_xcomargs.py
[2023-12-16T20:06:00.574+0000] {logging_mixin.py:154} INFO - [2023-12-16T20:06:00.573+0000] {dag.py:2941} INFO - Sync 2 DAGs
[2023-12-16T20:06:00.662+0000] {logging_mixin.py:154} INFO - [2023-12-16T20:06:00.662+0000] {dag.py:3722} INFO - Setting next_dagrun for example_xcom_args to None, run_after=None
[2023-12-16T20:06:00.681+0000] {logging_mixin.py:154} INFO - [2023-12-16T20:06:00.679+0000] {dag.py:3722} INFO - Setting next_dagrun for example_xcom_args_with_operators to None, run_after=None
[2023-12-16T20:06:00.796+0000] {processor.py:179} INFO - Processing /home/airflow/.local/lib/python3.8/site-packages/airflow/example_dags/example_xcomargs.py took 0.390 seconds
[2023-12-16T20:20:59.351+0000] {processor.py:157} INFO - Started process (PID=81) to work on /home/airflow/.local/lib/python3.8/site-packages/airflow/example_dags/example_xcomargs.py
[2023-12-16T20:20:59.361+0000] {processor.py:829} INFO - Processing file /home/airflow/.local/lib/python3.8/site-packages/airflow/example_dags/example_xcomargs.py for tasks to queue
[2023-12-16T20:20:59.366+0000] {logging_mixin.py:154} INFO - [2023-12-16T20:20:59.366+0000] {dagbag.py:536} INFO - Filling up the DagBag from /home/airflow/.local/lib/python3.8/site-packages/airflow/example_dags/example_xcomargs.py
[2023-12-16T20:20:59.402+0000] {processor.py:839} INFO - DAG(s) dict_keys(['example_xcom_args_with_operators', 'example_xcom_args']) retrieved from /home/airflow/.local/lib/python3.8/site-packages/airflow/example_dags/example_xcomargs.py
[2023-12-16T20:20:59.524+0000] {logging_mixin.py:154} INFO - [2023-12-16T20:20:59.523+0000] {dag.py:2941} INFO - Sync 2 DAGs
[2023-12-16T20:20:59.612+0000] {logging_mixin.py:154} INFO - [2023-12-16T20:20:59.612+0000] {dag.py:3722} INFO - Setting next_dagrun for example_xcom_args to None, run_after=None
[2023-12-16T20:20:59.635+0000] {logging_mixin.py:154} INFO - [2023-12-16T20:20:59.635+0000] {dag.py:3722} INFO - Setting next_dagrun for example_xcom_args_with_operators to None, run_after=None
[2023-12-16T20:20:59.734+0000] {processor.py:179} INFO - Processing /home/airflow/.local/lib/python3.8/site-packages/airflow/example_dags/example_xcomargs.py took 0.403 seconds
[2023-12-16T20:21:30.463+0000] {processor.py:157} INFO - Started process (PID=134) to work on /home/airflow/.local/lib/python3.8/site-packages/airflow/example_dags/example_xcomargs.py
[2023-12-16T20:21:30.466+0000] {processor.py:829} INFO - Processing file /home/airflow/.local/lib/python3.8/site-packages/airflow/example_dags/example_xcomargs.py for tasks to queue
[2023-12-16T20:21:30.474+0000] {logging_mixin.py:154} INFO - [2023-12-16T20:21:30.471+0000] {dagbag.py:536} INFO - Filling up the DagBag from /home/airflow/.local/lib/python3.8/site-packages/airflow/example_dags/example_xcomargs.py
[2023-12-16T20:21:30.572+0000] {processor.py:839} INFO - DAG(s) dict_keys(['example_xcom_args', 'example_xcom_args_with_operators']) retrieved from /home/airflow/.local/lib/python3.8/site-packages/airflow/example_dags/example_xcomargs.py
[2023-12-16T20:21:30.649+0000] {logging_mixin.py:154} INFO - [2023-12-16T20:21:30.649+0000] {dag.py:2941} INFO - Sync 2 DAGs
[2023-12-16T20:21:30.692+0000] {logging_mixin.py:154} INFO - [2023-12-16T20:21:30.692+0000] {dag.py:3722} INFO - Setting next_dagrun for example_xcom_args to None, run_after=None
[2023-12-16T20:21:30.703+0000] {logging_mixin.py:154} INFO - [2023-12-16T20:21:30.703+0000] {dag.py:3722} INFO - Setting next_dagrun for example_xcom_args_with_operators to None, run_after=None
[2023-12-16T20:21:30.781+0000] {processor.py:179} INFO - Processing /home/airflow/.local/lib/python3.8/site-packages/airflow/example_dags/example_xcomargs.py took 0.348 seconds
[2023-12-16T20:31:36.152+0000] {processor.py:157} INFO - Started process (PID=83) to work on /home/airflow/.local/lib/python3.8/site-packages/airflow/example_dags/example_xcomargs.py
[2023-12-16T20:31:36.154+0000] {processor.py:829} INFO - Processing file /home/airflow/.local/lib/python3.8/site-packages/airflow/example_dags/example_xcomargs.py for tasks to queue
[2023-12-16T20:31:36.160+0000] {logging_mixin.py:154} INFO - [2023-12-16T20:31:36.159+0000] {dagbag.py:536} INFO - Filling up the DagBag from /home/airflow/.local/lib/python3.8/site-packages/airflow/example_dags/example_xcomargs.py
[2023-12-16T20:31:36.207+0000] {processor.py:839} INFO - DAG(s) dict_keys(['example_xcom_args', 'example_xcom_args_with_operators']) retrieved from /home/airflow/.local/lib/python3.8/site-packages/airflow/example_dags/example_xcomargs.py
[2023-12-16T20:31:36.277+0000] {logging_mixin.py:154} INFO - [2023-12-16T20:31:36.276+0000] {dag.py:2941} INFO - Sync 2 DAGs
[2023-12-16T20:31:36.306+0000] {logging_mixin.py:154} INFO - [2023-12-16T20:31:36.306+0000] {dag.py:3722} INFO - Setting next_dagrun for example_xcom_args to None, run_after=None
[2023-12-16T20:31:36.313+0000] {logging_mixin.py:154} INFO - [2023-12-16T20:31:36.312+0000] {dag.py:3722} INFO - Setting next_dagrun for example_xcom_args_with_operators to None, run_after=None
[2023-12-16T20:31:36.364+0000] {processor.py:179} INFO - Processing /home/airflow/.local/lib/python3.8/site-packages/airflow/example_dags/example_xcomargs.py took 0.220 seconds
[2023-12-16T20:32:07.014+0000] {processor.py:157} INFO - Started process (PID=135) to work on /home/airflow/.local/lib/python3.8/site-packages/airflow/example_dags/example_xcomargs.py
[2023-12-16T20:32:07.028+0000] {processor.py:829} INFO - Processing file /home/airflow/.local/lib/python3.8/site-packages/airflow/example_dags/example_xcomargs.py for tasks to queue
[2023-12-16T20:32:07.040+0000] {logging_mixin.py:154} INFO - [2023-12-16T20:32:07.039+0000] {dagbag.py:536} INFO - Filling up the DagBag from /home/airflow/.local/lib/python3.8/site-packages/airflow/example_dags/example_xcomargs.py
[2023-12-16T20:32:07.084+0000] {processor.py:839} INFO - DAG(s) dict_keys(['example_xcom_args_with_operators', 'example_xcom_args']) retrieved from /home/airflow/.local/lib/python3.8/site-packages/airflow/example_dags/example_xcomargs.py
[2023-12-16T20:32:07.211+0000] {logging_mixin.py:154} INFO - [2023-12-16T20:32:07.211+0000] {dag.py:2941} INFO - Sync 2 DAGs
[2023-12-16T20:32:07.324+0000] {logging_mixin.py:154} INFO - [2023-12-16T20:32:07.323+0000] {dag.py:3722} INFO - Setting next_dagrun for example_xcom_args to None, run_after=None
[2023-12-16T20:32:07.343+0000] {logging_mixin.py:154} INFO - [2023-12-16T20:32:07.342+0000] {dag.py:3722} INFO - Setting next_dagrun for example_xcom_args_with_operators to None, run_after=None
[2023-12-16T20:32:07.424+0000] {processor.py:179} INFO - Processing /home/airflow/.local/lib/python3.8/site-packages/airflow/example_dags/example_xcomargs.py took 0.425 seconds
[2023-12-16T20:34:37.594+0000] {processor.py:157} INFO - Started process (PID=74) to work on /home/airflow/.local/lib/python3.8/site-packages/airflow/example_dags/example_xcomargs.py
[2023-12-16T20:34:37.606+0000] {processor.py:829} INFO - Processing file /home/airflow/.local/lib/python3.8/site-packages/airflow/example_dags/example_xcomargs.py for tasks to queue
[2023-12-16T20:34:37.631+0000] {logging_mixin.py:154} INFO - [2023-12-16T20:34:37.623+0000] {dagbag.py:536} INFO - Filling up the DagBag from /home/airflow/.local/lib/python3.8/site-packages/airflow/example_dags/example_xcomargs.py
[2023-12-16T20:34:37.948+0000] {processor.py:839} INFO - DAG(s) dict_keys(['example_xcom_args_with_operators', 'example_xcom_args']) retrieved from /home/airflow/.local/lib/python3.8/site-packages/airflow/example_dags/example_xcomargs.py
[2023-12-16T20:34:38.200+0000] {logging_mixin.py:154} INFO - [2023-12-16T20:34:38.199+0000] {dag.py:2941} INFO - Sync 2 DAGs
[2023-12-16T20:34:38.473+0000] {logging_mixin.py:154} INFO - [2023-12-16T20:34:38.472+0000] {dag.py:3722} INFO - Setting next_dagrun for example_xcom_args to None, run_after=None
[2023-12-16T20:34:38.504+0000] {logging_mixin.py:154} INFO - [2023-12-16T20:34:38.504+0000] {dag.py:3722} INFO - Setting next_dagrun for example_xcom_args_with_operators to None, run_after=None
[2023-12-16T20:34:38.673+0000] {processor.py:179} INFO - Processing /home/airflow/.local/lib/python3.8/site-packages/airflow/example_dags/example_xcomargs.py took 1.123 seconds
[2023-12-16T20:35:24.816+0000] {processor.py:157} INFO - Started process (PID=128) to work on /home/airflow/.local/lib/python3.8/site-packages/airflow/example_dags/example_xcomargs.py
[2023-12-16T20:35:24.828+0000] {processor.py:829} INFO - Processing file /home/airflow/.local/lib/python3.8/site-packages/airflow/example_dags/example_xcomargs.py for tasks to queue
[2023-12-16T20:35:24.852+0000] {logging_mixin.py:154} INFO - [2023-12-16T20:35:24.852+0000] {dagbag.py:536} INFO - Filling up the DagBag from /home/airflow/.local/lib/python3.8/site-packages/airflow/example_dags/example_xcomargs.py
[2023-12-16T20:35:24.936+0000] {processor.py:839} INFO - DAG(s) dict_keys(['example_xcom_args_with_operators', 'example_xcom_args']) retrieved from /home/airflow/.local/lib/python3.8/site-packages/airflow/example_dags/example_xcomargs.py
[2023-12-16T20:35:25.080+0000] {logging_mixin.py:154} INFO - [2023-12-16T20:35:25.079+0000] {dag.py:2941} INFO - Sync 2 DAGs
[2023-12-16T20:35:25.134+0000] {logging_mixin.py:154} INFO - [2023-12-16T20:35:25.134+0000] {dag.py:3722} INFO - Setting next_dagrun for example_xcom_args to None, run_after=None
[2023-12-16T20:35:25.143+0000] {logging_mixin.py:154} INFO - [2023-12-16T20:35:25.143+0000] {dag.py:3722} INFO - Setting next_dagrun for example_xcom_args_with_operators to None, run_after=None
[2023-12-16T20:35:25.324+0000] {processor.py:179} INFO - Processing /home/airflow/.local/lib/python3.8/site-packages/airflow/example_dags/example_xcomargs.py took 0.518 seconds
[2023-12-16T21:01:07.093+0000] {processor.py:157} INFO - Started process (PID=82) to work on /home/airflow/.local/lib/python3.8/site-packages/airflow/example_dags/example_xcomargs.py
[2023-12-16T21:01:07.096+0000] {processor.py:829} INFO - Processing file /home/airflow/.local/lib/python3.8/site-packages/airflow/example_dags/example_xcomargs.py for tasks to queue
[2023-12-16T21:01:07.102+0000] {logging_mixin.py:154} INFO - [2023-12-16T21:01:07.101+0000] {dagbag.py:536} INFO - Filling up the DagBag from /home/airflow/.local/lib/python3.8/site-packages/airflow/example_dags/example_xcomargs.py
[2023-12-16T21:01:07.138+0000] {processor.py:839} INFO - DAG(s) dict_keys(['example_xcom_args_with_operators', 'example_xcom_args']) retrieved from /home/airflow/.local/lib/python3.8/site-packages/airflow/example_dags/example_xcomargs.py
[2023-12-16T21:01:07.216+0000] {logging_mixin.py:154} INFO - [2023-12-16T21:01:07.215+0000] {dag.py:2941} INFO - Sync 2 DAGs
[2023-12-16T21:01:07.259+0000] {logging_mixin.py:154} INFO - [2023-12-16T21:01:07.258+0000] {dag.py:3722} INFO - Setting next_dagrun for example_xcom_args to None, run_after=None
[2023-12-16T21:01:07.268+0000] {logging_mixin.py:154} INFO - [2023-12-16T21:01:07.268+0000] {dag.py:3722} INFO - Setting next_dagrun for example_xcom_args_with_operators to None, run_after=None
[2023-12-16T21:01:07.318+0000] {processor.py:179} INFO - Processing /home/airflow/.local/lib/python3.8/site-packages/airflow/example_dags/example_xcomargs.py took 0.233 seconds
[2023-12-16T21:01:39.322+0000] {processor.py:157} INFO - Started process (PID=136) to work on /home/airflow/.local/lib/python3.8/site-packages/airflow/example_dags/example_xcomargs.py
[2023-12-16T21:01:39.328+0000] {processor.py:829} INFO - Processing file /home/airflow/.local/lib/python3.8/site-packages/airflow/example_dags/example_xcomargs.py for tasks to queue
[2023-12-16T21:01:39.339+0000] {logging_mixin.py:154} INFO - [2023-12-16T21:01:39.334+0000] {dagbag.py:536} INFO - Filling up the DagBag from /home/airflow/.local/lib/python3.8/site-packages/airflow/example_dags/example_xcomargs.py
[2023-12-16T21:01:39.366+0000] {processor.py:839} INFO - DAG(s) dict_keys(['example_xcom_args', 'example_xcom_args_with_operators']) retrieved from /home/airflow/.local/lib/python3.8/site-packages/airflow/example_dags/example_xcomargs.py
[2023-12-16T21:01:39.541+0000] {logging_mixin.py:154} INFO - [2023-12-16T21:01:39.540+0000] {dag.py:2941} INFO - Sync 2 DAGs
[2023-12-16T21:01:39.586+0000] {logging_mixin.py:154} INFO - [2023-12-16T21:01:39.586+0000] {dag.py:3722} INFO - Setting next_dagrun for example_xcom_args to None, run_after=None
[2023-12-16T21:01:39.598+0000] {logging_mixin.py:154} INFO - [2023-12-16T21:01:39.597+0000] {dag.py:3722} INFO - Setting next_dagrun for example_xcom_args_with_operators to None, run_after=None
[2023-12-16T21:01:39.648+0000] {processor.py:179} INFO - Processing /home/airflow/.local/lib/python3.8/site-packages/airflow/example_dags/example_xcomargs.py took 0.370 seconds
[2023-12-16T21:02:10.768+0000] {processor.py:157} INFO - Started process (PID=190) to work on /home/airflow/.local/lib/python3.8/site-packages/airflow/example_dags/example_xcomargs.py
[2023-12-16T21:02:10.792+0000] {processor.py:829} INFO - Processing file /home/airflow/.local/lib/python3.8/site-packages/airflow/example_dags/example_xcomargs.py for tasks to queue
[2023-12-16T21:02:10.797+0000] {logging_mixin.py:154} INFO - [2023-12-16T21:02:10.796+0000] {dagbag.py:536} INFO - Filling up the DagBag from /home/airflow/.local/lib/python3.8/site-packages/airflow/example_dags/example_xcomargs.py
[2023-12-16T21:02:10.876+0000] {processor.py:839} INFO - DAG(s) dict_keys(['example_xcom_args_with_operators', 'example_xcom_args']) retrieved from /home/airflow/.local/lib/python3.8/site-packages/airflow/example_dags/example_xcomargs.py
[2023-12-16T21:02:11.196+0000] {logging_mixin.py:154} INFO - [2023-12-16T21:02:11.195+0000] {dag.py:2941} INFO - Sync 2 DAGs
[2023-12-16T21:02:11.328+0000] {logging_mixin.py:154} INFO - [2023-12-16T21:02:11.327+0000] {dag.py:3722} INFO - Setting next_dagrun for example_xcom_args to None, run_after=None
[2023-12-16T21:02:11.354+0000] {logging_mixin.py:154} INFO - [2023-12-16T21:02:11.354+0000] {dag.py:3722} INFO - Setting next_dagrun for example_xcom_args_with_operators to None, run_after=None
[2023-12-16T21:02:11.656+0000] {processor.py:179} INFO - Processing /home/airflow/.local/lib/python3.8/site-packages/airflow/example_dags/example_xcomargs.py took 0.928 seconds
[2023-12-16T21:07:11.099+0000] {processor.py:157} INFO - Started process (PID=76) to work on /home/airflow/.local/lib/python3.8/site-packages/airflow/example_dags/example_xcomargs.py
[2023-12-16T21:07:11.103+0000] {processor.py:829} INFO - Processing file /home/airflow/.local/lib/python3.8/site-packages/airflow/example_dags/example_xcomargs.py for tasks to queue
[2023-12-16T21:07:11.106+0000] {logging_mixin.py:154} INFO - [2023-12-16T21:07:11.106+0000] {dagbag.py:536} INFO - Filling up the DagBag from /home/airflow/.local/lib/python3.8/site-packages/airflow/example_dags/example_xcomargs.py
[2023-12-16T21:07:11.130+0000] {processor.py:839} INFO - DAG(s) dict_keys(['example_xcom_args_with_operators', 'example_xcom_args']) retrieved from /home/airflow/.local/lib/python3.8/site-packages/airflow/example_dags/example_xcomargs.py
[2023-12-16T21:07:11.192+0000] {logging_mixin.py:154} INFO - [2023-12-16T21:07:11.192+0000] {dag.py:2941} INFO - Sync 2 DAGs
[2023-12-16T21:07:11.220+0000] {logging_mixin.py:154} INFO - [2023-12-16T21:07:11.220+0000] {dag.py:3722} INFO - Setting next_dagrun for example_xcom_args to None, run_after=None
[2023-12-16T21:07:11.228+0000] {logging_mixin.py:154} INFO - [2023-12-16T21:07:11.228+0000] {dag.py:3722} INFO - Setting next_dagrun for example_xcom_args_with_operators to None, run_after=None
[2023-12-16T21:07:11.274+0000] {processor.py:179} INFO - Processing /home/airflow/.local/lib/python3.8/site-packages/airflow/example_dags/example_xcomargs.py took 0.183 seconds
[2023-12-16T21:07:41.339+0000] {processor.py:157} INFO - Started process (PID=130) to work on /home/airflow/.local/lib/python3.8/site-packages/airflow/example_dags/example_xcomargs.py
[2023-12-16T21:07:41.341+0000] {processor.py:829} INFO - Processing file /home/airflow/.local/lib/python3.8/site-packages/airflow/example_dags/example_xcomargs.py for tasks to queue
[2023-12-16T21:07:41.345+0000] {logging_mixin.py:154} INFO - [2023-12-16T21:07:41.344+0000] {dagbag.py:536} INFO - Filling up the DagBag from /home/airflow/.local/lib/python3.8/site-packages/airflow/example_dags/example_xcomargs.py
[2023-12-16T21:07:41.364+0000] {processor.py:839} INFO - DAG(s) dict_keys(['example_xcom_args_with_operators', 'example_xcom_args']) retrieved from /home/airflow/.local/lib/python3.8/site-packages/airflow/example_dags/example_xcomargs.py
[2023-12-16T21:07:41.440+0000] {logging_mixin.py:154} INFO - [2023-12-16T21:07:41.438+0000] {dag.py:2941} INFO - Sync 2 DAGs
[2023-12-16T21:07:41.545+0000] {logging_mixin.py:154} INFO - [2023-12-16T21:07:41.544+0000] {dag.py:3722} INFO - Setting next_dagrun for example_xcom_args to None, run_after=None
[2023-12-16T21:07:41.596+0000] {logging_mixin.py:154} INFO - [2023-12-16T21:07:41.595+0000] {dag.py:3722} INFO - Setting next_dagrun for example_xcom_args_with_operators to None, run_after=None
[2023-12-16T21:07:41.927+0000] {processor.py:179} INFO - Processing /home/airflow/.local/lib/python3.8/site-packages/airflow/example_dags/example_xcomargs.py took 0.594 seconds
[2023-12-16T21:08:12.567+0000] {processor.py:157} INFO - Started process (PID=183) to work on /home/airflow/.local/lib/python3.8/site-packages/airflow/example_dags/example_xcomargs.py
[2023-12-16T21:08:12.574+0000] {processor.py:829} INFO - Processing file /home/airflow/.local/lib/python3.8/site-packages/airflow/example_dags/example_xcomargs.py for tasks to queue
[2023-12-16T21:08:12.596+0000] {logging_mixin.py:154} INFO - [2023-12-16T21:08:12.595+0000] {dagbag.py:536} INFO - Filling up the DagBag from /home/airflow/.local/lib/python3.8/site-packages/airflow/example_dags/example_xcomargs.py
[2023-12-16T21:08:12.623+0000] {processor.py:839} INFO - DAG(s) dict_keys(['example_xcom_args', 'example_xcom_args_with_operators']) retrieved from /home/airflow/.local/lib/python3.8/site-packages/airflow/example_dags/example_xcomargs.py
[2023-12-16T21:08:12.724+0000] {logging_mixin.py:154} INFO - [2023-12-16T21:08:12.724+0000] {dag.py:2941} INFO - Sync 2 DAGs
[2023-12-16T21:08:12.789+0000] {logging_mixin.py:154} INFO - [2023-12-16T21:08:12.788+0000] {dag.py:3722} INFO - Setting next_dagrun for example_xcom_args to None, run_after=None
[2023-12-16T21:08:12.809+0000] {logging_mixin.py:154} INFO - [2023-12-16T21:08:12.808+0000] {dag.py:3722} INFO - Setting next_dagrun for example_xcom_args_with_operators to None, run_after=None
[2023-12-16T21:08:12.847+0000] {processor.py:179} INFO - Processing /home/airflow/.local/lib/python3.8/site-packages/airflow/example_dags/example_xcomargs.py took 0.289 seconds
[2023-12-16T21:08:43.821+0000] {processor.py:157} INFO - Started process (PID=238) to work on /home/airflow/.local/lib/python3.8/site-packages/airflow/example_dags/example_xcomargs.py
[2023-12-16T21:08:43.839+0000] {processor.py:829} INFO - Processing file /home/airflow/.local/lib/python3.8/site-packages/airflow/example_dags/example_xcomargs.py for tasks to queue
[2023-12-16T21:08:43.847+0000] {logging_mixin.py:154} INFO - [2023-12-16T21:08:43.846+0000] {dagbag.py:536} INFO - Filling up the DagBag from /home/airflow/.local/lib/python3.8/site-packages/airflow/example_dags/example_xcomargs.py
[2023-12-16T21:08:43.963+0000] {processor.py:839} INFO - DAG(s) dict_keys(['example_xcom_args_with_operators', 'example_xcom_args']) retrieved from /home/airflow/.local/lib/python3.8/site-packages/airflow/example_dags/example_xcomargs.py
[2023-12-16T21:08:44.187+0000] {logging_mixin.py:154} INFO - [2023-12-16T21:08:44.186+0000] {dag.py:2941} INFO - Sync 2 DAGs
[2023-12-16T21:08:44.322+0000] {logging_mixin.py:154} INFO - [2023-12-16T21:08:44.321+0000] {dag.py:3722} INFO - Setting next_dagrun for example_xcom_args to None, run_after=None
[2023-12-16T21:08:44.404+0000] {logging_mixin.py:154} INFO - [2023-12-16T21:08:44.403+0000] {dag.py:3722} INFO - Setting next_dagrun for example_xcom_args_with_operators to None, run_after=None
[2023-12-16T21:08:44.727+0000] {processor.py:179} INFO - Processing /home/airflow/.local/lib/python3.8/site-packages/airflow/example_dags/example_xcomargs.py took 0.915 seconds
[2023-12-16T21:09:15.300+0000] {processor.py:157} INFO - Started process (PID=292) to work on /home/airflow/.local/lib/python3.8/site-packages/airflow/example_dags/example_xcomargs.py
[2023-12-16T21:09:15.303+0000] {processor.py:829} INFO - Processing file /home/airflow/.local/lib/python3.8/site-packages/airflow/example_dags/example_xcomargs.py for tasks to queue
[2023-12-16T21:09:15.308+0000] {logging_mixin.py:154} INFO - [2023-12-16T21:09:15.307+0000] {dagbag.py:536} INFO - Filling up the DagBag from /home/airflow/.local/lib/python3.8/site-packages/airflow/example_dags/example_xcomargs.py
[2023-12-16T21:09:15.321+0000] {processor.py:839} INFO - DAG(s) dict_keys(['example_xcom_args', 'example_xcom_args_with_operators']) retrieved from /home/airflow/.local/lib/python3.8/site-packages/airflow/example_dags/example_xcomargs.py
[2023-12-16T21:09:15.361+0000] {logging_mixin.py:154} INFO - [2023-12-16T21:09:15.361+0000] {dag.py:2941} INFO - Sync 2 DAGs
[2023-12-16T21:09:15.387+0000] {logging_mixin.py:154} INFO - [2023-12-16T21:09:15.387+0000] {dag.py:3722} INFO - Setting next_dagrun for example_xcom_args to None, run_after=None
[2023-12-16T21:09:15.393+0000] {logging_mixin.py:154} INFO - [2023-12-16T21:09:15.393+0000] {dag.py:3722} INFO - Setting next_dagrun for example_xcom_args_with_operators to None, run_after=None
[2023-12-16T21:09:15.423+0000] {processor.py:179} INFO - Processing /home/airflow/.local/lib/python3.8/site-packages/airflow/example_dags/example_xcomargs.py took 0.137 seconds
[2023-12-16T21:09:45.774+0000] {processor.py:157} INFO - Started process (PID=346) to work on /home/airflow/.local/lib/python3.8/site-packages/airflow/example_dags/example_xcomargs.py
[2023-12-16T21:09:45.776+0000] {processor.py:829} INFO - Processing file /home/airflow/.local/lib/python3.8/site-packages/airflow/example_dags/example_xcomargs.py for tasks to queue
[2023-12-16T21:09:45.838+0000] {logging_mixin.py:154} INFO - [2023-12-16T21:09:45.838+0000] {dagbag.py:536} INFO - Filling up the DagBag from /home/airflow/.local/lib/python3.8/site-packages/airflow/example_dags/example_xcomargs.py
[2023-12-16T21:09:45.937+0000] {processor.py:839} INFO - DAG(s) dict_keys(['example_xcom_args', 'example_xcom_args_with_operators']) retrieved from /home/airflow/.local/lib/python3.8/site-packages/airflow/example_dags/example_xcomargs.py
[2023-12-16T21:09:46.092+0000] {logging_mixin.py:154} INFO - [2023-12-16T21:09:46.092+0000] {dag.py:2941} INFO - Sync 2 DAGs
[2023-12-16T21:09:46.172+0000] {logging_mixin.py:154} INFO - [2023-12-16T21:09:46.171+0000] {dag.py:3722} INFO - Setting next_dagrun for example_xcom_args to None, run_after=None
[2023-12-16T21:09:46.208+0000] {logging_mixin.py:154} INFO - [2023-12-16T21:09:46.207+0000] {dag.py:3722} INFO - Setting next_dagrun for example_xcom_args_with_operators to None, run_after=None
[2023-12-16T21:09:46.345+0000] {processor.py:179} INFO - Processing /home/airflow/.local/lib/python3.8/site-packages/airflow/example_dags/example_xcomargs.py took 0.590 seconds
[2023-12-16T21:10:17.175+0000] {processor.py:157} INFO - Started process (PID=400) to work on /home/airflow/.local/lib/python3.8/site-packages/airflow/example_dags/example_xcomargs.py
[2023-12-16T21:10:17.177+0000] {processor.py:829} INFO - Processing file /home/airflow/.local/lib/python3.8/site-packages/airflow/example_dags/example_xcomargs.py for tasks to queue
[2023-12-16T21:10:17.181+0000] {logging_mixin.py:154} INFO - [2023-12-16T21:10:17.181+0000] {dagbag.py:536} INFO - Filling up the DagBag from /home/airflow/.local/lib/python3.8/site-packages/airflow/example_dags/example_xcomargs.py
[2023-12-16T21:10:17.193+0000] {processor.py:839} INFO - DAG(s) dict_keys(['example_xcom_args_with_operators', 'example_xcom_args']) retrieved from /home/airflow/.local/lib/python3.8/site-packages/airflow/example_dags/example_xcomargs.py
[2023-12-16T21:10:17.230+0000] {logging_mixin.py:154} INFO - [2023-12-16T21:10:17.229+0000] {dag.py:2941} INFO - Sync 2 DAGs
[2023-12-16T21:10:17.250+0000] {logging_mixin.py:154} INFO - [2023-12-16T21:10:17.250+0000] {dag.py:3722} INFO - Setting next_dagrun for example_xcom_args to None, run_after=None
[2023-12-16T21:10:17.256+0000] {logging_mixin.py:154} INFO - [2023-12-16T21:10:17.256+0000] {dag.py:3722} INFO - Setting next_dagrun for example_xcom_args_with_operators to None, run_after=None
[2023-12-16T21:10:17.284+0000] {processor.py:179} INFO - Processing /home/airflow/.local/lib/python3.8/site-packages/airflow/example_dags/example_xcomargs.py took 0.114 seconds
[2023-12-16T21:10:47.566+0000] {processor.py:157} INFO - Started process (PID=455) to work on /home/airflow/.local/lib/python3.8/site-packages/airflow/example_dags/example_xcomargs.py
[2023-12-16T21:10:47.567+0000] {processor.py:829} INFO - Processing file /home/airflow/.local/lib/python3.8/site-packages/airflow/example_dags/example_xcomargs.py for tasks to queue
[2023-12-16T21:10:47.571+0000] {logging_mixin.py:154} INFO - [2023-12-16T21:10:47.570+0000] {dagbag.py:536} INFO - Filling up the DagBag from /home/airflow/.local/lib/python3.8/site-packages/airflow/example_dags/example_xcomargs.py
[2023-12-16T21:10:47.583+0000] {processor.py:839} INFO - DAG(s) dict_keys(['example_xcom_args', 'example_xcom_args_with_operators']) retrieved from /home/airflow/.local/lib/python3.8/site-packages/airflow/example_dags/example_xcomargs.py
[2023-12-16T21:10:47.627+0000] {logging_mixin.py:154} INFO - [2023-12-16T21:10:47.627+0000] {dag.py:2941} INFO - Sync 2 DAGs
[2023-12-16T21:10:47.659+0000] {logging_mixin.py:154} INFO - [2023-12-16T21:10:47.658+0000] {dag.py:3722} INFO - Setting next_dagrun for example_xcom_args to None, run_after=None
[2023-12-16T21:10:47.674+0000] {logging_mixin.py:154} INFO - [2023-12-16T21:10:47.673+0000] {dag.py:3722} INFO - Setting next_dagrun for example_xcom_args_with_operators to None, run_after=None
[2023-12-16T21:10:47.704+0000] {processor.py:179} INFO - Processing /home/airflow/.local/lib/python3.8/site-packages/airflow/example_dags/example_xcomargs.py took 0.144 seconds
[2023-12-16T21:11:18.082+0000] {processor.py:157} INFO - Started process (PID=509) to work on /home/airflow/.local/lib/python3.8/site-packages/airflow/example_dags/example_xcomargs.py
[2023-12-16T21:11:18.083+0000] {processor.py:829} INFO - Processing file /home/airflow/.local/lib/python3.8/site-packages/airflow/example_dags/example_xcomargs.py for tasks to queue
[2023-12-16T21:11:18.087+0000] {logging_mixin.py:154} INFO - [2023-12-16T21:11:18.086+0000] {dagbag.py:536} INFO - Filling up the DagBag from /home/airflow/.local/lib/python3.8/site-packages/airflow/example_dags/example_xcomargs.py
[2023-12-16T21:11:18.099+0000] {processor.py:839} INFO - DAG(s) dict_keys(['example_xcom_args', 'example_xcom_args_with_operators']) retrieved from /home/airflow/.local/lib/python3.8/site-packages/airflow/example_dags/example_xcomargs.py
[2023-12-16T21:11:18.138+0000] {logging_mixin.py:154} INFO - [2023-12-16T21:11:18.137+0000] {dag.py:2941} INFO - Sync 2 DAGs
[2023-12-16T21:11:18.160+0000] {logging_mixin.py:154} INFO - [2023-12-16T21:11:18.160+0000] {dag.py:3722} INFO - Setting next_dagrun for example_xcom_args to None, run_after=None
[2023-12-16T21:11:18.167+0000] {logging_mixin.py:154} INFO - [2023-12-16T21:11:18.166+0000] {dag.py:3722} INFO - Setting next_dagrun for example_xcom_args_with_operators to None, run_after=None
[2023-12-16T21:11:18.228+0000] {processor.py:179} INFO - Processing /home/airflow/.local/lib/python3.8/site-packages/airflow/example_dags/example_xcomargs.py took 0.152 seconds
[2023-12-16T21:11:48.565+0000] {processor.py:157} INFO - Started process (PID=563) to work on /home/airflow/.local/lib/python3.8/site-packages/airflow/example_dags/example_xcomargs.py
[2023-12-16T21:11:48.567+0000] {processor.py:829} INFO - Processing file /home/airflow/.local/lib/python3.8/site-packages/airflow/example_dags/example_xcomargs.py for tasks to queue
[2023-12-16T21:11:48.572+0000] {logging_mixin.py:154} INFO - [2023-12-16T21:11:48.571+0000] {dagbag.py:536} INFO - Filling up the DagBag from /home/airflow/.local/lib/python3.8/site-packages/airflow/example_dags/example_xcomargs.py
[2023-12-16T21:11:48.584+0000] {processor.py:839} INFO - DAG(s) dict_keys(['example_xcom_args_with_operators', 'example_xcom_args']) retrieved from /home/airflow/.local/lib/python3.8/site-packages/airflow/example_dags/example_xcomargs.py
[2023-12-16T21:11:48.624+0000] {logging_mixin.py:154} INFO - [2023-12-16T21:11:48.624+0000] {dag.py:2941} INFO - Sync 2 DAGs
[2023-12-16T21:11:48.648+0000] {logging_mixin.py:154} INFO - [2023-12-16T21:11:48.648+0000] {dag.py:3722} INFO - Setting next_dagrun for example_xcom_args to None, run_after=None
[2023-12-16T21:11:48.654+0000] {logging_mixin.py:154} INFO - [2023-12-16T21:11:48.653+0000] {dag.py:3722} INFO - Setting next_dagrun for example_xcom_args_with_operators to None, run_after=None
[2023-12-16T21:11:48.687+0000] {processor.py:179} INFO - Processing /home/airflow/.local/lib/python3.8/site-packages/airflow/example_dags/example_xcomargs.py took 0.126 seconds
[2023-12-16T21:12:19.331+0000] {processor.py:157} INFO - Started process (PID=617) to work on /home/airflow/.local/lib/python3.8/site-packages/airflow/example_dags/example_xcomargs.py
[2023-12-16T21:12:19.335+0000] {processor.py:829} INFO - Processing file /home/airflow/.local/lib/python3.8/site-packages/airflow/example_dags/example_xcomargs.py for tasks to queue
[2023-12-16T21:12:19.341+0000] {logging_mixin.py:154} INFO - [2023-12-16T21:12:19.341+0000] {dagbag.py:536} INFO - Filling up the DagBag from /home/airflow/.local/lib/python3.8/site-packages/airflow/example_dags/example_xcomargs.py
[2023-12-16T21:12:19.357+0000] {processor.py:839} INFO - DAG(s) dict_keys(['example_xcom_args', 'example_xcom_args_with_operators']) retrieved from /home/airflow/.local/lib/python3.8/site-packages/airflow/example_dags/example_xcomargs.py
[2023-12-16T21:12:19.402+0000] {logging_mixin.py:154} INFO - [2023-12-16T21:12:19.402+0000] {dag.py:2941} INFO - Sync 2 DAGs
[2023-12-16T21:12:19.432+0000] {logging_mixin.py:154} INFO - [2023-12-16T21:12:19.431+0000] {dag.py:3722} INFO - Setting next_dagrun for example_xcom_args to None, run_after=None
[2023-12-16T21:12:19.442+0000] {logging_mixin.py:154} INFO - [2023-12-16T21:12:19.441+0000] {dag.py:3722} INFO - Setting next_dagrun for example_xcom_args_with_operators to None, run_after=None
[2023-12-16T21:12:19.480+0000] {processor.py:179} INFO - Processing /home/airflow/.local/lib/python3.8/site-packages/airflow/example_dags/example_xcomargs.py took 0.156 seconds
[2023-12-16T21:12:50.187+0000] {processor.py:157} INFO - Started process (PID=671) to work on /home/airflow/.local/lib/python3.8/site-packages/airflow/example_dags/example_xcomargs.py
[2023-12-16T21:12:50.189+0000] {processor.py:829} INFO - Processing file /home/airflow/.local/lib/python3.8/site-packages/airflow/example_dags/example_xcomargs.py for tasks to queue
[2023-12-16T21:12:50.194+0000] {logging_mixin.py:154} INFO - [2023-12-16T21:12:50.193+0000] {dagbag.py:536} INFO - Filling up the DagBag from /home/airflow/.local/lib/python3.8/site-packages/airflow/example_dags/example_xcomargs.py
[2023-12-16T21:12:50.213+0000] {processor.py:839} INFO - DAG(s) dict_keys(['example_xcom_args_with_operators', 'example_xcom_args']) retrieved from /home/airflow/.local/lib/python3.8/site-packages/airflow/example_dags/example_xcomargs.py
[2023-12-16T21:12:50.258+0000] {logging_mixin.py:154} INFO - [2023-12-16T21:12:50.257+0000] {dag.py:2941} INFO - Sync 2 DAGs
[2023-12-16T21:12:50.278+0000] {logging_mixin.py:154} INFO - [2023-12-16T21:12:50.277+0000] {dag.py:3722} INFO - Setting next_dagrun for example_xcom_args to None, run_after=None
[2023-12-16T21:12:50.284+0000] {logging_mixin.py:154} INFO - [2023-12-16T21:12:50.284+0000] {dag.py:3722} INFO - Setting next_dagrun for example_xcom_args_with_operators to None, run_after=None
[2023-12-16T21:12:50.316+0000] {processor.py:179} INFO - Processing /home/airflow/.local/lib/python3.8/site-packages/airflow/example_dags/example_xcomargs.py took 0.136 seconds
