[2023-12-16T19:22:07.870+0000] {processor.py:157} INFO - Started process (PID=66) to work on /home/airflow/.local/lib/python3.8/site-packages/airflow/example_dags/example_branch_labels.py
[2023-12-16T19:22:07.880+0000] {processor.py:829} INFO - Processing file /home/airflow/.local/lib/python3.8/site-packages/airflow/example_dags/example_branch_labels.py for tasks to queue
[2023-12-16T19:22:07.910+0000] {logging_mixin.py:154} INFO - [2023-12-16T19:22:07.910+0000] {dagbag.py:536} INFO - Filling up the DagBag from /home/airflow/.local/lib/python3.8/site-packages/airflow/example_dags/example_branch_labels.py
[2023-12-16T19:22:08.057+0000] {processor.py:839} INFO - DAG(s) dict_keys(['example_branch_labels']) retrieved from /home/airflow/.local/lib/python3.8/site-packages/airflow/example_dags/example_branch_labels.py
[2023-12-16T19:22:08.284+0000] {logging_mixin.py:154} INFO - [2023-12-16T19:22:08.280+0000] {dag.py:2941} INFO - Sync 1 DAGs
[2023-12-16T19:22:08.569+0000] {logging_mixin.py:154} INFO - [2023-12-16T19:22:08.562+0000] {dag.py:3722} INFO - Setting next_dagrun for example_branch_labels to 2023-12-15T00:00:00+00:00, run_after=2023-12-16T00:00:00+00:00
[2023-12-16T19:22:08.830+0000] {processor.py:179} INFO - Processing /home/airflow/.local/lib/python3.8/site-packages/airflow/example_dags/example_branch_labels.py took 1.025 seconds
[2023-12-16T19:23:27.056+0000] {processor.py:157} INFO - Started process (PID=126) to work on /home/airflow/.local/lib/python3.8/site-packages/airflow/example_dags/example_branch_labels.py
[2023-12-16T19:23:27.061+0000] {processor.py:829} INFO - Processing file /home/airflow/.local/lib/python3.8/site-packages/airflow/example_dags/example_branch_labels.py for tasks to queue
[2023-12-16T19:23:27.077+0000] {logging_mixin.py:154} INFO - [2023-12-16T19:23:27.076+0000] {dagbag.py:536} INFO - Filling up the DagBag from /home/airflow/.local/lib/python3.8/site-packages/airflow/example_dags/example_branch_labels.py
[2023-12-16T19:23:27.141+0000] {processor.py:839} INFO - DAG(s) dict_keys(['example_branch_labels']) retrieved from /home/airflow/.local/lib/python3.8/site-packages/airflow/example_dags/example_branch_labels.py
[2023-12-16T19:23:27.227+0000] {logging_mixin.py:154} INFO - [2023-12-16T19:23:27.227+0000] {dag.py:2941} INFO - Sync 1 DAGs
[2023-12-16T19:23:27.373+0000] {logging_mixin.py:154} INFO - [2023-12-16T19:23:27.368+0000] {dag.py:3722} INFO - Setting next_dagrun for example_branch_labels to 2023-12-15T00:00:00+00:00, run_after=2023-12-16T00:00:00+00:00
[2023-12-16T19:23:27.524+0000] {processor.py:179} INFO - Processing /home/airflow/.local/lib/python3.8/site-packages/airflow/example_dags/example_branch_labels.py took 0.482 seconds
[2023-12-16T19:23:57.771+0000] {processor.py:157} INFO - Started process (PID=178) to work on /home/airflow/.local/lib/python3.8/site-packages/airflow/example_dags/example_branch_labels.py
[2023-12-16T19:23:57.776+0000] {processor.py:829} INFO - Processing file /home/airflow/.local/lib/python3.8/site-packages/airflow/example_dags/example_branch_labels.py for tasks to queue
[2023-12-16T19:23:57.788+0000] {logging_mixin.py:154} INFO - [2023-12-16T19:23:57.787+0000] {dagbag.py:536} INFO - Filling up the DagBag from /home/airflow/.local/lib/python3.8/site-packages/airflow/example_dags/example_branch_labels.py
[2023-12-16T19:23:57.811+0000] {processor.py:839} INFO - DAG(s) dict_keys(['example_branch_labels']) retrieved from /home/airflow/.local/lib/python3.8/site-packages/airflow/example_dags/example_branch_labels.py
[2023-12-16T19:23:57.882+0000] {logging_mixin.py:154} INFO - [2023-12-16T19:23:57.882+0000] {dag.py:2941} INFO - Sync 1 DAGs
[2023-12-16T19:23:57.939+0000] {logging_mixin.py:154} INFO - [2023-12-16T19:23:57.939+0000] {dag.py:3722} INFO - Setting next_dagrun for example_branch_labels to 2023-12-15T00:00:00+00:00, run_after=2023-12-16T00:00:00+00:00
[2023-12-16T19:23:57.983+0000] {processor.py:179} INFO - Processing /home/airflow/.local/lib/python3.8/site-packages/airflow/example_dags/example_branch_labels.py took 0.236 seconds
[2023-12-16T19:35:52.666+0000] {processor.py:157} INFO - Started process (PID=73) to work on /home/airflow/.local/lib/python3.8/site-packages/airflow/example_dags/example_branch_labels.py
[2023-12-16T19:35:52.684+0000] {processor.py:829} INFO - Processing file /home/airflow/.local/lib/python3.8/site-packages/airflow/example_dags/example_branch_labels.py for tasks to queue
[2023-12-16T19:35:52.690+0000] {logging_mixin.py:154} INFO - [2023-12-16T19:35:52.689+0000] {dagbag.py:536} INFO - Filling up the DagBag from /home/airflow/.local/lib/python3.8/site-packages/airflow/example_dags/example_branch_labels.py
[2023-12-16T19:35:52.789+0000] {processor.py:839} INFO - DAG(s) dict_keys(['example_branch_labels']) retrieved from /home/airflow/.local/lib/python3.8/site-packages/airflow/example_dags/example_branch_labels.py
[2023-12-16T19:35:52.978+0000] {logging_mixin.py:154} INFO - [2023-12-16T19:35:52.978+0000] {dag.py:2941} INFO - Sync 1 DAGs
[2023-12-16T19:35:53.197+0000] {logging_mixin.py:154} INFO - [2023-12-16T19:35:53.197+0000] {dag.py:3722} INFO - Setting next_dagrun for example_branch_labels to 2023-12-15T00:00:00+00:00, run_after=2023-12-16T00:00:00+00:00
[2023-12-16T19:35:53.489+0000] {processor.py:179} INFO - Processing /home/airflow/.local/lib/python3.8/site-packages/airflow/example_dags/example_branch_labels.py took 0.832 seconds
[2023-12-16T19:36:45.272+0000] {processor.py:157} INFO - Started process (PID=133) to work on /home/airflow/.local/lib/python3.8/site-packages/airflow/example_dags/example_branch_labels.py
[2023-12-16T19:36:45.289+0000] {processor.py:829} INFO - Processing file /home/airflow/.local/lib/python3.8/site-packages/airflow/example_dags/example_branch_labels.py for tasks to queue
[2023-12-16T19:36:45.396+0000] {logging_mixin.py:154} INFO - [2023-12-16T19:36:45.396+0000] {dagbag.py:536} INFO - Filling up the DagBag from /home/airflow/.local/lib/python3.8/site-packages/airflow/example_dags/example_branch_labels.py
[2023-12-16T19:36:45.507+0000] {processor.py:839} INFO - DAG(s) dict_keys(['example_branch_labels']) retrieved from /home/airflow/.local/lib/python3.8/site-packages/airflow/example_dags/example_branch_labels.py
[2023-12-16T19:36:45.684+0000] {logging_mixin.py:154} INFO - [2023-12-16T19:36:45.684+0000] {dag.py:2941} INFO - Sync 1 DAGs
[2023-12-16T19:36:45.946+0000] {logging_mixin.py:154} INFO - [2023-12-16T19:36:45.946+0000] {dag.py:3722} INFO - Setting next_dagrun for example_branch_labels to 2023-12-15T00:00:00+00:00, run_after=2023-12-16T00:00:00+00:00
[2023-12-16T19:36:46.899+0000] {processor.py:179} INFO - Processing /home/airflow/.local/lib/python3.8/site-packages/airflow/example_dags/example_branch_labels.py took 1.668 seconds
[2023-12-16T19:37:20.951+0000] {processor.py:157} INFO - Started process (PID=187) to work on /home/airflow/.local/lib/python3.8/site-packages/airflow/example_dags/example_branch_labels.py
[2023-12-16T19:37:20.994+0000] {processor.py:829} INFO - Processing file /home/airflow/.local/lib/python3.8/site-packages/airflow/example_dags/example_branch_labels.py for tasks to queue
[2023-12-16T19:37:21.015+0000] {logging_mixin.py:154} INFO - [2023-12-16T19:37:21.013+0000] {dagbag.py:536} INFO - Filling up the DagBag from /home/airflow/.local/lib/python3.8/site-packages/airflow/example_dags/example_branch_labels.py
[2023-12-16T19:37:21.065+0000] {processor.py:839} INFO - DAG(s) dict_keys(['example_branch_labels']) retrieved from /home/airflow/.local/lib/python3.8/site-packages/airflow/example_dags/example_branch_labels.py
[2023-12-16T19:37:21.211+0000] {logging_mixin.py:154} INFO - [2023-12-16T19:37:21.211+0000] {dag.py:2941} INFO - Sync 1 DAGs
[2023-12-16T19:37:21.386+0000] {logging_mixin.py:154} INFO - [2023-12-16T19:37:21.385+0000] {dag.py:3722} INFO - Setting next_dagrun for example_branch_labels to 2023-12-15T00:00:00+00:00, run_after=2023-12-16T00:00:00+00:00
[2023-12-16T19:37:21.723+0000] {processor.py:179} INFO - Processing /home/airflow/.local/lib/python3.8/site-packages/airflow/example_dags/example_branch_labels.py took 0.782 seconds
[2023-12-16T19:43:49.755+0000] {processor.py:157} INFO - Started process (PID=73) to work on /home/airflow/.local/lib/python3.8/site-packages/airflow/example_dags/example_branch_labels.py
[2023-12-16T19:43:49.770+0000] {processor.py:829} INFO - Processing file /home/airflow/.local/lib/python3.8/site-packages/airflow/example_dags/example_branch_labels.py for tasks to queue
[2023-12-16T19:43:49.774+0000] {logging_mixin.py:154} INFO - [2023-12-16T19:43:49.772+0000] {dagbag.py:536} INFO - Filling up the DagBag from /home/airflow/.local/lib/python3.8/site-packages/airflow/example_dags/example_branch_labels.py
[2023-12-16T19:43:49.959+0000] {processor.py:839} INFO - DAG(s) dict_keys(['example_branch_labels']) retrieved from /home/airflow/.local/lib/python3.8/site-packages/airflow/example_dags/example_branch_labels.py
[2023-12-16T19:43:50.177+0000] {logging_mixin.py:154} INFO - [2023-12-16T19:43:50.177+0000] {dag.py:2941} INFO - Sync 1 DAGs
[2023-12-16T19:43:50.285+0000] {logging_mixin.py:154} INFO - [2023-12-16T19:43:50.285+0000] {dag.py:3722} INFO - Setting next_dagrun for example_branch_labels to 2023-12-15T00:00:00+00:00, run_after=2023-12-16T00:00:00+00:00
[2023-12-16T19:43:50.385+0000] {processor.py:179} INFO - Processing /home/airflow/.local/lib/python3.8/site-packages/airflow/example_dags/example_branch_labels.py took 0.696 seconds
[2023-12-16T19:44:35.277+0000] {processor.py:157} INFO - Started process (PID=126) to work on /home/airflow/.local/lib/python3.8/site-packages/airflow/example_dags/example_branch_labels.py
[2023-12-16T19:44:35.280+0000] {processor.py:829} INFO - Processing file /home/airflow/.local/lib/python3.8/site-packages/airflow/example_dags/example_branch_labels.py for tasks to queue
[2023-12-16T19:44:35.287+0000] {logging_mixin.py:154} INFO - [2023-12-16T19:44:35.286+0000] {dagbag.py:536} INFO - Filling up the DagBag from /home/airflow/.local/lib/python3.8/site-packages/airflow/example_dags/example_branch_labels.py
[2023-12-16T19:44:35.325+0000] {processor.py:839} INFO - DAG(s) dict_keys(['example_branch_labels']) retrieved from /home/airflow/.local/lib/python3.8/site-packages/airflow/example_dags/example_branch_labels.py
[2023-12-16T19:44:35.809+0000] {logging_mixin.py:154} INFO - [2023-12-16T19:44:35.808+0000] {dag.py:2941} INFO - Sync 1 DAGs
[2023-12-16T19:44:36.435+0000] {logging_mixin.py:154} INFO - [2023-12-16T19:44:36.397+0000] {dag.py:3722} INFO - Setting next_dagrun for example_branch_labels to 2023-12-15T00:00:00+00:00, run_after=2023-12-16T00:00:00+00:00
[2023-12-16T19:44:36.673+0000] {processor.py:179} INFO - Processing /home/airflow/.local/lib/python3.8/site-packages/airflow/example_dags/example_branch_labels.py took 1.427 seconds
[2023-12-16T19:45:14.153+0000] {processor.py:157} INFO - Started process (PID=186) to work on /home/airflow/.local/lib/python3.8/site-packages/airflow/example_dags/example_branch_labels.py
[2023-12-16T19:45:14.225+0000] {processor.py:829} INFO - Processing file /home/airflow/.local/lib/python3.8/site-packages/airflow/example_dags/example_branch_labels.py for tasks to queue
[2023-12-16T19:45:14.288+0000] {logging_mixin.py:154} INFO - [2023-12-16T19:45:14.287+0000] {dagbag.py:536} INFO - Filling up the DagBag from /home/airflow/.local/lib/python3.8/site-packages/airflow/example_dags/example_branch_labels.py
[2023-12-16T19:45:14.653+0000] {processor.py:839} INFO - DAG(s) dict_keys(['example_branch_labels']) retrieved from /home/airflow/.local/lib/python3.8/site-packages/airflow/example_dags/example_branch_labels.py
[2023-12-16T19:45:15.015+0000] {logging_mixin.py:154} INFO - [2023-12-16T19:45:15.015+0000] {dag.py:2941} INFO - Sync 1 DAGs
[2023-12-16T19:45:15.278+0000] {logging_mixin.py:154} INFO - [2023-12-16T19:45:15.278+0000] {dag.py:3722} INFO - Setting next_dagrun for example_branch_labels to 2023-12-15T00:00:00+00:00, run_after=2023-12-16T00:00:00+00:00
[2023-12-16T19:45:15.499+0000] {processor.py:179} INFO - Processing /home/airflow/.local/lib/python3.8/site-packages/airflow/example_dags/example_branch_labels.py took 1.446 seconds
[2023-12-16T19:48:02.324+0000] {processor.py:157} INFO - Started process (PID=240) to work on /home/airflow/.local/lib/python3.8/site-packages/airflow/example_dags/example_branch_labels.py
[2023-12-16T19:48:02.400+0000] {processor.py:829} INFO - Processing file /home/airflow/.local/lib/python3.8/site-packages/airflow/example_dags/example_branch_labels.py for tasks to queue
[2023-12-16T19:48:02.517+0000] {logging_mixin.py:154} INFO - [2023-12-16T19:48:02.516+0000] {dagbag.py:536} INFO - Filling up the DagBag from /home/airflow/.local/lib/python3.8/site-packages/airflow/example_dags/example_branch_labels.py
[2023-12-16T19:48:03.960+0000] {processor.py:839} INFO - DAG(s) dict_keys(['example_branch_labels']) retrieved from /home/airflow/.local/lib/python3.8/site-packages/airflow/example_dags/example_branch_labels.py
[2023-12-16T20:04:45.513+0000] {processor.py:157} INFO - Started process (PID=135) to work on /home/airflow/.local/lib/python3.8/site-packages/airflow/example_dags/example_branch_labels.py
[2023-12-16T20:04:45.526+0000] {processor.py:829} INFO - Processing file /home/airflow/.local/lib/python3.8/site-packages/airflow/example_dags/example_branch_labels.py for tasks to queue
[2023-12-16T20:04:45.531+0000] {logging_mixin.py:154} INFO - [2023-12-16T20:04:45.531+0000] {dagbag.py:536} INFO - Filling up the DagBag from /home/airflow/.local/lib/python3.8/site-packages/airflow/example_dags/example_branch_labels.py
[2023-12-16T20:04:45.559+0000] {processor.py:839} INFO - DAG(s) dict_keys(['example_branch_labels']) retrieved from /home/airflow/.local/lib/python3.8/site-packages/airflow/example_dags/example_branch_labels.py
[2023-12-16T20:04:45.647+0000] {logging_mixin.py:154} INFO - [2023-12-16T20:04:45.647+0000] {dag.py:2941} INFO - Sync 1 DAGs
[2023-12-16T20:04:45.720+0000] {logging_mixin.py:154} INFO - [2023-12-16T20:04:45.719+0000] {dag.py:3722} INFO - Setting next_dagrun for example_branch_labels to 2023-12-15T00:00:00+00:00, run_after=2023-12-16T00:00:00+00:00
[2023-12-16T20:04:45.815+0000] {processor.py:179} INFO - Processing /home/airflow/.local/lib/python3.8/site-packages/airflow/example_dags/example_branch_labels.py took 0.310 seconds
[2023-12-16T20:05:21.522+0000] {processor.py:157} INFO - Started process (PID=204) to work on /home/airflow/.local/lib/python3.8/site-packages/airflow/example_dags/example_branch_labels.py
[2023-12-16T20:05:21.563+0000] {processor.py:829} INFO - Processing file /home/airflow/.local/lib/python3.8/site-packages/airflow/example_dags/example_branch_labels.py for tasks to queue
[2023-12-16T20:05:21.621+0000] {logging_mixin.py:154} INFO - [2023-12-16T20:05:21.597+0000] {dagbag.py:536} INFO - Filling up the DagBag from /home/airflow/.local/lib/python3.8/site-packages/airflow/example_dags/example_branch_labels.py
[2023-12-16T20:05:21.840+0000] {processor.py:839} INFO - DAG(s) dict_keys(['example_branch_labels']) retrieved from /home/airflow/.local/lib/python3.8/site-packages/airflow/example_dags/example_branch_labels.py
[2023-12-16T20:05:22.371+0000] {logging_mixin.py:154} INFO - [2023-12-16T20:05:22.366+0000] {dag.py:2941} INFO - Sync 1 DAGs
[2023-12-16T20:05:22.551+0000] {logging_mixin.py:154} INFO - [2023-12-16T20:05:22.550+0000] {dag.py:3722} INFO - Setting next_dagrun for example_branch_labels to 2023-12-15T00:00:00+00:00, run_after=2023-12-16T00:00:00+00:00
[2023-12-16T20:05:22.965+0000] {processor.py:179} INFO - Processing /home/airflow/.local/lib/python3.8/site-packages/airflow/example_dags/example_branch_labels.py took 1.533 seconds
[2023-12-16T20:05:53.361+0000] {processor.py:157} INFO - Started process (PID=272) to work on /home/airflow/.local/lib/python3.8/site-packages/airflow/example_dags/example_branch_labels.py
[2023-12-16T20:05:53.364+0000] {processor.py:829} INFO - Processing file /home/airflow/.local/lib/python3.8/site-packages/airflow/example_dags/example_branch_labels.py for tasks to queue
[2023-12-16T20:05:53.370+0000] {logging_mixin.py:154} INFO - [2023-12-16T20:05:53.369+0000] {dagbag.py:536} INFO - Filling up the DagBag from /home/airflow/.local/lib/python3.8/site-packages/airflow/example_dags/example_branch_labels.py
[2023-12-16T20:05:53.393+0000] {processor.py:839} INFO - DAG(s) dict_keys(['example_branch_labels']) retrieved from /home/airflow/.local/lib/python3.8/site-packages/airflow/example_dags/example_branch_labels.py
[2023-12-16T20:05:53.448+0000] {logging_mixin.py:154} INFO - [2023-12-16T20:05:53.447+0000] {dag.py:2941} INFO - Sync 1 DAGs
[2023-12-16T20:05:53.518+0000] {logging_mixin.py:154} INFO - [2023-12-16T20:05:53.517+0000] {dag.py:3722} INFO - Setting next_dagrun for example_branch_labels to 2023-12-15T00:00:00+00:00, run_after=2023-12-16T00:00:00+00:00
[2023-12-16T20:05:53.574+0000] {processor.py:179} INFO - Processing /home/airflow/.local/lib/python3.8/site-packages/airflow/example_dags/example_branch_labels.py took 0.221 seconds
[2023-12-16T20:20:48.655+0000] {processor.py:157} INFO - Started process (PID=67) to work on /home/airflow/.local/lib/python3.8/site-packages/airflow/example_dags/example_branch_labels.py
[2023-12-16T20:20:48.714+0000] {processor.py:829} INFO - Processing file /home/airflow/.local/lib/python3.8/site-packages/airflow/example_dags/example_branch_labels.py for tasks to queue
[2023-12-16T20:20:48.763+0000] {logging_mixin.py:154} INFO - [2023-12-16T20:20:48.763+0000] {dagbag.py:536} INFO - Filling up the DagBag from /home/airflow/.local/lib/python3.8/site-packages/airflow/example_dags/example_branch_labels.py
[2023-12-16T20:20:49.043+0000] {processor.py:839} INFO - DAG(s) dict_keys(['example_branch_labels']) retrieved from /home/airflow/.local/lib/python3.8/site-packages/airflow/example_dags/example_branch_labels.py
[2023-12-16T20:20:49.678+0000] {logging_mixin.py:154} INFO - [2023-12-16T20:20:49.678+0000] {dag.py:2941} INFO - Sync 1 DAGs
[2023-12-16T20:20:50.395+0000] {logging_mixin.py:154} INFO - [2023-12-16T20:20:50.393+0000] {dag.py:3722} INFO - Setting next_dagrun for example_branch_labels to 2023-12-15T00:00:00+00:00, run_after=2023-12-16T00:00:00+00:00
[2023-12-16T20:20:50.700+0000] {processor.py:179} INFO - Processing /home/airflow/.local/lib/python3.8/site-packages/airflow/example_dags/example_branch_labels.py took 2.361 seconds
[2023-12-16T20:21:21.654+0000] {processor.py:157} INFO - Started process (PID=120) to work on /home/airflow/.local/lib/python3.8/site-packages/airflow/example_dags/example_branch_labels.py
[2023-12-16T20:21:21.669+0000] {processor.py:829} INFO - Processing file /home/airflow/.local/lib/python3.8/site-packages/airflow/example_dags/example_branch_labels.py for tasks to queue
[2023-12-16T20:21:21.685+0000] {logging_mixin.py:154} INFO - [2023-12-16T20:21:21.679+0000] {dagbag.py:536} INFO - Filling up the DagBag from /home/airflow/.local/lib/python3.8/site-packages/airflow/example_dags/example_branch_labels.py
[2023-12-16T20:21:21.827+0000] {processor.py:839} INFO - DAG(s) dict_keys(['example_branch_labels']) retrieved from /home/airflow/.local/lib/python3.8/site-packages/airflow/example_dags/example_branch_labels.py
[2023-12-16T20:21:21.909+0000] {logging_mixin.py:154} INFO - [2023-12-16T20:21:21.909+0000] {dag.py:2941} INFO - Sync 1 DAGs
[2023-12-16T20:21:22.005+0000] {logging_mixin.py:154} INFO - [2023-12-16T20:21:22.004+0000] {dag.py:3722} INFO - Setting next_dagrun for example_branch_labels to 2023-12-15T00:00:00+00:00, run_after=2023-12-16T00:00:00+00:00
[2023-12-16T20:21:22.049+0000] {processor.py:179} INFO - Processing /home/airflow/.local/lib/python3.8/site-packages/airflow/example_dags/example_branch_labels.py took 0.443 seconds
[2023-12-16T20:31:29.888+0000] {processor.py:157} INFO - Started process (PID=75) to work on /home/airflow/.local/lib/python3.8/site-packages/airflow/example_dags/example_branch_labels.py
[2023-12-16T20:31:29.901+0000] {processor.py:829} INFO - Processing file /home/airflow/.local/lib/python3.8/site-packages/airflow/example_dags/example_branch_labels.py for tasks to queue
[2023-12-16T20:31:29.907+0000] {logging_mixin.py:154} INFO - [2023-12-16T20:31:29.906+0000] {dagbag.py:536} INFO - Filling up the DagBag from /home/airflow/.local/lib/python3.8/site-packages/airflow/example_dags/example_branch_labels.py
[2023-12-16T20:31:29.948+0000] {processor.py:839} INFO - DAG(s) dict_keys(['example_branch_labels']) retrieved from /home/airflow/.local/lib/python3.8/site-packages/airflow/example_dags/example_branch_labels.py
[2023-12-16T20:31:30.088+0000] {logging_mixin.py:154} INFO - [2023-12-16T20:31:30.087+0000] {dag.py:2941} INFO - Sync 1 DAGs
[2023-12-16T20:31:30.290+0000] {logging_mixin.py:154} INFO - [2023-12-16T20:31:30.289+0000] {dag.py:3722} INFO - Setting next_dagrun for example_branch_labels to 2023-12-15T00:00:00+00:00, run_after=2023-12-16T00:00:00+00:00
[2023-12-16T20:31:30.566+0000] {processor.py:179} INFO - Processing /home/airflow/.local/lib/python3.8/site-packages/airflow/example_dags/example_branch_labels.py took 0.686 seconds
[2023-12-16T20:32:00.865+0000] {processor.py:157} INFO - Started process (PID=121) to work on /home/airflow/.local/lib/python3.8/site-packages/airflow/example_dags/example_branch_labels.py
[2023-12-16T20:32:00.868+0000] {processor.py:829} INFO - Processing file /home/airflow/.local/lib/python3.8/site-packages/airflow/example_dags/example_branch_labels.py for tasks to queue
[2023-12-16T20:32:00.881+0000] {logging_mixin.py:154} INFO - [2023-12-16T20:32:00.880+0000] {dagbag.py:536} INFO - Filling up the DagBag from /home/airflow/.local/lib/python3.8/site-packages/airflow/example_dags/example_branch_labels.py
[2023-12-16T20:32:00.938+0000] {processor.py:839} INFO - DAG(s) dict_keys(['example_branch_labels']) retrieved from /home/airflow/.local/lib/python3.8/site-packages/airflow/example_dags/example_branch_labels.py
[2023-12-16T20:32:01.044+0000] {logging_mixin.py:154} INFO - [2023-12-16T20:32:01.044+0000] {dag.py:2941} INFO - Sync 1 DAGs
[2023-12-16T20:32:01.161+0000] {logging_mixin.py:154} INFO - [2023-12-16T20:32:01.161+0000] {dag.py:3722} INFO - Setting next_dagrun for example_branch_labels to 2023-12-15T00:00:00+00:00, run_after=2023-12-16T00:00:00+00:00
[2023-12-16T20:32:01.283+0000] {processor.py:179} INFO - Processing /home/airflow/.local/lib/python3.8/site-packages/airflow/example_dags/example_branch_labels.py took 0.430 seconds
[2023-12-16T20:32:32.254+0000] {processor.py:157} INFO - Started process (PID=174) to work on /home/airflow/.local/lib/python3.8/site-packages/airflow/example_dags/example_branch_labels.py
[2023-12-16T20:32:32.274+0000] {processor.py:829} INFO - Processing file /home/airflow/.local/lib/python3.8/site-packages/airflow/example_dags/example_branch_labels.py for tasks to queue
[2023-12-16T20:32:32.291+0000] {logging_mixin.py:154} INFO - [2023-12-16T20:32:32.290+0000] {dagbag.py:536} INFO - Filling up the DagBag from /home/airflow/.local/lib/python3.8/site-packages/airflow/example_dags/example_branch_labels.py
[2023-12-16T20:32:32.379+0000] {processor.py:839} INFO - DAG(s) dict_keys(['example_branch_labels']) retrieved from /home/airflow/.local/lib/python3.8/site-packages/airflow/example_dags/example_branch_labels.py
[2023-12-16T20:32:32.496+0000] {logging_mixin.py:154} INFO - [2023-12-16T20:32:32.490+0000] {dag.py:2941} INFO - Sync 1 DAGs
[2023-12-16T20:32:37.136+0000] {logging_mixin.py:154} INFO - [2023-12-16T20:32:37.135+0000] {process_utils.py:259} INFO - Waiting up to 5 seconds for processes to exit...
[2023-12-16T20:34:32.031+0000] {processor.py:157} INFO - Started process (PID=66) to work on /home/airflow/.local/lib/python3.8/site-packages/airflow/example_dags/example_branch_labels.py
[2023-12-16T20:34:32.039+0000] {processor.py:829} INFO - Processing file /home/airflow/.local/lib/python3.8/site-packages/airflow/example_dags/example_branch_labels.py for tasks to queue
[2023-12-16T20:34:32.062+0000] {logging_mixin.py:154} INFO - [2023-12-16T20:34:32.062+0000] {dagbag.py:536} INFO - Filling up the DagBag from /home/airflow/.local/lib/python3.8/site-packages/airflow/example_dags/example_branch_labels.py
[2023-12-16T20:34:32.150+0000] {processor.py:839} INFO - DAG(s) dict_keys(['example_branch_labels']) retrieved from /home/airflow/.local/lib/python3.8/site-packages/airflow/example_dags/example_branch_labels.py
[2023-12-16T20:34:32.299+0000] {logging_mixin.py:154} INFO - [2023-12-16T20:34:32.299+0000] {dag.py:2941} INFO - Sync 1 DAGs
[2023-12-16T20:34:32.467+0000] {logging_mixin.py:154} INFO - [2023-12-16T20:34:32.467+0000] {dag.py:3722} INFO - Setting next_dagrun for example_branch_labels to 2023-12-15T00:00:00+00:00, run_after=2023-12-16T00:00:00+00:00
[2023-12-16T20:34:32.625+0000] {processor.py:179} INFO - Processing /home/airflow/.local/lib/python3.8/site-packages/airflow/example_dags/example_branch_labels.py took 0.609 seconds
[2023-12-16T20:35:03.598+0000] {processor.py:157} INFO - Started process (PID=120) to work on /home/airflow/.local/lib/python3.8/site-packages/airflow/example_dags/example_branch_labels.py
[2023-12-16T20:35:03.609+0000] {processor.py:829} INFO - Processing file /home/airflow/.local/lib/python3.8/site-packages/airflow/example_dags/example_branch_labels.py for tasks to queue
[2023-12-16T20:35:03.615+0000] {logging_mixin.py:154} INFO - [2023-12-16T20:35:03.614+0000] {dagbag.py:536} INFO - Filling up the DagBag from /home/airflow/.local/lib/python3.8/site-packages/airflow/example_dags/example_branch_labels.py
[2023-12-16T20:35:03.666+0000] {processor.py:839} INFO - DAG(s) dict_keys(['example_branch_labels']) retrieved from /home/airflow/.local/lib/python3.8/site-packages/airflow/example_dags/example_branch_labels.py
[2023-12-16T20:35:03.768+0000] {logging_mixin.py:154} INFO - [2023-12-16T20:35:03.768+0000] {dag.py:2941} INFO - Sync 1 DAGs
[2023-12-16T20:35:03.903+0000] {logging_mixin.py:154} INFO - [2023-12-16T20:35:03.902+0000] {dag.py:3722} INFO - Setting next_dagrun for example_branch_labels to 2023-12-15T00:00:00+00:00, run_after=2023-12-16T00:00:00+00:00
[2023-12-16T20:35:03.960+0000] {processor.py:179} INFO - Processing /home/airflow/.local/lib/python3.8/site-packages/airflow/example_dags/example_branch_labels.py took 0.377 seconds
[2023-12-16T21:01:02.720+0000] {processor.py:157} INFO - Started process (PID=74) to work on /home/airflow/.local/lib/python3.8/site-packages/airflow/example_dags/example_branch_labels.py
[2023-12-16T21:01:02.748+0000] {processor.py:829} INFO - Processing file /home/airflow/.local/lib/python3.8/site-packages/airflow/example_dags/example_branch_labels.py for tasks to queue
[2023-12-16T21:01:02.769+0000] {logging_mixin.py:154} INFO - [2023-12-16T21:01:02.768+0000] {dagbag.py:536} INFO - Filling up the DagBag from /home/airflow/.local/lib/python3.8/site-packages/airflow/example_dags/example_branch_labels.py
[2023-12-16T21:01:02.881+0000] {processor.py:839} INFO - DAG(s) dict_keys(['example_branch_labels']) retrieved from /home/airflow/.local/lib/python3.8/site-packages/airflow/example_dags/example_branch_labels.py
[2023-12-16T21:01:03.092+0000] {logging_mixin.py:154} INFO - [2023-12-16T21:01:03.090+0000] {dag.py:2941} INFO - Sync 1 DAGs
[2023-12-16T21:01:03.206+0000] {logging_mixin.py:154} INFO - [2023-12-16T21:01:03.206+0000] {dag.py:3722} INFO - Setting next_dagrun for example_branch_labels to 2023-12-15T00:00:00+00:00, run_after=2023-12-16T00:00:00+00:00
[2023-12-16T21:01:03.443+0000] {processor.py:179} INFO - Processing /home/airflow/.local/lib/python3.8/site-packages/airflow/example_dags/example_branch_labels.py took 0.732 seconds
[2023-12-16T21:01:34.262+0000] {processor.py:157} INFO - Started process (PID=121) to work on /home/airflow/.local/lib/python3.8/site-packages/airflow/example_dags/example_branch_labels.py
[2023-12-16T21:01:34.271+0000] {processor.py:829} INFO - Processing file /home/airflow/.local/lib/python3.8/site-packages/airflow/example_dags/example_branch_labels.py for tasks to queue
[2023-12-16T21:01:34.277+0000] {logging_mixin.py:154} INFO - [2023-12-16T21:01:34.276+0000] {dagbag.py:536} INFO - Filling up the DagBag from /home/airflow/.local/lib/python3.8/site-packages/airflow/example_dags/example_branch_labels.py
[2023-12-16T21:01:34.357+0000] {processor.py:839} INFO - DAG(s) dict_keys(['example_branch_labels']) retrieved from /home/airflow/.local/lib/python3.8/site-packages/airflow/example_dags/example_branch_labels.py
[2023-12-16T21:01:34.415+0000] {logging_mixin.py:154} INFO - [2023-12-16T21:01:34.415+0000] {dag.py:2941} INFO - Sync 1 DAGs
[2023-12-16T21:01:34.478+0000] {logging_mixin.py:154} INFO - [2023-12-16T21:01:34.477+0000] {dag.py:3722} INFO - Setting next_dagrun for example_branch_labels to 2023-12-15T00:00:00+00:00, run_after=2023-12-16T00:00:00+00:00
[2023-12-16T21:01:34.530+0000] {processor.py:179} INFO - Processing /home/airflow/.local/lib/python3.8/site-packages/airflow/example_dags/example_branch_labels.py took 0.275 seconds
[2023-12-16T21:02:05.536+0000] {processor.py:157} INFO - Started process (PID=175) to work on /home/airflow/.local/lib/python3.8/site-packages/airflow/example_dags/example_branch_labels.py
[2023-12-16T21:02:05.538+0000] {processor.py:829} INFO - Processing file /home/airflow/.local/lib/python3.8/site-packages/airflow/example_dags/example_branch_labels.py for tasks to queue
[2023-12-16T21:02:05.544+0000] {logging_mixin.py:154} INFO - [2023-12-16T21:02:05.544+0000] {dagbag.py:536} INFO - Filling up the DagBag from /home/airflow/.local/lib/python3.8/site-packages/airflow/example_dags/example_branch_labels.py
[2023-12-16T21:02:05.572+0000] {processor.py:839} INFO - DAG(s) dict_keys(['example_branch_labels']) retrieved from /home/airflow/.local/lib/python3.8/site-packages/airflow/example_dags/example_branch_labels.py
[2023-12-16T21:02:05.638+0000] {logging_mixin.py:154} INFO - [2023-12-16T21:02:05.637+0000] {dag.py:2941} INFO - Sync 1 DAGs
[2023-12-16T21:02:05.707+0000] {logging_mixin.py:154} INFO - [2023-12-16T21:02:05.707+0000] {dag.py:3722} INFO - Setting next_dagrun for example_branch_labels to 2023-12-15T00:00:00+00:00, run_after=2023-12-16T00:00:00+00:00
[2023-12-16T21:02:05.777+0000] {processor.py:179} INFO - Processing /home/airflow/.local/lib/python3.8/site-packages/airflow/example_dags/example_branch_labels.py took 0.264 seconds
[2023-12-16T21:07:07.024+0000] {processor.py:157} INFO - Started process (PID=61) to work on /home/airflow/.local/lib/python3.8/site-packages/airflow/example_dags/example_branch_labels.py
[2023-12-16T21:07:07.029+0000] {processor.py:829} INFO - Processing file /home/airflow/.local/lib/python3.8/site-packages/airflow/example_dags/example_branch_labels.py for tasks to queue
[2023-12-16T21:07:07.041+0000] {logging_mixin.py:154} INFO - [2023-12-16T21:07:07.034+0000] {dagbag.py:536} INFO - Filling up the DagBag from /home/airflow/.local/lib/python3.8/site-packages/airflow/example_dags/example_branch_labels.py
[2023-12-16T21:07:07.104+0000] {processor.py:839} INFO - DAG(s) dict_keys(['example_branch_labels']) retrieved from /home/airflow/.local/lib/python3.8/site-packages/airflow/example_dags/example_branch_labels.py
[2023-12-16T21:07:07.365+0000] {logging_mixin.py:154} INFO - [2023-12-16T21:07:07.365+0000] {dag.py:2941} INFO - Sync 1 DAGs
[2023-12-16T21:07:07.634+0000] {logging_mixin.py:154} INFO - [2023-12-16T21:07:07.634+0000] {dag.py:3722} INFO - Setting next_dagrun for example_branch_labels to 2023-12-15T00:00:00+00:00, run_after=2023-12-16T00:00:00+00:00
[2023-12-16T21:07:07.861+0000] {processor.py:179} INFO - Processing /home/airflow/.local/lib/python3.8/site-packages/airflow/example_dags/example_branch_labels.py took 0.861 seconds
[2023-12-16T21:07:38.253+0000] {processor.py:157} INFO - Started process (PID=122) to work on /home/airflow/.local/lib/python3.8/site-packages/airflow/example_dags/example_branch_labels.py
[2023-12-16T21:07:38.256+0000] {processor.py:829} INFO - Processing file /home/airflow/.local/lib/python3.8/site-packages/airflow/example_dags/example_branch_labels.py for tasks to queue
[2023-12-16T21:07:38.261+0000] {logging_mixin.py:154} INFO - [2023-12-16T21:07:38.260+0000] {dagbag.py:536} INFO - Filling up the DagBag from /home/airflow/.local/lib/python3.8/site-packages/airflow/example_dags/example_branch_labels.py
[2023-12-16T21:07:38.289+0000] {processor.py:839} INFO - DAG(s) dict_keys(['example_branch_labels']) retrieved from /home/airflow/.local/lib/python3.8/site-packages/airflow/example_dags/example_branch_labels.py
[2023-12-16T21:07:38.367+0000] {logging_mixin.py:154} INFO - [2023-12-16T21:07:38.367+0000] {dag.py:2941} INFO - Sync 1 DAGs
[2023-12-16T21:07:38.505+0000] {logging_mixin.py:154} INFO - [2023-12-16T21:07:38.504+0000] {dag.py:3722} INFO - Setting next_dagrun for example_branch_labels to 2023-12-15T00:00:00+00:00, run_after=2023-12-16T00:00:00+00:00
[2023-12-16T21:07:38.546+0000] {processor.py:179} INFO - Processing /home/airflow/.local/lib/python3.8/site-packages/airflow/example_dags/example_branch_labels.py took 0.316 seconds
[2023-12-16T21:08:08.712+0000] {processor.py:157} INFO - Started process (PID=176) to work on /home/airflow/.local/lib/python3.8/site-packages/airflow/example_dags/example_branch_labels.py
[2023-12-16T21:08:08.716+0000] {processor.py:829} INFO - Processing file /home/airflow/.local/lib/python3.8/site-packages/airflow/example_dags/example_branch_labels.py for tasks to queue
[2023-12-16T21:08:08.731+0000] {logging_mixin.py:154} INFO - [2023-12-16T21:08:08.731+0000] {dagbag.py:536} INFO - Filling up the DagBag from /home/airflow/.local/lib/python3.8/site-packages/airflow/example_dags/example_branch_labels.py
[2023-12-16T21:08:08.777+0000] {processor.py:839} INFO - DAG(s) dict_keys(['example_branch_labels']) retrieved from /home/airflow/.local/lib/python3.8/site-packages/airflow/example_dags/example_branch_labels.py
[2023-12-16T21:08:08.885+0000] {logging_mixin.py:154} INFO - [2023-12-16T21:08:08.885+0000] {dag.py:2941} INFO - Sync 1 DAGs
[2023-12-16T21:08:09.027+0000] {logging_mixin.py:154} INFO - [2023-12-16T21:08:09.027+0000] {dag.py:3722} INFO - Setting next_dagrun for example_branch_labels to 2023-12-15T00:00:00+00:00, run_after=2023-12-16T00:00:00+00:00
[2023-12-16T21:08:09.103+0000] {processor.py:179} INFO - Processing /home/airflow/.local/lib/python3.8/site-packages/airflow/example_dags/example_branch_labels.py took 0.401 seconds
[2023-12-16T21:08:39.334+0000] {processor.py:157} INFO - Started process (PID=230) to work on /home/airflow/.local/lib/python3.8/site-packages/airflow/example_dags/example_branch_labels.py
[2023-12-16T21:08:39.336+0000] {processor.py:829} INFO - Processing file /home/airflow/.local/lib/python3.8/site-packages/airflow/example_dags/example_branch_labels.py for tasks to queue
[2023-12-16T21:08:39.341+0000] {logging_mixin.py:154} INFO - [2023-12-16T21:08:39.341+0000] {dagbag.py:536} INFO - Filling up the DagBag from /home/airflow/.local/lib/python3.8/site-packages/airflow/example_dags/example_branch_labels.py
[2023-12-16T21:08:39.361+0000] {processor.py:839} INFO - DAG(s) dict_keys(['example_branch_labels']) retrieved from /home/airflow/.local/lib/python3.8/site-packages/airflow/example_dags/example_branch_labels.py
[2023-12-16T21:08:39.404+0000] {logging_mixin.py:154} INFO - [2023-12-16T21:08:39.404+0000] {dag.py:2941} INFO - Sync 1 DAGs
[2023-12-16T21:08:39.447+0000] {logging_mixin.py:154} INFO - [2023-12-16T21:08:39.447+0000] {dag.py:3722} INFO - Setting next_dagrun for example_branch_labels to 2023-12-15T00:00:00+00:00, run_after=2023-12-16T00:00:00+00:00
[2023-12-16T21:08:39.482+0000] {processor.py:179} INFO - Processing /home/airflow/.local/lib/python3.8/site-packages/airflow/example_dags/example_branch_labels.py took 0.152 seconds
[2023-12-16T21:09:10.271+0000] {processor.py:157} INFO - Started process (PID=284) to work on /home/airflow/.local/lib/python3.8/site-packages/airflow/example_dags/example_branch_labels.py
[2023-12-16T21:09:10.466+0000] {processor.py:829} INFO - Processing file /home/airflow/.local/lib/python3.8/site-packages/airflow/example_dags/example_branch_labels.py for tasks to queue
[2023-12-16T21:09:10.889+0000] {logging_mixin.py:154} INFO - [2023-12-16T21:09:10.883+0000] {dagbag.py:536} INFO - Filling up the DagBag from /home/airflow/.local/lib/python3.8/site-packages/airflow/example_dags/example_branch_labels.py
[2023-12-16T21:09:11.134+0000] {processor.py:839} INFO - DAG(s) dict_keys(['example_branch_labels']) retrieved from /home/airflow/.local/lib/python3.8/site-packages/airflow/example_dags/example_branch_labels.py
[2023-12-16T21:09:11.339+0000] {logging_mixin.py:154} INFO - [2023-12-16T21:09:11.339+0000] {dag.py:2941} INFO - Sync 1 DAGs
[2023-12-16T21:09:11.633+0000] {logging_mixin.py:154} INFO - [2023-12-16T21:09:11.633+0000] {dag.py:3722} INFO - Setting next_dagrun for example_branch_labels to 2023-12-15T00:00:00+00:00, run_after=2023-12-16T00:00:00+00:00
[2023-12-16T21:09:11.868+0000] {processor.py:179} INFO - Processing /home/airflow/.local/lib/python3.8/site-packages/airflow/example_dags/example_branch_labels.py took 1.615 seconds
[2023-12-16T21:09:42.606+0000] {processor.py:157} INFO - Started process (PID=338) to work on /home/airflow/.local/lib/python3.8/site-packages/airflow/example_dags/example_branch_labels.py
[2023-12-16T21:09:42.609+0000] {processor.py:829} INFO - Processing file /home/airflow/.local/lib/python3.8/site-packages/airflow/example_dags/example_branch_labels.py for tasks to queue
[2023-12-16T21:09:42.615+0000] {logging_mixin.py:154} INFO - [2023-12-16T21:09:42.614+0000] {dagbag.py:536} INFO - Filling up the DagBag from /home/airflow/.local/lib/python3.8/site-packages/airflow/example_dags/example_branch_labels.py
[2023-12-16T21:09:42.635+0000] {processor.py:839} INFO - DAG(s) dict_keys(['example_branch_labels']) retrieved from /home/airflow/.local/lib/python3.8/site-packages/airflow/example_dags/example_branch_labels.py
[2023-12-16T21:09:42.696+0000] {logging_mixin.py:154} INFO - [2023-12-16T21:09:42.695+0000] {dag.py:2941} INFO - Sync 1 DAGs
[2023-12-16T21:09:42.766+0000] {logging_mixin.py:154} INFO - [2023-12-16T21:09:42.765+0000] {dag.py:3722} INFO - Setting next_dagrun for example_branch_labels to 2023-12-15T00:00:00+00:00, run_after=2023-12-16T00:00:00+00:00
[2023-12-16T21:09:42.817+0000] {processor.py:179} INFO - Processing /home/airflow/.local/lib/python3.8/site-packages/airflow/example_dags/example_branch_labels.py took 0.217 seconds
[2023-12-16T21:10:13.150+0000] {processor.py:157} INFO - Started process (PID=392) to work on /home/airflow/.local/lib/python3.8/site-packages/airflow/example_dags/example_branch_labels.py
[2023-12-16T21:10:13.153+0000] {processor.py:829} INFO - Processing file /home/airflow/.local/lib/python3.8/site-packages/airflow/example_dags/example_branch_labels.py for tasks to queue
[2023-12-16T21:10:13.158+0000] {logging_mixin.py:154} INFO - [2023-12-16T21:10:13.158+0000] {dagbag.py:536} INFO - Filling up the DagBag from /home/airflow/.local/lib/python3.8/site-packages/airflow/example_dags/example_branch_labels.py
[2023-12-16T21:10:13.174+0000] {processor.py:839} INFO - DAG(s) dict_keys(['example_branch_labels']) retrieved from /home/airflow/.local/lib/python3.8/site-packages/airflow/example_dags/example_branch_labels.py
[2023-12-16T21:10:13.215+0000] {logging_mixin.py:154} INFO - [2023-12-16T21:10:13.214+0000] {dag.py:2941} INFO - Sync 1 DAGs
[2023-12-16T21:10:13.259+0000] {logging_mixin.py:154} INFO - [2023-12-16T21:10:13.259+0000] {dag.py:3722} INFO - Setting next_dagrun for example_branch_labels to 2023-12-15T00:00:00+00:00, run_after=2023-12-16T00:00:00+00:00
[2023-12-16T21:10:13.296+0000] {processor.py:179} INFO - Processing /home/airflow/.local/lib/python3.8/site-packages/airflow/example_dags/example_branch_labels.py took 0.155 seconds
[2023-12-16T21:10:43.485+0000] {processor.py:157} INFO - Started process (PID=447) to work on /home/airflow/.local/lib/python3.8/site-packages/airflow/example_dags/example_branch_labels.py
[2023-12-16T21:10:43.487+0000] {processor.py:829} INFO - Processing file /home/airflow/.local/lib/python3.8/site-packages/airflow/example_dags/example_branch_labels.py for tasks to queue
[2023-12-16T21:10:43.494+0000] {logging_mixin.py:154} INFO - [2023-12-16T21:10:43.493+0000] {dagbag.py:536} INFO - Filling up the DagBag from /home/airflow/.local/lib/python3.8/site-packages/airflow/example_dags/example_branch_labels.py
[2023-12-16T21:10:43.521+0000] {processor.py:839} INFO - DAG(s) dict_keys(['example_branch_labels']) retrieved from /home/airflow/.local/lib/python3.8/site-packages/airflow/example_dags/example_branch_labels.py
[2023-12-16T21:10:43.567+0000] {logging_mixin.py:154} INFO - [2023-12-16T21:10:43.567+0000] {dag.py:2941} INFO - Sync 1 DAGs
[2023-12-16T21:10:43.613+0000] {logging_mixin.py:154} INFO - [2023-12-16T21:10:43.613+0000] {dag.py:3722} INFO - Setting next_dagrun for example_branch_labels to 2023-12-15T00:00:00+00:00, run_after=2023-12-16T00:00:00+00:00
[2023-12-16T21:10:43.644+0000] {processor.py:179} INFO - Processing /home/airflow/.local/lib/python3.8/site-packages/airflow/example_dags/example_branch_labels.py took 0.166 seconds
[2023-12-16T21:11:14.097+0000] {processor.py:157} INFO - Started process (PID=501) to work on /home/airflow/.local/lib/python3.8/site-packages/airflow/example_dags/example_branch_labels.py
[2023-12-16T21:11:14.099+0000] {processor.py:829} INFO - Processing file /home/airflow/.local/lib/python3.8/site-packages/airflow/example_dags/example_branch_labels.py for tasks to queue
[2023-12-16T21:11:14.108+0000] {logging_mixin.py:154} INFO - [2023-12-16T21:11:14.108+0000] {dagbag.py:536} INFO - Filling up the DagBag from /home/airflow/.local/lib/python3.8/site-packages/airflow/example_dags/example_branch_labels.py
[2023-12-16T21:11:14.137+0000] {processor.py:839} INFO - DAG(s) dict_keys(['example_branch_labels']) retrieved from /home/airflow/.local/lib/python3.8/site-packages/airflow/example_dags/example_branch_labels.py
[2023-12-16T21:11:14.202+0000] {logging_mixin.py:154} INFO - [2023-12-16T21:11:14.202+0000] {dag.py:2941} INFO - Sync 1 DAGs
[2023-12-16T21:11:14.253+0000] {logging_mixin.py:154} INFO - [2023-12-16T21:11:14.252+0000] {dag.py:3722} INFO - Setting next_dagrun for example_branch_labels to 2023-12-15T00:00:00+00:00, run_after=2023-12-16T00:00:00+00:00
[2023-12-16T21:11:14.287+0000] {processor.py:179} INFO - Processing /home/airflow/.local/lib/python3.8/site-packages/airflow/example_dags/example_branch_labels.py took 0.210 seconds
[2023-12-16T21:11:44.733+0000] {processor.py:157} INFO - Started process (PID=555) to work on /home/airflow/.local/lib/python3.8/site-packages/airflow/example_dags/example_branch_labels.py
[2023-12-16T21:11:44.753+0000] {processor.py:829} INFO - Processing file /home/airflow/.local/lib/python3.8/site-packages/airflow/example_dags/example_branch_labels.py for tasks to queue
[2023-12-16T21:11:44.758+0000] {logging_mixin.py:154} INFO - [2023-12-16T21:11:44.757+0000] {dagbag.py:536} INFO - Filling up the DagBag from /home/airflow/.local/lib/python3.8/site-packages/airflow/example_dags/example_branch_labels.py
[2023-12-16T21:11:44.785+0000] {processor.py:839} INFO - DAG(s) dict_keys(['example_branch_labels']) retrieved from /home/airflow/.local/lib/python3.8/site-packages/airflow/example_dags/example_branch_labels.py
[2023-12-16T21:11:44.872+0000] {logging_mixin.py:154} INFO - [2023-12-16T21:11:44.871+0000] {dag.py:2941} INFO - Sync 1 DAGs
[2023-12-16T21:11:44.973+0000] {logging_mixin.py:154} INFO - [2023-12-16T21:11:44.972+0000] {dag.py:3722} INFO - Setting next_dagrun for example_branch_labels to 2023-12-15T00:00:00+00:00, run_after=2023-12-16T00:00:00+00:00
[2023-12-16T21:11:45.046+0000] {processor.py:179} INFO - Processing /home/airflow/.local/lib/python3.8/site-packages/airflow/example_dags/example_branch_labels.py took 0.322 seconds
[2023-12-16T21:12:15.518+0000] {processor.py:157} INFO - Started process (PID=609) to work on /home/airflow/.local/lib/python3.8/site-packages/airflow/example_dags/example_branch_labels.py
[2023-12-16T21:12:15.520+0000] {processor.py:829} INFO - Processing file /home/airflow/.local/lib/python3.8/site-packages/airflow/example_dags/example_branch_labels.py for tasks to queue
[2023-12-16T21:12:15.531+0000] {logging_mixin.py:154} INFO - [2023-12-16T21:12:15.530+0000] {dagbag.py:536} INFO - Filling up the DagBag from /home/airflow/.local/lib/python3.8/site-packages/airflow/example_dags/example_branch_labels.py
[2023-12-16T21:12:15.552+0000] {processor.py:839} INFO - DAG(s) dict_keys(['example_branch_labels']) retrieved from /home/airflow/.local/lib/python3.8/site-packages/airflow/example_dags/example_branch_labels.py
[2023-12-16T21:12:15.604+0000] {logging_mixin.py:154} INFO - [2023-12-16T21:12:15.603+0000] {dag.py:2941} INFO - Sync 1 DAGs
[2023-12-16T21:12:15.651+0000] {logging_mixin.py:154} INFO - [2023-12-16T21:12:15.651+0000] {dag.py:3722} INFO - Setting next_dagrun for example_branch_labels to 2023-12-15T00:00:00+00:00, run_after=2023-12-16T00:00:00+00:00
[2023-12-16T21:12:15.690+0000] {processor.py:179} INFO - Processing /home/airflow/.local/lib/python3.8/site-packages/airflow/example_dags/example_branch_labels.py took 0.181 seconds
[2023-12-16T21:12:46.129+0000] {processor.py:157} INFO - Started process (PID=663) to work on /home/airflow/.local/lib/python3.8/site-packages/airflow/example_dags/example_branch_labels.py
[2023-12-16T21:12:46.131+0000] {processor.py:829} INFO - Processing file /home/airflow/.local/lib/python3.8/site-packages/airflow/example_dags/example_branch_labels.py for tasks to queue
[2023-12-16T21:12:46.136+0000] {logging_mixin.py:154} INFO - [2023-12-16T21:12:46.135+0000] {dagbag.py:536} INFO - Filling up the DagBag from /home/airflow/.local/lib/python3.8/site-packages/airflow/example_dags/example_branch_labels.py
[2023-12-16T21:12:46.154+0000] {processor.py:839} INFO - DAG(s) dict_keys(['example_branch_labels']) retrieved from /home/airflow/.local/lib/python3.8/site-packages/airflow/example_dags/example_branch_labels.py
[2023-12-16T21:12:46.190+0000] {logging_mixin.py:154} INFO - [2023-12-16T21:12:46.189+0000] {dag.py:2941} INFO - Sync 1 DAGs
[2023-12-16T21:12:46.249+0000] {logging_mixin.py:154} INFO - [2023-12-16T21:12:46.249+0000] {dag.py:3722} INFO - Setting next_dagrun for example_branch_labels to 2023-12-15T00:00:00+00:00, run_after=2023-12-16T00:00:00+00:00
[2023-12-16T21:12:46.278+0000] {processor.py:179} INFO - Processing /home/airflow/.local/lib/python3.8/site-packages/airflow/example_dags/example_branch_labels.py took 0.154 seconds
