[2023-12-16T19:22:13.201+0000] {processor.py:157} INFO - Started process (PID=79) to work on /home/airflow/.local/lib/python3.8/site-packages/airflow/example_dags/example_xcom.py
[2023-12-16T19:22:13.207+0000] {processor.py:829} INFO - Processing file /home/airflow/.local/lib/python3.8/site-packages/airflow/example_dags/example_xcom.py for tasks to queue
[2023-12-16T19:22:13.219+0000] {logging_mixin.py:154} INFO - [2023-12-16T19:22:13.218+0000] {dagbag.py:536} INFO - Filling up the DagBag from /home/airflow/.local/lib/python3.8/site-packages/airflow/example_dags/example_xcom.py
[2023-12-16T19:22:13.290+0000] {processor.py:839} INFO - DAG(s) dict_keys(['example_xcom']) retrieved from /home/airflow/.local/lib/python3.8/site-packages/airflow/example_dags/example_xcom.py
[2023-12-16T19:22:13.505+0000] {logging_mixin.py:154} INFO - [2023-12-16T19:22:13.504+0000] {dag.py:2941} INFO - Sync 1 DAGs
[2023-12-16T19:22:13.837+0000] {logging_mixin.py:154} INFO - [2023-12-16T19:22:13.834+0000] {dag.py:3722} INFO - Setting next_dagrun for example_xcom to 2021-01-01T00:00:00+00:00, run_after=2021-01-01T00:00:00+00:00
[2023-12-16T19:22:14.078+0000] {processor.py:179} INFO - Processing /home/airflow/.local/lib/python3.8/site-packages/airflow/example_dags/example_xcom.py took 0.893 seconds
[2023-12-16T19:23:30.363+0000] {processor.py:157} INFO - Started process (PID=133) to work on /home/airflow/.local/lib/python3.8/site-packages/airflow/example_dags/example_xcom.py
[2023-12-16T19:23:30.366+0000] {processor.py:829} INFO - Processing file /home/airflow/.local/lib/python3.8/site-packages/airflow/example_dags/example_xcom.py for tasks to queue
[2023-12-16T19:23:30.372+0000] {logging_mixin.py:154} INFO - [2023-12-16T19:23:30.371+0000] {dagbag.py:536} INFO - Filling up the DagBag from /home/airflow/.local/lib/python3.8/site-packages/airflow/example_dags/example_xcom.py
[2023-12-16T19:23:30.397+0000] {processor.py:839} INFO - DAG(s) dict_keys(['example_xcom']) retrieved from /home/airflow/.local/lib/python3.8/site-packages/airflow/example_dags/example_xcom.py
[2023-12-16T19:23:30.530+0000] {logging_mixin.py:154} INFO - [2023-12-16T19:23:30.529+0000] {dag.py:2941} INFO - Sync 1 DAGs
[2023-12-16T19:23:30.600+0000] {logging_mixin.py:154} INFO - [2023-12-16T19:23:30.599+0000] {dag.py:3722} INFO - Setting next_dagrun for example_xcom to 2021-01-01T00:00:00+00:00, run_after=2021-01-01T00:00:00+00:00
[2023-12-16T19:23:30.648+0000] {processor.py:179} INFO - Processing /home/airflow/.local/lib/python3.8/site-packages/airflow/example_dags/example_xcom.py took 0.294 seconds
[2023-12-16T19:24:02.498+0000] {processor.py:157} INFO - Started process (PID=187) to work on /home/airflow/.local/lib/python3.8/site-packages/airflow/example_dags/example_xcom.py
[2023-12-16T19:24:02.503+0000] {processor.py:829} INFO - Processing file /home/airflow/.local/lib/python3.8/site-packages/airflow/example_dags/example_xcom.py for tasks to queue
[2023-12-16T19:24:02.510+0000] {logging_mixin.py:154} INFO - [2023-12-16T19:24:02.509+0000] {dagbag.py:536} INFO - Filling up the DagBag from /home/airflow/.local/lib/python3.8/site-packages/airflow/example_dags/example_xcom.py
[2023-12-16T19:24:02.532+0000] {processor.py:839} INFO - DAG(s) dict_keys(['example_xcom']) retrieved from /home/airflow/.local/lib/python3.8/site-packages/airflow/example_dags/example_xcom.py
[2023-12-16T19:24:02.593+0000] {logging_mixin.py:154} INFO - [2023-12-16T19:24:02.593+0000] {dag.py:2941} INFO - Sync 1 DAGs
[2023-12-16T19:24:02.650+0000] {logging_mixin.py:154} INFO - [2023-12-16T19:24:02.650+0000] {dag.py:3722} INFO - Setting next_dagrun for example_xcom to 2021-01-01T00:00:00+00:00, run_after=2021-01-01T00:00:00+00:00
[2023-12-16T19:24:02.703+0000] {processor.py:179} INFO - Processing /home/airflow/.local/lib/python3.8/site-packages/airflow/example_dags/example_xcom.py took 0.213 seconds
[2023-12-16T19:35:58.319+0000] {processor.py:157} INFO - Started process (PID=80) to work on /home/airflow/.local/lib/python3.8/site-packages/airflow/example_dags/example_xcom.py
[2023-12-16T19:35:58.335+0000] {processor.py:829} INFO - Processing file /home/airflow/.local/lib/python3.8/site-packages/airflow/example_dags/example_xcom.py for tasks to queue
[2023-12-16T19:35:58.376+0000] {logging_mixin.py:154} INFO - [2023-12-16T19:35:58.375+0000] {dagbag.py:536} INFO - Filling up the DagBag from /home/airflow/.local/lib/python3.8/site-packages/airflow/example_dags/example_xcom.py
[2023-12-16T19:35:58.533+0000] {processor.py:839} INFO - DAG(s) dict_keys(['example_xcom']) retrieved from /home/airflow/.local/lib/python3.8/site-packages/airflow/example_dags/example_xcom.py
[2023-12-16T19:35:58.870+0000] {logging_mixin.py:154} INFO - [2023-12-16T19:35:58.869+0000] {dag.py:2941} INFO - Sync 1 DAGs
[2023-12-16T19:35:59.468+0000] {logging_mixin.py:154} INFO - [2023-12-16T19:35:59.468+0000] {dag.py:3722} INFO - Setting next_dagrun for example_xcom to 2021-01-01T00:00:00+00:00, run_after=2021-01-01T00:00:00+00:00
[2023-12-16T19:35:59.855+0000] {processor.py:179} INFO - Processing /home/airflow/.local/lib/python3.8/site-packages/airflow/example_dags/example_xcom.py took 1.601 seconds
[2023-12-16T19:36:51.160+0000] {processor.py:157} INFO - Started process (PID=141) to work on /home/airflow/.local/lib/python3.8/site-packages/airflow/example_dags/example_xcom.py
[2023-12-16T19:36:51.182+0000] {processor.py:829} INFO - Processing file /home/airflow/.local/lib/python3.8/site-packages/airflow/example_dags/example_xcom.py for tasks to queue
[2023-12-16T19:36:51.196+0000] {logging_mixin.py:154} INFO - [2023-12-16T19:36:51.195+0000] {dagbag.py:536} INFO - Filling up the DagBag from /home/airflow/.local/lib/python3.8/site-packages/airflow/example_dags/example_xcom.py
[2023-12-16T19:36:51.376+0000] {processor.py:839} INFO - DAG(s) dict_keys(['example_xcom']) retrieved from /home/airflow/.local/lib/python3.8/site-packages/airflow/example_dags/example_xcom.py
[2023-12-16T19:36:51.795+0000] {logging_mixin.py:154} INFO - [2023-12-16T19:36:51.795+0000] {dag.py:2941} INFO - Sync 1 DAGs
[2023-12-16T19:36:52.733+0000] {logging_mixin.py:154} INFO - [2023-12-16T19:36:52.732+0000] {dag.py:3722} INFO - Setting next_dagrun for example_xcom to 2021-01-01T00:00:00+00:00, run_after=2021-01-01T00:00:00+00:00
[2023-12-16T19:36:52.997+0000] {processor.py:179} INFO - Processing /home/airflow/.local/lib/python3.8/site-packages/airflow/example_dags/example_xcom.py took 1.873 seconds
[2023-12-16T19:37:28.691+0000] {processor.py:157} INFO - Started process (PID=195) to work on /home/airflow/.local/lib/python3.8/site-packages/airflow/example_dags/example_xcom.py
[2023-12-16T19:37:28.709+0000] {processor.py:829} INFO - Processing file /home/airflow/.local/lib/python3.8/site-packages/airflow/example_dags/example_xcom.py for tasks to queue
[2023-12-16T19:37:28.781+0000] {logging_mixin.py:154} INFO - [2023-12-16T19:37:28.739+0000] {dagbag.py:536} INFO - Filling up the DagBag from /home/airflow/.local/lib/python3.8/site-packages/airflow/example_dags/example_xcom.py
[2023-12-16T19:37:28.986+0000] {processor.py:839} INFO - DAG(s) dict_keys(['example_xcom']) retrieved from /home/airflow/.local/lib/python3.8/site-packages/airflow/example_dags/example_xcom.py
[2023-12-16T19:37:29.355+0000] {logging_mixin.py:154} INFO - [2023-12-16T19:37:29.354+0000] {dag.py:2941} INFO - Sync 1 DAGs
[2023-12-16T19:37:29.492+0000] {logging_mixin.py:154} INFO - [2023-12-16T19:37:29.492+0000] {dag.py:3722} INFO - Setting next_dagrun for example_xcom to 2021-01-01T00:00:00+00:00, run_after=2021-01-01T00:00:00+00:00
[2023-12-16T19:37:29.589+0000] {processor.py:179} INFO - Processing /home/airflow/.local/lib/python3.8/site-packages/airflow/example_dags/example_xcom.py took 0.921 seconds
[2023-12-16T19:43:54.535+0000] {processor.py:157} INFO - Started process (PID=80) to work on /home/airflow/.local/lib/python3.8/site-packages/airflow/example_dags/example_xcom.py
[2023-12-16T19:43:54.608+0000] {processor.py:829} INFO - Processing file /home/airflow/.local/lib/python3.8/site-packages/airflow/example_dags/example_xcom.py for tasks to queue
[2023-12-16T19:43:54.625+0000] {logging_mixin.py:154} INFO - [2023-12-16T19:43:54.624+0000] {dagbag.py:536} INFO - Filling up the DagBag from /home/airflow/.local/lib/python3.8/site-packages/airflow/example_dags/example_xcom.py
[2023-12-16T19:43:54.803+0000] {processor.py:839} INFO - DAG(s) dict_keys(['example_xcom']) retrieved from /home/airflow/.local/lib/python3.8/site-packages/airflow/example_dags/example_xcom.py
[2023-12-16T19:43:54.974+0000] {logging_mixin.py:154} INFO - [2023-12-16T19:43:54.973+0000] {dag.py:2941} INFO - Sync 1 DAGs
[2023-12-16T19:43:55.181+0000] {logging_mixin.py:154} INFO - [2023-12-16T19:43:55.180+0000] {dag.py:3722} INFO - Setting next_dagrun for example_xcom to 2021-01-01T00:00:00+00:00, run_after=2021-01-01T00:00:00+00:00
[2023-12-16T19:43:55.307+0000] {processor.py:179} INFO - Processing /home/airflow/.local/lib/python3.8/site-packages/airflow/example_dags/example_xcom.py took 0.831 seconds
[2023-12-16T19:44:41.677+0000] {processor.py:157} INFO - Started process (PID=140) to work on /home/airflow/.local/lib/python3.8/site-packages/airflow/example_dags/example_xcom.py
[2023-12-16T19:44:41.682+0000] {processor.py:829} INFO - Processing file /home/airflow/.local/lib/python3.8/site-packages/airflow/example_dags/example_xcom.py for tasks to queue
[2023-12-16T19:44:41.689+0000] {logging_mixin.py:154} INFO - [2023-12-16T19:44:41.688+0000] {dagbag.py:536} INFO - Filling up the DagBag from /home/airflow/.local/lib/python3.8/site-packages/airflow/example_dags/example_xcom.py
[2023-12-16T19:44:41.758+0000] {processor.py:839} INFO - DAG(s) dict_keys(['example_xcom']) retrieved from /home/airflow/.local/lib/python3.8/site-packages/airflow/example_dags/example_xcom.py
[2023-12-16T19:44:41.931+0000] {logging_mixin.py:154} INFO - [2023-12-16T19:44:41.931+0000] {dag.py:2941} INFO - Sync 1 DAGs
[2023-12-16T19:44:42.059+0000] {logging_mixin.py:154} INFO - [2023-12-16T19:44:42.059+0000] {dag.py:3722} INFO - Setting next_dagrun for example_xcom to 2021-01-01T00:00:00+00:00, run_after=2021-01-01T00:00:00+00:00
[2023-12-16T19:44:42.209+0000] {processor.py:179} INFO - Processing /home/airflow/.local/lib/python3.8/site-packages/airflow/example_dags/example_xcom.py took 0.558 seconds
[2023-12-16T19:45:19.528+0000] {processor.py:157} INFO - Started process (PID=193) to work on /home/airflow/.local/lib/python3.8/site-packages/airflow/example_dags/example_xcom.py
[2023-12-16T19:45:19.543+0000] {processor.py:829} INFO - Processing file /home/airflow/.local/lib/python3.8/site-packages/airflow/example_dags/example_xcom.py for tasks to queue
[2023-12-16T19:45:19.548+0000] {logging_mixin.py:154} INFO - [2023-12-16T19:45:19.547+0000] {dagbag.py:536} INFO - Filling up the DagBag from /home/airflow/.local/lib/python3.8/site-packages/airflow/example_dags/example_xcom.py
[2023-12-16T19:45:19.682+0000] {processor.py:839} INFO - DAG(s) dict_keys(['example_xcom']) retrieved from /home/airflow/.local/lib/python3.8/site-packages/airflow/example_dags/example_xcom.py
[2023-12-16T19:45:19.999+0000] {logging_mixin.py:154} INFO - [2023-12-16T19:45:19.999+0000] {dag.py:2941} INFO - Sync 1 DAGs
[2023-12-16T19:45:20.440+0000] {logging_mixin.py:154} INFO - [2023-12-16T19:45:20.440+0000] {dag.py:3722} INFO - Setting next_dagrun for example_xcom to 2021-01-01T00:00:00+00:00, run_after=2021-01-01T00:00:00+00:00
[2023-12-16T19:45:20.724+0000] {processor.py:179} INFO - Processing /home/airflow/.local/lib/python3.8/site-packages/airflow/example_dags/example_xcom.py took 1.266 seconds
[2023-12-16T20:04:47.349+0000] {processor.py:157} INFO - Started process (PID=142) to work on /home/airflow/.local/lib/python3.8/site-packages/airflow/example_dags/example_xcom.py
[2023-12-16T20:04:47.357+0000] {processor.py:829} INFO - Processing file /home/airflow/.local/lib/python3.8/site-packages/airflow/example_dags/example_xcom.py for tasks to queue
[2023-12-16T20:04:47.365+0000] {logging_mixin.py:154} INFO - [2023-12-16T20:04:47.364+0000] {dagbag.py:536} INFO - Filling up the DagBag from /home/airflow/.local/lib/python3.8/site-packages/airflow/example_dags/example_xcom.py
[2023-12-16T20:04:47.398+0000] {processor.py:839} INFO - DAG(s) dict_keys(['example_xcom']) retrieved from /home/airflow/.local/lib/python3.8/site-packages/airflow/example_dags/example_xcom.py
[2023-12-16T20:04:47.536+0000] {logging_mixin.py:154} INFO - [2023-12-16T20:04:47.535+0000] {dag.py:2941} INFO - Sync 1 DAGs
[2023-12-16T20:04:47.621+0000] {logging_mixin.py:154} INFO - [2023-12-16T20:04:47.621+0000] {dag.py:3722} INFO - Setting next_dagrun for example_xcom to 2021-01-01T00:00:00+00:00, run_after=2021-01-01T00:00:00+00:00
[2023-12-16T20:04:47.808+0000] {processor.py:179} INFO - Processing /home/airflow/.local/lib/python3.8/site-packages/airflow/example_dags/example_xcom.py took 0.481 seconds
[2023-12-16T20:05:28.040+0000] {processor.py:157} INFO - Started process (PID=211) to work on /home/airflow/.local/lib/python3.8/site-packages/airflow/example_dags/example_xcom.py
[2023-12-16T20:05:28.044+0000] {processor.py:829} INFO - Processing file /home/airflow/.local/lib/python3.8/site-packages/airflow/example_dags/example_xcom.py for tasks to queue
[2023-12-16T20:05:28.059+0000] {logging_mixin.py:154} INFO - [2023-12-16T20:05:28.058+0000] {dagbag.py:536} INFO - Filling up the DagBag from /home/airflow/.local/lib/python3.8/site-packages/airflow/example_dags/example_xcom.py
[2023-12-16T20:05:28.087+0000] {processor.py:839} INFO - DAG(s) dict_keys(['example_xcom']) retrieved from /home/airflow/.local/lib/python3.8/site-packages/airflow/example_dags/example_xcom.py
[2023-12-16T20:05:28.143+0000] {logging_mixin.py:154} INFO - [2023-12-16T20:05:28.142+0000] {dag.py:2941} INFO - Sync 1 DAGs
[2023-12-16T20:05:28.200+0000] {logging_mixin.py:154} INFO - [2023-12-16T20:05:28.200+0000] {dag.py:3722} INFO - Setting next_dagrun for example_xcom to 2021-01-01T00:00:00+00:00, run_after=2021-01-01T00:00:00+00:00
[2023-12-16T20:05:28.630+0000] {processor.py:179} INFO - Processing /home/airflow/.local/lib/python3.8/site-packages/airflow/example_dags/example_xcom.py took 0.648 seconds
[2023-12-16T20:05:59.982+0000] {processor.py:157} INFO - Started process (PID=279) to work on /home/airflow/.local/lib/python3.8/site-packages/airflow/example_dags/example_xcom.py
[2023-12-16T20:05:59.985+0000] {processor.py:829} INFO - Processing file /home/airflow/.local/lib/python3.8/site-packages/airflow/example_dags/example_xcom.py for tasks to queue
[2023-12-16T20:06:00.003+0000] {logging_mixin.py:154} INFO - [2023-12-16T20:06:00.002+0000] {dagbag.py:536} INFO - Filling up the DagBag from /home/airflow/.local/lib/python3.8/site-packages/airflow/example_dags/example_xcom.py
[2023-12-16T20:06:00.047+0000] {processor.py:839} INFO - DAG(s) dict_keys(['example_xcom']) retrieved from /home/airflow/.local/lib/python3.8/site-packages/airflow/example_dags/example_xcom.py
[2023-12-16T20:06:00.194+0000] {logging_mixin.py:154} INFO - [2023-12-16T20:06:00.193+0000] {dag.py:2941} INFO - Sync 1 DAGs
[2023-12-16T20:06:00.263+0000] {logging_mixin.py:154} INFO - [2023-12-16T20:06:00.262+0000] {dag.py:3722} INFO - Setting next_dagrun for example_xcom to 2021-01-01T00:00:00+00:00, run_after=2021-01-01T00:00:00+00:00
[2023-12-16T20:06:00.920+0000] {processor.py:179} INFO - Processing /home/airflow/.local/lib/python3.8/site-packages/airflow/example_dags/example_xcom.py took 0.946 seconds
[2023-12-16T20:20:58.997+0000] {processor.py:157} INFO - Started process (PID=80) to work on /home/airflow/.local/lib/python3.8/site-packages/airflow/example_dags/example_xcom.py
[2023-12-16T20:20:59.015+0000] {processor.py:829} INFO - Processing file /home/airflow/.local/lib/python3.8/site-packages/airflow/example_dags/example_xcom.py for tasks to queue
[2023-12-16T20:20:59.020+0000] {logging_mixin.py:154} INFO - [2023-12-16T20:20:59.020+0000] {dagbag.py:536} INFO - Filling up the DagBag from /home/airflow/.local/lib/python3.8/site-packages/airflow/example_dags/example_xcom.py
[2023-12-16T20:20:59.114+0000] {processor.py:839} INFO - DAG(s) dict_keys(['example_xcom']) retrieved from /home/airflow/.local/lib/python3.8/site-packages/airflow/example_dags/example_xcom.py
[2023-12-16T20:20:59.240+0000] {logging_mixin.py:154} INFO - [2023-12-16T20:20:59.239+0000] {dag.py:2941} INFO - Sync 1 DAGs
[2023-12-16T20:20:59.371+0000] {logging_mixin.py:154} INFO - [2023-12-16T20:20:59.370+0000] {dag.py:3722} INFO - Setting next_dagrun for example_xcom to 2021-01-01T00:00:00+00:00, run_after=2021-01-01T00:00:00+00:00
[2023-12-16T20:20:59.518+0000] {processor.py:179} INFO - Processing /home/airflow/.local/lib/python3.8/site-packages/airflow/example_dags/example_xcom.py took 0.555 seconds
[2023-12-16T20:21:30.043+0000] {processor.py:157} INFO - Started process (PID=133) to work on /home/airflow/.local/lib/python3.8/site-packages/airflow/example_dags/example_xcom.py
[2023-12-16T20:21:30.049+0000] {processor.py:829} INFO - Processing file /home/airflow/.local/lib/python3.8/site-packages/airflow/example_dags/example_xcom.py for tasks to queue
[2023-12-16T20:21:30.057+0000] {logging_mixin.py:154} INFO - [2023-12-16T20:21:30.056+0000] {dagbag.py:536} INFO - Filling up the DagBag from /home/airflow/.local/lib/python3.8/site-packages/airflow/example_dags/example_xcom.py
[2023-12-16T20:21:30.080+0000] {processor.py:839} INFO - DAG(s) dict_keys(['example_xcom']) retrieved from /home/airflow/.local/lib/python3.8/site-packages/airflow/example_dags/example_xcom.py
[2023-12-16T20:21:30.166+0000] {logging_mixin.py:154} INFO - [2023-12-16T20:21:30.165+0000] {dag.py:2941} INFO - Sync 1 DAGs
[2023-12-16T20:21:30.258+0000] {logging_mixin.py:154} INFO - [2023-12-16T20:21:30.258+0000] {dag.py:3722} INFO - Setting next_dagrun for example_xcom to 2021-01-01T00:00:00+00:00, run_after=2021-01-01T00:00:00+00:00
[2023-12-16T20:21:30.326+0000] {processor.py:179} INFO - Processing /home/airflow/.local/lib/python3.8/site-packages/airflow/example_dags/example_xcom.py took 0.292 seconds
[2023-12-16T20:31:35.823+0000] {processor.py:157} INFO - Started process (PID=82) to work on /home/airflow/.local/lib/python3.8/site-packages/airflow/example_dags/example_xcom.py
[2023-12-16T20:31:35.826+0000] {processor.py:829} INFO - Processing file /home/airflow/.local/lib/python3.8/site-packages/airflow/example_dags/example_xcom.py for tasks to queue
[2023-12-16T20:31:35.832+0000] {logging_mixin.py:154} INFO - [2023-12-16T20:31:35.831+0000] {dagbag.py:536} INFO - Filling up the DagBag from /home/airflow/.local/lib/python3.8/site-packages/airflow/example_dags/example_xcom.py
[2023-12-16T20:31:35.869+0000] {processor.py:839} INFO - DAG(s) dict_keys(['example_xcom']) retrieved from /home/airflow/.local/lib/python3.8/site-packages/airflow/example_dags/example_xcom.py
[2023-12-16T20:31:35.921+0000] {logging_mixin.py:154} INFO - [2023-12-16T20:31:35.920+0000] {dag.py:2941} INFO - Sync 1 DAGs
[2023-12-16T20:31:35.980+0000] {logging_mixin.py:154} INFO - [2023-12-16T20:31:35.979+0000] {dag.py:3722} INFO - Setting next_dagrun for example_xcom to 2021-01-01T00:00:00+00:00, run_after=2021-01-01T00:00:00+00:00
[2023-12-16T20:31:36.072+0000] {processor.py:179} INFO - Processing /home/airflow/.local/lib/python3.8/site-packages/airflow/example_dags/example_xcom.py took 0.257 seconds
[2023-12-16T20:32:06.326+0000] {processor.py:157} INFO - Started process (PID=134) to work on /home/airflow/.local/lib/python3.8/site-packages/airflow/example_dags/example_xcom.py
[2023-12-16T20:32:06.338+0000] {processor.py:829} INFO - Processing file /home/airflow/.local/lib/python3.8/site-packages/airflow/example_dags/example_xcom.py for tasks to queue
[2023-12-16T20:32:06.372+0000] {logging_mixin.py:154} INFO - [2023-12-16T20:32:06.371+0000] {dagbag.py:536} INFO - Filling up the DagBag from /home/airflow/.local/lib/python3.8/site-packages/airflow/example_dags/example_xcom.py
[2023-12-16T20:32:06.452+0000] {processor.py:839} INFO - DAG(s) dict_keys(['example_xcom']) retrieved from /home/airflow/.local/lib/python3.8/site-packages/airflow/example_dags/example_xcom.py
[2023-12-16T20:32:06.623+0000] {logging_mixin.py:154} INFO - [2023-12-16T20:32:06.623+0000] {dag.py:2941} INFO - Sync 1 DAGs
[2023-12-16T20:32:06.816+0000] {logging_mixin.py:154} INFO - [2023-12-16T20:32:06.815+0000] {dag.py:3722} INFO - Setting next_dagrun for example_xcom to 2021-01-01T00:00:00+00:00, run_after=2021-01-01T00:00:00+00:00
[2023-12-16T20:32:06.962+0000] {processor.py:179} INFO - Processing /home/airflow/.local/lib/python3.8/site-packages/airflow/example_dags/example_xcom.py took 0.645 seconds
[2023-12-16T20:34:37.401+0000] {processor.py:157} INFO - Started process (PID=73) to work on /home/airflow/.local/lib/python3.8/site-packages/airflow/example_dags/example_xcom.py
[2023-12-16T20:34:37.414+0000] {processor.py:829} INFO - Processing file /home/airflow/.local/lib/python3.8/site-packages/airflow/example_dags/example_xcom.py for tasks to queue
[2023-12-16T20:34:37.424+0000] {logging_mixin.py:154} INFO - [2023-12-16T20:34:37.424+0000] {dagbag.py:536} INFO - Filling up the DagBag from /home/airflow/.local/lib/python3.8/site-packages/airflow/example_dags/example_xcom.py
[2023-12-16T20:34:37.488+0000] {processor.py:839} INFO - DAG(s) dict_keys(['example_xcom']) retrieved from /home/airflow/.local/lib/python3.8/site-packages/airflow/example_dags/example_xcom.py
[2023-12-16T20:34:37.744+0000] {logging_mixin.py:154} INFO - [2023-12-16T20:34:37.742+0000] {dag.py:2941} INFO - Sync 1 DAGs
[2023-12-16T20:34:38.638+0000] {logging_mixin.py:154} INFO - [2023-12-16T20:34:38.638+0000] {dag.py:3722} INFO - Setting next_dagrun for example_xcom to 2021-01-01T00:00:00+00:00, run_after=2021-01-01T00:00:00+00:00
[2023-12-16T20:34:38.915+0000] {processor.py:179} INFO - Processing /home/airflow/.local/lib/python3.8/site-packages/airflow/example_dags/example_xcom.py took 1.545 seconds
[2023-12-16T20:35:24.762+0000] {processor.py:157} INFO - Started process (PID=127) to work on /home/airflow/.local/lib/python3.8/site-packages/airflow/example_dags/example_xcom.py
[2023-12-16T20:35:24.768+0000] {processor.py:829} INFO - Processing file /home/airflow/.local/lib/python3.8/site-packages/airflow/example_dags/example_xcom.py for tasks to queue
[2023-12-16T20:35:24.804+0000] {logging_mixin.py:154} INFO - [2023-12-16T20:35:24.803+0000] {dagbag.py:536} INFO - Filling up the DagBag from /home/airflow/.local/lib/python3.8/site-packages/airflow/example_dags/example_xcom.py
[2023-12-16T20:35:24.853+0000] {processor.py:839} INFO - DAG(s) dict_keys(['example_xcom']) retrieved from /home/airflow/.local/lib/python3.8/site-packages/airflow/example_dags/example_xcom.py
[2023-12-16T20:35:25.047+0000] {logging_mixin.py:154} INFO - [2023-12-16T20:35:25.046+0000] {dag.py:2941} INFO - Sync 1 DAGs
[2023-12-16T20:35:25.144+0000] {logging_mixin.py:154} INFO - [2023-12-16T20:35:25.143+0000] {dag.py:3722} INFO - Setting next_dagrun for example_xcom to 2021-01-01T00:00:00+00:00, run_after=2021-01-01T00:00:00+00:00
[2023-12-16T20:35:25.333+0000] {processor.py:179} INFO - Processing /home/airflow/.local/lib/python3.8/site-packages/airflow/example_dags/example_xcom.py took 0.589 seconds
[2023-12-16T21:01:06.705+0000] {processor.py:157} INFO - Started process (PID=81) to work on /home/airflow/.local/lib/python3.8/site-packages/airflow/example_dags/example_xcom.py
[2023-12-16T21:01:06.708+0000] {processor.py:829} INFO - Processing file /home/airflow/.local/lib/python3.8/site-packages/airflow/example_dags/example_xcom.py for tasks to queue
[2023-12-16T21:01:06.714+0000] {logging_mixin.py:154} INFO - [2023-12-16T21:01:06.713+0000] {dagbag.py:536} INFO - Filling up the DagBag from /home/airflow/.local/lib/python3.8/site-packages/airflow/example_dags/example_xcom.py
[2023-12-16T21:01:06.744+0000] {processor.py:839} INFO - DAG(s) dict_keys(['example_xcom']) retrieved from /home/airflow/.local/lib/python3.8/site-packages/airflow/example_dags/example_xcom.py
[2023-12-16T21:01:06.818+0000] {logging_mixin.py:154} INFO - [2023-12-16T21:01:06.818+0000] {dag.py:2941} INFO - Sync 1 DAGs
[2023-12-16T21:01:06.931+0000] {logging_mixin.py:154} INFO - [2023-12-16T21:01:06.930+0000] {dag.py:3722} INFO - Setting next_dagrun for example_xcom to 2021-01-01T00:00:00+00:00, run_after=2021-01-01T00:00:00+00:00
[2023-12-16T21:01:07.005+0000] {processor.py:179} INFO - Processing /home/airflow/.local/lib/python3.8/site-packages/airflow/example_dags/example_xcom.py took 0.310 seconds
[2023-12-16T21:01:38.909+0000] {processor.py:157} INFO - Started process (PID=135) to work on /home/airflow/.local/lib/python3.8/site-packages/airflow/example_dags/example_xcom.py
[2023-12-16T21:01:38.929+0000] {processor.py:829} INFO - Processing file /home/airflow/.local/lib/python3.8/site-packages/airflow/example_dags/example_xcom.py for tasks to queue
[2023-12-16T21:01:38.947+0000] {logging_mixin.py:154} INFO - [2023-12-16T21:01:38.946+0000] {dagbag.py:536} INFO - Filling up the DagBag from /home/airflow/.local/lib/python3.8/site-packages/airflow/example_dags/example_xcom.py
[2023-12-16T21:01:39.003+0000] {processor.py:839} INFO - DAG(s) dict_keys(['example_xcom']) retrieved from /home/airflow/.local/lib/python3.8/site-packages/airflow/example_dags/example_xcom.py
[2023-12-16T21:01:39.143+0000] {logging_mixin.py:154} INFO - [2023-12-16T21:01:39.142+0000] {dag.py:2941} INFO - Sync 1 DAGs
[2023-12-16T21:01:39.287+0000] {logging_mixin.py:154} INFO - [2023-12-16T21:01:39.287+0000] {dag.py:3722} INFO - Setting next_dagrun for example_xcom to 2021-01-01T00:00:00+00:00, run_after=2021-01-01T00:00:00+00:00
[2023-12-16T21:01:39.366+0000] {processor.py:179} INFO - Processing /home/airflow/.local/lib/python3.8/site-packages/airflow/example_dags/example_xcom.py took 0.483 seconds
[2023-12-16T21:02:10.500+0000] {processor.py:157} INFO - Started process (PID=189) to work on /home/airflow/.local/lib/python3.8/site-packages/airflow/example_dags/example_xcom.py
[2023-12-16T21:02:10.541+0000] {processor.py:829} INFO - Processing file /home/airflow/.local/lib/python3.8/site-packages/airflow/example_dags/example_xcom.py for tasks to queue
[2023-12-16T21:02:10.553+0000] {logging_mixin.py:154} INFO - [2023-12-16T21:02:10.552+0000] {dagbag.py:536} INFO - Filling up the DagBag from /home/airflow/.local/lib/python3.8/site-packages/airflow/example_dags/example_xcom.py
[2023-12-16T21:02:10.644+0000] {processor.py:839} INFO - DAG(s) dict_keys(['example_xcom']) retrieved from /home/airflow/.local/lib/python3.8/site-packages/airflow/example_dags/example_xcom.py
[2023-12-16T21:02:10.868+0000] {logging_mixin.py:154} INFO - [2023-12-16T21:02:10.868+0000] {dag.py:2941} INFO - Sync 1 DAGs
[2023-12-16T21:02:11.171+0000] {logging_mixin.py:154} INFO - [2023-12-16T21:02:11.170+0000] {dag.py:3722} INFO - Setting next_dagrun for example_xcom to 2021-01-01T00:00:00+00:00, run_after=2021-01-01T00:00:00+00:00
[2023-12-16T21:02:11.453+0000] {processor.py:179} INFO - Processing /home/airflow/.local/lib/python3.8/site-packages/airflow/example_dags/example_xcom.py took 0.991 seconds
[2023-12-16T21:07:10.757+0000] {processor.py:157} INFO - Started process (PID=75) to work on /home/airflow/.local/lib/python3.8/site-packages/airflow/example_dags/example_xcom.py
[2023-12-16T21:07:10.762+0000] {processor.py:829} INFO - Processing file /home/airflow/.local/lib/python3.8/site-packages/airflow/example_dags/example_xcom.py for tasks to queue
[2023-12-16T21:07:10.772+0000] {logging_mixin.py:154} INFO - [2023-12-16T21:07:10.771+0000] {dagbag.py:536} INFO - Filling up the DagBag from /home/airflow/.local/lib/python3.8/site-packages/airflow/example_dags/example_xcom.py
[2023-12-16T21:07:10.824+0000] {processor.py:839} INFO - DAG(s) dict_keys(['example_xcom']) retrieved from /home/airflow/.local/lib/python3.8/site-packages/airflow/example_dags/example_xcom.py
[2023-12-16T21:07:10.903+0000] {logging_mixin.py:154} INFO - [2023-12-16T21:07:10.901+0000] {dag.py:2941} INFO - Sync 1 DAGs
[2023-12-16T21:07:11.031+0000] {logging_mixin.py:154} INFO - [2023-12-16T21:07:11.030+0000] {dag.py:3722} INFO - Setting next_dagrun for example_xcom to 2021-01-01T00:00:00+00:00, run_after=2021-01-01T00:00:00+00:00
[2023-12-16T21:07:11.088+0000] {processor.py:179} INFO - Processing /home/airflow/.local/lib/python3.8/site-packages/airflow/example_dags/example_xcom.py took 0.338 seconds
[2023-12-16T21:07:41.337+0000] {processor.py:157} INFO - Started process (PID=129) to work on /home/airflow/.local/lib/python3.8/site-packages/airflow/example_dags/example_xcom.py
[2023-12-16T21:07:41.340+0000] {processor.py:829} INFO - Processing file /home/airflow/.local/lib/python3.8/site-packages/airflow/example_dags/example_xcom.py for tasks to queue
[2023-12-16T21:07:41.357+0000] {logging_mixin.py:154} INFO - [2023-12-16T21:07:41.356+0000] {dagbag.py:536} INFO - Filling up the DagBag from /home/airflow/.local/lib/python3.8/site-packages/airflow/example_dags/example_xcom.py
[2023-12-16T21:07:41.394+0000] {processor.py:839} INFO - DAG(s) dict_keys(['example_xcom']) retrieved from /home/airflow/.local/lib/python3.8/site-packages/airflow/example_dags/example_xcom.py
[2023-12-16T21:07:41.592+0000] {logging_mixin.py:154} INFO - [2023-12-16T21:07:41.591+0000] {dag.py:2941} INFO - Sync 1 DAGs
[2023-12-16T21:07:41.933+0000] {logging_mixin.py:154} INFO - [2023-12-16T21:07:41.932+0000] {dag.py:3722} INFO - Setting next_dagrun for example_xcom to 2021-01-01T00:00:00+00:00, run_after=2021-01-01T00:00:00+00:00
[2023-12-16T21:07:42.077+0000] {processor.py:179} INFO - Processing /home/airflow/.local/lib/python3.8/site-packages/airflow/example_dags/example_xcom.py took 0.747 seconds
[2023-12-16T21:08:12.819+0000] {processor.py:157} INFO - Started process (PID=184) to work on /home/airflow/.local/lib/python3.8/site-packages/airflow/example_dags/example_xcom.py
[2023-12-16T21:08:12.821+0000] {processor.py:829} INFO - Processing file /home/airflow/.local/lib/python3.8/site-packages/airflow/example_dags/example_xcom.py for tasks to queue
[2023-12-16T21:08:12.826+0000] {logging_mixin.py:154} INFO - [2023-12-16T21:08:12.825+0000] {dagbag.py:536} INFO - Filling up the DagBag from /home/airflow/.local/lib/python3.8/site-packages/airflow/example_dags/example_xcom.py
[2023-12-16T21:08:12.844+0000] {processor.py:839} INFO - DAG(s) dict_keys(['example_xcom']) retrieved from /home/airflow/.local/lib/python3.8/site-packages/airflow/example_dags/example_xcom.py
[2023-12-16T21:08:12.901+0000] {logging_mixin.py:154} INFO - [2023-12-16T21:08:12.901+0000] {dag.py:2941} INFO - Sync 1 DAGs
[2023-12-16T21:08:12.990+0000] {logging_mixin.py:154} INFO - [2023-12-16T21:08:12.990+0000] {dag.py:3722} INFO - Setting next_dagrun for example_xcom to 2021-01-01T00:00:00+00:00, run_after=2021-01-01T00:00:00+00:00
[2023-12-16T21:08:13.061+0000] {processor.py:179} INFO - Processing /home/airflow/.local/lib/python3.8/site-packages/airflow/example_dags/example_xcom.py took 0.251 seconds
[2023-12-16T21:08:43.443+0000] {processor.py:157} INFO - Started process (PID=237) to work on /home/airflow/.local/lib/python3.8/site-packages/airflow/example_dags/example_xcom.py
[2023-12-16T21:08:43.446+0000] {processor.py:829} INFO - Processing file /home/airflow/.local/lib/python3.8/site-packages/airflow/example_dags/example_xcom.py for tasks to queue
[2023-12-16T21:08:43.452+0000] {logging_mixin.py:154} INFO - [2023-12-16T21:08:43.452+0000] {dagbag.py:536} INFO - Filling up the DagBag from /home/airflow/.local/lib/python3.8/site-packages/airflow/example_dags/example_xcom.py
[2023-12-16T21:08:43.473+0000] {processor.py:839} INFO - DAG(s) dict_keys(['example_xcom']) retrieved from /home/airflow/.local/lib/python3.8/site-packages/airflow/example_dags/example_xcom.py
[2023-12-16T21:08:43.589+0000] {logging_mixin.py:154} INFO - [2023-12-16T21:08:43.589+0000] {dag.py:2941} INFO - Sync 1 DAGs
[2023-12-16T21:08:43.698+0000] {logging_mixin.py:154} INFO - [2023-12-16T21:08:43.697+0000] {dag.py:3722} INFO - Setting next_dagrun for example_xcom to 2021-01-01T00:00:00+00:00, run_after=2021-01-01T00:00:00+00:00
[2023-12-16T21:08:43.749+0000] {processor.py:179} INFO - Processing /home/airflow/.local/lib/python3.8/site-packages/airflow/example_dags/example_xcom.py took 0.315 seconds
[2023-12-16T21:09:14.247+0000] {processor.py:157} INFO - Started process (PID=291) to work on /home/airflow/.local/lib/python3.8/site-packages/airflow/example_dags/example_xcom.py
[2023-12-16T21:09:14.249+0000] {processor.py:829} INFO - Processing file /home/airflow/.local/lib/python3.8/site-packages/airflow/example_dags/example_xcom.py for tasks to queue
[2023-12-16T21:09:14.253+0000] {logging_mixin.py:154} INFO - [2023-12-16T21:09:14.253+0000] {dagbag.py:536} INFO - Filling up the DagBag from /home/airflow/.local/lib/python3.8/site-packages/airflow/example_dags/example_xcom.py
[2023-12-16T21:09:14.266+0000] {processor.py:839} INFO - DAG(s) dict_keys(['example_xcom']) retrieved from /home/airflow/.local/lib/python3.8/site-packages/airflow/example_dags/example_xcom.py
[2023-12-16T21:09:14.303+0000] {logging_mixin.py:154} INFO - [2023-12-16T21:09:14.302+0000] {dag.py:2941} INFO - Sync 1 DAGs
[2023-12-16T21:09:14.349+0000] {logging_mixin.py:154} INFO - [2023-12-16T21:09:14.348+0000] {dag.py:3722} INFO - Setting next_dagrun for example_xcom to 2021-01-01T00:00:00+00:00, run_after=2021-01-01T00:00:00+00:00
[2023-12-16T21:09:14.414+0000] {processor.py:179} INFO - Processing /home/airflow/.local/lib/python3.8/site-packages/airflow/example_dags/example_xcom.py took 0.173 seconds
[2023-12-16T21:09:44.852+0000] {processor.py:157} INFO - Started process (PID=345) to work on /home/airflow/.local/lib/python3.8/site-packages/airflow/example_dags/example_xcom.py
[2023-12-16T21:09:44.862+0000] {processor.py:829} INFO - Processing file /home/airflow/.local/lib/python3.8/site-packages/airflow/example_dags/example_xcom.py for tasks to queue
[2023-12-16T21:09:44.867+0000] {logging_mixin.py:154} INFO - [2023-12-16T21:09:44.867+0000] {dagbag.py:536} INFO - Filling up the DagBag from /home/airflow/.local/lib/python3.8/site-packages/airflow/example_dags/example_xcom.py
[2023-12-16T21:09:44.902+0000] {processor.py:839} INFO - DAG(s) dict_keys(['example_xcom']) retrieved from /home/airflow/.local/lib/python3.8/site-packages/airflow/example_dags/example_xcom.py
[2023-12-16T21:09:45.023+0000] {logging_mixin.py:154} INFO - [2023-12-16T21:09:45.023+0000] {dag.py:2941} INFO - Sync 1 DAGs
[2023-12-16T21:09:45.196+0000] {logging_mixin.py:154} INFO - [2023-12-16T21:09:45.196+0000] {dag.py:3722} INFO - Setting next_dagrun for example_xcom to 2021-01-01T00:00:00+00:00, run_after=2021-01-01T00:00:00+00:00
[2023-12-16T21:09:45.801+0000] {processor.py:179} INFO - Processing /home/airflow/.local/lib/python3.8/site-packages/airflow/example_dags/example_xcom.py took 0.962 seconds
[2023-12-16T21:10:15.983+0000] {processor.py:157} INFO - Started process (PID=399) to work on /home/airflow/.local/lib/python3.8/site-packages/airflow/example_dags/example_xcom.py
[2023-12-16T21:10:15.987+0000] {processor.py:829} INFO - Processing file /home/airflow/.local/lib/python3.8/site-packages/airflow/example_dags/example_xcom.py for tasks to queue
[2023-12-16T21:10:15.992+0000] {logging_mixin.py:154} INFO - [2023-12-16T21:10:15.991+0000] {dagbag.py:536} INFO - Filling up the DagBag from /home/airflow/.local/lib/python3.8/site-packages/airflow/example_dags/example_xcom.py
[2023-12-16T21:10:16.014+0000] {processor.py:839} INFO - DAG(s) dict_keys(['example_xcom']) retrieved from /home/airflow/.local/lib/python3.8/site-packages/airflow/example_dags/example_xcom.py
[2023-12-16T21:10:16.069+0000] {logging_mixin.py:154} INFO - [2023-12-16T21:10:16.069+0000] {dag.py:2941} INFO - Sync 1 DAGs
[2023-12-16T21:10:16.121+0000] {logging_mixin.py:154} INFO - [2023-12-16T21:10:16.120+0000] {dag.py:3722} INFO - Setting next_dagrun for example_xcom to 2021-01-01T00:00:00+00:00, run_after=2021-01-01T00:00:00+00:00
[2023-12-16T21:10:16.151+0000] {processor.py:179} INFO - Processing /home/airflow/.local/lib/python3.8/site-packages/airflow/example_dags/example_xcom.py took 0.177 seconds
[2023-12-16T21:10:46.386+0000] {processor.py:157} INFO - Started process (PID=454) to work on /home/airflow/.local/lib/python3.8/site-packages/airflow/example_dags/example_xcom.py
[2023-12-16T21:10:46.392+0000] {processor.py:829} INFO - Processing file /home/airflow/.local/lib/python3.8/site-packages/airflow/example_dags/example_xcom.py for tasks to queue
[2023-12-16T21:10:46.403+0000] {logging_mixin.py:154} INFO - [2023-12-16T21:10:46.403+0000] {dagbag.py:536} INFO - Filling up the DagBag from /home/airflow/.local/lib/python3.8/site-packages/airflow/example_dags/example_xcom.py
[2023-12-16T21:10:46.454+0000] {processor.py:839} INFO - DAG(s) dict_keys(['example_xcom']) retrieved from /home/airflow/.local/lib/python3.8/site-packages/airflow/example_dags/example_xcom.py
[2023-12-16T21:10:46.575+0000] {logging_mixin.py:154} INFO - [2023-12-16T21:10:46.575+0000] {dag.py:2941} INFO - Sync 1 DAGs
[2023-12-16T21:10:46.662+0000] {logging_mixin.py:154} INFO - [2023-12-16T21:10:46.662+0000] {dag.py:3722} INFO - Setting next_dagrun for example_xcom to 2021-01-01T00:00:00+00:00, run_after=2021-01-01T00:00:00+00:00
[2023-12-16T21:10:46.838+0000] {processor.py:179} INFO - Processing /home/airflow/.local/lib/python3.8/site-packages/airflow/example_dags/example_xcom.py took 0.473 seconds
[2023-12-16T21:11:17.049+0000] {processor.py:157} INFO - Started process (PID=508) to work on /home/airflow/.local/lib/python3.8/site-packages/airflow/example_dags/example_xcom.py
[2023-12-16T21:11:17.050+0000] {processor.py:829} INFO - Processing file /home/airflow/.local/lib/python3.8/site-packages/airflow/example_dags/example_xcom.py for tasks to queue
[2023-12-16T21:11:17.056+0000] {logging_mixin.py:154} INFO - [2023-12-16T21:11:17.055+0000] {dagbag.py:536} INFO - Filling up the DagBag from /home/airflow/.local/lib/python3.8/site-packages/airflow/example_dags/example_xcom.py
[2023-12-16T21:11:17.067+0000] {processor.py:839} INFO - DAG(s) dict_keys(['example_xcom']) retrieved from /home/airflow/.local/lib/python3.8/site-packages/airflow/example_dags/example_xcom.py
[2023-12-16T21:11:17.110+0000] {logging_mixin.py:154} INFO - [2023-12-16T21:11:17.110+0000] {dag.py:2941} INFO - Sync 1 DAGs
[2023-12-16T21:11:17.151+0000] {logging_mixin.py:154} INFO - [2023-12-16T21:11:17.151+0000] {dag.py:3722} INFO - Setting next_dagrun for example_xcom to 2021-01-01T00:00:00+00:00, run_after=2021-01-01T00:00:00+00:00
[2023-12-16T21:11:17.183+0000] {processor.py:179} INFO - Processing /home/airflow/.local/lib/python3.8/site-packages/airflow/example_dags/example_xcom.py took 0.140 seconds
[2023-12-16T21:11:47.359+0000] {processor.py:157} INFO - Started process (PID=562) to work on /home/airflow/.local/lib/python3.8/site-packages/airflow/example_dags/example_xcom.py
[2023-12-16T21:11:47.362+0000] {processor.py:829} INFO - Processing file /home/airflow/.local/lib/python3.8/site-packages/airflow/example_dags/example_xcom.py for tasks to queue
[2023-12-16T21:11:47.367+0000] {logging_mixin.py:154} INFO - [2023-12-16T21:11:47.367+0000] {dagbag.py:536} INFO - Filling up the DagBag from /home/airflow/.local/lib/python3.8/site-packages/airflow/example_dags/example_xcom.py
[2023-12-16T21:11:47.384+0000] {processor.py:839} INFO - DAG(s) dict_keys(['example_xcom']) retrieved from /home/airflow/.local/lib/python3.8/site-packages/airflow/example_dags/example_xcom.py
[2023-12-16T21:11:47.423+0000] {logging_mixin.py:154} INFO - [2023-12-16T21:11:47.422+0000] {dag.py:2941} INFO - Sync 1 DAGs
[2023-12-16T21:11:47.467+0000] {logging_mixin.py:154} INFO - [2023-12-16T21:11:47.466+0000] {dag.py:3722} INFO - Setting next_dagrun for example_xcom to 2021-01-01T00:00:00+00:00, run_after=2021-01-01T00:00:00+00:00
[2023-12-16T21:11:47.508+0000] {processor.py:179} INFO - Processing /home/airflow/.local/lib/python3.8/site-packages/airflow/example_dags/example_xcom.py took 0.155 seconds
[2023-12-16T21:12:18.297+0000] {processor.py:157} INFO - Started process (PID=616) to work on /home/airflow/.local/lib/python3.8/site-packages/airflow/example_dags/example_xcom.py
[2023-12-16T21:12:18.307+0000] {processor.py:829} INFO - Processing file /home/airflow/.local/lib/python3.8/site-packages/airflow/example_dags/example_xcom.py for tasks to queue
[2023-12-16T21:12:18.323+0000] {logging_mixin.py:154} INFO - [2023-12-16T21:12:18.322+0000] {dagbag.py:536} INFO - Filling up the DagBag from /home/airflow/.local/lib/python3.8/site-packages/airflow/example_dags/example_xcom.py
[2023-12-16T21:12:18.367+0000] {processor.py:839} INFO - DAG(s) dict_keys(['example_xcom']) retrieved from /home/airflow/.local/lib/python3.8/site-packages/airflow/example_dags/example_xcom.py
[2023-12-16T21:12:18.456+0000] {logging_mixin.py:154} INFO - [2023-12-16T21:12:18.456+0000] {dag.py:2941} INFO - Sync 1 DAGs
[2023-12-16T21:12:18.508+0000] {logging_mixin.py:154} INFO - [2023-12-16T21:12:18.507+0000] {dag.py:3722} INFO - Setting next_dagrun for example_xcom to 2021-01-01T00:00:00+00:00, run_after=2021-01-01T00:00:00+00:00
[2023-12-16T21:12:18.565+0000] {processor.py:179} INFO - Processing /home/airflow/.local/lib/python3.8/site-packages/airflow/example_dags/example_xcom.py took 0.277 seconds
[2023-12-16T21:12:49.013+0000] {processor.py:157} INFO - Started process (PID=670) to work on /home/airflow/.local/lib/python3.8/site-packages/airflow/example_dags/example_xcom.py
[2023-12-16T21:12:49.016+0000] {processor.py:829} INFO - Processing file /home/airflow/.local/lib/python3.8/site-packages/airflow/example_dags/example_xcom.py for tasks to queue
[2023-12-16T21:12:49.030+0000] {logging_mixin.py:154} INFO - [2023-12-16T21:12:49.029+0000] {dagbag.py:536} INFO - Filling up the DagBag from /home/airflow/.local/lib/python3.8/site-packages/airflow/example_dags/example_xcom.py
[2023-12-16T21:12:49.070+0000] {processor.py:839} INFO - DAG(s) dict_keys(['example_xcom']) retrieved from /home/airflow/.local/lib/python3.8/site-packages/airflow/example_dags/example_xcom.py
[2023-12-16T21:12:49.182+0000] {logging_mixin.py:154} INFO - [2023-12-16T21:12:49.182+0000] {dag.py:2941} INFO - Sync 1 DAGs
[2023-12-16T21:12:49.252+0000] {logging_mixin.py:154} INFO - [2023-12-16T21:12:49.251+0000] {dag.py:3722} INFO - Setting next_dagrun for example_xcom to 2021-01-01T00:00:00+00:00, run_after=2021-01-01T00:00:00+00:00
[2023-12-16T21:12:49.296+0000] {processor.py:179} INFO - Processing /home/airflow/.local/lib/python3.8/site-packages/airflow/example_dags/example_xcom.py took 0.296 seconds
