[2023-12-16T19:22:05.681+0000] {processor.py:157} INFO - Started process (PID=64) to work on /home/airflow/.local/lib/python3.8/site-packages/airflow/example_dags/tutorial_dag.py
[2023-12-16T19:22:05.693+0000] {processor.py:829} INFO - Processing file /home/airflow/.local/lib/python3.8/site-packages/airflow/example_dags/tutorial_dag.py for tasks to queue
[2023-12-16T19:22:05.716+0000] {logging_mixin.py:154} INFO - [2023-12-16T19:22:05.715+0000] {dagbag.py:536} INFO - Filling up the DagBag from /home/airflow/.local/lib/python3.8/site-packages/airflow/example_dags/tutorial_dag.py
[2023-12-16T19:22:05.778+0000] {processor.py:839} INFO - DAG(s) dict_keys(['tutorial_dag']) retrieved from /home/airflow/.local/lib/python3.8/site-packages/airflow/example_dags/tutorial_dag.py
[2023-12-16T19:22:06.243+0000] {logging_mixin.py:154} INFO - [2023-12-16T19:22:06.241+0000] {dag.py:2941} INFO - Sync 1 DAGs
[2023-12-16T19:22:06.405+0000] {logging_mixin.py:154} INFO - [2023-12-16T19:22:06.405+0000] {dag.py:3722} INFO - Setting next_dagrun for tutorial_dag to None, run_after=None
[2023-12-16T19:22:06.675+0000] {processor.py:179} INFO - Processing /home/airflow/.local/lib/python3.8/site-packages/airflow/example_dags/tutorial_dag.py took 1.035 seconds
[2023-12-16T19:23:25.431+0000] {processor.py:157} INFO - Started process (PID=124) to work on /home/airflow/.local/lib/python3.8/site-packages/airflow/example_dags/tutorial_dag.py
[2023-12-16T19:23:25.437+0000] {processor.py:829} INFO - Processing file /home/airflow/.local/lib/python3.8/site-packages/airflow/example_dags/tutorial_dag.py for tasks to queue
[2023-12-16T19:23:25.458+0000] {logging_mixin.py:154} INFO - [2023-12-16T19:23:25.457+0000] {dagbag.py:536} INFO - Filling up the DagBag from /home/airflow/.local/lib/python3.8/site-packages/airflow/example_dags/tutorial_dag.py
[2023-12-16T19:23:25.508+0000] {processor.py:839} INFO - DAG(s) dict_keys(['tutorial_dag']) retrieved from /home/airflow/.local/lib/python3.8/site-packages/airflow/example_dags/tutorial_dag.py
[2023-12-16T19:23:25.639+0000] {logging_mixin.py:154} INFO - [2023-12-16T19:23:25.638+0000] {dag.py:2941} INFO - Sync 1 DAGs
[2023-12-16T19:23:25.820+0000] {logging_mixin.py:154} INFO - [2023-12-16T19:23:25.819+0000] {dag.py:3722} INFO - Setting next_dagrun for tutorial_dag to None, run_after=None
[2023-12-16T19:23:25.991+0000] {processor.py:179} INFO - Processing /home/airflow/.local/lib/python3.8/site-packages/airflow/example_dags/tutorial_dag.py took 0.575 seconds
[2023-12-16T19:23:56.430+0000] {processor.py:157} INFO - Started process (PID=176) to work on /home/airflow/.local/lib/python3.8/site-packages/airflow/example_dags/tutorial_dag.py
[2023-12-16T19:23:56.432+0000] {processor.py:829} INFO - Processing file /home/airflow/.local/lib/python3.8/site-packages/airflow/example_dags/tutorial_dag.py for tasks to queue
[2023-12-16T19:23:56.438+0000] {logging_mixin.py:154} INFO - [2023-12-16T19:23:56.437+0000] {dagbag.py:536} INFO - Filling up the DagBag from /home/airflow/.local/lib/python3.8/site-packages/airflow/example_dags/tutorial_dag.py
[2023-12-16T19:23:56.449+0000] {processor.py:839} INFO - DAG(s) dict_keys(['tutorial_dag']) retrieved from /home/airflow/.local/lib/python3.8/site-packages/airflow/example_dags/tutorial_dag.py
[2023-12-16T19:23:56.497+0000] {logging_mixin.py:154} INFO - [2023-12-16T19:23:56.497+0000] {dag.py:2941} INFO - Sync 1 DAGs
[2023-12-16T19:23:56.528+0000] {logging_mixin.py:154} INFO - [2023-12-16T19:23:56.528+0000] {dag.py:3722} INFO - Setting next_dagrun for tutorial_dag to None, run_after=None
[2023-12-16T19:23:56.591+0000] {processor.py:179} INFO - Processing /home/airflow/.local/lib/python3.8/site-packages/airflow/example_dags/tutorial_dag.py took 0.169 seconds
[2023-12-16T19:35:51.526+0000] {processor.py:157} INFO - Started process (PID=71) to work on /home/airflow/.local/lib/python3.8/site-packages/airflow/example_dags/tutorial_dag.py
[2023-12-16T19:35:51.541+0000] {processor.py:829} INFO - Processing file /home/airflow/.local/lib/python3.8/site-packages/airflow/example_dags/tutorial_dag.py for tasks to queue
[2023-12-16T19:35:51.554+0000] {logging_mixin.py:154} INFO - [2023-12-16T19:35:51.553+0000] {dagbag.py:536} INFO - Filling up the DagBag from /home/airflow/.local/lib/python3.8/site-packages/airflow/example_dags/tutorial_dag.py
[2023-12-16T19:35:51.608+0000] {processor.py:839} INFO - DAG(s) dict_keys(['tutorial_dag']) retrieved from /home/airflow/.local/lib/python3.8/site-packages/airflow/example_dags/tutorial_dag.py
[2023-12-16T19:35:51.709+0000] {logging_mixin.py:154} INFO - [2023-12-16T19:35:51.709+0000] {dag.py:2941} INFO - Sync 1 DAGs
[2023-12-16T19:35:51.770+0000] {logging_mixin.py:154} INFO - [2023-12-16T19:35:51.770+0000] {dag.py:3722} INFO - Setting next_dagrun for tutorial_dag to None, run_after=None
[2023-12-16T19:35:51.953+0000] {processor.py:179} INFO - Processing /home/airflow/.local/lib/python3.8/site-packages/airflow/example_dags/tutorial_dag.py took 0.435 seconds
[2023-12-16T19:36:44.522+0000] {processor.py:157} INFO - Started process (PID=131) to work on /home/airflow/.local/lib/python3.8/site-packages/airflow/example_dags/tutorial_dag.py
[2023-12-16T19:36:44.536+0000] {processor.py:829} INFO - Processing file /home/airflow/.local/lib/python3.8/site-packages/airflow/example_dags/tutorial_dag.py for tasks to queue
[2023-12-16T19:36:44.563+0000] {logging_mixin.py:154} INFO - [2023-12-16T19:36:44.554+0000] {dagbag.py:536} INFO - Filling up the DagBag from /home/airflow/.local/lib/python3.8/site-packages/airflow/example_dags/tutorial_dag.py
[2023-12-16T19:36:44.760+0000] {processor.py:839} INFO - DAG(s) dict_keys(['tutorial_dag']) retrieved from /home/airflow/.local/lib/python3.8/site-packages/airflow/example_dags/tutorial_dag.py
[2023-12-16T19:36:44.953+0000] {logging_mixin.py:154} INFO - [2023-12-16T19:36:44.953+0000] {dag.py:2941} INFO - Sync 1 DAGs
[2023-12-16T19:36:44.998+0000] {logging_mixin.py:154} INFO - [2023-12-16T19:36:44.998+0000] {dag.py:3722} INFO - Setting next_dagrun for tutorial_dag to None, run_after=None
[2023-12-16T19:36:45.244+0000] {processor.py:179} INFO - Processing /home/airflow/.local/lib/python3.8/site-packages/airflow/example_dags/tutorial_dag.py took 0.760 seconds
[2023-12-16T19:37:18.383+0000] {processor.py:157} INFO - Started process (PID=185) to work on /home/airflow/.local/lib/python3.8/site-packages/airflow/example_dags/tutorial_dag.py
[2023-12-16T19:37:18.386+0000] {processor.py:829} INFO - Processing file /home/airflow/.local/lib/python3.8/site-packages/airflow/example_dags/tutorial_dag.py for tasks to queue
[2023-12-16T19:37:18.404+0000] {logging_mixin.py:154} INFO - [2023-12-16T19:37:18.396+0000] {dagbag.py:536} INFO - Filling up the DagBag from /home/airflow/.local/lib/python3.8/site-packages/airflow/example_dags/tutorial_dag.py
[2023-12-16T19:37:18.442+0000] {processor.py:839} INFO - DAG(s) dict_keys(['tutorial_dag']) retrieved from /home/airflow/.local/lib/python3.8/site-packages/airflow/example_dags/tutorial_dag.py
[2023-12-16T19:37:18.688+0000] {logging_mixin.py:154} INFO - [2023-12-16T19:37:18.687+0000] {dag.py:2941} INFO - Sync 1 DAGs
[2023-12-16T19:37:18.831+0000] {logging_mixin.py:154} INFO - [2023-12-16T19:37:18.831+0000] {dag.py:3722} INFO - Setting next_dagrun for tutorial_dag to None, run_after=None
[2023-12-16T19:37:19.032+0000] {processor.py:179} INFO - Processing /home/airflow/.local/lib/python3.8/site-packages/airflow/example_dags/tutorial_dag.py took 0.668 seconds
[2023-12-16T19:43:48.204+0000] {processor.py:157} INFO - Started process (PID=71) to work on /home/airflow/.local/lib/python3.8/site-packages/airflow/example_dags/tutorial_dag.py
[2023-12-16T19:43:48.207+0000] {processor.py:829} INFO - Processing file /home/airflow/.local/lib/python3.8/site-packages/airflow/example_dags/tutorial_dag.py for tasks to queue
[2023-12-16T19:43:48.211+0000] {logging_mixin.py:154} INFO - [2023-12-16T19:43:48.209+0000] {dagbag.py:536} INFO - Filling up the DagBag from /home/airflow/.local/lib/python3.8/site-packages/airflow/example_dags/tutorial_dag.py
[2023-12-16T19:43:48.304+0000] {processor.py:839} INFO - DAG(s) dict_keys(['tutorial_dag']) retrieved from /home/airflow/.local/lib/python3.8/site-packages/airflow/example_dags/tutorial_dag.py
[2023-12-16T19:43:48.529+0000] {logging_mixin.py:154} INFO - [2023-12-16T19:43:48.528+0000] {dag.py:2941} INFO - Sync 1 DAGs
[2023-12-16T19:43:48.637+0000] {logging_mixin.py:154} INFO - [2023-12-16T19:43:48.637+0000] {dag.py:3722} INFO - Setting next_dagrun for tutorial_dag to None, run_after=None
[2023-12-16T19:43:48.915+0000] {processor.py:179} INFO - Processing /home/airflow/.local/lib/python3.8/site-packages/airflow/example_dags/tutorial_dag.py took 0.744 seconds
[2023-12-16T19:44:34.321+0000] {processor.py:157} INFO - Started process (PID=124) to work on /home/airflow/.local/lib/python3.8/site-packages/airflow/example_dags/tutorial_dag.py
[2023-12-16T19:44:34.326+0000] {processor.py:829} INFO - Processing file /home/airflow/.local/lib/python3.8/site-packages/airflow/example_dags/tutorial_dag.py for tasks to queue
[2023-12-16T19:44:34.332+0000] {logging_mixin.py:154} INFO - [2023-12-16T19:44:34.331+0000] {dagbag.py:536} INFO - Filling up the DagBag from /home/airflow/.local/lib/python3.8/site-packages/airflow/example_dags/tutorial_dag.py
[2023-12-16T19:44:34.366+0000] {processor.py:839} INFO - DAG(s) dict_keys(['tutorial_dag']) retrieved from /home/airflow/.local/lib/python3.8/site-packages/airflow/example_dags/tutorial_dag.py
[2023-12-16T19:44:34.517+0000] {logging_mixin.py:154} INFO - [2023-12-16T19:44:34.516+0000] {dag.py:2941} INFO - Sync 1 DAGs
[2023-12-16T19:44:34.646+0000] {logging_mixin.py:154} INFO - [2023-12-16T19:44:34.643+0000] {dag.py:3722} INFO - Setting next_dagrun for tutorial_dag to None, run_after=None
[2023-12-16T19:44:34.944+0000] {processor.py:179} INFO - Processing /home/airflow/.local/lib/python3.8/site-packages/airflow/example_dags/tutorial_dag.py took 0.693 seconds
[2023-12-16T19:45:10.756+0000] {processor.py:157} INFO - Started process (PID=178) to work on /home/airflow/.local/lib/python3.8/site-packages/airflow/example_dags/tutorial_dag.py
[2023-12-16T19:45:10.900+0000] {processor.py:829} INFO - Processing file /home/airflow/.local/lib/python3.8/site-packages/airflow/example_dags/tutorial_dag.py for tasks to queue
[2023-12-16T19:45:10.966+0000] {logging_mixin.py:154} INFO - [2023-12-16T19:45:10.966+0000] {dagbag.py:536} INFO - Filling up the DagBag from /home/airflow/.local/lib/python3.8/site-packages/airflow/example_dags/tutorial_dag.py
[2023-12-16T19:45:11.566+0000] {processor.py:839} INFO - DAG(s) dict_keys(['tutorial_dag']) retrieved from /home/airflow/.local/lib/python3.8/site-packages/airflow/example_dags/tutorial_dag.py
[2023-12-16T19:45:12.519+0000] {logging_mixin.py:154} INFO - [2023-12-16T19:45:12.519+0000] {dag.py:2941} INFO - Sync 1 DAGs
[2023-12-16T19:45:12.977+0000] {logging_mixin.py:154} INFO - [2023-12-16T19:45:12.977+0000] {dag.py:3722} INFO - Setting next_dagrun for tutorial_dag to None, run_after=None
[2023-12-16T19:45:13.407+0000] {processor.py:179} INFO - Processing /home/airflow/.local/lib/python3.8/site-packages/airflow/example_dags/tutorial_dag.py took 2.795 seconds
[2023-12-16T19:45:56.897+0000] {processor.py:157} INFO - Started process (PID=238) to work on /home/airflow/.local/lib/python3.8/site-packages/airflow/example_dags/tutorial_dag.py
[2023-12-16T19:45:56.902+0000] {processor.py:829} INFO - Processing file /home/airflow/.local/lib/python3.8/site-packages/airflow/example_dags/tutorial_dag.py for tasks to queue
[2023-12-16T19:45:56.916+0000] {logging_mixin.py:154} INFO - [2023-12-16T19:45:56.905+0000] {dagbag.py:536} INFO - Filling up the DagBag from /home/airflow/.local/lib/python3.8/site-packages/airflow/example_dags/tutorial_dag.py
[2023-12-16T19:45:57.123+0000] {processor.py:839} INFO - DAG(s) dict_keys(['tutorial_dag']) retrieved from /home/airflow/.local/lib/python3.8/site-packages/airflow/example_dags/tutorial_dag.py
[2023-12-16T20:04:45.080+0000] {processor.py:157} INFO - Started process (PID=133) to work on /home/airflow/.local/lib/python3.8/site-packages/airflow/example_dags/tutorial_dag.py
[2023-12-16T20:04:45.084+0000] {processor.py:829} INFO - Processing file /home/airflow/.local/lib/python3.8/site-packages/airflow/example_dags/tutorial_dag.py for tasks to queue
[2023-12-16T20:04:45.104+0000] {logging_mixin.py:154} INFO - [2023-12-16T20:04:45.103+0000] {dagbag.py:536} INFO - Filling up the DagBag from /home/airflow/.local/lib/python3.8/site-packages/airflow/example_dags/tutorial_dag.py
[2023-12-16T20:04:45.155+0000] {processor.py:839} INFO - DAG(s) dict_keys(['tutorial_dag']) retrieved from /home/airflow/.local/lib/python3.8/site-packages/airflow/example_dags/tutorial_dag.py
[2023-12-16T20:04:45.294+0000] {logging_mixin.py:154} INFO - [2023-12-16T20:04:45.293+0000] {dag.py:2941} INFO - Sync 1 DAGs
[2023-12-16T20:04:45.339+0000] {logging_mixin.py:154} INFO - [2023-12-16T20:04:45.338+0000] {dag.py:3722} INFO - Setting next_dagrun for tutorial_dag to None, run_after=None
[2023-12-16T20:04:45.420+0000] {processor.py:179} INFO - Processing /home/airflow/.local/lib/python3.8/site-packages/airflow/example_dags/tutorial_dag.py took 0.362 seconds
[2023-12-16T20:05:18.990+0000] {processor.py:157} INFO - Started process (PID=202) to work on /home/airflow/.local/lib/python3.8/site-packages/airflow/example_dags/tutorial_dag.py
[2023-12-16T20:05:18.999+0000] {processor.py:829} INFO - Processing file /home/airflow/.local/lib/python3.8/site-packages/airflow/example_dags/tutorial_dag.py for tasks to queue
[2023-12-16T20:05:19.026+0000] {logging_mixin.py:154} INFO - [2023-12-16T20:05:19.026+0000] {dagbag.py:536} INFO - Filling up the DagBag from /home/airflow/.local/lib/python3.8/site-packages/airflow/example_dags/tutorial_dag.py
[2023-12-16T20:05:19.064+0000] {processor.py:839} INFO - DAG(s) dict_keys(['tutorial_dag']) retrieved from /home/airflow/.local/lib/python3.8/site-packages/airflow/example_dags/tutorial_dag.py
[2023-12-16T20:05:19.232+0000] {logging_mixin.py:154} INFO - [2023-12-16T20:05:19.232+0000] {dag.py:2941} INFO - Sync 1 DAGs
[2023-12-16T20:05:19.412+0000] {logging_mixin.py:154} INFO - [2023-12-16T20:05:19.404+0000] {dag.py:3722} INFO - Setting next_dagrun for tutorial_dag to None, run_after=None
[2023-12-16T20:05:20.776+0000] {processor.py:179} INFO - Processing /home/airflow/.local/lib/python3.8/site-packages/airflow/example_dags/tutorial_dag.py took 1.794 seconds
[2023-12-16T20:05:51.157+0000] {processor.py:157} INFO - Started process (PID=270) to work on /home/airflow/.local/lib/python3.8/site-packages/airflow/example_dags/tutorial_dag.py
[2023-12-16T20:05:51.176+0000] {processor.py:829} INFO - Processing file /home/airflow/.local/lib/python3.8/site-packages/airflow/example_dags/tutorial_dag.py for tasks to queue
[2023-12-16T20:05:51.184+0000] {logging_mixin.py:154} INFO - [2023-12-16T20:05:51.184+0000] {dagbag.py:536} INFO - Filling up the DagBag from /home/airflow/.local/lib/python3.8/site-packages/airflow/example_dags/tutorial_dag.py
[2023-12-16T20:05:51.211+0000] {processor.py:839} INFO - DAG(s) dict_keys(['tutorial_dag']) retrieved from /home/airflow/.local/lib/python3.8/site-packages/airflow/example_dags/tutorial_dag.py
[2023-12-16T20:05:51.328+0000] {logging_mixin.py:154} INFO - [2023-12-16T20:05:51.326+0000] {dag.py:2941} INFO - Sync 1 DAGs
[2023-12-16T20:05:51.389+0000] {logging_mixin.py:154} INFO - [2023-12-16T20:05:51.389+0000] {dag.py:3722} INFO - Setting next_dagrun for tutorial_dag to None, run_after=None
[2023-12-16T20:05:51.465+0000] {processor.py:179} INFO - Processing /home/airflow/.local/lib/python3.8/site-packages/airflow/example_dags/tutorial_dag.py took 0.316 seconds
[2023-12-16T20:20:46.126+0000] {processor.py:157} INFO - Started process (PID=65) to work on /home/airflow/.local/lib/python3.8/site-packages/airflow/example_dags/tutorial_dag.py
[2023-12-16T20:20:46.173+0000] {processor.py:829} INFO - Processing file /home/airflow/.local/lib/python3.8/site-packages/airflow/example_dags/tutorial_dag.py for tasks to queue
[2023-12-16T20:20:46.207+0000] {logging_mixin.py:154} INFO - [2023-12-16T20:20:46.182+0000] {dagbag.py:536} INFO - Filling up the DagBag from /home/airflow/.local/lib/python3.8/site-packages/airflow/example_dags/tutorial_dag.py
[2023-12-16T20:20:46.359+0000] {processor.py:839} INFO - DAG(s) dict_keys(['tutorial_dag']) retrieved from /home/airflow/.local/lib/python3.8/site-packages/airflow/example_dags/tutorial_dag.py
[2023-12-16T20:20:46.774+0000] {logging_mixin.py:154} INFO - [2023-12-16T20:20:46.770+0000] {dag.py:2941} INFO - Sync 1 DAGs
[2023-12-16T20:20:47.366+0000] {logging_mixin.py:154} INFO - [2023-12-16T20:20:47.363+0000] {dag.py:3722} INFO - Setting next_dagrun for tutorial_dag to None, run_after=None
[2023-12-16T20:20:47.872+0000] {processor.py:179} INFO - Processing /home/airflow/.local/lib/python3.8/site-packages/airflow/example_dags/tutorial_dag.py took 1.797 seconds
[2023-12-16T20:21:19.979+0000] {processor.py:157} INFO - Started process (PID=118) to work on /home/airflow/.local/lib/python3.8/site-packages/airflow/example_dags/tutorial_dag.py
[2023-12-16T20:21:20.002+0000] {processor.py:829} INFO - Processing file /home/airflow/.local/lib/python3.8/site-packages/airflow/example_dags/tutorial_dag.py for tasks to queue
[2023-12-16T20:21:20.023+0000] {logging_mixin.py:154} INFO - [2023-12-16T20:21:20.022+0000] {dagbag.py:536} INFO - Filling up the DagBag from /home/airflow/.local/lib/python3.8/site-packages/airflow/example_dags/tutorial_dag.py
[2023-12-16T20:21:20.054+0000] {processor.py:839} INFO - DAG(s) dict_keys(['tutorial_dag']) retrieved from /home/airflow/.local/lib/python3.8/site-packages/airflow/example_dags/tutorial_dag.py
[2023-12-16T20:21:20.214+0000] {logging_mixin.py:154} INFO - [2023-12-16T20:21:20.214+0000] {dag.py:2941} INFO - Sync 1 DAGs
[2023-12-16T20:21:20.343+0000] {logging_mixin.py:154} INFO - [2023-12-16T20:21:20.343+0000] {dag.py:3722} INFO - Setting next_dagrun for tutorial_dag to None, run_after=None
[2023-12-16T20:21:20.460+0000] {processor.py:179} INFO - Processing /home/airflow/.local/lib/python3.8/site-packages/airflow/example_dags/tutorial_dag.py took 0.496 seconds
[2023-12-16T20:31:28.442+0000] {processor.py:157} INFO - Started process (PID=73) to work on /home/airflow/.local/lib/python3.8/site-packages/airflow/example_dags/tutorial_dag.py
[2023-12-16T20:31:28.447+0000] {processor.py:829} INFO - Processing file /home/airflow/.local/lib/python3.8/site-packages/airflow/example_dags/tutorial_dag.py for tasks to queue
[2023-12-16T20:31:28.463+0000] {logging_mixin.py:154} INFO - [2023-12-16T20:31:28.462+0000] {dagbag.py:536} INFO - Filling up the DagBag from /home/airflow/.local/lib/python3.8/site-packages/airflow/example_dags/tutorial_dag.py
[2023-12-16T20:31:28.496+0000] {processor.py:839} INFO - DAG(s) dict_keys(['tutorial_dag']) retrieved from /home/airflow/.local/lib/python3.8/site-packages/airflow/example_dags/tutorial_dag.py
[2023-12-16T20:31:28.552+0000] {logging_mixin.py:154} INFO - [2023-12-16T20:31:28.552+0000] {dag.py:2941} INFO - Sync 1 DAGs
[2023-12-16T20:31:28.627+0000] {logging_mixin.py:154} INFO - [2023-12-16T20:31:28.627+0000] {dag.py:3722} INFO - Setting next_dagrun for tutorial_dag to None, run_after=None
[2023-12-16T20:31:28.797+0000] {processor.py:179} INFO - Processing /home/airflow/.local/lib/python3.8/site-packages/airflow/example_dags/tutorial_dag.py took 0.365 seconds
[2023-12-16T20:31:59.022+0000] {processor.py:157} INFO - Started process (PID=119) to work on /home/airflow/.local/lib/python3.8/site-packages/airflow/example_dags/tutorial_dag.py
[2023-12-16T20:31:59.027+0000] {processor.py:829} INFO - Processing file /home/airflow/.local/lib/python3.8/site-packages/airflow/example_dags/tutorial_dag.py for tasks to queue
[2023-12-16T20:31:59.044+0000] {logging_mixin.py:154} INFO - [2023-12-16T20:31:59.039+0000] {dagbag.py:536} INFO - Filling up the DagBag from /home/airflow/.local/lib/python3.8/site-packages/airflow/example_dags/tutorial_dag.py
[2023-12-16T20:31:59.091+0000] {processor.py:839} INFO - DAG(s) dict_keys(['tutorial_dag']) retrieved from /home/airflow/.local/lib/python3.8/site-packages/airflow/example_dags/tutorial_dag.py
[2023-12-16T20:31:59.213+0000] {logging_mixin.py:154} INFO - [2023-12-16T20:31:59.212+0000] {dag.py:2941} INFO - Sync 1 DAGs
[2023-12-16T20:31:59.304+0000] {logging_mixin.py:154} INFO - [2023-12-16T20:31:59.303+0000] {dag.py:3722} INFO - Setting next_dagrun for tutorial_dag to None, run_after=None
[2023-12-16T20:31:59.455+0000] {processor.py:179} INFO - Processing /home/airflow/.local/lib/python3.8/site-packages/airflow/example_dags/tutorial_dag.py took 0.440 seconds
[2023-12-16T20:32:30.093+0000] {processor.py:157} INFO - Started process (PID=172) to work on /home/airflow/.local/lib/python3.8/site-packages/airflow/example_dags/tutorial_dag.py
[2023-12-16T20:32:30.103+0000] {processor.py:829} INFO - Processing file /home/airflow/.local/lib/python3.8/site-packages/airflow/example_dags/tutorial_dag.py for tasks to queue
[2023-12-16T20:32:30.144+0000] {logging_mixin.py:154} INFO - [2023-12-16T20:32:30.143+0000] {dagbag.py:536} INFO - Filling up the DagBag from /home/airflow/.local/lib/python3.8/site-packages/airflow/example_dags/tutorial_dag.py
[2023-12-16T20:32:30.187+0000] {processor.py:839} INFO - DAG(s) dict_keys(['tutorial_dag']) retrieved from /home/airflow/.local/lib/python3.8/site-packages/airflow/example_dags/tutorial_dag.py
[2023-12-16T20:32:30.355+0000] {logging_mixin.py:154} INFO - [2023-12-16T20:32:30.354+0000] {dag.py:2941} INFO - Sync 1 DAGs
[2023-12-16T20:32:30.692+0000] {logging_mixin.py:154} INFO - [2023-12-16T20:32:30.691+0000] {dag.py:3722} INFO - Setting next_dagrun for tutorial_dag to None, run_after=None
[2023-12-16T20:32:31.002+0000] {processor.py:179} INFO - Processing /home/airflow/.local/lib/python3.8/site-packages/airflow/example_dags/tutorial_dag.py took 0.928 seconds
[2023-12-16T20:34:31.192+0000] {processor.py:157} INFO - Started process (PID=64) to work on /home/airflow/.local/lib/python3.8/site-packages/airflow/example_dags/tutorial_dag.py
[2023-12-16T20:34:31.198+0000] {processor.py:829} INFO - Processing file /home/airflow/.local/lib/python3.8/site-packages/airflow/example_dags/tutorial_dag.py for tasks to queue
[2023-12-16T20:34:31.209+0000] {logging_mixin.py:154} INFO - [2023-12-16T20:34:31.209+0000] {dagbag.py:536} INFO - Filling up the DagBag from /home/airflow/.local/lib/python3.8/site-packages/airflow/example_dags/tutorial_dag.py
[2023-12-16T20:34:31.251+0000] {processor.py:839} INFO - DAG(s) dict_keys(['tutorial_dag']) retrieved from /home/airflow/.local/lib/python3.8/site-packages/airflow/example_dags/tutorial_dag.py
[2023-12-16T20:34:31.456+0000] {logging_mixin.py:154} INFO - [2023-12-16T20:34:31.455+0000] {dag.py:2941} INFO - Sync 1 DAGs
[2023-12-16T20:34:31.577+0000] {logging_mixin.py:154} INFO - [2023-12-16T20:34:31.577+0000] {dag.py:3722} INFO - Setting next_dagrun for tutorial_dag to None, run_after=None
[2023-12-16T20:34:31.721+0000] {processor.py:179} INFO - Processing /home/airflow/.local/lib/python3.8/site-packages/airflow/example_dags/tutorial_dag.py took 0.540 seconds
[2023-12-16T20:35:02.818+0000] {processor.py:157} INFO - Started process (PID=118) to work on /home/airflow/.local/lib/python3.8/site-packages/airflow/example_dags/tutorial_dag.py
[2023-12-16T20:35:02.821+0000] {processor.py:829} INFO - Processing file /home/airflow/.local/lib/python3.8/site-packages/airflow/example_dags/tutorial_dag.py for tasks to queue
[2023-12-16T20:35:02.828+0000] {logging_mixin.py:154} INFO - [2023-12-16T20:35:02.827+0000] {dagbag.py:536} INFO - Filling up the DagBag from /home/airflow/.local/lib/python3.8/site-packages/airflow/example_dags/tutorial_dag.py
[2023-12-16T20:35:02.842+0000] {processor.py:839} INFO - DAG(s) dict_keys(['tutorial_dag']) retrieved from /home/airflow/.local/lib/python3.8/site-packages/airflow/example_dags/tutorial_dag.py
[2023-12-16T20:35:02.894+0000] {logging_mixin.py:154} INFO - [2023-12-16T20:35:02.893+0000] {dag.py:2941} INFO - Sync 1 DAGs
[2023-12-16T20:35:02.933+0000] {logging_mixin.py:154} INFO - [2023-12-16T20:35:02.932+0000] {dag.py:3722} INFO - Setting next_dagrun for tutorial_dag to None, run_after=None
[2023-12-16T20:35:03.036+0000] {processor.py:179} INFO - Processing /home/airflow/.local/lib/python3.8/site-packages/airflow/example_dags/tutorial_dag.py took 0.234 seconds
[2023-12-16T21:01:01.910+0000] {processor.py:157} INFO - Started process (PID=72) to work on /home/airflow/.local/lib/python3.8/site-packages/airflow/example_dags/tutorial_dag.py
[2023-12-16T21:01:01.914+0000] {processor.py:829} INFO - Processing file /home/airflow/.local/lib/python3.8/site-packages/airflow/example_dags/tutorial_dag.py for tasks to queue
[2023-12-16T21:01:01.920+0000] {logging_mixin.py:154} INFO - [2023-12-16T21:01:01.919+0000] {dagbag.py:536} INFO - Filling up the DagBag from /home/airflow/.local/lib/python3.8/site-packages/airflow/example_dags/tutorial_dag.py
[2023-12-16T21:01:01.956+0000] {processor.py:839} INFO - DAG(s) dict_keys(['tutorial_dag']) retrieved from /home/airflow/.local/lib/python3.8/site-packages/airflow/example_dags/tutorial_dag.py
[2023-12-16T21:01:02.130+0000] {logging_mixin.py:154} INFO - [2023-12-16T21:01:02.130+0000] {dag.py:2941} INFO - Sync 1 DAGs
[2023-12-16T21:01:02.247+0000] {logging_mixin.py:154} INFO - [2023-12-16T21:01:02.247+0000] {dag.py:3722} INFO - Setting next_dagrun for tutorial_dag to None, run_after=None
[2023-12-16T21:01:02.438+0000] {processor.py:179} INFO - Processing /home/airflow/.local/lib/python3.8/site-packages/airflow/example_dags/tutorial_dag.py took 0.535 seconds
[2023-12-16T21:01:32.963+0000] {processor.py:157} INFO - Started process (PID=119) to work on /home/airflow/.local/lib/python3.8/site-packages/airflow/example_dags/tutorial_dag.py
[2023-12-16T21:01:32.969+0000] {processor.py:829} INFO - Processing file /home/airflow/.local/lib/python3.8/site-packages/airflow/example_dags/tutorial_dag.py for tasks to queue
[2023-12-16T21:01:32.983+0000] {logging_mixin.py:154} INFO - [2023-12-16T21:01:32.982+0000] {dagbag.py:536} INFO - Filling up the DagBag from /home/airflow/.local/lib/python3.8/site-packages/airflow/example_dags/tutorial_dag.py
[2023-12-16T21:01:32.998+0000] {processor.py:839} INFO - DAG(s) dict_keys(['tutorial_dag']) retrieved from /home/airflow/.local/lib/python3.8/site-packages/airflow/example_dags/tutorial_dag.py
[2023-12-16T21:01:33.053+0000] {logging_mixin.py:154} INFO - [2023-12-16T21:01:33.053+0000] {dag.py:2941} INFO - Sync 1 DAGs
[2023-12-16T21:01:33.096+0000] {logging_mixin.py:154} INFO - [2023-12-16T21:01:33.096+0000] {dag.py:3722} INFO - Setting next_dagrun for tutorial_dag to None, run_after=None
[2023-12-16T21:01:33.192+0000] {processor.py:179} INFO - Processing /home/airflow/.local/lib/python3.8/site-packages/airflow/example_dags/tutorial_dag.py took 0.277 seconds
[2023-12-16T21:02:03.286+0000] {processor.py:157} INFO - Started process (PID=172) to work on /home/airflow/.local/lib/python3.8/site-packages/airflow/example_dags/tutorial_dag.py
[2023-12-16T21:02:03.288+0000] {processor.py:829} INFO - Processing file /home/airflow/.local/lib/python3.8/site-packages/airflow/example_dags/tutorial_dag.py for tasks to queue
[2023-12-16T21:02:03.293+0000] {logging_mixin.py:154} INFO - [2023-12-16T21:02:03.292+0000] {dagbag.py:536} INFO - Filling up the DagBag from /home/airflow/.local/lib/python3.8/site-packages/airflow/example_dags/tutorial_dag.py
[2023-12-16T21:02:03.304+0000] {processor.py:839} INFO - DAG(s) dict_keys(['tutorial_dag']) retrieved from /home/airflow/.local/lib/python3.8/site-packages/airflow/example_dags/tutorial_dag.py
[2023-12-16T21:02:03.354+0000] {logging_mixin.py:154} INFO - [2023-12-16T21:02:03.354+0000] {dag.py:2941} INFO - Sync 1 DAGs
[2023-12-16T21:02:03.384+0000] {logging_mixin.py:154} INFO - [2023-12-16T21:02:03.384+0000] {dag.py:3722} INFO - Setting next_dagrun for tutorial_dag to None, run_after=None
[2023-12-16T21:02:03.432+0000] {processor.py:179} INFO - Processing /home/airflow/.local/lib/python3.8/site-packages/airflow/example_dags/tutorial_dag.py took 0.152 seconds
[2023-12-16T21:07:05.414+0000] {processor.py:157} INFO - Started process (PID=59) to work on /home/airflow/.local/lib/python3.8/site-packages/airflow/example_dags/tutorial_dag.py
[2023-12-16T21:07:05.420+0000] {processor.py:829} INFO - Processing file /home/airflow/.local/lib/python3.8/site-packages/airflow/example_dags/tutorial_dag.py for tasks to queue
[2023-12-16T21:07:05.455+0000] {logging_mixin.py:154} INFO - [2023-12-16T21:07:05.455+0000] {dagbag.py:536} INFO - Filling up the DagBag from /home/airflow/.local/lib/python3.8/site-packages/airflow/example_dags/tutorial_dag.py
[2023-12-16T21:07:05.529+0000] {processor.py:839} INFO - DAG(s) dict_keys(['tutorial_dag']) retrieved from /home/airflow/.local/lib/python3.8/site-packages/airflow/example_dags/tutorial_dag.py
[2023-12-16T21:07:05.739+0000] {logging_mixin.py:154} INFO - [2023-12-16T21:07:05.738+0000] {dag.py:2941} INFO - Sync 1 DAGs
[2023-12-16T21:07:06.024+0000] {logging_mixin.py:154} INFO - [2023-12-16T21:07:06.024+0000] {dag.py:3722} INFO - Setting next_dagrun for tutorial_dag to None, run_after=None
[2023-12-16T21:07:06.450+0000] {processor.py:179} INFO - Processing /home/airflow/.local/lib/python3.8/site-packages/airflow/example_dags/tutorial_dag.py took 1.067 seconds
[2023-12-16T21:07:36.908+0000] {processor.py:157} INFO - Started process (PID=113) to work on /home/airflow/.local/lib/python3.8/site-packages/airflow/example_dags/tutorial_dag.py
[2023-12-16T21:07:36.910+0000] {processor.py:829} INFO - Processing file /home/airflow/.local/lib/python3.8/site-packages/airflow/example_dags/tutorial_dag.py for tasks to queue
[2023-12-16T21:07:36.917+0000] {logging_mixin.py:154} INFO - [2023-12-16T21:07:36.916+0000] {dagbag.py:536} INFO - Filling up the DagBag from /home/airflow/.local/lib/python3.8/site-packages/airflow/example_dags/tutorial_dag.py
[2023-12-16T21:07:36.929+0000] {processor.py:839} INFO - DAG(s) dict_keys(['tutorial_dag']) retrieved from /home/airflow/.local/lib/python3.8/site-packages/airflow/example_dags/tutorial_dag.py
[2023-12-16T21:07:36.982+0000] {logging_mixin.py:154} INFO - [2023-12-16T21:07:36.982+0000] {dag.py:2941} INFO - Sync 1 DAGs
[2023-12-16T21:07:37.019+0000] {logging_mixin.py:154} INFO - [2023-12-16T21:07:37.018+0000] {dag.py:3722} INFO - Setting next_dagrun for tutorial_dag to None, run_after=None
[2023-12-16T21:07:37.135+0000] {processor.py:179} INFO - Processing /home/airflow/.local/lib/python3.8/site-packages/airflow/example_dags/tutorial_dag.py took 0.235 seconds
[2023-12-16T21:08:07.459+0000] {processor.py:157} INFO - Started process (PID=167) to work on /home/airflow/.local/lib/python3.8/site-packages/airflow/example_dags/tutorial_dag.py
[2023-12-16T21:08:07.464+0000] {processor.py:829} INFO - Processing file /home/airflow/.local/lib/python3.8/site-packages/airflow/example_dags/tutorial_dag.py for tasks to queue
[2023-12-16T21:08:07.478+0000] {logging_mixin.py:154} INFO - [2023-12-16T21:08:07.477+0000] {dagbag.py:536} INFO - Filling up the DagBag from /home/airflow/.local/lib/python3.8/site-packages/airflow/example_dags/tutorial_dag.py
[2023-12-16T21:08:07.494+0000] {processor.py:839} INFO - DAG(s) dict_keys(['tutorial_dag']) retrieved from /home/airflow/.local/lib/python3.8/site-packages/airflow/example_dags/tutorial_dag.py
[2023-12-16T21:08:07.549+0000] {logging_mixin.py:154} INFO - [2023-12-16T21:08:07.548+0000] {dag.py:2941} INFO - Sync 1 DAGs
[2023-12-16T21:08:07.579+0000] {logging_mixin.py:154} INFO - [2023-12-16T21:08:07.578+0000] {dag.py:3722} INFO - Setting next_dagrun for tutorial_dag to None, run_after=None
[2023-12-16T21:08:07.623+0000] {processor.py:179} INFO - Processing /home/airflow/.local/lib/python3.8/site-packages/airflow/example_dags/tutorial_dag.py took 0.180 seconds
[2023-12-16T21:08:38.140+0000] {processor.py:157} INFO - Started process (PID=221) to work on /home/airflow/.local/lib/python3.8/site-packages/airflow/example_dags/tutorial_dag.py
[2023-12-16T21:08:38.142+0000] {processor.py:829} INFO - Processing file /home/airflow/.local/lib/python3.8/site-packages/airflow/example_dags/tutorial_dag.py for tasks to queue
[2023-12-16T21:08:38.146+0000] {logging_mixin.py:154} INFO - [2023-12-16T21:08:38.146+0000] {dagbag.py:536} INFO - Filling up the DagBag from /home/airflow/.local/lib/python3.8/site-packages/airflow/example_dags/tutorial_dag.py
[2023-12-16T21:08:38.157+0000] {processor.py:839} INFO - DAG(s) dict_keys(['tutorial_dag']) retrieved from /home/airflow/.local/lib/python3.8/site-packages/airflow/example_dags/tutorial_dag.py
[2023-12-16T21:08:38.200+0000] {logging_mixin.py:154} INFO - [2023-12-16T21:08:38.200+0000] {dag.py:2941} INFO - Sync 1 DAGs
[2023-12-16T21:08:38.230+0000] {logging_mixin.py:154} INFO - [2023-12-16T21:08:38.229+0000] {dag.py:3722} INFO - Setting next_dagrun for tutorial_dag to None, run_after=None
[2023-12-16T21:08:38.267+0000] {processor.py:179} INFO - Processing /home/airflow/.local/lib/python3.8/site-packages/airflow/example_dags/tutorial_dag.py took 0.133 seconds
[2023-12-16T21:09:08.670+0000] {processor.py:157} INFO - Started process (PID=282) to work on /home/airflow/.local/lib/python3.8/site-packages/airflow/example_dags/tutorial_dag.py
[2023-12-16T21:09:08.673+0000] {processor.py:829} INFO - Processing file /home/airflow/.local/lib/python3.8/site-packages/airflow/example_dags/tutorial_dag.py for tasks to queue
[2023-12-16T21:09:08.677+0000] {logging_mixin.py:154} INFO - [2023-12-16T21:09:08.677+0000] {dagbag.py:536} INFO - Filling up the DagBag from /home/airflow/.local/lib/python3.8/site-packages/airflow/example_dags/tutorial_dag.py
[2023-12-16T21:09:08.689+0000] {processor.py:839} INFO - DAG(s) dict_keys(['tutorial_dag']) retrieved from /home/airflow/.local/lib/python3.8/site-packages/airflow/example_dags/tutorial_dag.py
[2023-12-16T21:09:08.775+0000] {logging_mixin.py:154} INFO - [2023-12-16T21:09:08.774+0000] {dag.py:2941} INFO - Sync 1 DAGs
[2023-12-16T21:09:08.858+0000] {logging_mixin.py:154} INFO - [2023-12-16T21:09:08.856+0000] {dag.py:3722} INFO - Setting next_dagrun for tutorial_dag to None, run_after=None
[2023-12-16T21:09:08.944+0000] {processor.py:179} INFO - Processing /home/airflow/.local/lib/python3.8/site-packages/airflow/example_dags/tutorial_dag.py took 0.283 seconds
[2023-12-16T21:09:39.009+0000] {processor.py:157} INFO - Started process (PID=335) to work on /home/airflow/.local/lib/python3.8/site-packages/airflow/example_dags/tutorial_dag.py
[2023-12-16T21:09:39.011+0000] {processor.py:829} INFO - Processing file /home/airflow/.local/lib/python3.8/site-packages/airflow/example_dags/tutorial_dag.py for tasks to queue
[2023-12-16T21:09:39.015+0000] {logging_mixin.py:154} INFO - [2023-12-16T21:09:39.014+0000] {dagbag.py:536} INFO - Filling up the DagBag from /home/airflow/.local/lib/python3.8/site-packages/airflow/example_dags/tutorial_dag.py
[2023-12-16T21:09:39.031+0000] {processor.py:839} INFO - DAG(s) dict_keys(['tutorial_dag']) retrieved from /home/airflow/.local/lib/python3.8/site-packages/airflow/example_dags/tutorial_dag.py
[2023-12-16T21:09:39.080+0000] {logging_mixin.py:154} INFO - [2023-12-16T21:09:39.080+0000] {dag.py:2941} INFO - Sync 1 DAGs
[2023-12-16T21:09:39.107+0000] {logging_mixin.py:154} INFO - [2023-12-16T21:09:39.107+0000] {dag.py:3722} INFO - Setting next_dagrun for tutorial_dag to None, run_after=None
[2023-12-16T21:09:39.165+0000] {processor.py:179} INFO - Processing /home/airflow/.local/lib/python3.8/site-packages/airflow/example_dags/tutorial_dag.py took 0.161 seconds
[2023-12-16T21:10:10.925+0000] {processor.py:157} INFO - Started process (PID=390) to work on /home/airflow/.local/lib/python3.8/site-packages/airflow/example_dags/tutorial_dag.py
[2023-12-16T21:10:10.927+0000] {processor.py:829} INFO - Processing file /home/airflow/.local/lib/python3.8/site-packages/airflow/example_dags/tutorial_dag.py for tasks to queue
[2023-12-16T21:10:10.931+0000] {logging_mixin.py:154} INFO - [2023-12-16T21:10:10.930+0000] {dagbag.py:536} INFO - Filling up the DagBag from /home/airflow/.local/lib/python3.8/site-packages/airflow/example_dags/tutorial_dag.py
[2023-12-16T21:10:10.941+0000] {processor.py:839} INFO - DAG(s) dict_keys(['tutorial_dag']) retrieved from /home/airflow/.local/lib/python3.8/site-packages/airflow/example_dags/tutorial_dag.py
[2023-12-16T21:10:10.979+0000] {logging_mixin.py:154} INFO - [2023-12-16T21:10:10.979+0000] {dag.py:2941} INFO - Sync 1 DAGs
[2023-12-16T21:10:11.010+0000] {logging_mixin.py:154} INFO - [2023-12-16T21:10:11.009+0000] {dag.py:3722} INFO - Setting next_dagrun for tutorial_dag to None, run_after=None
[2023-12-16T21:10:11.045+0000] {processor.py:179} INFO - Processing /home/airflow/.local/lib/python3.8/site-packages/airflow/example_dags/tutorial_dag.py took 0.129 seconds
[2023-12-16T21:10:42.070+0000] {processor.py:157} INFO - Started process (PID=445) to work on /home/airflow/.local/lib/python3.8/site-packages/airflow/example_dags/tutorial_dag.py
[2023-12-16T21:10:42.073+0000] {processor.py:829} INFO - Processing file /home/airflow/.local/lib/python3.8/site-packages/airflow/example_dags/tutorial_dag.py for tasks to queue
[2023-12-16T21:10:42.078+0000] {logging_mixin.py:154} INFO - [2023-12-16T21:10:42.077+0000] {dagbag.py:536} INFO - Filling up the DagBag from /home/airflow/.local/lib/python3.8/site-packages/airflow/example_dags/tutorial_dag.py
[2023-12-16T21:10:42.092+0000] {processor.py:839} INFO - DAG(s) dict_keys(['tutorial_dag']) retrieved from /home/airflow/.local/lib/python3.8/site-packages/airflow/example_dags/tutorial_dag.py
[2023-12-16T21:10:42.129+0000] {logging_mixin.py:154} INFO - [2023-12-16T21:10:42.128+0000] {dag.py:2941} INFO - Sync 1 DAGs
[2023-12-16T21:10:42.152+0000] {logging_mixin.py:154} INFO - [2023-12-16T21:10:42.152+0000] {dag.py:3722} INFO - Setting next_dagrun for tutorial_dag to None, run_after=None
[2023-12-16T21:10:42.184+0000] {processor.py:179} INFO - Processing /home/airflow/.local/lib/python3.8/site-packages/airflow/example_dags/tutorial_dag.py took 0.122 seconds
[2023-12-16T21:11:12.495+0000] {processor.py:157} INFO - Started process (PID=499) to work on /home/airflow/.local/lib/python3.8/site-packages/airflow/example_dags/tutorial_dag.py
[2023-12-16T21:11:12.497+0000] {processor.py:829} INFO - Processing file /home/airflow/.local/lib/python3.8/site-packages/airflow/example_dags/tutorial_dag.py for tasks to queue
[2023-12-16T21:11:12.501+0000] {logging_mixin.py:154} INFO - [2023-12-16T21:11:12.501+0000] {dagbag.py:536} INFO - Filling up the DagBag from /home/airflow/.local/lib/python3.8/site-packages/airflow/example_dags/tutorial_dag.py
[2023-12-16T21:11:12.510+0000] {processor.py:839} INFO - DAG(s) dict_keys(['tutorial_dag']) retrieved from /home/airflow/.local/lib/python3.8/site-packages/airflow/example_dags/tutorial_dag.py
[2023-12-16T21:11:12.547+0000] {logging_mixin.py:154} INFO - [2023-12-16T21:11:12.546+0000] {dag.py:2941} INFO - Sync 1 DAGs
[2023-12-16T21:11:12.573+0000] {logging_mixin.py:154} INFO - [2023-12-16T21:11:12.572+0000] {dag.py:3722} INFO - Setting next_dagrun for tutorial_dag to None, run_after=None
[2023-12-16T21:11:12.608+0000] {processor.py:179} INFO - Processing /home/airflow/.local/lib/python3.8/site-packages/airflow/example_dags/tutorial_dag.py took 0.119 seconds
[2023-12-16T21:11:43.517+0000] {processor.py:157} INFO - Started process (PID=552) to work on /home/airflow/.local/lib/python3.8/site-packages/airflow/example_dags/tutorial_dag.py
[2023-12-16T21:11:43.519+0000] {processor.py:829} INFO - Processing file /home/airflow/.local/lib/python3.8/site-packages/airflow/example_dags/tutorial_dag.py for tasks to queue
[2023-12-16T21:11:43.525+0000] {logging_mixin.py:154} INFO - [2023-12-16T21:11:43.524+0000] {dagbag.py:536} INFO - Filling up the DagBag from /home/airflow/.local/lib/python3.8/site-packages/airflow/example_dags/tutorial_dag.py
[2023-12-16T21:11:43.538+0000] {processor.py:839} INFO - DAG(s) dict_keys(['tutorial_dag']) retrieved from /home/airflow/.local/lib/python3.8/site-packages/airflow/example_dags/tutorial_dag.py
[2023-12-16T21:11:43.596+0000] {logging_mixin.py:154} INFO - [2023-12-16T21:11:43.595+0000] {dag.py:2941} INFO - Sync 1 DAGs
[2023-12-16T21:11:43.633+0000] {logging_mixin.py:154} INFO - [2023-12-16T21:11:43.632+0000] {dag.py:3722} INFO - Setting next_dagrun for tutorial_dag to None, run_after=None
[2023-12-16T21:11:43.685+0000] {processor.py:179} INFO - Processing /home/airflow/.local/lib/python3.8/site-packages/airflow/example_dags/tutorial_dag.py took 0.176 seconds
[2023-12-16T21:12:14.604+0000] {processor.py:157} INFO - Started process (PID=606) to work on /home/airflow/.local/lib/python3.8/site-packages/airflow/example_dags/tutorial_dag.py
[2023-12-16T21:12:14.609+0000] {processor.py:829} INFO - Processing file /home/airflow/.local/lib/python3.8/site-packages/airflow/example_dags/tutorial_dag.py for tasks to queue
[2023-12-16T21:12:14.616+0000] {logging_mixin.py:154} INFO - [2023-12-16T21:12:14.615+0000] {dagbag.py:536} INFO - Filling up the DagBag from /home/airflow/.local/lib/python3.8/site-packages/airflow/example_dags/tutorial_dag.py
[2023-12-16T21:12:14.628+0000] {processor.py:839} INFO - DAG(s) dict_keys(['tutorial_dag']) retrieved from /home/airflow/.local/lib/python3.8/site-packages/airflow/example_dags/tutorial_dag.py
[2023-12-16T21:12:14.673+0000] {logging_mixin.py:154} INFO - [2023-12-16T21:12:14.672+0000] {dag.py:2941} INFO - Sync 1 DAGs
[2023-12-16T21:12:14.700+0000] {logging_mixin.py:154} INFO - [2023-12-16T21:12:14.700+0000] {dag.py:3722} INFO - Setting next_dagrun for tutorial_dag to None, run_after=None
[2023-12-16T21:12:14.745+0000] {processor.py:179} INFO - Processing /home/airflow/.local/lib/python3.8/site-packages/airflow/example_dags/tutorial_dag.py took 0.147 seconds
[2023-12-16T21:12:45.654+0000] {processor.py:157} INFO - Started process (PID=660) to work on /home/airflow/.local/lib/python3.8/site-packages/airflow/example_dags/tutorial_dag.py
[2023-12-16T21:12:45.657+0000] {processor.py:829} INFO - Processing file /home/airflow/.local/lib/python3.8/site-packages/airflow/example_dags/tutorial_dag.py for tasks to queue
[2023-12-16T21:12:45.663+0000] {logging_mixin.py:154} INFO - [2023-12-16T21:12:45.662+0000] {dagbag.py:536} INFO - Filling up the DagBag from /home/airflow/.local/lib/python3.8/site-packages/airflow/example_dags/tutorial_dag.py
[2023-12-16T21:12:45.684+0000] {processor.py:839} INFO - DAG(s) dict_keys(['tutorial_dag']) retrieved from /home/airflow/.local/lib/python3.8/site-packages/airflow/example_dags/tutorial_dag.py
[2023-12-16T21:12:45.809+0000] {logging_mixin.py:154} INFO - [2023-12-16T21:12:45.808+0000] {dag.py:2941} INFO - Sync 1 DAGs
[2023-12-16T21:12:45.874+0000] {logging_mixin.py:154} INFO - [2023-12-16T21:12:45.874+0000] {dag.py:3722} INFO - Setting next_dagrun for tutorial_dag to None, run_after=None
[2023-12-16T21:12:45.912+0000] {processor.py:179} INFO - Processing /home/airflow/.local/lib/python3.8/site-packages/airflow/example_dags/tutorial_dag.py took 0.267 seconds
