[2023-12-16T19:22:15.096+0000] {processor.py:157} INFO - Started process (PID=82) to work on /home/airflow/.local/lib/python3.8/site-packages/airflow/example_dags/tutorial_taskflow_api.py
[2023-12-16T19:22:15.101+0000] {processor.py:829} INFO - Processing file /home/airflow/.local/lib/python3.8/site-packages/airflow/example_dags/tutorial_taskflow_api.py for tasks to queue
[2023-12-16T19:22:15.128+0000] {logging_mixin.py:154} INFO - [2023-12-16T19:22:15.127+0000] {dagbag.py:536} INFO - Filling up the DagBag from /home/airflow/.local/lib/python3.8/site-packages/airflow/example_dags/tutorial_taskflow_api.py
[2023-12-16T19:22:15.288+0000] {processor.py:839} INFO - DAG(s) dict_keys(['tutorial_taskflow_api']) retrieved from /home/airflow/.local/lib/python3.8/site-packages/airflow/example_dags/tutorial_taskflow_api.py
[2023-12-16T19:22:18.918+0000] {logging_mixin.py:154} INFO - [2023-12-16T19:22:18.916+0000] {dag.py:2941} INFO - Sync 1 DAGs
[2023-12-16T19:22:19.065+0000] {logging_mixin.py:154} INFO - [2023-12-16T19:22:19.064+0000] {dag.py:3722} INFO - Setting next_dagrun for tutorial_taskflow_api to None, run_after=None
[2023-12-16T19:22:19.163+0000] {processor.py:179} INFO - Processing /home/airflow/.local/lib/python3.8/site-packages/airflow/example_dags/tutorial_taskflow_api.py took 4.088 seconds
[2023-12-16T19:23:30.818+0000] {processor.py:157} INFO - Started process (PID=136) to work on /home/airflow/.local/lib/python3.8/site-packages/airflow/example_dags/tutorial_taskflow_api.py
[2023-12-16T19:23:30.822+0000] {processor.py:829} INFO - Processing file /home/airflow/.local/lib/python3.8/site-packages/airflow/example_dags/tutorial_taskflow_api.py for tasks to queue
[2023-12-16T19:23:30.829+0000] {logging_mixin.py:154} INFO - [2023-12-16T19:23:30.828+0000] {dagbag.py:536} INFO - Filling up the DagBag from /home/airflow/.local/lib/python3.8/site-packages/airflow/example_dags/tutorial_taskflow_api.py
[2023-12-16T19:23:30.845+0000] {processor.py:839} INFO - DAG(s) dict_keys(['tutorial_taskflow_api']) retrieved from /home/airflow/.local/lib/python3.8/site-packages/airflow/example_dags/tutorial_taskflow_api.py
[2023-12-16T19:23:30.919+0000] {logging_mixin.py:154} INFO - [2023-12-16T19:23:30.918+0000] {dag.py:2941} INFO - Sync 1 DAGs
[2023-12-16T19:23:30.957+0000] {logging_mixin.py:154} INFO - [2023-12-16T19:23:30.955+0000] {dag.py:3722} INFO - Setting next_dagrun for tutorial_taskflow_api to None, run_after=None
[2023-12-16T19:23:31.013+0000] {processor.py:179} INFO - Processing /home/airflow/.local/lib/python3.8/site-packages/airflow/example_dags/tutorial_taskflow_api.py took 0.204 seconds
[2023-12-16T19:24:03.003+0000] {processor.py:157} INFO - Started process (PID=190) to work on /home/airflow/.local/lib/python3.8/site-packages/airflow/example_dags/tutorial_taskflow_api.py
[2023-12-16T19:24:03.016+0000] {processor.py:829} INFO - Processing file /home/airflow/.local/lib/python3.8/site-packages/airflow/example_dags/tutorial_taskflow_api.py for tasks to queue
[2023-12-16T19:24:03.026+0000] {logging_mixin.py:154} INFO - [2023-12-16T19:24:03.024+0000] {dagbag.py:536} INFO - Filling up the DagBag from /home/airflow/.local/lib/python3.8/site-packages/airflow/example_dags/tutorial_taskflow_api.py
[2023-12-16T19:24:03.070+0000] {processor.py:839} INFO - DAG(s) dict_keys(['tutorial_taskflow_api']) retrieved from /home/airflow/.local/lib/python3.8/site-packages/airflow/example_dags/tutorial_taskflow_api.py
[2023-12-16T19:24:03.184+0000] {logging_mixin.py:154} INFO - [2023-12-16T19:24:03.183+0000] {dag.py:2941} INFO - Sync 1 DAGs
[2023-12-16T19:24:03.251+0000] {logging_mixin.py:154} INFO - [2023-12-16T19:24:03.250+0000] {dag.py:3722} INFO - Setting next_dagrun for tutorial_taskflow_api to None, run_after=None
[2023-12-16T19:24:03.379+0000] {processor.py:179} INFO - Processing /home/airflow/.local/lib/python3.8/site-packages/airflow/example_dags/tutorial_taskflow_api.py took 0.385 seconds
[2023-12-16T19:36:01.914+0000] {processor.py:157} INFO - Started process (PID=83) to work on /home/airflow/.local/lib/python3.8/site-packages/airflow/example_dags/tutorial_taskflow_api.py
[2023-12-16T19:36:01.918+0000] {processor.py:829} INFO - Processing file /home/airflow/.local/lib/python3.8/site-packages/airflow/example_dags/tutorial_taskflow_api.py for tasks to queue
[2023-12-16T19:36:01.954+0000] {logging_mixin.py:154} INFO - [2023-12-16T19:36:01.954+0000] {dagbag.py:536} INFO - Filling up the DagBag from /home/airflow/.local/lib/python3.8/site-packages/airflow/example_dags/tutorial_taskflow_api.py
[2023-12-16T19:36:02.039+0000] {processor.py:839} INFO - DAG(s) dict_keys(['tutorial_taskflow_api']) retrieved from /home/airflow/.local/lib/python3.8/site-packages/airflow/example_dags/tutorial_taskflow_api.py
[2023-12-16T19:36:02.305+0000] {logging_mixin.py:154} INFO - [2023-12-16T19:36:02.305+0000] {dag.py:2941} INFO - Sync 1 DAGs
[2023-12-16T19:36:02.617+0000] {logging_mixin.py:154} INFO - [2023-12-16T19:36:02.616+0000] {dag.py:3722} INFO - Setting next_dagrun for tutorial_taskflow_api to None, run_after=None
[2023-12-16T19:36:02.776+0000] {processor.py:179} INFO - Processing /home/airflow/.local/lib/python3.8/site-packages/airflow/example_dags/tutorial_taskflow_api.py took 0.883 seconds
[2023-12-16T19:36:53.785+0000] {processor.py:157} INFO - Started process (PID=144) to work on /home/airflow/.local/lib/python3.8/site-packages/airflow/example_dags/tutorial_taskflow_api.py
[2023-12-16T19:36:53.802+0000] {processor.py:829} INFO - Processing file /home/airflow/.local/lib/python3.8/site-packages/airflow/example_dags/tutorial_taskflow_api.py for tasks to queue
[2023-12-16T19:36:53.821+0000] {logging_mixin.py:154} INFO - [2023-12-16T19:36:53.820+0000] {dagbag.py:536} INFO - Filling up the DagBag from /home/airflow/.local/lib/python3.8/site-packages/airflow/example_dags/tutorial_taskflow_api.py
[2023-12-16T19:36:53.906+0000] {processor.py:839} INFO - DAG(s) dict_keys(['tutorial_taskflow_api']) retrieved from /home/airflow/.local/lib/python3.8/site-packages/airflow/example_dags/tutorial_taskflow_api.py
[2023-12-16T19:36:54.394+0000] {logging_mixin.py:154} INFO - [2023-12-16T19:36:54.394+0000] {dag.py:2941} INFO - Sync 1 DAGs
[2023-12-16T19:36:54.498+0000] {logging_mixin.py:154} INFO - [2023-12-16T19:36:54.498+0000] {dag.py:3722} INFO - Setting next_dagrun for tutorial_taskflow_api to None, run_after=None
[2023-12-16T19:36:54.689+0000] {processor.py:179} INFO - Processing /home/airflow/.local/lib/python3.8/site-packages/airflow/example_dags/tutorial_taskflow_api.py took 0.935 seconds
[2023-12-16T19:37:32.425+0000] {processor.py:157} INFO - Started process (PID=198) to work on /home/airflow/.local/lib/python3.8/site-packages/airflow/example_dags/tutorial_taskflow_api.py
[2023-12-16T19:37:32.479+0000] {processor.py:829} INFO - Processing file /home/airflow/.local/lib/python3.8/site-packages/airflow/example_dags/tutorial_taskflow_api.py for tasks to queue
[2023-12-16T19:37:32.529+0000] {logging_mixin.py:154} INFO - [2023-12-16T19:37:32.528+0000] {dagbag.py:536} INFO - Filling up the DagBag from /home/airflow/.local/lib/python3.8/site-packages/airflow/example_dags/tutorial_taskflow_api.py
[2023-12-16T19:37:32.851+0000] {processor.py:839} INFO - DAG(s) dict_keys(['tutorial_taskflow_api']) retrieved from /home/airflow/.local/lib/python3.8/site-packages/airflow/example_dags/tutorial_taskflow_api.py
[2023-12-16T19:37:33.434+0000] {logging_mixin.py:154} INFO - [2023-12-16T19:37:33.433+0000] {dag.py:2941} INFO - Sync 1 DAGs
[2023-12-16T19:37:33.837+0000] {logging_mixin.py:154} INFO - [2023-12-16T19:37:33.836+0000] {dag.py:3722} INFO - Setting next_dagrun for tutorial_taskflow_api to None, run_after=None
[2023-12-16T19:37:34.651+0000] {processor.py:179} INFO - Processing /home/airflow/.local/lib/python3.8/site-packages/airflow/example_dags/tutorial_taskflow_api.py took 2.397 seconds
[2023-12-16T19:43:56.726+0000] {processor.py:157} INFO - Started process (PID=83) to work on /home/airflow/.local/lib/python3.8/site-packages/airflow/example_dags/tutorial_taskflow_api.py
[2023-12-16T19:43:56.750+0000] {processor.py:829} INFO - Processing file /home/airflow/.local/lib/python3.8/site-packages/airflow/example_dags/tutorial_taskflow_api.py for tasks to queue
[2023-12-16T19:43:56.753+0000] {logging_mixin.py:154} INFO - [2023-12-16T19:43:56.752+0000] {dagbag.py:536} INFO - Filling up the DagBag from /home/airflow/.local/lib/python3.8/site-packages/airflow/example_dags/tutorial_taskflow_api.py
[2023-12-16T19:43:56.807+0000] {processor.py:839} INFO - DAG(s) dict_keys(['tutorial_taskflow_api']) retrieved from /home/airflow/.local/lib/python3.8/site-packages/airflow/example_dags/tutorial_taskflow_api.py
[2023-12-16T19:43:56.904+0000] {logging_mixin.py:154} INFO - [2023-12-16T19:43:56.904+0000] {dag.py:2941} INFO - Sync 1 DAGs
[2023-12-16T19:43:57.015+0000] {logging_mixin.py:154} INFO - [2023-12-16T19:43:57.014+0000] {dag.py:3722} INFO - Setting next_dagrun for tutorial_taskflow_api to None, run_after=None
[2023-12-16T19:43:57.180+0000] {processor.py:179} INFO - Processing /home/airflow/.local/lib/python3.8/site-packages/airflow/example_dags/tutorial_taskflow_api.py took 0.465 seconds
[2023-12-16T19:44:42.632+0000] {processor.py:157} INFO - Started process (PID=143) to work on /home/airflow/.local/lib/python3.8/site-packages/airflow/example_dags/tutorial_taskflow_api.py
[2023-12-16T19:44:42.643+0000] {processor.py:829} INFO - Processing file /home/airflow/.local/lib/python3.8/site-packages/airflow/example_dags/tutorial_taskflow_api.py for tasks to queue
[2023-12-16T19:44:42.649+0000] {logging_mixin.py:154} INFO - [2023-12-16T19:44:42.649+0000] {dagbag.py:536} INFO - Filling up the DagBag from /home/airflow/.local/lib/python3.8/site-packages/airflow/example_dags/tutorial_taskflow_api.py
[2023-12-16T19:44:42.700+0000] {processor.py:839} INFO - DAG(s) dict_keys(['tutorial_taskflow_api']) retrieved from /home/airflow/.local/lib/python3.8/site-packages/airflow/example_dags/tutorial_taskflow_api.py
[2023-12-16T19:44:42.834+0000] {logging_mixin.py:154} INFO - [2023-12-16T19:44:42.834+0000] {dag.py:2941} INFO - Sync 1 DAGs
[2023-12-16T19:44:42.959+0000] {logging_mixin.py:154} INFO - [2023-12-16T19:44:42.959+0000] {dag.py:3722} INFO - Setting next_dagrun for tutorial_taskflow_api to None, run_after=None
[2023-12-16T19:44:43.162+0000] {processor.py:179} INFO - Processing /home/airflow/.local/lib/python3.8/site-packages/airflow/example_dags/tutorial_taskflow_api.py took 0.540 seconds
[2023-12-16T19:45:21.415+0000] {processor.py:157} INFO - Started process (PID=196) to work on /home/airflow/.local/lib/python3.8/site-packages/airflow/example_dags/tutorial_taskflow_api.py
[2023-12-16T19:45:21.471+0000] {processor.py:829} INFO - Processing file /home/airflow/.local/lib/python3.8/site-packages/airflow/example_dags/tutorial_taskflow_api.py for tasks to queue
[2023-12-16T19:45:21.480+0000] {logging_mixin.py:154} INFO - [2023-12-16T19:45:21.479+0000] {dagbag.py:536} INFO - Filling up the DagBag from /home/airflow/.local/lib/python3.8/site-packages/airflow/example_dags/tutorial_taskflow_api.py
[2023-12-16T19:45:21.582+0000] {processor.py:839} INFO - DAG(s) dict_keys(['tutorial_taskflow_api']) retrieved from /home/airflow/.local/lib/python3.8/site-packages/airflow/example_dags/tutorial_taskflow_api.py
[2023-12-16T19:45:21.697+0000] {logging_mixin.py:154} INFO - [2023-12-16T19:45:21.696+0000] {dag.py:2941} INFO - Sync 1 DAGs
[2023-12-16T19:45:21.758+0000] {logging_mixin.py:154} INFO - [2023-12-16T19:45:21.756+0000] {dag.py:3722} INFO - Setting next_dagrun for tutorial_taskflow_api to None, run_after=None
[2023-12-16T19:45:21.872+0000] {processor.py:179} INFO - Processing /home/airflow/.local/lib/python3.8/site-packages/airflow/example_dags/tutorial_taskflow_api.py took 0.513 seconds
[2023-12-16T20:04:48.578+0000] {processor.py:157} INFO - Started process (PID=145) to work on /home/airflow/.local/lib/python3.8/site-packages/airflow/example_dags/tutorial_taskflow_api.py
[2023-12-16T20:04:48.595+0000] {processor.py:829} INFO - Processing file /home/airflow/.local/lib/python3.8/site-packages/airflow/example_dags/tutorial_taskflow_api.py for tasks to queue
[2023-12-16T20:04:48.606+0000] {logging_mixin.py:154} INFO - [2023-12-16T20:04:48.600+0000] {dagbag.py:536} INFO - Filling up the DagBag from /home/airflow/.local/lib/python3.8/site-packages/airflow/example_dags/tutorial_taskflow_api.py
[2023-12-16T20:04:48.661+0000] {processor.py:839} INFO - DAG(s) dict_keys(['tutorial_taskflow_api']) retrieved from /home/airflow/.local/lib/python3.8/site-packages/airflow/example_dags/tutorial_taskflow_api.py
[2023-12-16T20:04:48.775+0000] {logging_mixin.py:154} INFO - [2023-12-16T20:04:48.775+0000] {dag.py:2941} INFO - Sync 1 DAGs
[2023-12-16T20:04:48.919+0000] {logging_mixin.py:154} INFO - [2023-12-16T20:04:48.893+0000] {dag.py:3722} INFO - Setting next_dagrun for tutorial_taskflow_api to None, run_after=None
[2023-12-16T20:04:49.141+0000] {processor.py:179} INFO - Processing /home/airflow/.local/lib/python3.8/site-packages/airflow/example_dags/tutorial_taskflow_api.py took 0.571 seconds
[2023-12-16T20:05:29.911+0000] {processor.py:157} INFO - Started process (PID=214) to work on /home/airflow/.local/lib/python3.8/site-packages/airflow/example_dags/tutorial_taskflow_api.py
[2023-12-16T20:05:29.914+0000] {processor.py:829} INFO - Processing file /home/airflow/.local/lib/python3.8/site-packages/airflow/example_dags/tutorial_taskflow_api.py for tasks to queue
[2023-12-16T20:05:29.927+0000] {logging_mixin.py:154} INFO - [2023-12-16T20:05:29.926+0000] {dagbag.py:536} INFO - Filling up the DagBag from /home/airflow/.local/lib/python3.8/site-packages/airflow/example_dags/tutorial_taskflow_api.py
[2023-12-16T20:05:29.961+0000] {processor.py:839} INFO - DAG(s) dict_keys(['tutorial_taskflow_api']) retrieved from /home/airflow/.local/lib/python3.8/site-packages/airflow/example_dags/tutorial_taskflow_api.py
[2023-12-16T20:05:30.146+0000] {logging_mixin.py:154} INFO - [2023-12-16T20:05:30.146+0000] {dag.py:2941} INFO - Sync 1 DAGs
[2023-12-16T20:05:30.184+0000] {logging_mixin.py:154} INFO - [2023-12-16T20:05:30.184+0000] {dag.py:3722} INFO - Setting next_dagrun for tutorial_taskflow_api to None, run_after=None
[2023-12-16T20:05:30.310+0000] {processor.py:179} INFO - Processing /home/airflow/.local/lib/python3.8/site-packages/airflow/example_dags/tutorial_taskflow_api.py took 0.426 seconds
[2023-12-16T20:06:01.528+0000] {processor.py:157} INFO - Started process (PID=282) to work on /home/airflow/.local/lib/python3.8/site-packages/airflow/example_dags/tutorial_taskflow_api.py
[2023-12-16T20:06:01.542+0000] {processor.py:829} INFO - Processing file /home/airflow/.local/lib/python3.8/site-packages/airflow/example_dags/tutorial_taskflow_api.py for tasks to queue
[2023-12-16T20:06:01.555+0000] {logging_mixin.py:154} INFO - [2023-12-16T20:06:01.554+0000] {dagbag.py:536} INFO - Filling up the DagBag from /home/airflow/.local/lib/python3.8/site-packages/airflow/example_dags/tutorial_taskflow_api.py
[2023-12-16T20:06:01.614+0000] {processor.py:839} INFO - DAG(s) dict_keys(['tutorial_taskflow_api']) retrieved from /home/airflow/.local/lib/python3.8/site-packages/airflow/example_dags/tutorial_taskflow_api.py
[2023-12-16T20:06:01.744+0000] {logging_mixin.py:154} INFO - [2023-12-16T20:06:01.743+0000] {dag.py:2941} INFO - Sync 1 DAGs
[2023-12-16T20:06:01.812+0000] {logging_mixin.py:154} INFO - [2023-12-16T20:06:01.812+0000] {dag.py:3722} INFO - Setting next_dagrun for tutorial_taskflow_api to None, run_after=None
[2023-12-16T20:06:01.910+0000] {processor.py:179} INFO - Processing /home/airflow/.local/lib/python3.8/site-packages/airflow/example_dags/tutorial_taskflow_api.py took 0.400 seconds
[2023-12-16T20:20:59.972+0000] {processor.py:157} INFO - Started process (PID=83) to work on /home/airflow/.local/lib/python3.8/site-packages/airflow/example_dags/tutorial_taskflow_api.py
[2023-12-16T20:20:59.996+0000] {processor.py:829} INFO - Processing file /home/airflow/.local/lib/python3.8/site-packages/airflow/example_dags/tutorial_taskflow_api.py for tasks to queue
[2023-12-16T20:21:00.018+0000] {logging_mixin.py:154} INFO - [2023-12-16T20:21:00.018+0000] {dagbag.py:536} INFO - Filling up the DagBag from /home/airflow/.local/lib/python3.8/site-packages/airflow/example_dags/tutorial_taskflow_api.py
[2023-12-16T20:21:00.108+0000] {processor.py:839} INFO - DAG(s) dict_keys(['tutorial_taskflow_api']) retrieved from /home/airflow/.local/lib/python3.8/site-packages/airflow/example_dags/tutorial_taskflow_api.py
[2023-12-16T20:21:00.480+0000] {logging_mixin.py:154} INFO - [2023-12-16T20:21:00.479+0000] {dag.py:2941} INFO - Sync 1 DAGs
[2023-12-16T20:21:00.651+0000] {logging_mixin.py:154} INFO - [2023-12-16T20:21:00.638+0000] {dag.py:3722} INFO - Setting next_dagrun for tutorial_taskflow_api to None, run_after=None
[2023-12-16T20:21:01.305+0000] {processor.py:179} INFO - Processing /home/airflow/.local/lib/python3.8/site-packages/airflow/example_dags/tutorial_taskflow_api.py took 1.399 seconds
[2023-12-16T20:21:31.875+0000] {processor.py:157} INFO - Started process (PID=136) to work on /home/airflow/.local/lib/python3.8/site-packages/airflow/example_dags/tutorial_taskflow_api.py
[2023-12-16T20:21:31.879+0000] {processor.py:829} INFO - Processing file /home/airflow/.local/lib/python3.8/site-packages/airflow/example_dags/tutorial_taskflow_api.py for tasks to queue
[2023-12-16T20:21:31.904+0000] {logging_mixin.py:154} INFO - [2023-12-16T20:21:31.903+0000] {dagbag.py:536} INFO - Filling up the DagBag from /home/airflow/.local/lib/python3.8/site-packages/airflow/example_dags/tutorial_taskflow_api.py
[2023-12-16T20:21:31.953+0000] {processor.py:839} INFO - DAG(s) dict_keys(['tutorial_taskflow_api']) retrieved from /home/airflow/.local/lib/python3.8/site-packages/airflow/example_dags/tutorial_taskflow_api.py
[2023-12-16T20:21:32.063+0000] {logging_mixin.py:154} INFO - [2023-12-16T20:21:32.062+0000] {dag.py:2941} INFO - Sync 1 DAGs
[2023-12-16T20:21:32.132+0000] {logging_mixin.py:154} INFO - [2023-12-16T20:21:32.132+0000] {dag.py:3722} INFO - Setting next_dagrun for tutorial_taskflow_api to None, run_after=None
[2023-12-16T20:21:32.359+0000] {processor.py:179} INFO - Processing /home/airflow/.local/lib/python3.8/site-packages/airflow/example_dags/tutorial_taskflow_api.py took 0.516 seconds
[2023-12-16T20:31:36.772+0000] {processor.py:157} INFO - Started process (PID=85) to work on /home/airflow/.local/lib/python3.8/site-packages/airflow/example_dags/tutorial_taskflow_api.py
[2023-12-16T20:31:36.776+0000] {processor.py:829} INFO - Processing file /home/airflow/.local/lib/python3.8/site-packages/airflow/example_dags/tutorial_taskflow_api.py for tasks to queue
[2023-12-16T20:31:36.783+0000] {logging_mixin.py:154} INFO - [2023-12-16T20:31:36.782+0000] {dagbag.py:536} INFO - Filling up the DagBag from /home/airflow/.local/lib/python3.8/site-packages/airflow/example_dags/tutorial_taskflow_api.py
[2023-12-16T20:31:36.814+0000] {processor.py:839} INFO - DAG(s) dict_keys(['tutorial_taskflow_api']) retrieved from /home/airflow/.local/lib/python3.8/site-packages/airflow/example_dags/tutorial_taskflow_api.py
[2023-12-16T20:31:36.907+0000] {logging_mixin.py:154} INFO - [2023-12-16T20:31:36.907+0000] {dag.py:2941} INFO - Sync 1 DAGs
[2023-12-16T20:31:36.973+0000] {logging_mixin.py:154} INFO - [2023-12-16T20:31:36.972+0000] {dag.py:3722} INFO - Setting next_dagrun for tutorial_taskflow_api to None, run_after=None
[2023-12-16T20:31:37.106+0000] {processor.py:179} INFO - Processing /home/airflow/.local/lib/python3.8/site-packages/airflow/example_dags/tutorial_taskflow_api.py took 0.347 seconds
[2023-12-16T20:32:07.507+0000] {processor.py:157} INFO - Started process (PID=137) to work on /home/airflow/.local/lib/python3.8/site-packages/airflow/example_dags/tutorial_taskflow_api.py
[2023-12-16T20:32:07.512+0000] {processor.py:829} INFO - Processing file /home/airflow/.local/lib/python3.8/site-packages/airflow/example_dags/tutorial_taskflow_api.py for tasks to queue
[2023-12-16T20:32:07.532+0000] {logging_mixin.py:154} INFO - [2023-12-16T20:32:07.531+0000] {dagbag.py:536} INFO - Filling up the DagBag from /home/airflow/.local/lib/python3.8/site-packages/airflow/example_dags/tutorial_taskflow_api.py
[2023-12-16T20:32:07.587+0000] {processor.py:839} INFO - DAG(s) dict_keys(['tutorial_taskflow_api']) retrieved from /home/airflow/.local/lib/python3.8/site-packages/airflow/example_dags/tutorial_taskflow_api.py
[2023-12-16T20:32:07.663+0000] {logging_mixin.py:154} INFO - [2023-12-16T20:32:07.663+0000] {dag.py:2941} INFO - Sync 1 DAGs
[2023-12-16T20:32:07.715+0000] {logging_mixin.py:154} INFO - [2023-12-16T20:32:07.714+0000] {dag.py:3722} INFO - Setting next_dagrun for tutorial_taskflow_api to None, run_after=None
[2023-12-16T20:32:07.802+0000] {processor.py:179} INFO - Processing /home/airflow/.local/lib/python3.8/site-packages/airflow/example_dags/tutorial_taskflow_api.py took 0.303 seconds
[2023-12-16T20:34:39.644+0000] {processor.py:157} INFO - Started process (PID=76) to work on /home/airflow/.local/lib/python3.8/site-packages/airflow/example_dags/tutorial_taskflow_api.py
[2023-12-16T20:34:39.654+0000] {processor.py:829} INFO - Processing file /home/airflow/.local/lib/python3.8/site-packages/airflow/example_dags/tutorial_taskflow_api.py for tasks to queue
[2023-12-16T20:34:39.699+0000] {logging_mixin.py:154} INFO - [2023-12-16T20:34:39.697+0000] {dagbag.py:536} INFO - Filling up the DagBag from /home/airflow/.local/lib/python3.8/site-packages/airflow/example_dags/tutorial_taskflow_api.py
[2023-12-16T20:34:39.793+0000] {processor.py:839} INFO - DAG(s) dict_keys(['tutorial_taskflow_api']) retrieved from /home/airflow/.local/lib/python3.8/site-packages/airflow/example_dags/tutorial_taskflow_api.py
[2023-12-16T20:34:39.919+0000] {logging_mixin.py:154} INFO - [2023-12-16T20:34:39.918+0000] {dag.py:2941} INFO - Sync 1 DAGs
[2023-12-16T20:34:40.017+0000] {logging_mixin.py:154} INFO - [2023-12-16T20:34:40.017+0000] {dag.py:3722} INFO - Setting next_dagrun for tutorial_taskflow_api to None, run_after=None
[2023-12-16T20:34:40.212+0000] {processor.py:179} INFO - Processing /home/airflow/.local/lib/python3.8/site-packages/airflow/example_dags/tutorial_taskflow_api.py took 0.610 seconds
[2023-12-16T20:35:25.549+0000] {processor.py:157} INFO - Started process (PID=130) to work on /home/airflow/.local/lib/python3.8/site-packages/airflow/example_dags/tutorial_taskflow_api.py
[2023-12-16T20:35:25.555+0000] {processor.py:829} INFO - Processing file /home/airflow/.local/lib/python3.8/site-packages/airflow/example_dags/tutorial_taskflow_api.py for tasks to queue
[2023-12-16T20:35:25.564+0000] {logging_mixin.py:154} INFO - [2023-12-16T20:35:25.564+0000] {dagbag.py:536} INFO - Filling up the DagBag from /home/airflow/.local/lib/python3.8/site-packages/airflow/example_dags/tutorial_taskflow_api.py
[2023-12-16T20:35:25.624+0000] {processor.py:839} INFO - DAG(s) dict_keys(['tutorial_taskflow_api']) retrieved from /home/airflow/.local/lib/python3.8/site-packages/airflow/example_dags/tutorial_taskflow_api.py
[2023-12-16T20:35:25.861+0000] {logging_mixin.py:154} INFO - [2023-12-16T20:35:25.860+0000] {dag.py:2941} INFO - Sync 1 DAGs
[2023-12-16T20:35:26.032+0000] {logging_mixin.py:154} INFO - [2023-12-16T20:35:26.031+0000] {dag.py:3722} INFO - Setting next_dagrun for tutorial_taskflow_api to None, run_after=None
[2023-12-16T20:35:26.249+0000] {processor.py:179} INFO - Processing /home/airflow/.local/lib/python3.8/site-packages/airflow/example_dags/tutorial_taskflow_api.py took 0.726 seconds
[2023-12-16T21:01:07.401+0000] {processor.py:157} INFO - Started process (PID=84) to work on /home/airflow/.local/lib/python3.8/site-packages/airflow/example_dags/tutorial_taskflow_api.py
[2023-12-16T21:01:07.403+0000] {processor.py:829} INFO - Processing file /home/airflow/.local/lib/python3.8/site-packages/airflow/example_dags/tutorial_taskflow_api.py for tasks to queue
[2023-12-16T21:01:07.410+0000] {logging_mixin.py:154} INFO - [2023-12-16T21:01:07.409+0000] {dagbag.py:536} INFO - Filling up the DagBag from /home/airflow/.local/lib/python3.8/site-packages/airflow/example_dags/tutorial_taskflow_api.py
[2023-12-16T21:01:07.434+0000] {processor.py:839} INFO - DAG(s) dict_keys(['tutorial_taskflow_api']) retrieved from /home/airflow/.local/lib/python3.8/site-packages/airflow/example_dags/tutorial_taskflow_api.py
[2023-12-16T21:01:07.490+0000] {logging_mixin.py:154} INFO - [2023-12-16T21:01:07.490+0000] {dag.py:2941} INFO - Sync 1 DAGs
[2023-12-16T21:01:07.522+0000] {logging_mixin.py:154} INFO - [2023-12-16T21:01:07.521+0000] {dag.py:3722} INFO - Setting next_dagrun for tutorial_taskflow_api to None, run_after=None
[2023-12-16T21:01:07.569+0000] {processor.py:179} INFO - Processing /home/airflow/.local/lib/python3.8/site-packages/airflow/example_dags/tutorial_taskflow_api.py took 0.176 seconds
[2023-12-16T21:01:39.758+0000] {processor.py:157} INFO - Started process (PID=138) to work on /home/airflow/.local/lib/python3.8/site-packages/airflow/example_dags/tutorial_taskflow_api.py
[2023-12-16T21:01:39.765+0000] {processor.py:829} INFO - Processing file /home/airflow/.local/lib/python3.8/site-packages/airflow/example_dags/tutorial_taskflow_api.py for tasks to queue
[2023-12-16T21:01:39.787+0000] {logging_mixin.py:154} INFO - [2023-12-16T21:01:39.786+0000] {dagbag.py:536} INFO - Filling up the DagBag from /home/airflow/.local/lib/python3.8/site-packages/airflow/example_dags/tutorial_taskflow_api.py
[2023-12-16T21:01:39.809+0000] {processor.py:839} INFO - DAG(s) dict_keys(['tutorial_taskflow_api']) retrieved from /home/airflow/.local/lib/python3.8/site-packages/airflow/example_dags/tutorial_taskflow_api.py
[2023-12-16T21:01:39.946+0000] {logging_mixin.py:154} INFO - [2023-12-16T21:01:39.943+0000] {dag.py:2941} INFO - Sync 1 DAGs
[2023-12-16T21:01:39.997+0000] {logging_mixin.py:154} INFO - [2023-12-16T21:01:39.997+0000] {dag.py:3722} INFO - Setting next_dagrun for tutorial_taskflow_api to None, run_after=None
[2023-12-16T21:01:40.051+0000] {processor.py:179} INFO - Processing /home/airflow/.local/lib/python3.8/site-packages/airflow/example_dags/tutorial_taskflow_api.py took 0.304 seconds
[2023-12-16T21:02:11.910+0000] {processor.py:157} INFO - Started process (PID=192) to work on /home/airflow/.local/lib/python3.8/site-packages/airflow/example_dags/tutorial_taskflow_api.py
[2023-12-16T21:02:11.934+0000] {processor.py:829} INFO - Processing file /home/airflow/.local/lib/python3.8/site-packages/airflow/example_dags/tutorial_taskflow_api.py for tasks to queue
[2023-12-16T21:02:11.945+0000] {logging_mixin.py:154} INFO - [2023-12-16T21:02:11.944+0000] {dagbag.py:536} INFO - Filling up the DagBag from /home/airflow/.local/lib/python3.8/site-packages/airflow/example_dags/tutorial_taskflow_api.py
[2023-12-16T21:02:12.032+0000] {processor.py:839} INFO - DAG(s) dict_keys(['tutorial_taskflow_api']) retrieved from /home/airflow/.local/lib/python3.8/site-packages/airflow/example_dags/tutorial_taskflow_api.py
[2023-12-16T21:02:12.212+0000] {logging_mixin.py:154} INFO - [2023-12-16T21:02:12.212+0000] {dag.py:2941} INFO - Sync 1 DAGs
[2023-12-16T21:02:12.326+0000] {logging_mixin.py:154} INFO - [2023-12-16T21:02:12.325+0000] {dag.py:3722} INFO - Setting next_dagrun for tutorial_taskflow_api to None, run_after=None
[2023-12-16T21:02:12.522+0000] {processor.py:179} INFO - Processing /home/airflow/.local/lib/python3.8/site-packages/airflow/example_dags/tutorial_taskflow_api.py took 0.621 seconds
[2023-12-16T21:07:11.327+0000] {processor.py:157} INFO - Started process (PID=78) to work on /home/airflow/.local/lib/python3.8/site-packages/airflow/example_dags/tutorial_taskflow_api.py
[2023-12-16T21:07:11.330+0000] {processor.py:829} INFO - Processing file /home/airflow/.local/lib/python3.8/site-packages/airflow/example_dags/tutorial_taskflow_api.py for tasks to queue
[2023-12-16T21:07:11.335+0000] {logging_mixin.py:154} INFO - [2023-12-16T21:07:11.335+0000] {dagbag.py:536} INFO - Filling up the DagBag from /home/airflow/.local/lib/python3.8/site-packages/airflow/example_dags/tutorial_taskflow_api.py
[2023-12-16T21:07:11.356+0000] {processor.py:839} INFO - DAG(s) dict_keys(['tutorial_taskflow_api']) retrieved from /home/airflow/.local/lib/python3.8/site-packages/airflow/example_dags/tutorial_taskflow_api.py
[2023-12-16T21:07:11.415+0000] {logging_mixin.py:154} INFO - [2023-12-16T21:07:11.414+0000] {dag.py:2941} INFO - Sync 1 DAGs
[2023-12-16T21:07:11.457+0000] {logging_mixin.py:154} INFO - [2023-12-16T21:07:11.455+0000] {dag.py:3722} INFO - Setting next_dagrun for tutorial_taskflow_api to None, run_after=None
[2023-12-16T21:07:11.529+0000] {processor.py:179} INFO - Processing /home/airflow/.local/lib/python3.8/site-packages/airflow/example_dags/tutorial_taskflow_api.py took 0.209 seconds
[2023-12-16T21:07:42.199+0000] {processor.py:157} INFO - Started process (PID=132) to work on /home/airflow/.local/lib/python3.8/site-packages/airflow/example_dags/tutorial_taskflow_api.py
[2023-12-16T21:07:42.206+0000] {processor.py:829} INFO - Processing file /home/airflow/.local/lib/python3.8/site-packages/airflow/example_dags/tutorial_taskflow_api.py for tasks to queue
[2023-12-16T21:07:42.217+0000] {logging_mixin.py:154} INFO - [2023-12-16T21:07:42.216+0000] {dagbag.py:536} INFO - Filling up the DagBag from /home/airflow/.local/lib/python3.8/site-packages/airflow/example_dags/tutorial_taskflow_api.py
[2023-12-16T21:07:42.248+0000] {processor.py:839} INFO - DAG(s) dict_keys(['tutorial_taskflow_api']) retrieved from /home/airflow/.local/lib/python3.8/site-packages/airflow/example_dags/tutorial_taskflow_api.py
[2023-12-16T21:07:42.347+0000] {logging_mixin.py:154} INFO - [2023-12-16T21:07:42.347+0000] {dag.py:2941} INFO - Sync 1 DAGs
[2023-12-16T21:07:42.397+0000] {logging_mixin.py:154} INFO - [2023-12-16T21:07:42.396+0000] {dag.py:3722} INFO - Setting next_dagrun for tutorial_taskflow_api to None, run_after=None
[2023-12-16T21:07:42.459+0000] {processor.py:179} INFO - Processing /home/airflow/.local/lib/python3.8/site-packages/airflow/example_dags/tutorial_taskflow_api.py took 0.277 seconds
[2023-12-16T21:08:13.159+0000] {processor.py:157} INFO - Started process (PID=186) to work on /home/airflow/.local/lib/python3.8/site-packages/airflow/example_dags/tutorial_taskflow_api.py
[2023-12-16T21:08:13.165+0000] {processor.py:829} INFO - Processing file /home/airflow/.local/lib/python3.8/site-packages/airflow/example_dags/tutorial_taskflow_api.py for tasks to queue
[2023-12-16T21:08:13.188+0000] {logging_mixin.py:154} INFO - [2023-12-16T21:08:13.187+0000] {dagbag.py:536} INFO - Filling up the DagBag from /home/airflow/.local/lib/python3.8/site-packages/airflow/example_dags/tutorial_taskflow_api.py
[2023-12-16T21:08:13.204+0000] {processor.py:839} INFO - DAG(s) dict_keys(['tutorial_taskflow_api']) retrieved from /home/airflow/.local/lib/python3.8/site-packages/airflow/example_dags/tutorial_taskflow_api.py
[2023-12-16T21:08:13.296+0000] {logging_mixin.py:154} INFO - [2023-12-16T21:08:13.295+0000] {dag.py:2941} INFO - Sync 1 DAGs
[2023-12-16T21:08:13.386+0000] {logging_mixin.py:154} INFO - [2023-12-16T21:08:13.375+0000] {dag.py:3722} INFO - Setting next_dagrun for tutorial_taskflow_api to None, run_after=None
[2023-12-16T21:08:13.532+0000] {processor.py:179} INFO - Processing /home/airflow/.local/lib/python3.8/site-packages/airflow/example_dags/tutorial_taskflow_api.py took 0.381 seconds
[2023-12-16T21:08:45.583+0000] {processor.py:157} INFO - Started process (PID=240) to work on /home/airflow/.local/lib/python3.8/site-packages/airflow/example_dags/tutorial_taskflow_api.py
[2023-12-16T21:08:45.641+0000] {processor.py:829} INFO - Processing file /home/airflow/.local/lib/python3.8/site-packages/airflow/example_dags/tutorial_taskflow_api.py for tasks to queue
[2023-12-16T21:08:45.676+0000] {logging_mixin.py:154} INFO - [2023-12-16T21:08:45.675+0000] {dagbag.py:536} INFO - Filling up the DagBag from /home/airflow/.local/lib/python3.8/site-packages/airflow/example_dags/tutorial_taskflow_api.py
[2023-12-16T21:08:45.724+0000] {processor.py:839} INFO - DAG(s) dict_keys(['tutorial_taskflow_api']) retrieved from /home/airflow/.local/lib/python3.8/site-packages/airflow/example_dags/tutorial_taskflow_api.py
[2023-12-16T21:08:45.870+0000] {logging_mixin.py:154} INFO - [2023-12-16T21:08:45.869+0000] {dag.py:2941} INFO - Sync 1 DAGs
[2023-12-16T21:08:46.007+0000] {logging_mixin.py:154} INFO - [2023-12-16T21:08:46.000+0000] {dag.py:3722} INFO - Setting next_dagrun for tutorial_taskflow_api to None, run_after=None
[2023-12-16T21:08:46.201+0000] {processor.py:179} INFO - Processing /home/airflow/.local/lib/python3.8/site-packages/airflow/example_dags/tutorial_taskflow_api.py took 0.674 seconds
[2023-12-16T21:09:16.294+0000] {processor.py:157} INFO - Started process (PID=294) to work on /home/airflow/.local/lib/python3.8/site-packages/airflow/example_dags/tutorial_taskflow_api.py
[2023-12-16T21:09:16.296+0000] {processor.py:829} INFO - Processing file /home/airflow/.local/lib/python3.8/site-packages/airflow/example_dags/tutorial_taskflow_api.py for tasks to queue
[2023-12-16T21:09:16.300+0000] {logging_mixin.py:154} INFO - [2023-12-16T21:09:16.299+0000] {dagbag.py:536} INFO - Filling up the DagBag from /home/airflow/.local/lib/python3.8/site-packages/airflow/example_dags/tutorial_taskflow_api.py
[2023-12-16T21:09:16.311+0000] {processor.py:839} INFO - DAG(s) dict_keys(['tutorial_taskflow_api']) retrieved from /home/airflow/.local/lib/python3.8/site-packages/airflow/example_dags/tutorial_taskflow_api.py
[2023-12-16T21:09:16.353+0000] {logging_mixin.py:154} INFO - [2023-12-16T21:09:16.352+0000] {dag.py:2941} INFO - Sync 1 DAGs
[2023-12-16T21:09:16.381+0000] {logging_mixin.py:154} INFO - [2023-12-16T21:09:16.380+0000] {dag.py:3722} INFO - Setting next_dagrun for tutorial_taskflow_api to None, run_after=None
[2023-12-16T21:09:16.418+0000] {processor.py:179} INFO - Processing /home/airflow/.local/lib/python3.8/site-packages/airflow/example_dags/tutorial_taskflow_api.py took 0.131 seconds
[2023-12-16T21:09:47.222+0000] {processor.py:157} INFO - Started process (PID=348) to work on /home/airflow/.local/lib/python3.8/site-packages/airflow/example_dags/tutorial_taskflow_api.py
[2023-12-16T21:09:47.246+0000] {processor.py:829} INFO - Processing file /home/airflow/.local/lib/python3.8/site-packages/airflow/example_dags/tutorial_taskflow_api.py for tasks to queue
[2023-12-16T21:09:47.263+0000] {logging_mixin.py:154} INFO - [2023-12-16T21:09:47.262+0000] {dagbag.py:536} INFO - Filling up the DagBag from /home/airflow/.local/lib/python3.8/site-packages/airflow/example_dags/tutorial_taskflow_api.py
[2023-12-16T21:09:47.436+0000] {processor.py:839} INFO - DAG(s) dict_keys(['tutorial_taskflow_api']) retrieved from /home/airflow/.local/lib/python3.8/site-packages/airflow/example_dags/tutorial_taskflow_api.py
[2023-12-16T21:09:47.987+0000] {logging_mixin.py:154} INFO - [2023-12-16T21:09:47.987+0000] {dag.py:2941} INFO - Sync 1 DAGs
[2023-12-16T21:09:48.199+0000] {logging_mixin.py:154} INFO - [2023-12-16T21:09:48.199+0000] {dag.py:3722} INFO - Setting next_dagrun for tutorial_taskflow_api to None, run_after=None
[2023-12-16T21:09:48.327+0000] {processor.py:179} INFO - Processing /home/airflow/.local/lib/python3.8/site-packages/airflow/example_dags/tutorial_taskflow_api.py took 1.113 seconds
[2023-12-16T21:10:19.236+0000] {processor.py:157} INFO - Started process (PID=402) to work on /home/airflow/.local/lib/python3.8/site-packages/airflow/example_dags/tutorial_taskflow_api.py
[2023-12-16T21:10:19.238+0000] {processor.py:829} INFO - Processing file /home/airflow/.local/lib/python3.8/site-packages/airflow/example_dags/tutorial_taskflow_api.py for tasks to queue
[2023-12-16T21:10:19.242+0000] {logging_mixin.py:154} INFO - [2023-12-16T21:10:19.242+0000] {dagbag.py:536} INFO - Filling up the DagBag from /home/airflow/.local/lib/python3.8/site-packages/airflow/example_dags/tutorial_taskflow_api.py
[2023-12-16T21:10:19.256+0000] {processor.py:839} INFO - DAG(s) dict_keys(['tutorial_taskflow_api']) retrieved from /home/airflow/.local/lib/python3.8/site-packages/airflow/example_dags/tutorial_taskflow_api.py
[2023-12-16T21:10:19.298+0000] {logging_mixin.py:154} INFO - [2023-12-16T21:10:19.298+0000] {dag.py:2941} INFO - Sync 1 DAGs
[2023-12-16T21:10:19.329+0000] {logging_mixin.py:154} INFO - [2023-12-16T21:10:19.328+0000] {dag.py:3722} INFO - Setting next_dagrun for tutorial_taskflow_api to None, run_after=None
[2023-12-16T21:10:19.366+0000] {processor.py:179} INFO - Processing /home/airflow/.local/lib/python3.8/site-packages/airflow/example_dags/tutorial_taskflow_api.py took 0.137 seconds
[2023-12-16T21:10:49.604+0000] {processor.py:157} INFO - Started process (PID=457) to work on /home/airflow/.local/lib/python3.8/site-packages/airflow/example_dags/tutorial_taskflow_api.py
[2023-12-16T21:10:49.610+0000] {processor.py:829} INFO - Processing file /home/airflow/.local/lib/python3.8/site-packages/airflow/example_dags/tutorial_taskflow_api.py for tasks to queue
[2023-12-16T21:10:49.617+0000] {logging_mixin.py:154} INFO - [2023-12-16T21:10:49.617+0000] {dagbag.py:536} INFO - Filling up the DagBag from /home/airflow/.local/lib/python3.8/site-packages/airflow/example_dags/tutorial_taskflow_api.py
[2023-12-16T21:10:49.627+0000] {processor.py:839} INFO - DAG(s) dict_keys(['tutorial_taskflow_api']) retrieved from /home/airflow/.local/lib/python3.8/site-packages/airflow/example_dags/tutorial_taskflow_api.py
[2023-12-16T21:10:49.668+0000] {logging_mixin.py:154} INFO - [2023-12-16T21:10:49.667+0000] {dag.py:2941} INFO - Sync 1 DAGs
[2023-12-16T21:10:49.693+0000] {logging_mixin.py:154} INFO - [2023-12-16T21:10:49.692+0000] {dag.py:3722} INFO - Setting next_dagrun for tutorial_taskflow_api to None, run_after=None
[2023-12-16T21:10:49.729+0000] {processor.py:179} INFO - Processing /home/airflow/.local/lib/python3.8/site-packages/airflow/example_dags/tutorial_taskflow_api.py took 0.132 seconds
[2023-12-16T21:11:20.313+0000] {processor.py:157} INFO - Started process (PID=511) to work on /home/airflow/.local/lib/python3.8/site-packages/airflow/example_dags/tutorial_taskflow_api.py
[2023-12-16T21:11:20.324+0000] {processor.py:829} INFO - Processing file /home/airflow/.local/lib/python3.8/site-packages/airflow/example_dags/tutorial_taskflow_api.py for tasks to queue
[2023-12-16T21:11:20.334+0000] {logging_mixin.py:154} INFO - [2023-12-16T21:11:20.333+0000] {dagbag.py:536} INFO - Filling up the DagBag from /home/airflow/.local/lib/python3.8/site-packages/airflow/example_dags/tutorial_taskflow_api.py
[2023-12-16T21:11:20.356+0000] {processor.py:839} INFO - DAG(s) dict_keys(['tutorial_taskflow_api']) retrieved from /home/airflow/.local/lib/python3.8/site-packages/airflow/example_dags/tutorial_taskflow_api.py
[2023-12-16T21:11:20.397+0000] {logging_mixin.py:154} INFO - [2023-12-16T21:11:20.397+0000] {dag.py:2941} INFO - Sync 1 DAGs
[2023-12-16T21:11:20.422+0000] {logging_mixin.py:154} INFO - [2023-12-16T21:11:20.421+0000] {dag.py:3722} INFO - Setting next_dagrun for tutorial_taskflow_api to None, run_after=None
[2023-12-16T21:11:20.458+0000] {processor.py:179} INFO - Processing /home/airflow/.local/lib/python3.8/site-packages/airflow/example_dags/tutorial_taskflow_api.py took 0.160 seconds
[2023-12-16T21:11:50.634+0000] {processor.py:157} INFO - Started process (PID=565) to work on /home/airflow/.local/lib/python3.8/site-packages/airflow/example_dags/tutorial_taskflow_api.py
[2023-12-16T21:11:50.636+0000] {processor.py:829} INFO - Processing file /home/airflow/.local/lib/python3.8/site-packages/airflow/example_dags/tutorial_taskflow_api.py for tasks to queue
[2023-12-16T21:11:50.641+0000] {logging_mixin.py:154} INFO - [2023-12-16T21:11:50.640+0000] {dagbag.py:536} INFO - Filling up the DagBag from /home/airflow/.local/lib/python3.8/site-packages/airflow/example_dags/tutorial_taskflow_api.py
[2023-12-16T21:11:50.651+0000] {processor.py:839} INFO - DAG(s) dict_keys(['tutorial_taskflow_api']) retrieved from /home/airflow/.local/lib/python3.8/site-packages/airflow/example_dags/tutorial_taskflow_api.py
[2023-12-16T21:11:50.691+0000] {logging_mixin.py:154} INFO - [2023-12-16T21:11:50.691+0000] {dag.py:2941} INFO - Sync 1 DAGs
[2023-12-16T21:11:50.718+0000] {logging_mixin.py:154} INFO - [2023-12-16T21:11:50.717+0000] {dag.py:3722} INFO - Setting next_dagrun for tutorial_taskflow_api to None, run_after=None
[2023-12-16T21:11:50.756+0000] {processor.py:179} INFO - Processing /home/airflow/.local/lib/python3.8/site-packages/airflow/example_dags/tutorial_taskflow_api.py took 0.127 seconds
[2023-12-16T21:12:21.348+0000] {processor.py:157} INFO - Started process (PID=619) to work on /home/airflow/.local/lib/python3.8/site-packages/airflow/example_dags/tutorial_taskflow_api.py
[2023-12-16T21:12:21.350+0000] {processor.py:829} INFO - Processing file /home/airflow/.local/lib/python3.8/site-packages/airflow/example_dags/tutorial_taskflow_api.py for tasks to queue
[2023-12-16T21:12:21.356+0000] {logging_mixin.py:154} INFO - [2023-12-16T21:12:21.356+0000] {dagbag.py:536} INFO - Filling up the DagBag from /home/airflow/.local/lib/python3.8/site-packages/airflow/example_dags/tutorial_taskflow_api.py
[2023-12-16T21:12:21.368+0000] {processor.py:839} INFO - DAG(s) dict_keys(['tutorial_taskflow_api']) retrieved from /home/airflow/.local/lib/python3.8/site-packages/airflow/example_dags/tutorial_taskflow_api.py
[2023-12-16T21:12:21.414+0000] {logging_mixin.py:154} INFO - [2023-12-16T21:12:21.414+0000] {dag.py:2941} INFO - Sync 1 DAGs
[2023-12-16T21:12:21.442+0000] {logging_mixin.py:154} INFO - [2023-12-16T21:12:21.442+0000] {dag.py:3722} INFO - Setting next_dagrun for tutorial_taskflow_api to None, run_after=None
[2023-12-16T21:12:21.471+0000] {processor.py:179} INFO - Processing /home/airflow/.local/lib/python3.8/site-packages/airflow/example_dags/tutorial_taskflow_api.py took 0.129 seconds
[2023-12-16T21:12:52.219+0000] {processor.py:157} INFO - Started process (PID=673) to work on /home/airflow/.local/lib/python3.8/site-packages/airflow/example_dags/tutorial_taskflow_api.py
[2023-12-16T21:12:52.223+0000] {processor.py:829} INFO - Processing file /home/airflow/.local/lib/python3.8/site-packages/airflow/example_dags/tutorial_taskflow_api.py for tasks to queue
[2023-12-16T21:12:52.230+0000] {logging_mixin.py:154} INFO - [2023-12-16T21:12:52.229+0000] {dagbag.py:536} INFO - Filling up the DagBag from /home/airflow/.local/lib/python3.8/site-packages/airflow/example_dags/tutorial_taskflow_api.py
[2023-12-16T21:12:52.245+0000] {processor.py:839} INFO - DAG(s) dict_keys(['tutorial_taskflow_api']) retrieved from /home/airflow/.local/lib/python3.8/site-packages/airflow/example_dags/tutorial_taskflow_api.py
[2023-12-16T21:12:52.301+0000] {logging_mixin.py:154} INFO - [2023-12-16T21:12:52.301+0000] {dag.py:2941} INFO - Sync 1 DAGs
[2023-12-16T21:12:52.342+0000] {logging_mixin.py:154} INFO - [2023-12-16T21:12:52.341+0000] {dag.py:3722} INFO - Setting next_dagrun for tutorial_taskflow_api to None, run_after=None
[2023-12-16T21:12:52.392+0000] {processor.py:179} INFO - Processing /home/airflow/.local/lib/python3.8/site-packages/airflow/example_dags/tutorial_taskflow_api.py took 0.181 seconds
