[2023-12-21T15:19:38.749+0000] {processor.py:157} INFO - Started process (PID=1265) to work on /opt/airflow/dags/apps/aux-pedreiro.py
[2023-12-21T15:19:38.756+0000] {processor.py:829} INFO - Processing file /opt/airflow/dags/apps/aux-pedreiro.py for tasks to queue
[2023-12-21T15:19:38.765+0000] {logging_mixin.py:154} INFO - [2023-12-21T15:19:38.764+0000] {dagbag.py:536} INFO - Filling up the DagBag from /opt/airflow/dags/apps/aux-pedreiro.py
[2023-12-21T15:19:38.963+0000] {logging_mixin.py:154} INFO - [2023-12-21T15:19:38.946+0000] {dagbag.py:346} ERROR - Failed to import: /opt/airflow/dags/apps/aux-pedreiro.py
Traceback (most recent call last):
  File "/home/airflow/.local/lib/python3.8/site-packages/airflow/models/dagbag.py", line 342, in parse
    loader.exec_module(new_module)
  File "<frozen importlib._bootstrap_external>", line 843, in exec_module
  File "<frozen importlib._bootstrap>", line 219, in _call_with_frames_removed
  File "/opt/airflow/dags/apps/aux-pedreiro.py", line 1, in <module>
    from airflow.dags.lib.browser import browser
ModuleNotFoundError: No module named 'airflow.dags'
[2023-12-21T15:19:38.969+0000] {processor.py:841} WARNING - No viable dags retrieved from /opt/airflow/dags/apps/aux-pedreiro.py
[2023-12-21T15:19:39.000+0000] {processor.py:179} INFO - Processing /opt/airflow/dags/apps/aux-pedreiro.py took 0.258 seconds
[2023-12-21T15:19:46.299+0000] {processor.py:157} INFO - Started process (PID=1266) to work on /opt/airflow/dags/apps/aux-pedreiro.py
[2023-12-21T15:19:46.301+0000] {processor.py:829} INFO - Processing file /opt/airflow/dags/apps/aux-pedreiro.py for tasks to queue
[2023-12-21T15:19:46.305+0000] {logging_mixin.py:154} INFO - [2023-12-21T15:19:46.305+0000] {dagbag.py:536} INFO - Filling up the DagBag from /opt/airflow/dags/apps/aux-pedreiro.py
[2023-12-21T15:19:46.339+0000] {logging_mixin.py:154} INFO - [2023-12-21T15:19:46.339+0000] {dagbag.py:323} INFO - File /opt/airflow/dags/apps/aux-pedreiro.py assumed to contain no DAGs. Skipping.
[2023-12-21T15:19:46.340+0000] {processor.py:841} WARNING - No viable dags retrieved from /opt/airflow/dags/apps/aux-pedreiro.py
[2023-12-21T15:19:46.363+0000] {processor.py:179} INFO - Processing /opt/airflow/dags/apps/aux-pedreiro.py took 0.068 seconds
[2023-12-21T15:20:16.726+0000] {processor.py:157} INFO - Started process (PID=1275) to work on /opt/airflow/dags/apps/aux-pedreiro.py
[2023-12-21T15:20:16.728+0000] {processor.py:829} INFO - Processing file /opt/airflow/dags/apps/aux-pedreiro.py for tasks to queue
[2023-12-21T15:20:16.732+0000] {logging_mixin.py:154} INFO - [2023-12-21T15:20:16.732+0000] {dagbag.py:536} INFO - Filling up the DagBag from /opt/airflow/dags/apps/aux-pedreiro.py
[2023-12-21T15:20:16.766+0000] {logging_mixin.py:154} INFO - [2023-12-21T15:20:16.766+0000] {dagbag.py:323} INFO - File /opt/airflow/dags/apps/aux-pedreiro.py assumed to contain no DAGs. Skipping.
[2023-12-21T15:20:16.768+0000] {processor.py:841} WARNING - No viable dags retrieved from /opt/airflow/dags/apps/aux-pedreiro.py
[2023-12-21T15:20:16.792+0000] {processor.py:179} INFO - Processing /opt/airflow/dags/apps/aux-pedreiro.py took 0.072 seconds
[2023-12-21T15:20:47.412+0000] {processor.py:157} INFO - Started process (PID=1283) to work on /opt/airflow/dags/apps/aux-pedreiro.py
[2023-12-21T15:20:47.415+0000] {processor.py:829} INFO - Processing file /opt/airflow/dags/apps/aux-pedreiro.py for tasks to queue
[2023-12-21T15:20:47.420+0000] {logging_mixin.py:154} INFO - [2023-12-21T15:20:47.420+0000] {dagbag.py:536} INFO - Filling up the DagBag from /opt/airflow/dags/apps/aux-pedreiro.py
[2023-12-21T15:20:47.459+0000] {logging_mixin.py:154} INFO - [2023-12-21T15:20:47.458+0000] {dagbag.py:323} INFO - File /opt/airflow/dags/apps/aux-pedreiro.py assumed to contain no DAGs. Skipping.
[2023-12-21T15:20:47.460+0000] {processor.py:841} WARNING - No viable dags retrieved from /opt/airflow/dags/apps/aux-pedreiro.py
[2023-12-21T15:20:47.485+0000] {processor.py:179} INFO - Processing /opt/airflow/dags/apps/aux-pedreiro.py took 0.078 seconds
[2023-12-21T15:21:18.055+0000] {processor.py:157} INFO - Started process (PID=1293) to work on /opt/airflow/dags/apps/aux-pedreiro.py
[2023-12-21T15:21:18.056+0000] {processor.py:829} INFO - Processing file /opt/airflow/dags/apps/aux-pedreiro.py for tasks to queue
[2023-12-21T15:21:18.062+0000] {logging_mixin.py:154} INFO - [2023-12-21T15:21:18.061+0000] {dagbag.py:536} INFO - Filling up the DagBag from /opt/airflow/dags/apps/aux-pedreiro.py
[2023-12-21T15:21:18.096+0000] {logging_mixin.py:154} INFO - [2023-12-21T15:21:18.096+0000] {dagbag.py:323} INFO - File /opt/airflow/dags/apps/aux-pedreiro.py assumed to contain no DAGs. Skipping.
[2023-12-21T15:21:18.097+0000] {processor.py:841} WARNING - No viable dags retrieved from /opt/airflow/dags/apps/aux-pedreiro.py
[2023-12-21T15:21:18.121+0000] {processor.py:179} INFO - Processing /opt/airflow/dags/apps/aux-pedreiro.py took 0.072 seconds
[2023-12-21T15:21:48.836+0000] {processor.py:157} INFO - Started process (PID=1302) to work on /opt/airflow/dags/apps/aux-pedreiro.py
[2023-12-21T15:21:48.863+0000] {processor.py:829} INFO - Processing file /opt/airflow/dags/apps/aux-pedreiro.py for tasks to queue
[2023-12-21T15:21:48.872+0000] {logging_mixin.py:154} INFO - [2023-12-21T15:21:48.871+0000] {dagbag.py:536} INFO - Filling up the DagBag from /opt/airflow/dags/apps/aux-pedreiro.py
[2023-12-21T15:21:48.912+0000] {logging_mixin.py:154} INFO - [2023-12-21T15:21:48.912+0000] {dagbag.py:323} INFO - File /opt/airflow/dags/apps/aux-pedreiro.py assumed to contain no DAGs. Skipping.
[2023-12-21T15:21:48.914+0000] {processor.py:841} WARNING - No viable dags retrieved from /opt/airflow/dags/apps/aux-pedreiro.py
[2023-12-21T15:21:48.935+0000] {processor.py:179} INFO - Processing /opt/airflow/dags/apps/aux-pedreiro.py took 0.111 seconds
[2023-12-21T15:22:19.618+0000] {processor.py:157} INFO - Started process (PID=1311) to work on /opt/airflow/dags/apps/aux-pedreiro.py
[2023-12-21T15:22:19.620+0000] {processor.py:829} INFO - Processing file /opt/airflow/dags/apps/aux-pedreiro.py for tasks to queue
[2023-12-21T15:22:19.628+0000] {logging_mixin.py:154} INFO - [2023-12-21T15:22:19.628+0000] {dagbag.py:536} INFO - Filling up the DagBag from /opt/airflow/dags/apps/aux-pedreiro.py
[2023-12-21T15:22:19.663+0000] {logging_mixin.py:154} INFO - [2023-12-21T15:22:19.662+0000] {dagbag.py:323} INFO - File /opt/airflow/dags/apps/aux-pedreiro.py assumed to contain no DAGs. Skipping.
[2023-12-21T15:22:19.664+0000] {processor.py:841} WARNING - No viable dags retrieved from /opt/airflow/dags/apps/aux-pedreiro.py
[2023-12-21T15:22:19.685+0000] {processor.py:179} INFO - Processing /opt/airflow/dags/apps/aux-pedreiro.py took 0.074 seconds
[2023-12-21T15:22:50.292+0000] {processor.py:157} INFO - Started process (PID=1320) to work on /opt/airflow/dags/apps/aux-pedreiro.py
[2023-12-21T15:22:50.294+0000] {processor.py:829} INFO - Processing file /opt/airflow/dags/apps/aux-pedreiro.py for tasks to queue
[2023-12-21T15:22:50.299+0000] {logging_mixin.py:154} INFO - [2023-12-21T15:22:50.299+0000] {dagbag.py:536} INFO - Filling up the DagBag from /opt/airflow/dags/apps/aux-pedreiro.py
[2023-12-21T15:22:50.337+0000] {logging_mixin.py:154} INFO - [2023-12-21T15:22:50.337+0000] {dagbag.py:323} INFO - File /opt/airflow/dags/apps/aux-pedreiro.py assumed to contain no DAGs. Skipping.
[2023-12-21T15:22:50.338+0000] {processor.py:841} WARNING - No viable dags retrieved from /opt/airflow/dags/apps/aux-pedreiro.py
[2023-12-21T15:22:50.359+0000] {processor.py:179} INFO - Processing /opt/airflow/dags/apps/aux-pedreiro.py took 0.076 seconds
